<?xml version="1.0" encoding="UTF-8" standalone="yes"?>
<testsuites name="ACTPOL-566" time="153" tests="1" failures="0" errors="0">
    <testsuite name="ACTPOL-566" tests="1" failures="0" errors="0" time="153" timestamp="2019-09-09 20:36:23" hostname="user4 - 10.20.20.6" id="Test Suites/Release 6.6/ACTPOL-566">
        <properties>
            <property name="deviceName" value=""/>
            <property name="devicePlatform" value=""/>
            <property name="logFolder" value="C:\\Users\\user4\\git\\ACTPOL\\Reports\\20190909_203537\\Release 6.6\\ACTPOL-566\\20190909_203603"/>
            <property name="logFiles" value="C:\\Users\\user4\\git\\ACTPOL\\Reports\\20190909_203537\\Release 6.6\\ACTPOL-566\\20190909_203603\\execution0.log"/>
            <property name="attachments" value=""/>
            <property name="hostName" value="user4 - 10.20.20.6"/>
            <property name="os" value="Windows 8.1 64bit"/>
            <property name="katalonVersion" value="6.3.2.1"/>
            <property name="browser" value="Chrome 76.0.3809.132"/>
            <property name="hostAddress" value="10.20.20.6"/>
            <property name="sessionId" value="276c72371677c82cb6fd73d6038582a9"/>
            <property name="seleniumVersion" value="3.141.59"/>
            <property name="proxyInformation" value="ProxyInformation{proxyOption=NO_PROXY, proxyServerType=HTTP, password=, proxyServerAddress=, proxyServerPort=0}"/>
            <property name="platform" value="Windows 8.1"/>
        </properties>
        <testcase name="Test Cases/JIRA Tasks/Release 6.6/ACTPOL-566" classname="Test Cases/JIRA Tasks/Release 6.6/ACTPOL-566" status="PASSED">
            <system-out>2019-09-09 20:36:24 - [TEST_CASE][PASSED] - Test Cases/JIRA Tasks/Release 6.6/ACTPOL-566: Test Cases/JIRA Tasks/Release 6.6/ACTPOL-566&#xD;
&#xD;
2019-09-09 20:36:25 - [TEST_STEP][PASSED] - callTestCase(findTestCase("main/Actpol_Login_testenv"), [:], STOP_ON_FAILURE): Call Test Case 'Test Cases/main/Actpol_Login_testenv' successfully&#xD;
&#xD;
2019-09-09 20:36:26 - [TEST_CASE][PASSED] - Test Cases/main/Actpol_Login_testenv: Test Cases/main/Actpol_Login_testenv&#xD;
&#xD;
2019-09-09 20:36:27 - [TEST_STEP][PASSED] - openBrowser(""): Browser is opened with url: ''&#xD;
&#xD;
2019-09-09 20:36:27 - [MESSAGE][INFO] - Starting 'Chrome' driver&#xD;
&#xD;
2019-09-09 20:36:28 - [MESSAGE][INFO] - Action delay is set to 0 seconds&#xD;
&#xD;
2019-09-09 20:36:37 - [MESSAGE][PASSED] - Browser is opened with url: ''&#xD;
&#xD;
2019-09-09 20:36:37 - [TEST_STEP][PASSED] - deleteAllCookies(): Delete all cookies successfully&#xD;
&#xD;
2019-09-09 20:36:37 - [MESSAGE][PASSED] - Delete all cookies successfully&#xD;
&#xD;
2019-09-09 20:36:37 - [TEST_STEP][PASSED] - waitForPageLoad(30): Wait for page load successfully&#xD;
&#xD;
2019-09-09 20:36:38 - [MESSAGE][PASSED] - Wait for page load successfully&#xD;
&#xD;
2019-09-09 20:36:38 - [TEST_STEP][PASSED] - maximizeWindow(): Current window maximized&#xD;
&#xD;
2019-09-09 20:36:39 - [MESSAGE][PASSED] - Current window maximized&#xD;
&#xD;
2019-09-09 20:36:39 - [TEST_STEP][PASSED] - ACTPOLTESTENV = 1: null&#xD;
&#xD;
2019-09-09 20:36:39 - [TEST_STEP][PASSED] - ACTPOLDEVENV = 2: null&#xD;
&#xD;
2019-09-09 20:36:39 - [TEST_STEP][PASSED] - ACTPOLKCENV = 3: null&#xD;
&#xD;
2019-09-09 20:36:39 - [TEST_STEP][PASSED] - ACTPOLKBKPCNENV = 4: null&#xD;
&#xD;
2019-09-09 20:36:39 - [TEST_STEP][PASSED] - ACTPOLKBKMARENV = 5: null&#xD;
&#xD;
2019-09-09 20:36:39 - [TEST_STEP][PASSED] - ACTPOLKMENV = 6: null&#xD;
&#xD;
2019-09-09 20:36:39 - [TEST_STEP][PASSED] - ACTPOLKWENV = 7: null&#xD;
&#xD;
2019-09-09 20:36:39 - [TEST_STEP][PASSED] - environment = ACTPOLDEVENV: null&#xD;
&#xD;
2019-09-09 20:36:39 - [TEST_STEP][PASSED] - Selectenv = &lt;not implemented yet for class: org.codehaus.groovy.ast.expr.EmptyExpression&gt;: null&#xD;
&#xD;
2019-09-09 20:36:39 - [TEST_STEP][PASSED] - switch (environment): null&#xD;
&#xD;
2019-09-09 20:36:39 - [TEST_STEP][PASSED] - case 2:: null&#xD;
&#xD;
2019-09-09 20:36:40 - [TEST_STEP][PASSED] - println(Selectenv = "ACTPOL-DEV-ENV"): null&#xD;
&#xD;
2019-09-09 20:36:40 - [TEST_STEP][PASSED] - navigateToUrl(DEVURL): Navigate to 'http://10.20.10.7:8202/actpoldev/JPOL558/nxmenu.pgm?docnum=604' successfully&#xD;
&#xD;
2019-09-09 20:36:53 - [MESSAGE][PASSED] - Navigate to 'http://10.20.10.7:8202/actpoldev/JPOL558/nxmenu.pgm?docnum=604' successfully&#xD;
&#xD;
2019-09-09 20:36:53 - [TEST_STEP][PASSED] - setText(findTestObject("Actpol_Scripts/login/userid"), username): Text 'vidhya' is set on object 'Object Repository/Actpol_Scripts/login/userid'&#xD;
&#xD;
2019-09-09 20:36:57 - [MESSAGE][PASSED] - Text 'vidhya' is set on object 'Object Repository/Actpol_Scripts/login/userid'&#xD;
&#xD;
2019-09-09 20:36:57 - [TEST_STEP][PASSED] - setMaskedText(findTestObject("Actpol_Scripts/login/password"), password): Text '********' is set on object 'Object Repository/Actpol_Scripts/login/password'&#xD;
&#xD;
2019-09-09 20:36:58 - [MESSAGE][PASSED] - Text '********' is set on object 'Object Repository/Actpol_Scripts/login/password'&#xD;
&#xD;
2019-09-09 20:36:58 - [TEST_STEP][PASSED] - click(findTestObject("Actpol_Scripts/login/login")): Object: 'Object Repository/Actpol_Scripts/login/login' is clicked on&#xD;
&#xD;
2019-09-09 20:36:59 - [MESSAGE][PASSED] - Object: 'Object Repository/Actpol_Scripts/login/login' is clicked on&#xD;
&#xD;
2019-09-09 20:36:59 - [TEST_STEP][PASSED] - getWindowTitle(): Current window's title is: 'Login Page for ACTPOL Developer'&#xD;
&#xD;
2019-09-09 20:36:59 - [MESSAGE][PASSED] - Current window's title is: 'Login Page for ACTPOL Developer'&#xD;
&#xD;
2019-09-09 20:36:59 - [TEST_STEP][PASSED] - break: null&#xD;
&#xD;
2019-09-09 20:36:59 - [MESSAGE][PASSED] - Call Test Case 'Test Cases/main/Actpol_Login_testenv' successfully&#xD;
&#xD;
2019-09-09 20:36:59 - [TEST_STEP][PASSED] - mouseOver(findTestObject("Actpol_Scripts/Menu navigation/Opsporing/Opsporing")): Object: 'Object Repository/Actpol_Scripts/Menu navigation/Opsporing/Opsporing' is hovered&#xD;
&#xD;
2019-09-09 20:37:14 - [MESSAGE][PASSED] - Object: 'Object Repository/Actpol_Scripts/Menu navigation/Opsporing/Opsporing' is hovered&#xD;
&#xD;
2019-09-09 20:37:14 - [TEST_STEP][PASSED] - delay(2): Delayed 2 second(s)&#xD;
&#xD;
2019-09-09 20:37:16 - [MESSAGE][PASSED] - Delayed 2 second(s)&#xD;
&#xD;
2019-09-09 20:37:16 - [TEST_STEP][PASSED] - click(findTestObject("Actpol_Scripts/Opsporing/MBES18/MBES18 TAB")): Object: 'Object Repository/Actpol_Scripts/Opsporing/MBES18/MBES18 TAB' is clicked on&#xD;
&#xD;
2019-09-09 20:37:20 - [MESSAGE][PASSED] - Object: 'Object Repository/Actpol_Scripts/Opsporing/MBES18/MBES18 TAB' is clicked on&#xD;
&#xD;
2019-09-09 20:37:20 - [TEST_STEP][PASSED] - delay(1): Delayed 1 second(s)&#xD;
&#xD;
2019-09-09 20:37:21 - [MESSAGE][PASSED] - Delayed 1 second(s)&#xD;
&#xD;
2019-09-09 20:37:21 - [TEST_STEP][PASSED] - click(findTestObject("Actpol_Scripts/Opsporing/MBES18/8 Documenten/edit default mbes 18")): Object: 'Object Repository/Actpol_Scripts/Opsporing/MBES18/8 Documenten/edit default mbes 18' is clicked on&#xD;
&#xD;
2019-09-09 20:37:22 - [MESSAGE][PASSED] - Object: 'Object Repository/Actpol_Scripts/Opsporing/MBES18/8 Documenten/edit default mbes 18' is clicked on&#xD;
&#xD;
2019-09-09 20:37:22 - [TEST_STEP][PASSED] - delay(8): Delayed 8 second(s)&#xD;
&#xD;
2019-09-09 20:37:30 - [MESSAGE][PASSED] - Delayed 8 second(s)&#xD;
&#xD;
2019-09-09 20:37:31 - [TEST_STEP][PASSED] - click(findTestObject("Actpol_Scripts/Opsporing/MBES18/Registratie tab"), OPTIONAL): Object: 'Object Repository/Actpol_Scripts/Opsporing/MBES18/Registratie tab' is clicked on&#xD;
&#xD;
2019-09-09 20:37:31 - [MESSAGE][PASSED] - Object: 'Object Repository/Actpol_Scripts/Opsporing/MBES18/Registratie tab' is clicked on&#xD;
&#xD;
2019-09-09 20:37:31 - [TEST_STEP][PASSED] - delay(2): Delayed 2 second(s)&#xD;
&#xD;
2019-09-09 20:37:33 - [MESSAGE][PASSED] - Delayed 2 second(s)&#xD;
&#xD;
2019-09-09 20:37:33 - [TEST_STEP][PASSED] - click(findTestObject("Actpol_Scripts/Opsporing/MBES18/8 Documenten/Documenten tab"), OPTIONAL): Object: 'Object Repository/Actpol_Scripts/Opsporing/MBES18/8 Documenten/Documenten tab' is clicked on&#xD;
&#xD;
2019-09-09 20:37:34 - [MESSAGE][PASSED] - Object: 'Object Repository/Actpol_Scripts/Opsporing/MBES18/8 Documenten/Documenten tab' is clicked on&#xD;
&#xD;
2019-09-09 20:37:34 - [TEST_STEP][PASSED] - delay(1): Delayed 1 second(s)&#xD;
&#xD;
2019-09-09 20:37:35 - [MESSAGE][PASSED] - Delayed 1 second(s)&#xD;
&#xD;
2019-09-09 20:37:35 - [TEST_STEP][PASSED] - comment("Creating new document"): Creating new document&#xD;
&#xD;
2019-09-09 20:37:35 - [MESSAGE][INFO] - Creating new document&#xD;
&#xD;
2019-09-09 20:37:35 - [TEST_STEP][PASSED] - click(findTestObject("Actpol_Scripts/Opsporing/MBES18/8 Documenten/Document new"), OPTIONAL): Object: 'Object Repository/Actpol_Scripts/Opsporing/MBES18/8 Documenten/Document new' is clicked on&#xD;
&#xD;
2019-09-09 20:37:36 - [MESSAGE][PASSED] - Object: 'Object Repository/Actpol_Scripts/Opsporing/MBES18/8 Documenten/Document new' is clicked on&#xD;
&#xD;
2019-09-09 20:37:36 - [TEST_STEP][PASSED] - delay(2): Delayed 2 second(s)&#xD;
&#xD;
2019-09-09 20:37:38 - [MESSAGE][PASSED] - Delayed 2 second(s)&#xD;
&#xD;
2019-09-09 20:37:38 - [TEST_STEP][PASSED] - selectOptionByIndex(findTestObject("Actpol_Scripts/Opsporing/MBES18/8 Documenten/Selecteer Documentsjabloon"), 2, STOP_ON_FAILURE): All options with index in [2] are selected on object 'Object Repository/Actpol_Scripts/Opsporing/MBES18/8 Documenten/Selecteer Documentsjabloon'&#xD;
&#xD;
2019-09-09 20:37:39 - [MESSAGE][PASSED] - All options with index in [2] are selected on object 'Object Repository/Actpol_Scripts/Opsporing/MBES18/8 Documenten/Selecteer Documentsjabloon'&#xD;
&#xD;
2019-09-09 20:37:39 - [TEST_STEP][PASSED] - list = "Selecteer een ander document.": null&#xD;
&#xD;
2019-09-09 20:37:39 - [TEST_STEP][PASSED] - delay(3): Delayed 3 second(s)&#xD;
&#xD;
2019-09-09 20:37:42 - [MESSAGE][PASSED] - Delayed 3 second(s)&#xD;
&#xD;
2019-09-09 20:37:42 - [TEST_STEP][PASSED] - click(findTestObject("Actpol_Scripts/Opsporing/MBES18/8 Documenten/new document save")): Object: 'Object Repository/Actpol_Scripts/Opsporing/MBES18/8 Documenten/new document save' is clicked on&#xD;
&#xD;
2019-09-09 20:37:43 - [MESSAGE][PASSED] - Object: 'Object Repository/Actpol_Scripts/Opsporing/MBES18/8 Documenten/new document save' is clicked on&#xD;
&#xD;
2019-09-09 20:37:43 - [TEST_STEP][PASSED] - delay(4): Delayed 4 second(s)&#xD;
&#xD;
2019-09-09 20:37:47 - [MESSAGE][PASSED] - Delayed 4 second(s)&#xD;
&#xD;
2019-09-09 20:37:47 - [TEST_STEP][PASSED] - comment("Editing existing document"): Editing existing document&#xD;
&#xD;
2019-09-09 20:37:47 - [MESSAGE][INFO] - Editing existing document&#xD;
&#xD;
2019-09-09 20:37:47 - [TEST_STEP][PASSED] - click(findTestObject("Actpol_Scripts/Opsporing/MBES18/8 Documenten/edit existing doc default")): Object: 'Object Repository/Actpol_Scripts/Opsporing/MBES18/8 Documenten/edit existing doc default' is clicked on&#xD;
&#xD;
2019-09-09 20:37:48 - [MESSAGE][PASSED] - Object: 'Object Repository/Actpol_Scripts/Opsporing/MBES18/8 Documenten/edit existing doc default' is clicked on&#xD;
&#xD;
2019-09-09 20:37:48 - [TEST_STEP][PASSED] - delay(3): Delayed 3 second(s)&#xD;
&#xD;
2019-09-09 20:37:51 - [MESSAGE][PASSED] - Delayed 3 second(s)&#xD;
&#xD;
2019-09-09 20:37:51 - [TEST_STEP][PASSED] - setText(findTestObject("Actpol_Scripts/Opsporing/MBES18/8 Documenten/Ordner"), "Katalon testing"): Text 'Katalon testing' is set on object 'Object Repository/Actpol_Scripts/Opsporing/MBES18/8 Documenten/Ordner'&#xD;
&#xD;
2019-09-09 20:37:52 - [MESSAGE][PASSED] - Text 'Katalon testing' is set on object 'Object Repository/Actpol_Scripts/Opsporing/MBES18/8 Documenten/Ordner'&#xD;
&#xD;
2019-09-09 20:37:52 - [TEST_STEP][PASSED] - delay(3): Delayed 3 second(s)&#xD;
&#xD;
2019-09-09 20:37:55 - [MESSAGE][PASSED] - Delayed 3 second(s)&#xD;
&#xD;
2019-09-09 20:37:55 - [TEST_STEP][PASSED] - click(findTestObject("Actpol_Scripts/Opsporing/MBES18/8 Documenten/Document download")): Object: 'Object Repository/Actpol_Scripts/Opsporing/MBES18/8 Documenten/Document download' is clicked on&#xD;
&#xD;
2019-09-09 20:37:55 - [MESSAGE][PASSED] - Object: 'Object Repository/Actpol_Scripts/Opsporing/MBES18/8 Documenten/Document download' is clicked on&#xD;
&#xD;
2019-09-09 20:37:55 - [TEST_STEP][PASSED] - switchToWindowIndex(0): Switched to window with index: '0'&#xD;
&#xD;
2019-09-09 20:37:55 - [MESSAGE][PASSED] - Switched to window with index: '0'&#xD;
&#xD;
2019-09-09 20:37:55 - [TEST_STEP][PASSED] - delay(3): Delayed 3 second(s)&#xD;
&#xD;
2019-09-09 20:37:58 - [MESSAGE][PASSED] - Delayed 3 second(s)&#xD;
&#xD;
2019-09-09 20:37:58 - [TEST_STEP][PASSED] - click(findTestObject("Actpol_Scripts/Opsporing/MBES18/8 Documenten/Details")): Object: 'Object Repository/Actpol_Scripts/Opsporing/MBES18/8 Documenten/Details' is clicked on&#xD;
&#xD;
2019-09-09 20:37:59 - [MESSAGE][PASSED] - Object: 'Object Repository/Actpol_Scripts/Opsporing/MBES18/8 Documenten/Details' is clicked on&#xD;
&#xD;
2019-09-09 20:37:59 - [TEST_STEP][PASSED] - delay(1): Delayed 1 second(s)&#xD;
&#xD;
2019-09-09 20:38:00 - [MESSAGE][PASSED] - Delayed 1 second(s)&#xD;
&#xD;
2019-09-09 20:38:00 - [TEST_STEP][PASSED] - click(findTestObject("Actpol_Scripts/Opsporing/MBES18/8 Documenten/check_in_out")): Object: 'Object Repository/Actpol_Scripts/Opsporing/MBES18/8 Documenten/check_in_out' is clicked on&#xD;
&#xD;
2019-09-09 20:38:02 - [MESSAGE][PASSED] - Object: 'Object Repository/Actpol_Scripts/Opsporing/MBES18/8 Documenten/check_in_out' is clicked on&#xD;
&#xD;
2019-09-09 20:38:02 - [TEST_STEP][PASSED] - delay(1): Delayed 1 second(s)&#xD;
&#xD;
2019-09-09 20:38:03 - [MESSAGE][PASSED] - Delayed 1 second(s)&#xD;
&#xD;
2019-09-09 20:38:03 - [TEST_STEP][PASSED] - click(findTestObject("Actpol_Scripts/Opsporing/MBES18/8 Documenten/Checkout")): Object: 'Object Repository/Actpol_Scripts/Opsporing/MBES18/8 Documenten/Checkout' is clicked on&#xD;
&#xD;
2019-09-09 20:38:04 - [MESSAGE][PASSED] - Object: 'Object Repository/Actpol_Scripts/Opsporing/MBES18/8 Documenten/Checkout' is clicked on&#xD;
&#xD;
2019-09-09 20:38:04 - [TEST_STEP][PASSED] - delay(3): Delayed 3 second(s)&#xD;
&#xD;
2019-09-09 20:38:07 - [MESSAGE][PASSED] - Delayed 3 second(s)&#xD;
&#xD;
2019-09-09 20:38:07 - [TEST_STEP][PASSED] - uploadFile(findTestObject("Actpol_Scripts/Opsporing/MBES18/8 Documenten/Selecteer Document popup"), "C:\Users\user4\Downloads\AS400DOC-000000000014964.doc"): File 'C:\Users\user4\Downloads\AS400DOC-000000000014964.doc' sent to object: 'Object Repository/Actpol_Scripts/Opsporing/MBES18/8 Documenten/Selecteer Document popup'&#xD;
&#xD;
2019-09-09 20:38:08 - [MESSAGE][PASSED] - File 'C:\Users\user4\Downloads\AS400DOC-000000000014964.doc' sent to object: 'Object Repository/Actpol_Scripts/Opsporing/MBES18/8 Documenten/Selecteer Document popup'&#xD;
&#xD;
2019-09-09 20:38:08 - [TEST_STEP][PASSED] - delay(1): Delayed 1 second(s)&#xD;
&#xD;
2019-09-09 20:38:09 - [MESSAGE][PASSED] - Delayed 1 second(s)&#xD;
&#xD;
2019-09-09 20:38:09 - [TEST_STEP][PASSED] - setText(findTestObject("Actpol_Scripts/Opsporing/MBES18/8 Documenten/Omschrijving"), "Testing Testing Testing Testing Testing Testing Testing Testing Testing Testing Testing Testing Testing Testing Testing Testing Testing Testing Testing Testing Testing Testing Testing Testing Testing Testing Testing Testing Testing Testing Testing Testing Testing Testing Testing Testing Testing Testing"): Text 'Testing Testing Testing Testing Testing Testing Testing Testing Testing Testing Testing Testing Testing Testing Testing Testing Testing Testing Testing Testing Testing Testing Testing Testing Testing Testing Testing Testing Testing Testing Testing Testing Testing Testing Testing Testing Testing Testing' is set on object 'Object Repository/Actpol_Scripts/Opsporing/MBES18/8 Documenten/Omschrijving'&#xD;
&#xD;
2019-09-09 20:38:15 - [MESSAGE][PASSED] - Text 'Testing Testing Testing Testing Testing Testing Testing Testing Testing Testing Testing Testing Testing Testing Testing Testing Testing Testing Testing Testing Testing Testing Testing Testing Testing Testing Testing Testing Testing Testing Testing Testing Testing Testing Testing Testing Testing Testing' is set on object 'Object Repository/Actpol_Scripts/Opsporing/MBES18/8 Documenten/Omschrijving'&#xD;
&#xD;
2019-09-09 20:38:15 - [TEST_STEP][PASSED] - delay(1): Delayed 1 second(s)&#xD;
&#xD;
2019-09-09 20:38:16 - [MESSAGE][PASSED] - Delayed 1 second(s)&#xD;
&#xD;
2019-09-09 20:38:16 - [TEST_STEP][PASSED] - click(findTestObject("Actpol_Scripts/Opsporing/MBES18/8 Documenten/check_in_out")): Object: 'Object Repository/Actpol_Scripts/Opsporing/MBES18/8 Documenten/check_in_out' is clicked on&#xD;
&#xD;
2019-09-09 20:38:17 - [MESSAGE][PASSED] - Object: 'Object Repository/Actpol_Scripts/Opsporing/MBES18/8 Documenten/check_in_out' is clicked on&#xD;
&#xD;
2019-09-09 20:38:17 - [TEST_STEP][PASSED] - delay(1): Delayed 1 second(s)&#xD;
&#xD;
2019-09-09 20:38:18 - [MESSAGE][PASSED] - Delayed 1 second(s)&#xD;
&#xD;
2019-09-09 20:38:18 - [TEST_STEP][PASSED] - click(findTestObject("Actpol_Scripts/Opsporing/MBES18/8 Documenten/Versie Geschiedenis")): Object: 'Object Repository/Actpol_Scripts/Opsporing/MBES18/8 Documenten/Versie Geschiedenis' is clicked on&#xD;
&#xD;
2019-09-09 20:38:19 - [MESSAGE][PASSED] - Object: 'Object Repository/Actpol_Scripts/Opsporing/MBES18/8 Documenten/Versie Geschiedenis' is clicked on&#xD;
&#xD;
2019-09-09 20:38:19 - [TEST_STEP][PASSED] - delay(1): Delayed 1 second(s)&#xD;
&#xD;
2019-09-09 20:38:20 - [MESSAGE][PASSED] - Delayed 1 second(s)&#xD;
&#xD;
2019-09-09 20:38:20 - [TEST_STEP][PASSED] - click(findTestObject("Actpol_Scripts/Opsporing/MBES18/8 Documenten/Versie Geschiedenis")): Object: 'Object Repository/Actpol_Scripts/Opsporing/MBES18/8 Documenten/Versie Geschiedenis' is clicked on&#xD;
&#xD;
2019-09-09 20:38:20 - [MESSAGE][PASSED] - Object: 'Object Repository/Actpol_Scripts/Opsporing/MBES18/8 Documenten/Versie Geschiedenis' is clicked on&#xD;
&#xD;
2019-09-09 20:38:20 - [TEST_STEP][PASSED] - delay(1): Delayed 1 second(s)&#xD;
&#xD;
2019-09-09 20:38:21 - [MESSAGE][PASSED] - Delayed 1 second(s)&#xD;
&#xD;
2019-09-09 20:38:21 - [TEST_STEP][PASSED] - click(findTestObject("Actpol_Scripts/Opsporing/MBES18/8 Documenten/Nota")): Object: 'Object Repository/Actpol_Scripts/Opsporing/MBES18/8 Documenten/Nota' is clicked on&#xD;
&#xD;
2019-09-09 20:38:22 - [MESSAGE][PASSED] - Object: 'Object Repository/Actpol_Scripts/Opsporing/MBES18/8 Documenten/Nota' is clicked on&#xD;
&#xD;
2019-09-09 20:38:22 - [TEST_STEP][PASSED] - delay(1): Delayed 1 second(s)&#xD;
&#xD;
2019-09-09 20:38:23 - [MESSAGE][PASSED] - Delayed 1 second(s)&#xD;
&#xD;
2019-09-09 20:38:23 - [TEST_STEP][PASSED] - click(findTestObject("Actpol_Scripts/Opsporing/MBES18/8 Documenten/Nota")): Object: 'Object Repository/Actpol_Scripts/Opsporing/MBES18/8 Documenten/Nota' is clicked on&#xD;
&#xD;
2019-09-09 20:38:23 - [MESSAGE][PASSED] - Object: 'Object Repository/Actpol_Scripts/Opsporing/MBES18/8 Documenten/Nota' is clicked on&#xD;
&#xD;
2019-09-09 20:38:23 - [TEST_STEP][PASSED] - delay(1): Delayed 1 second(s)&#xD;
&#xD;
2019-09-09 20:38:24 - [MESSAGE][PASSED] - Delayed 1 second(s)&#xD;
&#xD;
2019-09-09 20:38:24 - [TEST_STEP][PASSED] - click(findTestObject("Actpol_Scripts/Opsporing/MBES18/8 Documenten/document popup save")): Object: 'Object Repository/Actpol_Scripts/Opsporing/MBES18/8 Documenten/document popup save' is clicked on&#xD;
&#xD;
2019-09-09 20:38:30 - [MESSAGE][PASSED] - Object: 'Object Repository/Actpol_Scripts/Opsporing/MBES18/8 Documenten/document popup save' is clicked on&#xD;
&#xD;
2019-09-09 20:38:30 - [TEST_STEP][PASSED] - delay(1): Delayed 1 second(s)&#xD;
&#xD;
2019-09-09 20:38:31 - [MESSAGE][PASSED] - Delayed 1 second(s)&#xD;
&#xD;
2019-09-09 20:38:31 - [TEST_STEP][PASSED] - click(findTestObject("Actpol_Scripts/Opsporing/MBES18/8 Documenten/New Document Close"), OPTIONAL): Object: 'Object Repository/Actpol_Scripts/Opsporing/MBES18/8 Documenten/New Document Close' is clicked on&#xD;
&#xD;
2019-09-09 20:38:31 - [MESSAGE][PASSED] - Object: 'Object Repository/Actpol_Scripts/Opsporing/MBES18/8 Documenten/New Document Close' is clicked on&#xD;
&#xD;
2019-09-09 20:38:31 - [TEST_STEP][PASSED] - delay(1): Delayed 1 second(s)&#xD;
&#xD;
2019-09-09 20:38:32 - [MESSAGE][PASSED] - Delayed 1 second(s)&#xD;
&#xD;
2019-09-09 20:38:32 - [TEST_STEP][PASSED] - comment("View existing document"): View existing document&#xD;
&#xD;
2019-09-09 20:38:32 - [MESSAGE][INFO] - View existing document&#xD;
&#xD;
2019-09-09 20:38:32 - [TEST_STEP][PASSED] - delay(5): Delayed 5 second(s)&#xD;
&#xD;
2019-09-09 20:38:37 - [MESSAGE][PASSED] - Delayed 5 second(s)&#xD;
&#xD;
2019-09-09 20:38:37 - [TEST_STEP][PASSED] - click(findTestObject("Actpol_Scripts/Opsporing/MBES18/8 Documenten/View record")): Object: 'Object Repository/Actpol_Scripts/Opsporing/MBES18/8 Documenten/View record' is clicked on&#xD;
&#xD;
2019-09-09 20:38:39 - [MESSAGE][PASSED] - Object: 'Object Repository/Actpol_Scripts/Opsporing/MBES18/8 Documenten/View record' is clicked on&#xD;
&#xD;
2019-09-09 20:38:39 - [TEST_STEP][PASSED] - delay(4): Delayed 4 second(s)&#xD;
&#xD;
2019-09-09 20:38:43 - [MESSAGE][PASSED] - Delayed 4 second(s)&#xD;
&#xD;
2019-09-09 20:38:43 - [TEST_STEP][PASSED] - click(findTestObject("Actpol_Scripts/Opsporing/MBES18/8 Documenten/View closepopup")): Object: 'Object Repository/Actpol_Scripts/Opsporing/MBES18/8 Documenten/View closepopup' is clicked on&#xD;
&#xD;
2019-09-09 20:38:43 - [MESSAGE][PASSED] - Object: 'Object Repository/Actpol_Scripts/Opsporing/MBES18/8 Documenten/View closepopup' is clicked on&#xD;
&#xD;
2019-09-09 20:38:43 - [TEST_STEP][PASSED] - delay(1): Delayed 1 second(s)&#xD;
&#xD;
2019-09-09 20:38:44 - [MESSAGE][PASSED] - Delayed 1 second(s)&#xD;
&#xD;
2019-09-09 20:38:44 - [TEST_STEP][PASSED] - comment("Delete existing document"): Delete existing document&#xD;
&#xD;
2019-09-09 20:38:44 - [MESSAGE][INFO] - Delete existing document&#xD;
&#xD;
2019-09-09 20:38:44 - [TEST_STEP][PASSED] - delay(4): Delayed 4 second(s)&#xD;
&#xD;
2019-09-09 20:38:48 - [MESSAGE][PASSED] - Delayed 4 second(s)&#xD;
&#xD;
2019-09-09 20:38:48 - [TEST_STEP][PASSED] - click(findTestObject("Actpol_Scripts/Opsporing/MBES18/8 Documenten/Delete record")): Object: 'Object Repository/Actpol_Scripts/Opsporing/MBES18/8 Documenten/Delete record' is clicked on&#xD;
&#xD;
2019-09-09 20:38:49 - [MESSAGE][PASSED] - Object: 'Object Repository/Actpol_Scripts/Opsporing/MBES18/8 Documenten/Delete record' is clicked on&#xD;
&#xD;
2019-09-09 20:38:49 - [TEST_STEP][PASSED] - delay(4): Delayed 4 second(s)&#xD;
&#xD;
2019-09-09 20:38:53 - [MESSAGE][PASSED] - Delayed 4 second(s)&#xD;
&#xD;
2019-09-09 20:38:53 - [TEST_STEP][PASSED] - println(getText(findTestObject("Actpol_Scripts/Opsporing/MBES18/8 Documenten/Delete read text"))): Text of object 'Object Repository/Actpol_Scripts/Opsporing/MBES18/8 Documenten/Delete read text' is: 'U bent niet geautoriseerd om deze actie te doen.'&#xD;
&#xD;
2019-09-09 20:38:54 - [MESSAGE][PASSED] - Text of object 'Object Repository/Actpol_Scripts/Opsporing/MBES18/8 Documenten/Delete read text' is: 'U bent niet geautoriseerd om deze actie te doen.'</system-out>
            <system-err></system-err>
        </testcase>
        <system-out>2019-09-09 20:36:23 - [TEST_SUITE][INCOMPLETE] - ACTPOL-566: null</system-out>
        <system-err>2019-09-09 20:36:23 - [TEST_SUITE][INCOMPLETE] - ACTPOL-566: null</system-err>
    </testsuite>
</testsuites>
