<?xml version="1.0" encoding="UTF-8" standalone="yes"?>
<testsuites name="ACTPOL-308,309,310,316 and 344" time="890" tests="5" failures="0" errors="0">
    <testsuite name="ACTPOL-308,309,310,316 and 344" tests="5" failures="0" errors="0" time="890" timestamp="2019-08-21 19:07:03" hostname="user4 - 10.20.20.5" id="Test Suites/Release 6.6/ACTPOL-308,309,310,316 and 344">
        <properties>
            <property name="deviceName" value=""/>
            <property name="devicePlatform" value=""/>
            <property name="logFolder" value="C:\\Users\\user4\\git\\ACTPOL\\Reports\\20190821_190559\\Release 6.6\\ACTPOL-308,309,310,316 and 344\\20190821_190639"/>
            <property name="logFiles" value="C:\\Users\\user4\\git\\ACTPOL\\Reports\\20190821_190559\\Release 6.6\\ACTPOL-308,309,310,316 and 344\\20190821_190639\\execution0.log"/>
            <property name="attachments" value="C:\\Users\\user4\\git\\ACTPOL\\Reports\\20190821_190559\\Release 6.6\\ACTPOL-308,309,310,316 and 344\\20190821_190639\\1566395377820.png, C:\\Users\\user4\\git\\ACTPOL\\Reports\\20190821_190559\\Release 6.6\\ACTPOL-308,309,310,316 and 344\\20190821_190639\\1566395512985.png"/>
            <property name="hostName" value="user4 - 10.20.20.5"/>
            <property name="os" value="Windows 8.1 64bit"/>
            <property name="katalonVersion" value="6.3.2.1"/>
            <property name="browser" value="Chrome 76.0.3809.100"/>
            <property name="hostAddress" value="10.20.20.5"/>
            <property name="sessionId" value="6620cfb85deb15d7a97741c9f1edbf5f"/>
            <property name="seleniumVersion" value="3.141.59"/>
            <property name="proxyInformation" value="ProxyInformation{proxyOption=NO_PROXY, proxyServerType=HTTP, password=, proxyServerAddress=, proxyServerPort=0}"/>
            <property name="platform" value="Windows 8.1"/>
        </properties>
        <testcase name="Test Cases/JIRA Tasks/Release 6.6/ACTPOL-308" classname="Test Cases/JIRA Tasks/Release 6.6/ACTPOL-308" status="PASSED">
            <system-out>2019-08-21 19:07:06 - [TEST_CASE][PASSED] - Test Cases/JIRA Tasks/Release 6.6/ACTPOL-308: Test Cases/JIRA Tasks/Release 6.6/ACTPOL-308&#xD;
&#xD;
2019-08-21 19:07:07 - [TEST_STEP][PASSED] - callTestCase(findTestCase("main/Actpol_Login_testenv"), [:], STOP_ON_FAILURE): Call Test Case 'Test Cases/main/Actpol_Login_testenv' successfully&#xD;
&#xD;
2019-08-21 19:07:07 - [TEST_CASE][PASSED] - Test Cases/main/Actpol_Login_testenv: Test Cases/main/Actpol_Login_testenv&#xD;
&#xD;
2019-08-21 19:07:08 - [TEST_STEP][PASSED] - openBrowser(""): Browser is opened with url: ''&#xD;
&#xD;
2019-08-21 19:07:09 - [MESSAGE][INFO] - Starting 'Chrome' driver&#xD;
&#xD;
2019-08-21 19:07:09 - [MESSAGE][INFO] - Action delay is set to 0 seconds&#xD;
&#xD;
2019-08-21 19:07:52 - [MESSAGE][PASSED] - Browser is opened with url: ''&#xD;
&#xD;
2019-08-21 19:07:52 - [TEST_STEP][PASSED] - deleteAllCookies(): Delete all cookies successfully&#xD;
&#xD;
2019-08-21 19:07:52 - [MESSAGE][PASSED] - Delete all cookies successfully&#xD;
&#xD;
2019-08-21 19:07:52 - [TEST_STEP][PASSED] - waitForPageLoad(30): Wait for page load successfully&#xD;
&#xD;
2019-08-21 19:07:54 - [MESSAGE][PASSED] - Wait for page load successfully&#xD;
&#xD;
2019-08-21 19:07:54 - [TEST_STEP][PASSED] - maximizeWindow(): Current window maximized&#xD;
&#xD;
2019-08-21 19:07:55 - [MESSAGE][PASSED] - Current window maximized&#xD;
&#xD;
2019-08-21 19:07:55 - [TEST_STEP][PASSED] - ACTPOLTESTENV = 1: null&#xD;
&#xD;
2019-08-21 19:07:55 - [TEST_STEP][PASSED] - ACTPOLDEVENV = 2: null&#xD;
&#xD;
2019-08-21 19:07:55 - [TEST_STEP][PASSED] - ACTPOLKCENV = 3: null&#xD;
&#xD;
2019-08-21 19:07:55 - [TEST_STEP][PASSED] - ACTPOLKBKPCNENV = 4: null&#xD;
&#xD;
2019-08-21 19:07:55 - [TEST_STEP][PASSED] - ACTPOLKBKMARENV = 5: null&#xD;
&#xD;
2019-08-21 19:07:55 - [TEST_STEP][PASSED] - ACTPOLKMENV = 6: null&#xD;
&#xD;
2019-08-21 19:07:55 - [TEST_STEP][PASSED] - ACTPOLKWENV = 7: null&#xD;
&#xD;
2019-08-21 19:07:55 - [TEST_STEP][PASSED] - environment = ACTPOLTESTENV: null&#xD;
&#xD;
2019-08-21 19:07:55 - [TEST_STEP][PASSED] - Selectenv = &lt;not implemented yet for class: org.codehaus.groovy.ast.expr.EmptyExpression&gt;: null&#xD;
&#xD;
2019-08-21 19:07:55 - [TEST_STEP][PASSED] - switch (environment): null&#xD;
&#xD;
2019-08-21 19:07:56 - [TEST_STEP][PASSED] - case 1:: null&#xD;
&#xD;
2019-08-21 19:07:56 - [TEST_STEP][PASSED] - println(Selectenv = "ACTPOL-TEST-ENV"): null&#xD;
&#xD;
2019-08-21 19:07:56 - [TEST_STEP][PASSED] - navigateToUrl(TESTURL): Navigate to 'http://10.20.10.7:8185/actpoltst/nxmenu.pgm?docnum=551' successfully&#xD;
&#xD;
2019-08-21 19:08:18 - [MESSAGE][PASSED] - Navigate to 'http://10.20.10.7:8185/actpoltst/nxmenu.pgm?docnum=551' successfully&#xD;
&#xD;
2019-08-21 19:08:18 - [TEST_STEP][PASSED] - setText(findTestObject("Actpol_Scripts/login/userid"), username): Text 'vidhya' is set on object 'Object Repository/Actpol_Scripts/login/userid'&#xD;
&#xD;
2019-08-21 19:08:22 - [MESSAGE][PASSED] - Text 'vidhya' is set on object 'Object Repository/Actpol_Scripts/login/userid'&#xD;
&#xD;
2019-08-21 19:08:22 - [TEST_STEP][PASSED] - setMaskedText(findTestObject("Actpol_Scripts/login/password"), password): Text '********' is set on object 'Object Repository/Actpol_Scripts/login/password'&#xD;
&#xD;
2019-08-21 19:08:23 - [MESSAGE][PASSED] - Text '********' is set on object 'Object Repository/Actpol_Scripts/login/password'&#xD;
&#xD;
2019-08-21 19:08:23 - [TEST_STEP][PASSED] - click(findTestObject("Actpol_Scripts/login/login")): Object: 'Object Repository/Actpol_Scripts/login/login' is clicked on&#xD;
&#xD;
2019-08-21 19:08:23 - [MESSAGE][PASSED] - Object: 'Object Repository/Actpol_Scripts/login/login' is clicked on&#xD;
&#xD;
2019-08-21 19:08:23 - [TEST_STEP][PASSED] - getWindowTitle(): Current window's title is: 'Login Page for ACTPOL Test'&#xD;
&#xD;
2019-08-21 19:08:23 - [MESSAGE][PASSED] - Current window's title is: 'Login Page for ACTPOL Test'&#xD;
&#xD;
2019-08-21 19:08:23 - [TEST_STEP][PASSED] - break: null&#xD;
&#xD;
2019-08-21 19:08:23 - [MESSAGE][PASSED] - Call Test Case 'Test Cases/main/Actpol_Login_testenv' successfully&#xD;
&#xD;
2019-08-21 19:08:23 - [TEST_STEP][PASSED] - selectOptionByValue(findTestObject("Actpol_Scripts/General Search/Algemene Zoekopdracht -test env/Assistentie"), "assist", false): All options with value 'assist' are selected in object 'Object Repository/Actpol_Scripts/General Search/Algemene Zoekopdracht -test env/Assistentie' &#xD;
&#xD;
2019-08-21 19:08:39 - [MESSAGE][PASSED] - All options with value 'assist' are selected in object 'Object Repository/Actpol_Scripts/General Search/Algemene Zoekopdracht -test env/Assistentie' &#xD;
&#xD;
2019-08-21 19:08:39 - [TEST_STEP][PASSED] - setText(findTestObject("Actpol_Scripts/General Search/Algemene Zoekopdracht -test env/Assistentie Set text"), Generiekassistenite_Module): Text '200601728' is set on object 'Object Repository/Actpol_Scripts/General Search/Algemene Zoekopdracht -test env/Assistentie Set text'&#xD;
&#xD;
2019-08-21 19:08:41 - [MESSAGE][PASSED] - Text '200601728' is set on object 'Object Repository/Actpol_Scripts/General Search/Algemene Zoekopdracht -test env/Assistentie Set text'&#xD;
&#xD;
2019-08-21 19:08:41 - [TEST_STEP][PASSED] - delay(2): Delayed 2 second(s)&#xD;
&#xD;
2019-08-21 19:08:43 - [MESSAGE][PASSED] - Delayed 2 second(s)&#xD;
&#xD;
2019-08-21 19:08:43 - [TEST_STEP][PASSED] - click(findTestObject("Actpol_Scripts/General Search/Algemene Zoekopdracht -test env/Zoeken new")): Object: 'Object Repository/Actpol_Scripts/General Search/Algemene Zoekopdracht -test env/Zoeken new' is clicked on&#xD;
&#xD;
2019-08-21 19:08:47 - [MESSAGE][PASSED] - Object: 'Object Repository/Actpol_Scripts/General Search/Algemene Zoekopdracht -test env/Zoeken new' is clicked on&#xD;
&#xD;
2019-08-21 19:08:47 - [TEST_STEP][PASSED] - delay(2): Delayed 2 second(s)&#xD;
&#xD;
2019-08-21 19:08:49 - [MESSAGE][PASSED] - Delayed 2 second(s)&#xD;
&#xD;
2019-08-21 19:08:49 - [TEST_STEP][PASSED] - AssistentiedynamicId = Generiekassistenite_Module: null&#xD;
&#xD;
2019-08-21 19:08:49 - [TEST_STEP][PASSED] - Assistentiexpath = "//*[text()="" + AssistentiedynamicId + ""]/preceding-sibling::td/a[2]": null&#xD;
&#xD;
2019-08-21 19:08:49 - [TEST_STEP][PASSED] - to = findTestObject("Actpol_Scripts/General Search/Algemene Zoekopdracht -test env/View Assistentie"): null&#xD;
&#xD;
2019-08-21 19:08:50 - [TEST_STEP][PASSED] - to.addProperty("xpath", EQUALS, Assistentiexpath): null&#xD;
&#xD;
2019-08-21 19:08:50 - [TEST_STEP][PASSED] - delay(5): Delayed 5 second(s)&#xD;
&#xD;
2019-08-21 19:08:55 - [MESSAGE][PASSED] - Delayed 5 second(s)&#xD;
&#xD;
2019-08-21 19:08:55 - [TEST_STEP][PASSED] - click(to): Object: 'Object Repository/Actpol_Scripts/General Search/Algemene Zoekopdracht -test env/View Assistentie' is clicked on&#xD;
&#xD;
2019-08-21 19:08:55 - [MESSAGE][PASSED] - Object: 'Object Repository/Actpol_Scripts/General Search/Algemene Zoekopdracht -test env/View Assistentie' is clicked on&#xD;
&#xD;
2019-08-21 19:08:55 - [TEST_STEP][PASSED] - delay(2): Delayed 2 second(s)&#xD;
&#xD;
2019-08-21 19:08:57 - [MESSAGE][PASSED] - Delayed 2 second(s)&#xD;
&#xD;
2019-08-21 19:08:57 - [TEST_STEP][PASSED] - click(findTestObject("Actpol_Scripts/General Search/Algemene Zoekopdracht -test env/Confirmeren")): Object: 'Object Repository/Actpol_Scripts/General Search/Algemene Zoekopdracht -test env/Confirmeren' is clicked on&#xD;
&#xD;
2019-08-21 19:09:08 - [MESSAGE][PASSED] - Object: 'Object Repository/Actpol_Scripts/General Search/Algemene Zoekopdracht -test env/Confirmeren' is clicked on&#xD;
&#xD;
2019-08-21 19:09:08 - [TEST_STEP][PASSED] - delay(5): Delayed 5 second(s)&#xD;
&#xD;
2019-08-21 19:09:13 - [MESSAGE][PASSED] - Delayed 5 second(s)&#xD;
&#xD;
2019-08-21 19:09:13 - [TEST_STEP][PASSED] - click(findTestObject("Actpol_Scripts/Generiek/Assistentie/Click roll process")): Object: 'Object Repository/Actpol_Scripts/Generiek/Assistentie/Click roll process' is clicked on&#xD;
&#xD;
2019-08-21 19:09:16 - [MESSAGE][PASSED] - Object: 'Object Repository/Actpol_Scripts/Generiek/Assistentie/Click roll process' is clicked on&#xD;
&#xD;
2019-08-21 19:09:16 - [TEST_STEP][PASSED] - delay(2): Delayed 2 second(s)&#xD;
&#xD;
2019-08-21 19:09:18 - [MESSAGE][PASSED] - Delayed 2 second(s)&#xD;
&#xD;
2019-08-21 19:09:18 - [TEST_STEP][PASSED] - click(findTestObject("Actpol_Scripts/Generiek/Assistentie/Click new process")): Object: 'Object Repository/Actpol_Scripts/Generiek/Assistentie/Click new process' is clicked on&#xD;
&#xD;
2019-08-21 19:09:19 - [MESSAGE][PASSED] - Object: 'Object Repository/Actpol_Scripts/Generiek/Assistentie/Click new process' is clicked on&#xD;
&#xD;
2019-08-21 19:09:19 - [TEST_STEP][PASSED] - delay(2): Delayed 2 second(s)&#xD;
&#xD;
2019-08-21 19:09:21 - [MESSAGE][PASSED] - Delayed 2 second(s)&#xD;
&#xD;
2019-08-21 19:09:21 - [TEST_STEP][PASSED] - comment("Select process "VREEMDELING""): Select process "VREEMDELING"&#xD;
&#xD;
2019-08-21 19:09:21 - [MESSAGE][INFO] - Select process "VREEMDELING"&#xD;
&#xD;
2019-08-21 19:09:21 - [TEST_STEP][PASSED] - selectOptionByLabel(findTestObject("Actpol_Scripts/Generiek/Assistentie/Rol Proces Type"), "VREEMDELING", false): All options with label 'VREEMDELING' are selected in object 'Object Repository/Actpol_Scripts/Generiek/Assistentie/Rol Proces Type' &#xD;
&#xD;
2019-08-21 19:09:22 - [MESSAGE][PASSED] - All options with label 'VREEMDELING' are selected in object 'Object Repository/Actpol_Scripts/Generiek/Assistentie/Rol Proces Type' &#xD;
&#xD;
2019-08-21 19:09:22 - [TEST_STEP][PASSED] - delay(3): Delayed 3 second(s)&#xD;
&#xD;
2019-08-21 19:09:25 - [MESSAGE][PASSED] - Delayed 3 second(s)&#xD;
&#xD;
2019-08-21 19:09:25 - [TEST_STEP][PASSED] - setText(findTestObject("JIRA/A Relese 6.6/ACTPOL-308/Vliegmaatschappij_Rederij"), "Katalon testing"): Text 'Katalon testing' is set on object 'Object Repository/JIRA/A Relese 6.6/ACTPOL-308/Vliegmaatschappij_Rederij'&#xD;
&#xD;
2019-08-21 19:09:26 - [MESSAGE][PASSED] - Text 'Katalon testing' is set on object 'Object Repository/JIRA/A Relese 6.6/ACTPOL-308/Vliegmaatschappij_Rederij'&#xD;
&#xD;
2019-08-21 19:09:26 - [TEST_STEP][PASSED] - delay(1): Delayed 1 second(s)&#xD;
&#xD;
2019-08-21 19:09:27 - [MESSAGE][PASSED] - Delayed 1 second(s)&#xD;
&#xD;
2019-08-21 19:09:27 - [TEST_STEP][PASSED] - setText(findTestObject("JIRA/A Relese 6.6/ACTPOL-308/Naam boot_vliegtuig"), "Katalon testing"): Text 'Katalon testing' is set on object 'Object Repository/JIRA/A Relese 6.6/ACTPOL-308/Naam boot_vliegtuig'&#xD;
&#xD;
2019-08-21 19:09:28 - [MESSAGE][PASSED] - Text 'Katalon testing' is set on object 'Object Repository/JIRA/A Relese 6.6/ACTPOL-308/Naam boot_vliegtuig'&#xD;
&#xD;
2019-08-21 19:09:28 - [TEST_STEP][PASSED] - delay(1): Delayed 1 second(s)&#xD;
&#xD;
2019-08-21 19:09:29 - [MESSAGE][PASSED] - Delayed 1 second(s)&#xD;
&#xD;
2019-08-21 19:09:29 - [TEST_STEP][PASSED] - setText(findTestObject("JIRA/A Relese 6.6/ACTPOL-308/Telefoon boot_vliegtuig"), "Katalon testing"): Text 'Katalon testing' is set on object 'Object Repository/JIRA/A Relese 6.6/ACTPOL-308/Telefoon boot_vliegtuig'&#xD;
&#xD;
2019-08-21 19:09:30 - [MESSAGE][PASSED] - Text 'Katalon testing' is set on object 'Object Repository/JIRA/A Relese 6.6/ACTPOL-308/Telefoon boot_vliegtuig'&#xD;
&#xD;
2019-08-21 19:09:30 - [TEST_STEP][PASSED] - delay(1): Delayed 1 second(s)&#xD;
&#xD;
2019-08-21 19:09:31 - [MESSAGE][PASSED] - Delayed 1 second(s)&#xD;
&#xD;
2019-08-21 19:09:31 - [TEST_STEP][PASSED] - setText(findTestObject("JIRA/A Relese 6.6/ACTPOL-308/Agentschap"), "Katalon testing"): Text 'Katalon testing' is set on object 'Object Repository/JIRA/A Relese 6.6/ACTPOL-308/Agentschap'&#xD;
&#xD;
2019-08-21 19:09:32 - [MESSAGE][PASSED] - Text 'Katalon testing' is set on object 'Object Repository/JIRA/A Relese 6.6/ACTPOL-308/Agentschap'&#xD;
&#xD;
2019-08-21 19:09:32 - [TEST_STEP][PASSED] - delay(1): Delayed 1 second(s)&#xD;
&#xD;
2019-08-21 19:09:33 - [MESSAGE][PASSED] - Delayed 1 second(s)&#xD;
&#xD;
2019-08-21 19:09:33 - [TEST_STEP][PASSED] - setText(findTestObject("JIRA/A Relese 6.6/ACTPOL-308/Achternaam"), "aaa"): Text 'aaa' is set on object 'Object Repository/JIRA/A Relese 6.6/ACTPOL-308/Achternaam'&#xD;
&#xD;
2019-08-21 19:09:34 - [MESSAGE][PASSED] - Text 'aaa' is set on object 'Object Repository/JIRA/A Relese 6.6/ACTPOL-308/Achternaam'&#xD;
&#xD;
2019-08-21 19:09:34 - [TEST_STEP][PASSED] - delay(2): Delayed 2 second(s)&#xD;
&#xD;
2019-08-21 19:09:36 - [MESSAGE][PASSED] - Delayed 2 second(s)&#xD;
&#xD;
2019-08-21 19:09:36 - [TEST_STEP][PASSED] - click(findTestObject("JIRA/A Relese 6.6/ACTPOL-308/Achternaam lb")): Object: 'Object Repository/JIRA/A Relese 6.6/ACTPOL-308/Achternaam lb' is clicked on&#xD;
&#xD;
2019-08-21 19:09:37 - [MESSAGE][PASSED] - Object: 'Object Repository/JIRA/A Relese 6.6/ACTPOL-308/Achternaam lb' is clicked on&#xD;
&#xD;
2019-08-21 19:09:37 - [TEST_STEP][PASSED] - delay(1): Delayed 1 second(s)&#xD;
&#xD;
2019-08-21 19:09:38 - [MESSAGE][PASSED] - Delayed 1 second(s)&#xD;
&#xD;
2019-08-21 19:09:38 - [TEST_STEP][PASSED] - Geboorteplaats = getText(findTestObject("JIRA/A Relese 6.6/ACTPOL-308/Geboorte Plaats"), OPTIONAL): Text of object 'Object Repository/JIRA/A Relese 6.6/ACTPOL-308/Geboorte Plaats' is: 'FIJISCHE'&#xD;
&#xD;
2019-08-21 19:09:38 - [MESSAGE][PASSED] - Text of object 'Object Repository/JIRA/A Relese 6.6/ACTPOL-308/Geboorte Plaats' is: 'FIJISCHE'&#xD;
&#xD;
2019-08-21 19:09:38 - [TEST_STEP][PASSED] - println(Geboorteplaats): null&#xD;
&#xD;
2019-08-21 19:09:38 - [TEST_STEP][PASSED] - delay(1): Delayed 1 second(s)&#xD;
&#xD;
2019-08-21 19:09:39 - [MESSAGE][PASSED] - Delayed 1 second(s)&#xD;
&#xD;
2019-08-21 19:09:39 - [TEST_STEP][PASSED] - setText(findTestObject("JIRA/A Relese 6.6/ACTPOL-308/Telefoon 1"), "123456789"): Text '123456789' is set on object 'Object Repository/JIRA/A Relese 6.6/ACTPOL-308/Telefoon 1'&#xD;
&#xD;
2019-08-21 19:09:40 - [MESSAGE][PASSED] - Text '123456789' is set on object 'Object Repository/JIRA/A Relese 6.6/ACTPOL-308/Telefoon 1'&#xD;
&#xD;
2019-08-21 19:09:40 - [TEST_STEP][PASSED] - delay(1): Delayed 1 second(s)&#xD;
&#xD;
2019-08-21 19:09:41 - [MESSAGE][PASSED] - Delayed 1 second(s)&#xD;
&#xD;
2019-08-21 19:09:41 - [TEST_STEP][PASSED] - setText(findTestObject("JIRA/A Relese 6.6/ACTPOL-308/Telefoon 2"), "987456123"): Text '987456123' is set on object 'Object Repository/JIRA/A Relese 6.6/ACTPOL-308/Telefoon 2'&#xD;
&#xD;
2019-08-21 19:09:42 - [MESSAGE][PASSED] - Text '987456123' is set on object 'Object Repository/JIRA/A Relese 6.6/ACTPOL-308/Telefoon 2'&#xD;
&#xD;
2019-08-21 19:09:42 - [TEST_STEP][PASSED] - delay(1): Delayed 1 second(s)&#xD;
&#xD;
2019-08-21 19:09:43 - [MESSAGE][PASSED] - Delayed 1 second(s)&#xD;
&#xD;
2019-08-21 19:09:43 - [TEST_STEP][PASSED] - setText(findTestObject("JIRA/A Relese 6.6/ACTPOL-308/Telefoon 3"), "987456123"): Text '987456123' is set on object 'Object Repository/JIRA/A Relese 6.6/ACTPOL-308/Telefoon 3'&#xD;
&#xD;
2019-08-21 19:09:44 - [MESSAGE][PASSED] - Text '987456123' is set on object 'Object Repository/JIRA/A Relese 6.6/ACTPOL-308/Telefoon 3'&#xD;
&#xD;
2019-08-21 19:09:44 - [TEST_STEP][PASSED] - delay(1): Delayed 1 second(s)&#xD;
&#xD;
2019-08-21 19:09:45 - [MESSAGE][PASSED] - Delayed 1 second(s)&#xD;
&#xD;
2019-08-21 19:09:45 - [TEST_STEP][PASSED] - CRVnummer = getText(findTestObject("JIRA/A Relese 6.6/ACTPOL-308/CRV nummer"), OPTIONAL): Text of object 'Object Repository/JIRA/A Relese 6.6/ACTPOL-308/CRV nummer' is: 'FMSCRV20136006'&#xD;
&#xD;
2019-08-21 19:09:45 - [MESSAGE][PASSED] - Text of object 'Object Repository/JIRA/A Relese 6.6/ACTPOL-308/CRV nummer' is: 'FMSCRV20136006'&#xD;
&#xD;
2019-08-21 19:09:45 - [TEST_STEP][PASSED] - println(CRVnummer): null&#xD;
&#xD;
2019-08-21 19:09:45 - [TEST_STEP][PASSED] - delay(1): Delayed 1 second(s)&#xD;
&#xD;
2019-08-21 19:09:46 - [MESSAGE][PASSED] - Delayed 1 second(s)&#xD;
&#xD;
2019-08-21 19:09:46 - [TEST_STEP][PASSED] - setText(findTestObject("JIRA/A Relese 6.6/ACTPOL-308/IND-BES nummer"), "123456789"): Text '123456789' is set on object 'Object Repository/JIRA/A Relese 6.6/ACTPOL-308/IND-BES nummer'&#xD;
&#xD;
2019-08-21 19:09:48 - [MESSAGE][PASSED] - Text '123456789' is set on object 'Object Repository/JIRA/A Relese 6.6/ACTPOL-308/IND-BES nummer'&#xD;
&#xD;
2019-08-21 19:09:48 - [TEST_STEP][PASSED] - delay(1): Delayed 1 second(s)&#xD;
&#xD;
2019-08-21 19:09:49 - [MESSAGE][PASSED] - Delayed 1 second(s)&#xD;
&#xD;
2019-08-21 19:09:49 - [TEST_STEP][PASSED] - setText(findTestObject("JIRA/A Relese 6.6/ACTPOL-308/Ticket nummer"), "987456123"): Text '987456123' is set on object 'Object Repository/JIRA/A Relese 6.6/ACTPOL-308/Ticket nummer'&#xD;
&#xD;
2019-08-21 19:09:50 - [MESSAGE][PASSED] - Text '987456123' is set on object 'Object Repository/JIRA/A Relese 6.6/ACTPOL-308/Ticket nummer'&#xD;
&#xD;
2019-08-21 19:09:50 - [TEST_STEP][PASSED] - delay(1): Delayed 1 second(s)&#xD;
&#xD;
2019-08-21 19:09:51 - [MESSAGE][PASSED] - Delayed 1 second(s)&#xD;
&#xD;
2019-08-21 19:09:51 - [TEST_STEP][PASSED] - setText(findTestObject("JIRA/A Relese 6.6/ACTPOL-308/PNR nummer"), "987456123"): Text '987456123' is set on object 'Object Repository/JIRA/A Relese 6.6/ACTPOL-308/PNR nummer'&#xD;
&#xD;
2019-08-21 19:09:52 - [MESSAGE][PASSED] - Text '987456123' is set on object 'Object Repository/JIRA/A Relese 6.6/ACTPOL-308/PNR nummer'&#xD;
&#xD;
2019-08-21 19:09:52 - [TEST_STEP][PASSED] - delay(1): Delayed 1 second(s)&#xD;
&#xD;
2019-08-21 19:09:53 - [MESSAGE][PASSED] - Delayed 1 second(s)&#xD;
&#xD;
2019-08-21 19:09:53 - [TEST_STEP][PASSED] - click(findTestObject("JIRA/A Relese 6.6/ACTPOL-308/Meereizende minderjarige kinderen ja")): Object: 'Object Repository/JIRA/A Relese 6.6/ACTPOL-308/Meereizende minderjarige kinderen ja' is clicked on&#xD;
&#xD;
2019-08-21 19:09:53 - [MESSAGE][PASSED] - Object: 'Object Repository/JIRA/A Relese 6.6/ACTPOL-308/Meereizende minderjarige kinderen ja' is clicked on&#xD;
&#xD;
2019-08-21 19:09:53 - [TEST_STEP][PASSED] - delay(1): Delayed 1 second(s)&#xD;
&#xD;
2019-08-21 19:09:54 - [MESSAGE][PASSED] - Delayed 1 second(s)&#xD;
&#xD;
2019-08-21 19:09:54 - [TEST_STEP][PASSED] - setText(findTestObject("JIRA/A Relese 6.6/ACTPOL-308/Aantal"), "123456789"): Text '123456789' is set on object 'Object Repository/JIRA/A Relese 6.6/ACTPOL-308/Aantal'&#xD;
&#xD;
2019-08-21 19:09:55 - [MESSAGE][PASSED] - Text '123456789' is set on object 'Object Repository/JIRA/A Relese 6.6/ACTPOL-308/Aantal'&#xD;
&#xD;
2019-08-21 19:09:55 - [TEST_STEP][PASSED] - delay(1): Delayed 1 second(s)&#xD;
&#xD;
2019-08-21 19:09:56 - [MESSAGE][PASSED] - Delayed 1 second(s)&#xD;
&#xD;
2019-08-21 19:09:56 - [TEST_STEP][PASSED] - focus(findTestObject("JIRA/A Relese 6.6/ACTPOL-308/Save Vreemdeling"), OPTIONAL): Object: 'Object Repository/JIRA/A Relese 6.6/ACTPOL-308/Save Vreemdeling' is focused&#xD;
&#xD;
2019-08-21 19:09:57 - [MESSAGE][PASSED] - Object: 'Object Repository/JIRA/A Relese 6.6/ACTPOL-308/Save Vreemdeling' is focused</system-out>
            <system-err></system-err>
        </testcase>
        <testcase name="Test Cases/JIRA Tasks/Release 6.6/ACTPOL-309" classname="Test Cases/JIRA Tasks/Release 6.6/ACTPOL-309" status="PASSED">
            <system-out>2019-08-21 19:09:57 - [TEST_CASE][PASSED] - Test Cases/JIRA Tasks/Release 6.6/ACTPOL-309: Test Cases/JIRA Tasks/Release 6.6/ACTPOL-309&#xD;
&#xD;
2019-08-21 19:09:58 - [TEST_STEP][PASSED] - callTestCase(findTestCase("main/Actpol_Login_testenv"), [:], STOP_ON_FAILURE): Call Test Case 'Test Cases/main/Actpol_Login_testenv' successfully&#xD;
&#xD;
2019-08-21 19:09:58 - [TEST_CASE][PASSED] - Test Cases/main/Actpol_Login_testenv: Test Cases/main/Actpol_Login_testenv&#xD;
&#xD;
2019-08-21 19:09:59 - [TEST_STEP][PASSED] - openBrowser(""): Browser is opened with url: ''&#xD;
&#xD;
2019-08-21 19:09:59 - [MESSAGE][WARNING] - A browser is already opened. Closing browser and opening a new one&#xD;
&#xD;
2019-08-21 19:10:01 - [MESSAGE][INFO] - Starting 'Chrome' driver&#xD;
&#xD;
2019-08-21 19:10:10 - [MESSAGE][PASSED] - Browser is opened with url: ''&#xD;
&#xD;
2019-08-21 19:10:10 - [TEST_STEP][PASSED] - deleteAllCookies(): Delete all cookies successfully&#xD;
&#xD;
2019-08-21 19:10:12 - [MESSAGE][PASSED] - Delete all cookies successfully&#xD;
&#xD;
2019-08-21 19:10:12 - [TEST_STEP][PASSED] - waitForPageLoad(30): Wait for page load successfully&#xD;
&#xD;
2019-08-21 19:10:12 - [MESSAGE][PASSED] - Wait for page load successfully&#xD;
&#xD;
2019-08-21 19:10:12 - [TEST_STEP][PASSED] - maximizeWindow(): Current window maximized&#xD;
&#xD;
2019-08-21 19:10:14 - [MESSAGE][PASSED] - Current window maximized&#xD;
&#xD;
2019-08-21 19:10:14 - [TEST_STEP][PASSED] - ACTPOLTESTENV = 1: null&#xD;
&#xD;
2019-08-21 19:10:14 - [TEST_STEP][PASSED] - ACTPOLDEVENV = 2: null&#xD;
&#xD;
2019-08-21 19:10:14 - [TEST_STEP][PASSED] - ACTPOLKCENV = 3: null&#xD;
&#xD;
2019-08-21 19:10:14 - [TEST_STEP][PASSED] - ACTPOLKBKPCNENV = 4: null&#xD;
&#xD;
2019-08-21 19:10:14 - [TEST_STEP][PASSED] - ACTPOLKBKMARENV = 5: null&#xD;
&#xD;
2019-08-21 19:10:14 - [TEST_STEP][PASSED] - ACTPOLKMENV = 6: null&#xD;
&#xD;
2019-08-21 19:10:14 - [TEST_STEP][PASSED] - ACTPOLKWENV = 7: null&#xD;
&#xD;
2019-08-21 19:10:14 - [TEST_STEP][PASSED] - environment = ACTPOLTESTENV: null&#xD;
&#xD;
2019-08-21 19:10:14 - [TEST_STEP][PASSED] - Selectenv = &lt;not implemented yet for class: org.codehaus.groovy.ast.expr.EmptyExpression&gt;: null&#xD;
&#xD;
2019-08-21 19:10:14 - [TEST_STEP][PASSED] - switch (environment): null&#xD;
&#xD;
2019-08-21 19:10:14 - [TEST_STEP][PASSED] - case 1:: null&#xD;
&#xD;
2019-08-21 19:10:14 - [TEST_STEP][PASSED] - println(Selectenv = "ACTPOL-TEST-ENV"): null&#xD;
&#xD;
2019-08-21 19:10:14 - [TEST_STEP][PASSED] - navigateToUrl(TESTURL): Navigate to 'http://10.20.10.7:8185/actpoltst/nxmenu.pgm?docnum=551' successfully&#xD;
&#xD;
2019-08-21 19:10:24 - [MESSAGE][PASSED] - Navigate to 'http://10.20.10.7:8185/actpoltst/nxmenu.pgm?docnum=551' successfully&#xD;
&#xD;
2019-08-21 19:10:24 - [TEST_STEP][PASSED] - setText(findTestObject("Actpol_Scripts/login/userid"), username): Text 'vidhya' is set on object 'Object Repository/Actpol_Scripts/login/userid'&#xD;
&#xD;
2019-08-21 19:10:26 - [MESSAGE][PASSED] - Text 'vidhya' is set on object 'Object Repository/Actpol_Scripts/login/userid'&#xD;
&#xD;
2019-08-21 19:10:26 - [TEST_STEP][PASSED] - setMaskedText(findTestObject("Actpol_Scripts/login/password"), password): Text '********' is set on object 'Object Repository/Actpol_Scripts/login/password'&#xD;
&#xD;
2019-08-21 19:10:27 - [MESSAGE][PASSED] - Text '********' is set on object 'Object Repository/Actpol_Scripts/login/password'&#xD;
&#xD;
2019-08-21 19:10:27 - [TEST_STEP][PASSED] - click(findTestObject("Actpol_Scripts/login/login")): Object: 'Object Repository/Actpol_Scripts/login/login' is clicked on&#xD;
&#xD;
2019-08-21 19:10:28 - [MESSAGE][PASSED] - Object: 'Object Repository/Actpol_Scripts/login/login' is clicked on&#xD;
&#xD;
2019-08-21 19:10:28 - [TEST_STEP][PASSED] - getWindowTitle(): Current window's title is: 'Login Page for ACTPOL Test'&#xD;
&#xD;
2019-08-21 19:10:28 - [MESSAGE][PASSED] - Current window's title is: 'Login Page for ACTPOL Test'&#xD;
&#xD;
2019-08-21 19:10:28 - [TEST_STEP][PASSED] - break: null&#xD;
&#xD;
2019-08-21 19:10:28 - [MESSAGE][PASSED] - Call Test Case 'Test Cases/main/Actpol_Login_testenv' successfully&#xD;
&#xD;
2019-08-21 19:10:28 - [TEST_STEP][PASSED] - selectOptionByValue(findTestObject("Actpol_Scripts/General Search/Algemene Zoekopdracht -test env/Assistentie"), "assist", false): All options with value 'assist' are selected in object 'Object Repository/Actpol_Scripts/General Search/Algemene Zoekopdracht -test env/Assistentie' &#xD;
&#xD;
2019-08-21 19:10:41 - [MESSAGE][PASSED] - All options with value 'assist' are selected in object 'Object Repository/Actpol_Scripts/General Search/Algemene Zoekopdracht -test env/Assistentie' &#xD;
&#xD;
2019-08-21 19:10:41 - [TEST_STEP][PASSED] - setText(findTestObject("Actpol_Scripts/General Search/Algemene Zoekopdracht -test env/Assistentie Set text"), Generiekassistenite_Module): Text '200601728' is set on object 'Object Repository/Actpol_Scripts/General Search/Algemene Zoekopdracht -test env/Assistentie Set text'&#xD;
&#xD;
2019-08-21 19:10:42 - [MESSAGE][PASSED] - Text '200601728' is set on object 'Object Repository/Actpol_Scripts/General Search/Algemene Zoekopdracht -test env/Assistentie Set text'&#xD;
&#xD;
2019-08-21 19:10:42 - [TEST_STEP][PASSED] - delay(2): Delayed 2 second(s)&#xD;
&#xD;
2019-08-21 19:10:44 - [MESSAGE][PASSED] - Delayed 2 second(s)&#xD;
&#xD;
2019-08-21 19:10:44 - [TEST_STEP][PASSED] - click(findTestObject("Actpol_Scripts/General Search/Algemene Zoekopdracht -test env/Zoeken new")): Object: 'Object Repository/Actpol_Scripts/General Search/Algemene Zoekopdracht -test env/Zoeken new' is clicked on&#xD;
&#xD;
2019-08-21 19:10:49 - [MESSAGE][PASSED] - Object: 'Object Repository/Actpol_Scripts/General Search/Algemene Zoekopdracht -test env/Zoeken new' is clicked on&#xD;
&#xD;
2019-08-21 19:10:49 - [TEST_STEP][PASSED] - delay(2): Delayed 2 second(s)&#xD;
&#xD;
2019-08-21 19:10:51 - [MESSAGE][PASSED] - Delayed 2 second(s)&#xD;
&#xD;
2019-08-21 19:10:51 - [TEST_STEP][PASSED] - AssistentiedynamicId = Generiekassistenite_Module: null&#xD;
&#xD;
2019-08-21 19:10:51 - [TEST_STEP][PASSED] - Assistentiexpath = "//*[text()="" + AssistentiedynamicId + ""]/preceding-sibling::td/a[2]": null&#xD;
&#xD;
2019-08-21 19:10:51 - [TEST_STEP][PASSED] - to = findTestObject("Actpol_Scripts/General Search/Algemene Zoekopdracht -test env/View Assistentie"): null&#xD;
&#xD;
2019-08-21 19:10:54 - [TEST_STEP][PASSED] - to.addProperty("xpath", EQUALS, Assistentiexpath): null&#xD;
&#xD;
2019-08-21 19:10:54 - [TEST_STEP][PASSED] - delay(5): Delayed 5 second(s)&#xD;
&#xD;
2019-08-21 19:10:59 - [MESSAGE][PASSED] - Delayed 5 second(s)&#xD;
&#xD;
2019-08-21 19:10:59 - [TEST_STEP][PASSED] - click(to): Object: 'Object Repository/Actpol_Scripts/General Search/Algemene Zoekopdracht -test env/View Assistentie' is clicked on&#xD;
&#xD;
2019-08-21 19:11:00 - [MESSAGE][PASSED] - Object: 'Object Repository/Actpol_Scripts/General Search/Algemene Zoekopdracht -test env/View Assistentie' is clicked on&#xD;
&#xD;
2019-08-21 19:11:00 - [TEST_STEP][PASSED] - delay(2): Delayed 2 second(s)&#xD;
&#xD;
2019-08-21 19:11:02 - [MESSAGE][PASSED] - Delayed 2 second(s)&#xD;
&#xD;
2019-08-21 19:11:02 - [TEST_STEP][PASSED] - click(findTestObject("Actpol_Scripts/General Search/Algemene Zoekopdracht -test env/Confirmeren")): Object: 'Object Repository/Actpol_Scripts/General Search/Algemene Zoekopdracht -test env/Confirmeren' is clicked on&#xD;
&#xD;
2019-08-21 19:11:11 - [MESSAGE][PASSED] - Object: 'Object Repository/Actpol_Scripts/General Search/Algemene Zoekopdracht -test env/Confirmeren' is clicked on&#xD;
&#xD;
2019-08-21 19:11:11 - [TEST_STEP][PASSED] - delay(5): Delayed 5 second(s)&#xD;
&#xD;
2019-08-21 19:11:16 - [MESSAGE][PASSED] - Delayed 5 second(s)&#xD;
&#xD;
2019-08-21 19:11:16 - [TEST_STEP][PASSED] - click(findTestObject("Actpol_Scripts/Generiek/Assistentie/Click roll process")): Object: 'Object Repository/Actpol_Scripts/Generiek/Assistentie/Click roll process' is clicked on&#xD;
&#xD;
2019-08-21 19:11:19 - [MESSAGE][PASSED] - Object: 'Object Repository/Actpol_Scripts/Generiek/Assistentie/Click roll process' is clicked on&#xD;
&#xD;
2019-08-21 19:11:19 - [TEST_STEP][PASSED] - delay(2): Delayed 2 second(s)&#xD;
&#xD;
2019-08-21 19:11:21 - [MESSAGE][PASSED] - Delayed 2 second(s)&#xD;
&#xD;
2019-08-21 19:11:21 - [TEST_STEP][PASSED] - click(findTestObject("Actpol_Scripts/Generiek/Assistentie/Click new process")): Object: 'Object Repository/Actpol_Scripts/Generiek/Assistentie/Click new process' is clicked on&#xD;
&#xD;
2019-08-21 19:11:21 - [MESSAGE][PASSED] - Object: 'Object Repository/Actpol_Scripts/Generiek/Assistentie/Click new process' is clicked on&#xD;
&#xD;
2019-08-21 19:11:21 - [TEST_STEP][PASSED] - delay(2): Delayed 2 second(s)&#xD;
&#xD;
2019-08-21 19:11:23 - [MESSAGE][PASSED] - Delayed 2 second(s)&#xD;
&#xD;
2019-08-21 19:11:23 - [TEST_STEP][PASSED] - comment("Select process "VREEMDELING""): Select process "VREEMDELING"&#xD;
&#xD;
2019-08-21 19:11:24 - [MESSAGE][INFO] - Select process "VREEMDELING"&#xD;
&#xD;
2019-08-21 19:11:24 - [TEST_STEP][PASSED] - selectOptionByLabel(findTestObject("Actpol_Scripts/Generiek/Assistentie/Rol Proces Type"), "VREEMDELING", false): All options with label 'VREEMDELING' are selected in object 'Object Repository/Actpol_Scripts/Generiek/Assistentie/Rol Proces Type' &#xD;
&#xD;
2019-08-21 19:11:24 - [MESSAGE][PASSED] - All options with label 'VREEMDELING' are selected in object 'Object Repository/Actpol_Scripts/Generiek/Assistentie/Rol Proces Type' &#xD;
&#xD;
2019-08-21 19:11:24 - [TEST_STEP][PASSED] - delay(3): Delayed 3 second(s)&#xD;
&#xD;
2019-08-21 19:11:27 - [MESSAGE][PASSED] - Delayed 3 second(s)&#xD;
&#xD;
2019-08-21 19:11:27 - [TEST_STEP][PASSED] - click(findTestObject("JIRA/A Relese 6.6/ACTPOL-309/Vreemdeling TAB")): Object: 'Object Repository/JIRA/A Relese 6.6/ACTPOL-309/Vreemdeling TAB' is clicked on&#xD;
&#xD;
2019-08-21 19:11:28 - [MESSAGE][PASSED] - Object: 'Object Repository/JIRA/A Relese 6.6/ACTPOL-309/Vreemdeling TAB' is clicked on&#xD;
&#xD;
2019-08-21 19:11:28 - [TEST_STEP][PASSED] - delay(1): Delayed 1 second(s)&#xD;
&#xD;
2019-08-21 19:11:29 - [MESSAGE][PASSED] - Delayed 1 second(s)&#xD;
&#xD;
2019-08-21 19:11:29 - [TEST_STEP][PASSED] - click(findTestObject("JIRA/A Relese 6.6/ACTPOL-309/Reisdocumenten tab")): Object: 'Object Repository/JIRA/A Relese 6.6/ACTPOL-309/Reisdocumenten tab' is clicked on&#xD;
&#xD;
2019-08-21 19:11:30 - [MESSAGE][PASSED] - Object: 'Object Repository/JIRA/A Relese 6.6/ACTPOL-309/Reisdocumenten tab' is clicked on&#xD;
&#xD;
2019-08-21 19:11:30 - [TEST_STEP][PASSED] - delay(2): Delayed 2 second(s)&#xD;
&#xD;
2019-08-21 19:11:32 - [MESSAGE][PASSED] - Delayed 2 second(s)&#xD;
&#xD;
2019-08-21 19:11:32 - [TEST_STEP][PASSED] - click(findTestObject("JIRA/A Relese 6.6/ACTPOL-309/Reisdocumenten new")): Object: 'Object Repository/JIRA/A Relese 6.6/ACTPOL-309/Reisdocumenten new' is clicked on&#xD;
&#xD;
2019-08-21 19:11:33 - [MESSAGE][PASSED] - Object: 'Object Repository/JIRA/A Relese 6.6/ACTPOL-309/Reisdocumenten new' is clicked on&#xD;
&#xD;
2019-08-21 19:11:33 - [TEST_STEP][PASSED] - delay(1): Delayed 1 second(s)&#xD;
&#xD;
2019-08-21 19:11:34 - [MESSAGE][PASSED] - Delayed 1 second(s)&#xD;
&#xD;
2019-08-21 19:11:34 - [TEST_STEP][PASSED] - selectOptionByLabel(findTestObject("JIRA/A Relese 6.6/ACTPOL-309/Soort Document"), "ID", false): All options with label 'ID' are selected in object 'Object Repository/JIRA/A Relese 6.6/ACTPOL-309/Soort Document' &#xD;
&#xD;
2019-08-21 19:11:34 - [MESSAGE][PASSED] - All options with label 'ID' are selected in object 'Object Repository/JIRA/A Relese 6.6/ACTPOL-309/Soort Document' &#xD;
&#xD;
2019-08-21 19:11:34 - [TEST_STEP][PASSED] - delay(4): Delayed 4 second(s)&#xD;
&#xD;
2019-08-21 19:11:38 - [MESSAGE][PASSED] - Delayed 4 second(s)&#xD;
&#xD;
2019-08-21 19:11:38 - [TEST_STEP][PASSED] - selectOptionByLabel(findTestObject("JIRA/A Relese 6.6/ACTPOL-309/Type"), "Identiteitsbewijs", false): All options with label 'Identiteitsbewijs' are selected in object 'Object Repository/JIRA/A Relese 6.6/ACTPOL-309/Type' &#xD;
&#xD;
2019-08-21 19:11:39 - [MESSAGE][PASSED] - All options with label 'Identiteitsbewijs' are selected in object 'Object Repository/JIRA/A Relese 6.6/ACTPOL-309/Type' &#xD;
&#xD;
2019-08-21 19:11:39 - [TEST_STEP][PASSED] - delay(1): Delayed 1 second(s)&#xD;
&#xD;
2019-08-21 19:11:40 - [MESSAGE][PASSED] - Delayed 1 second(s)&#xD;
&#xD;
2019-08-21 19:11:40 - [TEST_STEP][PASSED] - setText(findTestObject("JIRA/A Relese 6.6/ACTPOL-309/Document nummer"), "123456"): Text '123456' is set on object 'Object Repository/JIRA/A Relese 6.6/ACTPOL-309/Document nummer'&#xD;
&#xD;
2019-08-21 19:11:41 - [MESSAGE][PASSED] - Text '123456' is set on object 'Object Repository/JIRA/A Relese 6.6/ACTPOL-309/Document nummer'&#xD;
&#xD;
2019-08-21 19:11:41 - [TEST_STEP][PASSED] - delay(1): Delayed 1 second(s)&#xD;
&#xD;
2019-08-21 19:11:42 - [MESSAGE][PASSED] - Delayed 1 second(s)&#xD;
&#xD;
2019-08-21 19:11:42 - [TEST_STEP][PASSED] - click(findTestObject("JIRA/A Relese 6.6/ACTPOL-309/Plaats afgifte")): Object: 'Object Repository/JIRA/A Relese 6.6/ACTPOL-309/Plaats afgifte' is clicked on&#xD;
&#xD;
2019-08-21 19:11:43 - [MESSAGE][PASSED] - Object: 'Object Repository/JIRA/A Relese 6.6/ACTPOL-309/Plaats afgifte' is clicked on&#xD;
&#xD;
2019-08-21 19:11:43 - [TEST_STEP][PASSED] - delay(2): Delayed 2 second(s)&#xD;
&#xD;
2019-08-21 19:11:45 - [MESSAGE][PASSED] - Delayed 2 second(s)&#xD;
&#xD;
2019-08-21 19:11:45 - [TEST_STEP][PASSED] - click(findTestObject("JIRA/A Relese 6.6/ACTPOL-309/Plaats afgifte lb")): Object: 'Object Repository/JIRA/A Relese 6.6/ACTPOL-309/Plaats afgifte lb' is clicked on&#xD;
&#xD;
2019-08-21 19:11:45 - [MESSAGE][PASSED] - Object: 'Object Repository/JIRA/A Relese 6.6/ACTPOL-309/Plaats afgifte lb' is clicked on&#xD;
&#xD;
2019-08-21 19:11:45 - [TEST_STEP][PASSED] - delay(1): Delayed 1 second(s)&#xD;
&#xD;
2019-08-21 19:11:46 - [MESSAGE][PASSED] - Delayed 1 second(s)&#xD;
&#xD;
2019-08-21 19:11:46 - [TEST_STEP][PASSED] - click(findTestObject("JIRA/A Relese 6.6/ACTPOL-309/Reisdocumenten save")): Object: 'Object Repository/JIRA/A Relese 6.6/ACTPOL-309/Reisdocumenten save' is clicked on&#xD;
&#xD;
2019-08-21 19:11:47 - [MESSAGE][PASSED] - Object: 'Object Repository/JIRA/A Relese 6.6/ACTPOL-309/Reisdocumenten save' is clicked on&#xD;
&#xD;
2019-08-21 19:11:47 - [TEST_STEP][PASSED] - delay(2): Delayed 2 second(s)&#xD;
&#xD;
2019-08-21 19:11:49 - [MESSAGE][PASSED] - Delayed 2 second(s)&#xD;
&#xD;
2019-08-21 19:11:49 - [TEST_STEP][PASSED] - click(findTestObject("JIRA/A Relese 6.6/ACTPOL-309/Reisdocumenten new")): Object: 'Object Repository/JIRA/A Relese 6.6/ACTPOL-309/Reisdocumenten new' is clicked on&#xD;
&#xD;
2019-08-21 19:11:50 - [MESSAGE][PASSED] - Object: 'Object Repository/JIRA/A Relese 6.6/ACTPOL-309/Reisdocumenten new' is clicked on&#xD;
&#xD;
2019-08-21 19:11:50 - [TEST_STEP][PASSED] - delay(1): Delayed 1 second(s)&#xD;
&#xD;
2019-08-21 19:11:51 - [MESSAGE][PASSED] - Delayed 1 second(s)&#xD;
&#xD;
2019-08-21 19:11:51 - [TEST_STEP][PASSED] - selectOptionByLabel(findTestObject("JIRA/A Relese 6.6/ACTPOL-309/Soort Document"), "Paspoort", false): All options with label 'Paspoort' are selected in object 'Object Repository/JIRA/A Relese 6.6/ACTPOL-309/Soort Document' &#xD;
&#xD;
2019-08-21 19:11:52 - [MESSAGE][PASSED] - All options with label 'Paspoort' are selected in object 'Object Repository/JIRA/A Relese 6.6/ACTPOL-309/Soort Document' &#xD;
&#xD;
2019-08-21 19:11:52 - [TEST_STEP][PASSED] - delay(4): Delayed 4 second(s)&#xD;
&#xD;
2019-08-21 19:11:56 - [MESSAGE][PASSED] - Delayed 4 second(s)&#xD;
&#xD;
2019-08-21 19:11:56 - [TEST_STEP][PASSED] - selectOptionByLabel(findTestObject("JIRA/A Relese 6.6/ACTPOL-309/Type"), "dienstpaspoort", false): All options with label 'dienstpaspoort' are selected in object 'Object Repository/JIRA/A Relese 6.6/ACTPOL-309/Type' &#xD;
&#xD;
2019-08-21 19:11:57 - [MESSAGE][PASSED] - All options with label 'dienstpaspoort' are selected in object 'Object Repository/JIRA/A Relese 6.6/ACTPOL-309/Type' &#xD;
&#xD;
2019-08-21 19:11:57 - [TEST_STEP][PASSED] - delay(1): Delayed 1 second(s)&#xD;
&#xD;
2019-08-21 19:11:58 - [MESSAGE][PASSED] - Delayed 1 second(s)&#xD;
&#xD;
2019-08-21 19:11:58 - [TEST_STEP][PASSED] - setText(findTestObject("JIRA/A Relese 6.6/ACTPOL-309/Document nummer"), "123456"): Text '123456' is set on object 'Object Repository/JIRA/A Relese 6.6/ACTPOL-309/Document nummer'&#xD;
&#xD;
2019-08-21 19:11:59 - [MESSAGE][PASSED] - Text '123456' is set on object 'Object Repository/JIRA/A Relese 6.6/ACTPOL-309/Document nummer'&#xD;
&#xD;
2019-08-21 19:11:59 - [TEST_STEP][PASSED] - delay(1): Delayed 1 second(s)&#xD;
&#xD;
2019-08-21 19:12:00 - [MESSAGE][PASSED] - Delayed 1 second(s)&#xD;
&#xD;
2019-08-21 19:12:00 - [TEST_STEP][PASSED] - click(findTestObject("JIRA/A Relese 6.6/ACTPOL-309/Plaats afgifte")): Object: 'Object Repository/JIRA/A Relese 6.6/ACTPOL-309/Plaats afgifte' is clicked on&#xD;
&#xD;
2019-08-21 19:12:00 - [MESSAGE][PASSED] - Object: 'Object Repository/JIRA/A Relese 6.6/ACTPOL-309/Plaats afgifte' is clicked on&#xD;
&#xD;
2019-08-21 19:12:00 - [TEST_STEP][PASSED] - delay(2): Delayed 2 second(s)&#xD;
&#xD;
2019-08-21 19:12:02 - [MESSAGE][PASSED] - Delayed 2 second(s)&#xD;
&#xD;
2019-08-21 19:12:02 - [TEST_STEP][PASSED] - click(findTestObject("JIRA/A Relese 6.6/ACTPOL-309/Plaats afgifte lb 2")): Object: 'Object Repository/JIRA/A Relese 6.6/ACTPOL-309/Plaats afgifte lb 2' is clicked on&#xD;
&#xD;
2019-08-21 19:12:04 - [MESSAGE][PASSED] - Object: 'Object Repository/JIRA/A Relese 6.6/ACTPOL-309/Plaats afgifte lb 2' is clicked on&#xD;
&#xD;
2019-08-21 19:12:04 - [TEST_STEP][PASSED] - delay(1): Delayed 1 second(s)&#xD;
&#xD;
2019-08-21 19:12:05 - [MESSAGE][PASSED] - Delayed 1 second(s)&#xD;
&#xD;
2019-08-21 19:12:05 - [TEST_STEP][PASSED] - click(findTestObject("JIRA/A Relese 6.6/ACTPOL-309/Reisdocumenten save")): Object: 'Object Repository/JIRA/A Relese 6.6/ACTPOL-309/Reisdocumenten save' is clicked on&#xD;
&#xD;
2019-08-21 19:12:06 - [MESSAGE][PASSED] - Object: 'Object Repository/JIRA/A Relese 6.6/ACTPOL-309/Reisdocumenten save' is clicked on&#xD;
&#xD;
2019-08-21 19:12:06 - [TEST_STEP][PASSED] - delay(2): Delayed 2 second(s)&#xD;
&#xD;
2019-08-21 19:12:08 - [MESSAGE][PASSED] - Delayed 2 second(s)&#xD;
&#xD;
2019-08-21 19:12:08 - [TEST_STEP][PASSED] - click(findTestObject("JIRA/A Relese 6.6/ACTPOL-309/Reisdocumenten new")): Object: 'Object Repository/JIRA/A Relese 6.6/ACTPOL-309/Reisdocumenten new' is clicked on&#xD;
&#xD;
2019-08-21 19:12:08 - [MESSAGE][PASSED] - Object: 'Object Repository/JIRA/A Relese 6.6/ACTPOL-309/Reisdocumenten new' is clicked on&#xD;
&#xD;
2019-08-21 19:12:08 - [TEST_STEP][PASSED] - delay(1): Delayed 1 second(s)&#xD;
&#xD;
2019-08-21 19:12:09 - [MESSAGE][PASSED] - Delayed 1 second(s)&#xD;
&#xD;
2019-08-21 19:12:09 - [TEST_STEP][PASSED] - selectOptionByLabel(findTestObject("JIRA/A Relese 6.6/ACTPOL-309/Soort Document"), "Paspoort", false): All options with label 'Paspoort' are selected in object 'Object Repository/JIRA/A Relese 6.6/ACTPOL-309/Soort Document' &#xD;
&#xD;
2019-08-21 19:12:11 - [MESSAGE][PASSED] - All options with label 'Paspoort' are selected in object 'Object Repository/JIRA/A Relese 6.6/ACTPOL-309/Soort Document' &#xD;
&#xD;
2019-08-21 19:12:11 - [TEST_STEP][PASSED] - delay(4): Delayed 4 second(s)&#xD;
&#xD;
2019-08-21 19:12:15 - [MESSAGE][PASSED] - Delayed 4 second(s)&#xD;
&#xD;
2019-08-21 19:12:15 - [TEST_STEP][PASSED] - selectOptionByLabel(findTestObject("JIRA/A Relese 6.6/ACTPOL-309/Type"), "diplomatiek paspoort", false): All options with label 'diplomatiek paspoort' are selected in object 'Object Repository/JIRA/A Relese 6.6/ACTPOL-309/Type' &#xD;
&#xD;
2019-08-21 19:12:15 - [MESSAGE][PASSED] - All options with label 'diplomatiek paspoort' are selected in object 'Object Repository/JIRA/A Relese 6.6/ACTPOL-309/Type' &#xD;
&#xD;
2019-08-21 19:12:15 - [TEST_STEP][PASSED] - delay(1): Delayed 1 second(s)&#xD;
&#xD;
2019-08-21 19:12:16 - [MESSAGE][PASSED] - Delayed 1 second(s)&#xD;
&#xD;
2019-08-21 19:12:16 - [TEST_STEP][PASSED] - setText(findTestObject("JIRA/A Relese 6.6/ACTPOL-309/Document nummer"), "123456"): Text '123456' is set on object 'Object Repository/JIRA/A Relese 6.6/ACTPOL-309/Document nummer'&#xD;
&#xD;
2019-08-21 19:12:17 - [MESSAGE][PASSED] - Text '123456' is set on object 'Object Repository/JIRA/A Relese 6.6/ACTPOL-309/Document nummer'&#xD;
&#xD;
2019-08-21 19:12:17 - [TEST_STEP][PASSED] - delay(1): Delayed 1 second(s)&#xD;
&#xD;
2019-08-21 19:12:18 - [MESSAGE][PASSED] - Delayed 1 second(s)&#xD;
&#xD;
2019-08-21 19:12:18 - [TEST_STEP][PASSED] - click(findTestObject("JIRA/A Relese 6.6/ACTPOL-309/Plaats afgifte")): Object: 'Object Repository/JIRA/A Relese 6.6/ACTPOL-309/Plaats afgifte' is clicked on&#xD;
&#xD;
2019-08-21 19:12:19 - [MESSAGE][PASSED] - Object: 'Object Repository/JIRA/A Relese 6.6/ACTPOL-309/Plaats afgifte' is clicked on&#xD;
&#xD;
2019-08-21 19:12:19 - [TEST_STEP][PASSED] - delay(2): Delayed 2 second(s)&#xD;
&#xD;
2019-08-21 19:12:21 - [MESSAGE][PASSED] - Delayed 2 second(s)&#xD;
&#xD;
2019-08-21 19:12:21 - [TEST_STEP][PASSED] - click(findTestObject("JIRA/A Relese 6.6/ACTPOL-309/Plaats afgifte lb 3")): Object: 'Object Repository/JIRA/A Relese 6.6/ACTPOL-309/Plaats afgifte lb 3' is clicked on&#xD;
&#xD;
2019-08-21 19:12:22 - [MESSAGE][PASSED] - Object: 'Object Repository/JIRA/A Relese 6.6/ACTPOL-309/Plaats afgifte lb 3' is clicked on&#xD;
&#xD;
2019-08-21 19:12:22 - [TEST_STEP][PASSED] - delay(1): Delayed 1 second(s)&#xD;
&#xD;
2019-08-21 19:12:23 - [MESSAGE][PASSED] - Delayed 1 second(s)&#xD;
&#xD;
2019-08-21 19:12:23 - [TEST_STEP][PASSED] - click(findTestObject("JIRA/A Relese 6.6/ACTPOL-309/Reisdocumenten save")): Object: 'Object Repository/JIRA/A Relese 6.6/ACTPOL-309/Reisdocumenten save' is clicked on&#xD;
&#xD;
2019-08-21 19:12:23 - [MESSAGE][PASSED] - Object: 'Object Repository/JIRA/A Relese 6.6/ACTPOL-309/Reisdocumenten save' is clicked on&#xD;
&#xD;
2019-08-21 19:12:23 - [TEST_STEP][PASSED] - delay(2): Delayed 2 second(s)&#xD;
&#xD;
2019-08-21 19:12:25 - [MESSAGE][PASSED] - Delayed 2 second(s)&#xD;
&#xD;
2019-08-21 19:12:25 - [TEST_STEP][PASSED] - click(findTestObject("JIRA/A Relese 6.6/ACTPOL-309/Reisdocumenten new")): Object: 'Object Repository/JIRA/A Relese 6.6/ACTPOL-309/Reisdocumenten new' is clicked on&#xD;
&#xD;
2019-08-21 19:12:26 - [MESSAGE][PASSED] - Object: 'Object Repository/JIRA/A Relese 6.6/ACTPOL-309/Reisdocumenten new' is clicked on&#xD;
&#xD;
2019-08-21 19:12:26 - [TEST_STEP][PASSED] - delay(1): Delayed 1 second(s)&#xD;
&#xD;
2019-08-21 19:12:27 - [MESSAGE][PASSED] - Delayed 1 second(s)&#xD;
&#xD;
2019-08-21 19:12:27 - [TEST_STEP][PASSED] - selectOptionByLabel(findTestObject("JIRA/A Relese 6.6/ACTPOL-309/Soort Document"), "Paspoort", false): All options with label 'Paspoort' are selected in object 'Object Repository/JIRA/A Relese 6.6/ACTPOL-309/Soort Document' &#xD;
&#xD;
2019-08-21 19:12:27 - [MESSAGE][PASSED] - All options with label 'Paspoort' are selected in object 'Object Repository/JIRA/A Relese 6.6/ACTPOL-309/Soort Document' &#xD;
&#xD;
2019-08-21 19:12:27 - [TEST_STEP][PASSED] - delay(4): Delayed 4 second(s)&#xD;
&#xD;
2019-08-21 19:12:31 - [MESSAGE][PASSED] - Delayed 4 second(s)&#xD;
&#xD;
2019-08-21 19:12:31 - [TEST_STEP][PASSED] - selectOptionByLabel(findTestObject("JIRA/A Relese 6.6/ACTPOL-309/Type"), "laissez-passer", false): All options with label 'laissez-passer' are selected in object 'Object Repository/JIRA/A Relese 6.6/ACTPOL-309/Type' &#xD;
&#xD;
2019-08-21 19:12:32 - [MESSAGE][PASSED] - All options with label 'laissez-passer' are selected in object 'Object Repository/JIRA/A Relese 6.6/ACTPOL-309/Type' &#xD;
&#xD;
2019-08-21 19:12:32 - [TEST_STEP][PASSED] - delay(1): Delayed 1 second(s)&#xD;
&#xD;
2019-08-21 19:12:33 - [MESSAGE][PASSED] - Delayed 1 second(s)&#xD;
&#xD;
2019-08-21 19:12:33 - [TEST_STEP][PASSED] - setText(findTestObject("JIRA/A Relese 6.6/ACTPOL-309/Document nummer"), "123456"): Text '123456' is set on object 'Object Repository/JIRA/A Relese 6.6/ACTPOL-309/Document nummer'&#xD;
&#xD;
2019-08-21 19:12:34 - [MESSAGE][PASSED] - Text '123456' is set on object 'Object Repository/JIRA/A Relese 6.6/ACTPOL-309/Document nummer'&#xD;
&#xD;
2019-08-21 19:12:34 - [TEST_STEP][PASSED] - delay(1): Delayed 1 second(s)&#xD;
&#xD;
2019-08-21 19:12:35 - [MESSAGE][PASSED] - Delayed 1 second(s)&#xD;
&#xD;
2019-08-21 19:12:35 - [TEST_STEP][PASSED] - click(findTestObject("JIRA/A Relese 6.6/ACTPOL-309/Plaats afgifte")): Object: 'Object Repository/JIRA/A Relese 6.6/ACTPOL-309/Plaats afgifte' is clicked on&#xD;
&#xD;
2019-08-21 19:12:35 - [MESSAGE][PASSED] - Object: 'Object Repository/JIRA/A Relese 6.6/ACTPOL-309/Plaats afgifte' is clicked on&#xD;
&#xD;
2019-08-21 19:12:35 - [TEST_STEP][PASSED] - delay(2): Delayed 2 second(s)&#xD;
&#xD;
2019-08-21 19:12:37 - [MESSAGE][PASSED] - Delayed 2 second(s)&#xD;
&#xD;
2019-08-21 19:12:37 - [TEST_STEP][PASSED] - click(findTestObject("JIRA/A Relese 6.6/ACTPOL-309/Plaats afgifte lb 4")): Object: 'Object Repository/JIRA/A Relese 6.6/ACTPOL-309/Plaats afgifte lb 4' is clicked on&#xD;
&#xD;
2019-08-21 19:12:38 - [MESSAGE][PASSED] - Object: 'Object Repository/JIRA/A Relese 6.6/ACTPOL-309/Plaats afgifte lb 4' is clicked on&#xD;
&#xD;
2019-08-21 19:12:38 - [TEST_STEP][PASSED] - delay(1): Delayed 1 second(s)&#xD;
&#xD;
2019-08-21 19:12:39 - [MESSAGE][PASSED] - Delayed 1 second(s)&#xD;
&#xD;
2019-08-21 19:12:39 - [TEST_STEP][PASSED] - click(findTestObject("JIRA/A Relese 6.6/ACTPOL-309/Reisdocumenten save")): Object: 'Object Repository/JIRA/A Relese 6.6/ACTPOL-309/Reisdocumenten save' is clicked on&#xD;
&#xD;
2019-08-21 19:12:40 - [MESSAGE][PASSED] - Object: 'Object Repository/JIRA/A Relese 6.6/ACTPOL-309/Reisdocumenten save' is clicked on&#xD;
&#xD;
2019-08-21 19:12:40 - [TEST_STEP][PASSED] - delay(2): Delayed 2 second(s)&#xD;
&#xD;
2019-08-21 19:12:42 - [MESSAGE][PASSED] - Delayed 2 second(s)&#xD;
&#xD;
2019-08-21 19:12:42 - [TEST_STEP][PASSED] - click(findTestObject("JIRA/A Relese 6.6/ACTPOL-309/Reisdocumenten new")): Object: 'Object Repository/JIRA/A Relese 6.6/ACTPOL-309/Reisdocumenten new' is clicked on&#xD;
&#xD;
2019-08-21 19:12:42 - [MESSAGE][PASSED] - Object: 'Object Repository/JIRA/A Relese 6.6/ACTPOL-309/Reisdocumenten new' is clicked on&#xD;
&#xD;
2019-08-21 19:12:42 - [TEST_STEP][PASSED] - delay(1): Delayed 1 second(s)&#xD;
&#xD;
2019-08-21 19:12:43 - [MESSAGE][PASSED] - Delayed 1 second(s)&#xD;
&#xD;
2019-08-21 19:12:43 - [TEST_STEP][PASSED] - selectOptionByLabel(findTestObject("JIRA/A Relese 6.6/ACTPOL-309/Soort Document"), "Paspoort", false): All options with label 'Paspoort' are selected in object 'Object Repository/JIRA/A Relese 6.6/ACTPOL-309/Soort Document' &#xD;
&#xD;
2019-08-21 19:12:44 - [MESSAGE][PASSED] - All options with label 'Paspoort' are selected in object 'Object Repository/JIRA/A Relese 6.6/ACTPOL-309/Soort Document' &#xD;
&#xD;
2019-08-21 19:12:44 - [TEST_STEP][PASSED] - delay(4): Delayed 4 second(s)&#xD;
&#xD;
2019-08-21 19:12:48 - [MESSAGE][PASSED] - Delayed 4 second(s)&#xD;
&#xD;
2019-08-21 19:12:48 - [TEST_STEP][PASSED] - selectOptionByLabel(findTestObject("JIRA/A Relese 6.6/ACTPOL-309/Type"), "nationaal paspoort", false): All options with label 'nationaal paspoort' are selected in object 'Object Repository/JIRA/A Relese 6.6/ACTPOL-309/Type' &#xD;
&#xD;
2019-08-21 19:12:48 - [MESSAGE][PASSED] - All options with label 'nationaal paspoort' are selected in object 'Object Repository/JIRA/A Relese 6.6/ACTPOL-309/Type' &#xD;
&#xD;
2019-08-21 19:12:49 - [TEST_STEP][PASSED] - delay(1): Delayed 1 second(s)&#xD;
&#xD;
2019-08-21 19:12:50 - [MESSAGE][PASSED] - Delayed 1 second(s)&#xD;
&#xD;
2019-08-21 19:12:50 - [TEST_STEP][PASSED] - setText(findTestObject("JIRA/A Relese 6.6/ACTPOL-309/Document nummer"), "123456"): Text '123456' is set on object 'Object Repository/JIRA/A Relese 6.6/ACTPOL-309/Document nummer'&#xD;
&#xD;
2019-08-21 19:12:50 - [MESSAGE][PASSED] - Text '123456' is set on object 'Object Repository/JIRA/A Relese 6.6/ACTPOL-309/Document nummer'&#xD;
&#xD;
2019-08-21 19:12:50 - [TEST_STEP][PASSED] - delay(1): Delayed 1 second(s)&#xD;
&#xD;
2019-08-21 19:12:51 - [MESSAGE][PASSED] - Delayed 1 second(s)&#xD;
&#xD;
2019-08-21 19:12:51 - [TEST_STEP][PASSED] - click(findTestObject("JIRA/A Relese 6.6/ACTPOL-309/Plaats afgifte")): Object: 'Object Repository/JIRA/A Relese 6.6/ACTPOL-309/Plaats afgifte' is clicked on&#xD;
&#xD;
2019-08-21 19:12:52 - [MESSAGE][PASSED] - Object: 'Object Repository/JIRA/A Relese 6.6/ACTPOL-309/Plaats afgifte' is clicked on&#xD;
&#xD;
2019-08-21 19:12:52 - [TEST_STEP][PASSED] - delay(2): Delayed 2 second(s)&#xD;
&#xD;
2019-08-21 19:12:54 - [MESSAGE][PASSED] - Delayed 2 second(s)&#xD;
&#xD;
2019-08-21 19:12:54 - [TEST_STEP][PASSED] - click(findTestObject("JIRA/A Relese 6.6/ACTPOL-309/Plaats afgifte lb 5")): Object: 'Object Repository/JIRA/A Relese 6.6/ACTPOL-309/Plaats afgifte lb 5' is clicked on&#xD;
&#xD;
2019-08-21 19:12:55 - [MESSAGE][PASSED] - Object: 'Object Repository/JIRA/A Relese 6.6/ACTPOL-309/Plaats afgifte lb 5' is clicked on&#xD;
&#xD;
2019-08-21 19:12:55 - [TEST_STEP][PASSED] - delay(1): Delayed 1 second(s)&#xD;
&#xD;
2019-08-21 19:12:56 - [MESSAGE][PASSED] - Delayed 1 second(s)&#xD;
&#xD;
2019-08-21 19:12:56 - [TEST_STEP][PASSED] - click(findTestObject("JIRA/A Relese 6.6/ACTPOL-309/Reisdocumenten save")): Object: 'Object Repository/JIRA/A Relese 6.6/ACTPOL-309/Reisdocumenten save' is clicked on&#xD;
&#xD;
2019-08-21 19:12:56 - [MESSAGE][PASSED] - Object: 'Object Repository/JIRA/A Relese 6.6/ACTPOL-309/Reisdocumenten save' is clicked on&#xD;
&#xD;
2019-08-21 19:12:56 - [TEST_STEP][PASSED] - delay(2): Delayed 2 second(s)&#xD;
&#xD;
2019-08-21 19:12:58 - [MESSAGE][PASSED] - Delayed 2 second(s)&#xD;
&#xD;
2019-08-21 19:12:58 - [TEST_STEP][PASSED] - click(findTestObject("JIRA/A Relese 6.6/ACTPOL-309/Reisdocumenten new")): Object: 'Object Repository/JIRA/A Relese 6.6/ACTPOL-309/Reisdocumenten new' is clicked on&#xD;
&#xD;
2019-08-21 19:12:59 - [MESSAGE][PASSED] - Object: 'Object Repository/JIRA/A Relese 6.6/ACTPOL-309/Reisdocumenten new' is clicked on&#xD;
&#xD;
2019-08-21 19:12:59 - [TEST_STEP][PASSED] - delay(1): Delayed 1 second(s)&#xD;
&#xD;
2019-08-21 19:13:00 - [MESSAGE][PASSED] - Delayed 1 second(s)&#xD;
&#xD;
2019-08-21 19:13:00 - [TEST_STEP][PASSED] - selectOptionByLabel(findTestObject("JIRA/A Relese 6.6/ACTPOL-309/Soort Document"), "Paspoort", false): All options with label 'Paspoort' are selected in object 'Object Repository/JIRA/A Relese 6.6/ACTPOL-309/Soort Document' &#xD;
&#xD;
2019-08-21 19:13:02 - [MESSAGE][PASSED] - All options with label 'Paspoort' are selected in object 'Object Repository/JIRA/A Relese 6.6/ACTPOL-309/Soort Document' &#xD;
&#xD;
2019-08-21 19:13:02 - [TEST_STEP][PASSED] - delay(4): Delayed 4 second(s)&#xD;
&#xD;
2019-08-21 19:13:06 - [MESSAGE][PASSED] - Delayed 4 second(s)&#xD;
&#xD;
2019-08-21 19:13:06 - [TEST_STEP][PASSED] - selectOptionByLabel(findTestObject("JIRA/A Relese 6.6/ACTPOL-309/Type"), "noodpaspoort", false): All options with label 'noodpaspoort' are selected in object 'Object Repository/JIRA/A Relese 6.6/ACTPOL-309/Type' &#xD;
&#xD;
2019-08-21 19:13:06 - [MESSAGE][PASSED] - All options with label 'noodpaspoort' are selected in object 'Object Repository/JIRA/A Relese 6.6/ACTPOL-309/Type' &#xD;
&#xD;
2019-08-21 19:13:06 - [TEST_STEP][PASSED] - delay(1): Delayed 1 second(s)&#xD;
&#xD;
2019-08-21 19:13:07 - [MESSAGE][PASSED] - Delayed 1 second(s)&#xD;
&#xD;
2019-08-21 19:13:07 - [TEST_STEP][PASSED] - setText(findTestObject("JIRA/A Relese 6.6/ACTPOL-309/Document nummer"), "123456"): Text '123456' is set on object 'Object Repository/JIRA/A Relese 6.6/ACTPOL-309/Document nummer'&#xD;
&#xD;
2019-08-21 19:13:09 - [MESSAGE][PASSED] - Text '123456' is set on object 'Object Repository/JIRA/A Relese 6.6/ACTPOL-309/Document nummer'&#xD;
&#xD;
2019-08-21 19:13:09 - [TEST_STEP][PASSED] - delay(1): Delayed 1 second(s)&#xD;
&#xD;
2019-08-21 19:13:10 - [MESSAGE][PASSED] - Delayed 1 second(s)&#xD;
&#xD;
2019-08-21 19:13:10 - [TEST_STEP][PASSED] - click(findTestObject("JIRA/A Relese 6.6/ACTPOL-309/Plaats afgifte")): Object: 'Object Repository/JIRA/A Relese 6.6/ACTPOL-309/Plaats afgifte' is clicked on&#xD;
&#xD;
2019-08-21 19:13:10 - [MESSAGE][PASSED] - Object: 'Object Repository/JIRA/A Relese 6.6/ACTPOL-309/Plaats afgifte' is clicked on&#xD;
&#xD;
2019-08-21 19:13:10 - [TEST_STEP][PASSED] - delay(2): Delayed 2 second(s)&#xD;
&#xD;
2019-08-21 19:13:12 - [MESSAGE][PASSED] - Delayed 2 second(s)&#xD;
&#xD;
2019-08-21 19:13:12 - [TEST_STEP][PASSED] - click(findTestObject("JIRA/A Relese 6.6/ACTPOL-309/Plaats afgifte lb 6")): Object: 'Object Repository/JIRA/A Relese 6.6/ACTPOL-309/Plaats afgifte lb 6' is clicked on&#xD;
&#xD;
2019-08-21 19:13:13 - [MESSAGE][PASSED] - Object: 'Object Repository/JIRA/A Relese 6.6/ACTPOL-309/Plaats afgifte lb 6' is clicked on&#xD;
&#xD;
2019-08-21 19:13:13 - [TEST_STEP][PASSED] - delay(1): Delayed 1 second(s)&#xD;
&#xD;
2019-08-21 19:13:14 - [MESSAGE][PASSED] - Delayed 1 second(s)&#xD;
&#xD;
2019-08-21 19:13:14 - [TEST_STEP][PASSED] - click(findTestObject("JIRA/A Relese 6.6/ACTPOL-309/Reisdocumenten save")): Object: 'Object Repository/JIRA/A Relese 6.6/ACTPOL-309/Reisdocumenten save' is clicked on&#xD;
&#xD;
2019-08-21 19:13:14 - [MESSAGE][PASSED] - Object: 'Object Repository/JIRA/A Relese 6.6/ACTPOL-309/Reisdocumenten save' is clicked on&#xD;
&#xD;
2019-08-21 19:13:14 - [TEST_STEP][PASSED] - delay(2): Delayed 2 second(s)&#xD;
&#xD;
2019-08-21 19:13:16 - [MESSAGE][PASSED] - Delayed 2 second(s)&#xD;
&#xD;
2019-08-21 19:13:16 - [TEST_STEP][PASSED] - click(findTestObject("JIRA/A Relese 6.6/ACTPOL-309/Reisdocumenten new")): Object: 'Object Repository/JIRA/A Relese 6.6/ACTPOL-309/Reisdocumenten new' is clicked on&#xD;
&#xD;
2019-08-21 19:13:17 - [MESSAGE][PASSED] - Object: 'Object Repository/JIRA/A Relese 6.6/ACTPOL-309/Reisdocumenten new' is clicked on&#xD;
&#xD;
2019-08-21 19:13:17 - [TEST_STEP][PASSED] - delay(1): Delayed 1 second(s)&#xD;
&#xD;
2019-08-21 19:13:18 - [MESSAGE][PASSED] - Delayed 1 second(s)&#xD;
&#xD;
2019-08-21 19:13:18 - [TEST_STEP][PASSED] - selectOptionByLabel(findTestObject("JIRA/A Relese 6.6/ACTPOL-309/Soort Document"), "Paspoort", false): All options with label 'Paspoort' are selected in object 'Object Repository/JIRA/A Relese 6.6/ACTPOL-309/Soort Document' &#xD;
&#xD;
2019-08-21 19:13:18 - [MESSAGE][PASSED] - All options with label 'Paspoort' are selected in object 'Object Repository/JIRA/A Relese 6.6/ACTPOL-309/Soort Document' &#xD;
&#xD;
2019-08-21 19:13:19 - [TEST_STEP][PASSED] - delay(4): Delayed 4 second(s)&#xD;
&#xD;
2019-08-21 19:13:23 - [MESSAGE][PASSED] - Delayed 4 second(s)&#xD;
&#xD;
2019-08-21 19:13:23 - [TEST_STEP][PASSED] - selectOptionByLabel(findTestObject("JIRA/A Relese 6.6/ACTPOL-309/Type"), "zakenpaspoort", false): All options with label 'zakenpaspoort' are selected in object 'Object Repository/JIRA/A Relese 6.6/ACTPOL-309/Type' &#xD;
&#xD;
2019-08-21 19:13:23 - [MESSAGE][PASSED] - All options with label 'zakenpaspoort' are selected in object 'Object Repository/JIRA/A Relese 6.6/ACTPOL-309/Type' &#xD;
&#xD;
2019-08-21 19:13:23 - [TEST_STEP][PASSED] - delay(1): Delayed 1 second(s)&#xD;
&#xD;
2019-08-21 19:13:24 - [MESSAGE][PASSED] - Delayed 1 second(s)&#xD;
&#xD;
2019-08-21 19:13:24 - [TEST_STEP][PASSED] - setText(findTestObject("JIRA/A Relese 6.6/ACTPOL-309/Document nummer"), "123456"): Text '123456' is set on object 'Object Repository/JIRA/A Relese 6.6/ACTPOL-309/Document nummer'&#xD;
&#xD;
2019-08-21 19:13:26 - [MESSAGE][PASSED] - Text '123456' is set on object 'Object Repository/JIRA/A Relese 6.6/ACTPOL-309/Document nummer'&#xD;
&#xD;
2019-08-21 19:13:26 - [TEST_STEP][PASSED] - delay(1): Delayed 1 second(s)&#xD;
&#xD;
2019-08-21 19:13:27 - [MESSAGE][PASSED] - Delayed 1 second(s)&#xD;
&#xD;
2019-08-21 19:13:27 - [TEST_STEP][PASSED] - click(findTestObject("JIRA/A Relese 6.6/ACTPOL-309/Plaats afgifte")): Object: 'Object Repository/JIRA/A Relese 6.6/ACTPOL-309/Plaats afgifte' is clicked on&#xD;
&#xD;
2019-08-21 19:13:28 - [MESSAGE][PASSED] - Object: 'Object Repository/JIRA/A Relese 6.6/ACTPOL-309/Plaats afgifte' is clicked on&#xD;
&#xD;
2019-08-21 19:13:28 - [TEST_STEP][PASSED] - delay(2): Delayed 2 second(s)&#xD;
&#xD;
2019-08-21 19:13:30 - [MESSAGE][PASSED] - Delayed 2 second(s)&#xD;
&#xD;
2019-08-21 19:13:30 - [TEST_STEP][PASSED] - click(findTestObject("JIRA/A Relese 6.6/ACTPOL-309/Plaats afgifte lb 7")): Object: 'Object Repository/JIRA/A Relese 6.6/ACTPOL-309/Plaats afgifte lb 7' is clicked on&#xD;
&#xD;
2019-08-21 19:13:30 - [MESSAGE][PASSED] - Object: 'Object Repository/JIRA/A Relese 6.6/ACTPOL-309/Plaats afgifte lb 7' is clicked on&#xD;
&#xD;
2019-08-21 19:13:30 - [TEST_STEP][PASSED] - delay(1): Delayed 1 second(s)&#xD;
&#xD;
2019-08-21 19:13:31 - [MESSAGE][PASSED] - Delayed 1 second(s)&#xD;
&#xD;
2019-08-21 19:13:31 - [TEST_STEP][PASSED] - click(findTestObject("JIRA/A Relese 6.6/ACTPOL-309/Reisdocumenten save")): Object: 'Object Repository/JIRA/A Relese 6.6/ACTPOL-309/Reisdocumenten save' is clicked on&#xD;
&#xD;
2019-08-21 19:13:32 - [MESSAGE][PASSED] - Object: 'Object Repository/JIRA/A Relese 6.6/ACTPOL-309/Reisdocumenten save' is clicked on&#xD;
&#xD;
2019-08-21 19:13:32 - [TEST_STEP][PASSED] - delay(2): Delayed 2 second(s)&#xD;
&#xD;
2019-08-21 19:13:34 - [MESSAGE][PASSED] - Delayed 2 second(s)&#xD;
&#xD;
2019-08-21 19:13:34 - [TEST_STEP][PASSED] - click(findTestObject("JIRA/A Relese 6.6/ACTPOL-309/Reisdocumenten new")): Object: 'Object Repository/JIRA/A Relese 6.6/ACTPOL-309/Reisdocumenten new' is clicked on&#xD;
&#xD;
2019-08-21 19:13:34 - [MESSAGE][PASSED] - Object: 'Object Repository/JIRA/A Relese 6.6/ACTPOL-309/Reisdocumenten new' is clicked on&#xD;
&#xD;
2019-08-21 19:13:34 - [TEST_STEP][PASSED] - delay(1): Delayed 1 second(s)&#xD;
&#xD;
2019-08-21 19:13:35 - [MESSAGE][PASSED] - Delayed 1 second(s)&#xD;
&#xD;
2019-08-21 19:13:35 - [TEST_STEP][PASSED] - selectOptionByLabel(findTestObject("JIRA/A Relese 6.6/ACTPOL-309/Soort Document"), "Paspoort", false): All options with label 'Paspoort' are selected in object 'Object Repository/JIRA/A Relese 6.6/ACTPOL-309/Soort Document' &#xD;
&#xD;
2019-08-21 19:13:36 - [MESSAGE][PASSED] - All options with label 'Paspoort' are selected in object 'Object Repository/JIRA/A Relese 6.6/ACTPOL-309/Soort Document' &#xD;
&#xD;
2019-08-21 19:13:36 - [TEST_STEP][PASSED] - delay(4): Delayed 4 second(s)&#xD;
&#xD;
2019-08-21 19:13:40 - [MESSAGE][PASSED] - Delayed 4 second(s)&#xD;
&#xD;
2019-08-21 19:13:40 - [TEST_STEP][PASSED] - selectOptionByLabel(findTestObject("JIRA/A Relese 6.6/ACTPOL-309/Type"), "2e paspoort", false): All options with label '2e paspoort' are selected in object 'Object Repository/JIRA/A Relese 6.6/ACTPOL-309/Type' &#xD;
&#xD;
2019-08-21 19:13:40 - [MESSAGE][PASSED] - All options with label '2e paspoort' are selected in object 'Object Repository/JIRA/A Relese 6.6/ACTPOL-309/Type' &#xD;
&#xD;
2019-08-21 19:13:40 - [TEST_STEP][PASSED] - delay(1): Delayed 1 second(s)&#xD;
&#xD;
2019-08-21 19:13:41 - [MESSAGE][PASSED] - Delayed 1 second(s)&#xD;
&#xD;
2019-08-21 19:13:41 - [TEST_STEP][PASSED] - setText(findTestObject("JIRA/A Relese 6.6/ACTPOL-309/Document nummer"), "123456"): Text '123456' is set on object 'Object Repository/JIRA/A Relese 6.6/ACTPOL-309/Document nummer'&#xD;
&#xD;
2019-08-21 19:13:42 - [MESSAGE][PASSED] - Text '123456' is set on object 'Object Repository/JIRA/A Relese 6.6/ACTPOL-309/Document nummer'&#xD;
&#xD;
2019-08-21 19:13:42 - [TEST_STEP][PASSED] - delay(1): Delayed 1 second(s)&#xD;
&#xD;
2019-08-21 19:13:43 - [MESSAGE][PASSED] - Delayed 1 second(s)&#xD;
&#xD;
2019-08-21 19:13:43 - [TEST_STEP][PASSED] - click(findTestObject("JIRA/A Relese 6.6/ACTPOL-309/Plaats afgifte")): Object: 'Object Repository/JIRA/A Relese 6.6/ACTPOL-309/Plaats afgifte' is clicked on&#xD;
&#xD;
2019-08-21 19:13:44 - [MESSAGE][PASSED] - Object: 'Object Repository/JIRA/A Relese 6.6/ACTPOL-309/Plaats afgifte' is clicked on&#xD;
&#xD;
2019-08-21 19:13:44 - [TEST_STEP][PASSED] - delay(2): Delayed 2 second(s)&#xD;
&#xD;
2019-08-21 19:13:46 - [MESSAGE][PASSED] - Delayed 2 second(s)&#xD;
&#xD;
2019-08-21 19:13:46 - [TEST_STEP][PASSED] - click(findTestObject("JIRA/A Relese 6.6/ACTPOL-309/Plaats afgifte lb 8")): Object: 'Object Repository/JIRA/A Relese 6.6/ACTPOL-309/Plaats afgifte lb 8' is clicked on&#xD;
&#xD;
2019-08-21 19:13:47 - [MESSAGE][PASSED] - Object: 'Object Repository/JIRA/A Relese 6.6/ACTPOL-309/Plaats afgifte lb 8' is clicked on&#xD;
&#xD;
2019-08-21 19:13:47 - [TEST_STEP][PASSED] - delay(1): Delayed 1 second(s)&#xD;
&#xD;
2019-08-21 19:13:48 - [MESSAGE][PASSED] - Delayed 1 second(s)&#xD;
&#xD;
2019-08-21 19:13:48 - [TEST_STEP][PASSED] - click(findTestObject("JIRA/A Relese 6.6/ACTPOL-309/Reisdocumenten save")): Object: 'Object Repository/JIRA/A Relese 6.6/ACTPOL-309/Reisdocumenten save' is clicked on&#xD;
&#xD;
2019-08-21 19:13:48 - [MESSAGE][PASSED] - Object: 'Object Repository/JIRA/A Relese 6.6/ACTPOL-309/Reisdocumenten save' is clicked on&#xD;
&#xD;
2019-08-21 19:13:48 - [TEST_STEP][PASSED] - delay(2): Delayed 2 second(s)&#xD;
&#xD;
2019-08-21 19:13:50 - [MESSAGE][PASSED] - Delayed 2 second(s)&#xD;
&#xD;
2019-08-21 19:13:50 - [TEST_STEP][PASSED] - click(findTestObject("JIRA/A Relese 6.6/ACTPOL-309/Reisdocumenten new")): Object: 'Object Repository/JIRA/A Relese 6.6/ACTPOL-309/Reisdocumenten new' is clicked on&#xD;
&#xD;
2019-08-21 19:13:51 - [MESSAGE][PASSED] - Object: 'Object Repository/JIRA/A Relese 6.6/ACTPOL-309/Reisdocumenten new' is clicked on&#xD;
&#xD;
2019-08-21 19:13:51 - [TEST_STEP][PASSED] - delay(1): Delayed 1 second(s)&#xD;
&#xD;
2019-08-21 19:13:52 - [MESSAGE][PASSED] - Delayed 1 second(s)&#xD;
&#xD;
2019-08-21 19:13:52 - [TEST_STEP][PASSED] - selectOptionByLabel(findTestObject("JIRA/A Relese 6.6/ACTPOL-309/Soort Document"), "REISDOCUMENT", false): All options with label 'REISDOCUMENT' are selected in object 'Object Repository/JIRA/A Relese 6.6/ACTPOL-309/Soort Document' &#xD;
&#xD;
2019-08-21 19:13:52 - [MESSAGE][PASSED] - All options with label 'REISDOCUMENT' are selected in object 'Object Repository/JIRA/A Relese 6.6/ACTPOL-309/Soort Document' &#xD;
&#xD;
2019-08-21 19:13:52 - [TEST_STEP][PASSED] - delay(4): Delayed 4 second(s)&#xD;
&#xD;
2019-08-21 19:13:56 - [MESSAGE][PASSED] - Delayed 4 second(s)&#xD;
&#xD;
2019-08-21 19:13:56 - [TEST_STEP][PASSED] - selectOptionByLabel(findTestObject("JIRA/A Relese 6.6/ACTPOL-309/Type"), "Reisdocument voor vluchtelingen", false): All options with label 'Reisdocument voor vluchtelingen' are selected in object 'Object Repository/JIRA/A Relese 6.6/ACTPOL-309/Type' &#xD;
&#xD;
2019-08-21 19:13:57 - [MESSAGE][PASSED] - All options with label 'Reisdocument voor vluchtelingen' are selected in object 'Object Repository/JIRA/A Relese 6.6/ACTPOL-309/Type' &#xD;
&#xD;
2019-08-21 19:13:57 - [TEST_STEP][PASSED] - delay(1): Delayed 1 second(s)&#xD;
&#xD;
2019-08-21 19:13:58 - [MESSAGE][PASSED] - Delayed 1 second(s)&#xD;
&#xD;
2019-08-21 19:13:58 - [TEST_STEP][PASSED] - setText(findTestObject("JIRA/A Relese 6.6/ACTPOL-309/Document nummer"), "123456"): Text '123456' is set on object 'Object Repository/JIRA/A Relese 6.6/ACTPOL-309/Document nummer'&#xD;
&#xD;
2019-08-21 19:13:59 - [MESSAGE][PASSED] - Text '123456' is set on object 'Object Repository/JIRA/A Relese 6.6/ACTPOL-309/Document nummer'&#xD;
&#xD;
2019-08-21 19:13:59 - [TEST_STEP][PASSED] - delay(1): Delayed 1 second(s)&#xD;
&#xD;
2019-08-21 19:14:00 - [MESSAGE][PASSED] - Delayed 1 second(s)&#xD;
&#xD;
2019-08-21 19:14:00 - [TEST_STEP][PASSED] - click(findTestObject("JIRA/A Relese 6.6/ACTPOL-309/Plaats afgifte")): Object: 'Object Repository/JIRA/A Relese 6.6/ACTPOL-309/Plaats afgifte' is clicked on&#xD;
&#xD;
2019-08-21 19:14:01 - [MESSAGE][PASSED] - Object: 'Object Repository/JIRA/A Relese 6.6/ACTPOL-309/Plaats afgifte' is clicked on&#xD;
&#xD;
2019-08-21 19:14:01 - [TEST_STEP][PASSED] - delay(2): Delayed 2 second(s)&#xD;
&#xD;
2019-08-21 19:14:03 - [MESSAGE][PASSED] - Delayed 2 second(s)&#xD;
&#xD;
2019-08-21 19:14:03 - [TEST_STEP][PASSED] - click(findTestObject("JIRA/A Relese 6.6/ACTPOL-309/Plaats afgifte lb 9")): Object: 'Object Repository/JIRA/A Relese 6.6/ACTPOL-309/Plaats afgifte lb 9' is clicked on&#xD;
&#xD;
2019-08-21 19:14:04 - [MESSAGE][PASSED] - Object: 'Object Repository/JIRA/A Relese 6.6/ACTPOL-309/Plaats afgifte lb 9' is clicked on&#xD;
&#xD;
2019-08-21 19:14:04 - [TEST_STEP][PASSED] - delay(1): Delayed 1 second(s)&#xD;
&#xD;
2019-08-21 19:14:05 - [MESSAGE][PASSED] - Delayed 1 second(s)&#xD;
&#xD;
2019-08-21 19:14:05 - [TEST_STEP][PASSED] - click(findTestObject("JIRA/A Relese 6.6/ACTPOL-309/Reisdocumenten save")): Object: 'Object Repository/JIRA/A Relese 6.6/ACTPOL-309/Reisdocumenten save' is clicked on&#xD;
&#xD;
2019-08-21 19:14:05 - [MESSAGE][PASSED] - Object: 'Object Repository/JIRA/A Relese 6.6/ACTPOL-309/Reisdocumenten save' is clicked on&#xD;
&#xD;
2019-08-21 19:14:05 - [TEST_STEP][PASSED] - delay(2): Delayed 2 second(s)&#xD;
&#xD;
2019-08-21 19:14:07 - [MESSAGE][PASSED] - Delayed 2 second(s)&#xD;
&#xD;
2019-08-21 19:14:07 - [TEST_STEP][PASSED] - click(findTestObject("JIRA/A Relese 6.6/ACTPOL-309/Reisdocumenten new")): Object: 'Object Repository/JIRA/A Relese 6.6/ACTPOL-309/Reisdocumenten new' is clicked on&#xD;
&#xD;
2019-08-21 19:14:08 - [MESSAGE][PASSED] - Object: 'Object Repository/JIRA/A Relese 6.6/ACTPOL-309/Reisdocumenten new' is clicked on&#xD;
&#xD;
2019-08-21 19:14:08 - [TEST_STEP][PASSED] - delay(1): Delayed 1 second(s)&#xD;
&#xD;
2019-08-21 19:14:09 - [MESSAGE][PASSED] - Delayed 1 second(s)&#xD;
&#xD;
2019-08-21 19:14:09 - [TEST_STEP][PASSED] - selectOptionByLabel(findTestObject("JIRA/A Relese 6.6/ACTPOL-309/Soort Document"), "REISDOCUMENT", false): All options with label 'REISDOCUMENT' are selected in object 'Object Repository/JIRA/A Relese 6.6/ACTPOL-309/Soort Document' &#xD;
&#xD;
2019-08-21 19:14:13 - [MESSAGE][PASSED] - All options with label 'REISDOCUMENT' are selected in object 'Object Repository/JIRA/A Relese 6.6/ACTPOL-309/Soort Document' &#xD;
&#xD;
2019-08-21 19:14:13 - [TEST_STEP][PASSED] - delay(4): Delayed 4 second(s)&#xD;
&#xD;
2019-08-21 19:14:17 - [MESSAGE][PASSED] - Delayed 4 second(s)&#xD;
&#xD;
2019-08-21 19:14:17 - [TEST_STEP][PASSED] - selectOptionByLabel(findTestObject("JIRA/A Relese 6.6/ACTPOL-309/Type"), "Reisdocument voor vreemdelingen", false): All options with label 'Reisdocument voor vreemdelingen' are selected in object 'Object Repository/JIRA/A Relese 6.6/ACTPOL-309/Type' &#xD;
&#xD;
2019-08-21 19:14:18 - [MESSAGE][PASSED] - All options with label 'Reisdocument voor vreemdelingen' are selected in object 'Object Repository/JIRA/A Relese 6.6/ACTPOL-309/Type' &#xD;
&#xD;
2019-08-21 19:14:18 - [TEST_STEP][PASSED] - delay(1): Delayed 1 second(s)&#xD;
&#xD;
2019-08-21 19:14:19 - [MESSAGE][PASSED] - Delayed 1 second(s)&#xD;
&#xD;
2019-08-21 19:14:19 - [TEST_STEP][PASSED] - setText(findTestObject("JIRA/A Relese 6.6/ACTPOL-309/Document nummer"), "123456"): Text '123456' is set on object 'Object Repository/JIRA/A Relese 6.6/ACTPOL-309/Document nummer'&#xD;
&#xD;
2019-08-21 19:14:20 - [MESSAGE][PASSED] - Text '123456' is set on object 'Object Repository/JIRA/A Relese 6.6/ACTPOL-309/Document nummer'&#xD;
&#xD;
2019-08-21 19:14:20 - [TEST_STEP][PASSED] - delay(1): Delayed 1 second(s)&#xD;
&#xD;
2019-08-21 19:14:21 - [MESSAGE][PASSED] - Delayed 1 second(s)&#xD;
&#xD;
2019-08-21 19:14:21 - [TEST_STEP][PASSED] - click(findTestObject("JIRA/A Relese 6.6/ACTPOL-309/Plaats afgifte")): Object: 'Object Repository/JIRA/A Relese 6.6/ACTPOL-309/Plaats afgifte' is clicked on&#xD;
&#xD;
2019-08-21 19:14:23 - [MESSAGE][PASSED] - Object: 'Object Repository/JIRA/A Relese 6.6/ACTPOL-309/Plaats afgifte' is clicked on&#xD;
&#xD;
2019-08-21 19:14:23 - [TEST_STEP][PASSED] - delay(2): Delayed 2 second(s)&#xD;
&#xD;
2019-08-21 19:14:25 - [MESSAGE][PASSED] - Delayed 2 second(s)&#xD;
&#xD;
2019-08-21 19:14:25 - [TEST_STEP][PASSED] - click(findTestObject("JIRA/A Relese 6.6/ACTPOL-309/Plaats afgifte lb 10")): Object: 'Object Repository/JIRA/A Relese 6.6/ACTPOL-309/Plaats afgifte lb 10' is clicked on&#xD;
&#xD;
2019-08-21 19:14:26 - [MESSAGE][PASSED] - Object: 'Object Repository/JIRA/A Relese 6.6/ACTPOL-309/Plaats afgifte lb 10' is clicked on&#xD;
&#xD;
2019-08-21 19:14:26 - [TEST_STEP][PASSED] - delay(1): Delayed 1 second(s)&#xD;
&#xD;
2019-08-21 19:14:27 - [MESSAGE][PASSED] - Delayed 1 second(s)&#xD;
&#xD;
2019-08-21 19:14:27 - [TEST_STEP][PASSED] - click(findTestObject("JIRA/A Relese 6.6/ACTPOL-309/Reisdocumenten save")): Object: 'Object Repository/JIRA/A Relese 6.6/ACTPOL-309/Reisdocumenten save' is clicked on&#xD;
&#xD;
2019-08-21 19:14:27 - [MESSAGE][PASSED] - Object: 'Object Repository/JIRA/A Relese 6.6/ACTPOL-309/Reisdocumenten save' is clicked on&#xD;
&#xD;
2019-08-21 19:14:27 - [TEST_STEP][PASSED] - delay(2): Delayed 2 second(s)&#xD;
&#xD;
2019-08-21 19:14:29 - [MESSAGE][PASSED] - Delayed 2 second(s)&#xD;
&#xD;
2019-08-21 19:14:29 - [TEST_STEP][PASSED] - click(findTestObject("JIRA/A Relese 6.6/ACTPOL-309/Reisdocumenten new")): Object: 'Object Repository/JIRA/A Relese 6.6/ACTPOL-309/Reisdocumenten new' is clicked on&#xD;
&#xD;
2019-08-21 19:14:30 - [MESSAGE][PASSED] - Object: 'Object Repository/JIRA/A Relese 6.6/ACTPOL-309/Reisdocumenten new' is clicked on&#xD;
&#xD;
2019-08-21 19:14:30 - [TEST_STEP][PASSED] - delay(1): Delayed 1 second(s)&#xD;
&#xD;
2019-08-21 19:14:31 - [MESSAGE][PASSED] - Delayed 1 second(s)&#xD;
&#xD;
2019-08-21 19:14:31 - [TEST_STEP][PASSED] - selectOptionByLabel(findTestObject("JIRA/A Relese 6.6/ACTPOL-309/Soort Document"), "Visum", false): All options with label 'Visum' are selected in object 'Object Repository/JIRA/A Relese 6.6/ACTPOL-309/Soort Document' &#xD;
&#xD;
2019-08-21 19:14:32 - [MESSAGE][PASSED] - All options with label 'Visum' are selected in object 'Object Repository/JIRA/A Relese 6.6/ACTPOL-309/Soort Document' &#xD;
&#xD;
2019-08-21 19:14:32 - [TEST_STEP][PASSED] - delay(4): Delayed 4 second(s)&#xD;
&#xD;
2019-08-21 19:14:36 - [MESSAGE][PASSED] - Delayed 4 second(s)&#xD;
&#xD;
2019-08-21 19:14:36 - [TEST_STEP][PASSED] - selectOptionByLabel(findTestObject("JIRA/A Relese 6.6/ACTPOL-309/Type"), "Studie", false): All options with label 'Studie' are selected in object 'Object Repository/JIRA/A Relese 6.6/ACTPOL-309/Type' &#xD;
&#xD;
2019-08-21 19:14:36 - [MESSAGE][PASSED] - All options with label 'Studie' are selected in object 'Object Repository/JIRA/A Relese 6.6/ACTPOL-309/Type' &#xD;
&#xD;
2019-08-21 19:14:36 - [TEST_STEP][PASSED] - delay(1): Delayed 1 second(s)&#xD;
&#xD;
2019-08-21 19:14:37 - [MESSAGE][PASSED] - Delayed 1 second(s)&#xD;
&#xD;
2019-08-21 19:14:37 - [TEST_STEP][PASSED] - setText(findTestObject("JIRA/A Relese 6.6/ACTPOL-309/Document nummer"), "123456"): Text '123456' is set on object 'Object Repository/JIRA/A Relese 6.6/ACTPOL-309/Document nummer'&#xD;
&#xD;
2019-08-21 19:14:38 - [MESSAGE][PASSED] - Text '123456' is set on object 'Object Repository/JIRA/A Relese 6.6/ACTPOL-309/Document nummer'&#xD;
&#xD;
2019-08-21 19:14:38 - [TEST_STEP][PASSED] - delay(1): Delayed 1 second(s)&#xD;
&#xD;
2019-08-21 19:14:39 - [MESSAGE][PASSED] - Delayed 1 second(s)&#xD;
&#xD;
2019-08-21 19:14:39 - [TEST_STEP][PASSED] - click(findTestObject("JIRA/A Relese 6.6/ACTPOL-309/Plaats afgifte")): Object: 'Object Repository/JIRA/A Relese 6.6/ACTPOL-309/Plaats afgifte' is clicked on&#xD;
&#xD;
2019-08-21 19:14:40 - [MESSAGE][PASSED] - Object: 'Object Repository/JIRA/A Relese 6.6/ACTPOL-309/Plaats afgifte' is clicked on&#xD;
&#xD;
2019-08-21 19:14:40 - [TEST_STEP][PASSED] - delay(2): Delayed 2 second(s)&#xD;
&#xD;
2019-08-21 19:14:42 - [MESSAGE][PASSED] - Delayed 2 second(s)&#xD;
&#xD;
2019-08-21 19:14:42 - [TEST_STEP][PASSED] - click(findTestObject("JIRA/A Relese 6.6/ACTPOL-309/Plaats afgifte lb 11")): Object: 'Object Repository/JIRA/A Relese 6.6/ACTPOL-309/Plaats afgifte lb 11' is clicked on&#xD;
&#xD;
2019-08-21 19:14:42 - [MESSAGE][PASSED] - Object: 'Object Repository/JIRA/A Relese 6.6/ACTPOL-309/Plaats afgifte lb 11' is clicked on&#xD;
&#xD;
2019-08-21 19:14:42 - [TEST_STEP][PASSED] - delay(1): Delayed 1 second(s)&#xD;
&#xD;
2019-08-21 19:14:43 - [MESSAGE][PASSED] - Delayed 1 second(s)&#xD;
&#xD;
2019-08-21 19:14:43 - [TEST_STEP][PASSED] - click(findTestObject("JIRA/A Relese 6.6/ACTPOL-309/Reisdocumenten save")): Object: 'Object Repository/JIRA/A Relese 6.6/ACTPOL-309/Reisdocumenten save' is clicked on&#xD;
&#xD;
2019-08-21 19:14:44 - [MESSAGE][PASSED] - Object: 'Object Repository/JIRA/A Relese 6.6/ACTPOL-309/Reisdocumenten save' is clicked on&#xD;
&#xD;
2019-08-21 19:14:44 - [TEST_STEP][PASSED] - delay(2): Delayed 2 second(s)&#xD;
&#xD;
2019-08-21 19:14:46 - [MESSAGE][PASSED] - Delayed 2 second(s)&#xD;
&#xD;
2019-08-21 19:14:46 - [TEST_STEP][PASSED] - click(findTestObject("JIRA/A Relese 6.6/ACTPOL-309/Reisdocumenten new")): Object: 'Object Repository/JIRA/A Relese 6.6/ACTPOL-309/Reisdocumenten new' is clicked on&#xD;
&#xD;
2019-08-21 19:14:47 - [MESSAGE][PASSED] - Object: 'Object Repository/JIRA/A Relese 6.6/ACTPOL-309/Reisdocumenten new' is clicked on&#xD;
&#xD;
2019-08-21 19:14:47 - [TEST_STEP][PASSED] - delay(1): Delayed 1 second(s)&#xD;
&#xD;
2019-08-21 19:14:48 - [MESSAGE][PASSED] - Delayed 1 second(s)&#xD;
&#xD;
2019-08-21 19:14:48 - [TEST_STEP][PASSED] - selectOptionByLabel(findTestObject("JIRA/A Relese 6.6/ACTPOL-309/Soort Document"), "Visum", false): All options with label 'Visum' are selected in object 'Object Repository/JIRA/A Relese 6.6/ACTPOL-309/Soort Document' &#xD;
&#xD;
2019-08-21 19:14:50 - [MESSAGE][PASSED] - All options with label 'Visum' are selected in object 'Object Repository/JIRA/A Relese 6.6/ACTPOL-309/Soort Document' &#xD;
&#xD;
2019-08-21 19:14:50 - [TEST_STEP][PASSED] - delay(4): Delayed 4 second(s)&#xD;
&#xD;
2019-08-21 19:14:54 - [MESSAGE][PASSED] - Delayed 4 second(s)&#xD;
&#xD;
2019-08-21 19:14:54 - [TEST_STEP][PASSED] - selectOptionByLabel(findTestObject("JIRA/A Relese 6.6/ACTPOL-309/Type"), "Toerist", false): All options with label 'Toerist' are selected in object 'Object Repository/JIRA/A Relese 6.6/ACTPOL-309/Type' &#xD;
&#xD;
2019-08-21 19:14:54 - [MESSAGE][PASSED] - All options with label 'Toerist' are selected in object 'Object Repository/JIRA/A Relese 6.6/ACTPOL-309/Type' &#xD;
&#xD;
2019-08-21 19:14:54 - [TEST_STEP][PASSED] - delay(1): Delayed 1 second(s)&#xD;
&#xD;
2019-08-21 19:14:55 - [MESSAGE][PASSED] - Delayed 1 second(s)&#xD;
&#xD;
2019-08-21 19:14:55 - [TEST_STEP][PASSED] - setText(findTestObject("JIRA/A Relese 6.6/ACTPOL-309/Document nummer"), "123456"): Text '123456' is set on object 'Object Repository/JIRA/A Relese 6.6/ACTPOL-309/Document nummer'&#xD;
&#xD;
2019-08-21 19:14:56 - [MESSAGE][PASSED] - Text '123456' is set on object 'Object Repository/JIRA/A Relese 6.6/ACTPOL-309/Document nummer'&#xD;
&#xD;
2019-08-21 19:14:56 - [TEST_STEP][PASSED] - delay(1): Delayed 1 second(s)&#xD;
&#xD;
2019-08-21 19:14:57 - [MESSAGE][PASSED] - Delayed 1 second(s)&#xD;
&#xD;
2019-08-21 19:14:57 - [TEST_STEP][PASSED] - click(findTestObject("JIRA/A Relese 6.6/ACTPOL-309/Plaats afgifte")): Object: 'Object Repository/JIRA/A Relese 6.6/ACTPOL-309/Plaats afgifte' is clicked on&#xD;
&#xD;
2019-08-21 19:14:58 - [MESSAGE][PASSED] - Object: 'Object Repository/JIRA/A Relese 6.6/ACTPOL-309/Plaats afgifte' is clicked on&#xD;
&#xD;
2019-08-21 19:14:58 - [TEST_STEP][PASSED] - delay(2): Delayed 2 second(s)&#xD;
&#xD;
2019-08-21 19:15:00 - [MESSAGE][PASSED] - Delayed 2 second(s)&#xD;
&#xD;
2019-08-21 19:15:00 - [TEST_STEP][PASSED] - click(findTestObject("JIRA/A Relese 6.6/ACTPOL-309/Plaats afgifte lb 12")): Object: 'Object Repository/JIRA/A Relese 6.6/ACTPOL-309/Plaats afgifte lb 12' is clicked on&#xD;
&#xD;
2019-08-21 19:15:00 - [MESSAGE][PASSED] - Object: 'Object Repository/JIRA/A Relese 6.6/ACTPOL-309/Plaats afgifte lb 12' is clicked on&#xD;
&#xD;
2019-08-21 19:15:00 - [TEST_STEP][PASSED] - delay(1): Delayed 1 second(s)&#xD;
&#xD;
2019-08-21 19:15:01 - [MESSAGE][PASSED] - Delayed 1 second(s)&#xD;
&#xD;
2019-08-21 19:15:01 - [TEST_STEP][PASSED] - click(findTestObject("JIRA/A Relese 6.6/ACTPOL-309/Reisdocumenten save")): Object: 'Object Repository/JIRA/A Relese 6.6/ACTPOL-309/Reisdocumenten save' is clicked on&#xD;
&#xD;
2019-08-21 19:15:02 - [MESSAGE][PASSED] - Object: 'Object Repository/JIRA/A Relese 6.6/ACTPOL-309/Reisdocumenten save' is clicked on&#xD;
&#xD;
2019-08-21 19:15:02 - [TEST_STEP][PASSED] - delay(2): Delayed 2 second(s)&#xD;
&#xD;
2019-08-21 19:15:04 - [MESSAGE][PASSED] - Delayed 2 second(s)&#xD;
&#xD;
2019-08-21 19:15:04 - [TEST_STEP][PASSED] - click(findTestObject("JIRA/A Relese 6.6/ACTPOL-309/Reisdocumenten new")): Object: 'Object Repository/JIRA/A Relese 6.6/ACTPOL-309/Reisdocumenten new' is clicked on&#xD;
&#xD;
2019-08-21 19:15:05 - [MESSAGE][PASSED] - Object: 'Object Repository/JIRA/A Relese 6.6/ACTPOL-309/Reisdocumenten new' is clicked on&#xD;
&#xD;
2019-08-21 19:15:05 - [TEST_STEP][PASSED] - delay(1): Delayed 1 second(s)&#xD;
&#xD;
2019-08-21 19:15:06 - [MESSAGE][PASSED] - Delayed 1 second(s)&#xD;
&#xD;
2019-08-21 19:15:06 - [TEST_STEP][PASSED] - selectOptionByLabel(findTestObject("JIRA/A Relese 6.6/ACTPOL-309/Soort Document"), "Visum", false): All options with label 'Visum' are selected in object 'Object Repository/JIRA/A Relese 6.6/ACTPOL-309/Soort Document' &#xD;
&#xD;
2019-08-21 19:15:08 - [MESSAGE][PASSED] - All options with label 'Visum' are selected in object 'Object Repository/JIRA/A Relese 6.6/ACTPOL-309/Soort Document' &#xD;
&#xD;
2019-08-21 19:15:08 - [TEST_STEP][PASSED] - delay(4): Delayed 4 second(s)&#xD;
&#xD;
2019-08-21 19:15:12 - [MESSAGE][PASSED] - Delayed 4 second(s)&#xD;
&#xD;
2019-08-21 19:15:12 - [TEST_STEP][PASSED] - selectOptionByLabel(findTestObject("JIRA/A Relese 6.6/ACTPOL-309/Type"), "Werk", false): All options with label 'Werk' are selected in object 'Object Repository/JIRA/A Relese 6.6/ACTPOL-309/Type' &#xD;
&#xD;
2019-08-21 19:15:12 - [MESSAGE][PASSED] - All options with label 'Werk' are selected in object 'Object Repository/JIRA/A Relese 6.6/ACTPOL-309/Type' &#xD;
&#xD;
2019-08-21 19:15:12 - [TEST_STEP][PASSED] - delay(1): Delayed 1 second(s)&#xD;
&#xD;
2019-08-21 19:15:13 - [MESSAGE][PASSED] - Delayed 1 second(s)&#xD;
&#xD;
2019-08-21 19:15:13 - [TEST_STEP][PASSED] - setText(findTestObject("JIRA/A Relese 6.6/ACTPOL-309/Document nummer"), "123456"): Text '123456' is set on object 'Object Repository/JIRA/A Relese 6.6/ACTPOL-309/Document nummer'&#xD;
&#xD;
2019-08-21 19:15:14 - [MESSAGE][PASSED] - Text '123456' is set on object 'Object Repository/JIRA/A Relese 6.6/ACTPOL-309/Document nummer'&#xD;
&#xD;
2019-08-21 19:15:14 - [TEST_STEP][PASSED] - delay(1): Delayed 1 second(s)&#xD;
&#xD;
2019-08-21 19:15:15 - [MESSAGE][PASSED] - Delayed 1 second(s)&#xD;
&#xD;
2019-08-21 19:15:15 - [TEST_STEP][PASSED] - click(findTestObject("JIRA/A Relese 6.6/ACTPOL-309/Plaats afgifte")): Object: 'Object Repository/JIRA/A Relese 6.6/ACTPOL-309/Plaats afgifte' is clicked on&#xD;
&#xD;
2019-08-21 19:15:15 - [MESSAGE][PASSED] - Object: 'Object Repository/JIRA/A Relese 6.6/ACTPOL-309/Plaats afgifte' is clicked on&#xD;
&#xD;
2019-08-21 19:15:15 - [TEST_STEP][PASSED] - delay(2): Delayed 2 second(s)&#xD;
&#xD;
2019-08-21 19:15:17 - [MESSAGE][PASSED] - Delayed 2 second(s)&#xD;
&#xD;
2019-08-21 19:15:17 - [TEST_STEP][PASSED] - click(findTestObject("JIRA/A Relese 6.6/ACTPOL-309/Plaats afgifte lb 13")): Object: 'Object Repository/JIRA/A Relese 6.6/ACTPOL-309/Plaats afgifte lb 13' is clicked on&#xD;
&#xD;
2019-08-21 19:15:18 - [MESSAGE][PASSED] - Object: 'Object Repository/JIRA/A Relese 6.6/ACTPOL-309/Plaats afgifte lb 13' is clicked on&#xD;
&#xD;
2019-08-21 19:15:18 - [TEST_STEP][PASSED] - delay(1): Delayed 1 second(s)&#xD;
&#xD;
2019-08-21 19:15:19 - [MESSAGE][PASSED] - Delayed 1 second(s)&#xD;
&#xD;
2019-08-21 19:15:19 - [TEST_STEP][PASSED] - click(findTestObject("JIRA/A Relese 6.6/ACTPOL-309/Reisdocumenten save")): Object: 'Object Repository/JIRA/A Relese 6.6/ACTPOL-309/Reisdocumenten save' is clicked on&#xD;
&#xD;
2019-08-21 19:15:20 - [MESSAGE][PASSED] - Object: 'Object Repository/JIRA/A Relese 6.6/ACTPOL-309/Reisdocumenten save' is clicked on</system-out>
            <system-err></system-err>
        </testcase>
        <testcase name="Test Cases/JIRA Tasks/Release 6.6/ACTPOL-310" classname="Test Cases/JIRA Tasks/Release 6.6/ACTPOL-310" status="PASSED">
            <system-out>2019-08-21 19:15:21 - [TEST_CASE][PASSED] - Test Cases/JIRA Tasks/Release 6.6/ACTPOL-310: Test Cases/JIRA Tasks/Release 6.6/ACTPOL-310&#xD;
&#xD;
2019-08-21 19:15:23 - [TEST_STEP][PASSED] - callTestCase(findTestCase("main/Actpol_Login_testenv"), [:], STOP_ON_FAILURE): Call Test Case 'Test Cases/main/Actpol_Login_testenv' successfully&#xD;
&#xD;
2019-08-21 19:15:23 - [TEST_CASE][PASSED] - Test Cases/main/Actpol_Login_testenv: Test Cases/main/Actpol_Login_testenv&#xD;
&#xD;
2019-08-21 19:15:23 - [TEST_STEP][PASSED] - openBrowser(""): Browser is opened with url: ''&#xD;
&#xD;
2019-08-21 19:15:23 - [MESSAGE][WARNING] - A browser is already opened. Closing browser and opening a new one&#xD;
&#xD;
2019-08-21 19:15:25 - [MESSAGE][INFO] - Starting 'Chrome' driver&#xD;
&#xD;
2019-08-21 19:15:35 - [MESSAGE][PASSED] - Browser is opened with url: ''&#xD;
&#xD;
2019-08-21 19:15:35 - [TEST_STEP][PASSED] - deleteAllCookies(): Delete all cookies successfully&#xD;
&#xD;
2019-08-21 19:15:37 - [MESSAGE][PASSED] - Delete all cookies successfully&#xD;
&#xD;
2019-08-21 19:15:37 - [TEST_STEP][PASSED] - waitForPageLoad(30): Wait for page load successfully&#xD;
&#xD;
2019-08-21 19:15:38 - [MESSAGE][PASSED] - Wait for page load successfully&#xD;
&#xD;
2019-08-21 19:15:38 - [TEST_STEP][PASSED] - maximizeWindow(): Current window maximized&#xD;
&#xD;
2019-08-21 19:15:39 - [MESSAGE][PASSED] - Current window maximized&#xD;
&#xD;
2019-08-21 19:15:39 - [TEST_STEP][PASSED] - ACTPOLTESTENV = 1: null&#xD;
&#xD;
2019-08-21 19:15:39 - [TEST_STEP][PASSED] - ACTPOLDEVENV = 2: null&#xD;
&#xD;
2019-08-21 19:15:39 - [TEST_STEP][PASSED] - ACTPOLKCENV = 3: null&#xD;
&#xD;
2019-08-21 19:15:39 - [TEST_STEP][PASSED] - ACTPOLKBKPCNENV = 4: null&#xD;
&#xD;
2019-08-21 19:15:39 - [TEST_STEP][PASSED] - ACTPOLKBKMARENV = 5: null&#xD;
&#xD;
2019-08-21 19:15:39 - [TEST_STEP][PASSED] - ACTPOLKMENV = 6: null&#xD;
&#xD;
2019-08-21 19:15:39 - [TEST_STEP][PASSED] - ACTPOLKWENV = 7: null&#xD;
&#xD;
2019-08-21 19:15:39 - [TEST_STEP][PASSED] - environment = ACTPOLTESTENV: null&#xD;
&#xD;
2019-08-21 19:15:39 - [TEST_STEP][PASSED] - Selectenv = &lt;not implemented yet for class: org.codehaus.groovy.ast.expr.EmptyExpression&gt;: null&#xD;
&#xD;
2019-08-21 19:15:39 - [TEST_STEP][PASSED] - switch (environment): null&#xD;
&#xD;
2019-08-21 19:15:39 - [TEST_STEP][PASSED] - case 1:: null&#xD;
&#xD;
2019-08-21 19:15:39 - [TEST_STEP][PASSED] - println(Selectenv = "ACTPOL-TEST-ENV"): null&#xD;
&#xD;
2019-08-21 19:15:39 - [TEST_STEP][PASSED] - navigateToUrl(TESTURL): Navigate to 'http://10.20.10.7:8185/actpoltst/nxmenu.pgm?docnum=551' successfully&#xD;
&#xD;
2019-08-21 19:15:51 - [MESSAGE][PASSED] - Navigate to 'http://10.20.10.7:8185/actpoltst/nxmenu.pgm?docnum=551' successfully&#xD;
&#xD;
2019-08-21 19:15:51 - [TEST_STEP][PASSED] - setText(findTestObject("Actpol_Scripts/login/userid"), username): Text 'vidhya' is set on object 'Object Repository/Actpol_Scripts/login/userid'&#xD;
&#xD;
2019-08-21 19:15:53 - [MESSAGE][PASSED] - Text 'vidhya' is set on object 'Object Repository/Actpol_Scripts/login/userid'&#xD;
&#xD;
2019-08-21 19:15:53 - [TEST_STEP][PASSED] - setMaskedText(findTestObject("Actpol_Scripts/login/password"), password): Text '********' is set on object 'Object Repository/Actpol_Scripts/login/password'&#xD;
&#xD;
2019-08-21 19:15:55 - [MESSAGE][PASSED] - Text '********' is set on object 'Object Repository/Actpol_Scripts/login/password'&#xD;
&#xD;
2019-08-21 19:15:55 - [TEST_STEP][PASSED] - click(findTestObject("Actpol_Scripts/login/login")): Object: 'Object Repository/Actpol_Scripts/login/login' is clicked on&#xD;
&#xD;
2019-08-21 19:15:56 - [MESSAGE][PASSED] - Object: 'Object Repository/Actpol_Scripts/login/login' is clicked on&#xD;
&#xD;
2019-08-21 19:15:56 - [TEST_STEP][PASSED] - getWindowTitle(): Current window's title is: 'Login Page for ACTPOL Test'&#xD;
&#xD;
2019-08-21 19:15:56 - [MESSAGE][PASSED] - Current window's title is: 'Login Page for ACTPOL Test'&#xD;
&#xD;
2019-08-21 19:15:56 - [TEST_STEP][PASSED] - break: null&#xD;
&#xD;
2019-08-21 19:15:56 - [MESSAGE][PASSED] - Call Test Case 'Test Cases/main/Actpol_Login_testenv' successfully&#xD;
&#xD;
2019-08-21 19:15:56 - [TEST_STEP][PASSED] - selectOptionByValue(findTestObject("Actpol_Scripts/General Search/Algemene Zoekopdracht -test env/Assistentie"), "assist", false): All options with value 'assist' are selected in object 'Object Repository/Actpol_Scripts/General Search/Algemene Zoekopdracht -test env/Assistentie' &#xD;
&#xD;
2019-08-21 19:16:10 - [MESSAGE][PASSED] - All options with value 'assist' are selected in object 'Object Repository/Actpol_Scripts/General Search/Algemene Zoekopdracht -test env/Assistentie' &#xD;
&#xD;
2019-08-21 19:16:10 - [TEST_STEP][PASSED] - setText(findTestObject("Actpol_Scripts/General Search/Algemene Zoekopdracht -test env/Assistentie Set text"), Generiekassistenite_Module): Text '200601728' is set on object 'Object Repository/Actpol_Scripts/General Search/Algemene Zoekopdracht -test env/Assistentie Set text'&#xD;
&#xD;
2019-08-21 19:16:12 - [MESSAGE][PASSED] - Text '200601728' is set on object 'Object Repository/Actpol_Scripts/General Search/Algemene Zoekopdracht -test env/Assistentie Set text'&#xD;
&#xD;
2019-08-21 19:16:12 - [TEST_STEP][PASSED] - delay(2): Delayed 2 second(s)&#xD;
&#xD;
2019-08-21 19:16:14 - [MESSAGE][PASSED] - Delayed 2 second(s)&#xD;
&#xD;
2019-08-21 19:16:14 - [TEST_STEP][PASSED] - click(findTestObject("Actpol_Scripts/General Search/Algemene Zoekopdracht -test env/Zoeken new")): Object: 'Object Repository/Actpol_Scripts/General Search/Algemene Zoekopdracht -test env/Zoeken new' is clicked on&#xD;
&#xD;
2019-08-21 19:16:19 - [MESSAGE][PASSED] - Object: 'Object Repository/Actpol_Scripts/General Search/Algemene Zoekopdracht -test env/Zoeken new' is clicked on&#xD;
&#xD;
2019-08-21 19:16:19 - [TEST_STEP][PASSED] - delay(2): Delayed 2 second(s)&#xD;
&#xD;
2019-08-21 19:16:21 - [MESSAGE][PASSED] - Delayed 2 second(s)&#xD;
&#xD;
2019-08-21 19:16:21 - [TEST_STEP][PASSED] - AssistentiedynamicId = Generiekassistenite_Module: null&#xD;
&#xD;
2019-08-21 19:16:21 - [TEST_STEP][PASSED] - Assistentiexpath = "//*[text()="" + AssistentiedynamicId + ""]/preceding-sibling::td/a[2]": null&#xD;
&#xD;
2019-08-21 19:16:21 - [TEST_STEP][PASSED] - to = findTestObject("Actpol_Scripts/General Search/Algemene Zoekopdracht -test env/View Assistentie"): null&#xD;
&#xD;
2019-08-21 19:16:23 - [TEST_STEP][PASSED] - to.addProperty("xpath", EQUALS, Assistentiexpath): null&#xD;
&#xD;
2019-08-21 19:16:23 - [TEST_STEP][PASSED] - delay(5): Delayed 5 second(s)&#xD;
&#xD;
2019-08-21 19:16:28 - [MESSAGE][PASSED] - Delayed 5 second(s)&#xD;
&#xD;
2019-08-21 19:16:28 - [TEST_STEP][PASSED] - click(to): Object: 'Object Repository/Actpol_Scripts/General Search/Algemene Zoekopdracht -test env/View Assistentie' is clicked on&#xD;
&#xD;
2019-08-21 19:16:29 - [MESSAGE][PASSED] - Object: 'Object Repository/Actpol_Scripts/General Search/Algemene Zoekopdracht -test env/View Assistentie' is clicked on&#xD;
&#xD;
2019-08-21 19:16:29 - [TEST_STEP][PASSED] - delay(2): Delayed 2 second(s)&#xD;
&#xD;
2019-08-21 19:16:31 - [MESSAGE][PASSED] - Delayed 2 second(s)&#xD;
&#xD;
2019-08-21 19:16:31 - [TEST_STEP][PASSED] - click(findTestObject("Actpol_Scripts/General Search/Algemene Zoekopdracht -test env/Confirmeren")): Object: 'Object Repository/Actpol_Scripts/General Search/Algemene Zoekopdracht -test env/Confirmeren' is clicked on&#xD;
&#xD;
2019-08-21 19:16:39 - [MESSAGE][PASSED] - Object: 'Object Repository/Actpol_Scripts/General Search/Algemene Zoekopdracht -test env/Confirmeren' is clicked on&#xD;
&#xD;
2019-08-21 19:16:39 - [TEST_STEP][PASSED] - delay(5): Delayed 5 second(s)&#xD;
&#xD;
2019-08-21 19:16:44 - [MESSAGE][PASSED] - Delayed 5 second(s)&#xD;
&#xD;
2019-08-21 19:16:44 - [TEST_STEP][PASSED] - click(findTestObject("Actpol_Scripts/Generiek/Assistentie/Click roll process")): Object: 'Object Repository/Actpol_Scripts/Generiek/Assistentie/Click roll process' is clicked on&#xD;
&#xD;
2019-08-21 19:16:47 - [MESSAGE][PASSED] - Object: 'Object Repository/Actpol_Scripts/Generiek/Assistentie/Click roll process' is clicked on&#xD;
&#xD;
2019-08-21 19:16:47 - [TEST_STEP][PASSED] - delay(2): Delayed 2 second(s)&#xD;
&#xD;
2019-08-21 19:16:50 - [MESSAGE][PASSED] - Delayed 2 second(s)&#xD;
&#xD;
2019-08-21 19:16:50 - [TEST_STEP][PASSED] - click(findTestObject("Actpol_Scripts/Generiek/Assistentie/Click new process")): Object: 'Object Repository/Actpol_Scripts/Generiek/Assistentie/Click new process' is clicked on&#xD;
&#xD;
2019-08-21 19:16:50 - [MESSAGE][PASSED] - Object: 'Object Repository/Actpol_Scripts/Generiek/Assistentie/Click new process' is clicked on&#xD;
&#xD;
2019-08-21 19:16:50 - [TEST_STEP][PASSED] - delay(2): Delayed 2 second(s)&#xD;
&#xD;
2019-08-21 19:16:52 - [MESSAGE][PASSED] - Delayed 2 second(s)&#xD;
&#xD;
2019-08-21 19:16:52 - [TEST_STEP][PASSED] - comment("Select process "VREEMDELING""): Select process "VREEMDELING"&#xD;
&#xD;
2019-08-21 19:16:52 - [MESSAGE][INFO] - Select process "VREEMDELING"&#xD;
&#xD;
2019-08-21 19:16:52 - [TEST_STEP][PASSED] - selectOptionByLabel(findTestObject("Actpol_Scripts/Generiek/Assistentie/Rol Proces Type"), "VREEMDELING", false): All options with label 'VREEMDELING' are selected in object 'Object Repository/Actpol_Scripts/Generiek/Assistentie/Rol Proces Type' &#xD;
&#xD;
2019-08-21 19:16:53 - [MESSAGE][PASSED] - All options with label 'VREEMDELING' are selected in object 'Object Repository/Actpol_Scripts/Generiek/Assistentie/Rol Proces Type' &#xD;
&#xD;
2019-08-21 19:16:53 - [TEST_STEP][PASSED] - delay(3): Delayed 3 second(s)&#xD;
&#xD;
2019-08-21 19:16:56 - [MESSAGE][PASSED] - Delayed 3 second(s)&#xD;
&#xD;
2019-08-21 19:16:56 - [TEST_STEP][PASSED] - setText(findTestObject("JIRA/A Relese 6.6/ACTPOL-308/Vliegmaatschappij_Rederij"), "Katalon testing"): Text 'Katalon testing' is set on object 'Object Repository/JIRA/A Relese 6.6/ACTPOL-308/Vliegmaatschappij_Rederij'&#xD;
&#xD;
2019-08-21 19:16:57 - [MESSAGE][PASSED] - Text 'Katalon testing' is set on object 'Object Repository/JIRA/A Relese 6.6/ACTPOL-308/Vliegmaatschappij_Rederij'&#xD;
&#xD;
2019-08-21 19:16:57 - [TEST_STEP][PASSED] - delay(1): Delayed 1 second(s)&#xD;
&#xD;
2019-08-21 19:16:58 - [MESSAGE][PASSED] - Delayed 1 second(s)&#xD;
&#xD;
2019-08-21 19:16:58 - [TEST_STEP][PASSED] - setText(findTestObject("JIRA/A Relese 6.6/ACTPOL-308/Naam boot_vliegtuig"), "Katalon testing"): Text 'Katalon testing' is set on object 'Object Repository/JIRA/A Relese 6.6/ACTPOL-308/Naam boot_vliegtuig'&#xD;
&#xD;
2019-08-21 19:17:00 - [MESSAGE][PASSED] - Text 'Katalon testing' is set on object 'Object Repository/JIRA/A Relese 6.6/ACTPOL-308/Naam boot_vliegtuig'&#xD;
&#xD;
2019-08-21 19:17:00 - [TEST_STEP][PASSED] - delay(1): Delayed 1 second(s)&#xD;
&#xD;
2019-08-21 19:17:01 - [MESSAGE][PASSED] - Delayed 1 second(s)&#xD;
&#xD;
2019-08-21 19:17:01 - [TEST_STEP][PASSED] - setText(findTestObject("JIRA/A Relese 6.6/ACTPOL-308/Telefoon boot_vliegtuig"), "Katalon testing"): Text 'Katalon testing' is set on object 'Object Repository/JIRA/A Relese 6.6/ACTPOL-308/Telefoon boot_vliegtuig'&#xD;
&#xD;
2019-08-21 19:17:02 - [MESSAGE][PASSED] - Text 'Katalon testing' is set on object 'Object Repository/JIRA/A Relese 6.6/ACTPOL-308/Telefoon boot_vliegtuig'&#xD;
&#xD;
2019-08-21 19:17:02 - [TEST_STEP][PASSED] - delay(1): Delayed 1 second(s)&#xD;
&#xD;
2019-08-21 19:17:03 - [MESSAGE][PASSED] - Delayed 1 second(s)&#xD;
&#xD;
2019-08-21 19:17:03 - [TEST_STEP][PASSED] - setText(findTestObject("JIRA/A Relese 6.6/ACTPOL-308/Agentschap"), "Katalon testing"): Text 'Katalon testing' is set on object 'Object Repository/JIRA/A Relese 6.6/ACTPOL-308/Agentschap'&#xD;
&#xD;
2019-08-21 19:17:04 - [MESSAGE][PASSED] - Text 'Katalon testing' is set on object 'Object Repository/JIRA/A Relese 6.6/ACTPOL-308/Agentschap'&#xD;
&#xD;
2019-08-21 19:17:04 - [TEST_STEP][PASSED] - delay(1): Delayed 1 second(s)&#xD;
&#xD;
2019-08-21 19:17:05 - [MESSAGE][PASSED] - Delayed 1 second(s)&#xD;
&#xD;
2019-08-21 19:17:05 - [TEST_STEP][PASSED] - setText(findTestObject("JIRA/A Relese 6.6/ACTPOL-308/Achternaam"), "aaa"): Text 'aaa' is set on object 'Object Repository/JIRA/A Relese 6.6/ACTPOL-308/Achternaam'&#xD;
&#xD;
2019-08-21 19:17:05 - [MESSAGE][PASSED] - Text 'aaa' is set on object 'Object Repository/JIRA/A Relese 6.6/ACTPOL-308/Achternaam'&#xD;
&#xD;
2019-08-21 19:17:05 - [TEST_STEP][PASSED] - delay(2): Delayed 2 second(s)&#xD;
&#xD;
2019-08-21 19:17:07 - [MESSAGE][PASSED] - Delayed 2 second(s)&#xD;
&#xD;
2019-08-21 19:17:07 - [TEST_STEP][PASSED] - click(findTestObject("JIRA/A Relese 6.6/ACTPOL-308/Achternaam lb")): Object: 'Object Repository/JIRA/A Relese 6.6/ACTPOL-308/Achternaam lb' is clicked on&#xD;
&#xD;
2019-08-21 19:17:08 - [MESSAGE][PASSED] - Object: 'Object Repository/JIRA/A Relese 6.6/ACTPOL-308/Achternaam lb' is clicked on&#xD;
&#xD;
2019-08-21 19:17:08 - [TEST_STEP][PASSED] - delay(2): Delayed 2 second(s)&#xD;
&#xD;
2019-08-21 19:17:10 - [MESSAGE][PASSED] - Delayed 2 second(s)&#xD;
&#xD;
2019-08-21 19:17:10 - [TEST_STEP][NOT_RUN] - scrollToElement(findTestObject("JIRA/A Relese 6.6/ACTPOL-309/Vreemdeling TAB"), 5): NOT_RUN: scrollToElement(findTestObject("JIRA/A Relese 6.6/ACTPOL-309/Vreemdeling TAB"), 5)&#xD;
&#xD;
2019-08-21 19:17:10 - [MESSAGE][NOT_RUN] - NOT_RUN: scrollToElement(findTestObject("JIRA/A Relese 6.6/ACTPOL-309/Vreemdeling TAB"), 5)&#xD;
&#xD;
2019-08-21 19:17:10 - [TEST_STEP][PASSED] - scrollToPosition(10, 8): Browser is scrolled to position x = 10, y = 8&#xD;
&#xD;
2019-08-21 19:17:10 - [MESSAGE][PASSED] - Browser is scrolled to position x = 10, y = 8&#xD;
&#xD;
2019-08-21 19:17:10 - [TEST_STEP][PASSED] - delay(3): Delayed 3 second(s)&#xD;
&#xD;
2019-08-21 19:17:13 - [MESSAGE][PASSED] - Delayed 3 second(s)&#xD;
&#xD;
2019-08-21 19:17:13 - [TEST_STEP][PASSED] - click(findTestObject("JIRA/A Relese 6.6/ACTPOL-309/Vreemdeling TAB")): Object: 'Object Repository/JIRA/A Relese 6.6/ACTPOL-309/Vreemdeling TAB' is clicked on&#xD;
&#xD;
2019-08-21 19:17:15 - [MESSAGE][PASSED] - Object: 'Object Repository/JIRA/A Relese 6.6/ACTPOL-309/Vreemdeling TAB' is clicked on&#xD;
&#xD;
2019-08-21 19:17:15 - [TEST_STEP][PASSED] - delay(1): Delayed 1 second(s)&#xD;
&#xD;
2019-08-21 19:17:16 - [MESSAGE][PASSED] - Delayed 1 second(s)&#xD;
&#xD;
2019-08-21 19:17:16 - [TEST_STEP][PASSED] - click(findTestObject("JIRA/A Relese 6.6/ACTPOL-310/Toegang")): Object: 'Object Repository/JIRA/A Relese 6.6/ACTPOL-310/Toegang' is clicked on&#xD;
&#xD;
2019-08-21 19:17:16 - [MESSAGE][PASSED] - Object: 'Object Repository/JIRA/A Relese 6.6/ACTPOL-310/Toegang' is clicked on&#xD;
&#xD;
2019-08-21 19:17:16 - [TEST_STEP][PASSED] - delay(1): Delayed 1 second(s)&#xD;
&#xD;
2019-08-21 19:17:17 - [MESSAGE][PASSED] - Delayed 1 second(s)&#xD;
&#xD;
2019-08-21 19:17:17 - [TEST_STEP][PASSED] - scrollToElement(findTestObject("JIRA/A Relese 6.6/ACTPOL-310/Toezicht verbalisant2"), 1): Scroll to object 'Object Repository/JIRA/A Relese 6.6/ACTPOL-310/Toezicht verbalisant2' successfully&#xD;
&#xD;
2019-08-21 19:17:18 - [MESSAGE][PASSED] - Scroll to object 'Object Repository/JIRA/A Relese 6.6/ACTPOL-310/Toezicht verbalisant2' successfully&#xD;
&#xD;
2019-08-21 19:17:18 - [TEST_STEP][PASSED] - scrollToPosition(1, 0): Browser is scrolled to position x = 1, y = 0&#xD;
&#xD;
2019-08-21 19:17:18 - [MESSAGE][PASSED] - Browser is scrolled to position x = 1, y = 0&#xD;
&#xD;
2019-08-21 19:17:18 - [TEST_STEP][PASSED] - delay(2): Delayed 2 second(s)&#xD;
&#xD;
2019-08-21 19:17:20 - [MESSAGE][PASSED] - Delayed 2 second(s)&#xD;
&#xD;
2019-08-21 19:17:20 - [TEST_STEP][PASSED] - click(findTestObject("JIRA/A Relese 6.6/ACTPOL-310/Toezicht verbalisant1")): Object: 'Object Repository/JIRA/A Relese 6.6/ACTPOL-310/Toezicht verbalisant1' is clicked on&#xD;
&#xD;
2019-08-21 19:17:22 - [MESSAGE][PASSED] - Object: 'Object Repository/JIRA/A Relese 6.6/ACTPOL-310/Toezicht verbalisant1' is clicked on&#xD;
&#xD;
2019-08-21 19:17:22 - [TEST_STEP][PASSED] - delay(2): Delayed 2 second(s)&#xD;
&#xD;
2019-08-21 19:17:24 - [MESSAGE][PASSED] - Delayed 2 second(s)&#xD;
&#xD;
2019-08-21 19:17:24 - [TEST_STEP][PASSED] - click(findTestObject("JIRA/A Relese 6.6/ACTPOL-310/Toezicht verbalisant1 lb")): Object: 'Object Repository/JIRA/A Relese 6.6/ACTPOL-310/Toezicht verbalisant1 lb' is clicked on&#xD;
&#xD;
2019-08-21 19:17:25 - [MESSAGE][PASSED] - Object: 'Object Repository/JIRA/A Relese 6.6/ACTPOL-310/Toezicht verbalisant1 lb' is clicked on&#xD;
&#xD;
2019-08-21 19:17:25 - [TEST_STEP][PASSED] - delay(2): Delayed 2 second(s)&#xD;
&#xD;
2019-08-21 19:17:27 - [MESSAGE][PASSED] - Delayed 2 second(s)&#xD;
&#xD;
2019-08-21 19:17:27 - [TEST_STEP][PASSED] - click(findTestObject("JIRA/A Relese 6.6/ACTPOL-310/Toezicht verbalisant2")): Object: 'Object Repository/JIRA/A Relese 6.6/ACTPOL-310/Toezicht verbalisant2' is clicked on&#xD;
&#xD;
2019-08-21 19:17:28 - [MESSAGE][PASSED] - Object: 'Object Repository/JIRA/A Relese 6.6/ACTPOL-310/Toezicht verbalisant2' is clicked on&#xD;
&#xD;
2019-08-21 19:17:28 - [TEST_STEP][PASSED] - delay(2): Delayed 2 second(s)&#xD;
&#xD;
2019-08-21 19:17:30 - [MESSAGE][PASSED] - Delayed 2 second(s)&#xD;
&#xD;
2019-08-21 19:17:30 - [TEST_STEP][PASSED] - click(findTestObject("JIRA/A Relese 6.6/ACTPOL-310/Toezicht verbalisant lb2")): Object: 'Object Repository/JIRA/A Relese 6.6/ACTPOL-310/Toezicht verbalisant lb2' is clicked on&#xD;
&#xD;
2019-08-21 19:17:31 - [MESSAGE][PASSED] - Object: 'Object Repository/JIRA/A Relese 6.6/ACTPOL-310/Toezicht verbalisant lb2' is clicked on&#xD;
&#xD;
2019-08-21 19:17:31 - [TEST_STEP][PASSED] - delay(2): Delayed 2 second(s)&#xD;
&#xD;
2019-08-21 19:17:33 - [MESSAGE][PASSED] - Delayed 2 second(s)&#xD;
&#xD;
2019-08-21 19:17:33 - [TEST_STEP][PASSED] - focus(findTestObject("JIRA/A Relese 6.6/ACTPOL-310/Vreemdeling save")): Object: 'Object Repository/JIRA/A Relese 6.6/ACTPOL-310/Vreemdeling save' is focused&#xD;
&#xD;
2019-08-21 19:17:34 - [MESSAGE][PASSED] - Object: 'Object Repository/JIRA/A Relese 6.6/ACTPOL-310/Vreemdeling save' is focused</system-out>
            <system-err></system-err>
        </testcase>
        <testcase name="Test Cases/JIRA Tasks/Release 6.6/ACTPOL-316" classname="Test Cases/JIRA Tasks/Release 6.6/ACTPOL-316" status="PASSED">
            <system-out>2019-08-21 19:17:34 - [TEST_CASE][PASSED] - Test Cases/JIRA Tasks/Release 6.6/ACTPOL-316: Test Cases/JIRA Tasks/Release 6.6/ACTPOL-316&#xD;
&#xD;
2019-08-21 19:17:35 - [TEST_STEP][PASSED] - callTestCase(findTestCase("main/Actpol_Login_testenv"), [:], STOP_ON_FAILURE): Call Test Case 'Test Cases/main/Actpol_Login_testenv' successfully&#xD;
&#xD;
2019-08-21 19:17:35 - [TEST_CASE][PASSED] - Test Cases/main/Actpol_Login_testenv: Test Cases/main/Actpol_Login_testenv&#xD;
&#xD;
2019-08-21 19:17:35 - [TEST_STEP][PASSED] - openBrowser(""): Browser is opened with url: ''&#xD;
&#xD;
2019-08-21 19:17:35 - [MESSAGE][WARNING] - A browser is already opened. Closing browser and opening a new one&#xD;
&#xD;
2019-08-21 19:17:36 - [MESSAGE][INFO] - Starting 'Chrome' driver&#xD;
&#xD;
2019-08-21 19:17:44 - [MESSAGE][PASSED] - Browser is opened with url: ''&#xD;
&#xD;
2019-08-21 19:17:44 - [TEST_STEP][PASSED] - deleteAllCookies(): Delete all cookies successfully&#xD;
&#xD;
2019-08-21 19:17:44 - [MESSAGE][PASSED] - Delete all cookies successfully&#xD;
&#xD;
2019-08-21 19:17:44 - [TEST_STEP][PASSED] - waitForPageLoad(30): Wait for page load successfully&#xD;
&#xD;
2019-08-21 19:17:44 - [MESSAGE][PASSED] - Wait for page load successfully&#xD;
&#xD;
2019-08-21 19:17:44 - [TEST_STEP][PASSED] - maximizeWindow(): Current window maximized&#xD;
&#xD;
2019-08-21 19:17:45 - [MESSAGE][PASSED] - Current window maximized&#xD;
&#xD;
2019-08-21 19:17:45 - [TEST_STEP][PASSED] - ACTPOLTESTENV = 1: null&#xD;
&#xD;
2019-08-21 19:17:45 - [TEST_STEP][PASSED] - ACTPOLDEVENV = 2: null&#xD;
&#xD;
2019-08-21 19:17:45 - [TEST_STEP][PASSED] - ACTPOLKCENV = 3: null&#xD;
&#xD;
2019-08-21 19:17:45 - [TEST_STEP][PASSED] - ACTPOLKBKPCNENV = 4: null&#xD;
&#xD;
2019-08-21 19:17:45 - [TEST_STEP][PASSED] - ACTPOLKBKMARENV = 5: null&#xD;
&#xD;
2019-08-21 19:17:45 - [TEST_STEP][PASSED] - ACTPOLKMENV = 6: null&#xD;
&#xD;
2019-08-21 19:17:45 - [TEST_STEP][PASSED] - ACTPOLKWENV = 7: null&#xD;
&#xD;
2019-08-21 19:17:45 - [TEST_STEP][PASSED] - environment = ACTPOLTESTENV: null&#xD;
&#xD;
2019-08-21 19:17:45 - [TEST_STEP][PASSED] - Selectenv = &lt;not implemented yet for class: org.codehaus.groovy.ast.expr.EmptyExpression&gt;: null&#xD;
&#xD;
2019-08-21 19:17:45 - [TEST_STEP][PASSED] - switch (environment): null&#xD;
&#xD;
2019-08-21 19:17:45 - [TEST_STEP][PASSED] - case 1:: null&#xD;
&#xD;
2019-08-21 19:17:45 - [TEST_STEP][PASSED] - println(Selectenv = "ACTPOL-TEST-ENV"): null&#xD;
&#xD;
2019-08-21 19:17:45 - [TEST_STEP][PASSED] - navigateToUrl(TESTURL): Navigate to 'http://10.20.10.7:8185/actpoltst/nxmenu.pgm?docnum=551' successfully&#xD;
&#xD;
2019-08-21 19:17:55 - [MESSAGE][PASSED] - Navigate to 'http://10.20.10.7:8185/actpoltst/nxmenu.pgm?docnum=551' successfully&#xD;
&#xD;
2019-08-21 19:17:55 - [TEST_STEP][PASSED] - setText(findTestObject("Actpol_Scripts/login/userid"), username): Text 'vidhya' is set on object 'Object Repository/Actpol_Scripts/login/userid'&#xD;
&#xD;
2019-08-21 19:17:59 - [MESSAGE][PASSED] - Text 'vidhya' is set on object 'Object Repository/Actpol_Scripts/login/userid'&#xD;
&#xD;
2019-08-21 19:17:59 - [TEST_STEP][PASSED] - setMaskedText(findTestObject("Actpol_Scripts/login/password"), password): Text '********' is set on object 'Object Repository/Actpol_Scripts/login/password'&#xD;
&#xD;
2019-08-21 19:18:00 - [MESSAGE][PASSED] - Text '********' is set on object 'Object Repository/Actpol_Scripts/login/password'&#xD;
&#xD;
2019-08-21 19:18:00 - [TEST_STEP][PASSED] - click(findTestObject("Actpol_Scripts/login/login")): Object: 'Object Repository/Actpol_Scripts/login/login' is clicked on&#xD;
&#xD;
2019-08-21 19:18:01 - [MESSAGE][PASSED] - Object: 'Object Repository/Actpol_Scripts/login/login' is clicked on&#xD;
&#xD;
2019-08-21 19:18:01 - [TEST_STEP][PASSED] - getWindowTitle(): Current window's title is: 'Login Page for ACTPOL Test'&#xD;
&#xD;
2019-08-21 19:18:01 - [MESSAGE][PASSED] - Current window's title is: 'Login Page for ACTPOL Test'&#xD;
&#xD;
2019-08-21 19:18:01 - [TEST_STEP][PASSED] - break: null&#xD;
&#xD;
2019-08-21 19:18:01 - [MESSAGE][PASSED] - Call Test Case 'Test Cases/main/Actpol_Login_testenv' successfully&#xD;
&#xD;
2019-08-21 19:18:01 - [TEST_STEP][PASSED] - selectOptionByValue(findTestObject("Actpol_Scripts/General Search/Algemene Zoekopdracht -test env/Assistentie"), "assist", false): All options with value 'assist' are selected in object 'Object Repository/Actpol_Scripts/General Search/Algemene Zoekopdracht -test env/Assistentie' &#xD;
&#xD;
2019-08-21 19:18:14 - [MESSAGE][PASSED] - All options with value 'assist' are selected in object 'Object Repository/Actpol_Scripts/General Search/Algemene Zoekopdracht -test env/Assistentie' &#xD;
&#xD;
2019-08-21 19:18:14 - [TEST_STEP][PASSED] - setText(findTestObject("Actpol_Scripts/General Search/Algemene Zoekopdracht -test env/Assistentie Set text"), Generiekassistenite_Module): Text '200601728' is set on object 'Object Repository/Actpol_Scripts/General Search/Algemene Zoekopdracht -test env/Assistentie Set text'&#xD;
&#xD;
2019-08-21 19:18:15 - [MESSAGE][PASSED] - Text '200601728' is set on object 'Object Repository/Actpol_Scripts/General Search/Algemene Zoekopdracht -test env/Assistentie Set text'&#xD;
&#xD;
2019-08-21 19:18:15 - [TEST_STEP][PASSED] - delay(2): Delayed 2 second(s)&#xD;
&#xD;
2019-08-21 19:18:18 - [MESSAGE][PASSED] - Delayed 2 second(s)&#xD;
&#xD;
2019-08-21 19:18:18 - [TEST_STEP][PASSED] - click(findTestObject("Actpol_Scripts/General Search/Algemene Zoekopdracht -test env/Zoeken new")): Object: 'Object Repository/Actpol_Scripts/General Search/Algemene Zoekopdracht -test env/Zoeken new' is clicked on&#xD;
&#xD;
2019-08-21 19:18:22 - [MESSAGE][PASSED] - Object: 'Object Repository/Actpol_Scripts/General Search/Algemene Zoekopdracht -test env/Zoeken new' is clicked on&#xD;
&#xD;
2019-08-21 19:18:22 - [TEST_STEP][PASSED] - delay(2): Delayed 2 second(s)&#xD;
&#xD;
2019-08-21 19:18:24 - [MESSAGE][PASSED] - Delayed 2 second(s)&#xD;
&#xD;
2019-08-21 19:18:24 - [TEST_STEP][PASSED] - AssistentiedynamicId = Generiekassistenite_Module: null&#xD;
&#xD;
2019-08-21 19:18:24 - [TEST_STEP][PASSED] - Assistentiexpath = "//*[text()="" + AssistentiedynamicId + ""]/preceding-sibling::td/a[2]": null&#xD;
&#xD;
2019-08-21 19:18:24 - [TEST_STEP][PASSED] - to = findTestObject("Actpol_Scripts/General Search/Algemene Zoekopdracht -test env/View Assistentie"): null&#xD;
&#xD;
2019-08-21 19:18:24 - [TEST_STEP][PASSED] - to.addProperty("xpath", EQUALS, Assistentiexpath): null&#xD;
&#xD;
2019-08-21 19:18:24 - [TEST_STEP][PASSED] - delay(5): Delayed 5 second(s)&#xD;
&#xD;
2019-08-21 19:18:29 - [MESSAGE][PASSED] - Delayed 5 second(s)&#xD;
&#xD;
2019-08-21 19:18:29 - [TEST_STEP][PASSED] - click(to): Object: 'Object Repository/Actpol_Scripts/General Search/Algemene Zoekopdracht -test env/View Assistentie' is clicked on&#xD;
&#xD;
2019-08-21 19:18:30 - [MESSAGE][PASSED] - Object: 'Object Repository/Actpol_Scripts/General Search/Algemene Zoekopdracht -test env/View Assistentie' is clicked on&#xD;
&#xD;
2019-08-21 19:18:30 - [TEST_STEP][PASSED] - delay(2): Delayed 2 second(s)&#xD;
&#xD;
2019-08-21 19:18:32 - [MESSAGE][PASSED] - Delayed 2 second(s)&#xD;
&#xD;
2019-08-21 19:18:32 - [TEST_STEP][PASSED] - click(findTestObject("Actpol_Scripts/General Search/Algemene Zoekopdracht -test env/Confirmeren")): Object: 'Object Repository/Actpol_Scripts/General Search/Algemene Zoekopdracht -test env/Confirmeren' is clicked on&#xD;
&#xD;
2019-08-21 19:18:39 - [MESSAGE][PASSED] - Object: 'Object Repository/Actpol_Scripts/General Search/Algemene Zoekopdracht -test env/Confirmeren' is clicked on&#xD;
&#xD;
2019-08-21 19:18:39 - [TEST_STEP][PASSED] - delay(5): Delayed 5 second(s)&#xD;
&#xD;
2019-08-21 19:18:44 - [MESSAGE][PASSED] - Delayed 5 second(s)&#xD;
&#xD;
2019-08-21 19:18:44 - [TEST_STEP][PASSED] - click(findTestObject("Actpol_Scripts/Generiek/Assistentie/Click roll process")): Object: 'Object Repository/Actpol_Scripts/Generiek/Assistentie/Click roll process' is clicked on&#xD;
&#xD;
2019-08-21 19:18:47 - [MESSAGE][PASSED] - Object: 'Object Repository/Actpol_Scripts/Generiek/Assistentie/Click roll process' is clicked on&#xD;
&#xD;
2019-08-21 19:18:47 - [TEST_STEP][PASSED] - delay(2): Delayed 2 second(s)&#xD;
&#xD;
2019-08-21 19:18:49 - [MESSAGE][PASSED] - Delayed 2 second(s)&#xD;
&#xD;
2019-08-21 19:18:49 - [TEST_STEP][PASSED] - click(findTestObject("Actpol_Scripts/Generiek/Assistentie/Click new process")): Object: 'Object Repository/Actpol_Scripts/Generiek/Assistentie/Click new process' is clicked on&#xD;
&#xD;
2019-08-21 19:18:49 - [MESSAGE][PASSED] - Object: 'Object Repository/Actpol_Scripts/Generiek/Assistentie/Click new process' is clicked on&#xD;
&#xD;
2019-08-21 19:18:49 - [TEST_STEP][PASSED] - delay(2): Delayed 2 second(s)&#xD;
&#xD;
2019-08-21 19:18:51 - [MESSAGE][PASSED] - Delayed 2 second(s)&#xD;
&#xD;
2019-08-21 19:18:51 - [TEST_STEP][PASSED] - comment("Select process "VREEMDELING""): Select process "VREEMDELING"&#xD;
&#xD;
2019-08-21 19:18:51 - [MESSAGE][INFO] - Select process "VREEMDELING"&#xD;
&#xD;
2019-08-21 19:18:51 - [TEST_STEP][PASSED] - selectOptionByLabel(findTestObject("Actpol_Scripts/Generiek/Assistentie/Rol Proces Type"), "VREEMDELING", false): All options with label 'VREEMDELING' are selected in object 'Object Repository/Actpol_Scripts/Generiek/Assistentie/Rol Proces Type' &#xD;
&#xD;
2019-08-21 19:18:52 - [MESSAGE][PASSED] - All options with label 'VREEMDELING' are selected in object 'Object Repository/Actpol_Scripts/Generiek/Assistentie/Rol Proces Type' &#xD;
&#xD;
2019-08-21 19:18:52 - [TEST_STEP][PASSED] - delay(3): Delayed 3 second(s)&#xD;
&#xD;
2019-08-21 19:18:55 - [MESSAGE][PASSED] - Delayed 3 second(s)&#xD;
&#xD;
2019-08-21 19:18:55 - [TEST_STEP][PASSED] - setText(findTestObject("JIRA/A Relese 6.6/ACTPOL-308/Vliegmaatschappij_Rederij"), "Katalon testing"): Text 'Katalon testing' is set on object 'Object Repository/JIRA/A Relese 6.6/ACTPOL-308/Vliegmaatschappij_Rederij'&#xD;
&#xD;
2019-08-21 19:18:56 - [MESSAGE][PASSED] - Text 'Katalon testing' is set on object 'Object Repository/JIRA/A Relese 6.6/ACTPOL-308/Vliegmaatschappij_Rederij'&#xD;
&#xD;
2019-08-21 19:18:56 - [TEST_STEP][PASSED] - delay(1): Delayed 1 second(s)&#xD;
&#xD;
2019-08-21 19:18:57 - [MESSAGE][PASSED] - Delayed 1 second(s)&#xD;
&#xD;
2019-08-21 19:18:57 - [TEST_STEP][PASSED] - setText(findTestObject("JIRA/A Relese 6.6/ACTPOL-308/Naam boot_vliegtuig"), "Katalon testing"): Text 'Katalon testing' is set on object 'Object Repository/JIRA/A Relese 6.6/ACTPOL-308/Naam boot_vliegtuig'&#xD;
&#xD;
2019-08-21 19:18:58 - [MESSAGE][PASSED] - Text 'Katalon testing' is set on object 'Object Repository/JIRA/A Relese 6.6/ACTPOL-308/Naam boot_vliegtuig'&#xD;
&#xD;
2019-08-21 19:18:58 - [TEST_STEP][PASSED] - delay(1): Delayed 1 second(s)&#xD;
&#xD;
2019-08-21 19:18:59 - [MESSAGE][PASSED] - Delayed 1 second(s)&#xD;
&#xD;
2019-08-21 19:18:59 - [TEST_STEP][PASSED] - setText(findTestObject("JIRA/A Relese 6.6/ACTPOL-308/Telefoon boot_vliegtuig"), "Katalon testing"): Text 'Katalon testing' is set on object 'Object Repository/JIRA/A Relese 6.6/ACTPOL-308/Telefoon boot_vliegtuig'&#xD;
&#xD;
2019-08-21 19:19:00 - [MESSAGE][PASSED] - Text 'Katalon testing' is set on object 'Object Repository/JIRA/A Relese 6.6/ACTPOL-308/Telefoon boot_vliegtuig'&#xD;
&#xD;
2019-08-21 19:19:00 - [TEST_STEP][PASSED] - delay(1): Delayed 1 second(s)&#xD;
&#xD;
2019-08-21 19:19:01 - [MESSAGE][PASSED] - Delayed 1 second(s)&#xD;
&#xD;
2019-08-21 19:19:01 - [TEST_STEP][PASSED] - setText(findTestObject("JIRA/A Relese 6.6/ACTPOL-308/Agentschap"), "Katalon testing"): Text 'Katalon testing' is set on object 'Object Repository/JIRA/A Relese 6.6/ACTPOL-308/Agentschap'&#xD;
&#xD;
2019-08-21 19:19:01 - [MESSAGE][PASSED] - Text 'Katalon testing' is set on object 'Object Repository/JIRA/A Relese 6.6/ACTPOL-308/Agentschap'&#xD;
&#xD;
2019-08-21 19:19:01 - [TEST_STEP][PASSED] - delay(1): Delayed 1 second(s)&#xD;
&#xD;
2019-08-21 19:19:02 - [MESSAGE][PASSED] - Delayed 1 second(s)&#xD;
&#xD;
2019-08-21 19:19:02 - [TEST_STEP][PASSED] - setText(findTestObject("JIRA/A Relese 6.6/ACTPOL-308/Achternaam"), "aa"): Text 'aa' is set on object 'Object Repository/JIRA/A Relese 6.6/ACTPOL-308/Achternaam'&#xD;
&#xD;
2019-08-21 19:19:03 - [MESSAGE][PASSED] - Text 'aa' is set on object 'Object Repository/JIRA/A Relese 6.6/ACTPOL-308/Achternaam'&#xD;
&#xD;
2019-08-21 19:19:03 - [TEST_STEP][PASSED] - delay(2): Delayed 2 second(s)&#xD;
&#xD;
2019-08-21 19:19:05 - [MESSAGE][PASSED] - Delayed 2 second(s)&#xD;
&#xD;
2019-08-21 19:19:05 - [TEST_STEP][PASSED] - click(findTestObject("JIRA/A Relese 6.6/ACTPOL-308/Achternaam lb")): Object: 'Object Repository/JIRA/A Relese 6.6/ACTPOL-308/Achternaam lb' is clicked on&#xD;
&#xD;
2019-08-21 19:19:05 - [MESSAGE][PASSED] - Object: 'Object Repository/JIRA/A Relese 6.6/ACTPOL-308/Achternaam lb' is clicked on&#xD;
&#xD;
2019-08-21 19:19:05 - [TEST_STEP][PASSED] - delay(2): Delayed 2 second(s)&#xD;
&#xD;
2019-08-21 19:19:07 - [MESSAGE][PASSED] - Delayed 2 second(s)&#xD;
&#xD;
2019-08-21 19:19:07 - [TEST_STEP][PASSED] - scrollToPosition(10, 8): Browser is scrolled to position x = 10, y = 8&#xD;
&#xD;
2019-08-21 19:19:07 - [MESSAGE][PASSED] - Browser is scrolled to position x = 10, y = 8&#xD;
&#xD;
2019-08-21 19:19:07 - [TEST_STEP][PASSED] - delay(3): Delayed 3 second(s)&#xD;
&#xD;
2019-08-21 19:19:10 - [MESSAGE][PASSED] - Delayed 3 second(s)&#xD;
&#xD;
2019-08-21 19:19:10 - [TEST_STEP][PASSED] - click(findTestObject("JIRA/A Relese 6.6/ACTPOL-309/Vreemdeling TAB")): Object: 'Object Repository/JIRA/A Relese 6.6/ACTPOL-309/Vreemdeling TAB' is clicked on&#xD;
&#xD;
2019-08-21 19:19:11 - [MESSAGE][PASSED] - Object: 'Object Repository/JIRA/A Relese 6.6/ACTPOL-309/Vreemdeling TAB' is clicked on&#xD;
&#xD;
2019-08-21 19:19:11 - [TEST_STEP][PASSED] - delay(1): Delayed 1 second(s)&#xD;
&#xD;
2019-08-21 19:19:12 - [MESSAGE][PASSED] - Delayed 1 second(s)&#xD;
&#xD;
2019-08-21 19:19:12 - [TEST_STEP][PASSED] - click(findTestObject("JIRA/A Relese 6.6/ACTPOL-316/Weigering tab")): Object: 'Object Repository/JIRA/A Relese 6.6/ACTPOL-316/Weigering tab' is clicked on&#xD;
&#xD;
2019-08-21 19:19:13 - [MESSAGE][PASSED] - Object: 'Object Repository/JIRA/A Relese 6.6/ACTPOL-316/Weigering tab' is clicked on&#xD;
&#xD;
2019-08-21 19:19:13 - [TEST_STEP][PASSED] - delay(1): Delayed 1 second(s)&#xD;
&#xD;
2019-08-21 19:19:14 - [MESSAGE][PASSED] - Delayed 1 second(s)&#xD;
&#xD;
2019-08-21 19:19:14 - [TEST_STEP][PASSED] - click(findTestObject("JIRA/A Relese 6.6/ACTPOL-316/Weigering door1")): Object: 'Object Repository/JIRA/A Relese 6.6/ACTPOL-316/Weigering door1' is clicked on&#xD;
&#xD;
2019-08-21 19:19:14 - [MESSAGE][PASSED] - Object: 'Object Repository/JIRA/A Relese 6.6/ACTPOL-316/Weigering door1' is clicked on&#xD;
&#xD;
2019-08-21 19:19:14 - [TEST_STEP][PASSED] - delay(2): Delayed 2 second(s)&#xD;
&#xD;
2019-08-21 19:19:16 - [MESSAGE][PASSED] - Delayed 2 second(s)&#xD;
&#xD;
2019-08-21 19:19:16 - [TEST_STEP][PASSED] - click(findTestObject("JIRA/A Relese 6.6/ACTPOL-316/Weigering door1 lb1")): Object: 'Object Repository/JIRA/A Relese 6.6/ACTPOL-316/Weigering door1 lb1' is clicked on&#xD;
&#xD;
2019-08-21 19:19:17 - [MESSAGE][PASSED] - Object: 'Object Repository/JIRA/A Relese 6.6/ACTPOL-316/Weigering door1 lb1' is clicked on&#xD;
&#xD;
2019-08-21 19:19:17 - [TEST_STEP][PASSED] - delay(1): Delayed 1 second(s)&#xD;
&#xD;
2019-08-21 19:19:18 - [MESSAGE][PASSED] - Delayed 1 second(s)&#xD;
&#xD;
2019-08-21 19:19:18 - [TEST_STEP][PASSED] - click(findTestObject("JIRA/A Relese 6.6/ACTPOL-316/Weigering door2")): Object: 'Object Repository/JIRA/A Relese 6.6/ACTPOL-316/Weigering door2' is clicked on&#xD;
&#xD;
2019-08-21 19:19:18 - [MESSAGE][PASSED] - Object: 'Object Repository/JIRA/A Relese 6.6/ACTPOL-316/Weigering door2' is clicked on&#xD;
&#xD;
2019-08-21 19:19:18 - [TEST_STEP][PASSED] - delay(2): Delayed 2 second(s)&#xD;
&#xD;
2019-08-21 19:19:20 - [MESSAGE][PASSED] - Delayed 2 second(s)&#xD;
&#xD;
2019-08-21 19:19:20 - [TEST_STEP][PASSED] - click(findTestObject("JIRA/A Relese 6.6/ACTPOL-316/Weigering door2 lb 2")): Object: 'Object Repository/JIRA/A Relese 6.6/ACTPOL-316/Weigering door2 lb 2' is clicked on&#xD;
&#xD;
2019-08-21 19:19:21 - [MESSAGE][PASSED] - Object: 'Object Repository/JIRA/A Relese 6.6/ACTPOL-316/Weigering door2 lb 2' is clicked on&#xD;
&#xD;
2019-08-21 19:19:21 - [TEST_STEP][PASSED] - delay(1): Delayed 1 second(s)&#xD;
&#xD;
2019-08-21 19:19:22 - [MESSAGE][PASSED] - Delayed 1 second(s)&#xD;
&#xD;
2019-08-21 19:19:22 - [TEST_STEP][PASSED] - setText(findTestObject("JIRA/A Relese 6.6/ACTPOL-316/Gebeld naar"), "Gebeld naar"): Text 'Gebeld naar' is set on object 'Object Repository/JIRA/A Relese 6.6/ACTPOL-316/Gebeld naar'&#xD;
&#xD;
2019-08-21 19:19:23 - [MESSAGE][PASSED] - Text 'Gebeld naar' is set on object 'Object Repository/JIRA/A Relese 6.6/ACTPOL-316/Gebeld naar'&#xD;
&#xD;
2019-08-21 19:19:23 - [TEST_STEP][PASSED] - delay(1): Delayed 1 second(s)&#xD;
&#xD;
2019-08-21 19:19:24 - [MESSAGE][PASSED] - Delayed 1 second(s)&#xD;
&#xD;
2019-08-21 19:19:24 - [TEST_STEP][PASSED] - setText(findTestObject("JIRA/A Relese 6.6/ACTPOL-316/Gebelde nummer"), "Gebelde nummer"): Text 'Gebelde nummer' is set on object 'Object Repository/JIRA/A Relese 6.6/ACTPOL-316/Gebelde nummer'&#xD;
&#xD;
2019-08-21 19:19:25 - [MESSAGE][PASSED] - Text 'Gebelde nummer' is set on object 'Object Repository/JIRA/A Relese 6.6/ACTPOL-316/Gebelde nummer'&#xD;
&#xD;
2019-08-21 19:19:25 - [TEST_STEP][PASSED] - delay(1): Delayed 1 second(s)&#xD;
&#xD;
2019-08-21 19:19:26 - [MESSAGE][PASSED] - Delayed 1 second(s)&#xD;
&#xD;
2019-08-21 19:19:26 - [TEST_STEP][PASSED] - setText(findTestObject("JIRA/A Relese 6.6/ACTPOL-316/Telefax"), "Telefax"): Text 'Telefax' is set on object 'Object Repository/JIRA/A Relese 6.6/ACTPOL-316/Telefax'&#xD;
&#xD;
2019-08-21 19:19:26 - [MESSAGE][PASSED] - Text 'Telefax' is set on object 'Object Repository/JIRA/A Relese 6.6/ACTPOL-316/Telefax'&#xD;
&#xD;
2019-08-21 19:19:26 - [TEST_STEP][PASSED] - delay(1): Delayed 1 second(s)&#xD;
&#xD;
2019-08-21 19:19:27 - [MESSAGE][PASSED] - Delayed 1 second(s)&#xD;
&#xD;
2019-08-21 19:19:27 - [TEST_STEP][PASSED] - click(findTestObject("JIRA/A Relese 6.6/ACTPOL-316/Beheerst nederlandse taal")): Object: 'Object Repository/JIRA/A Relese 6.6/ACTPOL-316/Beheerst nederlandse taal' is clicked on&#xD;
&#xD;
2019-08-21 19:19:28 - [MESSAGE][PASSED] - Object: 'Object Repository/JIRA/A Relese 6.6/ACTPOL-316/Beheerst nederlandse taal' is clicked on&#xD;
&#xD;
2019-08-21 19:19:28 - [TEST_STEP][PASSED] - delay(1): Delayed 1 second(s)&#xD;
&#xD;
2019-08-21 19:19:29 - [MESSAGE][PASSED] - Delayed 1 second(s)&#xD;
&#xD;
2019-08-21 19:19:29 - [TEST_STEP][PASSED] - selectOptionByLabel(findTestObject("JIRA/A Relese 6.6/ACTPOL-316/Taal verhoor"), "CHINEES", false): All options with label 'CHINEES' are selected in object 'Object Repository/JIRA/A Relese 6.6/ACTPOL-316/Taal verhoor' &#xD;
&#xD;
2019-08-21 19:19:29 - [MESSAGE][PASSED] - All options with label 'CHINEES' are selected in object 'Object Repository/JIRA/A Relese 6.6/ACTPOL-316/Taal verhoor' &#xD;
&#xD;
2019-08-21 19:19:29 - [TEST_STEP][PASSED] - delay(1): Delayed 1 second(s)&#xD;
&#xD;
2019-08-21 19:19:30 - [MESSAGE][PASSED] - Delayed 1 second(s)&#xD;
&#xD;
2019-08-21 19:19:30 - [TEST_STEP][PASSED] - setText(findTestObject("JIRA/A Relese 6.6/ACTPOL-316/Naam Tolk"), "Naam Tolk"): Text 'Naam Tolk' is set on object 'Object Repository/JIRA/A Relese 6.6/ACTPOL-316/Naam Tolk'&#xD;
&#xD;
2019-08-21 19:19:31 - [MESSAGE][PASSED] - Text 'Naam Tolk' is set on object 'Object Repository/JIRA/A Relese 6.6/ACTPOL-316/Naam Tolk'&#xD;
&#xD;
2019-08-21 19:19:31 - [TEST_STEP][PASSED] - delay(1): Delayed 1 second(s)&#xD;
&#xD;
2019-08-21 19:19:32 - [MESSAGE][PASSED] - Delayed 1 second(s)&#xD;
&#xD;
2019-08-21 19:19:32 - [TEST_STEP][PASSED] - selectOptionByLabel(findTestObject("JIRA/A Relese 6.6/ACTPOL-316/Weigering post"), "Bonaire Post 1", false): All options with label 'Bonaire Post 1' are selected in object 'Object Repository/JIRA/A Relese 6.6/ACTPOL-316/Weigering post' &#xD;
&#xD;
2019-08-21 19:19:33 - [MESSAGE][PASSED] - All options with label 'Bonaire Post 1' are selected in object 'Object Repository/JIRA/A Relese 6.6/ACTPOL-316/Weigering post' &#xD;
&#xD;
2019-08-21 19:19:33 - [TEST_STEP][PASSED] - delay(1): Delayed 1 second(s)&#xD;
&#xD;
2019-08-21 19:19:34 - [MESSAGE][PASSED] - Delayed 1 second(s)&#xD;
&#xD;
2019-08-21 19:19:34 - [TEST_STEP][PASSED] - click(findTestObject("JIRA/A Relese 6.6/ACTPOL-310/Vreemdeling save")): Object: 'Object Repository/JIRA/A Relese 6.6/ACTPOL-310/Vreemdeling save' is clicked on&#xD;
&#xD;
2019-08-21 19:19:34 - [MESSAGE][PASSED] - Object: 'Object Repository/JIRA/A Relese 6.6/ACTPOL-310/Vreemdeling save' is clicked on&#xD;
&#xD;
2019-08-21 19:19:34 - [TEST_STEP][PASSED] - delay(3): Delayed 3 second(s)&#xD;
&#xD;
2019-08-21 19:19:37 - [MESSAGE][PASSED] - Delayed 3 second(s)&#xD;
&#xD;
2019-08-21 19:19:37 - [TEST_STEP][PASSED] - takeScreenshot(): Taking screenshot successfully&#xD;
&#xD;
2019-08-21 19:19:40 - [MESSAGE][PASSED] - Taking screenshot successfully&#xD;
[[ATTACHMENT|C:\\Users\\user4\\git\\ACTPOL\\Reports\\20190821_190559\\Release 6.6\\ACTPOL-308,309,310,316 and 344\\20190821_190639\\1566395377820.png]]</system-out>
            <system-err></system-err>
        </testcase>
        <testcase name="Test Cases/JIRA Tasks/Release 6.6/ACTPOL-344" classname="Test Cases/JIRA Tasks/Release 6.6/ACTPOL-344" status="PASSED">
            <system-out>2019-08-21 19:19:40 - [TEST_CASE][PASSED] - Test Cases/JIRA Tasks/Release 6.6/ACTPOL-344: Test Cases/JIRA Tasks/Release 6.6/ACTPOL-344&#xD;
&#xD;
2019-08-21 19:19:41 - [TEST_STEP][PASSED] - callTestCase(findTestCase("main/Actpol_Login_testenv"), [:], STOP_ON_FAILURE): Call Test Case 'Test Cases/main/Actpol_Login_testenv' successfully&#xD;
&#xD;
2019-08-21 19:19:41 - [TEST_CASE][PASSED] - Test Cases/main/Actpol_Login_testenv: Test Cases/main/Actpol_Login_testenv&#xD;
&#xD;
2019-08-21 19:19:41 - [TEST_STEP][PASSED] - openBrowser(""): Browser is opened with url: ''&#xD;
&#xD;
2019-08-21 19:19:41 - [MESSAGE][WARNING] - A browser is already opened. Closing browser and opening a new one&#xD;
&#xD;
2019-08-21 19:19:42 - [MESSAGE][INFO] - Starting 'Chrome' driver&#xD;
&#xD;
2019-08-21 19:19:50 - [MESSAGE][PASSED] - Browser is opened with url: ''&#xD;
&#xD;
2019-08-21 19:19:50 - [TEST_STEP][PASSED] - deleteAllCookies(): Delete all cookies successfully&#xD;
&#xD;
2019-08-21 19:19:51 - [MESSAGE][PASSED] - Delete all cookies successfully&#xD;
&#xD;
2019-08-21 19:19:51 - [TEST_STEP][PASSED] - waitForPageLoad(30): Wait for page load successfully&#xD;
&#xD;
2019-08-21 19:19:51 - [MESSAGE][PASSED] - Wait for page load successfully&#xD;
&#xD;
2019-08-21 19:19:51 - [TEST_STEP][PASSED] - maximizeWindow(): Current window maximized&#xD;
&#xD;
2019-08-21 19:19:52 - [MESSAGE][PASSED] - Current window maximized&#xD;
&#xD;
2019-08-21 19:19:52 - [TEST_STEP][PASSED] - ACTPOLTESTENV = 1: null&#xD;
&#xD;
2019-08-21 19:19:52 - [TEST_STEP][PASSED] - ACTPOLDEVENV = 2: null&#xD;
&#xD;
2019-08-21 19:19:52 - [TEST_STEP][PASSED] - ACTPOLKCENV = 3: null&#xD;
&#xD;
2019-08-21 19:19:52 - [TEST_STEP][PASSED] - ACTPOLKBKPCNENV = 4: null&#xD;
&#xD;
2019-08-21 19:19:52 - [TEST_STEP][PASSED] - ACTPOLKBKMARENV = 5: null&#xD;
&#xD;
2019-08-21 19:19:52 - [TEST_STEP][PASSED] - ACTPOLKMENV = 6: null&#xD;
&#xD;
2019-08-21 19:19:52 - [TEST_STEP][PASSED] - ACTPOLKWENV = 7: null&#xD;
&#xD;
2019-08-21 19:19:52 - [TEST_STEP][PASSED] - environment = ACTPOLTESTENV: null&#xD;
&#xD;
2019-08-21 19:19:52 - [TEST_STEP][PASSED] - Selectenv = &lt;not implemented yet for class: org.codehaus.groovy.ast.expr.EmptyExpression&gt;: null&#xD;
&#xD;
2019-08-21 19:19:52 - [TEST_STEP][PASSED] - switch (environment): null&#xD;
&#xD;
2019-08-21 19:19:52 - [TEST_STEP][PASSED] - case 1:: null&#xD;
&#xD;
2019-08-21 19:19:52 - [TEST_STEP][PASSED] - println(Selectenv = "ACTPOL-TEST-ENV"): null&#xD;
&#xD;
2019-08-21 19:19:52 - [TEST_STEP][PASSED] - navigateToUrl(TESTURL): Navigate to 'http://10.20.10.7:8185/actpoltst/nxmenu.pgm?docnum=551' successfully&#xD;
&#xD;
2019-08-21 19:20:01 - [MESSAGE][PASSED] - Navigate to 'http://10.20.10.7:8185/actpoltst/nxmenu.pgm?docnum=551' successfully&#xD;
&#xD;
2019-08-21 19:20:01 - [TEST_STEP][PASSED] - setText(findTestObject("Actpol_Scripts/login/userid"), username): Text 'vidhya' is set on object 'Object Repository/Actpol_Scripts/login/userid'&#xD;
&#xD;
2019-08-21 19:20:03 - [MESSAGE][PASSED] - Text 'vidhya' is set on object 'Object Repository/Actpol_Scripts/login/userid'&#xD;
&#xD;
2019-08-21 19:20:03 - [TEST_STEP][PASSED] - setMaskedText(findTestObject("Actpol_Scripts/login/password"), password): Text '********' is set on object 'Object Repository/Actpol_Scripts/login/password'&#xD;
&#xD;
2019-08-21 19:20:05 - [MESSAGE][PASSED] - Text '********' is set on object 'Object Repository/Actpol_Scripts/login/password'&#xD;
&#xD;
2019-08-21 19:20:05 - [TEST_STEP][PASSED] - click(findTestObject("Actpol_Scripts/login/login")): Object: 'Object Repository/Actpol_Scripts/login/login' is clicked on&#xD;
&#xD;
2019-08-21 19:20:07 - [MESSAGE][PASSED] - Object: 'Object Repository/Actpol_Scripts/login/login' is clicked on&#xD;
&#xD;
2019-08-21 19:20:07 - [TEST_STEP][PASSED] - getWindowTitle(): Current window's title is: 'Login Page for ACTPOL Test'&#xD;
&#xD;
2019-08-21 19:20:07 - [MESSAGE][PASSED] - Current window's title is: 'Login Page for ACTPOL Test'&#xD;
&#xD;
2019-08-21 19:20:07 - [TEST_STEP][PASSED] - break: null&#xD;
&#xD;
2019-08-21 19:20:07 - [MESSAGE][PASSED] - Call Test Case 'Test Cases/main/Actpol_Login_testenv' successfully&#xD;
&#xD;
2019-08-21 19:20:07 - [TEST_STEP][PASSED] - selectOptionByValue(findTestObject("Actpol_Scripts/General Search/Algemene Zoekopdracht -test env/Assistentie"), "assist", false): All options with value 'assist' are selected in object 'Object Repository/Actpol_Scripts/General Search/Algemene Zoekopdracht -test env/Assistentie' &#xD;
&#xD;
2019-08-21 19:20:20 - [MESSAGE][PASSED] - All options with value 'assist' are selected in object 'Object Repository/Actpol_Scripts/General Search/Algemene Zoekopdracht -test env/Assistentie' &#xD;
&#xD;
2019-08-21 19:20:20 - [TEST_STEP][PASSED] - setText(findTestObject("Actpol_Scripts/General Search/Algemene Zoekopdracht -test env/Assistentie Set text"), Generiekassistenite_Module): Text '200601728' is set on object 'Object Repository/Actpol_Scripts/General Search/Algemene Zoekopdracht -test env/Assistentie Set text'&#xD;
&#xD;
2019-08-21 19:20:21 - [MESSAGE][PASSED] - Text '200601728' is set on object 'Object Repository/Actpol_Scripts/General Search/Algemene Zoekopdracht -test env/Assistentie Set text'&#xD;
&#xD;
2019-08-21 19:20:21 - [TEST_STEP][PASSED] - delay(2): Delayed 2 second(s)&#xD;
&#xD;
2019-08-21 19:20:23 - [MESSAGE][PASSED] - Delayed 2 second(s)&#xD;
&#xD;
2019-08-21 19:20:23 - [TEST_STEP][PASSED] - click(findTestObject("Actpol_Scripts/General Search/Algemene Zoekopdracht -test env/Zoeken new")): Object: 'Object Repository/Actpol_Scripts/General Search/Algemene Zoekopdracht -test env/Zoeken new' is clicked on&#xD;
&#xD;
2019-08-21 19:20:27 - [MESSAGE][PASSED] - Object: 'Object Repository/Actpol_Scripts/General Search/Algemene Zoekopdracht -test env/Zoeken new' is clicked on&#xD;
&#xD;
2019-08-21 19:20:27 - [TEST_STEP][PASSED] - delay(2): Delayed 2 second(s)&#xD;
&#xD;
2019-08-21 19:20:29 - [MESSAGE][PASSED] - Delayed 2 second(s)&#xD;
&#xD;
2019-08-21 19:20:29 - [TEST_STEP][PASSED] - AssistentiedynamicId = Generiekassistenite_Module: null&#xD;
&#xD;
2019-08-21 19:20:29 - [TEST_STEP][PASSED] - Assistentiexpath = "//*[text()="" + AssistentiedynamicId + ""]/preceding-sibling::td/a[2]": null&#xD;
&#xD;
2019-08-21 19:20:29 - [TEST_STEP][PASSED] - to = findTestObject("Actpol_Scripts/General Search/Algemene Zoekopdracht -test env/View Assistentie"): null&#xD;
&#xD;
2019-08-21 19:20:29 - [TEST_STEP][PASSED] - to.addProperty("xpath", EQUALS, Assistentiexpath): null&#xD;
&#xD;
2019-08-21 19:20:29 - [TEST_STEP][PASSED] - delay(5): Delayed 5 second(s)&#xD;
&#xD;
2019-08-21 19:20:34 - [MESSAGE][PASSED] - Delayed 5 second(s)&#xD;
&#xD;
2019-08-21 19:20:34 - [TEST_STEP][PASSED] - click(to): Object: 'Object Repository/Actpol_Scripts/General Search/Algemene Zoekopdracht -test env/View Assistentie' is clicked on&#xD;
&#xD;
2019-08-21 19:20:35 - [MESSAGE][PASSED] - Object: 'Object Repository/Actpol_Scripts/General Search/Algemene Zoekopdracht -test env/View Assistentie' is clicked on&#xD;
&#xD;
2019-08-21 19:20:35 - [TEST_STEP][PASSED] - delay(2): Delayed 2 second(s)&#xD;
&#xD;
2019-08-21 19:20:37 - [MESSAGE][PASSED] - Delayed 2 second(s)&#xD;
&#xD;
2019-08-21 19:20:37 - [TEST_STEP][PASSED] - click(findTestObject("Actpol_Scripts/General Search/Algemene Zoekopdracht -test env/Confirmeren")): Object: 'Object Repository/Actpol_Scripts/General Search/Algemene Zoekopdracht -test env/Confirmeren' is clicked on&#xD;
&#xD;
2019-08-21 19:20:46 - [MESSAGE][PASSED] - Object: 'Object Repository/Actpol_Scripts/General Search/Algemene Zoekopdracht -test env/Confirmeren' is clicked on&#xD;
&#xD;
2019-08-21 19:20:46 - [TEST_STEP][PASSED] - delay(5): Delayed 5 second(s)&#xD;
&#xD;
2019-08-21 19:20:51 - [MESSAGE][PASSED] - Delayed 5 second(s)&#xD;
&#xD;
2019-08-21 19:20:51 - [TEST_STEP][PASSED] - click(findTestObject("Actpol_Scripts/Generiek/Assistentie/Click roll process")): Object: 'Object Repository/Actpol_Scripts/Generiek/Assistentie/Click roll process' is clicked on&#xD;
&#xD;
2019-08-21 19:20:54 - [MESSAGE][PASSED] - Object: 'Object Repository/Actpol_Scripts/Generiek/Assistentie/Click roll process' is clicked on&#xD;
&#xD;
2019-08-21 19:20:54 - [TEST_STEP][PASSED] - delay(2): Delayed 2 second(s)&#xD;
&#xD;
2019-08-21 19:20:56 - [MESSAGE][PASSED] - Delayed 2 second(s)&#xD;
&#xD;
2019-08-21 19:20:56 - [TEST_STEP][PASSED] - click(findTestObject("Actpol_Scripts/Generiek/Assistentie/Click new process")): Object: 'Object Repository/Actpol_Scripts/Generiek/Assistentie/Click new process' is clicked on&#xD;
&#xD;
2019-08-21 19:20:56 - [MESSAGE][PASSED] - Object: 'Object Repository/Actpol_Scripts/Generiek/Assistentie/Click new process' is clicked on&#xD;
&#xD;
2019-08-21 19:20:56 - [TEST_STEP][PASSED] - delay(2): Delayed 2 second(s)&#xD;
&#xD;
2019-08-21 19:20:58 - [MESSAGE][PASSED] - Delayed 2 second(s)&#xD;
&#xD;
2019-08-21 19:20:58 - [TEST_STEP][PASSED] - comment("Select process "VREEMDELING""): Select process "VREEMDELING"&#xD;
&#xD;
2019-08-21 19:20:58 - [MESSAGE][INFO] - Select process "VREEMDELING"&#xD;
&#xD;
2019-08-21 19:20:58 - [TEST_STEP][PASSED] - selectOptionByLabel(findTestObject("Actpol_Scripts/Generiek/Assistentie/Rol Proces Type"), "VREEMDELING", false): All options with label 'VREEMDELING' are selected in object 'Object Repository/Actpol_Scripts/Generiek/Assistentie/Rol Proces Type' &#xD;
&#xD;
2019-08-21 19:20:59 - [MESSAGE][PASSED] - All options with label 'VREEMDELING' are selected in object 'Object Repository/Actpol_Scripts/Generiek/Assistentie/Rol Proces Type' &#xD;
&#xD;
2019-08-21 19:20:59 - [TEST_STEP][PASSED] - delay(3): Delayed 3 second(s)&#xD;
&#xD;
2019-08-21 19:21:02 - [MESSAGE][PASSED] - Delayed 3 second(s)&#xD;
&#xD;
2019-08-21 19:21:02 - [TEST_STEP][PASSED] - setText(findTestObject("JIRA/A Relese 6.6/ACTPOL-308/Vliegmaatschappij_Rederij"), "Katalon testing"): Text 'Katalon testing' is set on object 'Object Repository/JIRA/A Relese 6.6/ACTPOL-308/Vliegmaatschappij_Rederij'&#xD;
&#xD;
2019-08-21 19:21:03 - [MESSAGE][PASSED] - Text 'Katalon testing' is set on object 'Object Repository/JIRA/A Relese 6.6/ACTPOL-308/Vliegmaatschappij_Rederij'&#xD;
&#xD;
2019-08-21 19:21:03 - [TEST_STEP][PASSED] - delay(1): Delayed 1 second(s)&#xD;
&#xD;
2019-08-21 19:21:04 - [MESSAGE][PASSED] - Delayed 1 second(s)&#xD;
&#xD;
2019-08-21 19:21:04 - [TEST_STEP][PASSED] - setText(findTestObject("JIRA/A Relese 6.6/ACTPOL-308/Naam boot_vliegtuig"), "Katalon testing"): Text 'Katalon testing' is set on object 'Object Repository/JIRA/A Relese 6.6/ACTPOL-308/Naam boot_vliegtuig'&#xD;
&#xD;
2019-08-21 19:21:04 - [MESSAGE][PASSED] - Text 'Katalon testing' is set on object 'Object Repository/JIRA/A Relese 6.6/ACTPOL-308/Naam boot_vliegtuig'&#xD;
&#xD;
2019-08-21 19:21:04 - [TEST_STEP][PASSED] - delay(1): Delayed 1 second(s)&#xD;
&#xD;
2019-08-21 19:21:05 - [MESSAGE][PASSED] - Delayed 1 second(s)&#xD;
&#xD;
2019-08-21 19:21:05 - [TEST_STEP][PASSED] - setText(findTestObject("JIRA/A Relese 6.6/ACTPOL-308/Telefoon boot_vliegtuig"), "Katalon testing"): Text 'Katalon testing' is set on object 'Object Repository/JIRA/A Relese 6.6/ACTPOL-308/Telefoon boot_vliegtuig'&#xD;
&#xD;
2019-08-21 19:21:06 - [MESSAGE][PASSED] - Text 'Katalon testing' is set on object 'Object Repository/JIRA/A Relese 6.6/ACTPOL-308/Telefoon boot_vliegtuig'&#xD;
&#xD;
2019-08-21 19:21:06 - [TEST_STEP][PASSED] - delay(1): Delayed 1 second(s)&#xD;
&#xD;
2019-08-21 19:21:07 - [MESSAGE][PASSED] - Delayed 1 second(s)&#xD;
&#xD;
2019-08-21 19:21:07 - [TEST_STEP][PASSED] - setText(findTestObject("JIRA/A Relese 6.6/ACTPOL-308/Agentschap"), "Katalon testing"): Text 'Katalon testing' is set on object 'Object Repository/JIRA/A Relese 6.6/ACTPOL-308/Agentschap'&#xD;
&#xD;
2019-08-21 19:21:08 - [MESSAGE][PASSED] - Text 'Katalon testing' is set on object 'Object Repository/JIRA/A Relese 6.6/ACTPOL-308/Agentschap'&#xD;
&#xD;
2019-08-21 19:21:08 - [TEST_STEP][PASSED] - delay(1): Delayed 1 second(s)&#xD;
&#xD;
2019-08-21 19:21:09 - [MESSAGE][PASSED] - Delayed 1 second(s)&#xD;
&#xD;
2019-08-21 19:21:09 - [TEST_STEP][PASSED] - click(findTestObject("JIRA/A Relese 6.6/ACTPOL-344/Achternaam new btn click")): Object: 'Object Repository/JIRA/A Relese 6.6/ACTPOL-344/Achternaam new btn click' is clicked on&#xD;
&#xD;
2019-08-21 19:21:14 - [MESSAGE][PASSED] - Object: 'Object Repository/JIRA/A Relese 6.6/ACTPOL-344/Achternaam new btn click' is clicked on&#xD;
&#xD;
2019-08-21 19:21:14 - [TEST_STEP][PASSED] - delay(4): Delayed 4 second(s)&#xD;
&#xD;
2019-08-21 19:21:18 - [MESSAGE][PASSED] - Delayed 4 second(s)&#xD;
&#xD;
2019-08-21 19:21:18 - [TEST_STEP][PASSED] - click(findTestObject("JIRA/A Relese 6.6/ACTPOL-344/Persoon edit default")): Object: 'Object Repository/JIRA/A Relese 6.6/ACTPOL-344/Persoon edit default' is clicked on&#xD;
&#xD;
2019-08-21 19:21:19 - [MESSAGE][PASSED] - Object: 'Object Repository/JIRA/A Relese 6.6/ACTPOL-344/Persoon edit default' is clicked on&#xD;
&#xD;
2019-08-21 19:21:19 - [TEST_STEP][PASSED] - delay(4): Delayed 4 second(s)&#xD;
&#xD;
2019-08-21 19:21:23 - [MESSAGE][PASSED] - Delayed 4 second(s)&#xD;
&#xD;
2019-08-21 19:21:23 - [TEST_STEP][PASSED] - click(findTestObject("JIRA/A Relese 6.6/ACTPOL-344/Personalia tab")): Object: 'Object Repository/JIRA/A Relese 6.6/ACTPOL-344/Personalia tab' is clicked on&#xD;
&#xD;
2019-08-21 19:21:25 - [MESSAGE][PASSED] - Object: 'Object Repository/JIRA/A Relese 6.6/ACTPOL-344/Personalia tab' is clicked on&#xD;
&#xD;
2019-08-21 19:21:25 - [TEST_STEP][PASSED] - delay(2): Delayed 2 second(s)&#xD;
&#xD;
2019-08-21 19:21:27 - [MESSAGE][PASSED] - Delayed 2 second(s)&#xD;
&#xD;
2019-08-21 19:21:27 - [TEST_STEP][PASSED] - click(findTestObject("JIRA/A Relese 6.6/ACTPOL-344/Vaarbewijs")): Object: 'Object Repository/JIRA/A Relese 6.6/ACTPOL-344/Vaarbewijs' is clicked on&#xD;
&#xD;
2019-08-21 19:21:27 - [MESSAGE][PASSED] - Object: 'Object Repository/JIRA/A Relese 6.6/ACTPOL-344/Vaarbewijs' is clicked on&#xD;
&#xD;
2019-08-21 19:21:27 - [TEST_STEP][PASSED] - delay(2): Delayed 2 second(s)&#xD;
&#xD;
2019-08-21 19:21:29 - [MESSAGE][PASSED] - Delayed 2 second(s)&#xD;
&#xD;
2019-08-21 19:21:29 - [TEST_STEP][PASSED] - click(findTestObject("JIRA/A Relese 6.6/ACTPOL-344/Vaarbewijs new")): Object: 'Object Repository/JIRA/A Relese 6.6/ACTPOL-344/Vaarbewijs new' is clicked on&#xD;
&#xD;
2019-08-21 19:21:30 - [MESSAGE][PASSED] - Object: 'Object Repository/JIRA/A Relese 6.6/ACTPOL-344/Vaarbewijs new' is clicked on&#xD;
&#xD;
2019-08-21 19:21:30 - [TEST_STEP][PASSED] - delay(1): Delayed 1 second(s)&#xD;
&#xD;
2019-08-21 19:21:31 - [MESSAGE][PASSED] - Delayed 1 second(s)&#xD;
&#xD;
2019-08-21 19:21:31 - [TEST_STEP][PASSED] - setText(findTestObject("JIRA/A Relese 6.6/ACTPOL-344/Vaarbewijs Vaarbewijs"), "Vaarbewijs test"): Text 'Vaarbewijs test' is set on object 'Object Repository/JIRA/A Relese 6.6/ACTPOL-344/Vaarbewijs Vaarbewijs'&#xD;
&#xD;
2019-08-21 19:21:32 - [MESSAGE][PASSED] - Text 'Vaarbewijs test' is set on object 'Object Repository/JIRA/A Relese 6.6/ACTPOL-344/Vaarbewijs Vaarbewijs'&#xD;
&#xD;
2019-08-21 19:21:32 - [TEST_STEP][PASSED] - delay(1): Delayed 1 second(s)&#xD;
&#xD;
2019-08-21 19:21:33 - [MESSAGE][PASSED] - Delayed 1 second(s)&#xD;
&#xD;
2019-08-21 19:21:33 - [TEST_STEP][PASSED] - selectOptionByLabel(findTestObject("JIRA/A Relese 6.6/ACTPOL-344/Vaarbewijs type"), "INTERNATIONAAL", false): All options with label 'INTERNATIONAAL' are selected in object 'Object Repository/JIRA/A Relese 6.6/ACTPOL-344/Vaarbewijs type' &#xD;
&#xD;
2019-08-21 19:21:33 - [MESSAGE][PASSED] - All options with label 'INTERNATIONAAL' are selected in object 'Object Repository/JIRA/A Relese 6.6/ACTPOL-344/Vaarbewijs type' &#xD;
&#xD;
2019-08-21 19:21:33 - [TEST_STEP][PASSED] - delay(1): Delayed 1 second(s)&#xD;
&#xD;
2019-08-21 19:21:34 - [MESSAGE][PASSED] - Delayed 1 second(s)&#xD;
&#xD;
2019-08-21 19:21:34 - [TEST_STEP][PASSED] - selectOptionByLabel(findTestObject("JIRA/A Relese 6.6/ACTPOL-344/Categorie"), "Beroeps", false): All options with label 'Beroeps' are selected in object 'Object Repository/JIRA/A Relese 6.6/ACTPOL-344/Categorie' &#xD;
&#xD;
2019-08-21 19:21:35 - [MESSAGE][PASSED] - All options with label 'Beroeps' are selected in object 'Object Repository/JIRA/A Relese 6.6/ACTPOL-344/Categorie' &#xD;
&#xD;
2019-08-21 19:21:35 - [TEST_STEP][PASSED] - delay(1): Delayed 1 second(s)&#xD;
&#xD;
2019-08-21 19:21:36 - [MESSAGE][PASSED] - Delayed 1 second(s)&#xD;
&#xD;
2019-08-21 19:21:36 - [TEST_STEP][PASSED] - selectOptionByLabel(findTestObject("JIRA/A Relese 6.6/ACTPOL-344/Land afgifte"), "AFGHANISTAN", false): All options with label 'AFGHANISTAN' are selected in object 'Object Repository/JIRA/A Relese 6.6/ACTPOL-344/Land afgifte' &#xD;
&#xD;
2019-08-21 19:21:36 - [MESSAGE][PASSED] - All options with label 'AFGHANISTAN' are selected in object 'Object Repository/JIRA/A Relese 6.6/ACTPOL-344/Land afgifte' &#xD;
&#xD;
2019-08-21 19:21:36 - [TEST_STEP][PASSED] - delay(1): Delayed 1 second(s)&#xD;
&#xD;
2019-08-21 19:21:37 - [MESSAGE][PASSED] - Delayed 1 second(s)&#xD;
&#xD;
2019-08-21 19:21:37 - [TEST_STEP][PASSED] - click(findTestObject("JIRA/A Relese 6.6/ACTPOL-344/Datum afgifte")): Object: 'Object Repository/JIRA/A Relese 6.6/ACTPOL-344/Datum afgifte' is clicked on&#xD;
&#xD;
2019-08-21 19:21:38 - [MESSAGE][PASSED] - Object: 'Object Repository/JIRA/A Relese 6.6/ACTPOL-344/Datum afgifte' is clicked on&#xD;
&#xD;
2019-08-21 19:21:38 - [TEST_STEP][PASSED] - delay(1): Delayed 1 second(s)&#xD;
&#xD;
2019-08-21 19:21:39 - [MESSAGE][PASSED] - Delayed 1 second(s)&#xD;
&#xD;
2019-08-21 19:21:39 - [TEST_STEP][PASSED] - selectOptionByLabel(findTestObject("JIRA/A Relese 6.6/ACTPOL-344/newpersonmonth"), "maa", false): All options with label 'maa' are selected in object 'Object Repository/JIRA/A Relese 6.6/ACTPOL-344/newpersonmonth' &#xD;
&#xD;
2019-08-21 19:21:40 - [MESSAGE][PASSED] - All options with label 'maa' are selected in object 'Object Repository/JIRA/A Relese 6.6/ACTPOL-344/newpersonmonth' &#xD;
&#xD;
2019-08-21 19:21:40 - [TEST_STEP][PASSED] - delay(1): Delayed 1 second(s)&#xD;
&#xD;
2019-08-21 19:21:41 - [MESSAGE][PASSED] - Delayed 1 second(s)&#xD;
&#xD;
2019-08-21 19:21:41 - [TEST_STEP][PASSED] - selectOptionByLabel(findTestObject("JIRA/A Relese 6.6/ACTPOL-344/newpersonyear"), "2018", false): All options with label '2018' are selected in object 'Object Repository/JIRA/A Relese 6.6/ACTPOL-344/newpersonyear' &#xD;
&#xD;
2019-08-21 19:21:41 - [MESSAGE][PASSED] - All options with label '2018' are selected in object 'Object Repository/JIRA/A Relese 6.6/ACTPOL-344/newpersonyear' &#xD;
&#xD;
2019-08-21 19:21:41 - [TEST_STEP][PASSED] - delay(1): Delayed 1 second(s)&#xD;
&#xD;
2019-08-21 19:21:42 - [MESSAGE][PASSED] - Delayed 1 second(s)&#xD;
&#xD;
2019-08-21 19:21:42 - [TEST_STEP][PASSED] - click(findTestObject("JIRA/A Relese 6.6/ACTPOL-344/newperson 10th")): Object: 'Object Repository/JIRA/A Relese 6.6/ACTPOL-344/newperson 10th' is clicked on&#xD;
&#xD;
2019-08-21 19:21:43 - [MESSAGE][PASSED] - Object: 'Object Repository/JIRA/A Relese 6.6/ACTPOL-344/newperson 10th' is clicked on&#xD;
&#xD;
2019-08-21 19:21:43 - [TEST_STEP][PASSED] - delay(1): Delayed 1 second(s)&#xD;
&#xD;
2019-08-21 19:21:44 - [MESSAGE][PASSED] - Delayed 1 second(s)&#xD;
&#xD;
2019-08-21 19:21:44 - [TEST_STEP][PASSED] - click(findTestObject("JIRA/A Relese 6.6/ACTPOL-344/Verval datum")): Object: 'Object Repository/JIRA/A Relese 6.6/ACTPOL-344/Verval datum' is clicked on&#xD;
&#xD;
2019-08-21 19:21:44 - [MESSAGE][PASSED] - Object: 'Object Repository/JIRA/A Relese 6.6/ACTPOL-344/Verval datum' is clicked on&#xD;
&#xD;
2019-08-21 19:21:44 - [TEST_STEP][PASSED] - delay(1): Delayed 1 second(s)&#xD;
&#xD;
2019-08-21 19:21:45 - [MESSAGE][PASSED] - Delayed 1 second(s)&#xD;
&#xD;
2019-08-21 19:21:45 - [TEST_STEP][PASSED] - selectOptionByLabel(findTestObject("JIRA/A Relese 6.6/ACTPOL-344/newpersonmonth"), "maa", false): All options with label 'maa' are selected in object 'Object Repository/JIRA/A Relese 6.6/ACTPOL-344/newpersonmonth' &#xD;
&#xD;
2019-08-21 19:21:46 - [MESSAGE][PASSED] - All options with label 'maa' are selected in object 'Object Repository/JIRA/A Relese 6.6/ACTPOL-344/newpersonmonth' &#xD;
&#xD;
2019-08-21 19:21:46 - [TEST_STEP][PASSED] - delay(1): Delayed 1 second(s)&#xD;
&#xD;
2019-08-21 19:21:47 - [MESSAGE][PASSED] - Delayed 1 second(s)&#xD;
&#xD;
2019-08-21 19:21:47 - [TEST_STEP][PASSED] - selectOptionByLabel(findTestObject("JIRA/A Relese 6.6/ACTPOL-344/newpersonyear"), "2019", false): All options with label '2019' are selected in object 'Object Repository/JIRA/A Relese 6.6/ACTPOL-344/newpersonyear' &#xD;
&#xD;
2019-08-21 19:21:47 - [MESSAGE][PASSED] - All options with label '2019' are selected in object 'Object Repository/JIRA/A Relese 6.6/ACTPOL-344/newpersonyear' &#xD;
&#xD;
2019-08-21 19:21:47 - [TEST_STEP][PASSED] - delay(1): Delayed 1 second(s)&#xD;
&#xD;
2019-08-21 19:21:48 - [MESSAGE][PASSED] - Delayed 1 second(s)&#xD;
&#xD;
2019-08-21 19:21:48 - [TEST_STEP][PASSED] - click(findTestObject("JIRA/A Relese 6.6/ACTPOL-344/newperson 11th")): Object: 'Object Repository/JIRA/A Relese 6.6/ACTPOL-344/newperson 11th' is clicked on&#xD;
&#xD;
2019-08-21 19:21:49 - [MESSAGE][PASSED] - Object: 'Object Repository/JIRA/A Relese 6.6/ACTPOL-344/newperson 11th' is clicked on&#xD;
&#xD;
2019-08-21 19:21:49 - [TEST_STEP][PASSED] - delay(1): Delayed 1 second(s)&#xD;
&#xD;
2019-08-21 19:21:50 - [MESSAGE][PASSED] - Delayed 1 second(s)&#xD;
&#xD;
2019-08-21 19:21:50 - [TEST_STEP][PASSED] - click(findTestObject("JIRA/A Relese 6.6/ACTPOL-344/Vaarbewijs add on")): Object: 'Object Repository/JIRA/A Relese 6.6/ACTPOL-344/Vaarbewijs add on' is clicked on&#xD;
&#xD;
2019-08-21 19:21:50 - [MESSAGE][PASSED] - Object: 'Object Repository/JIRA/A Relese 6.6/ACTPOL-344/Vaarbewijs add on' is clicked on&#xD;
&#xD;
2019-08-21 19:21:50 - [TEST_STEP][PASSED] - delay(2): Delayed 2 second(s)&#xD;
&#xD;
2019-08-21 19:21:52 - [MESSAGE][PASSED] - Delayed 2 second(s)&#xD;
&#xD;
2019-08-21 19:21:52 - [TEST_STEP][PASSED] - takeScreenshot(): Taking screenshot successfully&#xD;
&#xD;
2019-08-21 19:21:53 - [MESSAGE][PASSED] - Taking screenshot successfully&#xD;
[[ATTACHMENT|C:\\Users\\user4\\git\\ACTPOL\\Reports\\20190821_190559\\Release 6.6\\ACTPOL-308,309,310,316 and 344\\20190821_190639\\1566395512985.png]]</system-out>
            <system-err></system-err>
        </testcase>
        <system-out>2019-08-21 19:07:03 - [TEST_SUITE][INCOMPLETE] - ACTPOL-308,309,310,316 and 344: null</system-out>
        <system-err>2019-08-21 19:07:03 - [TEST_SUITE][INCOMPLETE] - ACTPOL-308,309,310,316 and 344: null</system-err>
    </testsuite>
</testsuites>
