<?xml version="1.0" encoding="UTF-8" standalone="yes"?>
<testsuites name="ACTPOL-532" time="154" tests="1" failures="0" errors="0">
    <testsuite name="ACTPOL-532" tests="1" failures="0" errors="0" time="154" timestamp="2019-09-12 21:36:26" hostname="user4 - 10.20.20.5" id="Test Suites/Release 6.6/ACTPOL-532">
        <properties>
            <property name="deviceName" value=""/>
            <property name="devicePlatform" value=""/>
            <property name="logFolder" value="C:\\Users\\user4\\git\\ACTPOL\\Reports\\20190912_213605\\Release 6.6\\ACTPOL-532\\20190912_213605"/>
            <property name="logFiles" value="C:\\Users\\user4\\git\\ACTPOL\\Reports\\20190912_213605\\Release 6.6\\ACTPOL-532\\20190912_213605\\execution0.log"/>
            <property name="attachments" value="C:\\Users\\user4\\git\\ACTPOL\\Reports\\20190912_213605\\Release 6.6\\ACTPOL-532\\20190912_213605\\1568304537667.png"/>
            <property name="hostName" value="user4 - 10.20.20.5"/>
            <property name="os" value="Windows 8.1 64bit"/>
            <property name="katalonVersion" value="6.3.3.11"/>
            <property name="browser" value="Chrome 77.0.3865.75"/>
            <property name="hostAddress" value="10.20.20.5"/>
            <property name="sessionId" value="cecf82e8b8e7c6588660c1f87f62ab34"/>
            <property name="seleniumVersion" value="3.141.59"/>
            <property name="proxyInformation" value="ProxyInformation{proxyOption=NO_PROXY, proxyServerType=HTTP, password=, proxyServerAddress=, proxyServerPort=0}"/>
            <property name="platform" value="Windows 8.1"/>
        </properties>
        <testcase name="Test Cases/JIRA Tasks/Release 6.6/ACTPOL-532" classname="Test Cases/JIRA Tasks/Release 6.6/ACTPOL-532" status="PASSED">
            <system-out>2019-09-12 21:36:26 - [TEST_CASE][PASSED] - Test Cases/JIRA Tasks/Release 6.6/ACTPOL-532: Test Cases/JIRA Tasks/Release 6.6/ACTPOL-532&#xD;
&#xD;
2019-09-12 21:36:29 - [TEST_STEP][PASSED] - callTestCase(findTestCase("main/Actpol_Login_testenv"), [:], STOP_ON_FAILURE): Call Test Case 'Test Cases/main/Actpol_Login_testenv' successfully&#xD;
&#xD;
2019-09-12 21:36:30 - [TEST_CASE][PASSED] - Test Cases/main/Actpol_Login_testenv: Test Cases/main/Actpol_Login_testenv&#xD;
&#xD;
2019-09-12 21:36:31 - [TEST_STEP][PASSED] - openBrowser(""): Browser is opened with url: ''&#xD;
&#xD;
2019-09-12 21:36:32 - [MESSAGE][INFO] - Starting 'Chrome' driver&#xD;
&#xD;
2019-09-12 21:36:32 - [MESSAGE][INFO] - Action delay is set to 0 seconds&#xD;
&#xD;
2019-09-12 21:36:42 - [MESSAGE][PASSED] - Browser is opened with url: ''&#xD;
&#xD;
2019-09-12 21:36:42 - [TEST_STEP][PASSED] - deleteAllCookies(): Delete all cookies successfully&#xD;
&#xD;
2019-09-12 21:36:42 - [MESSAGE][PASSED] - Delete all cookies successfully&#xD;
&#xD;
2019-09-12 21:36:43 - [TEST_STEP][PASSED] - waitForPageLoad(30): Wait for page load successfully&#xD;
&#xD;
2019-09-12 21:36:48 - [MESSAGE][PASSED] - Wait for page load successfully&#xD;
&#xD;
2019-09-12 21:36:48 - [TEST_STEP][PASSED] - maximizeWindow(): Current window maximized&#xD;
&#xD;
2019-09-12 21:36:49 - [MESSAGE][PASSED] - Current window maximized&#xD;
&#xD;
2019-09-12 21:36:49 - [TEST_STEP][PASSED] - ACTPOLTESTENV = 1: null&#xD;
&#xD;
2019-09-12 21:36:49 - [TEST_STEP][PASSED] - ACTPOLDEVENV = 2: null&#xD;
&#xD;
2019-09-12 21:36:49 - [TEST_STEP][PASSED] - ACTPOLKCENV = 3: null&#xD;
&#xD;
2019-09-12 21:36:49 - [TEST_STEP][PASSED] - ACTPOLKBKPCNENV = 4: null&#xD;
&#xD;
2019-09-12 21:36:49 - [TEST_STEP][PASSED] - ACTPOLKBKMARENV = 5: null&#xD;
&#xD;
2019-09-12 21:36:49 - [TEST_STEP][PASSED] - ACTPOLKMENV = 6: null&#xD;
&#xD;
2019-09-12 21:36:49 - [TEST_STEP][PASSED] - ACTPOLKWENV = 7: null&#xD;
&#xD;
2019-09-12 21:36:49 - [TEST_STEP][PASSED] - environment = ACTPOLDEVENV: null&#xD;
&#xD;
2019-09-12 21:36:49 - [TEST_STEP][PASSED] - Selectenv = &lt;not implemented yet for class: org.codehaus.groovy.ast.expr.EmptyExpression&gt;: null&#xD;
&#xD;
2019-09-12 21:36:49 - [TEST_STEP][PASSED] - switch (environment): null&#xD;
&#xD;
2019-09-12 21:36:49 - [TEST_STEP][PASSED] - case 2:: null&#xD;
&#xD;
2019-09-12 21:36:49 - [TEST_STEP][PASSED] - println(Selectenv = "ACTPOL-DEV-ENV"): null&#xD;
&#xD;
2019-09-12 21:36:50 - [TEST_STEP][PASSED] - navigateToUrl(DEVURL): Navigate to 'http://10.20.10.7:8202/actpoldev/JPOL532/nxmenu.pgm?docnum=604' successfully&#xD;
&#xD;
2019-09-12 21:37:05 - [MESSAGE][PASSED] - Navigate to 'http://10.20.10.7:8202/actpoldev/JPOL532/nxmenu.pgm?docnum=604' successfully&#xD;
&#xD;
2019-09-12 21:37:05 - [TEST_STEP][PASSED] - setText(findTestObject("Actpol_Scripts/login/userid"), username): Text 'vidhya' is set on object 'Object Repository/Actpol_Scripts/login/userid'&#xD;
&#xD;
2019-09-12 21:37:15 - [MESSAGE][PASSED] - Text 'vidhya' is set on object 'Object Repository/Actpol_Scripts/login/userid'&#xD;
&#xD;
2019-09-12 21:37:15 - [TEST_STEP][PASSED] - setMaskedText(findTestObject("Actpol_Scripts/login/password"), password): Text '********' is set on object 'Object Repository/Actpol_Scripts/login/password'&#xD;
&#xD;
2019-09-12 21:37:16 - [MESSAGE][PASSED] - Text '********' is set on object 'Object Repository/Actpol_Scripts/login/password'&#xD;
&#xD;
2019-09-12 21:37:16 - [TEST_STEP][PASSED] - click(findTestObject("Actpol_Scripts/login/login")): Object: 'Object Repository/Actpol_Scripts/login/login' is clicked on&#xD;
&#xD;
2019-09-12 21:37:16 - [MESSAGE][PASSED] - Object: 'Object Repository/Actpol_Scripts/login/login' is clicked on&#xD;
&#xD;
2019-09-12 21:37:16 - [TEST_STEP][PASSED] - getWindowTitle(): Current window's title is: 'Login Page for ACTPOL Developer'&#xD;
&#xD;
2019-09-12 21:37:16 - [MESSAGE][PASSED] - Current window's title is: 'Login Page for ACTPOL Developer'&#xD;
&#xD;
2019-09-12 21:37:16 - [TEST_STEP][PASSED] - break: null&#xD;
&#xD;
2019-09-12 21:37:17 - [MESSAGE][PASSED] - Call Test Case 'Test Cases/main/Actpol_Login_testenv' successfully&#xD;
&#xD;
2019-09-12 21:37:17 - [TEST_STEP][PASSED] - mouseOver(findTestObject("Actpol_Scripts/Menu navigation/Opsporing/Opsporing")): Object: 'Object Repository/Actpol_Scripts/Menu navigation/Opsporing/Opsporing' is hovered&#xD;
&#xD;
2019-09-12 21:37:38 - [MESSAGE][PASSED] - Object: 'Object Repository/Actpol_Scripts/Menu navigation/Opsporing/Opsporing' is hovered&#xD;
&#xD;
2019-09-12 21:37:38 - [TEST_STEP][PASSED] - delay(2): Delayed 2 second(s)&#xD;
&#xD;
2019-09-12 21:37:40 - [MESSAGE][PASSED] - Delayed 2 second(s)&#xD;
&#xD;
2019-09-12 21:37:40 - [TEST_STEP][PASSED] - click(findTestObject("Actpol_Scripts/Menu navigation/Opsporing/Arrestanten")): Object: 'Object Repository/Actpol_Scripts/Menu navigation/Opsporing/Arrestanten' is clicked on&#xD;
&#xD;
2019-09-12 21:37:47 - [MESSAGE][PASSED] - Object: 'Object Repository/Actpol_Scripts/Menu navigation/Opsporing/Arrestanten' is clicked on&#xD;
&#xD;
2019-09-12 21:37:47 - [TEST_STEP][PASSED] - delay(1): Delayed 1 second(s)&#xD;
&#xD;
2019-09-12 21:37:48 - [MESSAGE][PASSED] - Delayed 1 second(s)&#xD;
&#xD;
2019-09-12 21:37:48 - [TEST_STEP][PASSED] - mouseOver(findTestObject("Actpol_Scripts/Menu navigation/Generiek/Generiek")): Object: 'Object Repository/Actpol_Scripts/Menu navigation/Generiek/Generiek' is hovered&#xD;
&#xD;
2019-09-12 21:37:49 - [MESSAGE][PASSED] - Object: 'Object Repository/Actpol_Scripts/Menu navigation/Generiek/Generiek' is hovered&#xD;
&#xD;
2019-09-12 21:37:49 - [TEST_STEP][PASSED] - delay(1): Delayed 1 second(s)&#xD;
&#xD;
2019-09-12 21:37:50 - [MESSAGE][PASSED] - Delayed 1 second(s)&#xD;
&#xD;
2019-09-12 21:37:50 - [TEST_STEP][PASSED] - ArrestantenId = ArrestantenId: null&#xD;
&#xD;
2019-09-12 21:37:50 - [TEST_STEP][PASSED] - Assistentiexpath = "(//*[text()="" + ArrestantenId + ""]/preceding-sibling::td/a[2])[1]": null&#xD;
&#xD;
2019-09-12 21:37:50 - [TEST_STEP][PASSED] - to = findTestObject("Actpol_Scripts/Opsporing/Arrestanten/user edit select radio btn"): null&#xD;
&#xD;
2019-09-12 21:37:52 - [TEST_STEP][PASSED] - to.addProperty("xpath", EQUALS, Assistentiexpath): null&#xD;
&#xD;
2019-09-12 21:37:52 - [TEST_STEP][PASSED] - click(to): Object: 'Object Repository/Actpol_Scripts/Opsporing/Arrestanten/user edit select radio btn' is clicked on&#xD;
&#xD;
2019-09-12 21:37:53 - [MESSAGE][PASSED] - Object: 'Object Repository/Actpol_Scripts/Opsporing/Arrestanten/user edit select radio btn' is clicked on&#xD;
&#xD;
2019-09-12 21:37:54 - [TEST_STEP][PASSED] - delay(8): Delayed 8 second(s)&#xD;
&#xD;
2019-09-12 21:38:02 - [MESSAGE][PASSED] - Delayed 8 second(s)&#xD;
&#xD;
2019-09-12 21:38:02 - [TEST_STEP][PASSED] - click(findTestObject("Actpol_Scripts/Opsporing/Arrestanten/Registratie")): Object: 'Object Repository/Actpol_Scripts/Opsporing/Arrestanten/Registratie' is clicked on&#xD;
&#xD;
2019-09-12 21:38:03 - [MESSAGE][PASSED] - Object: 'Object Repository/Actpol_Scripts/Opsporing/Arrestanten/Registratie' is clicked on&#xD;
&#xD;
2019-09-12 21:38:03 - [TEST_STEP][PASSED] - delay(1): Delayed 1 second(s)&#xD;
&#xD;
2019-09-12 21:38:04 - [MESSAGE][PASSED] - Delayed 1 second(s)&#xD;
&#xD;
2019-09-12 21:38:04 - [TEST_STEP][PASSED] - delay(1): Delayed 1 second(s)&#xD;
&#xD;
2019-09-12 21:38:05 - [MESSAGE][PASSED] - Delayed 1 second(s)&#xD;
&#xD;
2019-09-12 21:38:05 - [TEST_STEP][PASSED] - click(findTestObject("Actpol_Scripts/Opsporing/Arrestanten/Goederen")): Object: 'Object Repository/Actpol_Scripts/Opsporing/Arrestanten/Goederen' is clicked on&#xD;
&#xD;
2019-09-12 21:38:06 - [MESSAGE][PASSED] - Object: 'Object Repository/Actpol_Scripts/Opsporing/Arrestanten/Goederen' is clicked on&#xD;
&#xD;
2019-09-12 21:38:07 - [TEST_STEP][PASSED] - delay(1): Delayed 1 second(s)&#xD;
&#xD;
2019-09-12 21:38:08 - [MESSAGE][PASSED] - Delayed 1 second(s)&#xD;
&#xD;
2019-09-12 21:38:08 - [TEST_STEP][PASSED] - click(findTestObject("Actpol_Scripts/Opsporing/Arrestanten/Goederen new")): Object: 'Object Repository/Actpol_Scripts/Opsporing/Arrestanten/Goederen new' is clicked on&#xD;
&#xD;
2019-09-12 21:38:09 - [MESSAGE][PASSED] - Object: 'Object Repository/Actpol_Scripts/Opsporing/Arrestanten/Goederen new' is clicked on&#xD;
&#xD;
2019-09-12 21:38:09 - [TEST_STEP][PASSED] - delay(4): Delayed 4 second(s)&#xD;
&#xD;
2019-09-12 21:38:13 - [MESSAGE][PASSED] - Delayed 4 second(s)&#xD;
&#xD;
2019-09-12 21:38:13 - [TEST_STEP][PASSED] - setText(findTestObject("Actpol_Scripts/Opsporing/Arrestanten/Voorwerpen"), "aa"): Text 'aa' is set on object 'Object Repository/Actpol_Scripts/Opsporing/Arrestanten/Voorwerpen'&#xD;
&#xD;
2019-09-12 21:38:14 - [MESSAGE][PASSED] - Text 'aa' is set on object 'Object Repository/Actpol_Scripts/Opsporing/Arrestanten/Voorwerpen'&#xD;
&#xD;
2019-09-12 21:38:14 - [TEST_STEP][PASSED] - delay(2): Delayed 2 second(s)&#xD;
&#xD;
2019-09-12 21:38:16 - [MESSAGE][PASSED] - Delayed 2 second(s)&#xD;
&#xD;
2019-09-12 21:38:16 - [TEST_STEP][PASSED] - click(findTestObject("Actpol_Scripts/Opsporing/Arrestanten/Voorwerpen lb")): Object: 'Object Repository/Actpol_Scripts/Opsporing/Arrestanten/Voorwerpen lb' is clicked on&#xD;
&#xD;
2019-09-12 21:38:16 - [MESSAGE][PASSED] - Object: 'Object Repository/Actpol_Scripts/Opsporing/Arrestanten/Voorwerpen lb' is clicked on&#xD;
&#xD;
2019-09-12 21:38:17 - [TEST_STEP][PASSED] - delay(1): Delayed 1 second(s)&#xD;
&#xD;
2019-09-12 21:38:18 - [MESSAGE][PASSED] - Delayed 1 second(s)&#xD;
&#xD;
2019-09-12 21:38:18 - [TEST_STEP][PASSED] - setText(findTestObject("Actpol_Scripts/Opsporing/Arrestanten/Merk"), Testing): Text 'Katalon testing' is set on object 'Object Repository/Actpol_Scripts/Opsporing/Arrestanten/Merk'&#xD;
&#xD;
2019-09-12 21:38:20 - [MESSAGE][PASSED] - Text 'Katalon testing' is set on object 'Object Repository/Actpol_Scripts/Opsporing/Arrestanten/Merk'&#xD;
&#xD;
2019-09-12 21:38:20 - [TEST_STEP][PASSED] - delay(1): Delayed 1 second(s)&#xD;
&#xD;
2019-09-12 21:38:21 - [MESSAGE][PASSED] - Delayed 1 second(s)&#xD;
&#xD;
2019-09-12 21:38:21 - [TEST_STEP][PASSED] - setText(findTestObject("Actpol_Scripts/Opsporing/Arrestanten/Model"), Testing): Text 'Katalon testing' is set on object 'Object Repository/Actpol_Scripts/Opsporing/Arrestanten/Model'&#xD;
&#xD;
2019-09-12 21:38:22 - [MESSAGE][PASSED] - Text 'Katalon testing' is set on object 'Object Repository/Actpol_Scripts/Opsporing/Arrestanten/Model'&#xD;
&#xD;
2019-09-12 21:38:22 - [TEST_STEP][PASSED] - delay(1): Delayed 1 second(s)&#xD;
&#xD;
2019-09-12 21:38:23 - [MESSAGE][PASSED] - Delayed 1 second(s)&#xD;
&#xD;
2019-09-12 21:38:23 - [TEST_STEP][PASSED] - setText(findTestObject("Actpol_Scripts/Opsporing/Arrestanten/Kleur"), Testing): Text 'Katalon testing' is set on object 'Object Repository/Actpol_Scripts/Opsporing/Arrestanten/Kleur'&#xD;
&#xD;
2019-09-12 21:38:25 - [MESSAGE][PASSED] - Text 'Katalon testing' is set on object 'Object Repository/Actpol_Scripts/Opsporing/Arrestanten/Kleur'&#xD;
&#xD;
2019-09-12 21:38:25 - [TEST_STEP][PASSED] - delay(1): Delayed 1 second(s)&#xD;
&#xD;
2019-09-12 21:38:26 - [MESSAGE][PASSED] - Delayed 1 second(s)&#xD;
&#xD;
2019-09-12 21:38:26 - [TEST_STEP][PASSED] - setText(findTestObject("Actpol_Scripts/Opsporing/Arrestanten/Serie nummer"), number): Text '11111' is set on object 'Object Repository/Actpol_Scripts/Opsporing/Arrestanten/Serie nummer'&#xD;
&#xD;
2019-09-12 21:38:26 - [MESSAGE][PASSED] - Text '11111' is set on object 'Object Repository/Actpol_Scripts/Opsporing/Arrestanten/Serie nummer'&#xD;
&#xD;
2019-09-12 21:38:26 - [TEST_STEP][PASSED] - delay(1): Delayed 1 second(s)&#xD;
&#xD;
2019-09-12 21:38:27 - [MESSAGE][PASSED] - Delayed 1 second(s)&#xD;
&#xD;
2019-09-12 21:38:27 - [TEST_STEP][PASSED] - setText(findTestObject("Actpol_Scripts/Opsporing/Arrestanten/Aantal"), number): Text '11111' is set on object 'Object Repository/Actpol_Scripts/Opsporing/Arrestanten/Aantal'&#xD;
&#xD;
2019-09-12 21:38:28 - [MESSAGE][PASSED] - Text '11111' is set on object 'Object Repository/Actpol_Scripts/Opsporing/Arrestanten/Aantal'&#xD;
&#xD;
2019-09-12 21:38:28 - [TEST_STEP][PASSED] - delay(1): Delayed 1 second(s)&#xD;
&#xD;
2019-09-12 21:38:29 - [MESSAGE][PASSED] - Delayed 1 second(s)&#xD;
&#xD;
2019-09-12 21:38:29 - [TEST_STEP][PASSED] - setText(findTestObject("Actpol_Scripts/Opsporing/Arrestanten/In bewaring genomen door"), "aa"): Text 'aa' is set on object 'Object Repository/Actpol_Scripts/Opsporing/Arrestanten/In bewaring genomen door'&#xD;
&#xD;
2019-09-12 21:38:30 - [MESSAGE][PASSED] - Text 'aa' is set on object 'Object Repository/Actpol_Scripts/Opsporing/Arrestanten/In bewaring genomen door'&#xD;
&#xD;
2019-09-12 21:38:30 - [TEST_STEP][PASSED] - delay(2): Delayed 2 second(s)&#xD;
&#xD;
2019-09-12 21:38:32 - [MESSAGE][PASSED] - Delayed 2 second(s)&#xD;
&#xD;
2019-09-12 21:38:32 - [TEST_STEP][PASSED] - click(findTestObject("Actpol_Scripts/Opsporing/Arrestanten/In bewaring genomen door lb")): Object: 'Object Repository/Actpol_Scripts/Opsporing/Arrestanten/In bewaring genomen door lb' is clicked on&#xD;
&#xD;
2019-09-12 21:38:33 - [MESSAGE][PASSED] - Object: 'Object Repository/Actpol_Scripts/Opsporing/Arrestanten/In bewaring genomen door lb' is clicked on&#xD;
&#xD;
2019-09-12 21:38:33 - [TEST_STEP][PASSED] - delay(1): Delayed 1 second(s)&#xD;
&#xD;
2019-09-12 21:38:34 - [MESSAGE][PASSED] - Delayed 1 second(s)&#xD;
&#xD;
2019-09-12 21:38:34 - [TEST_STEP][PASSED] - setText(findTestObject("Actpol_Scripts/Opsporing/Arrestanten/Onder supervisie van goed"), "aa"): Text 'aa' is set on object 'Object Repository/Actpol_Scripts/Opsporing/Arrestanten/Onder supervisie van goed'&#xD;
&#xD;
2019-09-12 21:38:35 - [MESSAGE][PASSED] - Text 'aa' is set on object 'Object Repository/Actpol_Scripts/Opsporing/Arrestanten/Onder supervisie van goed'&#xD;
&#xD;
2019-09-12 21:38:35 - [TEST_STEP][PASSED] - delay(2): Delayed 2 second(s)&#xD;
&#xD;
2019-09-12 21:38:37 - [MESSAGE][PASSED] - Delayed 2 second(s)&#xD;
&#xD;
2019-09-12 21:38:37 - [TEST_STEP][PASSED] - click(findTestObject("Actpol_Scripts/Opsporing/Arrestanten/Onder supervisie van goed lb")): Object: 'Object Repository/Actpol_Scripts/Opsporing/Arrestanten/Onder supervisie van goed lb' is clicked on&#xD;
&#xD;
2019-09-12 21:38:38 - [MESSAGE][PASSED] - Object: 'Object Repository/Actpol_Scripts/Opsporing/Arrestanten/Onder supervisie van goed lb' is clicked on&#xD;
&#xD;
2019-09-12 21:38:38 - [TEST_STEP][PASSED] - delay(1): Delayed 1 second(s)&#xD;
&#xD;
2019-09-12 21:38:39 - [MESSAGE][PASSED] - Delayed 1 second(s)&#xD;
&#xD;
2019-09-12 21:38:39 - [TEST_STEP][PASSED] - selectOptionByLabel(findTestObject("Actpol_Scripts/Opsporing/Arrestanten/Opberg plaats dropdown"), dropdown, false): All options with label 'KAST NR 1 LADE 2' are selected in object 'Object Repository/Actpol_Scripts/Opsporing/Arrestanten/Opberg plaats dropdown' &#xD;
&#xD;
2019-09-12 21:38:39 - [MESSAGE][PASSED] - All options with label 'KAST NR 1 LADE 2' are selected in object 'Object Repository/Actpol_Scripts/Opsporing/Arrestanten/Opberg plaats dropdown' &#xD;
&#xD;
2019-09-12 21:38:40 - [TEST_STEP][PASSED] - delay(1): Delayed 1 second(s)&#xD;
&#xD;
2019-09-12 21:38:41 - [MESSAGE][PASSED] - Delayed 1 second(s)&#xD;
&#xD;
2019-09-12 21:38:41 - [TEST_STEP][PASSED] - setText(findTestObject("Actpol_Scripts/Opsporing/Arrestanten/Bijzonderheden goed"), Testing): Text 'Katalon testing' is set on object 'Object Repository/Actpol_Scripts/Opsporing/Arrestanten/Bijzonderheden goed'&#xD;
&#xD;
2019-09-12 21:38:41 - [MESSAGE][PASSED] - Text 'Katalon testing' is set on object 'Object Repository/Actpol_Scripts/Opsporing/Arrestanten/Bijzonderheden goed'&#xD;
&#xD;
2019-09-12 21:38:41 - [TEST_STEP][PASSED] - delay(1): Delayed 1 second(s)&#xD;
&#xD;
2019-09-12 21:38:42 - [MESSAGE][PASSED] - Delayed 1 second(s)&#xD;
&#xD;
2019-09-12 21:38:42 - [TEST_STEP][PASSED] - click(findTestObject("Actpol_Scripts/Opsporing/Arrestanten/Goed save")): Object: 'Object Repository/Actpol_Scripts/Opsporing/Arrestanten/Goed save' is clicked on&#xD;
&#xD;
2019-09-12 21:38:43 - [MESSAGE][PASSED] - Object: 'Object Repository/Actpol_Scripts/Opsporing/Arrestanten/Goed save' is clicked on&#xD;
&#xD;
2019-09-12 21:38:43 - [TEST_STEP][PASSED] - delay(4): Delayed 4 second(s)&#xD;
&#xD;
2019-09-12 21:38:47 - [MESSAGE][PASSED] - Delayed 4 second(s)&#xD;
&#xD;
2019-09-12 21:38:47 - [TEST_STEP][PASSED] - if (findTestObject("Actpol_Scripts/Opsporing/Arrestanten/Copy goed") == findTestObject("Actpol_Scripts/Opsporing/Arrestanten/Copy goed")): null&#xD;
&#xD;
2019-09-12 21:38:48 - [TEST_STEP][PASSED] - else: Taking screenshot successfully&#xD;
&#xD;
2019-09-12 21:38:48 - [TEST_STEP][PASSED] - click(findTestObject("Actpol_Scripts/Opsporing/Arrestanten/Copy goed default")): Object: 'Object Repository/Actpol_Scripts/Opsporing/Arrestanten/Copy goed default' is clicked on&#xD;
&#xD;
2019-09-12 21:38:49 - [MESSAGE][PASSED] - Object: 'Object Repository/Actpol_Scripts/Opsporing/Arrestanten/Copy goed default' is clicked on&#xD;
&#xD;
2019-09-12 21:38:49 - [TEST_STEP][PASSED] - delay(1): Delayed 1 second(s)&#xD;
&#xD;
2019-09-12 21:38:50 - [MESSAGE][PASSED] - Delayed 1 second(s)&#xD;
&#xD;
2019-09-12 21:38:50 - [TEST_STEP][PASSED] - selectOptionByLabel(findTestObject("Actpol_Scripts/Opsporing/Arrestanten/Hoeveel keren kopieren"), "2", false): All options with label '2' are selected in object 'Object Repository/Actpol_Scripts/Opsporing/Arrestanten/Hoeveel keren kopieren' &#xD;
&#xD;
2019-09-12 21:38:50 - [MESSAGE][PASSED] - All options with label '2' are selected in object 'Object Repository/Actpol_Scripts/Opsporing/Arrestanten/Hoeveel keren kopieren' &#xD;
&#xD;
2019-09-12 21:38:50 - [TEST_STEP][PASSED] - delay(1): Delayed 1 second(s)&#xD;
&#xD;
2019-09-12 21:38:51 - [MESSAGE][PASSED] - Delayed 1 second(s)&#xD;
&#xD;
2019-09-12 21:38:51 - [TEST_STEP][PASSED] - click(findTestObject("Actpol_Scripts/Opsporing/Arrestanten/Hoeveel keren kopieren right mark")): Object: 'Object Repository/Actpol_Scripts/Opsporing/Arrestanten/Hoeveel keren kopieren right mark' is clicked on&#xD;
&#xD;
2019-09-12 21:38:52 - [MESSAGE][PASSED] - Object: 'Object Repository/Actpol_Scripts/Opsporing/Arrestanten/Hoeveel keren kopieren right mark' is clicked on&#xD;
&#xD;
2019-09-12 21:38:52 - [TEST_STEP][PASSED] - delay(4): Delayed 4 second(s)&#xD;
&#xD;
2019-09-12 21:38:56 - [MESSAGE][PASSED] - Delayed 4 second(s)&#xD;
&#xD;
2019-09-12 21:38:56 - [TEST_STEP][PASSED] - click(findTestObject("Actpol_Scripts/Opsporing/Arrestanten/Kopieren Goed grid 2 display")): Object: 'Object Repository/Actpol_Scripts/Opsporing/Arrestanten/Kopieren Goed grid 2 display' is clicked on&#xD;
&#xD;
2019-09-12 21:38:56 - [MESSAGE][PASSED] - Object: 'Object Repository/Actpol_Scripts/Opsporing/Arrestanten/Kopieren Goed grid 2 display' is clicked on&#xD;
&#xD;
2019-09-12 21:38:56 - [TEST_STEP][PASSED] - delay(1): Delayed 1 second(s)&#xD;
&#xD;
2019-09-12 21:38:57 - [MESSAGE][PASSED] - Delayed 1 second(s)&#xD;
&#xD;
2019-09-12 21:38:57 - [TEST_STEP][PASSED] - takeScreenshot(): Taking screenshot successfully&#xD;
&#xD;
2019-09-12 21:38:58 - [MESSAGE][PASSED] - Taking screenshot successfully&#xD;
[[ATTACHMENT|C:\\Users\\user4\\git\\ACTPOL\\Reports\\20190912_213605\\Release 6.6\\ACTPOL-532\\20190912_213605\\1568304537667.png]]</system-out>
            <system-err></system-err>
        </testcase>
        <system-out>2019-09-12 21:36:26 - [TEST_SUITE][INCOMPLETE] - ACTPOL-532: null</system-out>
        <system-err>2019-09-12 21:36:26 - [TEST_SUITE][INCOMPLETE] - ACTPOL-532: null</system-err>
    </testsuite>
</testsuites>
