<?xml version="1.0" encoding="UTF-8" standalone="yes"?>
<testsuites name="ACTPOL-569" time="197" tests="1" failures="0" errors="0">
    <testsuite name="ACTPOL-569" tests="1" failures="0" errors="0" time="197" timestamp="2019-09-10 21:17:24" hostname="user4 - 10.20.20.10" id="Test Suites/Release 6.6/ACTPOL-569">
        <properties>
            <property name="deviceName" value=""/>
            <property name="devicePlatform" value=""/>
            <property name="logFolder" value="C:\\Users\\user4\\git\\ACTPOL\\Reports\\20190910_211640\\Release 6.6\\ACTPOL-569\\20190910_211640"/>
            <property name="logFiles" value="C:\\Users\\user4\\git\\ACTPOL\\Reports\\20190910_211640\\Release 6.6\\ACTPOL-569\\20190910_211640\\execution0.log"/>
            <property name="attachments" value=""/>
            <property name="hostName" value="user4 - 10.20.20.10"/>
            <property name="os" value="Windows 8.1 64bit"/>
            <property name="katalonVersion" value="6.3.3.11"/>
            <property name="browser" value="Chrome 76.0.3809.132"/>
            <property name="hostAddress" value="10.20.20.10"/>
            <property name="sessionId" value="494b67e8294fc074ce5caac17f7239fd"/>
            <property name="seleniumVersion" value="3.141.59"/>
            <property name="proxyInformation" value="ProxyInformation{proxyOption=NO_PROXY, proxyServerType=HTTP, password=, proxyServerAddress=, proxyServerPort=0}"/>
            <property name="platform" value="Windows 8.1"/>
        </properties>
        <testcase name="Test Cases/JIRA Tasks/Release 6.6/ACTPOL-569" classname="Test Cases/JIRA Tasks/Release 6.6/ACTPOL-569" status="PASSED">
            <system-out>2019-09-10 21:17:25 - [TEST_CASE][PASSED] - Test Cases/JIRA Tasks/Release 6.6/ACTPOL-569: Test Cases/JIRA Tasks/Release 6.6/ACTPOL-569&#xD;
&#xD;
2019-09-10 21:17:28 - [TEST_STEP][PASSED] - callTestCase(findTestCase("main/Actpol_Login_testenv"), [:], STOP_ON_FAILURE): Call Test Case 'Test Cases/main/Actpol_Login_testenv' successfully&#xD;
&#xD;
2019-09-10 21:17:29 - [TEST_CASE][PASSED] - Test Cases/main/Actpol_Login_testenv: Test Cases/main/Actpol_Login_testenv&#xD;
&#xD;
2019-09-10 21:17:30 - [TEST_STEP][PASSED] - openBrowser(""): Browser is opened with url: ''&#xD;
&#xD;
2019-09-10 21:17:31 - [MESSAGE][INFO] - Starting 'Chrome' driver&#xD;
&#xD;
2019-09-10 21:17:31 - [MESSAGE][INFO] - Action delay is set to 0 seconds&#xD;
&#xD;
2019-09-10 21:17:59 - [MESSAGE][PASSED] - Browser is opened with url: ''&#xD;
&#xD;
2019-09-10 21:17:59 - [TEST_STEP][PASSED] - deleteAllCookies(): Delete all cookies successfully&#xD;
&#xD;
2019-09-10 21:17:59 - [MESSAGE][PASSED] - Delete all cookies successfully&#xD;
&#xD;
2019-09-10 21:17:59 - [TEST_STEP][PASSED] - waitForPageLoad(30): Wait for page load successfully&#xD;
&#xD;
2019-09-10 21:18:00 - [MESSAGE][PASSED] - Wait for page load successfully&#xD;
&#xD;
2019-09-10 21:18:00 - [TEST_STEP][PASSED] - maximizeWindow(): Current window maximized&#xD;
&#xD;
2019-09-10 21:18:01 - [MESSAGE][PASSED] - Current window maximized&#xD;
&#xD;
2019-09-10 21:18:01 - [TEST_STEP][PASSED] - ACTPOLTESTENV = 1: null&#xD;
&#xD;
2019-09-10 21:18:01 - [TEST_STEP][PASSED] - ACTPOLDEVENV = 2: null&#xD;
&#xD;
2019-09-10 21:18:01 - [TEST_STEP][PASSED] - ACTPOLKCENV = 3: null&#xD;
&#xD;
2019-09-10 21:18:01 - [TEST_STEP][PASSED] - ACTPOLKBKPCNENV = 4: null&#xD;
&#xD;
2019-09-10 21:18:01 - [TEST_STEP][PASSED] - ACTPOLKBKMARENV = 5: null&#xD;
&#xD;
2019-09-10 21:18:01 - [TEST_STEP][PASSED] - ACTPOLKMENV = 6: null&#xD;
&#xD;
2019-09-10 21:18:01 - [TEST_STEP][PASSED] - ACTPOLKWENV = 7: null&#xD;
&#xD;
2019-09-10 21:18:01 - [TEST_STEP][PASSED] - environment = ACTPOLDEVENV: null&#xD;
&#xD;
2019-09-10 21:18:02 - [TEST_STEP][PASSED] - Selectenv = &lt;not implemented yet for class: org.codehaus.groovy.ast.expr.EmptyExpression&gt;: null&#xD;
&#xD;
2019-09-10 21:18:02 - [TEST_STEP][PASSED] - switch (environment): null&#xD;
&#xD;
2019-09-10 21:18:02 - [TEST_STEP][PASSED] - case 2:: null&#xD;
&#xD;
2019-09-10 21:18:02 - [TEST_STEP][PASSED] - println(Selectenv = "ACTPOL-DEV-ENV"): null&#xD;
&#xD;
2019-09-10 21:18:02 - [TEST_STEP][PASSED] - navigateToUrl(DEVURL): Navigate to 'http://10.20.10.7:8202/actpoldev/JPOL558/nxmenu.pgm?docnum=604' successfully&#xD;
&#xD;
2019-09-10 21:18:17 - [MESSAGE][PASSED] - Navigate to 'http://10.20.10.7:8202/actpoldev/JPOL558/nxmenu.pgm?docnum=604' successfully&#xD;
&#xD;
2019-09-10 21:18:17 - [TEST_STEP][PASSED] - setText(findTestObject("Actpol_Scripts/login/userid"), username): Text 'vidhya' is set on object 'Object Repository/Actpol_Scripts/login/userid'&#xD;
&#xD;
2019-09-10 21:18:23 - [MESSAGE][PASSED] - Text 'vidhya' is set on object 'Object Repository/Actpol_Scripts/login/userid'&#xD;
&#xD;
2019-09-10 21:18:23 - [TEST_STEP][PASSED] - setMaskedText(findTestObject("Actpol_Scripts/login/password"), password): Text '********' is set on object 'Object Repository/Actpol_Scripts/login/password'&#xD;
&#xD;
2019-09-10 21:18:24 - [MESSAGE][PASSED] - Text '********' is set on object 'Object Repository/Actpol_Scripts/login/password'&#xD;
&#xD;
2019-09-10 21:18:24 - [TEST_STEP][PASSED] - click(findTestObject("Actpol_Scripts/login/login")): Object: 'Object Repository/Actpol_Scripts/login/login' is clicked on&#xD;
&#xD;
2019-09-10 21:18:25 - [MESSAGE][PASSED] - Object: 'Object Repository/Actpol_Scripts/login/login' is clicked on&#xD;
&#xD;
2019-09-10 21:18:25 - [TEST_STEP][PASSED] - getWindowTitle(): Current window's title is: 'Login Page for ACTPOL Developer'&#xD;
&#xD;
2019-09-10 21:18:25 - [MESSAGE][PASSED] - Current window's title is: 'Login Page for ACTPOL Developer'&#xD;
&#xD;
2019-09-10 21:18:25 - [TEST_STEP][PASSED] - break: null&#xD;
&#xD;
2019-09-10 21:18:25 - [MESSAGE][PASSED] - Call Test Case 'Test Cases/main/Actpol_Login_testenv' successfully&#xD;
&#xD;
2019-09-10 21:18:25 - [TEST_STEP][PASSED] - mouseOver(findTestObject("Actpol_Scripts/Menu navigation/Opsporing/Opsporing")): Object: 'Object Repository/Actpol_Scripts/Menu navigation/Opsporing/Opsporing' is hovered&#xD;
&#xD;
2019-09-10 21:18:44 - [MESSAGE][PASSED] - Object: 'Object Repository/Actpol_Scripts/Menu navigation/Opsporing/Opsporing' is hovered&#xD;
&#xD;
2019-09-10 21:18:44 - [TEST_STEP][PASSED] - delay(1): Delayed 1 second(s)&#xD;
&#xD;
2019-09-10 21:18:45 - [MESSAGE][PASSED] - Delayed 1 second(s)&#xD;
&#xD;
2019-09-10 21:18:45 - [TEST_STEP][PASSED] - click(findTestObject("Actpol_Scripts/Opsporing/MBES18/MBES18 TAB")): Object: 'Object Repository/Actpol_Scripts/Opsporing/MBES18/MBES18 TAB' is clicked on&#xD;
&#xD;
2019-09-10 21:18:49 - [MESSAGE][PASSED] - Object: 'Object Repository/Actpol_Scripts/Opsporing/MBES18/MBES18 TAB' is clicked on&#xD;
&#xD;
2019-09-10 21:18:49 - [TEST_STEP][PASSED] - comment("Adding all feilds of MBES18 "): Adding all feilds of MBES18 &#xD;
&#xD;
2019-09-10 21:18:49 - [MESSAGE][INFO] - Adding all feilds of MBES18 &#xD;
&#xD;
2019-09-10 21:18:49 - [TEST_STEP][PASSED] - delay(2): Delayed 2 second(s)&#xD;
&#xD;
2019-09-10 21:18:51 - [MESSAGE][PASSED] - Delayed 2 second(s)&#xD;
&#xD;
2019-09-10 21:18:51 - [TEST_STEP][PASSED] - click(findTestObject("Actpol_Scripts/Opsporing/MBES18/10 MBES search module/Datum Incident Calender icon")): Object: 'Object Repository/Actpol_Scripts/Opsporing/MBES18/10 MBES search module/Datum Incident Calender icon' is clicked on&#xD;
&#xD;
2019-09-10 21:18:53 - [MESSAGE][PASSED] - Object: 'Object Repository/Actpol_Scripts/Opsporing/MBES18/10 MBES search module/Datum Incident Calender icon' is clicked on&#xD;
&#xD;
2019-09-10 21:18:53 - [TEST_STEP][PASSED] - delay(2): Delayed 2 second(s)&#xD;
&#xD;
2019-09-10 21:18:55 - [MESSAGE][PASSED] - Delayed 2 second(s)&#xD;
&#xD;
2019-09-10 21:18:55 - [TEST_STEP][PASSED] - selectOptionByLabel(findTestObject("Actpol_Scripts/Monthyear/Leftmonth"), "sep", false): All options with label 'sep' are selected in object 'Object Repository/Actpol_Scripts/Monthyear/Leftmonth' &#xD;
&#xD;
2019-09-10 21:18:56 - [MESSAGE][PASSED] - All options with label 'sep' are selected in object 'Object Repository/Actpol_Scripts/Monthyear/Leftmonth' &#xD;
&#xD;
2019-09-10 21:18:56 - [TEST_STEP][PASSED] - delay(1): Delayed 1 second(s)&#xD;
&#xD;
2019-09-10 21:18:57 - [MESSAGE][PASSED] - Delayed 1 second(s)&#xD;
&#xD;
2019-09-10 21:18:57 - [TEST_STEP][PASSED] - selectOptionByLabel(findTestObject("Actpol_Scripts/Monthyear/Leftyear"), "2019", false): All options with label '2019' are selected in object 'Object Repository/Actpol_Scripts/Monthyear/Leftyear' &#xD;
&#xD;
2019-09-10 21:18:58 - [MESSAGE][PASSED] - All options with label '2019' are selected in object 'Object Repository/Actpol_Scripts/Monthyear/Leftyear' &#xD;
&#xD;
2019-09-10 21:18:58 - [TEST_STEP][PASSED] - delay(1): Delayed 1 second(s)&#xD;
&#xD;
2019-09-10 21:18:59 - [MESSAGE][PASSED] - Delayed 1 second(s)&#xD;
&#xD;
2019-09-10 21:18:59 - [TEST_STEP][PASSED] - click(findTestObject("Actpol_Scripts/Date/14 th")): Object: 'Object Repository/Actpol_Scripts/Date/14 th' is clicked on&#xD;
&#xD;
2019-09-10 21:19:00 - [MESSAGE][PASSED] - Object: 'Object Repository/Actpol_Scripts/Date/14 th' is clicked on&#xD;
&#xD;
2019-09-10 21:19:00 - [TEST_STEP][PASSED] - delay(1): Delayed 1 second(s)&#xD;
&#xD;
2019-09-10 21:19:01 - [MESSAGE][PASSED] - Delayed 1 second(s)&#xD;
&#xD;
2019-09-10 21:19:01 - [TEST_STEP][PASSED] - setText(findTestObject("Actpol_Scripts/Opsporing/MBES18/10 MBES search module/Bijzonderheden"), Bijzonderheden): Text 'AA' is set on object 'Object Repository/Actpol_Scripts/Opsporing/MBES18/10 MBES search module/Bijzonderheden'&#xD;
&#xD;
2019-09-10 21:19:02 - [MESSAGE][PASSED] - Text 'AA' is set on object 'Object Repository/Actpol_Scripts/Opsporing/MBES18/10 MBES search module/Bijzonderheden'&#xD;
&#xD;
2019-09-10 21:19:02 - [TEST_STEP][PASSED] - delay(1): Delayed 1 second(s)&#xD;
&#xD;
2019-09-10 21:19:03 - [MESSAGE][PASSED] - Delayed 1 second(s)&#xD;
&#xD;
2019-09-10 21:19:03 - [TEST_STEP][PASSED] - setText(findTestObject("Actpol_Scripts/Opsporing/MBES18/10 MBES search module/Voornaam"), Voornaam): Text 'AAADAK123' is set on object 'Object Repository/Actpol_Scripts/Opsporing/MBES18/10 MBES search module/Voornaam'&#xD;
&#xD;
2019-09-10 21:19:04 - [MESSAGE][PASSED] - Text 'AAADAK123' is set on object 'Object Repository/Actpol_Scripts/Opsporing/MBES18/10 MBES search module/Voornaam'&#xD;
&#xD;
2019-09-10 21:19:04 - [TEST_STEP][PASSED] - delay(1): Delayed 1 second(s)&#xD;
&#xD;
2019-09-10 21:19:05 - [MESSAGE][PASSED] - Delayed 1 second(s)&#xD;
&#xD;
2019-09-10 21:19:05 - [TEST_STEP][PASSED] - setText(findTestObject("Actpol_Scripts/Opsporing/MBES18/10 MBES search module/Achternaam"), Achternaam): Text 'AAADAK' is set on object 'Object Repository/Actpol_Scripts/Opsporing/MBES18/10 MBES search module/Achternaam'&#xD;
&#xD;
2019-09-10 21:19:06 - [MESSAGE][PASSED] - Text 'AAADAK' is set on object 'Object Repository/Actpol_Scripts/Opsporing/MBES18/10 MBES search module/Achternaam'&#xD;
&#xD;
2019-09-10 21:19:06 - [TEST_STEP][PASSED] - delay(1): Delayed 1 second(s)&#xD;
&#xD;
2019-09-10 21:19:07 - [MESSAGE][PASSED] - Delayed 1 second(s)&#xD;
&#xD;
2019-09-10 21:19:07 - [TEST_STEP][PASSED] - setText(findTestObject("Actpol_Scripts/Opsporing/MBES18/10 MBES search module/Geboortedatum textbox"), Geboortedatum): Text '26/06/2014' is set on object 'Object Repository/Actpol_Scripts/Opsporing/MBES18/10 MBES search module/Geboortedatum textbox'&#xD;
&#xD;
2019-09-10 21:19:08 - [MESSAGE][PASSED] - Text '26/06/2014' is set on object 'Object Repository/Actpol_Scripts/Opsporing/MBES18/10 MBES search module/Geboortedatum textbox'&#xD;
&#xD;
2019-09-10 21:19:08 - [TEST_STEP][PASSED] - delay(2): Delayed 2 second(s)&#xD;
&#xD;
2019-09-10 21:19:10 - [MESSAGE][PASSED] - Delayed 2 second(s)&#xD;
&#xD;
2019-09-10 21:19:10 - [TEST_STEP][PASSED] - click(findTestObject("Actpol_Scripts/Opsporing/MBES18/10 MBES search module/Filter")): Object: 'Object Repository/Actpol_Scripts/Opsporing/MBES18/10 MBES search module/Filter' is clicked on&#xD;
&#xD;
2019-09-10 21:19:12 - [MESSAGE][PASSED] - Object: 'Object Repository/Actpol_Scripts/Opsporing/MBES18/10 MBES search module/Filter' is clicked on&#xD;
&#xD;
2019-09-10 21:19:12 - [TEST_STEP][PASSED] - delay(1): Delayed 1 second(s)&#xD;
&#xD;
2019-09-10 21:19:13 - [MESSAGE][PASSED] - Delayed 1 second(s)&#xD;
&#xD;
2019-09-10 21:19:13 - [TEST_STEP][PASSED] - scrollToPosition(10, 7): Browser is scrolled to position x = 10, y = 7&#xD;
&#xD;
2019-09-10 21:19:13 - [MESSAGE][PASSED] - Browser is scrolled to position x = 10, y = 7&#xD;
&#xD;
2019-09-10 21:19:13 - [TEST_STEP][PASSED] - delay(1): Delayed 1 second(s)&#xD;
&#xD;
2019-09-10 21:19:14 - [MESSAGE][PASSED] - Delayed 1 second(s)&#xD;
&#xD;
2019-09-10 21:19:14 - [TEST_STEP][PASSED] - log = new com.kms.katalon.core.logging.KeywordLogger(): null&#xD;
&#xD;
2019-09-10 21:19:14 - [TEST_STEP][PASSED] - log.logInfo(getText(findTestObject("Actpol_Scripts/Opsporing/MBES18/10 MBES search module/Datum Incident get text"))): 2019-09-14&#xD;
&#xD;
2019-09-10 21:19:15 - [MESSAGE][PASSED] - Text of object 'Object Repository/Actpol_Scripts/Opsporing/MBES18/10 MBES search module/Datum Incident get text' is: '2019-09-14'&#xD;
&#xD;
2019-09-10 21:19:15 - [MESSAGE][INFO] - 2019-09-14&#xD;
&#xD;
2019-09-10 21:19:15 - [TEST_STEP][PASSED] - delay(1): Delayed 1 second(s)&#xD;
&#xD;
2019-09-10 21:19:16 - [MESSAGE][PASSED] - Delayed 1 second(s)&#xD;
&#xD;
2019-09-10 21:19:16 - [TEST_STEP][PASSED] - click(findTestObject("Actpol_Scripts/Opsporing/MBES18/10 MBES search module/resetform")): Object: 'Object Repository/Actpol_Scripts/Opsporing/MBES18/10 MBES search module/resetform' is clicked on&#xD;
&#xD;
2019-09-10 21:19:18 - [MESSAGE][PASSED] - Object: 'Object Repository/Actpol_Scripts/Opsporing/MBES18/10 MBES search module/resetform' is clicked on&#xD;
&#xD;
2019-09-10 21:19:18 - [TEST_STEP][PASSED] - delay(1): Delayed 1 second(s)&#xD;
&#xD;
2019-09-10 21:19:19 - [MESSAGE][PASSED] - Delayed 1 second(s)&#xD;
&#xD;
2019-09-10 21:19:19 - [TEST_STEP][PASSED] - comment("Checking combinations Search module"): Checking combinations Search module&#xD;
&#xD;
2019-09-10 21:19:19 - [MESSAGE][INFO] - Checking combinations Search module&#xD;
&#xD;
2019-09-10 21:19:19 - [TEST_STEP][PASSED] - delay(1): Delayed 1 second(s)&#xD;
&#xD;
2019-09-10 21:19:20 - [MESSAGE][PASSED] - Delayed 1 second(s)&#xD;
&#xD;
2019-09-10 21:19:20 - [TEST_STEP][PASSED] - comment("Checking Datum Incident  and Bijzonderheden"): Checking Datum Incident  and Bijzonderheden&#xD;
&#xD;
2019-09-10 21:19:20 - [MESSAGE][INFO] - Checking Datum Incident  and Bijzonderheden&#xD;
&#xD;
2019-09-10 21:19:20 - [TEST_STEP][PASSED] - click(findTestObject("Actpol_Scripts/Opsporing/MBES18/10 MBES search module/Datum Incident Calender icon")): Object: 'Object Repository/Actpol_Scripts/Opsporing/MBES18/10 MBES search module/Datum Incident Calender icon' is clicked on&#xD;
&#xD;
2019-09-10 21:19:21 - [MESSAGE][PASSED] - Object: 'Object Repository/Actpol_Scripts/Opsporing/MBES18/10 MBES search module/Datum Incident Calender icon' is clicked on&#xD;
&#xD;
2019-09-10 21:19:21 - [TEST_STEP][PASSED] - delay(2): Delayed 2 second(s)&#xD;
&#xD;
2019-09-10 21:19:23 - [MESSAGE][PASSED] - Delayed 2 second(s)&#xD;
&#xD;
2019-09-10 21:19:23 - [TEST_STEP][PASSED] - selectOptionByLabel(findTestObject("Actpol_Scripts/Monthyear/Leftmonth"), "sep", false): All options with label 'sep' are selected in object 'Object Repository/Actpol_Scripts/Monthyear/Leftmonth' &#xD;
&#xD;
2019-09-10 21:19:24 - [MESSAGE][PASSED] - All options with label 'sep' are selected in object 'Object Repository/Actpol_Scripts/Monthyear/Leftmonth' &#xD;
&#xD;
2019-09-10 21:19:24 - [TEST_STEP][PASSED] - delay(1): Delayed 1 second(s)&#xD;
&#xD;
2019-09-10 21:19:25 - [MESSAGE][PASSED] - Delayed 1 second(s)&#xD;
&#xD;
2019-09-10 21:19:25 - [TEST_STEP][PASSED] - selectOptionByLabel(findTestObject("Actpol_Scripts/Monthyear/Leftyear"), "2019", false): All options with label '2019' are selected in object 'Object Repository/Actpol_Scripts/Monthyear/Leftyear' &#xD;
&#xD;
2019-09-10 21:19:25 - [MESSAGE][PASSED] - All options with label '2019' are selected in object 'Object Repository/Actpol_Scripts/Monthyear/Leftyear' &#xD;
&#xD;
2019-09-10 21:19:25 - [TEST_STEP][PASSED] - delay(1): Delayed 1 second(s)&#xD;
&#xD;
2019-09-10 21:19:26 - [MESSAGE][PASSED] - Delayed 1 second(s)&#xD;
&#xD;
2019-09-10 21:19:26 - [TEST_STEP][PASSED] - click(findTestObject("Actpol_Scripts/Date/14 th")): Object: 'Object Repository/Actpol_Scripts/Date/14 th' is clicked on&#xD;
&#xD;
2019-09-10 21:19:27 - [MESSAGE][PASSED] - Object: 'Object Repository/Actpol_Scripts/Date/14 th' is clicked on&#xD;
&#xD;
2019-09-10 21:19:27 - [TEST_STEP][PASSED] - delay(1): Delayed 1 second(s)&#xD;
&#xD;
2019-09-10 21:19:28 - [MESSAGE][PASSED] - Delayed 1 second(s)&#xD;
&#xD;
2019-09-10 21:19:28 - [TEST_STEP][PASSED] - setText(findTestObject("Actpol_Scripts/Opsporing/MBES18/10 MBES search module/Bijzonderheden"), Bijzonderheden): Text 'AA' is set on object 'Object Repository/Actpol_Scripts/Opsporing/MBES18/10 MBES search module/Bijzonderheden'&#xD;
&#xD;
2019-09-10 21:19:29 - [MESSAGE][PASSED] - Text 'AA' is set on object 'Object Repository/Actpol_Scripts/Opsporing/MBES18/10 MBES search module/Bijzonderheden'&#xD;
&#xD;
2019-09-10 21:19:29 - [TEST_STEP][PASSED] - delay(2): Delayed 2 second(s)&#xD;
&#xD;
2019-09-10 21:19:31 - [MESSAGE][PASSED] - Delayed 2 second(s)&#xD;
&#xD;
2019-09-10 21:19:31 - [TEST_STEP][PASSED] - click(findTestObject("Actpol_Scripts/Opsporing/MBES18/10 MBES search module/Filter")): Object: 'Object Repository/Actpol_Scripts/Opsporing/MBES18/10 MBES search module/Filter' is clicked on&#xD;
&#xD;
2019-09-10 21:19:33 - [MESSAGE][PASSED] - Object: 'Object Repository/Actpol_Scripts/Opsporing/MBES18/10 MBES search module/Filter' is clicked on&#xD;
&#xD;
2019-09-10 21:19:33 - [TEST_STEP][PASSED] - delay(1): Delayed 1 second(s)&#xD;
&#xD;
2019-09-10 21:19:34 - [MESSAGE][PASSED] - Delayed 1 second(s)&#xD;
&#xD;
2019-09-10 21:19:34 - [TEST_STEP][PASSED] - scrollToPosition(10, 7): Browser is scrolled to position x = 10, y = 7&#xD;
&#xD;
2019-09-10 21:19:34 - [MESSAGE][PASSED] - Browser is scrolled to position x = 10, y = 7&#xD;
&#xD;
2019-09-10 21:19:34 - [TEST_STEP][PASSED] - delay(1): Delayed 1 second(s)&#xD;
&#xD;
2019-09-10 21:19:35 - [MESSAGE][PASSED] - Delayed 1 second(s)&#xD;
&#xD;
2019-09-10 21:19:35 - [TEST_STEP][PASSED] - log.logInfo(getText(findTestObject("Actpol_Scripts/Opsporing/MBES18/10 MBES search module/Datum Incident get text"))): 2019-09-14&#xD;
&#xD;
2019-09-10 21:19:36 - [MESSAGE][PASSED] - Text of object 'Object Repository/Actpol_Scripts/Opsporing/MBES18/10 MBES search module/Datum Incident get text' is: '2019-09-14'&#xD;
&#xD;
2019-09-10 21:19:36 - [MESSAGE][INFO] - 2019-09-14&#xD;
&#xD;
2019-09-10 21:19:36 - [TEST_STEP][PASSED] - delay(1): Delayed 1 second(s)&#xD;
&#xD;
2019-09-10 21:19:37 - [MESSAGE][PASSED] - Delayed 1 second(s)&#xD;
&#xD;
2019-09-10 21:19:37 - [TEST_STEP][PASSED] - delay(1): Delayed 1 second(s)&#xD;
&#xD;
2019-09-10 21:19:38 - [MESSAGE][PASSED] - Delayed 1 second(s)&#xD;
&#xD;
2019-09-10 21:19:38 - [TEST_STEP][PASSED] - click(findTestObject("Actpol_Scripts/Opsporing/MBES18/10 MBES search module/resetform")): Object: 'Object Repository/Actpol_Scripts/Opsporing/MBES18/10 MBES search module/resetform' is clicked on&#xD;
&#xD;
2019-09-10 21:19:40 - [MESSAGE][PASSED] - Object: 'Object Repository/Actpol_Scripts/Opsporing/MBES18/10 MBES search module/resetform' is clicked on&#xD;
&#xD;
2019-09-10 21:19:40 - [TEST_STEP][PASSED] - delay(1): Delayed 1 second(s)&#xD;
&#xD;
2019-09-10 21:19:41 - [MESSAGE][PASSED] - Delayed 1 second(s)&#xD;
&#xD;
2019-09-10 21:19:41 - [TEST_STEP][PASSED] - delay(1): Delayed 1 second(s)&#xD;
&#xD;
2019-09-10 21:19:42 - [MESSAGE][PASSED] - Delayed 1 second(s)&#xD;
&#xD;
2019-09-10 21:19:42 - [TEST_STEP][PASSED] - comment("Checking Datum Incident  and Voornaam"): Checking Datum Incident  and Voornaam&#xD;
&#xD;
2019-09-10 21:19:42 - [MESSAGE][INFO] - Checking Datum Incident  and Voornaam&#xD;
&#xD;
2019-09-10 21:19:42 - [TEST_STEP][PASSED] - delay(1): Delayed 1 second(s)&#xD;
&#xD;
2019-09-10 21:19:43 - [MESSAGE][PASSED] - Delayed 1 second(s)&#xD;
&#xD;
2019-09-10 21:19:43 - [TEST_STEP][PASSED] - click(findTestObject("Actpol_Scripts/Opsporing/MBES18/10 MBES search module/Datum Incident Calender icon")): Object: 'Object Repository/Actpol_Scripts/Opsporing/MBES18/10 MBES search module/Datum Incident Calender icon' is clicked on&#xD;
&#xD;
2019-09-10 21:19:43 - [MESSAGE][PASSED] - Object: 'Object Repository/Actpol_Scripts/Opsporing/MBES18/10 MBES search module/Datum Incident Calender icon' is clicked on&#xD;
&#xD;
2019-09-10 21:19:44 - [TEST_STEP][PASSED] - delay(2): Delayed 2 second(s)&#xD;
&#xD;
2019-09-10 21:19:46 - [MESSAGE][PASSED] - Delayed 2 second(s)&#xD;
&#xD;
2019-09-10 21:19:46 - [TEST_STEP][PASSED] - selectOptionByLabel(findTestObject("Actpol_Scripts/Monthyear/Leftmonth"), "sep", false): All options with label 'sep' are selected in object 'Object Repository/Actpol_Scripts/Monthyear/Leftmonth' &#xD;
&#xD;
2019-09-10 21:19:46 - [MESSAGE][PASSED] - All options with label 'sep' are selected in object 'Object Repository/Actpol_Scripts/Monthyear/Leftmonth' &#xD;
&#xD;
2019-09-10 21:19:46 - [TEST_STEP][PASSED] - delay(1): Delayed 1 second(s)&#xD;
&#xD;
2019-09-10 21:19:47 - [MESSAGE][PASSED] - Delayed 1 second(s)&#xD;
&#xD;
2019-09-10 21:19:47 - [TEST_STEP][PASSED] - selectOptionByLabel(findTestObject("Actpol_Scripts/Monthyear/Leftyear"), "2019", false): All options with label '2019' are selected in object 'Object Repository/Actpol_Scripts/Monthyear/Leftyear' &#xD;
&#xD;
2019-09-10 21:19:48 - [MESSAGE][PASSED] - All options with label '2019' are selected in object 'Object Repository/Actpol_Scripts/Monthyear/Leftyear' &#xD;
&#xD;
2019-09-10 21:19:48 - [TEST_STEP][PASSED] - delay(1): Delayed 1 second(s)&#xD;
&#xD;
2019-09-10 21:19:49 - [MESSAGE][PASSED] - Delayed 1 second(s)&#xD;
&#xD;
2019-09-10 21:19:49 - [TEST_STEP][PASSED] - click(findTestObject("Actpol_Scripts/Date/14 th")): Object: 'Object Repository/Actpol_Scripts/Date/14 th' is clicked on&#xD;
&#xD;
2019-09-10 21:19:50 - [MESSAGE][PASSED] - Object: 'Object Repository/Actpol_Scripts/Date/14 th' is clicked on&#xD;
&#xD;
2019-09-10 21:19:50 - [TEST_STEP][PASSED] - delay(1): Delayed 1 second(s)&#xD;
&#xD;
2019-09-10 21:19:51 - [MESSAGE][PASSED] - Delayed 1 second(s)&#xD;
&#xD;
2019-09-10 21:19:51 - [TEST_STEP][PASSED] - setText(findTestObject("Actpol_Scripts/Opsporing/MBES18/10 MBES search module/Voornaam"), Voornaam): Text 'AAADAK123' is set on object 'Object Repository/Actpol_Scripts/Opsporing/MBES18/10 MBES search module/Voornaam'&#xD;
&#xD;
2019-09-10 21:19:51 - [MESSAGE][PASSED] - Text 'AAADAK123' is set on object 'Object Repository/Actpol_Scripts/Opsporing/MBES18/10 MBES search module/Voornaam'&#xD;
&#xD;
2019-09-10 21:19:51 - [TEST_STEP][PASSED] - delay(2): Delayed 2 second(s)&#xD;
&#xD;
2019-09-10 21:19:53 - [MESSAGE][PASSED] - Delayed 2 second(s)&#xD;
&#xD;
2019-09-10 21:19:53 - [TEST_STEP][PASSED] - click(findTestObject("Actpol_Scripts/Opsporing/MBES18/10 MBES search module/Filter")): Object: 'Object Repository/Actpol_Scripts/Opsporing/MBES18/10 MBES search module/Filter' is clicked on&#xD;
&#xD;
2019-09-10 21:19:55 - [MESSAGE][PASSED] - Object: 'Object Repository/Actpol_Scripts/Opsporing/MBES18/10 MBES search module/Filter' is clicked on&#xD;
&#xD;
2019-09-10 21:19:55 - [TEST_STEP][PASSED] - delay(1): Delayed 1 second(s)&#xD;
&#xD;
2019-09-10 21:19:56 - [MESSAGE][PASSED] - Delayed 1 second(s)&#xD;
&#xD;
2019-09-10 21:19:56 - [TEST_STEP][PASSED] - scrollToPosition(10, 7): Browser is scrolled to position x = 10, y = 7&#xD;
&#xD;
2019-09-10 21:19:56 - [MESSAGE][PASSED] - Browser is scrolled to position x = 10, y = 7&#xD;
&#xD;
2019-09-10 21:19:56 - [TEST_STEP][PASSED] - delay(1): Delayed 1 second(s)&#xD;
&#xD;
2019-09-10 21:19:57 - [MESSAGE][PASSED] - Delayed 1 second(s)&#xD;
&#xD;
2019-09-10 21:19:57 - [TEST_STEP][PASSED] - log.logInfo(getText(findTestObject("Actpol_Scripts/Opsporing/MBES18/10 MBES search module/Datum Incident get text"))): 2019-09-14&#xD;
&#xD;
2019-09-10 21:19:58 - [MESSAGE][PASSED] - Text of object 'Object Repository/Actpol_Scripts/Opsporing/MBES18/10 MBES search module/Datum Incident get text' is: '2019-09-14'&#xD;
&#xD;
2019-09-10 21:19:58 - [MESSAGE][INFO] - 2019-09-14&#xD;
&#xD;
2019-09-10 21:19:58 - [TEST_STEP][PASSED] - delay(1): Delayed 1 second(s)&#xD;
&#xD;
2019-09-10 21:19:59 - [MESSAGE][PASSED] - Delayed 1 second(s)&#xD;
&#xD;
2019-09-10 21:19:59 - [TEST_STEP][PASSED] - click(findTestObject("Actpol_Scripts/Opsporing/MBES18/10 MBES search module/resetform")): Object: 'Object Repository/Actpol_Scripts/Opsporing/MBES18/10 MBES search module/resetform' is clicked on&#xD;
&#xD;
2019-09-10 21:20:00 - [MESSAGE][PASSED] - Object: 'Object Repository/Actpol_Scripts/Opsporing/MBES18/10 MBES search module/resetform' is clicked on&#xD;
&#xD;
2019-09-10 21:20:00 - [TEST_STEP][PASSED] - comment("Checking Datum Incident  and Achternaam"): Checking Datum Incident  and Achternaam&#xD;
&#xD;
2019-09-10 21:20:00 - [MESSAGE][INFO] - Checking Datum Incident  and Achternaam&#xD;
&#xD;
2019-09-10 21:20:00 - [TEST_STEP][PASSED] - delay(2): Delayed 2 second(s)&#xD;
&#xD;
2019-09-10 21:20:02 - [MESSAGE][PASSED] - Delayed 2 second(s)&#xD;
&#xD;
2019-09-10 21:20:02 - [TEST_STEP][PASSED] - click(findTestObject("Actpol_Scripts/Opsporing/MBES18/10 MBES search module/Datum Incident Calender icon")): Object: 'Object Repository/Actpol_Scripts/Opsporing/MBES18/10 MBES search module/Datum Incident Calender icon' is clicked on&#xD;
&#xD;
2019-09-10 21:20:03 - [MESSAGE][PASSED] - Object: 'Object Repository/Actpol_Scripts/Opsporing/MBES18/10 MBES search module/Datum Incident Calender icon' is clicked on&#xD;
&#xD;
2019-09-10 21:20:03 - [TEST_STEP][PASSED] - delay(2): Delayed 2 second(s)&#xD;
&#xD;
2019-09-10 21:20:05 - [MESSAGE][PASSED] - Delayed 2 second(s)&#xD;
&#xD;
2019-09-10 21:20:05 - [TEST_STEP][PASSED] - selectOptionByLabel(findTestObject("Actpol_Scripts/Monthyear/Leftmonth"), "sep", false): All options with label 'sep' are selected in object 'Object Repository/Actpol_Scripts/Monthyear/Leftmonth' &#xD;
&#xD;
2019-09-10 21:20:06 - [MESSAGE][PASSED] - All options with label 'sep' are selected in object 'Object Repository/Actpol_Scripts/Monthyear/Leftmonth' &#xD;
&#xD;
2019-09-10 21:20:06 - [TEST_STEP][PASSED] - delay(1): Delayed 1 second(s)&#xD;
&#xD;
2019-09-10 21:20:07 - [MESSAGE][PASSED] - Delayed 1 second(s)&#xD;
&#xD;
2019-09-10 21:20:07 - [TEST_STEP][PASSED] - selectOptionByLabel(findTestObject("Actpol_Scripts/Monthyear/Leftyear"), "2019", false): All options with label '2019' are selected in object 'Object Repository/Actpol_Scripts/Monthyear/Leftyear' &#xD;
&#xD;
2019-09-10 21:20:07 - [MESSAGE][PASSED] - All options with label '2019' are selected in object 'Object Repository/Actpol_Scripts/Monthyear/Leftyear' &#xD;
&#xD;
2019-09-10 21:20:07 - [TEST_STEP][PASSED] - delay(1): Delayed 1 second(s)&#xD;
&#xD;
2019-09-10 21:20:08 - [MESSAGE][PASSED] - Delayed 1 second(s)&#xD;
&#xD;
2019-09-10 21:20:08 - [TEST_STEP][PASSED] - click(findTestObject("Actpol_Scripts/Date/14 th")): Object: 'Object Repository/Actpol_Scripts/Date/14 th' is clicked on&#xD;
&#xD;
2019-09-10 21:20:09 - [MESSAGE][PASSED] - Object: 'Object Repository/Actpol_Scripts/Date/14 th' is clicked on&#xD;
&#xD;
2019-09-10 21:20:09 - [TEST_STEP][PASSED] - delay(1): Delayed 1 second(s)&#xD;
&#xD;
2019-09-10 21:20:10 - [MESSAGE][PASSED] - Delayed 1 second(s)&#xD;
&#xD;
2019-09-10 21:20:10 - [TEST_STEP][PASSED] - setText(findTestObject("Actpol_Scripts/Opsporing/MBES18/10 MBES search module/Achternaam"), Achternaam): Text 'AAADAK' is set on object 'Object Repository/Actpol_Scripts/Opsporing/MBES18/10 MBES search module/Achternaam'&#xD;
&#xD;
2019-09-10 21:20:10 - [MESSAGE][PASSED] - Text 'AAADAK' is set on object 'Object Repository/Actpol_Scripts/Opsporing/MBES18/10 MBES search module/Achternaam'&#xD;
&#xD;
2019-09-10 21:20:10 - [TEST_STEP][PASSED] - delay(2): Delayed 2 second(s)&#xD;
&#xD;
2019-09-10 21:20:12 - [MESSAGE][PASSED] - Delayed 2 second(s)&#xD;
&#xD;
2019-09-10 21:20:12 - [TEST_STEP][PASSED] - click(findTestObject("Actpol_Scripts/Opsporing/MBES18/10 MBES search module/Filter")): Object: 'Object Repository/Actpol_Scripts/Opsporing/MBES18/10 MBES search module/Filter' is clicked on&#xD;
&#xD;
2019-09-10 21:20:15 - [MESSAGE][PASSED] - Object: 'Object Repository/Actpol_Scripts/Opsporing/MBES18/10 MBES search module/Filter' is clicked on&#xD;
&#xD;
2019-09-10 21:20:15 - [TEST_STEP][PASSED] - delay(1): Delayed 1 second(s)&#xD;
&#xD;
2019-09-10 21:20:16 - [MESSAGE][PASSED] - Delayed 1 second(s)&#xD;
&#xD;
2019-09-10 21:20:16 - [TEST_STEP][PASSED] - scrollToPosition(10, 7): Browser is scrolled to position x = 10, y = 7&#xD;
&#xD;
2019-09-10 21:20:16 - [MESSAGE][PASSED] - Browser is scrolled to position x = 10, y = 7&#xD;
&#xD;
2019-09-10 21:20:16 - [TEST_STEP][PASSED] - delay(1): Delayed 1 second(s)&#xD;
&#xD;
2019-09-10 21:20:17 - [MESSAGE][PASSED] - Delayed 1 second(s)&#xD;
&#xD;
2019-09-10 21:20:17 - [TEST_STEP][PASSED] - log.logInfo(getText(findTestObject("Actpol_Scripts/Opsporing/MBES18/10 MBES search module/Datum Incident get text"))): 2019-09-14&#xD;
&#xD;
2019-09-10 21:20:17 - [MESSAGE][PASSED] - Text of object 'Object Repository/Actpol_Scripts/Opsporing/MBES18/10 MBES search module/Datum Incident get text' is: '2019-09-14'&#xD;
&#xD;
2019-09-10 21:20:17 - [MESSAGE][INFO] - 2019-09-14&#xD;
&#xD;
2019-09-10 21:20:17 - [TEST_STEP][PASSED] - delay(1): Delayed 1 second(s)&#xD;
&#xD;
2019-09-10 21:20:18 - [MESSAGE][PASSED] - Delayed 1 second(s)&#xD;
&#xD;
2019-09-10 21:20:18 - [TEST_STEP][PASSED] - delay(1): Delayed 1 second(s)&#xD;
&#xD;
2019-09-10 21:20:19 - [MESSAGE][PASSED] - Delayed 1 second(s)&#xD;
&#xD;
2019-09-10 21:20:19 - [TEST_STEP][PASSED] - click(findTestObject("Actpol_Scripts/Opsporing/MBES18/10 MBES search module/resetform")): Object: 'Object Repository/Actpol_Scripts/Opsporing/MBES18/10 MBES search module/resetform' is clicked on&#xD;
&#xD;
2019-09-10 21:20:21 - [MESSAGE][PASSED] - Object: 'Object Repository/Actpol_Scripts/Opsporing/MBES18/10 MBES search module/resetform' is clicked on&#xD;
&#xD;
2019-09-10 21:20:21 - [TEST_STEP][PASSED] - comment("Checking Datum Incident  and Geboortedatum"): Checking Datum Incident  and Geboortedatum&#xD;
&#xD;
2019-09-10 21:20:21 - [MESSAGE][INFO] - Checking Datum Incident  and Geboortedatum&#xD;
&#xD;
2019-09-10 21:20:21 - [TEST_STEP][PASSED] - delay(2): Delayed 2 second(s)&#xD;
&#xD;
2019-09-10 21:20:23 - [MESSAGE][PASSED] - Delayed 2 second(s)&#xD;
&#xD;
2019-09-10 21:20:23 - [TEST_STEP][PASSED] - click(findTestObject("Actpol_Scripts/Opsporing/MBES18/10 MBES search module/Datum Incident Calender icon")): Object: 'Object Repository/Actpol_Scripts/Opsporing/MBES18/10 MBES search module/Datum Incident Calender icon' is clicked on&#xD;
&#xD;
2019-09-10 21:20:24 - [MESSAGE][PASSED] - Object: 'Object Repository/Actpol_Scripts/Opsporing/MBES18/10 MBES search module/Datum Incident Calender icon' is clicked on&#xD;
&#xD;
2019-09-10 21:20:24 - [TEST_STEP][PASSED] - delay(2): Delayed 2 second(s)&#xD;
&#xD;
2019-09-10 21:20:26 - [MESSAGE][PASSED] - Delayed 2 second(s)&#xD;
&#xD;
2019-09-10 21:20:26 - [TEST_STEP][PASSED] - selectOptionByLabel(findTestObject("Actpol_Scripts/Monthyear/Leftmonth"), "sep", false): All options with label 'sep' are selected in object 'Object Repository/Actpol_Scripts/Monthyear/Leftmonth' &#xD;
&#xD;
2019-09-10 21:20:26 - [MESSAGE][PASSED] - All options with label 'sep' are selected in object 'Object Repository/Actpol_Scripts/Monthyear/Leftmonth' &#xD;
&#xD;
2019-09-10 21:20:26 - [TEST_STEP][PASSED] - delay(1): Delayed 1 second(s)&#xD;
&#xD;
2019-09-10 21:20:27 - [MESSAGE][PASSED] - Delayed 1 second(s)&#xD;
&#xD;
2019-09-10 21:20:27 - [TEST_STEP][PASSED] - selectOptionByLabel(findTestObject("Actpol_Scripts/Monthyear/Leftyear"), "2019", false): All options with label '2019' are selected in object 'Object Repository/Actpol_Scripts/Monthyear/Leftyear' &#xD;
&#xD;
2019-09-10 21:20:28 - [MESSAGE][PASSED] - All options with label '2019' are selected in object 'Object Repository/Actpol_Scripts/Monthyear/Leftyear' &#xD;
&#xD;
2019-09-10 21:20:28 - [TEST_STEP][PASSED] - delay(1): Delayed 1 second(s)&#xD;
&#xD;
2019-09-10 21:20:29 - [MESSAGE][PASSED] - Delayed 1 second(s)&#xD;
&#xD;
2019-09-10 21:20:29 - [TEST_STEP][PASSED] - click(findTestObject("Actpol_Scripts/Date/14 th")): Object: 'Object Repository/Actpol_Scripts/Date/14 th' is clicked on&#xD;
&#xD;
2019-09-10 21:20:30 - [MESSAGE][PASSED] - Object: 'Object Repository/Actpol_Scripts/Date/14 th' is clicked on&#xD;
&#xD;
2019-09-10 21:20:30 - [TEST_STEP][PASSED] - delay(1): Delayed 1 second(s)&#xD;
&#xD;
2019-09-10 21:20:31 - [MESSAGE][PASSED] - Delayed 1 second(s)&#xD;
&#xD;
2019-09-10 21:20:31 - [TEST_STEP][PASSED] - setText(findTestObject("Actpol_Scripts/Opsporing/MBES18/10 MBES search module/Geboortedatum textbox"), Geboortedatum): Text '26/06/2014' is set on object 'Object Repository/Actpol_Scripts/Opsporing/MBES18/10 MBES search module/Geboortedatum textbox'&#xD;
&#xD;
2019-09-10 21:20:31 - [MESSAGE][PASSED] - Text '26/06/2014' is set on object 'Object Repository/Actpol_Scripts/Opsporing/MBES18/10 MBES search module/Geboortedatum textbox'&#xD;
&#xD;
2019-09-10 21:20:31 - [TEST_STEP][PASSED] - delay(2): Delayed 2 second(s)&#xD;
&#xD;
2019-09-10 21:20:33 - [MESSAGE][PASSED] - Delayed 2 second(s)&#xD;
&#xD;
2019-09-10 21:20:33 - [TEST_STEP][PASSED] - click(findTestObject("Actpol_Scripts/Opsporing/MBES18/10 MBES search module/Filter")): Object: 'Object Repository/Actpol_Scripts/Opsporing/MBES18/10 MBES search module/Filter' is clicked on&#xD;
&#xD;
2019-09-10 21:20:35 - [MESSAGE][PASSED] - Object: 'Object Repository/Actpol_Scripts/Opsporing/MBES18/10 MBES search module/Filter' is clicked on&#xD;
&#xD;
2019-09-10 21:20:35 - [TEST_STEP][PASSED] - delay(1): Delayed 1 second(s)&#xD;
&#xD;
2019-09-10 21:20:36 - [MESSAGE][PASSED] - Delayed 1 second(s)&#xD;
&#xD;
2019-09-10 21:20:36 - [TEST_STEP][PASSED] - scrollToPosition(10, 7): Browser is scrolled to position x = 10, y = 7&#xD;
&#xD;
2019-09-10 21:20:36 - [MESSAGE][PASSED] - Browser is scrolled to position x = 10, y = 7&#xD;
&#xD;
2019-09-10 21:20:36 - [TEST_STEP][PASSED] - delay(1): Delayed 1 second(s)&#xD;
&#xD;
2019-09-10 21:20:37 - [MESSAGE][PASSED] - Delayed 1 second(s)&#xD;
&#xD;
2019-09-10 21:20:37 - [TEST_STEP][PASSED] - log.logInfo(getText(findTestObject("Actpol_Scripts/Opsporing/MBES18/10 MBES search module/Datum Incident get text"))): 2019-09-14&#xD;
&#xD;
2019-09-10 21:20:38 - [MESSAGE][PASSED] - Text of object 'Object Repository/Actpol_Scripts/Opsporing/MBES18/10 MBES search module/Datum Incident get text' is: '2019-09-14'&#xD;
&#xD;
2019-09-10 21:20:38 - [MESSAGE][INFO] - 2019-09-14&#xD;
&#xD;
2019-09-10 21:20:38 - [TEST_STEP][PASSED] - delay(1): Delayed 1 second(s)&#xD;
&#xD;
2019-09-10 21:20:39 - [MESSAGE][PASSED] - Delayed 1 second(s)</system-out>
            <system-err></system-err>
        </testcase>
        <system-out>2019-09-10 21:17:24 - [TEST_SUITE][INCOMPLETE] - ACTPOL-569: null</system-out>
        <system-err>2019-09-10 21:17:24 - [TEST_SUITE][INCOMPLETE] - ACTPOL-569: null</system-err>
    </testsuite>
</testsuites>
