<?xml version="1.0" encoding="UTF-8" standalone="yes"?>
<testsuites name="ACTPOL-317" time="119" tests="1" failures="0" errors="0">
    <testsuite name="ACTPOL-317" tests="1" failures="0" errors="0" time="119" timestamp="2019-10-22 20:21:48" hostname="user4 - 10.20.20.10" id="Test Suites/Release 6.6/ACTPOL-317">
        <properties>
            <property name="deviceName" value=""/>
            <property name="devicePlatform" value=""/>
            <property name="logFolder" value="C:\\Users\\user4\\git\\ACTPOL\\Reports\\20191022_202143\\Release 6.6\\ACTPOL-317\\20191022_202143"/>
            <property name="logFiles" value="C:\\Users\\user4\\git\\ACTPOL\\Reports\\20191022_202143\\Release 6.6\\ACTPOL-317\\20191022_202143\\execution0.log"/>
            <property name="attachments" value=""/>
            <property name="hostName" value="user4 - 10.20.20.10"/>
            <property name="os" value="Windows 8.1 64bit"/>
            <property name="katalonVersion" value="6.3.3.11"/>
            <property name="browser" value="Chrome 77.0.3865.120"/>
            <property name="hostAddress" value="10.20.20.10"/>
            <property name="sessionId" value="d80aff8a3ad6f67568f7d4f27de749ec"/>
            <property name="seleniumVersion" value="3.141.59"/>
            <property name="proxyInformation" value="ProxyInformation{proxyOption=NO_PROXY, proxyServerType=HTTP, password=, proxyServerAddress=, proxyServerPort=0}"/>
            <property name="platform" value="Windows 8.1"/>
        </properties>
        <testcase name="Test Cases/JIRA Tasks/Release 6.6/ACTPOL-317" classname="Test Cases/JIRA Tasks/Release 6.6/ACTPOL-317" status="PASSED">
            <system-out>2019-10-22 20:21:48 - [TEST_CASE][PASSED] - Test Cases/JIRA Tasks/Release 6.6/ACTPOL-317: Test Cases/JIRA Tasks/Release 6.6/ACTPOL-317&#xD;
&#xD;
2019-10-22 20:21:50 - [TEST_STEP][PASSED] - callTestCase(findTestCase("main/Actpol_Login_testenv"), [:], STOP_ON_FAILURE): Call Test Case 'Test Cases/main/Actpol_Login_testenv' successfully&#xD;
&#xD;
2019-10-22 20:21:50 - [TEST_CASE][PASSED] - Test Cases/main/Actpol_Login_testenv: Test Cases/main/Actpol_Login_testenv&#xD;
&#xD;
2019-10-22 20:21:51 - [TEST_STEP][PASSED] - openBrowser(""): Browser is opened with url: ''&#xD;
&#xD;
2019-10-22 20:21:52 - [MESSAGE][INFO] - Starting 'Chrome' driver&#xD;
&#xD;
2019-10-22 20:21:52 - [MESSAGE][INFO] - Action delay is set to 0 seconds&#xD;
&#xD;
2019-10-22 20:21:57 - [MESSAGE][PASSED] - Browser is opened with url: ''&#xD;
&#xD;
2019-10-22 20:21:57 - [TEST_STEP][PASSED] - deleteAllCookies(): Delete all cookies successfully&#xD;
&#xD;
2019-10-22 20:21:57 - [MESSAGE][PASSED] - Delete all cookies successfully&#xD;
&#xD;
2019-10-22 20:21:57 - [TEST_STEP][PASSED] - waitForPageLoad(60): Wait for page load successfully&#xD;
&#xD;
2019-10-22 20:21:57 - [MESSAGE][PASSED] - Wait for page load successfully&#xD;
&#xD;
2019-10-22 20:21:57 - [TEST_STEP][PASSED] - maximizeWindow(): Current window maximized&#xD;
&#xD;
2019-10-22 20:21:59 - [MESSAGE][PASSED] - Current window maximized&#xD;
&#xD;
2019-10-22 20:21:59 - [TEST_STEP][PASSED] - ACTPOLTESTENV = 1: null&#xD;
&#xD;
2019-10-22 20:21:59 - [TEST_STEP][PASSED] - ACTPOLDEVENV = 2: null&#xD;
&#xD;
2019-10-22 20:21:59 - [TEST_STEP][PASSED] - ACTPOLKCENV = 3: null&#xD;
&#xD;
2019-10-22 20:21:59 - [TEST_STEP][PASSED] - ACTPOLKBKPCNENV = 4: null&#xD;
&#xD;
2019-10-22 20:21:59 - [TEST_STEP][PASSED] - ACTPOLKBKMARENV = 5: null&#xD;
&#xD;
2019-10-22 20:21:59 - [TEST_STEP][PASSED] - ACTPOLKMENV = 6: null&#xD;
&#xD;
2019-10-22 20:21:59 - [TEST_STEP][PASSED] - ACTPOLKWENV = 7: null&#xD;
&#xD;
2019-10-22 20:21:59 - [TEST_STEP][PASSED] - ACTPOLFATKPCNENV = 8: null&#xD;
&#xD;
2019-10-22 20:21:59 - [TEST_STEP][PASSED] - ACTPOLFATKMARENV = 9: null&#xD;
&#xD;
2019-10-22 20:21:59 - [TEST_STEP][PASSED] - environment = ACTPOLDEVENV: null&#xD;
&#xD;
2019-10-22 20:21:59 - [TEST_STEP][PASSED] - Selectenv = &lt;not implemented yet for class: org.codehaus.groovy.ast.expr.EmptyExpression&gt;: null&#xD;
&#xD;
2019-10-22 20:21:59 - [TEST_STEP][PASSED] - switch (environment): null&#xD;
&#xD;
2019-10-22 20:21:59 - [TEST_STEP][PASSED] - case 2:: null&#xD;
&#xD;
2019-10-22 20:21:59 - [TEST_STEP][PASSED] - println(Selectenv = "ACTPOL-DEV-ENV"): null&#xD;
&#xD;
2019-10-22 20:21:59 - [TEST_STEP][PASSED] - navigateToUrl(DEVURL): Navigate to 'http://10.20.10.7:8202/actpoldev/JPOL318/nxmenu.pgm?docnum=604' successfully&#xD;
&#xD;
2019-10-22 20:22:08 - [MESSAGE][PASSED] - Navigate to 'http://10.20.10.7:8202/actpoldev/JPOL318/nxmenu.pgm?docnum=604' successfully&#xD;
&#xD;
2019-10-22 20:22:08 - [TEST_STEP][PASSED] - setText(findTestObject("Actpol_Scripts/login/userid"), username): Text 'vidhya' is set on object 'Object Repository/Actpol_Scripts/login/userid'&#xD;
&#xD;
2019-10-22 20:22:09 - [MESSAGE][PASSED] - Text 'vidhya' is set on object 'Object Repository/Actpol_Scripts/login/userid'&#xD;
&#xD;
2019-10-22 20:22:09 - [TEST_STEP][PASSED] - setMaskedText(findTestObject("Actpol_Scripts/login/password"), password): Text '********' is set on object 'Object Repository/Actpol_Scripts/login/password'&#xD;
&#xD;
2019-10-22 20:22:10 - [MESSAGE][PASSED] - Text '********' is set on object 'Object Repository/Actpol_Scripts/login/password'&#xD;
&#xD;
2019-10-22 20:22:10 - [TEST_STEP][PASSED] - click(findTestObject("Actpol_Scripts/login/login")): Object: 'Object Repository/Actpol_Scripts/login/login' is clicked on&#xD;
&#xD;
2019-10-22 20:22:10 - [MESSAGE][PASSED] - Object: 'Object Repository/Actpol_Scripts/login/login' is clicked on&#xD;
&#xD;
2019-10-22 20:22:10 - [TEST_STEP][PASSED] - getWindowTitle(): Current window's title is: 'Login Page for ACTPOL Developer'&#xD;
&#xD;
2019-10-22 20:22:10 - [MESSAGE][PASSED] - Current window's title is: 'Login Page for ACTPOL Developer'&#xD;
&#xD;
2019-10-22 20:22:10 - [TEST_STEP][PASSED] - delay(5): Delayed 5 second(s)&#xD;
&#xD;
2019-10-22 20:22:15 - [MESSAGE][PASSED] - Delayed 5 second(s)&#xD;
&#xD;
2019-10-22 20:22:15 - [TEST_STEP][PASSED] - break: null&#xD;
&#xD;
2019-10-22 20:22:15 - [MESSAGE][PASSED] - Call Test Case 'Test Cases/main/Actpol_Login_testenv' successfully&#xD;
&#xD;
2019-10-22 20:22:15 - [TEST_STEP][PASSED] - markPassed("PASS::Actpol web application login successfully"): PASS::Actpol web application login successfully&#xD;
&#xD;
2019-10-22 20:22:15 - [MESSAGE][PASSED] - PASS::Actpol web application login successfully&#xD;
&#xD;
2019-10-22 20:22:15 - [TEST_STEP][PASSED] - log = new com.kms.katalon.core.logging.KeywordLogger(): null&#xD;
&#xD;
2019-10-22 20:22:15 - [TEST_STEP][PASSED] - selectOptionByValue(findTestObject("Actpol_Scripts/General Search/Algemene Zoekopdracht -test env/Assistentie"), "assist", false): All options with value 'assist' are selected in object 'Object Repository/Actpol_Scripts/General Search/Algemene Zoekopdracht -test env/Assistentie' &#xD;
&#xD;
2019-10-22 20:22:19 - [MESSAGE][PASSED] - All options with value 'assist' are selected in object 'Object Repository/Actpol_Scripts/General Search/Algemene Zoekopdracht -test env/Assistentie' &#xD;
&#xD;
2019-10-22 20:22:19 - [TEST_STEP][PASSED] - setText(findTestObject("Actpol_Scripts/General Search/Algemene Zoekopdracht -test env/Assistentie Set text"), Generiekassistenite_Module): Text '200602061' is set on object 'Object Repository/Actpol_Scripts/General Search/Algemene Zoekopdracht -test env/Assistentie Set text'&#xD;
&#xD;
2019-10-22 20:22:20 - [MESSAGE][PASSED] - Text '200602061' is set on object 'Object Repository/Actpol_Scripts/General Search/Algemene Zoekopdracht -test env/Assistentie Set text'&#xD;
&#xD;
2019-10-22 20:22:20 - [TEST_STEP][PASSED] - delay(2): Delayed 2 second(s)&#xD;
&#xD;
2019-10-22 20:22:22 - [MESSAGE][PASSED] - Delayed 2 second(s)&#xD;
&#xD;
2019-10-22 20:22:22 - [TEST_STEP][PASSED] - click(findTestObject("Actpol_Scripts/General Search/Algemene Zoekopdracht -test env/Zoeken new")): Object: 'Object Repository/Actpol_Scripts/General Search/Algemene Zoekopdracht -test env/Zoeken new' is clicked on&#xD;
&#xD;
2019-10-22 20:22:23 - [MESSAGE][PASSED] - Object: 'Object Repository/Actpol_Scripts/General Search/Algemene Zoekopdracht -test env/Zoeken new' is clicked on&#xD;
&#xD;
2019-10-22 20:22:23 - [TEST_STEP][PASSED] - delay(8): Delayed 8 second(s)&#xD;
&#xD;
2019-10-22 20:22:31 - [MESSAGE][PASSED] - Delayed 8 second(s)&#xD;
&#xD;
2019-10-22 20:22:31 - [TEST_STEP][PASSED] - AssistentiedynamicId = Generiekassistenite_Module: null&#xD;
&#xD;
2019-10-22 20:22:31 - [TEST_STEP][PASSED] - Assistentiexpath = "//*[text()="" + AssistentiedynamicId + ""]/preceding-sibling::td/a[2]": null&#xD;
&#xD;
2019-10-22 20:22:31 - [TEST_STEP][PASSED] - to = findTestObject("Actpol_Scripts/General Search/Algemene Zoekopdracht -test env/View Assistentie"): null&#xD;
&#xD;
2019-10-22 20:22:31 - [TEST_STEP][PASSED] - to.addProperty("xpath", EQUALS, Assistentiexpath): null&#xD;
&#xD;
2019-10-22 20:22:31 - [TEST_STEP][PASSED] - println(to): null&#xD;
&#xD;
2019-10-22 20:22:31 - [TEST_STEP][PASSED] - click(to): Object: 'Object Repository/Actpol_Scripts/General Search/Algemene Zoekopdracht -test env/View Assistentie' is clicked on&#xD;
&#xD;
2019-10-22 20:22:32 - [MESSAGE][PASSED] - Object: 'Object Repository/Actpol_Scripts/General Search/Algemene Zoekopdracht -test env/View Assistentie' is clicked on&#xD;
&#xD;
2019-10-22 20:22:32 - [TEST_STEP][PASSED] - click(findTestObject("Actpol_Scripts/General Search/Algemene Zoekopdracht -test env/Confirmeren")): Object: 'Object Repository/Actpol_Scripts/General Search/Algemene Zoekopdracht -test env/Confirmeren' is clicked on&#xD;
&#xD;
2019-10-22 20:22:33 - [MESSAGE][PASSED] - Object: 'Object Repository/Actpol_Scripts/General Search/Algemene Zoekopdracht -test env/Confirmeren' is clicked on&#xD;
&#xD;
2019-10-22 20:22:33 - [TEST_STEP][PASSED] - delay(12): Delayed 12 second(s)&#xD;
&#xD;
2019-10-22 20:22:45 - [MESSAGE][PASSED] - Delayed 12 second(s)&#xD;
&#xD;
2019-10-22 20:22:45 - [TEST_STEP][PASSED] - click(findTestObject("Actpol_Scripts/Generiek/Assistentie/Click roll process")): Object: 'Object Repository/Actpol_Scripts/Generiek/Assistentie/Click roll process' is clicked on&#xD;
&#xD;
2019-10-22 20:22:48 - [MESSAGE][PASSED] - Object: 'Object Repository/Actpol_Scripts/Generiek/Assistentie/Click roll process' is clicked on&#xD;
&#xD;
2019-10-22 20:22:48 - [TEST_STEP][PASSED] - delay(2): Delayed 2 second(s)&#xD;
&#xD;
2019-10-22 20:22:50 - [MESSAGE][PASSED] - Delayed 2 second(s)&#xD;
&#xD;
2019-10-22 20:22:50 - [TEST_STEP][PASSED] - Vreemdelingverify = verifyElementVisible(findTestObject("Object Repository/JIRA/A Relese 6.6/ACTPOL-317/Vreemdeling verify"), OPTIONAL): Object 'Object Repository/JIRA/A Relese 6.6/ACTPOL-317/Vreemdeling verify' is visible&#xD;
&#xD;
2019-10-22 20:22:50 - [MESSAGE][PASSED] - Object 'Object Repository/JIRA/A Relese 6.6/ACTPOL-317/Vreemdeling verify' is visible&#xD;
&#xD;
2019-10-22 20:22:50 - [TEST_STEP][PASSED] - println(Vreemdelingverify): null&#xD;
&#xD;
2019-10-22 20:22:50 - [TEST_STEP][PASSED] - verify2 = "true": null&#xD;
&#xD;
2019-10-22 20:22:50 - [TEST_STEP][PASSED] - if (Vreemdelingverify == verify2): PASS::New Tab Maatregelen Bewaring vreemdeling added&#xD;
&#xD;
2019-10-22 20:22:50 - [TEST_STEP][PASSED] - click(findTestObject("JIRA/A Relese 6.6/ACTPOL-317/Vreemdeling verify")): Object: 'Object Repository/JIRA/A Relese 6.6/ACTPOL-317/Vreemdeling verify' is clicked on&#xD;
&#xD;
2019-10-22 20:22:51 - [MESSAGE][PASSED] - Object: 'Object Repository/JIRA/A Relese 6.6/ACTPOL-317/Vreemdeling verify' is clicked on&#xD;
&#xD;
2019-10-22 20:22:51 - [TEST_STEP][PASSED] - delay(5): Delayed 5 second(s)&#xD;
&#xD;
2019-10-22 20:22:56 - [MESSAGE][PASSED] - Delayed 5 second(s)&#xD;
&#xD;
2019-10-22 20:22:56 - [TEST_STEP][PASSED] - click(findTestObject("Object Repository/JIRA/A Relese 6.6/ACTPOL-317/Vreemdeling tab")): Object: 'Object Repository/JIRA/A Relese 6.6/ACTPOL-317/Vreemdeling tab' is clicked on&#xD;
&#xD;
2019-10-22 20:22:56 - [MESSAGE][PASSED] - Object: 'Object Repository/JIRA/A Relese 6.6/ACTPOL-317/Vreemdeling tab' is clicked on&#xD;
&#xD;
2019-10-22 20:22:56 - [TEST_STEP][PASSED] - delay(2): Delayed 2 second(s)&#xD;
&#xD;
2019-10-22 20:22:58 - [MESSAGE][PASSED] - Delayed 2 second(s)&#xD;
&#xD;
2019-10-22 20:22:58 - [TEST_STEP][PASSED] - click(findTestObject("Object Repository/JIRA/A Relese 6.6/ACTPOL-317/Maatregelen Bewaring tab")): Object: 'Object Repository/JIRA/A Relese 6.6/ACTPOL-317/Maatregelen Bewaring tab' is clicked on&#xD;
&#xD;
2019-10-22 20:22:59 - [MESSAGE][PASSED] - Object: 'Object Repository/JIRA/A Relese 6.6/ACTPOL-317/Maatregelen Bewaring tab' is clicked on&#xD;
&#xD;
2019-10-22 20:22:59 - [TEST_STEP][PASSED] - delay(2): Delayed 2 second(s)&#xD;
&#xD;
2019-10-22 20:23:01 - [MESSAGE][PASSED] - Delayed 2 second(s)&#xD;
&#xD;
2019-10-22 20:23:01 - [TEST_STEP][PASSED] - click(findTestObject("Object Repository/JIRA/A Relese 6.6/ACTPOL-317/Maatregelen Bewaring tab new")): Object: 'Object Repository/JIRA/A Relese 6.6/ACTPOL-317/Maatregelen Bewaring tab new' is clicked on&#xD;
&#xD;
2019-10-22 20:23:02 - [MESSAGE][PASSED] - Object: 'Object Repository/JIRA/A Relese 6.6/ACTPOL-317/Maatregelen Bewaring tab new' is clicked on&#xD;
&#xD;
2019-10-22 20:23:02 - [TEST_STEP][PASSED] - delay(2): Delayed 2 second(s)&#xD;
&#xD;
2019-10-22 20:23:04 - [MESSAGE][PASSED] - Delayed 2 second(s)&#xD;
&#xD;
2019-10-22 20:23:04 - [TEST_STEP][PASSED] - click(findTestObject("Object Repository/JIRA/A Relese 6.6/ACTPOL-317/Maatregelen Bewaring tab new -new")): Object: 'Object Repository/JIRA/A Relese 6.6/ACTPOL-317/Maatregelen Bewaring tab new -new' is clicked on&#xD;
&#xD;
2019-10-22 20:23:04 - [MESSAGE][PASSED] - Object: 'Object Repository/JIRA/A Relese 6.6/ACTPOL-317/Maatregelen Bewaring tab new -new' is clicked on&#xD;
&#xD;
2019-10-22 20:23:04 - [TEST_STEP][PASSED] - delay(6): Delayed 6 second(s)&#xD;
&#xD;
2019-10-22 20:23:10 - [MESSAGE][PASSED] - Delayed 6 second(s)&#xD;
&#xD;
2019-10-22 20:23:10 - [TEST_STEP][PASSED] - setText(findTestObject("JIRA/A Relese 6.6/ACTPOL-317/Achternaam"), "aa"): Text 'aa' is set on object 'Object Repository/JIRA/A Relese 6.6/ACTPOL-317/Achternaam'&#xD;
&#xD;
2019-10-22 20:23:11 - [MESSAGE][PASSED] - Text 'aa' is set on object 'Object Repository/JIRA/A Relese 6.6/ACTPOL-317/Achternaam'&#xD;
&#xD;
2019-10-22 20:23:11 - [TEST_STEP][PASSED] - delay(2): Delayed 2 second(s)&#xD;
&#xD;
2019-10-22 20:23:13 - [MESSAGE][PASSED] - Delayed 2 second(s)&#xD;
&#xD;
2019-10-22 20:23:13 - [TEST_STEP][PASSED] - click(findTestObject("JIRA/A Relese 6.6/ACTPOL-317/Achternaam lb 1")): Object: 'Object Repository/JIRA/A Relese 6.6/ACTPOL-317/Achternaam lb 1' is clicked on&#xD;
&#xD;
2019-10-22 20:23:14 - [MESSAGE][PASSED] - Object: 'Object Repository/JIRA/A Relese 6.6/ACTPOL-317/Achternaam lb 1' is clicked on&#xD;
&#xD;
2019-10-22 20:23:14 - [TEST_STEP][PASSED] - delay(1): Delayed 1 second(s)&#xD;
&#xD;
2019-10-22 20:23:15 - [MESSAGE][PASSED] - Delayed 1 second(s)&#xD;
&#xD;
2019-10-22 20:23:15 - [TEST_STEP][PASSED] - click(findTestObject("JIRA/A Relese 6.6/ACTPOL-317/Alcohol gebruik nee")): Object: 'Object Repository/JIRA/A Relese 6.6/ACTPOL-317/Alcohol gebruik nee' is clicked on&#xD;
&#xD;
2019-10-22 20:23:15 - [MESSAGE][PASSED] - Object: 'Object Repository/JIRA/A Relese 6.6/ACTPOL-317/Alcohol gebruik nee' is clicked on&#xD;
&#xD;
2019-10-22 20:23:15 - [TEST_STEP][PASSED] - delay(1): Delayed 1 second(s)&#xD;
&#xD;
2019-10-22 20:23:16 - [MESSAGE][PASSED] - Delayed 1 second(s)&#xD;
&#xD;
2019-10-22 20:23:16 - [TEST_STEP][PASSED] - click(findTestObject("JIRA/A Relese 6.6/ACTPOL-317/Drugs gebruik nee")): Object: 'Object Repository/JIRA/A Relese 6.6/ACTPOL-317/Drugs gebruik nee' is clicked on&#xD;
&#xD;
2019-10-22 20:23:17 - [MESSAGE][PASSED] - Object: 'Object Repository/JIRA/A Relese 6.6/ACTPOL-317/Drugs gebruik nee' is clicked on&#xD;
&#xD;
2019-10-22 20:23:17 - [TEST_STEP][PASSED] - delay(1): Delayed 1 second(s)&#xD;
&#xD;
2019-10-22 20:23:18 - [MESSAGE][PASSED] - Delayed 1 second(s)&#xD;
&#xD;
2019-10-22 20:23:18 - [TEST_STEP][PASSED] - selectOptionByLabel(findTestObject("JIRA/A Relese 6.6/ACTPOL-317/Reden dropdown"), "TER BEWARING", false): All options with label 'TER BEWARING' are selected in object 'Object Repository/JIRA/A Relese 6.6/ACTPOL-317/Reden dropdown' &#xD;
&#xD;
2019-10-22 20:23:19 - [MESSAGE][PASSED] - All options with label 'TER BEWARING' are selected in object 'Object Repository/JIRA/A Relese 6.6/ACTPOL-317/Reden dropdown' &#xD;
&#xD;
2019-10-22 20:23:19 - [TEST_STEP][PASSED] - delay(1): Delayed 1 second(s)&#xD;
&#xD;
2019-10-22 20:23:20 - [MESSAGE][PASSED] - Delayed 1 second(s)&#xD;
&#xD;
2019-10-22 20:23:20 - [TEST_STEP][PASSED] - selectOptionByLabel(findTestObject("JIRA/A Relese 6.6/ACTPOL-317/Type dropdown"), "MAATREGEL EN BEWARING", false): All options with label 'MAATREGEL EN BEWARING' are selected in object 'Object Repository/JIRA/A Relese 6.6/ACTPOL-317/Type dropdown' &#xD;
&#xD;
2019-10-22 20:23:20 - [MESSAGE][PASSED] - All options with label 'MAATREGEL EN BEWARING' are selected in object 'Object Repository/JIRA/A Relese 6.6/ACTPOL-317/Type dropdown' &#xD;
&#xD;
2019-10-22 20:23:20 - [TEST_STEP][PASSED] - delay(1): Delayed 1 second(s)&#xD;
&#xD;
2019-10-22 20:23:21 - [MESSAGE][PASSED] - Delayed 1 second(s)&#xD;
&#xD;
2019-10-22 20:23:21 - [TEST_STEP][PASSED] - click(findTestObject("JIRA/A Relese 6.6/ACTPOL-317/Fouillering nee")): Object: 'Object Repository/JIRA/A Relese 6.6/ACTPOL-317/Fouillering nee' is clicked on&#xD;
&#xD;
2019-10-22 20:23:22 - [MESSAGE][PASSED] - Object: 'Object Repository/JIRA/A Relese 6.6/ACTPOL-317/Fouillering nee' is clicked on&#xD;
&#xD;
2019-10-22 20:23:22 - [TEST_STEP][PASSED] - delay(1): Delayed 1 second(s)&#xD;
&#xD;
2019-10-22 20:23:23 - [MESSAGE][PASSED] - Delayed 1 second(s)&#xD;
&#xD;
2019-10-22 20:23:23 - [TEST_STEP][PASSED] - click(findTestObject("JIRA/A Relese 6.6/ACTPOL-317/Gebruik handboeien nee")): Object: 'Object Repository/JIRA/A Relese 6.6/ACTPOL-317/Gebruik handboeien nee' is clicked on&#xD;
&#xD;
2019-10-22 20:23:23 - [MESSAGE][PASSED] - Object: 'Object Repository/JIRA/A Relese 6.6/ACTPOL-317/Gebruik handboeien nee' is clicked on&#xD;
&#xD;
2019-10-22 20:23:23 - [TEST_STEP][PASSED] - delay(1): Delayed 1 second(s)&#xD;
&#xD;
2019-10-22 20:23:24 - [MESSAGE][PASSED] - Delayed 1 second(s)&#xD;
&#xD;
2019-10-22 20:23:24 - [TEST_STEP][PASSED] - click(findTestObject("JIRA/A Relese 6.6/ACTPOL-317/Gebruik geweld nee")): Object: 'Object Repository/JIRA/A Relese 6.6/ACTPOL-317/Gebruik geweld nee' is clicked on&#xD;
&#xD;
2019-10-22 20:23:25 - [MESSAGE][PASSED] - Object: 'Object Repository/JIRA/A Relese 6.6/ACTPOL-317/Gebruik geweld nee' is clicked on&#xD;
&#xD;
2019-10-22 20:23:25 - [TEST_STEP][PASSED] - delay(1): Delayed 1 second(s)&#xD;
&#xD;
2019-10-22 20:23:26 - [MESSAGE][PASSED] - Delayed 1 second(s)&#xD;
&#xD;
2019-10-22 20:23:26 - [TEST_STEP][PASSED] - scrollToPosition(10, 7): Browser is scrolled to position x = 10, y = 7&#xD;
&#xD;
2019-10-22 20:23:26 - [MESSAGE][PASSED] - Browser is scrolled to position x = 10, y = 7&#xD;
&#xD;
2019-10-22 20:23:26 - [TEST_STEP][PASSED] - delay(1): Delayed 1 second(s)&#xD;
&#xD;
2019-10-22 20:23:27 - [MESSAGE][PASSED] - Delayed 1 second(s)&#xD;
&#xD;
2019-10-22 20:23:27 - [TEST_STEP][PASSED] - click(findTestObject("JIRA/A Relese 6.6/ACTPOL-317/Verdachte Info tab")): Object: 'Object Repository/JIRA/A Relese 6.6/ACTPOL-317/Verdachte Info tab' is clicked on&#xD;
&#xD;
2019-10-22 20:23:28 - [MESSAGE][PASSED] - Object: 'Object Repository/JIRA/A Relese 6.6/ACTPOL-317/Verdachte Info tab' is clicked on&#xD;
&#xD;
2019-10-22 20:23:28 - [TEST_STEP][PASSED] - delay(1): Delayed 1 second(s)&#xD;
&#xD;
2019-10-22 20:23:29 - [MESSAGE][PASSED] - Delayed 1 second(s)&#xD;
&#xD;
2019-10-22 20:23:29 - [TEST_STEP][PASSED] - click(findTestObject("JIRA/A Relese 6.6/ACTPOL-317/Strafbare feiten")): Object: 'Object Repository/JIRA/A Relese 6.6/ACTPOL-317/Strafbare feiten' is clicked on&#xD;
&#xD;
2019-10-22 20:23:30 - [MESSAGE][PASSED] - Object: 'Object Repository/JIRA/A Relese 6.6/ACTPOL-317/Strafbare feiten' is clicked on&#xD;
&#xD;
2019-10-22 20:23:30 - [TEST_STEP][PASSED] - delay(1): Delayed 1 second(s)&#xD;
&#xD;
2019-10-22 20:23:31 - [MESSAGE][PASSED] - Delayed 1 second(s)&#xD;
&#xD;
2019-10-22 20:23:31 - [TEST_STEP][PASSED] - click(findTestObject("JIRA/A Relese 6.6/ACTPOL-317/Strafbare feiten new")): Object: 'Object Repository/JIRA/A Relese 6.6/ACTPOL-317/Strafbare feiten new' is clicked on&#xD;
&#xD;
2019-10-22 20:23:31 - [MESSAGE][PASSED] - Object: 'Object Repository/JIRA/A Relese 6.6/ACTPOL-317/Strafbare feiten new' is clicked on&#xD;
&#xD;
2019-10-22 20:23:31 - [TEST_STEP][PASSED] - delay(5): Delayed 5 second(s)&#xD;
&#xD;
2019-10-22 20:23:36 - [MESSAGE][PASSED] - Delayed 5 second(s)&#xD;
&#xD;
2019-10-22 20:23:36 - [TEST_STEP][PASSED] - selectOptionByLabel(findTestObject("JIRA/A Relese 6.6/ACTPOL-317/Uitvoering 1"), "POGING", false): All options with label 'POGING' are selected in object 'Object Repository/JIRA/A Relese 6.6/ACTPOL-317/Uitvoering 1' &#xD;
&#xD;
2019-10-22 20:23:37 - [MESSAGE][PASSED] - All options with label 'POGING' are selected in object 'Object Repository/JIRA/A Relese 6.6/ACTPOL-317/Uitvoering 1' &#xD;
&#xD;
2019-10-22 20:23:37 - [TEST_STEP][PASSED] - delay(1): Delayed 1 second(s)&#xD;
&#xD;
2019-10-22 20:23:38 - [MESSAGE][PASSED] - Delayed 1 second(s)&#xD;
&#xD;
2019-10-22 20:23:38 - [TEST_STEP][PASSED] - selectOptionByLabel(findTestObject("JIRA/A Relese 6.6/ACTPOL-317/Daderschap"), "MEDEDADER", false): All options with label 'MEDEDADER' are selected in object 'Object Repository/JIRA/A Relese 6.6/ACTPOL-317/Daderschap' &#xD;
&#xD;
2019-10-22 20:23:38 - [MESSAGE][PASSED] - All options with label 'MEDEDADER' are selected in object 'Object Repository/JIRA/A Relese 6.6/ACTPOL-317/Daderschap' &#xD;
&#xD;
2019-10-22 20:23:38 - [TEST_STEP][PASSED] - delay(1): Delayed 1 second(s)&#xD;
&#xD;
2019-10-22 20:23:39 - [MESSAGE][PASSED] - Delayed 1 second(s)&#xD;
&#xD;
2019-10-22 20:23:39 - [TEST_STEP][PASSED] - selectOptionByLabel(findTestObject("JIRA/A Relese 6.6/ACTPOL-317/Juntu"), "CQ", false): All options with label 'CQ' are selected in object 'Object Repository/JIRA/A Relese 6.6/ACTPOL-317/Juntu' &#xD;
&#xD;
2019-10-22 20:23:39 - [MESSAGE][PASSED] - All options with label 'CQ' are selected in object 'Object Repository/JIRA/A Relese 6.6/ACTPOL-317/Juntu' &#xD;
&#xD;
2019-10-22 20:23:39 - [TEST_STEP][PASSED] - delay(1): Delayed 1 second(s)&#xD;
&#xD;
2019-10-22 20:23:40 - [MESSAGE][PASSED] - Delayed 1 second(s)&#xD;
&#xD;
2019-10-22 20:23:40 - [TEST_STEP][PASSED] - click(findTestObject("JIRA/A Relese 6.6/ACTPOL-317/Strafbare feiten new record save")): Object: 'Object Repository/JIRA/A Relese 6.6/ACTPOL-317/Strafbare feiten new record save' is clicked on&#xD;
&#xD;
2019-10-22 20:23:41 - [MESSAGE][PASSED] - Object: 'Object Repository/JIRA/A Relese 6.6/ACTPOL-317/Strafbare feiten new record save' is clicked on&#xD;
&#xD;
2019-10-22 20:23:41 - [TEST_STEP][PASSED] - delay(4): Delayed 4 second(s)&#xD;
&#xD;
2019-10-22 20:23:45 - [MESSAGE][PASSED] - Delayed 4 second(s)&#xD;
&#xD;
2019-10-22 20:23:45 - [TEST_STEP][PASSED] - click(findTestObject("JIRA/A Relese 6.6/ACTPOL-317/Maatregel en bewaring save record")): Object: 'Object Repository/JIRA/A Relese 6.6/ACTPOL-317/Maatregel en bewaring save record' is clicked on&#xD;
&#xD;
2019-10-22 20:23:45 - [MESSAGE][PASSED] - Object: 'Object Repository/JIRA/A Relese 6.6/ACTPOL-317/Maatregel en bewaring save record' is clicked on&#xD;
&#xD;
2019-10-22 20:23:45 - [TEST_STEP][PASSED] - markPassed("PASS::New Tab Maatregelen Bewaring vreemdeling added"): PASS::New Tab Maatregelen Bewaring vreemdeling added&#xD;
&#xD;
2019-10-22 20:23:45 - [MESSAGE][PASSED] - PASS::New Tab Maatregelen Bewaring vreemdeling added</system-out>
            <system-err></system-err>
        </testcase>
        <system-out>2019-10-22 20:21:48 - [TEST_SUITE][INCOMPLETE] - ACTPOL-317: null</system-out>
        <system-err>2019-10-22 20:21:48 - [TEST_SUITE][INCOMPLETE] - ACTPOL-317: null</system-err>
    </testsuite>
</testsuites>
