<?xml version="1.0" encoding="UTF-8" standalone="yes"?>
<testsuites name="6.6" time="219" tests="2" failures="0" errors="0">
    <testsuite name="6.6" tests="2" failures="0" errors="0" time="219" timestamp="2019-09-04 15:56:22" hostname="user4 - 10.20.20.7" id="Test Suites/test/6.6">
        <properties>
            <property name="deviceName" value=""/>
            <property name="devicePlatform" value=""/>
            <property name="logFolder" value="C:\\Users\\user4\\git\\ACTPOL\\Reports\\20190904_155546\\test\\6.6\\20190904_155612"/>
            <property name="logFiles" value="C:\\Users\\user4\\git\\ACTPOL\\Reports\\20190904_155546\\test\\6.6\\20190904_155612\\execution0.log"/>
            <property name="attachments" value="C:\\Users\\user4\\git\\ACTPOL\\Reports\\20190904_155546\\test\\6.6\\20190904_155612\\1567592864926.png, C:\\Users\\user4\\git\\ACTPOL\\Reports\\20190904_155546\\test\\6.6\\20190904_155612\\1567592935832.png, C:\\Users\\user4\\git\\ACTPOL\\Reports\\20190904_155546\\test\\6.6\\20190904_155612\\1567592953589.png, C:\\Users\\user4\\git\\ACTPOL\\Reports\\20190904_155546\\test\\6.6\\20190904_155612\\1567592970772.png, C:\\Users\\user4\\git\\ACTPOL\\Reports\\20190904_155546\\test\\6.6\\20190904_155612\\1567592991722.png, C:\\Users\\user4\\git\\ACTPOL\\Reports\\20190904_155546\\test\\6.6\\20190904_155612\\1567592999543.png"/>
            <property name="hostName" value="user4 - 10.20.20.7"/>
            <property name="os" value="Windows 8.1 64bit"/>
            <property name="katalonVersion" value="6.3.2.1"/>
            <property name="browser" value="Chrome 76.0.3809.132"/>
            <property name="hostAddress" value="10.20.20.7"/>
            <property name="sessionId" value="35183068ff116018bd8a0298fbb91710"/>
            <property name="seleniumVersion" value="3.141.59"/>
            <property name="proxyInformation" value="ProxyInformation{proxyOption=NO_PROXY, proxyServerType=HTTP, password=, proxyServerAddress=, proxyServerPort=0}"/>
            <property name="platform" value="Windows 8.1"/>
        </properties>
        <testcase name="Test Cases/JIRA Tasks/Release 6.6/ACTPOL-558" classname="Test Cases/JIRA Tasks/Release 6.6/ACTPOL-558" status="PASSED">
            <system-out>2019-09-04 15:56:23 - [TEST_CASE][PASSED] - Test Cases/JIRA Tasks/Release 6.6/ACTPOL-558: Test Cases/JIRA Tasks/Release 6.6/ACTPOL-558&#xD;
&#xD;
2019-09-04 15:56:24 - [TEST_STEP][PASSED] - callTestCase(findTestCase("main/Actpol_Login_testenv"), [:], STOP_ON_FAILURE): Call Test Case 'Test Cases/main/Actpol_Login_testenv' successfully&#xD;
&#xD;
2019-09-04 15:56:24 - [TEST_CASE][PASSED] - Test Cases/main/Actpol_Login_testenv: Test Cases/main/Actpol_Login_testenv&#xD;
&#xD;
2019-09-04 15:56:25 - [TEST_STEP][PASSED] - openBrowser(""): Browser is opened with url: ''&#xD;
&#xD;
2019-09-04 15:56:26 - [MESSAGE][INFO] - Starting 'Chrome' driver&#xD;
&#xD;
2019-09-04 15:56:26 - [MESSAGE][INFO] - Action delay is set to 0 seconds&#xD;
&#xD;
2019-09-04 15:56:52 - [MESSAGE][PASSED] - Browser is opened with url: ''&#xD;
&#xD;
2019-09-04 15:56:52 - [TEST_STEP][PASSED] - deleteAllCookies(): Delete all cookies successfully&#xD;
&#xD;
2019-09-04 15:56:52 - [MESSAGE][PASSED] - Delete all cookies successfully&#xD;
&#xD;
2019-09-04 15:56:52 - [TEST_STEP][PASSED] - waitForPageLoad(30): Wait for page load successfully&#xD;
&#xD;
2019-09-04 15:56:52 - [MESSAGE][PASSED] - Wait for page load successfully&#xD;
&#xD;
2019-09-04 15:56:52 - [TEST_STEP][PASSED] - maximizeWindow(): Current window maximized&#xD;
&#xD;
2019-09-04 15:56:53 - [MESSAGE][PASSED] - Current window maximized&#xD;
&#xD;
2019-09-04 15:56:53 - [TEST_STEP][PASSED] - ACTPOLTESTENV = 1: null&#xD;
&#xD;
2019-09-04 15:56:53 - [TEST_STEP][PASSED] - ACTPOLDEVENV = 2: null&#xD;
&#xD;
2019-09-04 15:56:53 - [TEST_STEP][PASSED] - ACTPOLKCENV = 3: null&#xD;
&#xD;
2019-09-04 15:56:53 - [TEST_STEP][PASSED] - ACTPOLKBKPCNENV = 4: null&#xD;
&#xD;
2019-09-04 15:56:53 - [TEST_STEP][PASSED] - ACTPOLKBKMARENV = 5: null&#xD;
&#xD;
2019-09-04 15:56:53 - [TEST_STEP][PASSED] - ACTPOLKMENV = 6: null&#xD;
&#xD;
2019-09-04 15:56:53 - [TEST_STEP][PASSED] - ACTPOLKWENV = 7: null&#xD;
&#xD;
2019-09-04 15:56:53 - [TEST_STEP][PASSED] - environment = ACTPOLDEVENV: null&#xD;
&#xD;
2019-09-04 15:56:53 - [TEST_STEP][PASSED] - Selectenv = &lt;not implemented yet for class: org.codehaus.groovy.ast.expr.EmptyExpression&gt;: null&#xD;
&#xD;
2019-09-04 15:56:53 - [TEST_STEP][PASSED] - switch (environment): null&#xD;
&#xD;
2019-09-04 15:56:53 - [TEST_STEP][PASSED] - case 2:: null&#xD;
&#xD;
2019-09-04 15:56:53 - [TEST_STEP][PASSED] - println(Selectenv = "ACTPOL-DEV-ENV"): null&#xD;
&#xD;
2019-09-04 15:56:53 - [TEST_STEP][PASSED] - navigateToUrl(DEVURL): Navigate to 'http://10.20.10.7:8202/actpoldev/JPOL558/nxmenu.pgm?docnum=604' successfully&#xD;
&#xD;
2019-09-04 15:57:07 - [MESSAGE][PASSED] - Navigate to 'http://10.20.10.7:8202/actpoldev/JPOL558/nxmenu.pgm?docnum=604' successfully&#xD;
&#xD;
2019-09-04 15:57:07 - [TEST_STEP][PASSED] - setText(findTestObject("Actpol_Scripts/login/userid"), username): Text 'vidhya' is set on object 'Object Repository/Actpol_Scripts/login/userid'&#xD;
&#xD;
2019-09-04 15:57:12 - [MESSAGE][PASSED] - Text 'vidhya' is set on object 'Object Repository/Actpol_Scripts/login/userid'&#xD;
&#xD;
2019-09-04 15:57:12 - [TEST_STEP][PASSED] - setMaskedText(findTestObject("Actpol_Scripts/login/password"), password): Text '********' is set on object 'Object Repository/Actpol_Scripts/login/password'&#xD;
&#xD;
2019-09-04 15:57:13 - [MESSAGE][PASSED] - Text '********' is set on object 'Object Repository/Actpol_Scripts/login/password'&#xD;
&#xD;
2019-09-04 15:57:13 - [TEST_STEP][PASSED] - click(findTestObject("Actpol_Scripts/login/login")): Object: 'Object Repository/Actpol_Scripts/login/login' is clicked on&#xD;
&#xD;
2019-09-04 15:57:14 - [MESSAGE][PASSED] - Object: 'Object Repository/Actpol_Scripts/login/login' is clicked on&#xD;
&#xD;
2019-09-04 15:57:14 - [TEST_STEP][PASSED] - getWindowTitle(): Current window's title is: 'Login Page for ACTPOL Developer'&#xD;
&#xD;
2019-09-04 15:57:14 - [MESSAGE][PASSED] - Current window's title is: 'Login Page for ACTPOL Developer'&#xD;
&#xD;
2019-09-04 15:57:14 - [TEST_STEP][PASSED] - break: null&#xD;
&#xD;
2019-09-04 15:57:14 - [MESSAGE][PASSED] - Call Test Case 'Test Cases/main/Actpol_Login_testenv' successfully&#xD;
&#xD;
2019-09-04 15:57:14 - [TEST_STEP][PASSED] - log = new com.kms.katalon.core.logging.KeywordLogger(): null&#xD;
&#xD;
2019-09-04 15:57:14 - [TEST_STEP][PASSED] - mouseOver(findTestObject("Actpol_Scripts/Menu navigation/Opsporing/Opsporing")): Object: 'Object Repository/Actpol_Scripts/Menu navigation/Opsporing/Opsporing' is hovered&#xD;
&#xD;
2019-09-04 15:57:33 - [MESSAGE][PASSED] - Object: 'Object Repository/Actpol_Scripts/Menu navigation/Opsporing/Opsporing' is hovered&#xD;
&#xD;
2019-09-04 15:57:33 - [TEST_STEP][PASSED] - log.logInfo("Successfully logged"): Successfully logged&#xD;
&#xD;
2019-09-04 15:57:33 - [MESSAGE][INFO] - Successfully logged&#xD;
&#xD;
2019-09-04 15:57:33 - [TEST_STEP][PASSED] - delay(2): Delayed 2 second(s)&#xD;
&#xD;
2019-09-04 15:57:35 - [MESSAGE][PASSED] - Delayed 2 second(s)&#xD;
&#xD;
2019-09-04 15:57:35 - [TEST_STEP][PASSED] - click(findTestObject("Actpol_Scripts/Opsporing/MBES18/MBES18 TAB")): Object: 'Object Repository/Actpol_Scripts/Opsporing/MBES18/MBES18 TAB' is clicked on&#xD;
&#xD;
2019-09-04 15:57:40 - [MESSAGE][PASSED] - Object: 'Object Repository/Actpol_Scripts/Opsporing/MBES18/MBES18 TAB' is clicked on&#xD;
&#xD;
2019-09-04 15:57:40 - [TEST_STEP][PASSED] - log.logInfo("Clicking MBES18 tab "): Clicking MBES18 tab &#xD;
&#xD;
2019-09-04 15:57:40 - [MESSAGE][INFO] - Clicking MBES18 tab &#xD;
&#xD;
2019-09-04 15:57:40 - [TEST_STEP][PASSED] - delay(1): Delayed 1 second(s)&#xD;
&#xD;
2019-09-04 15:57:41 - [MESSAGE][PASSED] - Delayed 1 second(s)&#xD;
&#xD;
2019-09-04 15:57:41 - [TEST_STEP][PASSED] - mouseOver(findTestObject("Actpol_Scripts/Menu navigation/Generiek/Generiek")): Object: 'Object Repository/Actpol_Scripts/Menu navigation/Generiek/Generiek' is hovered&#xD;
&#xD;
2019-09-04 15:57:41 - [MESSAGE][PASSED] - Object: 'Object Repository/Actpol_Scripts/Menu navigation/Generiek/Generiek' is hovered&#xD;
&#xD;
2019-09-04 15:57:41 - [TEST_STEP][PASSED] - delay(3): Delayed 3 second(s)&#xD;
&#xD;
2019-09-04 15:57:44 - [MESSAGE][PASSED] - Delayed 3 second(s)&#xD;
&#xD;
2019-09-04 15:57:44 - [TEST_STEP][PASSED] - takeScreenshot(): Taking screenshot successfully&#xD;
&#xD;
2019-09-04 15:57:45 - [MESSAGE][PASSED] - Taking screenshot successfully&#xD;
[[ATTACHMENT|C:\\Users\\user4\\git\\ACTPOL\\Reports\\20190904_155546\\test\\6.6\\20190904_155612\\1567592864926.png]]&#xD;
&#xD;
2019-09-04 15:57:45 - [TEST_STEP][PASSED] - log.logInfo("MBES18 module is displayed"): MBES18 module is displayed&#xD;
&#xD;
2019-09-04 15:57:45 - [MESSAGE][INFO] - MBES18 module is displayed&#xD;
&#xD;
2019-09-04 15:57:45 - [TEST_STEP][PASSED] - delay(1): Delayed 1 second(s)&#xD;
&#xD;
2019-09-04 15:57:46 - [MESSAGE][PASSED] - Delayed 1 second(s)&#xD;
&#xD;
2019-09-04 15:57:46 - [TEST_STEP][PASSED] - optie = getText(findTestObject("JIRA/A Relese 6.6/ACTPOL-558/optie")): Text of object 'Object Repository/JIRA/A Relese 6.6/ACTPOL-558/optie' is: 'Optie'&#xD;
&#xD;
2019-09-04 15:57:47 - [MESSAGE][PASSED] - Text of object 'Object Repository/JIRA/A Relese 6.6/ACTPOL-558/optie' is: 'Optie'&#xD;
&#xD;
2019-09-04 15:57:47 - [TEST_STEP][PASSED] - log.logInfo("Grid is shown contains columns mentioned ::" + optie): Grid is shown contains columns mentioned ::Optie&#xD;
&#xD;
2019-09-04 15:57:47 - [MESSAGE][INFO] - Grid is shown contains columns mentioned ::Optie&#xD;
&#xD;
2019-09-04 15:57:47 - [TEST_STEP][PASSED] - delay(1): Delayed 1 second(s)&#xD;
&#xD;
2019-09-04 15:57:48 - [MESSAGE][PASSED] - Delayed 1 second(s)&#xD;
&#xD;
2019-09-04 15:57:48 - [TEST_STEP][PASSED] - vlg = getText(findTestObject("JIRA/A Relese 6.6/ACTPOL-558/Vlg. Nummer")): Text of object 'Object Repository/JIRA/A Relese 6.6/ACTPOL-558/Vlg. Nummer' is: 'Vlg. Nummer'&#xD;
&#xD;
2019-09-04 15:57:49 - [MESSAGE][PASSED] - Text of object 'Object Repository/JIRA/A Relese 6.6/ACTPOL-558/Vlg. Nummer' is: 'Vlg. Nummer'&#xD;
&#xD;
2019-09-04 15:57:49 - [TEST_STEP][PASSED] - log.logInfo("Grid is shown contains columns mentioned ::" + vlg): Grid is shown contains columns mentioned ::Vlg. Nummer&#xD;
&#xD;
2019-09-04 15:57:49 - [MESSAGE][INFO] - Grid is shown contains columns mentioned ::Vlg. Nummer&#xD;
&#xD;
2019-09-04 15:57:49 - [TEST_STEP][PASSED] - delay(1): Delayed 1 second(s)&#xD;
&#xD;
2019-09-04 15:57:50 - [MESSAGE][PASSED] - Delayed 1 second(s)&#xD;
&#xD;
2019-09-04 15:57:50 - [TEST_STEP][PASSED] - datam = getText(findTestObject("JIRA/A Relese 6.6/ACTPOL-558/Datum Incident")): Text of object 'Object Repository/JIRA/A Relese 6.6/ACTPOL-558/Datum Incident' is: 'Datum Incident'&#xD;
&#xD;
2019-09-04 15:57:51 - [MESSAGE][PASSED] - Text of object 'Object Repository/JIRA/A Relese 6.6/ACTPOL-558/Datum Incident' is: 'Datum Incident'&#xD;
&#xD;
2019-09-04 15:57:51 - [TEST_STEP][PASSED] - log.logInfo("Grid is shown contains columns mentioned ::" + datam): Grid is shown contains columns mentioned ::Datum Incident&#xD;
&#xD;
2019-09-04 15:57:51 - [MESSAGE][INFO] - Grid is shown contains columns mentioned ::Datum Incident&#xD;
&#xD;
2019-09-04 15:57:51 - [TEST_STEP][PASSED] - delay(1): Delayed 1 second(s)&#xD;
&#xD;
2019-09-04 15:57:52 - [MESSAGE][PASSED] - Delayed 1 second(s)&#xD;
&#xD;
2019-09-04 15:57:52 - [TEST_STEP][PASSED] - bij = getText(findTestObject("JIRA/A Relese 6.6/ACTPOL-558/Bijzonderheden")): Text of object 'Object Repository/JIRA/A Relese 6.6/ACTPOL-558/Bijzonderheden' is: 'Bijzonderheden'&#xD;
&#xD;
2019-09-04 15:57:52 - [MESSAGE][PASSED] - Text of object 'Object Repository/JIRA/A Relese 6.6/ACTPOL-558/Bijzonderheden' is: 'Bijzonderheden'&#xD;
&#xD;
2019-09-04 15:57:52 - [TEST_STEP][PASSED] - log.logInfo("Grid is shown contains columns mentioned ::" + bij): Grid is shown contains columns mentioned ::Bijzonderheden&#xD;
&#xD;
2019-09-04 15:57:52 - [MESSAGE][INFO] - Grid is shown contains columns mentioned ::Bijzonderheden&#xD;
&#xD;
2019-09-04 15:57:52 - [TEST_STEP][PASSED] - delay(1): Delayed 1 second(s)&#xD;
&#xD;
2019-09-04 15:57:53 - [MESSAGE][PASSED] - Delayed 1 second(s)&#xD;
&#xD;
2019-09-04 15:57:53 - [TEST_STEP][PASSED] - org = getText(findTestObject("JIRA/A Relese 6.6/ACTPOL-558/Organisatie")): Text of object 'Object Repository/JIRA/A Relese 6.6/ACTPOL-558/Organisatie' is: 'Organisatie'&#xD;
&#xD;
2019-09-04 15:57:54 - [MESSAGE][PASSED] - Text of object 'Object Repository/JIRA/A Relese 6.6/ACTPOL-558/Organisatie' is: 'Organisatie'&#xD;
&#xD;
2019-09-04 15:57:54 - [TEST_STEP][PASSED] - log.logInfo("Grid is shown contains columns mentioned ::" + org): Grid is shown contains columns mentioned ::Organisatie&#xD;
&#xD;
2019-09-04 15:57:54 - [MESSAGE][INFO] - Grid is shown contains columns mentioned ::Organisatie&#xD;
&#xD;
2019-09-04 15:57:54 - [TEST_STEP][PASSED] - delay(1): Delayed 1 second(s)&#xD;
&#xD;
2019-09-04 15:57:55 - [MESSAGE][PASSED] - Delayed 1 second(s)&#xD;
&#xD;
2019-09-04 15:57:55 - [TEST_STEP][PASSED] - con = getText(findTestObject("JIRA/A Relese 6.6/ACTPOL-558/Contact persoon")): Text of object 'Object Repository/JIRA/A Relese 6.6/ACTPOL-558/Contact persoon' is: 'Contact persoon'&#xD;
&#xD;
2019-09-04 15:57:55 - [MESSAGE][PASSED] - Text of object 'Object Repository/JIRA/A Relese 6.6/ACTPOL-558/Contact persoon' is: 'Contact persoon'&#xD;
&#xD;
2019-09-04 15:57:55 - [TEST_STEP][PASSED] - log.logInfo("Grid is shown contains columns mentioned ::" + con): Grid is shown contains columns mentioned ::Contact persoon&#xD;
&#xD;
2019-09-04 15:57:55 - [MESSAGE][INFO] - Grid is shown contains columns mentioned ::Contact persoon&#xD;
&#xD;
2019-09-04 15:57:55 - [TEST_STEP][PASSED] - delay(1): Delayed 1 second(s)&#xD;
&#xD;
2019-09-04 15:57:56 - [MESSAGE][PASSED] - Delayed 1 second(s)&#xD;
&#xD;
2019-09-04 15:57:56 - [TEST_STEP][PASSED] - telefoon = getText(findTestObject("JIRA/A Relese 6.6/ACTPOL-558/Telefoon nummer")): Text of object 'Object Repository/JIRA/A Relese 6.6/ACTPOL-558/Telefoon nummer' is: 'Telefoon nummer'&#xD;
&#xD;
2019-09-04 15:57:57 - [MESSAGE][PASSED] - Text of object 'Object Repository/JIRA/A Relese 6.6/ACTPOL-558/Telefoon nummer' is: 'Telefoon nummer'&#xD;
&#xD;
2019-09-04 15:57:57 - [TEST_STEP][PASSED] - log.logInfo("Grid is shown contains columns mentioned ::" + telefoon): Grid is shown contains columns mentioned ::Telefoon nummer&#xD;
&#xD;
2019-09-04 15:57:57 - [MESSAGE][INFO] - Grid is shown contains columns mentioned ::Telefoon nummer&#xD;
&#xD;
2019-09-04 15:57:57 - [TEST_STEP][PASSED] - delay(1): Delayed 1 second(s)&#xD;
&#xD;
2019-09-04 15:57:58 - [MESSAGE][PASSED] - Delayed 1 second(s)&#xD;
&#xD;
2019-09-04 15:57:58 - [TEST_STEP][PASSED] - voornaam = getText(findTestObject("JIRA/A Relese 6.6/ACTPOL-558/Voornaam")): Text of object 'Object Repository/JIRA/A Relese 6.6/ACTPOL-558/Voornaam' is: 'Voornaam'&#xD;
&#xD;
2019-09-04 15:57:58 - [MESSAGE][PASSED] - Text of object 'Object Repository/JIRA/A Relese 6.6/ACTPOL-558/Voornaam' is: 'Voornaam'&#xD;
&#xD;
2019-09-04 15:57:58 - [TEST_STEP][PASSED] - log.logInfo("Grid is shown contains columns mentioned ::" + voornaam): Grid is shown contains columns mentioned ::Voornaam&#xD;
&#xD;
2019-09-04 15:57:58 - [MESSAGE][INFO] - Grid is shown contains columns mentioned ::Voornaam&#xD;
&#xD;
2019-09-04 15:57:58 - [TEST_STEP][PASSED] - delay(1): Delayed 1 second(s)&#xD;
&#xD;
2019-09-04 15:57:59 - [MESSAGE][PASSED] - Delayed 1 second(s)&#xD;
&#xD;
2019-09-04 15:57:59 - [TEST_STEP][PASSED] - achternaam = getText(findTestObject("JIRA/A Relese 6.6/ACTPOL-558/Achternaam")): Text of object 'Object Repository/JIRA/A Relese 6.6/ACTPOL-558/Achternaam' is: 'Achternaam'&#xD;
&#xD;
2019-09-04 15:58:00 - [MESSAGE][PASSED] - Text of object 'Object Repository/JIRA/A Relese 6.6/ACTPOL-558/Achternaam' is: 'Achternaam'&#xD;
&#xD;
2019-09-04 15:58:00 - [TEST_STEP][PASSED] - log.logInfo("Grid is shown contains columns mentioned ::" + achternaam): Grid is shown contains columns mentioned ::Achternaam&#xD;
&#xD;
2019-09-04 15:58:00 - [MESSAGE][INFO] - Grid is shown contains columns mentioned ::Achternaam&#xD;
&#xD;
2019-09-04 15:58:00 - [TEST_STEP][PASSED] - delay(1): Delayed 1 second(s)&#xD;
&#xD;
2019-09-04 15:58:01 - [MESSAGE][PASSED] - Delayed 1 second(s)&#xD;
&#xD;
2019-09-04 15:58:01 - [TEST_STEP][PASSED] - geb = getText(findTestObject("JIRA/A Relese 6.6/ACTPOL-558/Geboortedatum")): Text of object 'Object Repository/JIRA/A Relese 6.6/ACTPOL-558/Geboortedatum' is: 'Geboortedatum'&#xD;
&#xD;
2019-09-04 15:58:01 - [MESSAGE][PASSED] - Text of object 'Object Repository/JIRA/A Relese 6.6/ACTPOL-558/Geboortedatum' is: 'Geboortedatum'&#xD;
&#xD;
2019-09-04 15:58:01 - [TEST_STEP][PASSED] - log.logInfo("Grid is shown contains columns mentioned ::" + geb): Grid is shown contains columns mentioned ::Geboortedatum&#xD;
&#xD;
2019-09-04 15:58:01 - [MESSAGE][INFO] - Grid is shown contains columns mentioned ::Geboortedatum</system-out>
            <system-err></system-err>
        </testcase>
        <testcase name="Test Cases/JIRA Tasks/Release 6.6/ACTPOL-559" classname="Test Cases/JIRA Tasks/Release 6.6/ACTPOL-559" status="PASSED">
            <system-out>2019-09-04 15:58:01 - [TEST_CASE][PASSED] - Test Cases/JIRA Tasks/Release 6.6/ACTPOL-559: Test Cases/JIRA Tasks/Release 6.6/ACTPOL-559&#xD;
&#xD;
2019-09-04 15:58:02 - [TEST_STEP][PASSED] - callTestCase(findTestCase("main/Actpol_Login_testenv"), [:], STOP_ON_FAILURE): Call Test Case 'Test Cases/main/Actpol_Login_testenv' successfully&#xD;
&#xD;
2019-09-04 15:58:02 - [TEST_CASE][PASSED] - Test Cases/main/Actpol_Login_testenv: Test Cases/main/Actpol_Login_testenv&#xD;
&#xD;
2019-09-04 15:58:02 - [TEST_STEP][PASSED] - openBrowser(""): Browser is opened with url: ''&#xD;
&#xD;
2019-09-04 15:58:02 - [MESSAGE][WARNING] - A browser is already opened. Closing browser and opening a new one&#xD;
&#xD;
2019-09-04 15:58:04 - [MESSAGE][INFO] - Starting 'Chrome' driver&#xD;
&#xD;
2019-09-04 15:58:11 - [MESSAGE][PASSED] - Browser is opened with url: ''&#xD;
&#xD;
2019-09-04 15:58:11 - [TEST_STEP][PASSED] - deleteAllCookies(): Delete all cookies successfully&#xD;
&#xD;
2019-09-04 15:58:11 - [MESSAGE][PASSED] - Delete all cookies successfully&#xD;
&#xD;
2019-09-04 15:58:11 - [TEST_STEP][PASSED] - waitForPageLoad(30): Wait for page load successfully&#xD;
&#xD;
2019-09-04 15:58:11 - [MESSAGE][PASSED] - Wait for page load successfully&#xD;
&#xD;
2019-09-04 15:58:11 - [TEST_STEP][PASSED] - maximizeWindow(): Current window maximized&#xD;
&#xD;
2019-09-04 15:58:12 - [MESSAGE][PASSED] - Current window maximized&#xD;
&#xD;
2019-09-04 15:58:12 - [TEST_STEP][PASSED] - ACTPOLTESTENV = 1: null&#xD;
&#xD;
2019-09-04 15:58:12 - [TEST_STEP][PASSED] - ACTPOLDEVENV = 2: null&#xD;
&#xD;
2019-09-04 15:58:12 - [TEST_STEP][PASSED] - ACTPOLKCENV = 3: null&#xD;
&#xD;
2019-09-04 15:58:12 - [TEST_STEP][PASSED] - ACTPOLKBKPCNENV = 4: null&#xD;
&#xD;
2019-09-04 15:58:12 - [TEST_STEP][PASSED] - ACTPOLKBKMARENV = 5: null&#xD;
&#xD;
2019-09-04 15:58:12 - [TEST_STEP][PASSED] - ACTPOLKMENV = 6: null&#xD;
&#xD;
2019-09-04 15:58:12 - [TEST_STEP][PASSED] - ACTPOLKWENV = 7: null&#xD;
&#xD;
2019-09-04 15:58:12 - [TEST_STEP][PASSED] - environment = ACTPOLDEVENV: null&#xD;
&#xD;
2019-09-04 15:58:12 - [TEST_STEP][PASSED] - Selectenv = &lt;not implemented yet for class: org.codehaus.groovy.ast.expr.EmptyExpression&gt;: null&#xD;
&#xD;
2019-09-04 15:58:12 - [TEST_STEP][PASSED] - switch (environment): null&#xD;
&#xD;
2019-09-04 15:58:12 - [TEST_STEP][PASSED] - case 2:: null&#xD;
&#xD;
2019-09-04 15:58:12 - [TEST_STEP][PASSED] - println(Selectenv = "ACTPOL-DEV-ENV"): null&#xD;
&#xD;
2019-09-04 15:58:12 - [TEST_STEP][PASSED] - navigateToUrl(DEVURL): Navigate to 'http://10.20.10.7:8202/actpoldev/JPOL558/nxmenu.pgm?docnum=604' successfully&#xD;
&#xD;
2019-09-04 15:58:25 - [MESSAGE][PASSED] - Navigate to 'http://10.20.10.7:8202/actpoldev/JPOL558/nxmenu.pgm?docnum=604' successfully&#xD;
&#xD;
2019-09-04 15:58:25 - [TEST_STEP][PASSED] - setText(findTestObject("Actpol_Scripts/login/userid"), username): Text 'vidhya' is set on object 'Object Repository/Actpol_Scripts/login/userid'&#xD;
&#xD;
2019-09-04 15:58:26 - [MESSAGE][PASSED] - Text 'vidhya' is set on object 'Object Repository/Actpol_Scripts/login/userid'&#xD;
&#xD;
2019-09-04 15:58:26 - [TEST_STEP][PASSED] - setMaskedText(findTestObject("Actpol_Scripts/login/password"), password): Text '********' is set on object 'Object Repository/Actpol_Scripts/login/password'&#xD;
&#xD;
2019-09-04 15:58:26 - [MESSAGE][PASSED] - Text '********' is set on object 'Object Repository/Actpol_Scripts/login/password'&#xD;
&#xD;
2019-09-04 15:58:26 - [TEST_STEP][PASSED] - click(findTestObject("Actpol_Scripts/login/login")): Object: 'Object Repository/Actpol_Scripts/login/login' is clicked on&#xD;
&#xD;
2019-09-04 15:58:27 - [MESSAGE][PASSED] - Object: 'Object Repository/Actpol_Scripts/login/login' is clicked on&#xD;
&#xD;
2019-09-04 15:58:27 - [TEST_STEP][PASSED] - getWindowTitle(): Current window's title is: 'Login Page for ACTPOL Developer'&#xD;
&#xD;
2019-09-04 15:58:27 - [MESSAGE][PASSED] - Current window's title is: 'Login Page for ACTPOL Developer'&#xD;
&#xD;
2019-09-04 15:58:27 - [TEST_STEP][PASSED] - break: null&#xD;
&#xD;
2019-09-04 15:58:27 - [MESSAGE][PASSED] - Call Test Case 'Test Cases/main/Actpol_Login_testenv' successfully&#xD;
&#xD;
2019-09-04 15:58:27 - [TEST_STEP][PASSED] - log = new com.kms.katalon.core.logging.KeywordLogger(): null&#xD;
&#xD;
2019-09-04 15:58:27 - [TEST_STEP][PASSED] - mouseOver(findTestObject("Actpol_Scripts/Menu navigation/Opsporing/Opsporing")): Object: 'Object Repository/Actpol_Scripts/Menu navigation/Opsporing/Opsporing' is hovered&#xD;
&#xD;
2019-09-04 15:58:40 - [MESSAGE][PASSED] - Object: 'Object Repository/Actpol_Scripts/Menu navigation/Opsporing/Opsporing' is hovered&#xD;
&#xD;
2019-09-04 15:58:40 - [TEST_STEP][PASSED] - log.logInfo("Successfully logged"): Successfully logged&#xD;
&#xD;
2019-09-04 15:58:40 - [MESSAGE][INFO] - Successfully logged&#xD;
&#xD;
2019-09-04 15:58:40 - [TEST_STEP][PASSED] - delay(2): Delayed 2 second(s)&#xD;
&#xD;
2019-09-04 15:58:42 - [MESSAGE][PASSED] - Delayed 2 second(s)&#xD;
&#xD;
2019-09-04 15:58:42 - [TEST_STEP][PASSED] - click(findTestObject("Actpol_Scripts/Opsporing/MBES18/MBES18 TAB")): Object: 'Object Repository/Actpol_Scripts/Opsporing/MBES18/MBES18 TAB' is clicked on&#xD;
&#xD;
2019-09-04 15:58:47 - [MESSAGE][PASSED] - Object: 'Object Repository/Actpol_Scripts/Opsporing/MBES18/MBES18 TAB' is clicked on&#xD;
&#xD;
2019-09-04 15:58:47 - [TEST_STEP][PASSED] - log.logInfo("Clicking MBES18 tab "): Clicking MBES18 tab &#xD;
&#xD;
2019-09-04 15:58:47 - [MESSAGE][INFO] - Clicking MBES18 tab &#xD;
&#xD;
2019-09-04 15:58:47 - [TEST_STEP][PASSED] - delay(1): Delayed 1 second(s)&#xD;
&#xD;
2019-09-04 15:58:48 - [MESSAGE][PASSED] - Delayed 1 second(s)&#xD;
&#xD;
2019-09-04 15:58:48 - [TEST_STEP][PASSED] - mouseOver(findTestObject("Actpol_Scripts/Menu navigation/Generiek/Generiek")): Object: 'Object Repository/Actpol_Scripts/Menu navigation/Generiek/Generiek' is hovered&#xD;
&#xD;
2019-09-04 15:58:48 - [MESSAGE][PASSED] - Object: 'Object Repository/Actpol_Scripts/Menu navigation/Generiek/Generiek' is hovered&#xD;
&#xD;
2019-09-04 15:58:48 - [TEST_STEP][PASSED] - delay(5): Delayed 5 second(s)&#xD;
&#xD;
2019-09-04 15:58:53 - [MESSAGE][PASSED] - Delayed 5 second(s)&#xD;
&#xD;
2019-09-04 15:58:53 - [TEST_STEP][PASSED] - click(findTestObject("Actpol_Scripts/Opsporing/MBES18/mbes new")): Object: 'Object Repository/Actpol_Scripts/Opsporing/MBES18/mbes new' is clicked on&#xD;
&#xD;
2019-09-04 15:58:54 - [MESSAGE][PASSED] - Object: 'Object Repository/Actpol_Scripts/Opsporing/MBES18/mbes new' is clicked on&#xD;
&#xD;
2019-09-04 15:58:54 - [TEST_STEP][PASSED] - log.logInfo("Clicking MBES18 new button "): Clicking MBES18 new button &#xD;
&#xD;
2019-09-04 15:58:54 - [MESSAGE][INFO] - Clicking MBES18 new button &#xD;
&#xD;
2019-09-04 15:58:54 - [TEST_STEP][PASSED] - delay(1): Delayed 1 second(s)&#xD;
&#xD;
2019-09-04 15:58:55 - [MESSAGE][PASSED] - Delayed 1 second(s)&#xD;
&#xD;
2019-09-04 15:58:55 - [TEST_STEP][PASSED] - takeScreenshot(): Taking screenshot successfully&#xD;
&#xD;
2019-09-04 15:58:56 - [MESSAGE][PASSED] - Taking screenshot successfully&#xD;
[[ATTACHMENT|C:\\Users\\user4\\git\\ACTPOL\\Reports\\20190904_155546\\test\\6.6\\20190904_155612\\1567592935832.png]]&#xD;
&#xD;
2019-09-04 15:58:56 - [TEST_STEP][PASSED] - delay(1): Delayed 1 second(s)&#xD;
&#xD;
2019-09-04 15:58:57 - [MESSAGE][PASSED] - Delayed 1 second(s)&#xD;
&#xD;
2019-09-04 15:58:57 - [TEST_STEP][PASSED] - comment("Checking This should contain tab registratie, Personalia, Inbewaringstellings c.q. Plaatsingegevens, Gedrag/Medisch, Incidenten, Overige gegevens, Bezittingen/Bagage, Documenten. "): Checking This should contain tab registratie, Personalia, Inbewaringstellings c.q. Plaatsingegevens, Gedrag/Medisch, Incidenten, Overige gegevens, Bezittingen/Bagage, Documenten. &#xD;
&#xD;
2019-09-04 15:58:57 - [MESSAGE][INFO] - Checking This should contain tab registratie, Personalia, Inbewaringstellings c.q. Plaatsingegevens, Gedrag/Medisch, Incidenten, Overige gegevens, Bezittingen/Bagage, Documenten. &#xD;
&#xD;
2019-09-04 15:58:57 - [TEST_STEP][PASSED] - reg = getText(findTestObject("Actpol_Scripts/Opsporing/MBES18/Registratie tab")): Text of object 'Object Repository/Actpol_Scripts/Opsporing/MBES18/Registratie tab' is: 'Registratie'&#xD;
&#xD;
2019-09-04 15:58:57 - [MESSAGE][PASSED] - Text of object 'Object Repository/Actpol_Scripts/Opsporing/MBES18/Registratie tab' is: 'Registratie'&#xD;
&#xD;
2019-09-04 15:58:57 - [TEST_STEP][PASSED] - log.logInfo("Grid is shown contains tabs mentioned ::" + reg): Grid is shown contains tabs mentioned ::Registratie&#xD;
&#xD;
2019-09-04 15:58:57 - [MESSAGE][INFO] - Grid is shown contains tabs mentioned ::Registratie&#xD;
&#xD;
2019-09-04 15:58:57 - [TEST_STEP][PASSED] - delay(1): Delayed 1 second(s)&#xD;
&#xD;
2019-09-04 15:58:58 - [MESSAGE][PASSED] - Delayed 1 second(s)&#xD;
&#xD;
2019-09-04 15:58:58 - [TEST_STEP][PASSED] - per = getText(findTestObject("Actpol_Scripts/Opsporing/MBES18/Personalia tab")): Text of object 'Object Repository/Actpol_Scripts/Opsporing/MBES18/Personalia tab' is: 'Personalia'&#xD;
&#xD;
2019-09-04 15:58:59 - [MESSAGE][PASSED] - Text of object 'Object Repository/Actpol_Scripts/Opsporing/MBES18/Personalia tab' is: 'Personalia'&#xD;
&#xD;
2019-09-04 15:58:59 - [TEST_STEP][PASSED] - log.logInfo("Grid is shown contains columns mentioned ::" + per): Grid is shown contains columns mentioned ::Personalia&#xD;
&#xD;
2019-09-04 15:58:59 - [MESSAGE][INFO] - Grid is shown contains columns mentioned ::Personalia&#xD;
&#xD;
2019-09-04 15:58:59 - [TEST_STEP][PASSED] - delay(1): Delayed 1 second(s)&#xD;
&#xD;
2019-09-04 15:59:00 - [MESSAGE][PASSED] - Delayed 1 second(s)&#xD;
&#xD;
2019-09-04 15:59:00 - [TEST_STEP][PASSED] - inb = getText(findTestObject("Actpol_Scripts/Opsporing/MBES18/3 INBEWARINGSTELLINGS_C.Q._PLAATSINGSGEGEVENS/INBEWARINGSTELLINGS C.Q. PLAATSINGSGEGEVENS tab")): Text of object 'Object Repository/Actpol_Scripts/Opsporing/MBES18/3 INBEWARINGSTELLINGS_C.Q._PLAATSINGSGEGEVENS/INBEWARINGSTELLINGS C.Q. PLAATSINGSGEGEVENS tab' is: 'INBEWARINGSTELLINGS C.Q. PLAATSINGSGEGEVENS'&#xD;
&#xD;
2019-09-04 15:59:00 - [MESSAGE][PASSED] - Text of object 'Object Repository/Actpol_Scripts/Opsporing/MBES18/3 INBEWARINGSTELLINGS_C.Q._PLAATSINGSGEGEVENS/INBEWARINGSTELLINGS C.Q. PLAATSINGSGEGEVENS tab' is: 'INBEWARINGSTELLINGS C.Q. PLAATSINGSGEGEVENS'&#xD;
&#xD;
2019-09-04 15:59:00 - [TEST_STEP][PASSED] - log.logInfo("Grid is shown contains columns mentioned ::" + inb): Grid is shown contains columns mentioned ::INBEWARINGSTELLINGS C.Q. PLAATSINGSGEGEVENS&#xD;
&#xD;
2019-09-04 15:59:00 - [MESSAGE][INFO] - Grid is shown contains columns mentioned ::INBEWARINGSTELLINGS C.Q. PLAATSINGSGEGEVENS&#xD;
&#xD;
2019-09-04 15:59:00 - [TEST_STEP][PASSED] - delay(1): Delayed 1 second(s)&#xD;
&#xD;
2019-09-04 15:59:01 - [MESSAGE][PASSED] - Delayed 1 second(s)&#xD;
&#xD;
2019-09-04 15:59:01 - [TEST_STEP][PASSED] - ged = getText(findTestObject("Actpol_Scripts/Opsporing/MBES18/4 GEDRAG_MEDISCH/GEDRAG MEDISCH tab")): Text of object 'Object Repository/Actpol_Scripts/Opsporing/MBES18/4 GEDRAG_MEDISCH/GEDRAG MEDISCH tab' is: 'GEDRAG/MEDISCH'&#xD;
&#xD;
2019-09-04 15:59:02 - [MESSAGE][PASSED] - Text of object 'Object Repository/Actpol_Scripts/Opsporing/MBES18/4 GEDRAG_MEDISCH/GEDRAG MEDISCH tab' is: 'GEDRAG/MEDISCH'&#xD;
&#xD;
2019-09-04 15:59:02 - [TEST_STEP][PASSED] - log.logInfo("Grid is shown contains columns mentioned ::" + ged): Grid is shown contains columns mentioned ::GEDRAG/MEDISCH&#xD;
&#xD;
2019-09-04 15:59:02 - [MESSAGE][INFO] - Grid is shown contains columns mentioned ::GEDRAG/MEDISCH&#xD;
&#xD;
2019-09-04 15:59:02 - [TEST_STEP][PASSED] - delay(1): Delayed 1 second(s)&#xD;
&#xD;
2019-09-04 15:59:03 - [MESSAGE][PASSED] - Delayed 1 second(s)&#xD;
&#xD;
2019-09-04 15:59:03 - [TEST_STEP][PASSED] - inc = getText(findTestObject("Actpol_Scripts/Opsporing/MBES18/5 INCIDENTEN/INCIDENTEN tab")): Text of object 'Object Repository/Actpol_Scripts/Opsporing/MBES18/5 INCIDENTEN/INCIDENTEN tab' is: 'INCIDENTEN'&#xD;
&#xD;
2019-09-04 15:59:03 - [MESSAGE][PASSED] - Text of object 'Object Repository/Actpol_Scripts/Opsporing/MBES18/5 INCIDENTEN/INCIDENTEN tab' is: 'INCIDENTEN'&#xD;
&#xD;
2019-09-04 15:59:03 - [TEST_STEP][PASSED] - log.logInfo("Grid is shown contains columns mentioned ::" + inc): Grid is shown contains columns mentioned ::INCIDENTEN&#xD;
&#xD;
2019-09-04 15:59:03 - [MESSAGE][INFO] - Grid is shown contains columns mentioned ::INCIDENTEN&#xD;
&#xD;
2019-09-04 15:59:03 - [TEST_STEP][PASSED] - delay(1): Delayed 1 second(s)&#xD;
&#xD;
2019-09-04 15:59:04 - [MESSAGE][PASSED] - Delayed 1 second(s)&#xD;
&#xD;
2019-09-04 15:59:04 - [TEST_STEP][PASSED] - over = getText(findTestObject("Actpol_Scripts/Opsporing/MBES18/6 Overige gegevens/OVERIGE GEGEVENS tab")): Text of object 'Object Repository/Actpol_Scripts/Opsporing/MBES18/6 Overige gegevens/OVERIGE GEGEVENS tab' is: 'OVERIGE GEGEVENS'&#xD;
&#xD;
2019-09-04 15:59:04 - [MESSAGE][PASSED] - Text of object 'Object Repository/Actpol_Scripts/Opsporing/MBES18/6 Overige gegevens/OVERIGE GEGEVENS tab' is: 'OVERIGE GEGEVENS'&#xD;
&#xD;
2019-09-04 15:59:04 - [TEST_STEP][PASSED] - log.logInfo("Grid is shown contains columns mentioned ::" + over): Grid is shown contains columns mentioned ::OVERIGE GEGEVENS&#xD;
&#xD;
2019-09-04 15:59:04 - [MESSAGE][INFO] - Grid is shown contains columns mentioned ::OVERIGE GEGEVENS&#xD;
&#xD;
2019-09-04 15:59:04 - [TEST_STEP][PASSED] - delay(1): Delayed 1 second(s)&#xD;
&#xD;
2019-09-04 15:59:05 - [MESSAGE][PASSED] - Delayed 1 second(s)&#xD;
&#xD;
2019-09-04 15:59:05 - [TEST_STEP][PASSED] - begi = getText(findTestObject("Actpol_Scripts/Opsporing/MBES18/BEZITTINGEN_BAGAGE tab")): Text of object 'Object Repository/Actpol_Scripts/Opsporing/MBES18/BEZITTINGEN_BAGAGE tab' is: 'BEZITTINGEN/BAGAGE'&#xD;
&#xD;
2019-09-04 15:59:06 - [MESSAGE][PASSED] - Text of object 'Object Repository/Actpol_Scripts/Opsporing/MBES18/BEZITTINGEN_BAGAGE tab' is: 'BEZITTINGEN/BAGAGE'&#xD;
&#xD;
2019-09-04 15:59:06 - [TEST_STEP][PASSED] - log.logInfo("Grid is shown contains columns mentioned ::" + begi): Grid is shown contains columns mentioned ::BEZITTINGEN/BAGAGE&#xD;
&#xD;
2019-09-04 15:59:06 - [MESSAGE][INFO] - Grid is shown contains columns mentioned ::BEZITTINGEN/BAGAGE&#xD;
&#xD;
2019-09-04 15:59:06 - [TEST_STEP][PASSED] - delay(1): Delayed 1 second(s)&#xD;
&#xD;
2019-09-04 15:59:07 - [MESSAGE][PASSED] - Delayed 1 second(s)&#xD;
&#xD;
2019-09-04 15:59:07 - [TEST_STEP][PASSED] - comment("Data entering in Registratie tab"): Data entering in Registratie tab&#xD;
&#xD;
2019-09-04 15:59:07 - [MESSAGE][INFO] - Data entering in Registratie tab&#xD;
&#xD;
2019-09-04 15:59:07 - [TEST_STEP][PASSED] - delay(1): Delayed 1 second(s)&#xD;
&#xD;
2019-09-04 15:59:08 - [MESSAGE][PASSED] - Delayed 1 second(s)&#xD;
&#xD;
2019-09-04 15:59:08 - [TEST_STEP][PASSED] - click(findTestObject("Actpol_Scripts/Opsporing/MBES18/Registratie new")): Object: 'Object Repository/Actpol_Scripts/Opsporing/MBES18/Registratie new' is clicked on&#xD;
&#xD;
2019-09-04 15:59:08 - [MESSAGE][PASSED] - Object: 'Object Repository/Actpol_Scripts/Opsporing/MBES18/Registratie new' is clicked on&#xD;
&#xD;
2019-09-04 15:59:09 - [TEST_STEP][PASSED] - delay(1): Delayed 1 second(s)&#xD;
&#xD;
2019-09-04 15:59:10 - [MESSAGE][PASSED] - Delayed 1 second(s)&#xD;
&#xD;
2019-09-04 15:59:10 - [TEST_STEP][PASSED] - click(findTestObject("Actpol_Scripts/Opsporing/MBES18/1 Registratie/Registratie save")): Object: 'Object Repository/Actpol_Scripts/Opsporing/MBES18/1 Registratie/Registratie save' is clicked on&#xD;
&#xD;
2019-09-04 15:59:10 - [MESSAGE][PASSED] - Object: 'Object Repository/Actpol_Scripts/Opsporing/MBES18/1 Registratie/Registratie save' is clicked on&#xD;
&#xD;
2019-09-04 15:59:10 - [TEST_STEP][PASSED] - delay(3): Delayed 3 second(s)&#xD;
&#xD;
2019-09-04 15:59:13 - [MESSAGE][PASSED] - Delayed 3 second(s)&#xD;
&#xD;
2019-09-04 15:59:13 - [TEST_STEP][PASSED] - takeScreenshot(): Taking screenshot successfully&#xD;
&#xD;
2019-09-04 15:59:13 - [MESSAGE][PASSED] - Taking screenshot successfully&#xD;
[[ATTACHMENT|C:\\Users\\user4\\git\\ACTPOL\\Reports\\20190904_155546\\test\\6.6\\20190904_155612\\1567592953589.png]]&#xD;
&#xD;
2019-09-04 15:59:14 - [TEST_STEP][PASSED] - log.logInfo("without throwing error data is saved the grid..."): without throwing error data is saved the grid...&#xD;
&#xD;
2019-09-04 15:59:14 - [MESSAGE][INFO] - without throwing error data is saved the grid...&#xD;
&#xD;
2019-09-04 15:59:14 - [TEST_STEP][PASSED] - log.logInfo("not getting error message"): not getting error message&#xD;
&#xD;
2019-09-04 15:59:14 - [MESSAGE][INFO] - not getting error message&#xD;
&#xD;
2019-09-04 15:59:14 - [TEST_STEP][PASSED] - click(findTestObject("Actpol_Scripts/Opsporing/MBES18/Registratie new")): Object: 'Object Repository/Actpol_Scripts/Opsporing/MBES18/Registratie new' is clicked on&#xD;
&#xD;
2019-09-04 15:59:14 - [MESSAGE][PASSED] - Object: 'Object Repository/Actpol_Scripts/Opsporing/MBES18/Registratie new' is clicked on&#xD;
&#xD;
2019-09-04 15:59:14 - [TEST_STEP][PASSED] - delay(1): Delayed 1 second(s)&#xD;
&#xD;
2019-09-04 15:59:15 - [MESSAGE][PASSED] - Delayed 1 second(s)&#xD;
&#xD;
2019-09-04 15:59:15 - [TEST_STEP][PASSED] - selectOptionByLabel(findTestObject("Actpol_Scripts/Opsporing/MBES18/1 Registratie/Registratie van 1"), "KORPS POLITIE CURACAO", false): All options with label 'KORPS POLITIE CURACAO' are selected in object 'Object Repository/Actpol_Scripts/Opsporing/MBES18/1 Registratie/Registratie van 1' &#xD;
&#xD;
2019-09-04 15:59:16 - [MESSAGE][PASSED] - All options with label 'KORPS POLITIE CURACAO' are selected in object 'Object Repository/Actpol_Scripts/Opsporing/MBES18/1 Registratie/Registratie van 1' &#xD;
&#xD;
2019-09-04 15:59:16 - [TEST_STEP][PASSED] - delay(1): Delayed 1 second(s)&#xD;
&#xD;
2019-09-04 15:59:17 - [MESSAGE][PASSED] - Delayed 1 second(s)&#xD;
&#xD;
2019-09-04 15:59:17 - [TEST_STEP][PASSED] - selectOptionByLabel(findTestObject("Actpol_Scripts/Opsporing/MBES18/1 Registratie/Registratie Naar 1"), "OPENBARE MINISTERIE", false): All options with label 'OPENBARE MINISTERIE' are selected in object 'Object Repository/Actpol_Scripts/Opsporing/MBES18/1 Registratie/Registratie Naar 1' &#xD;
&#xD;
2019-09-04 15:59:17 - [MESSAGE][PASSED] - All options with label 'OPENBARE MINISTERIE' are selected in object 'Object Repository/Actpol_Scripts/Opsporing/MBES18/1 Registratie/Registratie Naar 1' &#xD;
&#xD;
2019-09-04 15:59:17 - [TEST_STEP][PASSED] - delay(1): Delayed 1 second(s)&#xD;
&#xD;
2019-09-04 15:59:18 - [MESSAGE][PASSED] - Delayed 1 second(s)&#xD;
&#xD;
2019-09-04 15:59:18 - [TEST_STEP][PASSED] - selectOptionByLabel(findTestObject("Actpol_Scripts/Opsporing/MBES18/1 Registratie/Registratie van 2"), "AMBULANCE", false): All options with label 'AMBULANCE' are selected in object 'Object Repository/Actpol_Scripts/Opsporing/MBES18/1 Registratie/Registratie van 2' &#xD;
&#xD;
2019-09-04 15:59:19 - [MESSAGE][PASSED] - All options with label 'AMBULANCE' are selected in object 'Object Repository/Actpol_Scripts/Opsporing/MBES18/1 Registratie/Registratie van 2' &#xD;
&#xD;
2019-09-04 15:59:19 - [TEST_STEP][PASSED] - delay(1): Delayed 1 second(s)&#xD;
&#xD;
2019-09-04 15:59:20 - [MESSAGE][PASSED] - Delayed 1 second(s)&#xD;
&#xD;
2019-09-04 15:59:20 - [TEST_STEP][PASSED] - selectOptionByLabel(findTestObject("Actpol_Scripts/Opsporing/MBES18/1 Registratie/Registratie Naar 2"), "SKS", false): All options with label 'SKS' are selected in object 'Object Repository/Actpol_Scripts/Opsporing/MBES18/1 Registratie/Registratie Naar 2' &#xD;
&#xD;
2019-09-04 15:59:20 - [MESSAGE][PASSED] - All options with label 'SKS' are selected in object 'Object Repository/Actpol_Scripts/Opsporing/MBES18/1 Registratie/Registratie Naar 2' &#xD;
&#xD;
2019-09-04 15:59:20 - [TEST_STEP][PASSED] - delay(1): Delayed 1 second(s)&#xD;
&#xD;
2019-09-04 15:59:21 - [MESSAGE][PASSED] - Delayed 1 second(s)&#xD;
&#xD;
2019-09-04 15:59:21 - [TEST_STEP][PASSED] - setText(findTestObject("Actpol_Scripts/Opsporing/MBES18/1 Registratie/Behandeld door"), "Katalon testing :: Behandeld door"): Text 'Katalon testing :: Behandeld door' is set on object 'Object Repository/Actpol_Scripts/Opsporing/MBES18/1 Registratie/Behandeld door'&#xD;
&#xD;
2019-09-04 15:59:23 - [MESSAGE][PASSED] - Text 'Katalon testing :: Behandeld door' is set on object 'Object Repository/Actpol_Scripts/Opsporing/MBES18/1 Registratie/Behandeld door'&#xD;
&#xD;
2019-09-04 15:59:23 - [TEST_STEP][PASSED] - delay(1): Delayed 1 second(s)&#xD;
&#xD;
2019-09-04 15:59:24 - [MESSAGE][PASSED] - Delayed 1 second(s)&#xD;
&#xD;
2019-09-04 15:59:24 - [TEST_STEP][PASSED] - setText(findTestObject("Actpol_Scripts/Opsporing/MBES18/1 Registratie/Telefoon"), "123456789"): Text '123456789' is set on object 'Object Repository/Actpol_Scripts/Opsporing/MBES18/1 Registratie/Telefoon'&#xD;
&#xD;
2019-09-04 15:59:24 - [MESSAGE][PASSED] - Text '123456789' is set on object 'Object Repository/Actpol_Scripts/Opsporing/MBES18/1 Registratie/Telefoon'&#xD;
&#xD;
2019-09-04 15:59:24 - [TEST_STEP][PASSED] - delay(1): Delayed 1 second(s)&#xD;
&#xD;
2019-09-04 15:59:25 - [MESSAGE][PASSED] - Delayed 1 second(s)&#xD;
&#xD;
2019-09-04 15:59:25 - [TEST_STEP][PASSED] - setText(findTestObject("Actpol_Scripts/Opsporing/MBES18/1 Registratie/E-Mail"), "test@gmail.com"): Text 'test@gmail.com' is set on object 'Object Repository/Actpol_Scripts/Opsporing/MBES18/1 Registratie/E-Mail'&#xD;
&#xD;
2019-09-04 15:59:26 - [MESSAGE][PASSED] - Text 'test@gmail.com' is set on object 'Object Repository/Actpol_Scripts/Opsporing/MBES18/1 Registratie/E-Mail'&#xD;
&#xD;
2019-09-04 15:59:26 - [TEST_STEP][PASSED] - delay(1): Delayed 1 second(s)&#xD;
&#xD;
2019-09-04 15:59:27 - [MESSAGE][PASSED] - Delayed 1 second(s)&#xD;
&#xD;
2019-09-04 15:59:27 - [TEST_STEP][PASSED] - setText(findTestObject("Actpol_Scripts/Opsporing/MBES18/1 Registratie/Datum"), "23/08/2019"): Text '23/08/2019' is set on object 'Object Repository/Actpol_Scripts/Opsporing/MBES18/1 Registratie/Datum'&#xD;
&#xD;
2019-09-04 15:59:28 - [MESSAGE][PASSED] - Text '23/08/2019' is set on object 'Object Repository/Actpol_Scripts/Opsporing/MBES18/1 Registratie/Datum'&#xD;
&#xD;
2019-09-04 15:59:28 - [TEST_STEP][PASSED] - delay(1): Delayed 1 second(s)&#xD;
&#xD;
2019-09-04 15:59:29 - [MESSAGE][PASSED] - Delayed 1 second(s)&#xD;
&#xD;
2019-09-04 15:59:29 - [TEST_STEP][PASSED] - click(findTestObject("Actpol_Scripts/Opsporing/MBES18/1 Registratie/Registratie save")): Object: 'Object Repository/Actpol_Scripts/Opsporing/MBES18/1 Registratie/Registratie save' is clicked on&#xD;
&#xD;
2019-09-04 15:59:29 - [MESSAGE][PASSED] - Object: 'Object Repository/Actpol_Scripts/Opsporing/MBES18/1 Registratie/Registratie save' is clicked on&#xD;
&#xD;
2019-09-04 15:59:29 - [TEST_STEP][PASSED] - delay(1): Delayed 1 second(s)&#xD;
&#xD;
2019-09-04 15:59:30 - [MESSAGE][PASSED] - Delayed 1 second(s)&#xD;
&#xD;
2019-09-04 15:59:30 - [TEST_STEP][PASSED] - takeScreenshot(): Taking screenshot successfully&#xD;
&#xD;
2019-09-04 15:59:31 - [MESSAGE][PASSED] - Taking screenshot successfully&#xD;
[[ATTACHMENT|C:\\Users\\user4\\git\\ACTPOL\\Reports\\20190904_155546\\test\\6.6\\20190904_155612\\1567592970772.png]]&#xD;
&#xD;
2019-09-04 15:59:31 - [TEST_STEP][PASSED] - delay(1): Delayed 1 second(s)&#xD;
&#xD;
2019-09-04 15:59:32 - [MESSAGE][PASSED] - Delayed 1 second(s)&#xD;
&#xD;
2019-09-04 15:59:32 - [TEST_STEP][PASSED] - comment("Editing existing record in Registratie"): Editing existing record in Registratie&#xD;
&#xD;
2019-09-04 15:59:32 - [MESSAGE][INFO] - Editing existing record in Registratie&#xD;
&#xD;
2019-09-04 15:59:32 - [TEST_STEP][PASSED] - click(findTestObject("JIRA/A Relese 6.6/ACTPOL-559/edit existing record in registratie")): Object: 'Object Repository/JIRA/A Relese 6.6/ACTPOL-559/edit existing record in registratie' is clicked on&#xD;
&#xD;
2019-09-04 15:59:32 - [MESSAGE][PASSED] - Object: 'Object Repository/JIRA/A Relese 6.6/ACTPOL-559/edit existing record in registratie' is clicked on&#xD;
&#xD;
2019-09-04 15:59:32 - [TEST_STEP][PASSED] - delay(2): Delayed 2 second(s)&#xD;
&#xD;
2019-09-04 15:59:34 - [MESSAGE][PASSED] - Delayed 2 second(s)&#xD;
&#xD;
2019-09-04 15:59:34 - [TEST_STEP][PASSED] - selectOptionByLabel(findTestObject("Actpol_Scripts/Opsporing/MBES18/1 Registratie/Registratie van 1"), "KORPS POLITIE CURACAO", false): All options with label 'KORPS POLITIE CURACAO' are selected in object 'Object Repository/Actpol_Scripts/Opsporing/MBES18/1 Registratie/Registratie van 1' &#xD;
&#xD;
2019-09-04 15:59:35 - [MESSAGE][PASSED] - All options with label 'KORPS POLITIE CURACAO' are selected in object 'Object Repository/Actpol_Scripts/Opsporing/MBES18/1 Registratie/Registratie van 1' &#xD;
&#xD;
2019-09-04 15:59:35 - [TEST_STEP][PASSED] - delay(1): Delayed 1 second(s)&#xD;
&#xD;
2019-09-04 15:59:36 - [MESSAGE][PASSED] - Delayed 1 second(s)&#xD;
&#xD;
2019-09-04 15:59:36 - [TEST_STEP][PASSED] - selectOptionByLabel(findTestObject("Actpol_Scripts/Opsporing/MBES18/1 Registratie/Registratie Naar 1"), "OPENBARE MINISTERIE", false): All options with label 'OPENBARE MINISTERIE' are selected in object 'Object Repository/Actpol_Scripts/Opsporing/MBES18/1 Registratie/Registratie Naar 1' &#xD;
&#xD;
2019-09-04 15:59:36 - [MESSAGE][PASSED] - All options with label 'OPENBARE MINISTERIE' are selected in object 'Object Repository/Actpol_Scripts/Opsporing/MBES18/1 Registratie/Registratie Naar 1' &#xD;
&#xD;
2019-09-04 15:59:36 - [TEST_STEP][PASSED] - delay(1): Delayed 1 second(s)&#xD;
&#xD;
2019-09-04 15:59:37 - [MESSAGE][PASSED] - Delayed 1 second(s)&#xD;
&#xD;
2019-09-04 15:59:37 - [TEST_STEP][PASSED] - selectOptionByLabel(findTestObject("Actpol_Scripts/Opsporing/MBES18/1 Registratie/Registratie van 2"), "AMBULANCE", false): All options with label 'AMBULANCE' are selected in object 'Object Repository/Actpol_Scripts/Opsporing/MBES18/1 Registratie/Registratie van 2' &#xD;
&#xD;
2019-09-04 15:59:38 - [MESSAGE][PASSED] - All options with label 'AMBULANCE' are selected in object 'Object Repository/Actpol_Scripts/Opsporing/MBES18/1 Registratie/Registratie van 2' &#xD;
&#xD;
2019-09-04 15:59:38 - [TEST_STEP][PASSED] - delay(1): Delayed 1 second(s)&#xD;
&#xD;
2019-09-04 15:59:39 - [MESSAGE][PASSED] - Delayed 1 second(s)&#xD;
&#xD;
2019-09-04 15:59:39 - [TEST_STEP][PASSED] - selectOptionByLabel(findTestObject("Actpol_Scripts/Opsporing/MBES18/1 Registratie/Registratie Naar 2"), "SKS", false): All options with label 'SKS' are selected in object 'Object Repository/Actpol_Scripts/Opsporing/MBES18/1 Registratie/Registratie Naar 2' &#xD;
&#xD;
2019-09-04 15:59:39 - [MESSAGE][PASSED] - All options with label 'SKS' are selected in object 'Object Repository/Actpol_Scripts/Opsporing/MBES18/1 Registratie/Registratie Naar 2' &#xD;
&#xD;
2019-09-04 15:59:39 - [TEST_STEP][PASSED] - delay(1): Delayed 1 second(s)&#xD;
&#xD;
2019-09-04 15:59:40 - [MESSAGE][PASSED] - Delayed 1 second(s)&#xD;
&#xD;
2019-09-04 15:59:40 - [TEST_STEP][PASSED] - setText(findTestObject("Actpol_Scripts/Opsporing/MBES18/1 Registratie/Behandeld door"), "Katalon testing :: Behandeld door"): Text 'Katalon testing :: Behandeld door' is set on object 'Object Repository/Actpol_Scripts/Opsporing/MBES18/1 Registratie/Behandeld door'&#xD;
&#xD;
2019-09-04 15:59:41 - [MESSAGE][PASSED] - Text 'Katalon testing :: Behandeld door' is set on object 'Object Repository/Actpol_Scripts/Opsporing/MBES18/1 Registratie/Behandeld door'&#xD;
&#xD;
2019-09-04 15:59:41 - [TEST_STEP][PASSED] - delay(1): Delayed 1 second(s)&#xD;
&#xD;
2019-09-04 15:59:42 - [MESSAGE][PASSED] - Delayed 1 second(s)&#xD;
&#xD;
2019-09-04 15:59:42 - [TEST_STEP][PASSED] - setText(findTestObject("Actpol_Scripts/Opsporing/MBES18/1 Registratie/Telefoon"), "123456789"): Text '123456789' is set on object 'Object Repository/Actpol_Scripts/Opsporing/MBES18/1 Registratie/Telefoon'&#xD;
&#xD;
2019-09-04 15:59:43 - [MESSAGE][PASSED] - Text '123456789' is set on object 'Object Repository/Actpol_Scripts/Opsporing/MBES18/1 Registratie/Telefoon'&#xD;
&#xD;
2019-09-04 15:59:43 - [TEST_STEP][PASSED] - delay(1): Delayed 1 second(s)&#xD;
&#xD;
2019-09-04 15:59:44 - [MESSAGE][PASSED] - Delayed 1 second(s)&#xD;
&#xD;
2019-09-04 15:59:44 - [TEST_STEP][PASSED] - setText(findTestObject("Actpol_Scripts/Opsporing/MBES18/1 Registratie/E-Mail"), "test@gmail.com"): Text 'test@gmail.com' is set on object 'Object Repository/Actpol_Scripts/Opsporing/MBES18/1 Registratie/E-Mail'&#xD;
&#xD;
2019-09-04 15:59:45 - [MESSAGE][PASSED] - Text 'test@gmail.com' is set on object 'Object Repository/Actpol_Scripts/Opsporing/MBES18/1 Registratie/E-Mail'&#xD;
&#xD;
2019-09-04 15:59:45 - [TEST_STEP][PASSED] - delay(1): Delayed 1 second(s)&#xD;
&#xD;
2019-09-04 15:59:46 - [MESSAGE][PASSED] - Delayed 1 second(s)&#xD;
&#xD;
2019-09-04 15:59:46 - [TEST_STEP][PASSED] - setText(findTestObject("Actpol_Scripts/Opsporing/MBES18/1 Registratie/Datum"), "25/10/2019"): Text '25/10/2019' is set on object 'Object Repository/Actpol_Scripts/Opsporing/MBES18/1 Registratie/Datum'&#xD;
&#xD;
2019-09-04 15:59:46 - [MESSAGE][PASSED] - Text '25/10/2019' is set on object 'Object Repository/Actpol_Scripts/Opsporing/MBES18/1 Registratie/Datum'&#xD;
&#xD;
2019-09-04 15:59:46 - [TEST_STEP][PASSED] - delay(1): Delayed 1 second(s)&#xD;
&#xD;
2019-09-04 15:59:47 - [MESSAGE][PASSED] - Delayed 1 second(s)&#xD;
&#xD;
2019-09-04 15:59:47 - [TEST_STEP][PASSED] - click(findTestObject("Actpol_Scripts/Opsporing/MBES18/1 Registratie/Registratie save")): Object: 'Object Repository/Actpol_Scripts/Opsporing/MBES18/1 Registratie/Registratie save' is clicked on&#xD;
&#xD;
2019-09-04 15:59:48 - [MESSAGE][PASSED] - Object: 'Object Repository/Actpol_Scripts/Opsporing/MBES18/1 Registratie/Registratie save' is clicked on&#xD;
&#xD;
2019-09-04 15:59:48 - [TEST_STEP][PASSED] - log.logInfo("edit mode working fine "): edit mode working fine &#xD;
&#xD;
2019-09-04 15:59:48 - [MESSAGE][INFO] - edit mode working fine &#xD;
&#xD;
2019-09-04 15:59:48 - [TEST_STEP][PASSED] - delay(1): Delayed 1 second(s)&#xD;
&#xD;
2019-09-04 15:59:49 - [MESSAGE][PASSED] - Delayed 1 second(s)&#xD;
&#xD;
2019-09-04 15:59:49 - [TEST_STEP][PASSED] - comment("View existing record in Registratie"): View existing record in Registratie&#xD;
&#xD;
2019-09-04 15:59:49 - [MESSAGE][INFO] - View existing record in Registratie&#xD;
&#xD;
2019-09-04 15:59:49 - [TEST_STEP][PASSED] - delay(1): Delayed 1 second(s)&#xD;
&#xD;
2019-09-04 15:59:50 - [MESSAGE][PASSED] - Delayed 1 second(s)&#xD;
&#xD;
2019-09-04 15:59:50 - [TEST_STEP][PASSED] - click(findTestObject("JIRA/A Relese 6.6/ACTPOL-559/View existing record")): Object: 'Object Repository/JIRA/A Relese 6.6/ACTPOL-559/View existing record' is clicked on&#xD;
&#xD;
2019-09-04 15:59:50 - [MESSAGE][PASSED] - Object: 'Object Repository/JIRA/A Relese 6.6/ACTPOL-559/View existing record' is clicked on&#xD;
&#xD;
2019-09-04 15:59:50 - [TEST_STEP][PASSED] - log.logInfo("View mode is displaying new button "): View mode is displaying new button &#xD;
&#xD;
2019-09-04 15:59:50 - [MESSAGE][INFO] - View mode is displaying new button &#xD;
&#xD;
2019-09-04 15:59:50 - [TEST_STEP][PASSED] - delay(1): Delayed 1 second(s)&#xD;
&#xD;
2019-09-04 15:59:51 - [MESSAGE][PASSED] - Delayed 1 second(s)&#xD;
&#xD;
2019-09-04 15:59:51 - [TEST_STEP][PASSED] - takeScreenshot(): Taking screenshot successfully&#xD;
&#xD;
2019-09-04 15:59:52 - [MESSAGE][PASSED] - Taking screenshot successfully&#xD;
[[ATTACHMENT|C:\\Users\\user4\\git\\ACTPOL\\Reports\\20190904_155546\\test\\6.6\\20190904_155612\\1567592991722.png]]&#xD;
&#xD;
2019-09-04 15:59:52 - [TEST_STEP][PASSED] - delay(1): Delayed 1 second(s)&#xD;
&#xD;
2019-09-04 15:59:53 - [MESSAGE][PASSED] - Delayed 1 second(s)&#xD;
&#xD;
2019-09-04 15:59:53 - [TEST_STEP][PASSED] - click(findTestObject("JIRA/A Relese 6.6/ACTPOL-559/View mode close btn")): Object: 'Object Repository/JIRA/A Relese 6.6/ACTPOL-559/View mode close btn' is clicked on&#xD;
&#xD;
2019-09-04 15:59:54 - [MESSAGE][PASSED] - Object: 'Object Repository/JIRA/A Relese 6.6/ACTPOL-559/View mode close btn' is clicked on&#xD;
&#xD;
2019-09-04 15:59:54 - [TEST_STEP][PASSED] - delay(1): Delayed 1 second(s)&#xD;
&#xD;
2019-09-04 15:59:55 - [MESSAGE][PASSED] - Delayed 1 second(s)&#xD;
&#xD;
2019-09-04 15:59:55 - [TEST_STEP][PASSED] - comment("View existing record in Registratie"): View existing record in Registratie&#xD;
&#xD;
2019-09-04 15:59:55 - [MESSAGE][INFO] - View existing record in Registratie&#xD;
&#xD;
2019-09-04 15:59:55 - [TEST_STEP][PASSED] - delay(1): Delayed 1 second(s)&#xD;
&#xD;
2019-09-04 15:59:56 - [MESSAGE][PASSED] - Delayed 1 second(s)&#xD;
&#xD;
2019-09-04 15:59:56 - [TEST_STEP][PASSED] - click(findTestObject("JIRA/A Relese 6.6/ACTPOL-559/Delete existing")): Object: 'Object Repository/JIRA/A Relese 6.6/ACTPOL-559/Delete existing' is clicked on&#xD;
&#xD;
2019-09-04 15:59:56 - [MESSAGE][PASSED] - Object: 'Object Repository/JIRA/A Relese 6.6/ACTPOL-559/Delete existing' is clicked on&#xD;
&#xD;
2019-09-04 15:59:56 - [TEST_STEP][PASSED] - delay(1): Delayed 1 second(s)&#xD;
&#xD;
2019-09-04 15:59:57 - [MESSAGE][PASSED] - Delayed 1 second(s)&#xD;
&#xD;
2019-09-04 15:59:58 - [TEST_STEP][PASSED] - click(findTestObject("JIRA/A Relese 6.6/ACTPOL-559/Conform delete")): Object: 'Object Repository/JIRA/A Relese 6.6/ACTPOL-559/Conform delete' is clicked on&#xD;
&#xD;
2019-09-04 15:59:58 - [MESSAGE][PASSED] - Object: 'Object Repository/JIRA/A Relese 6.6/ACTPOL-559/Conform delete' is clicked on&#xD;
&#xD;
2019-09-04 15:59:58 - [TEST_STEP][PASSED] - delay(1): Delayed 1 second(s)&#xD;
&#xD;
2019-09-04 15:59:59 - [MESSAGE][PASSED] - Delayed 1 second(s)&#xD;
&#xD;
2019-09-04 15:59:59 - [TEST_STEP][PASSED] - takeScreenshot(): Taking screenshot successfully&#xD;
&#xD;
2019-09-04 16:00:00 - [MESSAGE][PASSED] - Taking screenshot successfully&#xD;
[[ATTACHMENT|C:\\Users\\user4\\git\\ACTPOL\\Reports\\20190904_155546\\test\\6.6\\20190904_155612\\1567592999543.png]]&#xD;
&#xD;
2019-09-04 16:00:00 - [TEST_STEP][PASSED] - delay(1): Delayed 1 second(s)&#xD;
&#xD;
2019-09-04 16:00:01 - [MESSAGE][PASSED] - Delayed 1 second(s)&#xD;
&#xD;
2019-09-04 16:00:01 - [TEST_STEP][PASSED] - click(findTestObject("Actpol_Scripts/Opsporing/MBES18/1 Registratie/registratie tab")): Object: 'Object Repository/Actpol_Scripts/Opsporing/MBES18/1 Registratie/registratie tab' is clicked on&#xD;
&#xD;
2019-09-04 16:00:02 - [MESSAGE][PASSED] - Object: 'Object Repository/Actpol_Scripts/Opsporing/MBES18/1 Registratie/registratie tab' is clicked on</system-out>
            <system-err></system-err>
        </testcase>
        <system-out>2019-09-04 15:56:22 - [TEST_SUITE][INCOMPLETE] - 6.6: null</system-out>
        <system-err>2019-09-04 15:56:22 - [TEST_SUITE][INCOMPLETE] - 6.6: null</system-err>
    </testsuite>
</testsuites>
