<?xml version="1.0" encoding="UTF-8" standalone="yes"?>
<testsuites name="ACTPOL-548 and 550" time="381" tests="2" failures="0" errors="0">
    <testsuite name="ACTPOL-548 and 550" tests="2" failures="0" errors="0" time="381" timestamp="2019-08-23 20:29:40" hostname="user4 - 10.20.20.5" id="Test Suites/Release 6.6/ACTPOL-548 and 550">
        <properties>
            <property name="deviceName" value=""/>
            <property name="devicePlatform" value=""/>
            <property name="logFolder" value="C:\\Users\\user4\\git\\ACTPOL\\Reports\\20190823_202820\\Release 6.6\\ACTPOL-548 and 550\\20190823_202900"/>
            <property name="logFiles" value="C:\\Users\\user4\\git\\ACTPOL\\Reports\\20190823_202820\\Release 6.6\\ACTPOL-548 and 550\\20190823_202900\\execution0.log"/>
            <property name="attachments" value="C:\\Users\\user4\\git\\ACTPOL\\Reports\\20190823_202820\\Release 6.6\\ACTPOL-548 and 550\\20190823_202900\\1566572661294.png, C:\\Users\\user4\\git\\ACTPOL\\Reports\\20190823_202820\\Release 6.6\\ACTPOL-548 and 550\\20190823_202900\\1566572679160.png, C:\\Users\\user4\\git\\ACTPOL\\Reports\\20190823_202820\\Release 6.6\\ACTPOL-548 and 550\\20190823_202900\\1566572744826.png, C:\\Users\\user4\\git\\ACTPOL\\Reports\\20190823_202820\\Release 6.6\\ACTPOL-548 and 550\\20190823_202900\\1566572759162.png"/>
            <property name="hostName" value="user4 - 10.20.20.5"/>
            <property name="os" value="Windows 8.1 64bit"/>
            <property name="katalonVersion" value="6.3.2.1"/>
            <property name="browser" value="Chrome 76.0.3809.100"/>
            <property name="hostAddress" value="10.20.20.5"/>
            <property name="sessionId" value="4a82ba3294090b1b7e6acd651daf4c68"/>
            <property name="seleniumVersion" value="3.141.59"/>
            <property name="proxyInformation" value="ProxyInformation{proxyOption=NO_PROXY, proxyServerType=HTTP, password=, proxyServerAddress=, proxyServerPort=0}"/>
            <property name="platform" value="Windows 8.1"/>
        </properties>
        <testcase name="Test Cases/JIRA Tasks/Release 6.6/ACTPOL-548" classname="Test Cases/JIRA Tasks/Release 6.6/ACTPOL-548" status="PASSED">
            <system-out>2019-08-23 20:29:41 - [TEST_CASE][PASSED] - Test Cases/JIRA Tasks/Release 6.6/ACTPOL-548: Test Cases/JIRA Tasks/Release 6.6/ACTPOL-548&#xD;
&#xD;
2019-08-23 20:29:44 - [TEST_STEP][PASSED] - callTestCase(findTestCase("main/Actpol_Login_testenv"), [:], STOP_ON_FAILURE): Call Test Case 'Test Cases/main/Actpol_Login_testenv' successfully&#xD;
&#xD;
2019-08-23 20:29:45 - [TEST_CASE][PASSED] - Test Cases/main/Actpol_Login_testenv: Test Cases/main/Actpol_Login_testenv&#xD;
&#xD;
2019-08-23 20:29:47 - [TEST_STEP][PASSED] - openBrowser(""): Browser is opened with url: ''&#xD;
&#xD;
2019-08-23 20:29:50 - [MESSAGE][INFO] - Starting 'Chrome' driver&#xD;
&#xD;
2019-08-23 20:29:52 - [MESSAGE][INFO] - Action delay is set to 0 seconds&#xD;
&#xD;
2019-08-23 20:30:59 - [MESSAGE][PASSED] - Browser is opened with url: ''&#xD;
&#xD;
2019-08-23 20:30:59 - [TEST_STEP][PASSED] - deleteAllCookies(): Delete all cookies successfully&#xD;
&#xD;
2019-08-23 20:31:00 - [MESSAGE][PASSED] - Delete all cookies successfully&#xD;
&#xD;
2019-08-23 20:31:00 - [TEST_STEP][PASSED] - waitForPageLoad(30): Wait for page load successfully&#xD;
&#xD;
2019-08-23 20:31:08 - [MESSAGE][PASSED] - Wait for page load successfully&#xD;
&#xD;
2019-08-23 20:31:08 - [TEST_STEP][PASSED] - maximizeWindow(): Current window maximized&#xD;
&#xD;
2019-08-23 20:31:11 - [MESSAGE][PASSED] - Current window maximized&#xD;
&#xD;
2019-08-23 20:31:11 - [TEST_STEP][PASSED] - ACTPOLTESTENV = 1: null&#xD;
&#xD;
2019-08-23 20:31:11 - [TEST_STEP][PASSED] - ACTPOLDEVENV = 2: null&#xD;
&#xD;
2019-08-23 20:31:11 - [TEST_STEP][PASSED] - ACTPOLKCENV = 3: null&#xD;
&#xD;
2019-08-23 20:31:11 - [TEST_STEP][PASSED] - ACTPOLKBKPCNENV = 4: null&#xD;
&#xD;
2019-08-23 20:31:11 - [TEST_STEP][PASSED] - ACTPOLKBKMARENV = 5: null&#xD;
&#xD;
2019-08-23 20:31:11 - [TEST_STEP][PASSED] - ACTPOLKMENV = 6: null&#xD;
&#xD;
2019-08-23 20:31:11 - [TEST_STEP][PASSED] - ACTPOLKWENV = 7: null&#xD;
&#xD;
2019-08-23 20:31:11 - [TEST_STEP][PASSED] - environment = ACTPOLTESTENV: null&#xD;
&#xD;
2019-08-23 20:31:11 - [TEST_STEP][PASSED] - Selectenv = &lt;not implemented yet for class: org.codehaus.groovy.ast.expr.EmptyExpression&gt;: null&#xD;
&#xD;
2019-08-23 20:31:11 - [TEST_STEP][PASSED] - switch (environment): null&#xD;
&#xD;
2019-08-23 20:31:12 - [TEST_STEP][PASSED] - case 1:: null&#xD;
&#xD;
2019-08-23 20:31:12 - [TEST_STEP][PASSED] - println(Selectenv = "ACTPOL-TEST-ENV"): null&#xD;
&#xD;
2019-08-23 20:31:12 - [TEST_STEP][PASSED] - navigateToUrl(TESTURL): Navigate to 'http://10.20.10.7:8185/actpoltst/nxmenu.pgm?docnum=551' successfully&#xD;
&#xD;
2019-08-23 20:32:31 - [MESSAGE][PASSED] - Navigate to 'http://10.20.10.7:8185/actpoltst/nxmenu.pgm?docnum=551' successfully&#xD;
&#xD;
2019-08-23 20:32:31 - [TEST_STEP][PASSED] - setText(findTestObject("Actpol_Scripts/login/userid"), username): Text 'vidhya' is set on object 'Object Repository/Actpol_Scripts/login/userid'&#xD;
&#xD;
2019-08-23 20:32:37 - [MESSAGE][PASSED] - Text 'vidhya' is set on object 'Object Repository/Actpol_Scripts/login/userid'&#xD;
&#xD;
2019-08-23 20:32:37 - [TEST_STEP][PASSED] - setMaskedText(findTestObject("Actpol_Scripts/login/password"), password): Text '********' is set on object 'Object Repository/Actpol_Scripts/login/password'&#xD;
&#xD;
2019-08-23 20:32:38 - [MESSAGE][PASSED] - Text '********' is set on object 'Object Repository/Actpol_Scripts/login/password'&#xD;
&#xD;
2019-08-23 20:32:38 - [TEST_STEP][PASSED] - click(findTestObject("Actpol_Scripts/login/login")): Object: 'Object Repository/Actpol_Scripts/login/login' is clicked on&#xD;
&#xD;
2019-08-23 20:32:38 - [MESSAGE][PASSED] - Object: 'Object Repository/Actpol_Scripts/login/login' is clicked on&#xD;
&#xD;
2019-08-23 20:32:38 - [TEST_STEP][PASSED] - getWindowTitle(): Current window's title is: 'Login Page for ACTPOL Test'&#xD;
&#xD;
2019-08-23 20:32:38 - [MESSAGE][PASSED] - Current window's title is: 'Login Page for ACTPOL Test'&#xD;
&#xD;
2019-08-23 20:32:38 - [TEST_STEP][PASSED] - break: null&#xD;
&#xD;
2019-08-23 20:32:38 - [MESSAGE][PASSED] - Call Test Case 'Test Cases/main/Actpol_Login_testenv' successfully&#xD;
&#xD;
2019-08-23 20:32:38 - [TEST_STEP][PASSED] - selectOptionByValue(findTestObject("Actpol_Scripts/General Search/Algemene Zoekopdracht -test env/Assistentie"), "assist", false): All options with value 'assist' are selected in object 'Object Repository/Actpol_Scripts/General Search/Algemene Zoekopdracht -test env/Assistentie' &#xD;
&#xD;
2019-08-23 20:33:00 - [MESSAGE][PASSED] - All options with value 'assist' are selected in object 'Object Repository/Actpol_Scripts/General Search/Algemene Zoekopdracht -test env/Assistentie' &#xD;
&#xD;
2019-08-23 20:33:00 - [TEST_STEP][PASSED] - setText(findTestObject("Actpol_Scripts/General Search/Algemene Zoekopdracht -test env/Assistentie Set text"), Generiekassistenite_Module): Text '200601728' is set on object 'Object Repository/Actpol_Scripts/General Search/Algemene Zoekopdracht -test env/Assistentie Set text'&#xD;
&#xD;
2019-08-23 20:33:01 - [MESSAGE][PASSED] - Text '200601728' is set on object 'Object Repository/Actpol_Scripts/General Search/Algemene Zoekopdracht -test env/Assistentie Set text'&#xD;
&#xD;
2019-08-23 20:33:01 - [TEST_STEP][PASSED] - delay(2): Delayed 2 second(s)&#xD;
&#xD;
2019-08-23 20:33:03 - [MESSAGE][PASSED] - Delayed 2 second(s)&#xD;
&#xD;
2019-08-23 20:33:03 - [TEST_STEP][PASSED] - click(findTestObject("Actpol_Scripts/General Search/Algemene Zoekopdracht -test env/Zoeken new")): Object: 'Object Repository/Actpol_Scripts/General Search/Algemene Zoekopdracht -test env/Zoeken new' is clicked on&#xD;
&#xD;
2019-08-23 20:33:10 - [MESSAGE][PASSED] - Object: 'Object Repository/Actpol_Scripts/General Search/Algemene Zoekopdracht -test env/Zoeken new' is clicked on&#xD;
&#xD;
2019-08-23 20:33:10 - [TEST_STEP][PASSED] - delay(2): Delayed 2 second(s)&#xD;
&#xD;
2019-08-23 20:33:12 - [MESSAGE][PASSED] - Delayed 2 second(s)&#xD;
&#xD;
2019-08-23 20:33:12 - [TEST_STEP][PASSED] - AssistentiedynamicId = Generiekassistenite_Module: null&#xD;
&#xD;
2019-08-23 20:33:12 - [TEST_STEP][PASSED] - Assistentiexpath = "//*[text()="" + AssistentiedynamicId + ""]/preceding-sibling::td/a[2]": null&#xD;
&#xD;
2019-08-23 20:33:12 - [TEST_STEP][PASSED] - to = findTestObject("Actpol_Scripts/General Search/Algemene Zoekopdracht -test env/View Assistentie"): null&#xD;
&#xD;
2019-08-23 20:33:13 - [TEST_STEP][PASSED] - to.addProperty("xpath", EQUALS, Assistentiexpath): null&#xD;
&#xD;
2019-08-23 20:33:13 - [TEST_STEP][PASSED] - delay(5): Delayed 5 second(s)&#xD;
&#xD;
2019-08-23 20:33:18 - [MESSAGE][PASSED] - Delayed 5 second(s)&#xD;
&#xD;
2019-08-23 20:33:18 - [TEST_STEP][PASSED] - click(to): Object: 'Object Repository/Actpol_Scripts/General Search/Algemene Zoekopdracht -test env/View Assistentie' is clicked on&#xD;
&#xD;
2019-08-23 20:33:18 - [MESSAGE][PASSED] - Object: 'Object Repository/Actpol_Scripts/General Search/Algemene Zoekopdracht -test env/View Assistentie' is clicked on&#xD;
&#xD;
2019-08-23 20:33:18 - [TEST_STEP][PASSED] - delay(2): Delayed 2 second(s)&#xD;
&#xD;
2019-08-23 20:33:20 - [MESSAGE][PASSED] - Delayed 2 second(s)&#xD;
&#xD;
2019-08-23 20:33:20 - [TEST_STEP][PASSED] - click(findTestObject("Actpol_Scripts/General Search/Algemene Zoekopdracht -test env/Confirmeren")): Object: 'Object Repository/Actpol_Scripts/General Search/Algemene Zoekopdracht -test env/Confirmeren' is clicked on&#xD;
&#xD;
2019-08-23 20:33:34 - [MESSAGE][PASSED] - Object: 'Object Repository/Actpol_Scripts/General Search/Algemene Zoekopdracht -test env/Confirmeren' is clicked on&#xD;
&#xD;
2019-08-23 20:33:34 - [TEST_STEP][PASSED] - delay(5): Delayed 5 second(s)&#xD;
&#xD;
2019-08-23 20:33:39 - [MESSAGE][PASSED] - Delayed 5 second(s)&#xD;
&#xD;
2019-08-23 20:33:39 - [TEST_STEP][PASSED] - click(findTestObject("Actpol_Scripts/Generiek/Assistentie/Click roll process")): Object: 'Object Repository/Actpol_Scripts/Generiek/Assistentie/Click roll process' is clicked on&#xD;
&#xD;
2019-08-23 20:33:42 - [MESSAGE][PASSED] - Object: 'Object Repository/Actpol_Scripts/Generiek/Assistentie/Click roll process' is clicked on&#xD;
&#xD;
2019-08-23 20:33:42 - [TEST_STEP][PASSED] - delay(2): Delayed 2 second(s)&#xD;
&#xD;
2019-08-23 20:33:44 - [MESSAGE][PASSED] - Delayed 2 second(s)&#xD;
&#xD;
2019-08-23 20:33:44 - [TEST_STEP][PASSED] - click(findTestObject("Actpol_Scripts/Generiek/Assistentie/Click new process")): Object: 'Object Repository/Actpol_Scripts/Generiek/Assistentie/Click new process' is clicked on&#xD;
&#xD;
2019-08-23 20:33:45 - [MESSAGE][PASSED] - Object: 'Object Repository/Actpol_Scripts/Generiek/Assistentie/Click new process' is clicked on&#xD;
&#xD;
2019-08-23 20:33:45 - [TEST_STEP][PASSED] - delay(2): Delayed 2 second(s)&#xD;
&#xD;
2019-08-23 20:33:47 - [MESSAGE][PASSED] - Delayed 2 second(s)&#xD;
&#xD;
2019-08-23 20:33:47 - [TEST_STEP][PASSED] - comment("Select process "BETROKKEN VAARTUIG""): Select process "BETROKKEN VAARTUIG"&#xD;
&#xD;
2019-08-23 20:33:47 - [MESSAGE][INFO] - Select process "BETROKKEN VAARTUIG"&#xD;
&#xD;
2019-08-23 20:33:47 - [TEST_STEP][PASSED] - selectOptionByLabel(findTestObject("Actpol_Scripts/Generiek/Assistentie/Rol Proces Type"), "BETROKKEN VAARTUIG", false): All options with label 'BETROKKEN VAARTUIG' are selected in object 'Object Repository/Actpol_Scripts/Generiek/Assistentie/Rol Proces Type' &#xD;
&#xD;
2019-08-23 20:33:50 - [MESSAGE][PASSED] - All options with label 'BETROKKEN VAARTUIG' are selected in object 'Object Repository/Actpol_Scripts/Generiek/Assistentie/Rol Proces Type' &#xD;
&#xD;
2019-08-23 20:33:50 - [TEST_STEP][PASSED] - delay(3): Delayed 3 second(s)&#xD;
&#xD;
2019-08-23 20:33:53 - [MESSAGE][PASSED] - Delayed 3 second(s)&#xD;
&#xD;
2019-08-23 20:33:53 - [TEST_STEP][PASSED] - click(findTestObject("JIRA/A Relese 6.6/ACTPOL-548/Contacten")): Object: 'Object Repository/JIRA/A Relese 6.6/ACTPOL-548/Contacten' is clicked on&#xD;
&#xD;
2019-08-23 20:33:54 - [MESSAGE][PASSED] - Object: 'Object Repository/JIRA/A Relese 6.6/ACTPOL-548/Contacten' is clicked on&#xD;
&#xD;
2019-08-23 20:33:54 - [TEST_STEP][PASSED] - delay(1): Delayed 1 second(s)&#xD;
&#xD;
2019-08-23 20:33:55 - [MESSAGE][PASSED] - Delayed 1 second(s)&#xD;
&#xD;
2019-08-23 20:33:55 - [TEST_STEP][PASSED] - click(findTestObject("JIRA/A Relese 6.6/ACTPOL-548/Vaartuig tab")): Object: 'Object Repository/JIRA/A Relese 6.6/ACTPOL-548/Vaartuig tab' is clicked on&#xD;
&#xD;
2019-08-23 20:33:56 - [MESSAGE][PASSED] - Object: 'Object Repository/JIRA/A Relese 6.6/ACTPOL-548/Vaartuig tab' is clicked on&#xD;
&#xD;
2019-08-23 20:33:56 - [TEST_STEP][PASSED] - delay(2): Delayed 2 second(s)&#xD;
&#xD;
2019-08-23 20:33:58 - [MESSAGE][PASSED] - Delayed 2 second(s)&#xD;
&#xD;
2019-08-23 20:33:58 - [TEST_STEP][PASSED] - click(findTestObject("JIRA/A Relese 6.6/ACTPOL-548/Vaartuig new")): Object: 'Object Repository/JIRA/A Relese 6.6/ACTPOL-548/Vaartuig new' is clicked on&#xD;
&#xD;
2019-08-23 20:33:59 - [MESSAGE][PASSED] - Object: 'Object Repository/JIRA/A Relese 6.6/ACTPOL-548/Vaartuig new' is clicked on&#xD;
&#xD;
2019-08-23 20:33:59 - [TEST_STEP][PASSED] - delay(4): Delayed 4 second(s)&#xD;
&#xD;
2019-08-23 20:34:03 - [MESSAGE][PASSED] - Delayed 4 second(s)&#xD;
&#xD;
2019-08-23 20:34:03 - [TEST_STEP][PASSED] - click(findTestObject("JIRA/A Relese 6.6/ACTPOL-548/Nieuw Vaartuig -Vaartuig tab")): Object: 'Object Repository/JIRA/A Relese 6.6/ACTPOL-548/Nieuw Vaartuig -Vaartuig tab' is clicked on&#xD;
&#xD;
2019-08-23 20:34:04 - [MESSAGE][PASSED] - Object: 'Object Repository/JIRA/A Relese 6.6/ACTPOL-548/Nieuw Vaartuig -Vaartuig tab' is clicked on&#xD;
&#xD;
2019-08-23 20:34:04 - [TEST_STEP][PASSED] - delay(1): Delayed 1 second(s)&#xD;
&#xD;
2019-08-23 20:34:05 - [MESSAGE][PASSED] - Delayed 1 second(s)&#xD;
&#xD;
2019-08-23 20:34:05 - [TEST_STEP][PASSED] - click(findTestObject("JIRA/A Relese 6.6/ACTPOL-548/Opvarende tab")): Object: 'Object Repository/JIRA/A Relese 6.6/ACTPOL-548/Opvarende tab' is clicked on&#xD;
&#xD;
2019-08-23 20:34:05 - [MESSAGE][PASSED] - Object: 'Object Repository/JIRA/A Relese 6.6/ACTPOL-548/Opvarende tab' is clicked on&#xD;
&#xD;
2019-08-23 20:34:05 - [TEST_STEP][PASSED] - delay(2): Delayed 2 second(s)&#xD;
&#xD;
2019-08-23 20:34:07 - [MESSAGE][PASSED] - Delayed 2 second(s)&#xD;
&#xD;
2019-08-23 20:34:07 - [TEST_STEP][PASSED] - click(findTestObject("JIRA/A Relese 6.6/ACTPOL-548/Opvarende new")): Object: 'Object Repository/JIRA/A Relese 6.6/ACTPOL-548/Opvarende new' is clicked on&#xD;
&#xD;
2019-08-23 20:34:08 - [MESSAGE][PASSED] - Object: 'Object Repository/JIRA/A Relese 6.6/ACTPOL-548/Opvarende new' is clicked on&#xD;
&#xD;
2019-08-23 20:34:08 - [TEST_STEP][PASSED] - delay(4): Delayed 4 second(s)&#xD;
&#xD;
2019-08-23 20:34:12 - [MESSAGE][PASSED] - Delayed 4 second(s)&#xD;
&#xD;
2019-08-23 20:34:12 - [TEST_STEP][PASSED] - setText(findTestObject("JIRA/A Relese 6.6/ACTPOL-548/toevoegen inzittende Naam"), "a"): Text 'a' is set on object 'Object Repository/JIRA/A Relese 6.6/ACTPOL-548/toevoegen inzittende Naam'&#xD;
&#xD;
2019-08-23 20:34:12 - [MESSAGE][PASSED] - Text 'a' is set on object 'Object Repository/JIRA/A Relese 6.6/ACTPOL-548/toevoegen inzittende Naam'&#xD;
&#xD;
2019-08-23 20:34:12 - [TEST_STEP][PASSED] - delay(2): Delayed 2 second(s)&#xD;
&#xD;
2019-08-23 20:34:14 - [MESSAGE][PASSED] - Delayed 2 second(s)&#xD;
&#xD;
2019-08-23 20:34:14 - [TEST_STEP][PASSED] - click(findTestObject("JIRA/A Relese 6.6/ACTPOL-548/toevoegen inzittende Naam lb")): Object: 'Object Repository/JIRA/A Relese 6.6/ACTPOL-548/toevoegen inzittende Naam lb' is clicked on&#xD;
&#xD;
2019-08-23 20:34:18 - [MESSAGE][PASSED] - Object: 'Object Repository/JIRA/A Relese 6.6/ACTPOL-548/toevoegen inzittende Naam lb' is clicked on&#xD;
&#xD;
2019-08-23 20:34:18 - [TEST_STEP][PASSED] - delay(1): Delayed 1 second(s)&#xD;
&#xD;
2019-08-23 20:34:19 - [MESSAGE][PASSED] - Delayed 1 second(s)&#xD;
&#xD;
2019-08-23 20:34:19 - [TEST_STEP][PASSED] - click(findTestObject("JIRA/A Relese 6.6/ACTPOL-548/toevoegen inzittende save")): Object: 'Object Repository/JIRA/A Relese 6.6/ACTPOL-548/toevoegen inzittende save' is clicked on&#xD;
&#xD;
2019-08-23 20:34:20 - [MESSAGE][PASSED] - Object: 'Object Repository/JIRA/A Relese 6.6/ACTPOL-548/toevoegen inzittende save' is clicked on&#xD;
&#xD;
2019-08-23 20:34:20 - [TEST_STEP][PASSED] - delay(1): Delayed 1 second(s)&#xD;
&#xD;
2019-08-23 20:34:21 - [MESSAGE][PASSED] - Delayed 1 second(s)&#xD;
&#xD;
2019-08-23 20:34:21 - [TEST_STEP][PASSED] - takeScreenshot(): Taking screenshot successfully&#xD;
&#xD;
2019-08-23 20:34:23 - [MESSAGE][PASSED] - Taking screenshot successfully&#xD;
[[ATTACHMENT|C:\\Users\\user4\\git\\ACTPOL\\Reports\\20190823_202820\\Release 6.6\\ACTPOL-548 and 550\\20190823_202900\\1566572661294.png]]&#xD;
&#xD;
2019-08-23 20:34:23 - [TEST_STEP][PASSED] - delay(1): Delayed 1 second(s)&#xD;
&#xD;
2019-08-23 20:34:24 - [MESSAGE][PASSED] - Delayed 1 second(s)&#xD;
&#xD;
2019-08-23 20:34:24 - [TEST_STEP][PASSED] - selectOptionByLabel(findTestObject("JIRA/A Relese 6.6/ACTPOL-548/Bemaningslid ja"), "JA", false): All options with label 'JA' are selected in object 'Object Repository/JIRA/A Relese 6.6/ACTPOL-548/Bemaningslid ja' &#xD;
&#xD;
2019-08-23 20:34:25 - [MESSAGE][PASSED] - All options with label 'JA' are selected in object 'Object Repository/JIRA/A Relese 6.6/ACTPOL-548/Bemaningslid ja' &#xD;
&#xD;
2019-08-23 20:34:25 - [TEST_STEP][PASSED] - delay(2): Delayed 2 second(s)&#xD;
&#xD;
2019-08-23 20:34:27 - [MESSAGE][PASSED] - Delayed 2 second(s)&#xD;
&#xD;
2019-08-23 20:34:27 - [TEST_STEP][PASSED] - selectOptionByLabel(findTestObject("JIRA/A Relese 6.6/ACTPOL-548/Bemaningslid na"), "NEE", false): All options with label 'NEE' are selected in object 'Object Repository/JIRA/A Relese 6.6/ACTPOL-548/Bemaningslid na' &#xD;
&#xD;
2019-08-23 20:34:29 - [MESSAGE][PASSED] - All options with label 'NEE' are selected in object 'Object Repository/JIRA/A Relese 6.6/ACTPOL-548/Bemaningslid na' &#xD;
&#xD;
2019-08-23 20:34:29 - [TEST_STEP][PASSED] - delay(2): Delayed 2 second(s)&#xD;
&#xD;
2019-08-23 20:34:31 - [MESSAGE][PASSED] - Delayed 2 second(s)&#xD;
&#xD;
2019-08-23 20:34:31 - [TEST_STEP][PASSED] - setText(findTestObject("JIRA/A Relese 6.6/ACTPOL-548/Naam 2"), "aa"): Text 'aa' is set on object 'Object Repository/JIRA/A Relese 6.6/ACTPOL-548/Naam 2'&#xD;
&#xD;
2019-08-23 20:34:33 - [MESSAGE][PASSED] - Text 'aa' is set on object 'Object Repository/JIRA/A Relese 6.6/ACTPOL-548/Naam 2'&#xD;
&#xD;
2019-08-23 20:34:33 - [TEST_STEP][PASSED] - delay(2): Delayed 2 second(s)&#xD;
&#xD;
2019-08-23 20:34:35 - [MESSAGE][PASSED] - Delayed 2 second(s)&#xD;
&#xD;
2019-08-23 20:34:35 - [TEST_STEP][PASSED] - click(findTestObject("JIRA/A Relese 6.6/ACTPOL-548/Naam 2 lb")): Object: 'Object Repository/JIRA/A Relese 6.6/ACTPOL-548/Naam 2 lb' is clicked on&#xD;
&#xD;
2019-08-23 20:34:35 - [MESSAGE][PASSED] - Object: 'Object Repository/JIRA/A Relese 6.6/ACTPOL-548/Naam 2 lb' is clicked on&#xD;
&#xD;
2019-08-23 20:34:35 - [TEST_STEP][PASSED] - delay(1): Delayed 1 second(s)&#xD;
&#xD;
2019-08-23 20:34:36 - [MESSAGE][PASSED] - Delayed 1 second(s)&#xD;
&#xD;
2019-08-23 20:34:36 - [TEST_STEP][PASSED] - click(findTestObject("JIRA/A Relese 6.6/ACTPOL-548/toevoegen inzittende save")): Object: 'Object Repository/JIRA/A Relese 6.6/ACTPOL-548/toevoegen inzittende save' is clicked on&#xD;
&#xD;
2019-08-23 20:34:37 - [MESSAGE][PASSED] - Object: 'Object Repository/JIRA/A Relese 6.6/ACTPOL-548/toevoegen inzittende save' is clicked on&#xD;
&#xD;
2019-08-23 20:34:37 - [TEST_STEP][PASSED] - delay(1): Delayed 1 second(s)&#xD;
&#xD;
2019-08-23 20:34:38 - [MESSAGE][PASSED] - Delayed 1 second(s)&#xD;
&#xD;
2019-08-23 20:34:38 - [TEST_STEP][PASSED] - scrollToPosition(10, 7): Browser is scrolled to position x = 10, y = 7&#xD;
&#xD;
2019-08-23 20:34:38 - [MESSAGE][PASSED] - Browser is scrolled to position x = 10, y = 7&#xD;
&#xD;
2019-08-23 20:34:38 - [TEST_STEP][PASSED] - delay(1): Delayed 1 second(s)&#xD;
&#xD;
2019-08-23 20:34:39 - [MESSAGE][PASSED] - Delayed 1 second(s)&#xD;
&#xD;
2019-08-23 20:34:39 - [TEST_STEP][PASSED] - takeScreenshot(): Taking screenshot successfully&#xD;
&#xD;
2019-08-23 20:34:40 - [MESSAGE][PASSED] - Taking screenshot successfully&#xD;
[[ATTACHMENT|C:\\Users\\user4\\git\\ACTPOL\\Reports\\20190823_202820\\Release 6.6\\ACTPOL-548 and 550\\20190823_202900\\1566572679160.png]]</system-out>
            <system-err></system-err>
        </testcase>
        <testcase name="Test Cases/JIRA Tasks/Release 6.6/ACTPOL-550" classname="Test Cases/JIRA Tasks/Release 6.6/ACTPOL-550" status="PASSED">
            <system-out>2019-08-23 20:34:42 - [TEST_CASE][PASSED] - Test Cases/JIRA Tasks/Release 6.6/ACTPOL-550: Test Cases/JIRA Tasks/Release 6.6/ACTPOL-550&#xD;
&#xD;
2019-08-23 20:34:44 - [TEST_STEP][PASSED] - callTestCase(findTestCase("main/Actpol_Login_testenv"), [:], STOP_ON_FAILURE): Call Test Case 'Test Cases/main/Actpol_Login_testenv' successfully&#xD;
&#xD;
2019-08-23 20:34:44 - [TEST_CASE][PASSED] - Test Cases/main/Actpol_Login_testenv: Test Cases/main/Actpol_Login_testenv&#xD;
&#xD;
2019-08-23 20:34:44 - [TEST_STEP][PASSED] - openBrowser(""): Browser is opened with url: ''&#xD;
&#xD;
2019-08-23 20:34:44 - [MESSAGE][WARNING] - A browser is already opened. Closing browser and opening a new one&#xD;
&#xD;
2019-08-23 20:34:46 - [MESSAGE][INFO] - Starting 'Chrome' driver&#xD;
&#xD;
2019-08-23 20:34:56 - [MESSAGE][PASSED] - Browser is opened with url: ''&#xD;
&#xD;
2019-08-23 20:34:56 - [TEST_STEP][PASSED] - deleteAllCookies(): Delete all cookies successfully&#xD;
&#xD;
2019-08-23 20:34:59 - [MESSAGE][PASSED] - Delete all cookies successfully&#xD;
&#xD;
2019-08-23 20:34:59 - [TEST_STEP][PASSED] - waitForPageLoad(30): Wait for page load successfully&#xD;
&#xD;
2019-08-23 20:34:59 - [MESSAGE][PASSED] - Wait for page load successfully&#xD;
&#xD;
2019-08-23 20:34:59 - [TEST_STEP][PASSED] - maximizeWindow(): Current window maximized&#xD;
&#xD;
2019-08-23 20:35:01 - [MESSAGE][PASSED] - Current window maximized&#xD;
&#xD;
2019-08-23 20:35:01 - [TEST_STEP][PASSED] - ACTPOLTESTENV = 1: null&#xD;
&#xD;
2019-08-23 20:35:01 - [TEST_STEP][PASSED] - ACTPOLDEVENV = 2: null&#xD;
&#xD;
2019-08-23 20:35:01 - [TEST_STEP][PASSED] - ACTPOLKCENV = 3: null&#xD;
&#xD;
2019-08-23 20:35:01 - [TEST_STEP][PASSED] - ACTPOLKBKPCNENV = 4: null&#xD;
&#xD;
2019-08-23 20:35:01 - [TEST_STEP][PASSED] - ACTPOLKBKMARENV = 5: null&#xD;
&#xD;
2019-08-23 20:35:01 - [TEST_STEP][PASSED] - ACTPOLKMENV = 6: null&#xD;
&#xD;
2019-08-23 20:35:01 - [TEST_STEP][PASSED] - ACTPOLKWENV = 7: null&#xD;
&#xD;
2019-08-23 20:35:01 - [TEST_STEP][PASSED] - environment = ACTPOLTESTENV: null&#xD;
&#xD;
2019-08-23 20:35:01 - [TEST_STEP][PASSED] - Selectenv = &lt;not implemented yet for class: org.codehaus.groovy.ast.expr.EmptyExpression&gt;: null&#xD;
&#xD;
2019-08-23 20:35:01 - [TEST_STEP][PASSED] - switch (environment): null&#xD;
&#xD;
2019-08-23 20:35:01 - [TEST_STEP][PASSED] - case 1:: null&#xD;
&#xD;
2019-08-23 20:35:01 - [TEST_STEP][PASSED] - println(Selectenv = "ACTPOL-TEST-ENV"): null&#xD;
&#xD;
2019-08-23 20:35:01 - [TEST_STEP][PASSED] - navigateToUrl(TESTURL): Navigate to 'http://10.20.10.7:8185/actpoltst/nxmenu.pgm?docnum=551' successfully&#xD;
&#xD;
2019-08-23 20:35:15 - [MESSAGE][PASSED] - Navigate to 'http://10.20.10.7:8185/actpoltst/nxmenu.pgm?docnum=551' successfully&#xD;
&#xD;
2019-08-23 20:35:15 - [TEST_STEP][PASSED] - setText(findTestObject("Actpol_Scripts/login/userid"), username): Text 'vidhya' is set on object 'Object Repository/Actpol_Scripts/login/userid'&#xD;
&#xD;
2019-08-23 20:35:15 - [MESSAGE][PASSED] - Text 'vidhya' is set on object 'Object Repository/Actpol_Scripts/login/userid'&#xD;
&#xD;
2019-08-23 20:35:15 - [TEST_STEP][PASSED] - setMaskedText(findTestObject("Actpol_Scripts/login/password"), password): Text '********' is set on object 'Object Repository/Actpol_Scripts/login/password'&#xD;
&#xD;
2019-08-23 20:35:16 - [MESSAGE][PASSED] - Text '********' is set on object 'Object Repository/Actpol_Scripts/login/password'&#xD;
&#xD;
2019-08-23 20:35:16 - [TEST_STEP][PASSED] - click(findTestObject("Actpol_Scripts/login/login")): Object: 'Object Repository/Actpol_Scripts/login/login' is clicked on&#xD;
&#xD;
2019-08-23 20:35:16 - [MESSAGE][PASSED] - Object: 'Object Repository/Actpol_Scripts/login/login' is clicked on&#xD;
&#xD;
2019-08-23 20:35:16 - [TEST_STEP][PASSED] - getWindowTitle(): Current window's title is: 'Login Page for ACTPOL Test'&#xD;
&#xD;
2019-08-23 20:35:17 - [MESSAGE][PASSED] - Current window's title is: 'Login Page for ACTPOL Test'&#xD;
&#xD;
2019-08-23 20:35:17 - [TEST_STEP][PASSED] - break: null&#xD;
&#xD;
2019-08-23 20:35:17 - [MESSAGE][PASSED] - Call Test Case 'Test Cases/main/Actpol_Login_testenv' successfully&#xD;
&#xD;
2019-08-23 20:35:17 - [TEST_STEP][PASSED] - delay(1): Delayed 1 second(s)&#xD;
&#xD;
2019-08-23 20:35:18 - [MESSAGE][PASSED] - Delayed 1 second(s)&#xD;
&#xD;
2019-08-23 20:35:18 - [TEST_STEP][PASSED] - mouseOver(findTestObject("Actpol_Scripts/Menu navigation/Handhaving/Handhaving")): Object: 'Object Repository/Actpol_Scripts/Menu navigation/Handhaving/Handhaving' is hovered&#xD;
&#xD;
2019-08-23 20:35:34 - [MESSAGE][PASSED] - Object: 'Object Repository/Actpol_Scripts/Menu navigation/Handhaving/Handhaving' is hovered&#xD;
&#xD;
2019-08-23 20:35:34 - [TEST_STEP][PASSED] - delay(2): Delayed 2 second(s)&#xD;
&#xD;
2019-08-23 20:35:36 - [MESSAGE][PASSED] - Delayed 2 second(s)&#xD;
&#xD;
2019-08-23 20:35:36 - [TEST_STEP][PASSED] - click(findTestObject("Actpol_Scripts/Menu navigation/Handhaving/Doorsturen OPV"), OPTIONAL): Object: 'Object Repository/Actpol_Scripts/Menu navigation/Handhaving/Doorsturen OPV' is clicked on&#xD;
&#xD;
2019-08-23 20:35:42 - [MESSAGE][PASSED] - Object: 'Object Repository/Actpol_Scripts/Menu navigation/Handhaving/Doorsturen OPV' is clicked on&#xD;
&#xD;
2019-08-23 20:35:42 - [TEST_STEP][PASSED] - delay(2): Delayed 2 second(s)&#xD;
&#xD;
2019-08-23 20:35:44 - [MESSAGE][PASSED] - Delayed 2 second(s)&#xD;
&#xD;
2019-08-23 20:35:44 - [TEST_STEP][PASSED] - takeScreenshot(): Taking screenshot successfully&#xD;
&#xD;
2019-08-23 20:35:45 - [MESSAGE][PASSED] - Taking screenshot successfully&#xD;
[[ATTACHMENT|C:\\Users\\user4\\git\\ACTPOL\\Reports\\20190823_202820\\Release 6.6\\ACTPOL-548 and 550\\20190823_202900\\1566572744826.png]]&#xD;
&#xD;
2019-08-23 20:35:45 - [TEST_STEP][PASSED] - Before = getText(findTestObject("JIRA/A Relese 6.6/ACTPOL-550/Before Proces Verbaal Nr text")): Text of object 'Object Repository/JIRA/A Relese 6.6/ACTPOL-550/Before Proces Verbaal Nr text' is: '45625564576'&#xD;
&#xD;
2019-08-23 20:35:46 - [MESSAGE][PASSED] - Text of object 'Object Repository/JIRA/A Relese 6.6/ACTPOL-550/Before Proces Verbaal Nr text' is: '45625564576'&#xD;
&#xD;
2019-08-23 20:35:46 - [TEST_STEP][PASSED] - log = new com.kms.katalon.core.logging.KeywordLogger(): null&#xD;
&#xD;
2019-08-23 20:35:46 - [TEST_STEP][PASSED] - log.logInfo("Before Proces Verbaal Nr text is:" + Before): Before Proces Verbaal Nr text is:45625564576&#xD;
&#xD;
2019-08-23 20:35:46 - [MESSAGE][INFO] - Before Proces Verbaal Nr text is:45625564576&#xD;
&#xD;
2019-08-23 20:35:46 - [TEST_STEP][PASSED] - println("Before Proces Verbaal Nr text is:" + Before): null&#xD;
&#xD;
2019-08-23 20:35:46 - [TEST_STEP][PASSED] - delay(2): Delayed 2 second(s)&#xD;
&#xD;
2019-08-23 20:35:48 - [MESSAGE][PASSED] - Delayed 2 second(s)&#xD;
&#xD;
2019-08-23 20:35:48 - [TEST_STEP][PASSED] - click(findTestObject("JIRA/A Relese 6.6/ACTPOL-550/Doorsturen OPV view")): Object: 'Object Repository/JIRA/A Relese 6.6/ACTPOL-550/Doorsturen OPV view' is clicked on&#xD;
&#xD;
2019-08-23 20:35:49 - [MESSAGE][PASSED] - Object: 'Object Repository/JIRA/A Relese 6.6/ACTPOL-550/Doorsturen OPV view' is clicked on&#xD;
&#xD;
2019-08-23 20:35:49 - [TEST_STEP][PASSED] - delay(6): Delayed 6 second(s)&#xD;
&#xD;
2019-08-23 20:35:55 - [MESSAGE][PASSED] - Delayed 6 second(s)&#xD;
&#xD;
2019-08-23 20:35:55 - [TEST_STEP][PASSED] - click(findTestObject("JIRA/A Relese 6.6/ACTPOL-550/OPV approve btn"), OPTIONAL): Object: 'Object Repository/JIRA/A Relese 6.6/ACTPOL-550/OPV approve btn' is clicked on&#xD;
&#xD;
2019-08-23 20:35:57 - [MESSAGE][PASSED] - Object: 'Object Repository/JIRA/A Relese 6.6/ACTPOL-550/OPV approve btn' is clicked on&#xD;
&#xD;
2019-08-23 20:35:57 - [TEST_STEP][PASSED] - delay(2): Delayed 2 second(s)&#xD;
&#xD;
2019-08-23 20:35:59 - [MESSAGE][PASSED] - Delayed 2 second(s)&#xD;
&#xD;
2019-08-23 20:35:59 - [TEST_STEP][PASSED] - takeScreenshot(): Taking screenshot successfully&#xD;
&#xD;
2019-08-23 20:36:00 - [MESSAGE][PASSED] - Taking screenshot successfully&#xD;
[[ATTACHMENT|C:\\Users\\user4\\git\\ACTPOL\\Reports\\20190823_202820\\Release 6.6\\ACTPOL-548 and 550\\20190823_202900\\1566572759162.png]]&#xD;
&#xD;
2019-08-23 20:36:00 - [TEST_STEP][PASSED] - After = getText(findTestObject("JIRA/A Relese 6.6/ACTPOL-550/After Proces Verbaal Nr text")): Text of object 'Object Repository/JIRA/A Relese 6.6/ACTPOL-550/After Proces Verbaal Nr text' is: '3578589696'&#xD;
&#xD;
2019-08-23 20:36:00 - [MESSAGE][PASSED] - Text of object 'Object Repository/JIRA/A Relese 6.6/ACTPOL-550/After Proces Verbaal Nr text' is: '3578589696'&#xD;
&#xD;
2019-08-23 20:36:00 - [TEST_STEP][PASSED] - println("Before Proces Verbaal Nr text is:" + After): null&#xD;
&#xD;
2019-08-23 20:36:00 - [TEST_STEP][PASSED] - log.logInfo("Before Proces Verbaal Nr text is:" + After): Before Proces Verbaal Nr text is:3578589696&#xD;
&#xD;
2019-08-23 20:36:00 - [MESSAGE][INFO] - Before Proces Verbaal Nr text is:3578589696&#xD;
&#xD;
2019-08-23 20:36:00 - [TEST_STEP][PASSED] - delay(1): Delayed 1 second(s)&#xD;
&#xD;
2019-08-23 20:36:01 - [MESSAGE][PASSED] - Delayed 1 second(s)&#xD;
&#xD;
2019-08-23 20:36:01 - [TEST_STEP][PASSED] - if (Before == After): null&#xD;
&#xD;
2019-08-23 20:36:01 - [TEST_STEP][PASSED] - else: null&#xD;
&#xD;
2019-08-23 20:36:01 - [TEST_STEP][PASSED] - println("record send to Priem successfully "): null</system-out>
            <system-err></system-err>
        </testcase>
        <system-out>2019-08-23 20:29:40 - [TEST_SUITE][INCOMPLETE] - ACTPOL-548 and 550: null</system-out>
        <system-err>2019-08-23 20:29:40 - [TEST_SUITE][INCOMPLETE] - ACTPOL-548 and 550: null</system-err>
    </testsuite>
</testsuites>
