<?xml version="1.0" encoding="UTF-8" standalone="yes"?>
<testsuites name="ACTPOL-547 and 570" time="282" tests="2" failures="0" errors="0">
    <testsuite name="ACTPOL-547 and 570" tests="2" failures="0" errors="0" time="282" timestamp="2019-09-11 21:18:54" hostname="user4 - 10.20.20.4" id="Test Suites/Release 6.6/ACTPOL-547 and 570">
        <properties>
            <property name="deviceName" value=""/>
            <property name="devicePlatform" value=""/>
            <property name="logFolder" value="C:\\Users\\user4\\git\\ACTPOL\\Reports\\20190911_211839\\Release 6.6\\ACTPOL-547 and 570\\20190911_211839"/>
            <property name="logFiles" value="C:\\Users\\user4\\git\\ACTPOL\\Reports\\20190911_211839\\Release 6.6\\ACTPOL-547 and 570\\20190911_211839\\execution0.log"/>
            <property name="attachments" value="C:\\Users\\user4\\git\\ACTPOL\\Reports\\20190911_211839\\Release 6.6\\ACTPOL-547 and 570\\20190911_211839\\1568217207459.png"/>
            <property name="hostName" value="user4 - 10.20.20.4"/>
            <property name="os" value="Windows 8.1 64bit"/>
            <property name="katalonVersion" value="6.3.3.11"/>
            <property name="browser" value="Chrome 76.0.3809.132"/>
            <property name="hostAddress" value="10.20.20.4"/>
            <property name="sessionId" value="1559d913b497817dee4ab6c1f50c808c"/>
            <property name="seleniumVersion" value="3.141.59"/>
            <property name="proxyInformation" value="ProxyInformation{proxyOption=NO_PROXY, proxyServerType=HTTP, password=, proxyServerAddress=, proxyServerPort=0}"/>
            <property name="platform" value="Windows 8.1"/>
        </properties>
        <testcase name="Test Cases/JIRA Tasks/Release 6.6/ACTPOL-547" classname="Test Cases/JIRA Tasks/Release 6.6/ACTPOL-547" status="PASSED">
            <system-out>2019-09-11 21:18:55 - [TEST_CASE][PASSED] - Test Cases/JIRA Tasks/Release 6.6/ACTPOL-547: Test Cases/JIRA Tasks/Release 6.6/ACTPOL-547&#xD;
&#xD;
2019-09-11 21:18:57 - [TEST_STEP][PASSED] - callTestCase(findTestCase("main/Actpol_Login_testenv"), [:], STOP_ON_FAILURE): Call Test Case 'Test Cases/main/Actpol_Login_testenv' successfully&#xD;
&#xD;
2019-09-11 21:18:57 - [TEST_CASE][PASSED] - Test Cases/main/Actpol_Login_testenv: Test Cases/main/Actpol_Login_testenv&#xD;
&#xD;
2019-09-11 21:18:58 - [TEST_STEP][PASSED] - openBrowser(""): Browser is opened with url: ''&#xD;
&#xD;
2019-09-11 21:18:59 - [MESSAGE][INFO] - Starting 'Chrome' driver&#xD;
&#xD;
2019-09-11 21:18:59 - [MESSAGE][INFO] - Action delay is set to 0 seconds&#xD;
&#xD;
2019-09-11 21:19:28 - [MESSAGE][PASSED] - Browser is opened with url: ''&#xD;
&#xD;
2019-09-11 21:19:28 - [TEST_STEP][PASSED] - deleteAllCookies(): Delete all cookies successfully&#xD;
&#xD;
2019-09-11 21:19:29 - [MESSAGE][PASSED] - Delete all cookies successfully&#xD;
&#xD;
2019-09-11 21:19:29 - [TEST_STEP][PASSED] - waitForPageLoad(30): Wait for page load successfully&#xD;
&#xD;
2019-09-11 21:19:41 - [MESSAGE][PASSED] - Wait for page load successfully&#xD;
&#xD;
2019-09-11 21:19:41 - [TEST_STEP][PASSED] - maximizeWindow(): Current window maximized&#xD;
&#xD;
2019-09-11 21:19:42 - [MESSAGE][PASSED] - Current window maximized&#xD;
&#xD;
2019-09-11 21:19:42 - [TEST_STEP][PASSED] - ACTPOLTESTENV = 1: null&#xD;
&#xD;
2019-09-11 21:19:42 - [TEST_STEP][PASSED] - ACTPOLDEVENV = 2: null&#xD;
&#xD;
2019-09-11 21:19:42 - [TEST_STEP][PASSED] - ACTPOLKCENV = 3: null&#xD;
&#xD;
2019-09-11 21:19:42 - [TEST_STEP][PASSED] - ACTPOLKBKPCNENV = 4: null&#xD;
&#xD;
2019-09-11 21:19:42 - [TEST_STEP][PASSED] - ACTPOLKBKMARENV = 5: null&#xD;
&#xD;
2019-09-11 21:19:42 - [TEST_STEP][PASSED] - ACTPOLKMENV = 6: null&#xD;
&#xD;
2019-09-11 21:19:42 - [TEST_STEP][PASSED] - ACTPOLKWENV = 7: null&#xD;
&#xD;
2019-09-11 21:19:42 - [TEST_STEP][PASSED] - environment = ACTPOLTESTENV: null&#xD;
&#xD;
2019-09-11 21:19:42 - [TEST_STEP][PASSED] - Selectenv = &lt;not implemented yet for class: org.codehaus.groovy.ast.expr.EmptyExpression&gt;: null&#xD;
&#xD;
2019-09-11 21:19:42 - [TEST_STEP][PASSED] - switch (environment): null&#xD;
&#xD;
2019-09-11 21:19:42 - [TEST_STEP][PASSED] - case 1:: null&#xD;
&#xD;
2019-09-11 21:19:42 - [TEST_STEP][PASSED] - println(Selectenv = "ACTPOL-TEST-ENV"): null&#xD;
&#xD;
2019-09-11 21:19:42 - [TEST_STEP][PASSED] - navigateToUrl(TESTURL): Navigate to 'http://10.20.10.7:8185/actpoltst/nxmenu.pgm?docnum=551' successfully&#xD;
&#xD;
2019-09-11 21:20:08 - [MESSAGE][PASSED] - Navigate to 'http://10.20.10.7:8185/actpoltst/nxmenu.pgm?docnum=551' successfully&#xD;
&#xD;
2019-09-11 21:20:08 - [TEST_STEP][PASSED] - setText(findTestObject("Actpol_Scripts/login/userid"), username): Text 'vidhya' is set on object 'Object Repository/Actpol_Scripts/login/userid'&#xD;
&#xD;
2019-09-11 21:20:21 - [MESSAGE][PASSED] - Text 'vidhya' is set on object 'Object Repository/Actpol_Scripts/login/userid'&#xD;
&#xD;
2019-09-11 21:20:21 - [TEST_STEP][PASSED] - setMaskedText(findTestObject("Actpol_Scripts/login/password"), password): Text '********' is set on object 'Object Repository/Actpol_Scripts/login/password'&#xD;
&#xD;
2019-09-11 21:20:22 - [MESSAGE][PASSED] - Text '********' is set on object 'Object Repository/Actpol_Scripts/login/password'&#xD;
&#xD;
2019-09-11 21:20:22 - [TEST_STEP][PASSED] - click(findTestObject("Actpol_Scripts/login/login")): Object: 'Object Repository/Actpol_Scripts/login/login' is clicked on&#xD;
&#xD;
2019-09-11 21:20:25 - [MESSAGE][PASSED] - Object: 'Object Repository/Actpol_Scripts/login/login' is clicked on&#xD;
&#xD;
2019-09-11 21:20:25 - [TEST_STEP][PASSED] - getWindowTitle(): Current window's title is: 'Login Page for ACTPOL Test'&#xD;
&#xD;
2019-09-11 21:20:25 - [MESSAGE][PASSED] - Current window's title is: 'Login Page for ACTPOL Test'&#xD;
&#xD;
2019-09-11 21:20:25 - [TEST_STEP][PASSED] - break: null&#xD;
&#xD;
2019-09-11 21:20:25 - [MESSAGE][PASSED] - Call Test Case 'Test Cases/main/Actpol_Login_testenv' successfully&#xD;
&#xD;
2019-09-11 21:20:25 - [TEST_STEP][PASSED] - delay(1): Delayed 1 second(s)&#xD;
&#xD;
2019-09-11 21:20:26 - [MESSAGE][PASSED] - Delayed 1 second(s)&#xD;
&#xD;
2019-09-11 21:20:26 - [TEST_STEP][PASSED] - mouseOver(findTestObject("Actpol_Scripts/Menu navigation/Dashboard/Dashboard")): Object: 'Object Repository/Actpol_Scripts/Menu navigation/Dashboard/Dashboard' is hovered&#xD;
&#xD;
2019-09-11 21:20:47 - [MESSAGE][PASSED] - Object: 'Object Repository/Actpol_Scripts/Menu navigation/Dashboard/Dashboard' is hovered&#xD;
&#xD;
2019-09-11 21:20:47 - [TEST_STEP][PASSED] - delay(2): Delayed 2 second(s)&#xD;
&#xD;
2019-09-11 21:20:49 - [MESSAGE][PASSED] - Delayed 2 second(s)&#xD;
&#xD;
2019-09-11 21:20:49 - [TEST_STEP][PASSED] - click(findTestObject("Actpol_Scripts/Menu navigation/Dashboard/Rapportage Assistentie"), OPTIONAL): Object: 'Object Repository/Actpol_Scripts/Menu navigation/Dashboard/Rapportage Assistentie' is clicked on&#xD;
&#xD;
2019-09-11 21:21:07 - [MESSAGE][PASSED] - Object: 'Object Repository/Actpol_Scripts/Menu navigation/Dashboard/Rapportage Assistentie' is clicked on&#xD;
&#xD;
2019-09-11 21:21:07 - [TEST_STEP][PASSED] - delay(2): Delayed 2 second(s)&#xD;
&#xD;
2019-09-11 21:21:09 - [MESSAGE][PASSED] - Delayed 2 second(s)&#xD;
&#xD;
2019-09-11 21:21:09 - [TEST_STEP][PASSED] - click(findTestObject("JIRA/A Relese 6.6/ACTPOL-547/Edit report Assistentie"), OPTIONAL): Object: 'Object Repository/JIRA/A Relese 6.6/ACTPOL-547/Edit report Assistentie' is clicked on&#xD;
&#xD;
2019-09-11 21:21:10 - [MESSAGE][PASSED] - Object: 'Object Repository/JIRA/A Relese 6.6/ACTPOL-547/Edit report Assistentie' is clicked on&#xD;
&#xD;
2019-09-11 21:21:14 - [TEST_STEP][PASSED] - delay(2): Delayed 2 second(s)&#xD;
&#xD;
2019-09-11 21:21:16 - [MESSAGE][PASSED] - Delayed 2 second(s)&#xD;
&#xD;
2019-09-11 21:21:16 - [TEST_STEP][PASSED] - click(findTestObject("JIRA/A Relese 6.6/ACTPOL-547/periode"), OPTIONAL): Object: 'Object Repository/JIRA/A Relese 6.6/ACTPOL-547/periode' is clicked on&#xD;
&#xD;
2019-09-11 21:21:17 - [MESSAGE][PASSED] - Object: 'Object Repository/JIRA/A Relese 6.6/ACTPOL-547/periode' is clicked on&#xD;
&#xD;
2019-09-11 21:21:17 - [TEST_STEP][PASSED] - delay(2): Delayed 2 second(s)&#xD;
&#xD;
2019-09-11 21:21:19 - [MESSAGE][PASSED] - Delayed 2 second(s)&#xD;
&#xD;
2019-09-11 21:21:19 - [TEST_STEP][PASSED] - click(findTestObject("JIRA/A Relese 6.6/ACTPOL-547/Filter"), OPTIONAL): Object: 'Object Repository/JIRA/A Relese 6.6/ACTPOL-547/Filter' is clicked on&#xD;
&#xD;
2019-09-11 21:21:20 - [MESSAGE][PASSED] - Object: 'Object Repository/JIRA/A Relese 6.6/ACTPOL-547/Filter' is clicked on&#xD;
&#xD;
2019-09-11 21:21:20 - [TEST_STEP][PASSED] - delay(2): Delayed 2 second(s)&#xD;
&#xD;
2019-09-11 21:21:22 - [MESSAGE][PASSED] - Delayed 2 second(s)&#xD;
&#xD;
2019-09-11 21:21:22 - [TEST_STEP][PASSED] - selectOptionByLabel(findTestObject("JIRA/A Relese 6.6/ACTPOL-547/Filter dropdown"), " Afdeling ", false): All options with label ' Afdeling ' are selected in object 'Object Repository/JIRA/A Relese 6.6/ACTPOL-547/Filter dropdown' &#xD;
&#xD;
2019-09-11 21:21:24 - [MESSAGE][PASSED] - All options with label ' Afdeling ' are selected in object 'Object Repository/JIRA/A Relese 6.6/ACTPOL-547/Filter dropdown' &#xD;
&#xD;
2019-09-11 21:21:24 - [TEST_STEP][PASSED] - delay(2): Delayed 2 second(s)&#xD;
&#xD;
2019-09-11 21:21:26 - [MESSAGE][PASSED] - Delayed 2 second(s)&#xD;
&#xD;
2019-09-11 21:21:26 - [TEST_STEP][PASSED] - log = new com.kms.katalon.core.logging.KeywordLogger(): null&#xD;
&#xD;
2019-09-11 21:21:26 - [TEST_STEP][PASSED] - get = getAttribute(findTestObject("JIRA/A Relese 6.6/ACTPOL-547/get text from dorp down"), "value"): Attribute 'value' of object 'Object Repository/JIRA/A Relese 6.6/ACTPOL-547/get text from dorp down' is: 'wijkteam'&#xD;
&#xD;
2019-09-11 21:21:27 - [MESSAGE][PASSED] - Attribute 'value' of object 'Object Repository/JIRA/A Relese 6.6/ACTPOL-547/get text from dorp down' is: 'wijkteam'&#xD;
&#xD;
2019-09-11 21:21:27 - [TEST_STEP][PASSED] - check = getText(findTestObject("JIRA/A Relese 6.6/ACTPOL-547/get text from dorp down")): Text of object 'Object Repository/JIRA/A Relese 6.6/ACTPOL-547/get text from dorp down' is: ' Afdeling '&#xD;
&#xD;
2019-09-11 21:21:28 - [MESSAGE][PASSED] - Text of object 'Object Repository/JIRA/A Relese 6.6/ACTPOL-547/get text from dorp down' is: ' Afdeling '&#xD;
&#xD;
2019-09-11 21:21:28 - [TEST_STEP][PASSED] - log.logInfo(get): wijkteam&#xD;
&#xD;
2019-09-11 21:21:28 - [MESSAGE][INFO] - wijkteam&#xD;
&#xD;
2019-09-11 21:21:28 - [TEST_STEP][PASSED] - log.logInfo(check):  Afdeling &#xD;
&#xD;
2019-09-11 21:21:28 - [MESSAGE][INFO] -  Afdeling &#xD;
&#xD;
2019-09-11 21:21:28 - [TEST_STEP][PASSED] - get2 = " Afdeling ": null&#xD;
&#xD;
2019-09-11 21:21:28 - [TEST_STEP][PASSED] - if (get2 == check): Dropdown value match&#xD;
&#xD;
2019-09-11 21:21:28 - [TEST_STEP][PASSED] - log.logInfo("Dropdown value match"): Dropdown value match&#xD;
&#xD;
2019-09-11 21:21:28 - [MESSAGE][INFO] - Dropdown value match</system-out>
            <system-err></system-err>
        </testcase>
        <testcase name="Test Cases/JIRA Tasks/Release 6.6/ACTPOL-570" classname="Test Cases/JIRA Tasks/Release 6.6/ACTPOL-570" status="PASSED">
            <system-out>2019-09-11 21:21:32 - [TEST_CASE][PASSED] - Test Cases/JIRA Tasks/Release 6.6/ACTPOL-570: Test Cases/JIRA Tasks/Release 6.6/ACTPOL-570&#xD;
&#xD;
2019-09-11 21:21:33 - [TEST_STEP][PASSED] - callTestCase(findTestCase("main/Actpol_Login_testenv"), [:], STOP_ON_FAILURE): Call Test Case 'Test Cases/main/Actpol_Login_testenv' successfully&#xD;
&#xD;
2019-09-11 21:21:33 - [TEST_CASE][PASSED] - Test Cases/main/Actpol_Login_testenv: Test Cases/main/Actpol_Login_testenv&#xD;
&#xD;
2019-09-11 21:21:34 - [TEST_STEP][PASSED] - openBrowser(""): Browser is opened with url: ''&#xD;
&#xD;
2019-09-11 21:21:34 - [MESSAGE][WARNING] - A browser is already opened. Closing browser and opening a new one&#xD;
&#xD;
2019-09-11 21:21:36 - [MESSAGE][INFO] - Starting 'Chrome' driver&#xD;
&#xD;
2019-09-11 21:21:49 - [MESSAGE][PASSED] - Browser is opened with url: ''&#xD;
&#xD;
2019-09-11 21:21:49 - [TEST_STEP][PASSED] - deleteAllCookies(): Delete all cookies successfully&#xD;
&#xD;
2019-09-11 21:21:52 - [MESSAGE][PASSED] - Delete all cookies successfully&#xD;
&#xD;
2019-09-11 21:21:52 - [TEST_STEP][PASSED] - waitForPageLoad(30): Wait for page load successfully&#xD;
&#xD;
2019-09-11 21:21:52 - [MESSAGE][PASSED] - Wait for page load successfully&#xD;
&#xD;
2019-09-11 21:21:52 - [TEST_STEP][PASSED] - maximizeWindow(): Current window maximized&#xD;
&#xD;
2019-09-11 21:21:53 - [MESSAGE][PASSED] - Current window maximized&#xD;
&#xD;
2019-09-11 21:21:53 - [TEST_STEP][PASSED] - ACTPOLTESTENV = 1: null&#xD;
&#xD;
2019-09-11 21:21:53 - [TEST_STEP][PASSED] - ACTPOLDEVENV = 2: null&#xD;
&#xD;
2019-09-11 21:21:53 - [TEST_STEP][PASSED] - ACTPOLKCENV = 3: null&#xD;
&#xD;
2019-09-11 21:21:53 - [TEST_STEP][PASSED] - ACTPOLKBKPCNENV = 4: null&#xD;
&#xD;
2019-09-11 21:21:53 - [TEST_STEP][PASSED] - ACTPOLKBKMARENV = 5: null&#xD;
&#xD;
2019-09-11 21:21:53 - [TEST_STEP][PASSED] - ACTPOLKMENV = 6: null&#xD;
&#xD;
2019-09-11 21:21:53 - [TEST_STEP][PASSED] - ACTPOLKWENV = 7: null&#xD;
&#xD;
2019-09-11 21:21:53 - [TEST_STEP][PASSED] - environment = ACTPOLTESTENV: null&#xD;
&#xD;
2019-09-11 21:21:53 - [TEST_STEP][PASSED] - Selectenv = &lt;not implemented yet for class: org.codehaus.groovy.ast.expr.EmptyExpression&gt;: null&#xD;
&#xD;
2019-09-11 21:21:53 - [TEST_STEP][PASSED] - switch (environment): null&#xD;
&#xD;
2019-09-11 21:21:53 - [TEST_STEP][PASSED] - case 1:: null&#xD;
&#xD;
2019-09-11 21:21:53 - [TEST_STEP][PASSED] - println(Selectenv = "ACTPOL-TEST-ENV"): null&#xD;
&#xD;
2019-09-11 21:21:53 - [TEST_STEP][PASSED] - navigateToUrl(TESTURL): Navigate to 'http://10.20.10.7:8185/actpoltst/nxmenu.pgm?docnum=551' successfully&#xD;
&#xD;
2019-09-11 21:22:03 - [MESSAGE][PASSED] - Navigate to 'http://10.20.10.7:8185/actpoltst/nxmenu.pgm?docnum=551' successfully&#xD;
&#xD;
2019-09-11 21:22:03 - [TEST_STEP][PASSED] - setText(findTestObject("Actpol_Scripts/login/userid"), username): Text 'vidhya' is set on object 'Object Repository/Actpol_Scripts/login/userid'&#xD;
&#xD;
2019-09-11 21:22:04 - [MESSAGE][PASSED] - Text 'vidhya' is set on object 'Object Repository/Actpol_Scripts/login/userid'&#xD;
&#xD;
2019-09-11 21:22:04 - [TEST_STEP][PASSED] - setMaskedText(findTestObject("Actpol_Scripts/login/password"), password): Text '********' is set on object 'Object Repository/Actpol_Scripts/login/password'&#xD;
&#xD;
2019-09-11 21:22:04 - [MESSAGE][PASSED] - Text '********' is set on object 'Object Repository/Actpol_Scripts/login/password'&#xD;
&#xD;
2019-09-11 21:22:04 - [TEST_STEP][PASSED] - click(findTestObject("Actpol_Scripts/login/login")): Object: 'Object Repository/Actpol_Scripts/login/login' is clicked on&#xD;
&#xD;
2019-09-11 21:22:05 - [MESSAGE][PASSED] - Object: 'Object Repository/Actpol_Scripts/login/login' is clicked on&#xD;
&#xD;
2019-09-11 21:22:05 - [TEST_STEP][PASSED] - getWindowTitle(): Current window's title is: 'Login Page for ACTPOL Test'&#xD;
&#xD;
2019-09-11 21:22:05 - [MESSAGE][PASSED] - Current window's title is: 'Login Page for ACTPOL Test'&#xD;
&#xD;
2019-09-11 21:22:05 - [TEST_STEP][PASSED] - break: null&#xD;
&#xD;
2019-09-11 21:22:05 - [MESSAGE][PASSED] - Call Test Case 'Test Cases/main/Actpol_Login_testenv' successfully&#xD;
&#xD;
2019-09-11 21:22:05 - [TEST_STEP][PASSED] - selectOptionByValue(findTestObject("Actpol_Scripts/General Search/Algemene Zoekopdracht -test env/Assistentie"), "assist", false): All options with value 'assist' are selected in object 'Object Repository/Actpol_Scripts/General Search/Algemene Zoekopdracht -test env/Assistentie' &#xD;
&#xD;
2019-09-11 21:22:20 - [MESSAGE][PASSED] - All options with value 'assist' are selected in object 'Object Repository/Actpol_Scripts/General Search/Algemene Zoekopdracht -test env/Assistentie' &#xD;
&#xD;
2019-09-11 21:22:20 - [TEST_STEP][PASSED] - setText(findTestObject("Actpol_Scripts/General Search/Algemene Zoekopdracht -test env/Assistentie Set text"), Generiekassistenite_Module): Text '200601728' is set on object 'Object Repository/Actpol_Scripts/General Search/Algemene Zoekopdracht -test env/Assistentie Set text'&#xD;
&#xD;
2019-09-11 21:22:22 - [MESSAGE][PASSED] - Text '200601728' is set on object 'Object Repository/Actpol_Scripts/General Search/Algemene Zoekopdracht -test env/Assistentie Set text'&#xD;
&#xD;
2019-09-11 21:22:22 - [TEST_STEP][PASSED] - delay(2): Delayed 2 second(s)&#xD;
&#xD;
2019-09-11 21:22:24 - [MESSAGE][PASSED] - Delayed 2 second(s)&#xD;
&#xD;
2019-09-11 21:22:24 - [TEST_STEP][PASSED] - click(findTestObject("Actpol_Scripts/General Search/Algemene Zoekopdracht -test env/Zoeken new")): Object: 'Object Repository/Actpol_Scripts/General Search/Algemene Zoekopdracht -test env/Zoeken new' is clicked on&#xD;
&#xD;
2019-09-11 21:22:31 - [MESSAGE][PASSED] - Object: 'Object Repository/Actpol_Scripts/General Search/Algemene Zoekopdracht -test env/Zoeken new' is clicked on&#xD;
&#xD;
2019-09-11 21:22:31 - [TEST_STEP][PASSED] - delay(2): Delayed 2 second(s)&#xD;
&#xD;
2019-09-11 21:22:33 - [MESSAGE][PASSED] - Delayed 2 second(s)&#xD;
&#xD;
2019-09-11 21:22:33 - [TEST_STEP][PASSED] - AssistentiedynamicId = Generiekassistenite_Module: null&#xD;
&#xD;
2019-09-11 21:22:33 - [TEST_STEP][PASSED] - Assistentiexpath = "//*[text()="" + AssistentiedynamicId + ""]/preceding-sibling::td/a[2]": null&#xD;
&#xD;
2019-09-11 21:22:33 - [TEST_STEP][PASSED] - to = findTestObject("Actpol_Scripts/General Search/Algemene Zoekopdracht -test env/View Assistentie"): null&#xD;
&#xD;
2019-09-11 21:22:33 - [TEST_STEP][PASSED] - to.addProperty("xpath", EQUALS, Assistentiexpath): null&#xD;
&#xD;
2019-09-11 21:22:34 - [TEST_STEP][PASSED] - click(to): Object: 'Object Repository/Actpol_Scripts/General Search/Algemene Zoekopdracht -test env/View Assistentie' is clicked on&#xD;
&#xD;
2019-09-11 21:22:34 - [MESSAGE][PASSED] - Object: 'Object Repository/Actpol_Scripts/General Search/Algemene Zoekopdracht -test env/View Assistentie' is clicked on&#xD;
&#xD;
2019-09-11 21:22:34 - [TEST_STEP][PASSED] - click(findTestObject("Actpol_Scripts/General Search/Algemene Zoekopdracht -test env/Confirmeren")): Object: 'Object Repository/Actpol_Scripts/General Search/Algemene Zoekopdracht -test env/Confirmeren' is clicked on&#xD;
&#xD;
2019-09-11 21:22:47 - [MESSAGE][PASSED] - Object: 'Object Repository/Actpol_Scripts/General Search/Algemene Zoekopdracht -test env/Confirmeren' is clicked on&#xD;
&#xD;
2019-09-11 21:22:47 - [TEST_STEP][PASSED] - delay(5): Delayed 5 second(s)&#xD;
&#xD;
2019-09-11 21:22:52 - [MESSAGE][PASSED] - Delayed 5 second(s)&#xD;
&#xD;
2019-09-11 21:22:52 - [TEST_STEP][PASSED] - click(findTestObject("Actpol_Scripts/Generiek/Assistentie/Click roll process")): Object: 'Object Repository/Actpol_Scripts/Generiek/Assistentie/Click roll process' is clicked on&#xD;
&#xD;
2019-09-11 21:22:56 - [MESSAGE][PASSED] - Object: 'Object Repository/Actpol_Scripts/Generiek/Assistentie/Click roll process' is clicked on&#xD;
&#xD;
2019-09-11 21:22:56 - [TEST_STEP][PASSED] - delay(2): Delayed 2 second(s)&#xD;
&#xD;
2019-09-11 21:22:59 - [MESSAGE][PASSED] - Delayed 2 second(s)&#xD;
&#xD;
2019-09-11 21:22:59 - [TEST_STEP][PASSED] - click(findTestObject("Actpol_Scripts/Generiek/Assistentie/Click new process")): Object: 'Object Repository/Actpol_Scripts/Generiek/Assistentie/Click new process' is clicked on&#xD;
&#xD;
2019-09-11 21:23:01 - [MESSAGE][PASSED] - Object: 'Object Repository/Actpol_Scripts/Generiek/Assistentie/Click new process' is clicked on&#xD;
&#xD;
2019-09-11 21:23:01 - [TEST_STEP][PASSED] - delay(2): Delayed 2 second(s)&#xD;
&#xD;
2019-09-11 21:23:03 - [MESSAGE][PASSED] - Delayed 2 second(s)&#xD;
&#xD;
2019-09-11 21:23:03 - [TEST_STEP][PASSED] - selectOptionByLabel(findTestObject("Actpol_Scripts/Generiek/Assistentie/Rol Proces Type"), "BEKEURDE PERSOON", false): All options with label 'BEKEURDE PERSOON' are selected in object 'Object Repository/Actpol_Scripts/Generiek/Assistentie/Rol Proces Type' &#xD;
&#xD;
2019-09-11 21:23:05 - [MESSAGE][PASSED] - All options with label 'BEKEURDE PERSOON' are selected in object 'Object Repository/Actpol_Scripts/Generiek/Assistentie/Rol Proces Type' &#xD;
&#xD;
2019-09-11 21:23:05 - [TEST_STEP][PASSED] - delay(3): Delayed 3 second(s)&#xD;
&#xD;
2019-09-11 21:23:08 - [MESSAGE][PASSED] - Delayed 3 second(s)&#xD;
&#xD;
2019-09-11 21:23:08 - [TEST_STEP][PASSED] - delay(2): Delayed 2 second(s)&#xD;
&#xD;
2019-09-11 21:23:11 - [MESSAGE][PASSED] - Delayed 2 second(s)&#xD;
&#xD;
2019-09-11 21:23:11 - [TEST_STEP][PASSED] - selectOptionByLabel(findTestObject("Actpol_Scripts/Extra script/Soort Procesverbaal"), "OPROEPINGSPROCES-VERBAAL", false): All options with label 'OPROEPINGSPROCES-VERBAAL' are selected in object 'Object Repository/Actpol_Scripts/Extra script/Soort Procesverbaal' &#xD;
&#xD;
2019-09-11 21:23:12 - [MESSAGE][PASSED] - All options with label 'OPROEPINGSPROCES-VERBAAL' are selected in object 'Object Repository/Actpol_Scripts/Extra script/Soort Procesverbaal' &#xD;
&#xD;
2019-09-11 21:23:12 - [TEST_STEP][PASSED] - delay(2): Delayed 2 second(s)&#xD;
&#xD;
2019-09-11 21:23:14 - [MESSAGE][PASSED] - Delayed 2 second(s)&#xD;
&#xD;
2019-09-11 21:23:14 - [TEST_STEP][PASSED] - click(findTestObject("Actpol_Scripts/Extra script/Voertuig radio click")): Object: 'Object Repository/Actpol_Scripts/Extra script/Voertuig radio click' is clicked on&#xD;
&#xD;
2019-09-11 21:23:16 - [MESSAGE][PASSED] - Object: 'Object Repository/Actpol_Scripts/Extra script/Voertuig radio click' is clicked on&#xD;
&#xD;
2019-09-11 21:23:16 - [TEST_STEP][PASSED] - delay(2): Delayed 2 second(s)&#xD;
&#xD;
2019-09-11 21:23:18 - [MESSAGE][PASSED] - Delayed 2 second(s)&#xD;
&#xD;
2019-09-11 21:23:18 - [TEST_STEP][PASSED] - click(findTestObject("Actpol_Scripts/Extra script/Proces_Verbaal")): Object: 'Object Repository/Actpol_Scripts/Extra script/Proces_Verbaal' is clicked on&#xD;
&#xD;
2019-09-11 21:23:19 - [MESSAGE][PASSED] - Object: 'Object Repository/Actpol_Scripts/Extra script/Proces_Verbaal' is clicked on&#xD;
&#xD;
2019-09-11 21:23:19 - [TEST_STEP][PASSED] - delay(1): Delayed 1 second(s)&#xD;
&#xD;
2019-09-11 21:23:20 - [MESSAGE][PASSED] - Delayed 1 second(s)&#xD;
&#xD;
2019-09-11 21:23:20 - [TEST_STEP][PASSED] - click(findTestObject("Actpol_Scripts/Extra script/Strafbare_feit click")): Object: 'Object Repository/Actpol_Scripts/Extra script/Strafbare_feit click' is clicked on&#xD;
&#xD;
2019-09-11 21:23:22 - [MESSAGE][PASSED] - Object: 'Object Repository/Actpol_Scripts/Extra script/Strafbare_feit click' is clicked on&#xD;
&#xD;
2019-09-11 21:23:22 - [TEST_STEP][PASSED] - delay(1): Delayed 1 second(s)&#xD;
&#xD;
2019-09-11 21:23:23 - [MESSAGE][PASSED] - Delayed 1 second(s)&#xD;
&#xD;
2019-09-11 21:23:23 - [TEST_STEP][PASSED] - click(findTestObject("Actpol_Scripts/Extra script/Strafbare_feit click new")): Object: 'Object Repository/Actpol_Scripts/Extra script/Strafbare_feit click new' is clicked on&#xD;
&#xD;
2019-09-11 21:23:25 - [MESSAGE][PASSED] - Object: 'Object Repository/Actpol_Scripts/Extra script/Strafbare_feit click new' is clicked on&#xD;
&#xD;
2019-09-11 21:23:25 - [TEST_STEP][PASSED] - delay(2): Delayed 2 second(s)&#xD;
&#xD;
2019-09-11 21:23:27 - [MESSAGE][PASSED] - Delayed 2 second(s)&#xD;
&#xD;
2019-09-11 21:23:27 - [TEST_STEP][PASSED] - takeScreenshot(): Taking screenshot successfully&#xD;
&#xD;
2019-09-11 21:23:33 - [MESSAGE][PASSED] - Taking screenshot successfully&#xD;
[[ATTACHMENT|C:\\Users\\user4\\git\\ACTPOL\\Reports\\20190911_211839\\Release 6.6\\ACTPOL-547 and 570\\20190911_211839\\1568217207459.png]]</system-out>
            <system-err></system-err>
        </testcase>
        <system-out>2019-09-11 21:18:54 - [TEST_SUITE][INCOMPLETE] - ACTPOL-547 and 570: null</system-out>
        <system-err>2019-09-11 21:18:54 - [TEST_SUITE][INCOMPLETE] - ACTPOL-547 and 570: null</system-err>
    </testsuite>
</testsuites>
