<?xml version="1.0" encoding="UTF-8" standalone="yes"?>
<testsuites name="ACTPOL-558,559 and 560" time="588" tests="3" failures="0" errors="0">
    <testsuite name="ACTPOL-558,559 and 560" tests="3" failures="0" errors="0" time="588" timestamp="2019-09-04 18:29:39" hostname="user4 - 10.20.20.7" id="Test Suites/Release 6.6/ACTPOL-558,559 and 560">
        <properties>
            <property name="deviceName" value=""/>
            <property name="devicePlatform" value=""/>
            <property name="logFolder" value="C:\\Users\\user4\\git\\ACTPOL\\Reports\\20190904_182916\\Release 6.6\\ACTPOL-558,559 and 560\\20190904_182926"/>
            <property name="logFiles" value="C:\\Users\\user4\\git\\ACTPOL\\Reports\\20190904_182916\\Release 6.6\\ACTPOL-558,559 and 560\\20190904_182926\\execution0.log"/>
            <property name="attachments" value="C:\\Users\\user4\\git\\ACTPOL\\Reports\\20190904_182916\\Release 6.6\\ACTPOL-558,559 and 560\\20190904_182926\\1567602183492.png, C:\\Users\\user4\\git\\ACTPOL\\Reports\\20190904_182916\\Release 6.6\\ACTPOL-558,559 and 560\\20190904_182926\\1567602279703.png, C:\\Users\\user4\\git\\ACTPOL\\Reports\\20190904_182916\\Release 6.6\\ACTPOL-558,559 and 560\\20190904_182926\\1567602300579.png, C:\\Users\\user4\\git\\ACTPOL\\Reports\\20190904_182916\\Release 6.6\\ACTPOL-558,559 and 560\\20190904_182926\\1567602324693.png, C:\\Users\\user4\\git\\ACTPOL\\Reports\\20190904_182916\\Release 6.6\\ACTPOL-558,559 and 560\\20190904_182926\\1567602350545.png, C:\\Users\\user4\\git\\ACTPOL\\Reports\\20190904_182916\\Release 6.6\\ACTPOL-558,559 and 560\\20190904_182926\\1567602359678.png, C:\\Users\\user4\\git\\ACTPOL\\Reports\\20190904_182916\\Release 6.6\\ACTPOL-558,559 and 560\\20190904_182926\\1567602515201.png"/>
            <property name="hostName" value="user4 - 10.20.20.7"/>
            <property name="os" value="Windows 8.1 64bit"/>
            <property name="katalonVersion" value="6.3.2.1"/>
            <property name="browser" value="Chrome 76.0.3809.132"/>
            <property name="hostAddress" value="10.20.20.7"/>
            <property name="sessionId" value="b3aa051799a8e8b5bfac887df9b8a4ad"/>
            <property name="seleniumVersion" value="3.141.59"/>
            <property name="proxyInformation" value="ProxyInformation{proxyOption=NO_PROXY, proxyServerType=HTTP, password=, proxyServerAddress=, proxyServerPort=0}"/>
            <property name="platform" value="Windows 8.1"/>
        </properties>
        <testcase name="Test Cases/JIRA Tasks/Release 6.6/ACTPOL-558" classname="Test Cases/JIRA Tasks/Release 6.6/ACTPOL-558" status="PASSED">
            <system-out>2019-09-04 18:29:40 - [TEST_CASE][PASSED] - Test Cases/JIRA Tasks/Release 6.6/ACTPOL-558: Test Cases/JIRA Tasks/Release 6.6/ACTPOL-558&#xD;
&#xD;
2019-09-04 18:29:42 - [TEST_STEP][PASSED] - callTestCase(findTestCase("main/Actpol_Login_testenv"), [:], STOP_ON_FAILURE): Call Test Case 'Test Cases/main/Actpol_Login_testenv' successfully&#xD;
&#xD;
2019-09-04 18:29:43 - [TEST_CASE][PASSED] - Test Cases/main/Actpol_Login_testenv: Test Cases/main/Actpol_Login_testenv&#xD;
&#xD;
2019-09-04 18:29:44 - [TEST_STEP][PASSED] - openBrowser(""): Browser is opened with url: ''&#xD;
&#xD;
2019-09-04 18:29:48 - [MESSAGE][INFO] - Starting 'Chrome' driver&#xD;
&#xD;
2019-09-04 18:29:49 - [MESSAGE][INFO] - Action delay is set to 0 seconds&#xD;
&#xD;
2019-09-04 18:31:34 - [MESSAGE][PASSED] - Browser is opened with url: ''&#xD;
&#xD;
2019-09-04 18:31:34 - [TEST_STEP][PASSED] - deleteAllCookies(): Delete all cookies successfully&#xD;
&#xD;
2019-09-04 18:31:34 - [MESSAGE][PASSED] - Delete all cookies successfully&#xD;
&#xD;
2019-09-04 18:31:34 - [TEST_STEP][PASSED] - waitForPageLoad(30): Wait for page load successfully&#xD;
&#xD;
2019-09-04 18:31:39 - [MESSAGE][PASSED] - Wait for page load successfully&#xD;
&#xD;
2019-09-04 18:31:39 - [TEST_STEP][PASSED] - maximizeWindow(): Current window maximized&#xD;
&#xD;
2019-09-04 18:31:41 - [MESSAGE][PASSED] - Current window maximized&#xD;
&#xD;
2019-09-04 18:31:41 - [TEST_STEP][PASSED] - ACTPOLTESTENV = 1: null&#xD;
&#xD;
2019-09-04 18:31:41 - [TEST_STEP][PASSED] - ACTPOLDEVENV = 2: null&#xD;
&#xD;
2019-09-04 18:31:41 - [TEST_STEP][PASSED] - ACTPOLKCENV = 3: null&#xD;
&#xD;
2019-09-04 18:31:41 - [TEST_STEP][PASSED] - ACTPOLKBKPCNENV = 4: null&#xD;
&#xD;
2019-09-04 18:31:41 - [TEST_STEP][PASSED] - ACTPOLKBKMARENV = 5: null&#xD;
&#xD;
2019-09-04 18:31:41 - [TEST_STEP][PASSED] - ACTPOLKMENV = 6: null&#xD;
&#xD;
2019-09-04 18:31:41 - [TEST_STEP][PASSED] - ACTPOLKWENV = 7: null&#xD;
&#xD;
2019-09-04 18:31:41 - [TEST_STEP][PASSED] - environment = ACTPOLDEVENV: null&#xD;
&#xD;
2019-09-04 18:31:41 - [TEST_STEP][PASSED] - Selectenv = &lt;not implemented yet for class: org.codehaus.groovy.ast.expr.EmptyExpression&gt;: null&#xD;
&#xD;
2019-09-04 18:31:41 - [TEST_STEP][PASSED] - switch (environment): null&#xD;
&#xD;
2019-09-04 18:31:43 - [TEST_STEP][PASSED] - case 2:: null&#xD;
&#xD;
2019-09-04 18:31:43 - [TEST_STEP][PASSED] - println(Selectenv = "ACTPOL-DEV-ENV"): null&#xD;
&#xD;
2019-09-04 18:31:43 - [TEST_STEP][PASSED] - navigateToUrl(DEVURL): Navigate to 'http://10.20.10.7:8202/actpoldev/JPOL558/nxmenu.pgm?docnum=604' successfully&#xD;
&#xD;
2019-09-04 18:32:09 - [MESSAGE][PASSED] - Navigate to 'http://10.20.10.7:8202/actpoldev/JPOL558/nxmenu.pgm?docnum=604' successfully&#xD;
&#xD;
2019-09-04 18:32:09 - [TEST_STEP][PASSED] - setText(findTestObject("Actpol_Scripts/login/userid"), username): Text 'vidhya' is set on object 'Object Repository/Actpol_Scripts/login/userid'&#xD;
&#xD;
2019-09-04 18:32:20 - [MESSAGE][PASSED] - Text 'vidhya' is set on object 'Object Repository/Actpol_Scripts/login/userid'&#xD;
&#xD;
2019-09-04 18:32:20 - [TEST_STEP][PASSED] - setMaskedText(findTestObject("Actpol_Scripts/login/password"), password): Text '********' is set on object 'Object Repository/Actpol_Scripts/login/password'&#xD;
&#xD;
2019-09-04 18:32:22 - [MESSAGE][PASSED] - Text '********' is set on object 'Object Repository/Actpol_Scripts/login/password'&#xD;
&#xD;
2019-09-04 18:32:22 - [TEST_STEP][PASSED] - click(findTestObject("Actpol_Scripts/login/login")): Object: 'Object Repository/Actpol_Scripts/login/login' is clicked on&#xD;
&#xD;
2019-09-04 18:32:24 - [MESSAGE][PASSED] - Object: 'Object Repository/Actpol_Scripts/login/login' is clicked on&#xD;
&#xD;
2019-09-04 18:32:24 - [TEST_STEP][PASSED] - getWindowTitle(): Current window's title is: 'Login Page for ACTPOL Developer'&#xD;
&#xD;
2019-09-04 18:32:24 - [MESSAGE][PASSED] - Current window's title is: 'Login Page for ACTPOL Developer'&#xD;
&#xD;
2019-09-04 18:32:24 - [TEST_STEP][PASSED] - break: null&#xD;
&#xD;
2019-09-04 18:32:24 - [MESSAGE][PASSED] - Call Test Case 'Test Cases/main/Actpol_Login_testenv' successfully&#xD;
&#xD;
2019-09-04 18:32:24 - [TEST_STEP][PASSED] - log = new com.kms.katalon.core.logging.KeywordLogger(): null&#xD;
&#xD;
2019-09-04 18:32:24 - [TEST_STEP][PASSED] - mouseOver(findTestObject("Actpol_Scripts/Menu navigation/Opsporing/Opsporing")): Object: 'Object Repository/Actpol_Scripts/Menu navigation/Opsporing/Opsporing' is hovered&#xD;
&#xD;
2019-09-04 18:32:51 - [MESSAGE][PASSED] - Object: 'Object Repository/Actpol_Scripts/Menu navigation/Opsporing/Opsporing' is hovered&#xD;
&#xD;
2019-09-04 18:32:51 - [TEST_STEP][PASSED] - log.logInfo("Successfully logged"): Successfully logged&#xD;
&#xD;
2019-09-04 18:32:51 - [MESSAGE][INFO] - Successfully logged&#xD;
&#xD;
2019-09-04 18:32:51 - [TEST_STEP][PASSED] - delay(2): Delayed 2 second(s)&#xD;
&#xD;
2019-09-04 18:32:53 - [MESSAGE][PASSED] - Delayed 2 second(s)&#xD;
&#xD;
2019-09-04 18:32:53 - [TEST_STEP][PASSED] - click(findTestObject("Actpol_Scripts/Opsporing/MBES18/MBES18 TAB")): Object: 'Object Repository/Actpol_Scripts/Opsporing/MBES18/MBES18 TAB' is clicked on&#xD;
&#xD;
2019-09-04 18:32:58 - [MESSAGE][PASSED] - Object: 'Object Repository/Actpol_Scripts/Opsporing/MBES18/MBES18 TAB' is clicked on&#xD;
&#xD;
2019-09-04 18:32:58 - [TEST_STEP][PASSED] - log.logInfo("Clicking MBES18 tab "): Clicking MBES18 tab &#xD;
&#xD;
2019-09-04 18:32:58 - [MESSAGE][INFO] - Clicking MBES18 tab &#xD;
&#xD;
2019-09-04 18:32:58 - [TEST_STEP][PASSED] - delay(1): Delayed 1 second(s)&#xD;
&#xD;
2019-09-04 18:32:59 - [MESSAGE][PASSED] - Delayed 1 second(s)&#xD;
&#xD;
2019-09-04 18:32:59 - [TEST_STEP][PASSED] - mouseOver(findTestObject("Actpol_Scripts/Menu navigation/Generiek/Generiek")): Object: 'Object Repository/Actpol_Scripts/Menu navigation/Generiek/Generiek' is hovered&#xD;
&#xD;
2019-09-04 18:33:00 - [MESSAGE][PASSED] - Object: 'Object Repository/Actpol_Scripts/Menu navigation/Generiek/Generiek' is hovered&#xD;
&#xD;
2019-09-04 18:33:00 - [TEST_STEP][PASSED] - delay(3): Delayed 3 second(s)&#xD;
&#xD;
2019-09-04 18:33:03 - [MESSAGE][PASSED] - Delayed 3 second(s)&#xD;
&#xD;
2019-09-04 18:33:03 - [TEST_STEP][PASSED] - takeScreenshot(): Taking screenshot successfully&#xD;
&#xD;
2019-09-04 18:33:06 - [MESSAGE][PASSED] - Taking screenshot successfully&#xD;
[[ATTACHMENT|C:\\Users\\user4\\git\\ACTPOL\\Reports\\20190904_182916\\Release 6.6\\ACTPOL-558,559 and 560\\20190904_182926\\1567602183492.png]]&#xD;
&#xD;
2019-09-04 18:33:06 - [TEST_STEP][PASSED] - log.logInfo("MBES18 module is displayed"): MBES18 module is displayed&#xD;
&#xD;
2019-09-04 18:33:06 - [MESSAGE][INFO] - MBES18 module is displayed&#xD;
&#xD;
2019-09-04 18:33:06 - [TEST_STEP][PASSED] - delay(1): Delayed 1 second(s)&#xD;
&#xD;
2019-09-04 18:33:07 - [MESSAGE][PASSED] - Delayed 1 second(s)&#xD;
&#xD;
2019-09-04 18:33:07 - [TEST_STEP][PASSED] - optie = getText(findTestObject("JIRA/A Relese 6.6/ACTPOL-558/optie")): Text of object 'Object Repository/JIRA/A Relese 6.6/ACTPOL-558/optie' is: 'Optie'&#xD;
&#xD;
2019-09-04 18:33:10 - [MESSAGE][PASSED] - Text of object 'Object Repository/JIRA/A Relese 6.6/ACTPOL-558/optie' is: 'Optie'&#xD;
&#xD;
2019-09-04 18:33:10 - [TEST_STEP][PASSED] - log.logInfo("Grid is shown contains columns mentioned ::" + optie): Grid is shown contains columns mentioned ::Optie&#xD;
&#xD;
2019-09-04 18:33:10 - [MESSAGE][INFO] - Grid is shown contains columns mentioned ::Optie&#xD;
&#xD;
2019-09-04 18:33:10 - [TEST_STEP][PASSED] - delay(1): Delayed 1 second(s)&#xD;
&#xD;
2019-09-04 18:33:11 - [MESSAGE][PASSED] - Delayed 1 second(s)&#xD;
&#xD;
2019-09-04 18:33:11 - [TEST_STEP][PASSED] - vlg = getText(findTestObject("JIRA/A Relese 6.6/ACTPOL-558/Vlg. Nummer")): Text of object 'Object Repository/JIRA/A Relese 6.6/ACTPOL-558/Vlg. Nummer' is: 'Vlg. Nummer'&#xD;
&#xD;
2019-09-04 18:33:12 - [MESSAGE][PASSED] - Text of object 'Object Repository/JIRA/A Relese 6.6/ACTPOL-558/Vlg. Nummer' is: 'Vlg. Nummer'&#xD;
&#xD;
2019-09-04 18:33:12 - [TEST_STEP][PASSED] - log.logInfo("Grid is shown contains columns mentioned ::" + vlg): Grid is shown contains columns mentioned ::Vlg. Nummer&#xD;
&#xD;
2019-09-04 18:33:12 - [MESSAGE][INFO] - Grid is shown contains columns mentioned ::Vlg. Nummer&#xD;
&#xD;
2019-09-04 18:33:12 - [TEST_STEP][PASSED] - delay(1): Delayed 1 second(s)&#xD;
&#xD;
2019-09-04 18:33:13 - [MESSAGE][PASSED] - Delayed 1 second(s)&#xD;
&#xD;
2019-09-04 18:33:13 - [TEST_STEP][PASSED] - datam = getText(findTestObject("JIRA/A Relese 6.6/ACTPOL-558/Datum Incident")): Text of object 'Object Repository/JIRA/A Relese 6.6/ACTPOL-558/Datum Incident' is: 'Datum Incident'&#xD;
&#xD;
2019-09-04 18:33:14 - [MESSAGE][PASSED] - Text of object 'Object Repository/JIRA/A Relese 6.6/ACTPOL-558/Datum Incident' is: 'Datum Incident'&#xD;
&#xD;
2019-09-04 18:33:14 - [TEST_STEP][PASSED] - log.logInfo("Grid is shown contains columns mentioned ::" + datam): Grid is shown contains columns mentioned ::Datum Incident&#xD;
&#xD;
2019-09-04 18:33:14 - [MESSAGE][INFO] - Grid is shown contains columns mentioned ::Datum Incident&#xD;
&#xD;
2019-09-04 18:33:14 - [TEST_STEP][PASSED] - delay(1): Delayed 1 second(s)&#xD;
&#xD;
2019-09-04 18:33:15 - [MESSAGE][PASSED] - Delayed 1 second(s)&#xD;
&#xD;
2019-09-04 18:33:15 - [TEST_STEP][PASSED] - bij = getText(findTestObject("JIRA/A Relese 6.6/ACTPOL-558/Bijzonderheden")): Text of object 'Object Repository/JIRA/A Relese 6.6/ACTPOL-558/Bijzonderheden' is: 'Bijzonderheden'&#xD;
&#xD;
2019-09-04 18:33:16 - [MESSAGE][PASSED] - Text of object 'Object Repository/JIRA/A Relese 6.6/ACTPOL-558/Bijzonderheden' is: 'Bijzonderheden'&#xD;
&#xD;
2019-09-04 18:33:16 - [TEST_STEP][PASSED] - log.logInfo("Grid is shown contains columns mentioned ::" + bij): Grid is shown contains columns mentioned ::Bijzonderheden&#xD;
&#xD;
2019-09-04 18:33:16 - [MESSAGE][INFO] - Grid is shown contains columns mentioned ::Bijzonderheden&#xD;
&#xD;
2019-09-04 18:33:16 - [TEST_STEP][PASSED] - delay(1): Delayed 1 second(s)&#xD;
&#xD;
2019-09-04 18:33:17 - [MESSAGE][PASSED] - Delayed 1 second(s)&#xD;
&#xD;
2019-09-04 18:33:17 - [TEST_STEP][PASSED] - org = getText(findTestObject("JIRA/A Relese 6.6/ACTPOL-558/Organisatie")): Text of object 'Object Repository/JIRA/A Relese 6.6/ACTPOL-558/Organisatie' is: 'Organisatie'&#xD;
&#xD;
2019-09-04 18:33:18 - [MESSAGE][PASSED] - Text of object 'Object Repository/JIRA/A Relese 6.6/ACTPOL-558/Organisatie' is: 'Organisatie'&#xD;
&#xD;
2019-09-04 18:33:18 - [TEST_STEP][PASSED] - log.logInfo("Grid is shown contains columns mentioned ::" + org): Grid is shown contains columns mentioned ::Organisatie&#xD;
&#xD;
2019-09-04 18:33:18 - [MESSAGE][INFO] - Grid is shown contains columns mentioned ::Organisatie&#xD;
&#xD;
2019-09-04 18:33:18 - [TEST_STEP][PASSED] - delay(1): Delayed 1 second(s)&#xD;
&#xD;
2019-09-04 18:33:19 - [MESSAGE][PASSED] - Delayed 1 second(s)&#xD;
&#xD;
2019-09-04 18:33:19 - [TEST_STEP][PASSED] - con = getText(findTestObject("JIRA/A Relese 6.6/ACTPOL-558/Contact persoon")): Text of object 'Object Repository/JIRA/A Relese 6.6/ACTPOL-558/Contact persoon' is: 'Contact persoon'&#xD;
&#xD;
2019-09-04 18:33:20 - [MESSAGE][PASSED] - Text of object 'Object Repository/JIRA/A Relese 6.6/ACTPOL-558/Contact persoon' is: 'Contact persoon'&#xD;
&#xD;
2019-09-04 18:33:20 - [TEST_STEP][PASSED] - log.logInfo("Grid is shown contains columns mentioned ::" + con): Grid is shown contains columns mentioned ::Contact persoon&#xD;
&#xD;
2019-09-04 18:33:20 - [MESSAGE][INFO] - Grid is shown contains columns mentioned ::Contact persoon&#xD;
&#xD;
2019-09-04 18:33:20 - [TEST_STEP][PASSED] - delay(1): Delayed 1 second(s)&#xD;
&#xD;
2019-09-04 18:33:21 - [MESSAGE][PASSED] - Delayed 1 second(s)&#xD;
&#xD;
2019-09-04 18:33:21 - [TEST_STEP][PASSED] - telefoon = getText(findTestObject("JIRA/A Relese 6.6/ACTPOL-558/Telefoon nummer")): Text of object 'Object Repository/JIRA/A Relese 6.6/ACTPOL-558/Telefoon nummer' is: 'Telefoon nummer'&#xD;
&#xD;
2019-09-04 18:33:22 - [MESSAGE][PASSED] - Text of object 'Object Repository/JIRA/A Relese 6.6/ACTPOL-558/Telefoon nummer' is: 'Telefoon nummer'&#xD;
&#xD;
2019-09-04 18:33:22 - [TEST_STEP][PASSED] - log.logInfo("Grid is shown contains columns mentioned ::" + telefoon): Grid is shown contains columns mentioned ::Telefoon nummer&#xD;
&#xD;
2019-09-04 18:33:22 - [MESSAGE][INFO] - Grid is shown contains columns mentioned ::Telefoon nummer&#xD;
&#xD;
2019-09-04 18:33:22 - [TEST_STEP][PASSED] - delay(1): Delayed 1 second(s)&#xD;
&#xD;
2019-09-04 18:33:23 - [MESSAGE][PASSED] - Delayed 1 second(s)&#xD;
&#xD;
2019-09-04 18:33:23 - [TEST_STEP][PASSED] - voornaam = getText(findTestObject("JIRA/A Relese 6.6/ACTPOL-558/Voornaam")): Text of object 'Object Repository/JIRA/A Relese 6.6/ACTPOL-558/Voornaam' is: 'Voornaam'&#xD;
&#xD;
2019-09-04 18:33:25 - [MESSAGE][PASSED] - Text of object 'Object Repository/JIRA/A Relese 6.6/ACTPOL-558/Voornaam' is: 'Voornaam'&#xD;
&#xD;
2019-09-04 18:33:25 - [TEST_STEP][PASSED] - log.logInfo("Grid is shown contains columns mentioned ::" + voornaam): Grid is shown contains columns mentioned ::Voornaam&#xD;
&#xD;
2019-09-04 18:33:25 - [MESSAGE][INFO] - Grid is shown contains columns mentioned ::Voornaam&#xD;
&#xD;
2019-09-04 18:33:25 - [TEST_STEP][PASSED] - delay(1): Delayed 1 second(s)&#xD;
&#xD;
2019-09-04 18:33:26 - [MESSAGE][PASSED] - Delayed 1 second(s)&#xD;
&#xD;
2019-09-04 18:33:26 - [TEST_STEP][PASSED] - achternaam = getText(findTestObject("JIRA/A Relese 6.6/ACTPOL-558/Achternaam")): Text of object 'Object Repository/JIRA/A Relese 6.6/ACTPOL-558/Achternaam' is: 'Achternaam'&#xD;
&#xD;
2019-09-04 18:33:27 - [MESSAGE][PASSED] - Text of object 'Object Repository/JIRA/A Relese 6.6/ACTPOL-558/Achternaam' is: 'Achternaam'&#xD;
&#xD;
2019-09-04 18:33:27 - [TEST_STEP][PASSED] - log.logInfo("Grid is shown contains columns mentioned ::" + achternaam): Grid is shown contains columns mentioned ::Achternaam&#xD;
&#xD;
2019-09-04 18:33:27 - [MESSAGE][INFO] - Grid is shown contains columns mentioned ::Achternaam&#xD;
&#xD;
2019-09-04 18:33:27 - [TEST_STEP][PASSED] - delay(1): Delayed 1 second(s)&#xD;
&#xD;
2019-09-04 18:33:28 - [MESSAGE][PASSED] - Delayed 1 second(s)&#xD;
&#xD;
2019-09-04 18:33:28 - [TEST_STEP][PASSED] - geb = getText(findTestObject("JIRA/A Relese 6.6/ACTPOL-558/Geboortedatum")): Text of object 'Object Repository/JIRA/A Relese 6.6/ACTPOL-558/Geboortedatum' is: 'Geboortedatum'&#xD;
&#xD;
2019-09-04 18:33:30 - [MESSAGE][PASSED] - Text of object 'Object Repository/JIRA/A Relese 6.6/ACTPOL-558/Geboortedatum' is: 'Geboortedatum'&#xD;
&#xD;
2019-09-04 18:33:30 - [TEST_STEP][PASSED] - log.logInfo("Grid is shown contains columns mentioned ::" + geb): Grid is shown contains columns mentioned ::Geboortedatum&#xD;
&#xD;
2019-09-04 18:33:30 - [MESSAGE][INFO] - Grid is shown contains columns mentioned ::Geboortedatum</system-out>
            <system-err></system-err>
        </testcase>
        <testcase name="Test Cases/JIRA Tasks/Release 6.6/ACTPOL-559" classname="Test Cases/JIRA Tasks/Release 6.6/ACTPOL-559" status="PASSED">
            <system-out>2019-09-04 18:33:34 - [TEST_CASE][PASSED] - Test Cases/JIRA Tasks/Release 6.6/ACTPOL-559: Test Cases/JIRA Tasks/Release 6.6/ACTPOL-559&#xD;
&#xD;
2019-09-04 18:33:35 - [TEST_STEP][PASSED] - callTestCase(findTestCase("main/Actpol_Login_testenv"), [:], STOP_ON_FAILURE): Call Test Case 'Test Cases/main/Actpol_Login_testenv' successfully&#xD;
&#xD;
2019-09-04 18:33:35 - [TEST_CASE][PASSED] - Test Cases/main/Actpol_Login_testenv: Test Cases/main/Actpol_Login_testenv&#xD;
&#xD;
2019-09-04 18:33:35 - [TEST_STEP][PASSED] - openBrowser(""): Browser is opened with url: ''&#xD;
&#xD;
2019-09-04 18:33:35 - [MESSAGE][WARNING] - A browser is already opened. Closing browser and opening a new one&#xD;
&#xD;
2019-09-04 18:33:38 - [MESSAGE][INFO] - Starting 'Chrome' driver&#xD;
&#xD;
2019-09-04 18:33:57 - [MESSAGE][PASSED] - Browser is opened with url: ''&#xD;
&#xD;
2019-09-04 18:33:57 - [TEST_STEP][PASSED] - deleteAllCookies(): Delete all cookies successfully&#xD;
&#xD;
2019-09-04 18:33:58 - [MESSAGE][PASSED] - Delete all cookies successfully&#xD;
&#xD;
2019-09-04 18:33:58 - [TEST_STEP][PASSED] - waitForPageLoad(30): Wait for page load successfully&#xD;
&#xD;
2019-09-04 18:33:58 - [MESSAGE][PASSED] - Wait for page load successfully&#xD;
&#xD;
2019-09-04 18:33:58 - [TEST_STEP][PASSED] - maximizeWindow(): Current window maximized&#xD;
&#xD;
2019-09-04 18:33:59 - [MESSAGE][PASSED] - Current window maximized&#xD;
&#xD;
2019-09-04 18:33:59 - [TEST_STEP][PASSED] - ACTPOLTESTENV = 1: null&#xD;
&#xD;
2019-09-04 18:33:59 - [TEST_STEP][PASSED] - ACTPOLDEVENV = 2: null&#xD;
&#xD;
2019-09-04 18:33:59 - [TEST_STEP][PASSED] - ACTPOLKCENV = 3: null&#xD;
&#xD;
2019-09-04 18:33:59 - [TEST_STEP][PASSED] - ACTPOLKBKPCNENV = 4: null&#xD;
&#xD;
2019-09-04 18:33:59 - [TEST_STEP][PASSED] - ACTPOLKBKMARENV = 5: null&#xD;
&#xD;
2019-09-04 18:33:59 - [TEST_STEP][PASSED] - ACTPOLKMENV = 6: null&#xD;
&#xD;
2019-09-04 18:33:59 - [TEST_STEP][PASSED] - ACTPOLKWENV = 7: null&#xD;
&#xD;
2019-09-04 18:33:59 - [TEST_STEP][PASSED] - environment = ACTPOLDEVENV: null&#xD;
&#xD;
2019-09-04 18:33:59 - [TEST_STEP][PASSED] - Selectenv = &lt;not implemented yet for class: org.codehaus.groovy.ast.expr.EmptyExpression&gt;: null&#xD;
&#xD;
2019-09-04 18:33:59 - [TEST_STEP][PASSED] - switch (environment): null&#xD;
&#xD;
2019-09-04 18:33:59 - [TEST_STEP][PASSED] - case 2:: null&#xD;
&#xD;
2019-09-04 18:33:59 - [TEST_STEP][PASSED] - println(Selectenv = "ACTPOL-DEV-ENV"): null&#xD;
&#xD;
2019-09-04 18:33:59 - [TEST_STEP][PASSED] - navigateToUrl(DEVURL): Navigate to 'http://10.20.10.7:8202/actpoldev/JPOL558/nxmenu.pgm?docnum=604' successfully&#xD;
&#xD;
2019-09-04 18:34:08 - [MESSAGE][PASSED] - Navigate to 'http://10.20.10.7:8202/actpoldev/JPOL558/nxmenu.pgm?docnum=604' successfully&#xD;
&#xD;
2019-09-04 18:34:08 - [TEST_STEP][PASSED] - setText(findTestObject("Actpol_Scripts/login/userid"), username): Text 'vidhya' is set on object 'Object Repository/Actpol_Scripts/login/userid'&#xD;
&#xD;
2019-09-04 18:34:09 - [MESSAGE][PASSED] - Text 'vidhya' is set on object 'Object Repository/Actpol_Scripts/login/userid'&#xD;
&#xD;
2019-09-04 18:34:09 - [TEST_STEP][PASSED] - setMaskedText(findTestObject("Actpol_Scripts/login/password"), password): Text '********' is set on object 'Object Repository/Actpol_Scripts/login/password'&#xD;
&#xD;
2019-09-04 18:34:09 - [MESSAGE][PASSED] - Text '********' is set on object 'Object Repository/Actpol_Scripts/login/password'&#xD;
&#xD;
2019-09-04 18:34:09 - [TEST_STEP][PASSED] - click(findTestObject("Actpol_Scripts/login/login")): Object: 'Object Repository/Actpol_Scripts/login/login' is clicked on&#xD;
&#xD;
2019-09-04 18:34:10 - [MESSAGE][PASSED] - Object: 'Object Repository/Actpol_Scripts/login/login' is clicked on&#xD;
&#xD;
2019-09-04 18:34:10 - [TEST_STEP][PASSED] - getWindowTitle(): Current window's title is: 'Login Page for ACTPOL Developer'&#xD;
&#xD;
2019-09-04 18:34:10 - [MESSAGE][PASSED] - Current window's title is: 'Login Page for ACTPOL Developer'&#xD;
&#xD;
2019-09-04 18:34:10 - [TEST_STEP][PASSED] - break: null&#xD;
&#xD;
2019-09-04 18:34:10 - [MESSAGE][PASSED] - Call Test Case 'Test Cases/main/Actpol_Login_testenv' successfully&#xD;
&#xD;
2019-09-04 18:34:10 - [TEST_STEP][PASSED] - log = new com.kms.katalon.core.logging.KeywordLogger(): null&#xD;
&#xD;
2019-09-04 18:34:10 - [TEST_STEP][PASSED] - mouseOver(findTestObject("Actpol_Scripts/Menu navigation/Opsporing/Opsporing")): Object: 'Object Repository/Actpol_Scripts/Menu navigation/Opsporing/Opsporing' is hovered&#xD;
&#xD;
2019-09-04 18:34:24 - [MESSAGE][PASSED] - Object: 'Object Repository/Actpol_Scripts/Menu navigation/Opsporing/Opsporing' is hovered&#xD;
&#xD;
2019-09-04 18:34:24 - [TEST_STEP][PASSED] - log.logInfo("Successfully logged"): Successfully logged&#xD;
&#xD;
2019-09-04 18:34:24 - [MESSAGE][INFO] - Successfully logged&#xD;
&#xD;
2019-09-04 18:34:24 - [TEST_STEP][PASSED] - delay(2): Delayed 2 second(s)&#xD;
&#xD;
2019-09-04 18:34:26 - [MESSAGE][PASSED] - Delayed 2 second(s)&#xD;
&#xD;
2019-09-04 18:34:26 - [TEST_STEP][PASSED] - click(findTestObject("Actpol_Scripts/Opsporing/MBES18/MBES18 TAB")): Object: 'Object Repository/Actpol_Scripts/Opsporing/MBES18/MBES18 TAB' is clicked on&#xD;
&#xD;
2019-09-04 18:34:31 - [MESSAGE][PASSED] - Object: 'Object Repository/Actpol_Scripts/Opsporing/MBES18/MBES18 TAB' is clicked on&#xD;
&#xD;
2019-09-04 18:34:31 - [TEST_STEP][PASSED] - log.logInfo("Clicking MBES18 tab "): Clicking MBES18 tab &#xD;
&#xD;
2019-09-04 18:34:31 - [MESSAGE][INFO] - Clicking MBES18 tab &#xD;
&#xD;
2019-09-04 18:34:31 - [TEST_STEP][PASSED] - delay(1): Delayed 1 second(s)&#xD;
&#xD;
2019-09-04 18:34:32 - [MESSAGE][PASSED] - Delayed 1 second(s)&#xD;
&#xD;
2019-09-04 18:34:32 - [TEST_STEP][PASSED] - mouseOver(findTestObject("Actpol_Scripts/Menu navigation/Generiek/Generiek")): Object: 'Object Repository/Actpol_Scripts/Menu navigation/Generiek/Generiek' is hovered&#xD;
&#xD;
2019-09-04 18:34:32 - [MESSAGE][PASSED] - Object: 'Object Repository/Actpol_Scripts/Menu navigation/Generiek/Generiek' is hovered&#xD;
&#xD;
2019-09-04 18:34:32 - [TEST_STEP][PASSED] - delay(5): Delayed 5 second(s)&#xD;
&#xD;
2019-09-04 18:34:37 - [MESSAGE][PASSED] - Delayed 5 second(s)&#xD;
&#xD;
2019-09-04 18:34:37 - [TEST_STEP][PASSED] - click(findTestObject("Actpol_Scripts/Opsporing/MBES18/mbes new")): Object: 'Object Repository/Actpol_Scripts/Opsporing/MBES18/mbes new' is clicked on&#xD;
&#xD;
2019-09-04 18:34:38 - [MESSAGE][PASSED] - Object: 'Object Repository/Actpol_Scripts/Opsporing/MBES18/mbes new' is clicked on&#xD;
&#xD;
2019-09-04 18:34:38 - [TEST_STEP][PASSED] - log.logInfo("Clicking MBES18 new button "): Clicking MBES18 new button &#xD;
&#xD;
2019-09-04 18:34:38 - [MESSAGE][INFO] - Clicking MBES18 new button &#xD;
&#xD;
2019-09-04 18:34:38 - [TEST_STEP][PASSED] - delay(1): Delayed 1 second(s)&#xD;
&#xD;
2019-09-04 18:34:39 - [MESSAGE][PASSED] - Delayed 1 second(s)&#xD;
&#xD;
2019-09-04 18:34:39 - [TEST_STEP][PASSED] - takeScreenshot(): Taking screenshot successfully&#xD;
&#xD;
2019-09-04 18:34:40 - [MESSAGE][PASSED] - Taking screenshot successfully&#xD;
[[ATTACHMENT|C:\\Users\\user4\\git\\ACTPOL\\Reports\\20190904_182916\\Release 6.6\\ACTPOL-558,559 and 560\\20190904_182926\\1567602279703.png]]&#xD;
&#xD;
2019-09-04 18:34:40 - [TEST_STEP][PASSED] - delay(1): Delayed 1 second(s)&#xD;
&#xD;
2019-09-04 18:34:41 - [MESSAGE][PASSED] - Delayed 1 second(s)&#xD;
&#xD;
2019-09-04 18:34:41 - [TEST_STEP][PASSED] - comment("Checking This should contain tab registratie, Personalia, Inbewaringstellings c.q. Plaatsingegevens, Gedrag/Medisch, Incidenten, Overige gegevens, Bezittingen/Bagage, Documenten. "): Checking This should contain tab registratie, Personalia, Inbewaringstellings c.q. Plaatsingegevens, Gedrag/Medisch, Incidenten, Overige gegevens, Bezittingen/Bagage, Documenten. &#xD;
&#xD;
2019-09-04 18:34:41 - [MESSAGE][INFO] - Checking This should contain tab registratie, Personalia, Inbewaringstellings c.q. Plaatsingegevens, Gedrag/Medisch, Incidenten, Overige gegevens, Bezittingen/Bagage, Documenten. &#xD;
&#xD;
2019-09-04 18:34:41 - [TEST_STEP][PASSED] - reg = getText(findTestObject("Actpol_Scripts/Opsporing/MBES18/Registratie tab")): Text of object 'Object Repository/Actpol_Scripts/Opsporing/MBES18/Registratie tab' is: 'Registratie'&#xD;
&#xD;
2019-09-04 18:34:42 - [MESSAGE][PASSED] - Text of object 'Object Repository/Actpol_Scripts/Opsporing/MBES18/Registratie tab' is: 'Registratie'&#xD;
&#xD;
2019-09-04 18:34:42 - [TEST_STEP][PASSED] - log.logInfo("Grid is shown contains tabs mentioned ::" + reg): Grid is shown contains tabs mentioned ::Registratie&#xD;
&#xD;
2019-09-04 18:34:42 - [MESSAGE][INFO] - Grid is shown contains tabs mentioned ::Registratie&#xD;
&#xD;
2019-09-04 18:34:42 - [TEST_STEP][PASSED] - delay(1): Delayed 1 second(s)&#xD;
&#xD;
2019-09-04 18:34:43 - [MESSAGE][PASSED] - Delayed 1 second(s)&#xD;
&#xD;
2019-09-04 18:34:43 - [TEST_STEP][PASSED] - per = getText(findTestObject("Actpol_Scripts/Opsporing/MBES18/Personalia tab")): Text of object 'Object Repository/Actpol_Scripts/Opsporing/MBES18/Personalia tab' is: 'Personalia'&#xD;
&#xD;
2019-09-04 18:34:44 - [MESSAGE][PASSED] - Text of object 'Object Repository/Actpol_Scripts/Opsporing/MBES18/Personalia tab' is: 'Personalia'&#xD;
&#xD;
2019-09-04 18:34:44 - [TEST_STEP][PASSED] - log.logInfo("Grid is shown contains columns mentioned ::" + per): Grid is shown contains columns mentioned ::Personalia&#xD;
&#xD;
2019-09-04 18:34:44 - [MESSAGE][INFO] - Grid is shown contains columns mentioned ::Personalia&#xD;
&#xD;
2019-09-04 18:34:44 - [TEST_STEP][PASSED] - delay(1): Delayed 1 second(s)&#xD;
&#xD;
2019-09-04 18:34:45 - [MESSAGE][PASSED] - Delayed 1 second(s)&#xD;
&#xD;
2019-09-04 18:34:45 - [TEST_STEP][PASSED] - inb = getText(findTestObject("Actpol_Scripts/Opsporing/MBES18/3 INBEWARINGSTELLINGS_C.Q._PLAATSINGSGEGEVENS/INBEWARINGSTELLINGS C.Q. PLAATSINGSGEGEVENS tab")): Text of object 'Object Repository/Actpol_Scripts/Opsporing/MBES18/3 INBEWARINGSTELLINGS_C.Q._PLAATSINGSGEGEVENS/INBEWARINGSTELLINGS C.Q. PLAATSINGSGEGEVENS tab' is: 'INBEWARINGSTELLINGS C.Q. PLAATSINGSGEGEVENS'&#xD;
&#xD;
2019-09-04 18:34:45 - [MESSAGE][PASSED] - Text of object 'Object Repository/Actpol_Scripts/Opsporing/MBES18/3 INBEWARINGSTELLINGS_C.Q._PLAATSINGSGEGEVENS/INBEWARINGSTELLINGS C.Q. PLAATSINGSGEGEVENS tab' is: 'INBEWARINGSTELLINGS C.Q. PLAATSINGSGEGEVENS'&#xD;
&#xD;
2019-09-04 18:34:45 - [TEST_STEP][PASSED] - log.logInfo("Grid is shown contains columns mentioned ::" + inb): Grid is shown contains columns mentioned ::INBEWARINGSTELLINGS C.Q. PLAATSINGSGEGEVENS&#xD;
&#xD;
2019-09-04 18:34:45 - [MESSAGE][INFO] - Grid is shown contains columns mentioned ::INBEWARINGSTELLINGS C.Q. PLAATSINGSGEGEVENS&#xD;
&#xD;
2019-09-04 18:34:45 - [TEST_STEP][PASSED] - delay(1): Delayed 1 second(s)&#xD;
&#xD;
2019-09-04 18:34:46 - [MESSAGE][PASSED] - Delayed 1 second(s)&#xD;
&#xD;
2019-09-04 18:34:46 - [TEST_STEP][PASSED] - ged = getText(findTestObject("Actpol_Scripts/Opsporing/MBES18/4 GEDRAG_MEDISCH/GEDRAG MEDISCH tab")): Text of object 'Object Repository/Actpol_Scripts/Opsporing/MBES18/4 GEDRAG_MEDISCH/GEDRAG MEDISCH tab' is: 'GEDRAG/MEDISCH'&#xD;
&#xD;
2019-09-04 18:34:47 - [MESSAGE][PASSED] - Text of object 'Object Repository/Actpol_Scripts/Opsporing/MBES18/4 GEDRAG_MEDISCH/GEDRAG MEDISCH tab' is: 'GEDRAG/MEDISCH'&#xD;
&#xD;
2019-09-04 18:34:47 - [TEST_STEP][PASSED] - log.logInfo("Grid is shown contains columns mentioned ::" + ged): Grid is shown contains columns mentioned ::GEDRAG/MEDISCH&#xD;
&#xD;
2019-09-04 18:34:47 - [MESSAGE][INFO] - Grid is shown contains columns mentioned ::GEDRAG/MEDISCH&#xD;
&#xD;
2019-09-04 18:34:47 - [TEST_STEP][PASSED] - delay(1): Delayed 1 second(s)&#xD;
&#xD;
2019-09-04 18:34:48 - [MESSAGE][PASSED] - Delayed 1 second(s)&#xD;
&#xD;
2019-09-04 18:34:48 - [TEST_STEP][PASSED] - inc = getText(findTestObject("Actpol_Scripts/Opsporing/MBES18/5 INCIDENTEN/INCIDENTEN tab")): Text of object 'Object Repository/Actpol_Scripts/Opsporing/MBES18/5 INCIDENTEN/INCIDENTEN tab' is: 'INCIDENTEN'&#xD;
&#xD;
2019-09-04 18:34:49 - [MESSAGE][PASSED] - Text of object 'Object Repository/Actpol_Scripts/Opsporing/MBES18/5 INCIDENTEN/INCIDENTEN tab' is: 'INCIDENTEN'&#xD;
&#xD;
2019-09-04 18:34:49 - [TEST_STEP][PASSED] - log.logInfo("Grid is shown contains columns mentioned ::" + inc): Grid is shown contains columns mentioned ::INCIDENTEN&#xD;
&#xD;
2019-09-04 18:34:49 - [MESSAGE][INFO] - Grid is shown contains columns mentioned ::INCIDENTEN&#xD;
&#xD;
2019-09-04 18:34:49 - [TEST_STEP][PASSED] - delay(1): Delayed 1 second(s)&#xD;
&#xD;
2019-09-04 18:34:50 - [MESSAGE][PASSED] - Delayed 1 second(s)&#xD;
&#xD;
2019-09-04 18:34:50 - [TEST_STEP][PASSED] - over = getText(findTestObject("Actpol_Scripts/Opsporing/MBES18/6 Overige gegevens/OVERIGE GEGEVENS tab")): Text of object 'Object Repository/Actpol_Scripts/Opsporing/MBES18/6 Overige gegevens/OVERIGE GEGEVENS tab' is: 'OVERIGE GEGEVENS'&#xD;
&#xD;
2019-09-04 18:34:50 - [MESSAGE][PASSED] - Text of object 'Object Repository/Actpol_Scripts/Opsporing/MBES18/6 Overige gegevens/OVERIGE GEGEVENS tab' is: 'OVERIGE GEGEVENS'&#xD;
&#xD;
2019-09-04 18:34:50 - [TEST_STEP][PASSED] - log.logInfo("Grid is shown contains columns mentioned ::" + over): Grid is shown contains columns mentioned ::OVERIGE GEGEVENS&#xD;
&#xD;
2019-09-04 18:34:50 - [MESSAGE][INFO] - Grid is shown contains columns mentioned ::OVERIGE GEGEVENS&#xD;
&#xD;
2019-09-04 18:34:50 - [TEST_STEP][PASSED] - delay(1): Delayed 1 second(s)&#xD;
&#xD;
2019-09-04 18:34:51 - [MESSAGE][PASSED] - Delayed 1 second(s)&#xD;
&#xD;
2019-09-04 18:34:51 - [TEST_STEP][PASSED] - begi = getText(findTestObject("Actpol_Scripts/Opsporing/MBES18/BEZITTINGEN_BAGAGE tab")): Text of object 'Object Repository/Actpol_Scripts/Opsporing/MBES18/BEZITTINGEN_BAGAGE tab' is: 'BEZITTINGEN/BAGAGE'&#xD;
&#xD;
2019-09-04 18:34:52 - [MESSAGE][PASSED] - Text of object 'Object Repository/Actpol_Scripts/Opsporing/MBES18/BEZITTINGEN_BAGAGE tab' is: 'BEZITTINGEN/BAGAGE'&#xD;
&#xD;
2019-09-04 18:34:52 - [TEST_STEP][PASSED] - log.logInfo("Grid is shown contains columns mentioned ::" + begi): Grid is shown contains columns mentioned ::BEZITTINGEN/BAGAGE&#xD;
&#xD;
2019-09-04 18:34:52 - [MESSAGE][INFO] - Grid is shown contains columns mentioned ::BEZITTINGEN/BAGAGE&#xD;
&#xD;
2019-09-04 18:34:52 - [TEST_STEP][PASSED] - delay(1): Delayed 1 second(s)&#xD;
&#xD;
2019-09-04 18:34:53 - [MESSAGE][PASSED] - Delayed 1 second(s)&#xD;
&#xD;
2019-09-04 18:34:53 - [TEST_STEP][PASSED] - comment("Data entering in Registratie tab"): Data entering in Registratie tab&#xD;
&#xD;
2019-09-04 18:34:53 - [MESSAGE][INFO] - Data entering in Registratie tab&#xD;
&#xD;
2019-09-04 18:34:53 - [TEST_STEP][PASSED] - delay(1): Delayed 1 second(s)&#xD;
&#xD;
2019-09-04 18:34:54 - [MESSAGE][PASSED] - Delayed 1 second(s)&#xD;
&#xD;
2019-09-04 18:34:54 - [TEST_STEP][PASSED] - click(findTestObject("Actpol_Scripts/Opsporing/MBES18/Registratie new")): Object: 'Object Repository/Actpol_Scripts/Opsporing/MBES18/Registratie new' is clicked on&#xD;
&#xD;
2019-09-04 18:34:55 - [MESSAGE][PASSED] - Object: 'Object Repository/Actpol_Scripts/Opsporing/MBES18/Registratie new' is clicked on&#xD;
&#xD;
2019-09-04 18:34:55 - [TEST_STEP][PASSED] - delay(1): Delayed 1 second(s)&#xD;
&#xD;
2019-09-04 18:34:56 - [MESSAGE][PASSED] - Delayed 1 second(s)&#xD;
&#xD;
2019-09-04 18:34:56 - [TEST_STEP][PASSED] - click(findTestObject("Actpol_Scripts/Opsporing/MBES18/1 Registratie/Registratie save")): Object: 'Object Repository/Actpol_Scripts/Opsporing/MBES18/1 Registratie/Registratie save' is clicked on&#xD;
&#xD;
2019-09-04 18:34:57 - [MESSAGE][PASSED] - Object: 'Object Repository/Actpol_Scripts/Opsporing/MBES18/1 Registratie/Registratie save' is clicked on&#xD;
&#xD;
2019-09-04 18:34:57 - [TEST_STEP][PASSED] - delay(3): Delayed 3 second(s)&#xD;
&#xD;
2019-09-04 18:35:00 - [MESSAGE][PASSED] - Delayed 3 second(s)&#xD;
&#xD;
2019-09-04 18:35:00 - [TEST_STEP][PASSED] - takeScreenshot(): Taking screenshot successfully&#xD;
&#xD;
2019-09-04 18:35:01 - [MESSAGE][PASSED] - Taking screenshot successfully&#xD;
[[ATTACHMENT|C:\\Users\\user4\\git\\ACTPOL\\Reports\\20190904_182916\\Release 6.6\\ACTPOL-558,559 and 560\\20190904_182926\\1567602300579.png]]&#xD;
&#xD;
2019-09-04 18:35:01 - [TEST_STEP][PASSED] - log.logInfo("without throwing error data is saved the grid..."): without throwing error data is saved the grid...&#xD;
&#xD;
2019-09-04 18:35:01 - [MESSAGE][INFO] - without throwing error data is saved the grid...&#xD;
&#xD;
2019-09-04 18:35:01 - [TEST_STEP][PASSED] - log.logInfo("not getting error message"): not getting error message&#xD;
&#xD;
2019-09-04 18:35:01 - [MESSAGE][INFO] - not getting error message&#xD;
&#xD;
2019-09-04 18:35:01 - [TEST_STEP][PASSED] - click(findTestObject("Actpol_Scripts/Opsporing/MBES18/Registratie new")): Object: 'Object Repository/Actpol_Scripts/Opsporing/MBES18/Registratie new' is clicked on&#xD;
&#xD;
2019-09-04 18:35:02 - [MESSAGE][PASSED] - Object: 'Object Repository/Actpol_Scripts/Opsporing/MBES18/Registratie new' is clicked on&#xD;
&#xD;
2019-09-04 18:35:02 - [TEST_STEP][PASSED] - delay(1): Delayed 1 second(s)&#xD;
&#xD;
2019-09-04 18:35:03 - [MESSAGE][PASSED] - Delayed 1 second(s)&#xD;
&#xD;
2019-09-04 18:35:03 - [TEST_STEP][PASSED] - selectOptionByLabel(findTestObject("Actpol_Scripts/Opsporing/MBES18/1 Registratie/Registratie van 1"), "KORPS POLITIE CURACAO", false): All options with label 'KORPS POLITIE CURACAO' are selected in object 'Object Repository/Actpol_Scripts/Opsporing/MBES18/1 Registratie/Registratie van 1' &#xD;
&#xD;
2019-09-04 18:35:05 - [MESSAGE][PASSED] - All options with label 'KORPS POLITIE CURACAO' are selected in object 'Object Repository/Actpol_Scripts/Opsporing/MBES18/1 Registratie/Registratie van 1' &#xD;
&#xD;
2019-09-04 18:35:05 - [TEST_STEP][PASSED] - delay(1): Delayed 1 second(s)&#xD;
&#xD;
2019-09-04 18:35:06 - [MESSAGE][PASSED] - Delayed 1 second(s)&#xD;
&#xD;
2019-09-04 18:35:06 - [TEST_STEP][PASSED] - selectOptionByLabel(findTestObject("Actpol_Scripts/Opsporing/MBES18/1 Registratie/Registratie Naar 1"), "OPENBARE MINISTERIE", false): All options with label 'OPENBARE MINISTERIE' are selected in object 'Object Repository/Actpol_Scripts/Opsporing/MBES18/1 Registratie/Registratie Naar 1' &#xD;
&#xD;
2019-09-04 18:35:07 - [MESSAGE][PASSED] - All options with label 'OPENBARE MINISTERIE' are selected in object 'Object Repository/Actpol_Scripts/Opsporing/MBES18/1 Registratie/Registratie Naar 1' &#xD;
&#xD;
2019-09-04 18:35:07 - [TEST_STEP][PASSED] - delay(1): Delayed 1 second(s)&#xD;
&#xD;
2019-09-04 18:35:08 - [MESSAGE][PASSED] - Delayed 1 second(s)&#xD;
&#xD;
2019-09-04 18:35:08 - [TEST_STEP][PASSED] - selectOptionByLabel(findTestObject("Actpol_Scripts/Opsporing/MBES18/1 Registratie/Registratie van 2"), "AMBULANCE", false): All options with label 'AMBULANCE' are selected in object 'Object Repository/Actpol_Scripts/Opsporing/MBES18/1 Registratie/Registratie van 2' &#xD;
&#xD;
2019-09-04 18:35:09 - [MESSAGE][PASSED] - All options with label 'AMBULANCE' are selected in object 'Object Repository/Actpol_Scripts/Opsporing/MBES18/1 Registratie/Registratie van 2' &#xD;
&#xD;
2019-09-04 18:35:09 - [TEST_STEP][PASSED] - delay(1): Delayed 1 second(s)&#xD;
&#xD;
2019-09-04 18:35:10 - [MESSAGE][PASSED] - Delayed 1 second(s)&#xD;
&#xD;
2019-09-04 18:35:10 - [TEST_STEP][PASSED] - selectOptionByLabel(findTestObject("Actpol_Scripts/Opsporing/MBES18/1 Registratie/Registratie Naar 2"), "SKS", false): All options with label 'SKS' are selected in object 'Object Repository/Actpol_Scripts/Opsporing/MBES18/1 Registratie/Registratie Naar 2' &#xD;
&#xD;
2019-09-04 18:35:11 - [MESSAGE][PASSED] - All options with label 'SKS' are selected in object 'Object Repository/Actpol_Scripts/Opsporing/MBES18/1 Registratie/Registratie Naar 2' &#xD;
&#xD;
2019-09-04 18:35:11 - [TEST_STEP][PASSED] - delay(1): Delayed 1 second(s)&#xD;
&#xD;
2019-09-04 18:35:12 - [MESSAGE][PASSED] - Delayed 1 second(s)&#xD;
&#xD;
2019-09-04 18:35:12 - [TEST_STEP][PASSED] - setText(findTestObject("Actpol_Scripts/Opsporing/MBES18/1 Registratie/Behandeld door"), "Katalon testing :: Behandeld door"): Text 'Katalon testing :: Behandeld door' is set on object 'Object Repository/Actpol_Scripts/Opsporing/MBES18/1 Registratie/Behandeld door'&#xD;
&#xD;
2019-09-04 18:35:15 - [MESSAGE][PASSED] - Text 'Katalon testing :: Behandeld door' is set on object 'Object Repository/Actpol_Scripts/Opsporing/MBES18/1 Registratie/Behandeld door'&#xD;
&#xD;
2019-09-04 18:35:15 - [TEST_STEP][PASSED] - delay(1): Delayed 1 second(s)&#xD;
&#xD;
2019-09-04 18:35:16 - [MESSAGE][PASSED] - Delayed 1 second(s)&#xD;
&#xD;
2019-09-04 18:35:16 - [TEST_STEP][PASSED] - setText(findTestObject("Actpol_Scripts/Opsporing/MBES18/1 Registratie/Telefoon"), "123456789"): Text '123456789' is set on object 'Object Repository/Actpol_Scripts/Opsporing/MBES18/1 Registratie/Telefoon'&#xD;
&#xD;
2019-09-04 18:35:17 - [MESSAGE][PASSED] - Text '123456789' is set on object 'Object Repository/Actpol_Scripts/Opsporing/MBES18/1 Registratie/Telefoon'&#xD;
&#xD;
2019-09-04 18:35:17 - [TEST_STEP][PASSED] - delay(1): Delayed 1 second(s)&#xD;
&#xD;
2019-09-04 18:35:18 - [MESSAGE][PASSED] - Delayed 1 second(s)&#xD;
&#xD;
2019-09-04 18:35:18 - [TEST_STEP][PASSED] - setText(findTestObject("Actpol_Scripts/Opsporing/MBES18/1 Registratie/E-Mail"), "test@gmail.com"): Text 'test@gmail.com' is set on object 'Object Repository/Actpol_Scripts/Opsporing/MBES18/1 Registratie/E-Mail'&#xD;
&#xD;
2019-09-04 18:35:20 - [MESSAGE][PASSED] - Text 'test@gmail.com' is set on object 'Object Repository/Actpol_Scripts/Opsporing/MBES18/1 Registratie/E-Mail'&#xD;
&#xD;
2019-09-04 18:35:20 - [TEST_STEP][PASSED] - delay(1): Delayed 1 second(s)&#xD;
&#xD;
2019-09-04 18:35:21 - [MESSAGE][PASSED] - Delayed 1 second(s)&#xD;
&#xD;
2019-09-04 18:35:21 - [TEST_STEP][PASSED] - setText(findTestObject("Actpol_Scripts/Opsporing/MBES18/1 Registratie/Datum"), "23/08/2019"): Text '23/08/2019' is set on object 'Object Repository/Actpol_Scripts/Opsporing/MBES18/1 Registratie/Datum'&#xD;
&#xD;
2019-09-04 18:35:22 - [MESSAGE][PASSED] - Text '23/08/2019' is set on object 'Object Repository/Actpol_Scripts/Opsporing/MBES18/1 Registratie/Datum'&#xD;
&#xD;
2019-09-04 18:35:22 - [TEST_STEP][PASSED] - delay(1): Delayed 1 second(s)&#xD;
&#xD;
2019-09-04 18:35:23 - [MESSAGE][PASSED] - Delayed 1 second(s)&#xD;
&#xD;
2019-09-04 18:35:23 - [TEST_STEP][PASSED] - click(findTestObject("Actpol_Scripts/Opsporing/MBES18/1 Registratie/Registratie save")): Object: 'Object Repository/Actpol_Scripts/Opsporing/MBES18/1 Registratie/Registratie save' is clicked on&#xD;
&#xD;
2019-09-04 18:35:23 - [MESSAGE][PASSED] - Object: 'Object Repository/Actpol_Scripts/Opsporing/MBES18/1 Registratie/Registratie save' is clicked on&#xD;
&#xD;
2019-09-04 18:35:23 - [TEST_STEP][PASSED] - delay(1): Delayed 1 second(s)&#xD;
&#xD;
2019-09-04 18:35:24 - [MESSAGE][PASSED] - Delayed 1 second(s)&#xD;
&#xD;
2019-09-04 18:35:24 - [TEST_STEP][PASSED] - takeScreenshot(): Taking screenshot successfully&#xD;
&#xD;
2019-09-04 18:35:25 - [MESSAGE][PASSED] - Taking screenshot successfully&#xD;
[[ATTACHMENT|C:\\Users\\user4\\git\\ACTPOL\\Reports\\20190904_182916\\Release 6.6\\ACTPOL-558,559 and 560\\20190904_182926\\1567602324693.png]]&#xD;
&#xD;
2019-09-04 18:35:25 - [TEST_STEP][PASSED] - delay(1): Delayed 1 second(s)&#xD;
&#xD;
2019-09-04 18:35:26 - [MESSAGE][PASSED] - Delayed 1 second(s)&#xD;
&#xD;
2019-09-04 18:35:26 - [TEST_STEP][PASSED] - comment("Editing existing record in Registratie"): Editing existing record in Registratie&#xD;
&#xD;
2019-09-04 18:35:26 - [MESSAGE][INFO] - Editing existing record in Registratie&#xD;
&#xD;
2019-09-04 18:35:26 - [TEST_STEP][PASSED] - click(findTestObject("JIRA/A Relese 6.6/ACTPOL-559/edit existing record in registratie")): Object: 'Object Repository/JIRA/A Relese 6.6/ACTPOL-559/edit existing record in registratie' is clicked on&#xD;
&#xD;
2019-09-04 18:35:27 - [MESSAGE][PASSED] - Object: 'Object Repository/JIRA/A Relese 6.6/ACTPOL-559/edit existing record in registratie' is clicked on&#xD;
&#xD;
2019-09-04 18:35:27 - [TEST_STEP][PASSED] - delay(2): Delayed 2 second(s)&#xD;
&#xD;
2019-09-04 18:35:29 - [MESSAGE][PASSED] - Delayed 2 second(s)&#xD;
&#xD;
2019-09-04 18:35:29 - [TEST_STEP][PASSED] - selectOptionByLabel(findTestObject("Actpol_Scripts/Opsporing/MBES18/1 Registratie/Registratie van 1"), "KORPS POLITIE CURACAO", false): All options with label 'KORPS POLITIE CURACAO' are selected in object 'Object Repository/Actpol_Scripts/Opsporing/MBES18/1 Registratie/Registratie van 1' &#xD;
&#xD;
2019-09-04 18:35:29 - [MESSAGE][PASSED] - All options with label 'KORPS POLITIE CURACAO' are selected in object 'Object Repository/Actpol_Scripts/Opsporing/MBES18/1 Registratie/Registratie van 1' &#xD;
&#xD;
2019-09-04 18:35:29 - [TEST_STEP][PASSED] - delay(1): Delayed 1 second(s)&#xD;
&#xD;
2019-09-04 18:35:30 - [MESSAGE][PASSED] - Delayed 1 second(s)&#xD;
&#xD;
2019-09-04 18:35:30 - [TEST_STEP][PASSED] - selectOptionByLabel(findTestObject("Actpol_Scripts/Opsporing/MBES18/1 Registratie/Registratie Naar 1"), "OPENBARE MINISTERIE", false): All options with label 'OPENBARE MINISTERIE' are selected in object 'Object Repository/Actpol_Scripts/Opsporing/MBES18/1 Registratie/Registratie Naar 1' &#xD;
&#xD;
2019-09-04 18:35:31 - [MESSAGE][PASSED] - All options with label 'OPENBARE MINISTERIE' are selected in object 'Object Repository/Actpol_Scripts/Opsporing/MBES18/1 Registratie/Registratie Naar 1' &#xD;
&#xD;
2019-09-04 18:35:31 - [TEST_STEP][PASSED] - delay(1): Delayed 1 second(s)&#xD;
&#xD;
2019-09-04 18:35:32 - [MESSAGE][PASSED] - Delayed 1 second(s)&#xD;
&#xD;
2019-09-04 18:35:32 - [TEST_STEP][PASSED] - selectOptionByLabel(findTestObject("Actpol_Scripts/Opsporing/MBES18/1 Registratie/Registratie van 2"), "AMBULANCE", false): All options with label 'AMBULANCE' are selected in object 'Object Repository/Actpol_Scripts/Opsporing/MBES18/1 Registratie/Registratie van 2' &#xD;
&#xD;
2019-09-04 18:35:32 - [MESSAGE][PASSED] - All options with label 'AMBULANCE' are selected in object 'Object Repository/Actpol_Scripts/Opsporing/MBES18/1 Registratie/Registratie van 2' &#xD;
&#xD;
2019-09-04 18:35:32 - [TEST_STEP][PASSED] - delay(1): Delayed 1 second(s)&#xD;
&#xD;
2019-09-04 18:35:34 - [MESSAGE][PASSED] - Delayed 1 second(s)&#xD;
&#xD;
2019-09-04 18:35:34 - [TEST_STEP][PASSED] - selectOptionByLabel(findTestObject("Actpol_Scripts/Opsporing/MBES18/1 Registratie/Registratie Naar 2"), "SKS", false): All options with label 'SKS' are selected in object 'Object Repository/Actpol_Scripts/Opsporing/MBES18/1 Registratie/Registratie Naar 2' &#xD;
&#xD;
2019-09-04 18:35:34 - [MESSAGE][PASSED] - All options with label 'SKS' are selected in object 'Object Repository/Actpol_Scripts/Opsporing/MBES18/1 Registratie/Registratie Naar 2' &#xD;
&#xD;
2019-09-04 18:35:34 - [TEST_STEP][PASSED] - delay(1): Delayed 1 second(s)&#xD;
&#xD;
2019-09-04 18:35:35 - [MESSAGE][PASSED] - Delayed 1 second(s)&#xD;
&#xD;
2019-09-04 18:35:35 - [TEST_STEP][PASSED] - setText(findTestObject("Actpol_Scripts/Opsporing/MBES18/1 Registratie/Behandeld door"), "Katalon testing :: Behandeld door"): Text 'Katalon testing :: Behandeld door' is set on object 'Object Repository/Actpol_Scripts/Opsporing/MBES18/1 Registratie/Behandeld door'&#xD;
&#xD;
2019-09-04 18:35:37 - [MESSAGE][PASSED] - Text 'Katalon testing :: Behandeld door' is set on object 'Object Repository/Actpol_Scripts/Opsporing/MBES18/1 Registratie/Behandeld door'&#xD;
&#xD;
2019-09-04 18:35:37 - [TEST_STEP][PASSED] - delay(1): Delayed 1 second(s)&#xD;
&#xD;
2019-09-04 18:35:38 - [MESSAGE][PASSED] - Delayed 1 second(s)&#xD;
&#xD;
2019-09-04 18:35:38 - [TEST_STEP][PASSED] - setText(findTestObject("Actpol_Scripts/Opsporing/MBES18/1 Registratie/Telefoon"), "123456789"): Text '123456789' is set on object 'Object Repository/Actpol_Scripts/Opsporing/MBES18/1 Registratie/Telefoon'&#xD;
&#xD;
2019-09-04 18:35:39 - [MESSAGE][PASSED] - Text '123456789' is set on object 'Object Repository/Actpol_Scripts/Opsporing/MBES18/1 Registratie/Telefoon'&#xD;
&#xD;
2019-09-04 18:35:39 - [TEST_STEP][PASSED] - delay(1): Delayed 1 second(s)&#xD;
&#xD;
2019-09-04 18:35:40 - [MESSAGE][PASSED] - Delayed 1 second(s)&#xD;
&#xD;
2019-09-04 18:35:40 - [TEST_STEP][PASSED] - setText(findTestObject("Actpol_Scripts/Opsporing/MBES18/1 Registratie/E-Mail"), "test@gmail.com"): Text 'test@gmail.com' is set on object 'Object Repository/Actpol_Scripts/Opsporing/MBES18/1 Registratie/E-Mail'&#xD;
&#xD;
2019-09-04 18:35:41 - [MESSAGE][PASSED] - Text 'test@gmail.com' is set on object 'Object Repository/Actpol_Scripts/Opsporing/MBES18/1 Registratie/E-Mail'&#xD;
&#xD;
2019-09-04 18:35:41 - [TEST_STEP][PASSED] - delay(1): Delayed 1 second(s)&#xD;
&#xD;
2019-09-04 18:35:42 - [MESSAGE][PASSED] - Delayed 1 second(s)&#xD;
&#xD;
2019-09-04 18:35:42 - [TEST_STEP][PASSED] - setText(findTestObject("Actpol_Scripts/Opsporing/MBES18/1 Registratie/Datum"), "25/10/2019"): Text '25/10/2019' is set on object 'Object Repository/Actpol_Scripts/Opsporing/MBES18/1 Registratie/Datum'&#xD;
&#xD;
2019-09-04 18:35:43 - [MESSAGE][PASSED] - Text '25/10/2019' is set on object 'Object Repository/Actpol_Scripts/Opsporing/MBES18/1 Registratie/Datum'&#xD;
&#xD;
2019-09-04 18:35:43 - [TEST_STEP][PASSED] - delay(1): Delayed 1 second(s)&#xD;
&#xD;
2019-09-04 18:35:44 - [MESSAGE][PASSED] - Delayed 1 second(s)&#xD;
&#xD;
2019-09-04 18:35:44 - [TEST_STEP][PASSED] - click(findTestObject("Actpol_Scripts/Opsporing/MBES18/1 Registratie/Registratie save")): Object: 'Object Repository/Actpol_Scripts/Opsporing/MBES18/1 Registratie/Registratie save' is clicked on&#xD;
&#xD;
2019-09-04 18:35:44 - [MESSAGE][PASSED] - Object: 'Object Repository/Actpol_Scripts/Opsporing/MBES18/1 Registratie/Registratie save' is clicked on&#xD;
&#xD;
2019-09-04 18:35:44 - [TEST_STEP][PASSED] - log.logInfo("edit mode working fine "): edit mode working fine &#xD;
&#xD;
2019-09-04 18:35:44 - [MESSAGE][INFO] - edit mode working fine &#xD;
&#xD;
2019-09-04 18:35:44 - [TEST_STEP][PASSED] - delay(1): Delayed 1 second(s)&#xD;
&#xD;
2019-09-04 18:35:46 - [MESSAGE][PASSED] - Delayed 1 second(s)&#xD;
&#xD;
2019-09-04 18:35:46 - [TEST_STEP][PASSED] - comment("View existing record in Registratie"): View existing record in Registratie&#xD;
&#xD;
2019-09-04 18:35:46 - [MESSAGE][INFO] - View existing record in Registratie&#xD;
&#xD;
2019-09-04 18:35:46 - [TEST_STEP][PASSED] - delay(1): Delayed 1 second(s)&#xD;
&#xD;
2019-09-04 18:35:47 - [MESSAGE][PASSED] - Delayed 1 second(s)&#xD;
&#xD;
2019-09-04 18:35:47 - [TEST_STEP][PASSED] - click(findTestObject("JIRA/A Relese 6.6/ACTPOL-559/View existing record")): Object: 'Object Repository/JIRA/A Relese 6.6/ACTPOL-559/View existing record' is clicked on&#xD;
&#xD;
2019-09-04 18:35:49 - [MESSAGE][PASSED] - Object: 'Object Repository/JIRA/A Relese 6.6/ACTPOL-559/View existing record' is clicked on&#xD;
&#xD;
2019-09-04 18:35:49 - [TEST_STEP][PASSED] - log.logInfo("View mode is displaying new button "): View mode is displaying new button &#xD;
&#xD;
2019-09-04 18:35:49 - [MESSAGE][INFO] - View mode is displaying new button &#xD;
&#xD;
2019-09-04 18:35:49 - [TEST_STEP][PASSED] - delay(1): Delayed 1 second(s)&#xD;
&#xD;
2019-09-04 18:35:50 - [MESSAGE][PASSED] - Delayed 1 second(s)&#xD;
&#xD;
2019-09-04 18:35:50 - [TEST_STEP][PASSED] - takeScreenshot(): Taking screenshot successfully&#xD;
&#xD;
2019-09-04 18:35:51 - [MESSAGE][PASSED] - Taking screenshot successfully&#xD;
[[ATTACHMENT|C:\\Users\\user4\\git\\ACTPOL\\Reports\\20190904_182916\\Release 6.6\\ACTPOL-558,559 and 560\\20190904_182926\\1567602350545.png]]&#xD;
&#xD;
2019-09-04 18:35:51 - [TEST_STEP][PASSED] - delay(1): Delayed 1 second(s)&#xD;
&#xD;
2019-09-04 18:35:52 - [MESSAGE][PASSED] - Delayed 1 second(s)&#xD;
&#xD;
2019-09-04 18:35:52 - [TEST_STEP][PASSED] - click(findTestObject("JIRA/A Relese 6.6/ACTPOL-559/View mode close btn")): Object: 'Object Repository/JIRA/A Relese 6.6/ACTPOL-559/View mode close btn' is clicked on&#xD;
&#xD;
2019-09-04 18:35:53 - [MESSAGE][PASSED] - Object: 'Object Repository/JIRA/A Relese 6.6/ACTPOL-559/View mode close btn' is clicked on&#xD;
&#xD;
2019-09-04 18:35:53 - [TEST_STEP][PASSED] - delay(1): Delayed 1 second(s)&#xD;
&#xD;
2019-09-04 18:35:54 - [MESSAGE][PASSED] - Delayed 1 second(s)&#xD;
&#xD;
2019-09-04 18:35:54 - [TEST_STEP][PASSED] - comment("View existing record in Registratie"): View existing record in Registratie&#xD;
&#xD;
2019-09-04 18:35:54 - [MESSAGE][INFO] - View existing record in Registratie&#xD;
&#xD;
2019-09-04 18:35:54 - [TEST_STEP][PASSED] - delay(1): Delayed 1 second(s)&#xD;
&#xD;
2019-09-04 18:35:55 - [MESSAGE][PASSED] - Delayed 1 second(s)&#xD;
&#xD;
2019-09-04 18:35:55 - [TEST_STEP][PASSED] - click(findTestObject("JIRA/A Relese 6.6/ACTPOL-559/Delete existing")): Object: 'Object Repository/JIRA/A Relese 6.6/ACTPOL-559/Delete existing' is clicked on&#xD;
&#xD;
2019-09-04 18:35:56 - [MESSAGE][PASSED] - Object: 'Object Repository/JIRA/A Relese 6.6/ACTPOL-559/Delete existing' is clicked on&#xD;
&#xD;
2019-09-04 18:35:56 - [TEST_STEP][PASSED] - delay(1): Delayed 1 second(s)&#xD;
&#xD;
2019-09-04 18:35:57 - [MESSAGE][PASSED] - Delayed 1 second(s)&#xD;
&#xD;
2019-09-04 18:35:57 - [TEST_STEP][PASSED] - click(findTestObject("JIRA/A Relese 6.6/ACTPOL-559/Conform delete")): Object: 'Object Repository/JIRA/A Relese 6.6/ACTPOL-559/Conform delete' is clicked on&#xD;
&#xD;
2019-09-04 18:35:58 - [MESSAGE][PASSED] - Object: 'Object Repository/JIRA/A Relese 6.6/ACTPOL-559/Conform delete' is clicked on&#xD;
&#xD;
2019-09-04 18:35:58 - [TEST_STEP][PASSED] - delay(1): Delayed 1 second(s)&#xD;
&#xD;
2019-09-04 18:35:59 - [MESSAGE][PASSED] - Delayed 1 second(s)&#xD;
&#xD;
2019-09-04 18:35:59 - [TEST_STEP][PASSED] - takeScreenshot(): Taking screenshot successfully&#xD;
&#xD;
2019-09-04 18:36:00 - [MESSAGE][PASSED] - Taking screenshot successfully&#xD;
[[ATTACHMENT|C:\\Users\\user4\\git\\ACTPOL\\Reports\\20190904_182916\\Release 6.6\\ACTPOL-558,559 and 560\\20190904_182926\\1567602359678.png]]&#xD;
&#xD;
2019-09-04 18:36:00 - [TEST_STEP][PASSED] - delay(1): Delayed 1 second(s)&#xD;
&#xD;
2019-09-04 18:36:01 - [MESSAGE][PASSED] - Delayed 1 second(s)&#xD;
&#xD;
2019-09-04 18:36:01 - [TEST_STEP][PASSED] - click(findTestObject("Actpol_Scripts/Opsporing/MBES18/1 Registratie/registratie tab")): Object: 'Object Repository/Actpol_Scripts/Opsporing/MBES18/1 Registratie/registratie tab' is clicked on&#xD;
&#xD;
2019-09-04 18:36:02 - [MESSAGE][PASSED] - Object: 'Object Repository/Actpol_Scripts/Opsporing/MBES18/1 Registratie/registratie tab' is clicked on</system-out>
            <system-err></system-err>
        </testcase>
        <testcase name="Test Cases/JIRA Tasks/Release 6.6/ACTPOL-560" classname="Test Cases/JIRA Tasks/Release 6.6/ACTPOL-560" status="PASSED">
            <system-out>2019-09-04 18:36:05 - [TEST_CASE][PASSED] - Test Cases/JIRA Tasks/Release 6.6/ACTPOL-560: Test Cases/JIRA Tasks/Release 6.6/ACTPOL-560&#xD;
&#xD;
2019-09-04 18:36:07 - [TEST_STEP][PASSED] - callTestCase(findTestCase("main/Actpol_Login_testenv"), [:], STOP_ON_FAILURE): Call Test Case 'Test Cases/main/Actpol_Login_testenv' successfully&#xD;
&#xD;
2019-09-04 18:36:07 - [TEST_CASE][PASSED] - Test Cases/main/Actpol_Login_testenv: Test Cases/main/Actpol_Login_testenv&#xD;
&#xD;
2019-09-04 18:36:07 - [TEST_STEP][PASSED] - openBrowser(""): Browser is opened with url: ''&#xD;
&#xD;
2019-09-04 18:36:07 - [MESSAGE][WARNING] - A browser is already opened. Closing browser and opening a new one&#xD;
&#xD;
2019-09-04 18:36:08 - [MESSAGE][INFO] - Starting 'Chrome' driver&#xD;
&#xD;
2019-09-04 18:36:22 - [MESSAGE][PASSED] - Browser is opened with url: ''&#xD;
&#xD;
2019-09-04 18:36:22 - [TEST_STEP][PASSED] - deleteAllCookies(): Delete all cookies successfully&#xD;
&#xD;
2019-09-04 18:36:23 - [MESSAGE][PASSED] - Delete all cookies successfully&#xD;
&#xD;
2019-09-04 18:36:23 - [TEST_STEP][PASSED] - waitForPageLoad(30): Wait for page load successfully&#xD;
&#xD;
2019-09-04 18:36:23 - [MESSAGE][PASSED] - Wait for page load successfully&#xD;
&#xD;
2019-09-04 18:36:23 - [TEST_STEP][PASSED] - maximizeWindow(): Current window maximized&#xD;
&#xD;
2019-09-04 18:36:25 - [MESSAGE][PASSED] - Current window maximized&#xD;
&#xD;
2019-09-04 18:36:25 - [TEST_STEP][PASSED] - ACTPOLTESTENV = 1: null&#xD;
&#xD;
2019-09-04 18:36:25 - [TEST_STEP][PASSED] - ACTPOLDEVENV = 2: null&#xD;
&#xD;
2019-09-04 18:36:25 - [TEST_STEP][PASSED] - ACTPOLKCENV = 3: null&#xD;
&#xD;
2019-09-04 18:36:25 - [TEST_STEP][PASSED] - ACTPOLKBKPCNENV = 4: null&#xD;
&#xD;
2019-09-04 18:36:25 - [TEST_STEP][PASSED] - ACTPOLKBKMARENV = 5: null&#xD;
&#xD;
2019-09-04 18:36:25 - [TEST_STEP][PASSED] - ACTPOLKMENV = 6: null&#xD;
&#xD;
2019-09-04 18:36:25 - [TEST_STEP][PASSED] - ACTPOLKWENV = 7: null&#xD;
&#xD;
2019-09-04 18:36:25 - [TEST_STEP][PASSED] - environment = ACTPOLDEVENV: null&#xD;
&#xD;
2019-09-04 18:36:25 - [TEST_STEP][PASSED] - Selectenv = &lt;not implemented yet for class: org.codehaus.groovy.ast.expr.EmptyExpression&gt;: null&#xD;
&#xD;
2019-09-04 18:36:25 - [TEST_STEP][PASSED] - switch (environment): null&#xD;
&#xD;
2019-09-04 18:36:25 - [TEST_STEP][PASSED] - case 2:: null&#xD;
&#xD;
2019-09-04 18:36:25 - [TEST_STEP][PASSED] - println(Selectenv = "ACTPOL-DEV-ENV"): null&#xD;
&#xD;
2019-09-04 18:36:25 - [TEST_STEP][PASSED] - navigateToUrl(DEVURL): Navigate to 'http://10.20.10.7:8202/actpoldev/JPOL558/nxmenu.pgm?docnum=604' successfully&#xD;
&#xD;
2019-09-04 18:36:44 - [MESSAGE][PASSED] - Navigate to 'http://10.20.10.7:8202/actpoldev/JPOL558/nxmenu.pgm?docnum=604' successfully&#xD;
&#xD;
2019-09-04 18:36:44 - [TEST_STEP][PASSED] - setText(findTestObject("Actpol_Scripts/login/userid"), username): Text 'vidhya' is set on object 'Object Repository/Actpol_Scripts/login/userid'&#xD;
&#xD;
2019-09-04 18:36:49 - [MESSAGE][PASSED] - Text 'vidhya' is set on object 'Object Repository/Actpol_Scripts/login/userid'&#xD;
&#xD;
2019-09-04 18:36:49 - [TEST_STEP][PASSED] - setMaskedText(findTestObject("Actpol_Scripts/login/password"), password): Text '********' is set on object 'Object Repository/Actpol_Scripts/login/password'&#xD;
&#xD;
2019-09-04 18:36:49 - [MESSAGE][PASSED] - Text '********' is set on object 'Object Repository/Actpol_Scripts/login/password'&#xD;
&#xD;
2019-09-04 18:36:49 - [TEST_STEP][PASSED] - click(findTestObject("Actpol_Scripts/login/login")): Object: 'Object Repository/Actpol_Scripts/login/login' is clicked on&#xD;
&#xD;
2019-09-04 18:36:50 - [MESSAGE][PASSED] - Object: 'Object Repository/Actpol_Scripts/login/login' is clicked on&#xD;
&#xD;
2019-09-04 18:36:50 - [TEST_STEP][PASSED] - getWindowTitle(): Current window's title is: 'Login Page for ACTPOL Developer'&#xD;
&#xD;
2019-09-04 18:36:50 - [MESSAGE][PASSED] - Current window's title is: 'Login Page for ACTPOL Developer'&#xD;
&#xD;
2019-09-04 18:36:50 - [TEST_STEP][PASSED] - break: null&#xD;
&#xD;
2019-09-04 18:36:50 - [MESSAGE][PASSED] - Call Test Case 'Test Cases/main/Actpol_Login_testenv' successfully&#xD;
&#xD;
2019-09-04 18:36:50 - [TEST_STEP][PASSED] - log = new com.kms.katalon.core.logging.KeywordLogger(): null&#xD;
&#xD;
2019-09-04 18:36:50 - [TEST_STEP][PASSED] - mouseOver(findTestObject("Actpol_Scripts/Menu navigation/Opsporing/Opsporing")): Object: 'Object Repository/Actpol_Scripts/Menu navigation/Opsporing/Opsporing' is hovered&#xD;
&#xD;
2019-09-04 18:37:08 - [MESSAGE][PASSED] - Object: 'Object Repository/Actpol_Scripts/Menu navigation/Opsporing/Opsporing' is hovered&#xD;
&#xD;
2019-09-04 18:37:08 - [TEST_STEP][PASSED] - log.logInfo("Successfully logged"): Successfully logged&#xD;
&#xD;
2019-09-04 18:37:08 - [MESSAGE][INFO] - Successfully logged&#xD;
&#xD;
2019-09-04 18:37:08 - [TEST_STEP][PASSED] - delay(2): Delayed 2 second(s)&#xD;
&#xD;
2019-09-04 18:37:10 - [MESSAGE][PASSED] - Delayed 2 second(s)&#xD;
&#xD;
2019-09-04 18:37:10 - [TEST_STEP][PASSED] - click(findTestObject("Actpol_Scripts/Opsporing/MBES18/MBES18 TAB")): Object: 'Object Repository/Actpol_Scripts/Opsporing/MBES18/MBES18 TAB' is clicked on&#xD;
&#xD;
2019-09-04 18:37:18 - [MESSAGE][PASSED] - Object: 'Object Repository/Actpol_Scripts/Opsporing/MBES18/MBES18 TAB' is clicked on&#xD;
&#xD;
2019-09-04 18:37:18 - [TEST_STEP][PASSED] - log.logInfo("Clicking MBES18 tab "): Clicking MBES18 tab &#xD;
&#xD;
2019-09-04 18:37:18 - [MESSAGE][INFO] - Clicking MBES18 tab &#xD;
&#xD;
2019-09-04 18:37:18 - [TEST_STEP][PASSED] - delay(1): Delayed 1 second(s)&#xD;
&#xD;
2019-09-04 18:37:19 - [MESSAGE][PASSED] - Delayed 1 second(s)&#xD;
&#xD;
2019-09-04 18:37:19 - [TEST_STEP][PASSED] - mouseOver(findTestObject("Actpol_Scripts/Menu navigation/Generiek/Generiek")): Object: 'Object Repository/Actpol_Scripts/Menu navigation/Generiek/Generiek' is hovered&#xD;
&#xD;
2019-09-04 18:37:20 - [MESSAGE][PASSED] - Object: 'Object Repository/Actpol_Scripts/Menu navigation/Generiek/Generiek' is hovered&#xD;
&#xD;
2019-09-04 18:37:20 - [TEST_STEP][PASSED] - delay(8): Delayed 8 second(s)&#xD;
&#xD;
2019-09-04 18:37:28 - [MESSAGE][PASSED] - Delayed 8 second(s)&#xD;
&#xD;
2019-09-04 18:37:28 - [TEST_STEP][PASSED] - click(findTestObject("Actpol_Scripts/Opsporing/MBES18/mbes new")): Object: 'Object Repository/Actpol_Scripts/Opsporing/MBES18/mbes new' is clicked on&#xD;
&#xD;
2019-09-04 18:37:30 - [MESSAGE][PASSED] - Object: 'Object Repository/Actpol_Scripts/Opsporing/MBES18/mbes new' is clicked on&#xD;
&#xD;
2019-09-04 18:37:30 - [TEST_STEP][PASSED] - log.logInfo("Clicking MBES18 new button "): Clicking MBES18 new button &#xD;
&#xD;
2019-09-04 18:37:30 - [MESSAGE][INFO] - Clicking MBES18 new button &#xD;
&#xD;
2019-09-04 18:37:30 - [TEST_STEP][PASSED] - delay(6): Delayed 6 second(s)&#xD;
&#xD;
2019-09-04 18:37:36 - [MESSAGE][PASSED] - Delayed 6 second(s)&#xD;
&#xD;
2019-09-04 18:37:36 - [TEST_STEP][PASSED] - click(findTestObject("Actpol_Scripts/Opsporing/MBES18/Registratie new")): Object: 'Object Repository/Actpol_Scripts/Opsporing/MBES18/Registratie new' is clicked on&#xD;
&#xD;
2019-09-04 18:37:37 - [MESSAGE][PASSED] - Object: 'Object Repository/Actpol_Scripts/Opsporing/MBES18/Registratie new' is clicked on&#xD;
&#xD;
2019-09-04 18:37:37 - [TEST_STEP][PASSED] - delay(1): Delayed 1 second(s)&#xD;
&#xD;
2019-09-04 18:37:38 - [MESSAGE][PASSED] - Delayed 1 second(s)&#xD;
&#xD;
2019-09-04 18:37:38 - [TEST_STEP][PASSED] - selectOptionByLabel(findTestObject("Actpol_Scripts/Opsporing/MBES18/1 Registratie/Registratie van 1"), "KORPS POLITIE CURACAO", false): All options with label 'KORPS POLITIE CURACAO' are selected in object 'Object Repository/Actpol_Scripts/Opsporing/MBES18/1 Registratie/Registratie van 1' &#xD;
&#xD;
2019-09-04 18:37:39 - [MESSAGE][PASSED] - All options with label 'KORPS POLITIE CURACAO' are selected in object 'Object Repository/Actpol_Scripts/Opsporing/MBES18/1 Registratie/Registratie van 1' &#xD;
&#xD;
2019-09-04 18:37:39 - [TEST_STEP][PASSED] - delay(1): Delayed 1 second(s)&#xD;
&#xD;
2019-09-04 18:37:40 - [MESSAGE][PASSED] - Delayed 1 second(s)&#xD;
&#xD;
2019-09-04 18:37:40 - [TEST_STEP][PASSED] - selectOptionByLabel(findTestObject("Actpol_Scripts/Opsporing/MBES18/1 Registratie/Registratie Naar 1"), "OPENBARE MINISTERIE", false): All options with label 'OPENBARE MINISTERIE' are selected in object 'Object Repository/Actpol_Scripts/Opsporing/MBES18/1 Registratie/Registratie Naar 1' &#xD;
&#xD;
2019-09-04 18:37:42 - [MESSAGE][PASSED] - All options with label 'OPENBARE MINISTERIE' are selected in object 'Object Repository/Actpol_Scripts/Opsporing/MBES18/1 Registratie/Registratie Naar 1' &#xD;
&#xD;
2019-09-04 18:37:42 - [TEST_STEP][PASSED] - delay(1): Delayed 1 second(s)&#xD;
&#xD;
2019-09-04 18:37:43 - [MESSAGE][PASSED] - Delayed 1 second(s)&#xD;
&#xD;
2019-09-04 18:37:43 - [TEST_STEP][PASSED] - selectOptionByLabel(findTestObject("Actpol_Scripts/Opsporing/MBES18/1 Registratie/Registratie van 2"), "AMBULANCE", false): All options with label 'AMBULANCE' are selected in object 'Object Repository/Actpol_Scripts/Opsporing/MBES18/1 Registratie/Registratie van 2' &#xD;
&#xD;
2019-09-04 18:37:44 - [MESSAGE][PASSED] - All options with label 'AMBULANCE' are selected in object 'Object Repository/Actpol_Scripts/Opsporing/MBES18/1 Registratie/Registratie van 2' &#xD;
&#xD;
2019-09-04 18:37:44 - [TEST_STEP][PASSED] - delay(1): Delayed 1 second(s)&#xD;
&#xD;
2019-09-04 18:37:45 - [MESSAGE][PASSED] - Delayed 1 second(s)&#xD;
&#xD;
2019-09-04 18:37:45 - [TEST_STEP][PASSED] - selectOptionByLabel(findTestObject("Actpol_Scripts/Opsporing/MBES18/1 Registratie/Registratie Naar 2"), "SKS", false): All options with label 'SKS' are selected in object 'Object Repository/Actpol_Scripts/Opsporing/MBES18/1 Registratie/Registratie Naar 2' &#xD;
&#xD;
2019-09-04 18:37:46 - [MESSAGE][PASSED] - All options with label 'SKS' are selected in object 'Object Repository/Actpol_Scripts/Opsporing/MBES18/1 Registratie/Registratie Naar 2' &#xD;
&#xD;
2019-09-04 18:37:46 - [TEST_STEP][PASSED] - delay(1): Delayed 1 second(s)&#xD;
&#xD;
2019-09-04 18:37:47 - [MESSAGE][PASSED] - Delayed 1 second(s)&#xD;
&#xD;
2019-09-04 18:37:47 - [TEST_STEP][PASSED] - setText(findTestObject("Actpol_Scripts/Opsporing/MBES18/1 Registratie/Behandeld door"), "Katalon testing :: Behandeld door"): Text 'Katalon testing :: Behandeld door' is set on object 'Object Repository/Actpol_Scripts/Opsporing/MBES18/1 Registratie/Behandeld door'&#xD;
&#xD;
2019-09-04 18:37:52 - [MESSAGE][PASSED] - Text 'Katalon testing :: Behandeld door' is set on object 'Object Repository/Actpol_Scripts/Opsporing/MBES18/1 Registratie/Behandeld door'&#xD;
&#xD;
2019-09-04 18:37:52 - [TEST_STEP][PASSED] - delay(1): Delayed 1 second(s)&#xD;
&#xD;
2019-09-04 18:37:53 - [MESSAGE][PASSED] - Delayed 1 second(s)&#xD;
&#xD;
2019-09-04 18:37:53 - [TEST_STEP][PASSED] - setText(findTestObject("Actpol_Scripts/Opsporing/MBES18/1 Registratie/Telefoon"), "123456789"): Text '123456789' is set on object 'Object Repository/Actpol_Scripts/Opsporing/MBES18/1 Registratie/Telefoon'&#xD;
&#xD;
2019-09-04 18:37:54 - [MESSAGE][PASSED] - Text '123456789' is set on object 'Object Repository/Actpol_Scripts/Opsporing/MBES18/1 Registratie/Telefoon'&#xD;
&#xD;
2019-09-04 18:37:54 - [TEST_STEP][PASSED] - delay(1): Delayed 1 second(s)&#xD;
&#xD;
2019-09-04 18:37:55 - [MESSAGE][PASSED] - Delayed 1 second(s)&#xD;
&#xD;
2019-09-04 18:37:55 - [TEST_STEP][PASSED] - setText(findTestObject("Actpol_Scripts/Opsporing/MBES18/1 Registratie/E-Mail"), "test@gmail.com"): Text 'test@gmail.com' is set on object 'Object Repository/Actpol_Scripts/Opsporing/MBES18/1 Registratie/E-Mail'&#xD;
&#xD;
2019-09-04 18:37:56 - [MESSAGE][PASSED] - Text 'test@gmail.com' is set on object 'Object Repository/Actpol_Scripts/Opsporing/MBES18/1 Registratie/E-Mail'&#xD;
&#xD;
2019-09-04 18:37:56 - [TEST_STEP][PASSED] - delay(1): Delayed 1 second(s)&#xD;
&#xD;
2019-09-04 18:37:57 - [MESSAGE][PASSED] - Delayed 1 second(s)&#xD;
&#xD;
2019-09-04 18:37:57 - [TEST_STEP][PASSED] - setText(findTestObject("Actpol_Scripts/Opsporing/MBES18/1 Registratie/Datum"), "23/08/2019"): Text '23/08/2019' is set on object 'Object Repository/Actpol_Scripts/Opsporing/MBES18/1 Registratie/Datum'&#xD;
&#xD;
2019-09-04 18:37:58 - [MESSAGE][PASSED] - Text '23/08/2019' is set on object 'Object Repository/Actpol_Scripts/Opsporing/MBES18/1 Registratie/Datum'&#xD;
&#xD;
2019-09-04 18:37:58 - [TEST_STEP][PASSED] - delay(1): Delayed 1 second(s)&#xD;
&#xD;
2019-09-04 18:37:59 - [MESSAGE][PASSED] - Delayed 1 second(s)&#xD;
&#xD;
2019-09-04 18:37:59 - [TEST_STEP][PASSED] - click(findTestObject("Actpol_Scripts/Opsporing/MBES18/1 Registratie/Registratie save")): Object: 'Object Repository/Actpol_Scripts/Opsporing/MBES18/1 Registratie/Registratie save' is clicked on&#xD;
&#xD;
2019-09-04 18:38:00 - [MESSAGE][PASSED] - Object: 'Object Repository/Actpol_Scripts/Opsporing/MBES18/1 Registratie/Registratie save' is clicked on&#xD;
&#xD;
2019-09-04 18:38:01 - [TEST_STEP][PASSED] - delay(1): Delayed 1 second(s)&#xD;
&#xD;
2019-09-04 18:38:02 - [MESSAGE][PASSED] - Delayed 1 second(s)&#xD;
&#xD;
2019-09-04 18:38:02 - [TEST_STEP][PASSED] - click(findTestObject("Actpol_Scripts/Opsporing/MBES18/1 Registratie/registratie tab")): Object: 'Object Repository/Actpol_Scripts/Opsporing/MBES18/1 Registratie/registratie tab' is clicked on&#xD;
&#xD;
2019-09-04 18:38:04 - [MESSAGE][PASSED] - Object: 'Object Repository/Actpol_Scripts/Opsporing/MBES18/1 Registratie/registratie tab' is clicked on&#xD;
&#xD;
2019-09-04 18:38:04 - [TEST_STEP][PASSED] - delay(1): Delayed 1 second(s)&#xD;
&#xD;
2019-09-04 18:38:05 - [MESSAGE][PASSED] - Delayed 1 second(s)&#xD;
&#xD;
2019-09-04 18:38:05 - [TEST_STEP][PASSED] - click(findTestObject("Actpol_Scripts/Opsporing/MBES18/2 Personalia/Personalia tab")): Object: 'Object Repository/Actpol_Scripts/Opsporing/MBES18/2 Personalia/Personalia tab' is clicked on&#xD;
&#xD;
2019-09-04 18:38:06 - [MESSAGE][PASSED] - Object: 'Object Repository/Actpol_Scripts/Opsporing/MBES18/2 Personalia/Personalia tab' is clicked on&#xD;
&#xD;
2019-09-04 18:38:06 - [TEST_STEP][PASSED] - delay(2): Delayed 2 second(s)&#xD;
&#xD;
2019-09-04 18:38:08 - [MESSAGE][PASSED] - Delayed 2 second(s)&#xD;
&#xD;
2019-09-04 18:38:08 - [TEST_STEP][PASSED] - click(findTestObject("Actpol_Scripts/Opsporing/MBES18/MBSC SAVE")): Object: 'Object Repository/Actpol_Scripts/Opsporing/MBES18/MBSC SAVE' is clicked on&#xD;
&#xD;
2019-09-04 18:38:09 - [MESSAGE][PASSED] - Object: 'Object Repository/Actpol_Scripts/Opsporing/MBES18/MBSC SAVE' is clicked on&#xD;
&#xD;
2019-09-04 18:38:09 - [TEST_STEP][PASSED] - delay(1): Delayed 1 second(s)&#xD;
&#xD;
2019-09-04 18:38:10 - [MESSAGE][PASSED] - Delayed 1 second(s)&#xD;
&#xD;
2019-09-04 18:38:10 - [TEST_STEP][PASSED] - Achternaam = getText(findTestObject("Actpol_Scripts/Opsporing/MBES18/2 Personalia/Achternaam error messgae")): Text of object 'Object Repository/Actpol_Scripts/Opsporing/MBES18/2 Personalia/Achternaam error messgae' is: 'Dit is een vereiste veld'&#xD;
&#xD;
2019-09-04 18:38:11 - [MESSAGE][PASSED] - Text of object 'Object Repository/Actpol_Scripts/Opsporing/MBES18/2 Personalia/Achternaam error messgae' is: 'Dit is een vereiste veld'&#xD;
&#xD;
2019-09-04 18:38:11 - [TEST_STEP][PASSED] - achternaamverify = "Dit is een vereiste veld": null&#xD;
&#xD;
2019-09-04 18:38:11 - [TEST_STEP][PASSED] - log.logInfo(Achternaam): Dit is een vereiste veld&#xD;
&#xD;
2019-09-04 18:38:11 - [MESSAGE][INFO] - Dit is een vereiste veld&#xD;
&#xD;
2019-09-04 18:38:11 - [TEST_STEP][PASSED] - if (Achternaam == achternaamverify): success and error message in Achternaam&#xD;
&#xD;
2019-09-04 18:38:11 - [TEST_STEP][PASSED] - log.logInfo("success and error message in Achternaam"): success and error message in Achternaam&#xD;
&#xD;
2019-09-04 18:38:11 - [MESSAGE][INFO] - success and error message in Achternaam&#xD;
&#xD;
2019-09-04 18:38:11 - [TEST_STEP][PASSED] - delay(2): Delayed 2 second(s)&#xD;
&#xD;
2019-09-04 18:38:13 - [MESSAGE][PASSED] - Delayed 2 second(s)&#xD;
&#xD;
2019-09-04 18:38:13 - [TEST_STEP][PASSED] - Garantsteller = getText(findTestObject("Actpol_Scripts/Opsporing/MBES18/2 Personalia/Garantsteller error message")): Text of object 'Object Repository/Actpol_Scripts/Opsporing/MBES18/2 Personalia/Garantsteller error message' is: 'Dit is een vereiste veld'&#xD;
&#xD;
2019-09-04 18:38:14 - [MESSAGE][PASSED] - Text of object 'Object Repository/Actpol_Scripts/Opsporing/MBES18/2 Personalia/Garantsteller error message' is: 'Dit is een vereiste veld'&#xD;
&#xD;
2019-09-04 18:38:14 - [TEST_STEP][PASSED] - Garantstellerverify = "Dit is een vereiste veld": null&#xD;
&#xD;
2019-09-04 18:38:14 - [TEST_STEP][PASSED] - log.logInfo(Garantsteller): Dit is een vereiste veld&#xD;
&#xD;
2019-09-04 18:38:14 - [MESSAGE][INFO] - Dit is een vereiste veld&#xD;
&#xD;
2019-09-04 18:38:14 - [TEST_STEP][PASSED] - if (Garantsteller == Garantstellerverify): success and error message in Garantsteller/referent&#xD;
&#xD;
2019-09-04 18:38:14 - [TEST_STEP][PASSED] - log.logInfo("success and error message in Garantsteller/referent"): success and error message in Garantsteller/referent&#xD;
&#xD;
2019-09-04 18:38:14 - [MESSAGE][INFO] - success and error message in Garantsteller/referent&#xD;
&#xD;
2019-09-04 18:38:14 - [TEST_STEP][PASSED] - delay(2): Delayed 2 second(s)&#xD;
&#xD;
2019-09-04 18:38:16 - [MESSAGE][PASSED] - Delayed 2 second(s)&#xD;
&#xD;
2019-09-04 18:38:16 - [TEST_STEP][PASSED] - comment("Checking button how it is working"): Checking button how it is working&#xD;
&#xD;
2019-09-04 18:38:16 - [MESSAGE][INFO] - Checking button how it is working&#xD;
&#xD;
2019-09-04 18:38:16 - [TEST_STEP][PASSED] - click(findTestObject("Actpol_Scripts/Opsporing/MBES18/2 Personalia/Personalia Achternaam new")): Object: 'Object Repository/Actpol_Scripts/Opsporing/MBES18/2 Personalia/Personalia Achternaam new' is clicked on&#xD;
&#xD;
2019-09-04 18:38:27 - [MESSAGE][PASSED] - Object: 'Object Repository/Actpol_Scripts/Opsporing/MBES18/2 Personalia/Personalia Achternaam new' is clicked on&#xD;
&#xD;
2019-09-04 18:38:27 - [TEST_STEP][PASSED] - delay(4): Delayed 4 second(s)&#xD;
&#xD;
2019-09-04 18:38:31 - [MESSAGE][PASSED] - Delayed 4 second(s)&#xD;
&#xD;
2019-09-04 18:38:31 - [TEST_STEP][PASSED] - click(findTestObject("Actpol_Scripts/Opsporing/MBES18/2 Personalia/Select default persoon"), OPTIONAL): Object: 'Object Repository/Actpol_Scripts/Opsporing/MBES18/2 Personalia/Select default persoon' is clicked on&#xD;
&#xD;
2019-09-04 18:38:32 - [MESSAGE][PASSED] - Object: 'Object Repository/Actpol_Scripts/Opsporing/MBES18/2 Personalia/Select default persoon' is clicked on&#xD;
&#xD;
2019-09-04 18:38:32 - [TEST_STEP][PASSED] - delay(2): Delayed 2 second(s)&#xD;
&#xD;
2019-09-04 18:38:34 - [MESSAGE][PASSED] - Delayed 2 second(s)&#xD;
&#xD;
2019-09-04 18:38:34 - [TEST_STEP][PASSED] - click(findTestObject("Actpol_Scripts/Opsporing/MBES18/2 Personalia/new persoon close btn"), OPTIONAL): Unable to click on object 'Object Repository/Actpol_Scripts/Opsporing/MBES18/2 Personalia/new persoon close btn' (Root cause: com.kms.katalon.core.exception.StepFailedException: Unable to click on object 'Object Repository/Actpol_Scripts/Opsporing/MBES18/2 Personalia/new persoon close btn'&#xD;
	at com.kms.katalon.core.webui.keyword.internal.WebUIKeywordMain.stepFailed(WebUIKeywordMain.groovy:64)&#xD;
	at com.kms.katalon.core.webui.keyword.internal.WebUIKeywordMain.runKeyword(WebUIKeywordMain.groovy:26)&#xD;
	at com.kms.katalon.core.webui.keyword.builtin.ClickKeyword.click(ClickKeyword.groovy:86)&#xD;
	at com.kms.katalon.core.webui.keyword.builtin.ClickKeyword.execute(ClickKeyword.groovy:67)&#xD;
	at com.kms.katalon.core.keyword.internal.KeywordExecutor.executeKeywordForPlatform(KeywordExecutor.groovy:56)&#xD;
	at com.kms.katalon.core.webui.keyword.WebUiBuiltInKeywords.click(WebUiBuiltInKeywords.groovy:604)&#xD;
	at com.kms.katalon.core.webui.keyword.WebUiBuiltInKeywords$click$12.call(Unknown Source)&#xD;
	at ACTPOL-560.run(ACTPOL-560:160)&#xD;
	at com.kms.katalon.core.main.ScriptEngine.run(ScriptEngine.java:194)&#xD;
	at com.kms.katalon.core.main.ScriptEngine.runScriptAsRawText(ScriptEngine.java:119)&#xD;
	at com.kms.katalon.core.main.TestCaseExecutor.runScript(TestCaseExecutor.java:337)&#xD;
	at com.kms.katalon.core.main.TestCaseExecutor.doExecute(TestCaseExecutor.java:328)&#xD;
	at com.kms.katalon.core.main.TestCaseExecutor.processExecutionPhase(TestCaseExecutor.java:307)&#xD;
	at com.kms.katalon.core.main.TestCaseExecutor.accessMainPhase(TestCaseExecutor.java:299)&#xD;
	at com.kms.katalon.core.main.TestCaseExecutor.execute(TestCaseExecutor.java:233)&#xD;
	at com.kms.katalon.core.main.TestSuiteExecutor.accessTestCaseMainPhase(TestSuiteExecutor.java:169)&#xD;
	at com.kms.katalon.core.main.TestSuiteExecutor.accessTestSuiteMainPhase(TestSuiteExecutor.java:142)&#xD;
	at com.kms.katalon.core.main.TestSuiteExecutor.execute(TestSuiteExecutor.java:91)&#xD;
	at com.kms.katalon.core.main.TestCaseMain.startTestSuite(TestCaseMain.java:157)&#xD;
	at com.kms.katalon.core.main.TestCaseMain$startTestSuite$0.call(Unknown Source)&#xD;
	at TempTestSuite1567601971064.run(TempTestSuite1567601971064.groovy:35)&#xD;
Caused by: org.openqa.selenium.ElementNotInteractableException: element not interactable
  (Session info: chrome=76.0.3809.132)
Build info: version: '3.141.59', revision: 'e82be7d358', time: '2018-11-14T08:25:53'
System info: host: 'NIVI-4', ip: '10.20.20.7', os.name: 'Windows 8.1', os.arch: 'amd64', os.version: '6.3', java.version: '1.8.0_181'
Driver info: com.kms.katalon.selenium.driver.CChromeDriver
Capabilities {acceptInsecureCerts: false, browserName: chrome, browserVersion: 76.0.3809.132, chrome: {chromedriverVersion: 76.0.3809.126 (d80a294506b4..., userDataDir: C:\Users\user4\AppData\Loca...}, goog:chromeOptions: {debuggerAddress: localhost:55475}, javascriptEnabled: true, networkConnectionEnabled: false, pageLoadStrategy: normal, platform: XP, platformName: XP, proxy: Proxy(), setWindowRect: true, strictFileInteractability: false, timeouts: {implicit: 0, pageLoad: 300000, script: 30000}, unhandledPromptBehavior: dismiss and notify}
Session ID: b3aa051799a8e8b5bfac887df9b8a4ad&#xD;
	at org.openqa.selenium.remote.http.W3CHttpResponseCodec.createException(W3CHttpResponseCodec.java:187)&#xD;
	at org.openqa.selenium.remote.http.W3CHttpResponseCodec.decode(W3CHttpResponseCodec.java:122)&#xD;
	at org.openqa.selenium.remote.http.W3CHttpResponseCodec.decode(W3CHttpResponseCodec.java:49)&#xD;
	at org.openqa.selenium.remote.HttpCommandExecutor.execute(HttpCommandExecutor.java:158)&#xD;
	at org.openqa.selenium.remote.service.DriverCommandExecutor.execute(DriverCommandExecutor.java:83)&#xD;
	at org.openqa.selenium.remote.RemoteWebDriver.execute(RemoteWebDriver.java:552)&#xD;
	at com.kms.katalon.selenium.driver.CChromeDriver.execute(CChromeDriver.java:20)&#xD;
	at org.openqa.selenium.remote.RemoteWebElement.execute(RemoteWebElement.java:285)&#xD;
	at org.openqa.selenium.remote.RemoteWebElement.click(RemoteWebElement.java:84)&#xD;
	at com.kms.katalon.core.webui.keyword.builtin.ClickKeyword$_click_closure1.doCall(ClickKeyword.groovy:79)&#xD;
	at com.kms.katalon.core.webui.keyword.builtin.ClickKeyword$_click_closure1.call(ClickKeyword.groovy)&#xD;
	at com.kms.katalon.core.webui.keyword.internal.WebUIKeywordMain.runKeyword(WebUIKeywordMain.groovy:20)&#xD;
	at com.kms.katalon.core.webui.keyword.builtin.ClickKeyword.click(ClickKeyword.groovy:86)&#xD;
	at com.kms.katalon.core.webui.keyword.builtin.ClickKeyword.execute(ClickKeyword.groovy:67)&#xD;
	at com.kms.katalon.core.keyword.internal.KeywordExecutor.executeKeywordForPlatform(KeywordExecutor.groovy:56)&#xD;
	at com.kms.katalon.core.webui.keyword.WebUiBuiltInKeywords.click(WebUiBuiltInKeywords.groovy:604)&#xD;
	at com.kms.katalon.core.webui.keyword.WebUiBuiltInKeywords$click$12.call(Unknown Source)&#xD;
	at Script1567084518717.run(Script1567084518717.groovy:160)&#xD;
	... 13 more&#xD;
)&#xD;
&#xD;
2019-09-04 18:38:37 - [MESSAGE][WARNING] - Unable to click on object 'Object Repository/Actpol_Scripts/Opsporing/MBES18/2 Personalia/new persoon close btn' (Root cause: com.kms.katalon.core.exception.StepFailedException: Unable to click on object 'Object Repository/Actpol_Scripts/Opsporing/MBES18/2 Personalia/new persoon close btn'&#xD;
	at com.kms.katalon.core.webui.keyword.internal.WebUIKeywordMain.stepFailed(WebUIKeywordMain.groovy:64)&#xD;
	at com.kms.katalon.core.webui.keyword.internal.WebUIKeywordMain.runKeyword(WebUIKeywordMain.groovy:26)&#xD;
	at com.kms.katalon.core.webui.keyword.builtin.ClickKeyword.click(ClickKeyword.groovy:86)&#xD;
	at com.kms.katalon.core.webui.keyword.builtin.ClickKeyword.execute(ClickKeyword.groovy:67)&#xD;
	at com.kms.katalon.core.keyword.internal.KeywordExecutor.executeKeywordForPlatform(KeywordExecutor.groovy:56)&#xD;
	at com.kms.katalon.core.webui.keyword.WebUiBuiltInKeywords.click(WebUiBuiltInKeywords.groovy:604)&#xD;
	at com.kms.katalon.core.webui.keyword.WebUiBuiltInKeywords$click$12.call(Unknown Source)&#xD;
	at ACTPOL-560.run(ACTPOL-560:160)&#xD;
	at com.kms.katalon.core.main.ScriptEngine.run(ScriptEngine.java:194)&#xD;
	at com.kms.katalon.core.main.ScriptEngine.runScriptAsRawText(ScriptEngine.java:119)&#xD;
	at com.kms.katalon.core.main.TestCaseExecutor.runScript(TestCaseExecutor.java:337)&#xD;
	at com.kms.katalon.core.main.TestCaseExecutor.doExecute(TestCaseExecutor.java:328)&#xD;
	at com.kms.katalon.core.main.TestCaseExecutor.processExecutionPhase(TestCaseExecutor.java:307)&#xD;
	at com.kms.katalon.core.main.TestCaseExecutor.accessMainPhase(TestCaseExecutor.java:299)&#xD;
	at com.kms.katalon.core.main.TestCaseExecutor.execute(TestCaseExecutor.java:233)&#xD;
	at com.kms.katalon.core.main.TestSuiteExecutor.accessTestCaseMainPhase(TestSuiteExecutor.java:169)&#xD;
	at com.kms.katalon.core.main.TestSuiteExecutor.accessTestSuiteMainPhase(TestSuiteExecutor.java:142)&#xD;
	at com.kms.katalon.core.main.TestSuiteExecutor.execute(TestSuiteExecutor.java:91)&#xD;
	at com.kms.katalon.core.main.TestCaseMain.startTestSuite(TestCaseMain.java:157)&#xD;
	at com.kms.katalon.core.main.TestCaseMain$startTestSuite$0.call(Unknown Source)&#xD;
	at TempTestSuite1567601971064.run(TempTestSuite1567601971064.groovy:35)&#xD;
Caused by: org.openqa.selenium.ElementNotInteractableException: element not interactable
  (Session info: chrome=76.0.3809.132)
Build info: version: '3.141.59', revision: 'e82be7d358', time: '2018-11-14T08:25:53'
System info: host: 'NIVI-4', ip: '10.20.20.7', os.name: 'Windows 8.1', os.arch: 'amd64', os.version: '6.3', java.version: '1.8.0_181'
Driver info: com.kms.katalon.selenium.driver.CChromeDriver
Capabilities {acceptInsecureCerts: false, browserName: chrome, browserVersion: 76.0.3809.132, chrome: {chromedriverVersion: 76.0.3809.126 (d80a294506b4..., userDataDir: C:\Users\user4\AppData\Loca...}, goog:chromeOptions: {debuggerAddress: localhost:55475}, javascriptEnabled: true, networkConnectionEnabled: false, pageLoadStrategy: normal, platform: XP, platformName: XP, proxy: Proxy(), setWindowRect: true, strictFileInteractability: false, timeouts: {implicit: 0, pageLoad: 300000, script: 30000}, unhandledPromptBehavior: dismiss and notify}
Session ID: b3aa051799a8e8b5bfac887df9b8a4ad&#xD;
	at org.openqa.selenium.remote.http.W3CHttpResponseCodec.createException(W3CHttpResponseCodec.java:187)&#xD;
	at org.openqa.selenium.remote.http.W3CHttpResponseCodec.decode(W3CHttpResponseCodec.java:122)&#xD;
	at org.openqa.selenium.remote.http.W3CHttpResponseCodec.decode(W3CHttpResponseCodec.java:49)&#xD;
	at org.openqa.selenium.remote.HttpCommandExecutor.execute(HttpCommandExecutor.java:158)&#xD;
	at org.openqa.selenium.remote.service.DriverCommandExecutor.execute(DriverCommandExecutor.java:83)&#xD;
	at org.openqa.selenium.remote.RemoteWebDriver.execute(RemoteWebDriver.java:552)&#xD;
	at com.kms.katalon.selenium.driver.CChromeDriver.execute(CChromeDriver.java:20)&#xD;
	at org.openqa.selenium.remote.RemoteWebElement.execute(RemoteWebElement.java:285)&#xD;
	at org.openqa.selenium.remote.RemoteWebElement.click(RemoteWebElement.java:84)&#xD;
	at com.kms.katalon.core.webui.keyword.builtin.ClickKeyword$_click_closure1.doCall(ClickKeyword.groovy:79)&#xD;
	at com.kms.katalon.core.webui.keyword.builtin.ClickKeyword$_click_closure1.call(ClickKeyword.groovy)&#xD;
	at com.kms.katalon.core.webui.keyword.internal.WebUIKeywordMain.runKeyword(WebUIKeywordMain.groovy:20)&#xD;
	at com.kms.katalon.core.webui.keyword.builtin.ClickKeyword.click(ClickKeyword.groovy:86)&#xD;
	at com.kms.katalon.core.webui.keyword.builtin.ClickKeyword.execute(ClickKeyword.groovy:67)&#xD;
	at com.kms.katalon.core.keyword.internal.KeywordExecutor.executeKeywordForPlatform(KeywordExecutor.groovy:56)&#xD;
	at com.kms.katalon.core.webui.keyword.WebUiBuiltInKeywords.click(WebUiBuiltInKeywords.groovy:604)&#xD;
	at com.kms.katalon.core.webui.keyword.WebUiBuiltInKeywords$click$12.call(Unknown Source)&#xD;
	at Script1567084518717.run(Script1567084518717.groovy:160)&#xD;
	... 13 more&#xD;
)&#xD;
[[ATTACHMENT|C:\\Users\\user4\\git\\ACTPOL\\Reports\\20190904_182916\\Release 6.6\\ACTPOL-558,559 and 560\\20190904_182926\\1567602515201.png]]&#xD;
&#xD;
2019-09-04 18:38:37 - [TEST_STEP][PASSED] - delay(2): Delayed 2 second(s)&#xD;
&#xD;
2019-09-04 18:38:39 - [MESSAGE][PASSED] - Delayed 2 second(s)&#xD;
&#xD;
2019-09-04 18:38:39 - [TEST_STEP][PASSED] - comment("Checking text box how it is working"): Checking text box how it is working&#xD;
&#xD;
2019-09-04 18:38:39 - [MESSAGE][INFO] - Checking text box how it is working&#xD;
&#xD;
2019-09-04 18:38:39 - [TEST_STEP][PASSED] - setText(findTestObject("Actpol_Scripts/Opsporing/MBES18/2 Personalia/Achternaam text"), "aa"): Text 'aa' is set on object 'Object Repository/Actpol_Scripts/Opsporing/MBES18/2 Personalia/Achternaam text'&#xD;
&#xD;
2019-09-04 18:38:40 - [MESSAGE][PASSED] - Text 'aa' is set on object 'Object Repository/Actpol_Scripts/Opsporing/MBES18/2 Personalia/Achternaam text'&#xD;
&#xD;
2019-09-04 18:38:40 - [TEST_STEP][PASSED] - delay(2): Delayed 2 second(s)&#xD;
&#xD;
2019-09-04 18:38:42 - [MESSAGE][PASSED] - Delayed 2 second(s)&#xD;
&#xD;
2019-09-04 18:38:42 - [TEST_STEP][PASSED] - click(findTestObject("Actpol_Scripts/Opsporing/MBES18/2 Personalia/Achternaam text lb")): Object: 'Object Repository/Actpol_Scripts/Opsporing/MBES18/2 Personalia/Achternaam text lb' is clicked on&#xD;
&#xD;
2019-09-04 18:38:44 - [MESSAGE][PASSED] - Object: 'Object Repository/Actpol_Scripts/Opsporing/MBES18/2 Personalia/Achternaam text lb' is clicked on&#xD;
&#xD;
2019-09-04 18:38:44 - [TEST_STEP][PASSED] - comment("Checking edit btn how it is working"): Checking edit btn how it is working&#xD;
&#xD;
2019-09-04 18:38:44 - [MESSAGE][INFO] - Checking edit btn how it is working&#xD;
&#xD;
2019-09-04 18:38:44 - [TEST_STEP][PASSED] - delay(1): Delayed 1 second(s)&#xD;
&#xD;
2019-09-04 18:38:45 - [MESSAGE][PASSED] - Delayed 1 second(s)&#xD;
&#xD;
2019-09-04 18:38:45 - [TEST_STEP][PASSED] - click(findTestObject("JIRA/A Relese 6.6/ACTPOL-560/Edit btn check in personaila btn")): Object: 'Object Repository/JIRA/A Relese 6.6/ACTPOL-560/Edit btn check in personaila btn' is clicked on&#xD;
&#xD;
2019-09-04 18:38:47 - [MESSAGE][PASSED] - Object: 'Object Repository/JIRA/A Relese 6.6/ACTPOL-560/Edit btn check in personaila btn' is clicked on&#xD;
&#xD;
2019-09-04 18:38:47 - [TEST_STEP][PASSED] - delay(6): Delayed 6 second(s)&#xD;
&#xD;
2019-09-04 18:38:53 - [MESSAGE][PASSED] - Delayed 6 second(s)&#xD;
&#xD;
2019-09-04 18:38:53 - [TEST_STEP][PASSED] - sendKeys(findTestObject("JIRA/A Relese 6.6/ACTPOL-560/Edit btn check in personaila btn"), "124"): Keys '124' sent to object: 'Object Repository/JIRA/A Relese 6.6/ACTPOL-560/Edit btn check in personaila btn'&#xD;
&#xD;
2019-09-04 18:38:54 - [MESSAGE][PASSED] - Keys '124' sent to object: 'Object Repository/JIRA/A Relese 6.6/ACTPOL-560/Edit btn check in personaila btn'&#xD;
&#xD;
2019-09-04 18:38:54 - [TEST_STEP][PASSED] - delay(1): Delayed 1 second(s)&#xD;
&#xD;
2019-09-04 18:38:55 - [MESSAGE][PASSED] - Delayed 1 second(s)&#xD;
&#xD;
2019-09-04 18:38:55 - [TEST_STEP][PASSED] - click(findTestObject("JIRA/A Relese 6.6/ACTPOL-560/Click new persoon save popup")): Object: 'Object Repository/JIRA/A Relese 6.6/ACTPOL-560/Click new persoon save popup' is clicked on&#xD;
&#xD;
2019-09-04 18:38:56 - [MESSAGE][PASSED] - Object: 'Object Repository/JIRA/A Relese 6.6/ACTPOL-560/Click new persoon save popup' is clicked on&#xD;
&#xD;
2019-09-04 18:38:56 - [TEST_STEP][PASSED] - delay(4): Delayed 4 second(s)&#xD;
&#xD;
2019-09-04 18:39:00 - [MESSAGE][PASSED] - Delayed 4 second(s)&#xD;
&#xD;
2019-09-04 18:39:00 - [TEST_STEP][PASSED] - comment("Checking Search btn how it is working"): Checking Search btn how it is working&#xD;
&#xD;
2019-09-04 18:39:00 - [MESSAGE][INFO] - Checking Search btn how it is working&#xD;
&#xD;
2019-09-04 18:39:00 - [TEST_STEP][PASSED] - click(findTestObject("JIRA/A Relese 6.6/ACTPOL-560/Achternaam search btn click")): Object: 'Object Repository/JIRA/A Relese 6.6/ACTPOL-560/Achternaam search btn click' is clicked on&#xD;
&#xD;
2019-09-04 18:39:01 - [MESSAGE][PASSED] - Object: 'Object Repository/JIRA/A Relese 6.6/ACTPOL-560/Achternaam search btn click' is clicked on&#xD;
&#xD;
2019-09-04 18:39:01 - [TEST_STEP][PASSED] - delay(1): Delayed 1 second(s)&#xD;
&#xD;
2019-09-04 18:39:02 - [MESSAGE][PASSED] - Delayed 1 second(s)&#xD;
&#xD;
2019-09-04 18:39:02 - [TEST_STEP][PASSED] - scrollToPosition(10, 7): Browser is scrolled to position x = 10, y = 7&#xD;
&#xD;
2019-09-04 18:39:05 - [MESSAGE][PASSED] - Browser is scrolled to position x = 10, y = 7&#xD;
&#xD;
2019-09-04 18:39:05 - [TEST_STEP][PASSED] - delay(4): Delayed 4 second(s)&#xD;
&#xD;
2019-09-04 18:39:09 - [MESSAGE][PASSED] - Delayed 4 second(s)&#xD;
&#xD;
2019-09-04 18:39:09 - [TEST_STEP][PASSED] - click(findTestObject("JIRA/A Relese 6.6/ACTPOL-560/Search close btn")): Object: 'Object Repository/JIRA/A Relese 6.6/ACTPOL-560/Search close btn' is clicked on&#xD;
&#xD;
2019-09-04 18:39:11 - [MESSAGE][PASSED] - Object: 'Object Repository/JIRA/A Relese 6.6/ACTPOL-560/Search close btn' is clicked on&#xD;
&#xD;
2019-09-04 18:39:11 - [TEST_STEP][PASSED] - delay(6): Delayed 6 second(s)&#xD;
&#xD;
2019-09-04 18:39:17 - [MESSAGE][PASSED] - Delayed 6 second(s)&#xD;
&#xD;
2019-09-04 18:39:17 - [TEST_STEP][PASSED] - setText(findTestObject("Actpol_Scripts/Opsporing/MBES18/2 Personalia/Garantsteller new"), "aa"): Text 'aa' is set on object 'Object Repository/Actpol_Scripts/Opsporing/MBES18/2 Personalia/Garantsteller new'&#xD;
&#xD;
2019-09-04 18:39:18 - [MESSAGE][PASSED] - Text 'aa' is set on object 'Object Repository/Actpol_Scripts/Opsporing/MBES18/2 Personalia/Garantsteller new'&#xD;
&#xD;
2019-09-04 18:39:18 - [TEST_STEP][PASSED] - delay(2): Delayed 2 second(s)&#xD;
&#xD;
2019-09-04 18:39:20 - [MESSAGE][PASSED] - Delayed 2 second(s)&#xD;
&#xD;
2019-09-04 18:39:20 - [TEST_STEP][PASSED] - click(findTestObject("Actpol_Scripts/Opsporing/MBES18/2 Personalia/Garantsteller new lb")): Object: 'Object Repository/Actpol_Scripts/Opsporing/MBES18/2 Personalia/Garantsteller new lb' is clicked on&#xD;
&#xD;
2019-09-04 18:39:21 - [MESSAGE][PASSED] - Object: 'Object Repository/Actpol_Scripts/Opsporing/MBES18/2 Personalia/Garantsteller new lb' is clicked on&#xD;
&#xD;
2019-09-04 18:39:21 - [TEST_STEP][PASSED] - delay(1): Delayed 1 second(s)&#xD;
&#xD;
2019-09-04 18:39:22 - [MESSAGE][PASSED] - Delayed 1 second(s)&#xD;
&#xD;
2019-09-04 18:39:22 - [TEST_STEP][PASSED] - click(findTestObject("Actpol_Scripts/Opsporing/MBES18/2 Personalia/Personalia tab")): Object: 'Object Repository/Actpol_Scripts/Opsporing/MBES18/2 Personalia/Personalia tab' is clicked on&#xD;
&#xD;
2019-09-04 18:39:23 - [MESSAGE][PASSED] - Object: 'Object Repository/Actpol_Scripts/Opsporing/MBES18/2 Personalia/Personalia tab' is clicked on&#xD;
&#xD;
2019-09-04 18:39:23 - [TEST_STEP][PASSED] - delay(1): Delayed 1 second(s)&#xD;
&#xD;
2019-09-04 18:39:24 - [MESSAGE][PASSED] - Delayed 1 second(s)&#xD;
&#xD;
2019-09-04 18:39:24 - [TEST_STEP][PASSED] - click(findTestObject("Actpol_Scripts/Opsporing/MBES18/MBSC SAVE")): Object: 'Object Repository/Actpol_Scripts/Opsporing/MBES18/MBSC SAVE' is clicked on&#xD;
&#xD;
2019-09-04 18:39:24 - [MESSAGE][PASSED] - Object: 'Object Repository/Actpol_Scripts/Opsporing/MBES18/MBSC SAVE' is clicked on</system-out>
            <system-err></system-err>
        </testcase>
        <system-out>2019-09-04 18:29:39 - [TEST_SUITE][INCOMPLETE] - ACTPOL-558,559 and 560: null</system-out>
        <system-err>2019-09-04 18:29:39 - [TEST_SUITE][INCOMPLETE] - ACTPOL-558,559 and 560: null</system-err>
    </testsuite>
</testsuites>
