<?xml version="1.0" encoding="UTF-8" standalone="yes"?>
<testsuites name="ACTPOL-534,507,543 and 484" time="467" tests="4" failures="0" errors="0">
    <testsuite name="ACTPOL-534,507,543 and 484" tests="4" failures="0" errors="0" time="467" timestamp="2019-08-22 20:02:01" hostname="user4 - 10.20.20.10" id="Test Suites/Release 6.6/ACTPOL-534,507,543 and 484">
        <properties>
            <property name="deviceName" value=""/>
            <property name="devicePlatform" value=""/>
            <property name="logFolder" value="C:\\Users\\user4\\git\\ACTPOL\\Reports\\20190822_200036\\Release 6.6\\ACTPOL-534,507,543 and 484\\20190822_200115"/>
            <property name="logFiles" value="C:\\Users\\user4\\git\\ACTPOL\\Reports\\20190822_200036\\Release 6.6\\ACTPOL-534,507,543 and 484\\20190822_200115\\execution0.log"/>
            <property name="attachments" value="C:\\Users\\user4\\git\\ACTPOL\\Reports\\20190822_200036\\Release 6.6\\ACTPOL-534,507,543 and 484\\20190822_200115\\1566484509147.png, C:\\Users\\user4\\git\\ACTPOL\\Reports\\20190822_200036\\Release 6.6\\ACTPOL-534,507,543 and 484\\20190822_200115\\1566484601778.png, C:\\Users\\user4\\git\\ACTPOL\\Reports\\20190822_200036\\Release 6.6\\ACTPOL-534,507,543 and 484\\20190822_200115\\1566484615961.png"/>
            <property name="hostName" value="user4 - 10.20.20.10"/>
            <property name="os" value="Windows 8.1 64bit"/>
            <property name="katalonVersion" value="6.3.2.1"/>
            <property name="browser" value="Chrome 76.0.3809.100"/>
            <property name="hostAddress" value="10.20.20.10"/>
            <property name="sessionId" value="b95743d2b30caa1b1d9dd722b51036e5"/>
            <property name="seleniumVersion" value="3.141.59"/>
            <property name="proxyInformation" value="ProxyInformation{proxyOption=NO_PROXY, proxyServerType=HTTP, password=, proxyServerAddress=, proxyServerPort=0}"/>
            <property name="platform" value="Windows 8.1"/>
        </properties>
        <testcase name="Test Cases/JIRA Tasks/Release 6.6/ACTPOL-534" classname="Test Cases/JIRA Tasks/Release 6.6/ACTPOL-534" status="PASSED">
            <system-out>2019-08-22 20:02:03 - [TEST_CASE][PASSED] - Test Cases/JIRA Tasks/Release 6.6/ACTPOL-534: Test Cases/JIRA Tasks/Release 6.6/ACTPOL-534&#xD;
&#xD;
2019-08-22 20:02:04 - [TEST_STEP][PASSED] - callTestCase(findTestCase("main/Actpol_Login_testenv"), [:], STOP_ON_FAILURE): Call Test Case 'Test Cases/main/Actpol_Login_testenv' successfully&#xD;
&#xD;
2019-08-22 20:02:05 - [TEST_CASE][PASSED] - Test Cases/main/Actpol_Login_testenv: Test Cases/main/Actpol_Login_testenv&#xD;
&#xD;
2019-08-22 20:02:06 - [TEST_STEP][PASSED] - openBrowser(""): Browser is opened with url: ''&#xD;
&#xD;
2019-08-22 20:02:06 - [MESSAGE][INFO] - Starting 'Chrome' driver&#xD;
&#xD;
2019-08-22 20:02:07 - [MESSAGE][INFO] - Action delay is set to 0 seconds&#xD;
&#xD;
2019-08-22 20:03:02 - [MESSAGE][PASSED] - Browser is opened with url: ''&#xD;
&#xD;
2019-08-22 20:03:02 - [TEST_STEP][PASSED] - deleteAllCookies(): Delete all cookies successfully&#xD;
&#xD;
2019-08-22 20:03:03 - [MESSAGE][PASSED] - Delete all cookies successfully&#xD;
&#xD;
2019-08-22 20:03:03 - [TEST_STEP][PASSED] - waitForPageLoad(30): Wait for page load successfully&#xD;
&#xD;
2019-08-22 20:03:04 - [MESSAGE][PASSED] - Wait for page load successfully&#xD;
&#xD;
2019-08-22 20:03:04 - [TEST_STEP][PASSED] - maximizeWindow(): Current window maximized&#xD;
&#xD;
2019-08-22 20:03:05 - [MESSAGE][PASSED] - Current window maximized&#xD;
&#xD;
2019-08-22 20:03:05 - [TEST_STEP][PASSED] - ACTPOLTESTENV = 1: null&#xD;
&#xD;
2019-08-22 20:03:05 - [TEST_STEP][PASSED] - ACTPOLDEVENV = 2: null&#xD;
&#xD;
2019-08-22 20:03:05 - [TEST_STEP][PASSED] - ACTPOLKCENV = 3: null&#xD;
&#xD;
2019-08-22 20:03:05 - [TEST_STEP][PASSED] - ACTPOLKBKPCNENV = 4: null&#xD;
&#xD;
2019-08-22 20:03:05 - [TEST_STEP][PASSED] - ACTPOLKBKMARENV = 5: null&#xD;
&#xD;
2019-08-22 20:03:05 - [TEST_STEP][PASSED] - ACTPOLKMENV = 6: null&#xD;
&#xD;
2019-08-22 20:03:05 - [TEST_STEP][PASSED] - ACTPOLKWENV = 7: null&#xD;
&#xD;
2019-08-22 20:03:05 - [TEST_STEP][PASSED] - environment = ACTPOLTESTENV: null&#xD;
&#xD;
2019-08-22 20:03:05 - [TEST_STEP][PASSED] - Selectenv = &lt;not implemented yet for class: org.codehaus.groovy.ast.expr.EmptyExpression&gt;: null&#xD;
&#xD;
2019-08-22 20:03:05 - [TEST_STEP][PASSED] - switch (environment): null&#xD;
&#xD;
2019-08-22 20:03:05 - [TEST_STEP][PASSED] - case 1:: null&#xD;
&#xD;
2019-08-22 20:03:05 - [TEST_STEP][PASSED] - println(Selectenv = "ACTPOL-TEST-ENV"): null&#xD;
&#xD;
2019-08-22 20:03:05 - [TEST_STEP][PASSED] - navigateToUrl(TESTURL): Navigate to 'http://10.20.10.7:8185/actpoltst/nxmenu.pgm?docnum=551' successfully&#xD;
&#xD;
2019-08-22 20:03:30 - [MESSAGE][PASSED] - Navigate to 'http://10.20.10.7:8185/actpoltst/nxmenu.pgm?docnum=551' successfully&#xD;
&#xD;
2019-08-22 20:03:30 - [TEST_STEP][PASSED] - setText(findTestObject("Actpol_Scripts/login/userid"), username): Text 'vidhya' is set on object 'Object Repository/Actpol_Scripts/login/userid'&#xD;
&#xD;
2019-08-22 20:03:44 - [MESSAGE][PASSED] - Text 'vidhya' is set on object 'Object Repository/Actpol_Scripts/login/userid'&#xD;
&#xD;
2019-08-22 20:03:44 - [TEST_STEP][PASSED] - setMaskedText(findTestObject("Actpol_Scripts/login/password"), password): Text '********' is set on object 'Object Repository/Actpol_Scripts/login/password'&#xD;
&#xD;
2019-08-22 20:03:44 - [MESSAGE][PASSED] - Text '********' is set on object 'Object Repository/Actpol_Scripts/login/password'&#xD;
&#xD;
2019-08-22 20:03:44 - [TEST_STEP][PASSED] - click(findTestObject("Actpol_Scripts/login/login")): Object: 'Object Repository/Actpol_Scripts/login/login' is clicked on&#xD;
&#xD;
2019-08-22 20:03:45 - [MESSAGE][PASSED] - Object: 'Object Repository/Actpol_Scripts/login/login' is clicked on&#xD;
&#xD;
2019-08-22 20:03:45 - [TEST_STEP][PASSED] - getWindowTitle(): Current window's title is: 'Login Page for ACTPOL Test'&#xD;
&#xD;
2019-08-22 20:03:45 - [MESSAGE][PASSED] - Current window's title is: 'Login Page for ACTPOL Test'&#xD;
&#xD;
2019-08-22 20:03:45 - [TEST_STEP][PASSED] - break: null&#xD;
&#xD;
2019-08-22 20:03:45 - [MESSAGE][PASSED] - Call Test Case 'Test Cases/main/Actpol_Login_testenv' successfully&#xD;
&#xD;
2019-08-22 20:03:45 - [TEST_STEP][PASSED] - mouseOver(findTestObject("Actpol_Scripts/Menu navigation/Opsporing/Opsporing")): Object: 'Object Repository/Actpol_Scripts/Menu navigation/Opsporing/Opsporing' is hovered&#xD;
&#xD;
2019-08-22 20:04:08 - [MESSAGE][PASSED] - Object: 'Object Repository/Actpol_Scripts/Menu navigation/Opsporing/Opsporing' is hovered&#xD;
&#xD;
2019-08-22 20:04:08 - [TEST_STEP][PASSED] - delay(2): Delayed 2 second(s)&#xD;
&#xD;
2019-08-22 20:04:10 - [MESSAGE][PASSED] - Delayed 2 second(s)&#xD;
&#xD;
2019-08-22 20:04:10 - [TEST_STEP][PASSED] - click(findTestObject("Actpol_Scripts/Menu navigation/Opsporing/Case Screening")): Object: 'Object Repository/Actpol_Scripts/Menu navigation/Opsporing/Case Screening' is clicked on&#xD;
&#xD;
2019-08-22 20:04:17 - [MESSAGE][PASSED] - Object: 'Object Repository/Actpol_Scripts/Menu navigation/Opsporing/Case Screening' is clicked on&#xD;
&#xD;
2019-08-22 20:04:17 - [TEST_STEP][PASSED] - mouseOver(findTestObject("Actpol_Scripts/Menu navigation/Generiek/Generiek")): Object: 'Object Repository/Actpol_Scripts/Menu navigation/Generiek/Generiek' is hovered&#xD;
&#xD;
2019-08-22 20:04:19 - [MESSAGE][PASSED] - Object: 'Object Repository/Actpol_Scripts/Menu navigation/Generiek/Generiek' is hovered&#xD;
&#xD;
2019-08-22 20:04:19 - [TEST_STEP][PASSED] - delay(1): Delayed 1 second(s)&#xD;
&#xD;
2019-08-22 20:04:20 - [MESSAGE][PASSED] - Delayed 1 second(s)&#xD;
&#xD;
2019-08-22 20:04:20 - [TEST_STEP][PASSED] - click(findTestObject("JIRA/A Relese 6.6/ACTPOL-534/Period van")): Object: 'Object Repository/JIRA/A Relese 6.6/ACTPOL-534/Period van' is clicked on&#xD;
&#xD;
2019-08-22 20:04:22 - [MESSAGE][PASSED] - Object: 'Object Repository/JIRA/A Relese 6.6/ACTPOL-534/Period van' is clicked on&#xD;
&#xD;
2019-08-22 20:04:23 - [TEST_STEP][PASSED] - delay(1): Delayed 1 second(s)&#xD;
&#xD;
2019-08-22 20:04:24 - [MESSAGE][PASSED] - Delayed 1 second(s)&#xD;
&#xD;
2019-08-22 20:04:24 - [TEST_STEP][PASSED] - selectOptionByValue(findTestObject("Actpol_Scripts/Monthyear/Leftmonth"), "1", false): All options with value '1' are selected in object 'Object Repository/Actpol_Scripts/Monthyear/Leftmonth' &#xD;
&#xD;
2019-08-22 20:04:26 - [MESSAGE][PASSED] - All options with value '1' are selected in object 'Object Repository/Actpol_Scripts/Monthyear/Leftmonth' &#xD;
&#xD;
2019-08-22 20:04:26 - [TEST_STEP][PASSED] - delay(1): Delayed 1 second(s)&#xD;
&#xD;
2019-08-22 20:04:27 - [MESSAGE][PASSED] - Delayed 1 second(s)&#xD;
&#xD;
2019-08-22 20:04:27 - [TEST_STEP][PASSED] - selectOptionByValue(findTestObject("Actpol_Scripts/Monthyear/Leftyear"), "2019", false): All options with value '2019' are selected in object 'Object Repository/Actpol_Scripts/Monthyear/Leftyear' &#xD;
&#xD;
2019-08-22 20:04:28 - [MESSAGE][PASSED] - All options with value '2019' are selected in object 'Object Repository/Actpol_Scripts/Monthyear/Leftyear' &#xD;
&#xD;
2019-08-22 20:04:28 - [TEST_STEP][PASSED] - delay(2): Delayed 2 second(s)&#xD;
&#xD;
2019-08-22 20:04:30 - [MESSAGE][PASSED] - Delayed 2 second(s)&#xD;
&#xD;
2019-08-22 20:04:30 - [TEST_STEP][PASSED] - click(findTestObject("Actpol_Scripts/Date/28th")): Object: 'Object Repository/Actpol_Scripts/Date/28th' is clicked on&#xD;
&#xD;
2019-08-22 20:04:32 - [MESSAGE][PASSED] - Object: 'Object Repository/Actpol_Scripts/Date/28th' is clicked on&#xD;
&#xD;
2019-08-22 20:04:32 - [TEST_STEP][PASSED] - delay(1): Delayed 1 second(s)&#xD;
&#xD;
2019-08-22 20:04:33 - [MESSAGE][PASSED] - Delayed 1 second(s)&#xD;
&#xD;
2019-08-22 20:04:33 - [TEST_STEP][PASSED] - click(findTestObject("JIRA/A Relese 6.6/ACTPOL-534/Period tot")): Object: 'Object Repository/JIRA/A Relese 6.6/ACTPOL-534/Period tot' is clicked on&#xD;
&#xD;
2019-08-22 20:04:34 - [MESSAGE][PASSED] - Object: 'Object Repository/JIRA/A Relese 6.6/ACTPOL-534/Period tot' is clicked on&#xD;
&#xD;
2019-08-22 20:04:34 - [TEST_STEP][PASSED] - delay(1): Delayed 1 second(s)&#xD;
&#xD;
2019-08-22 20:04:35 - [MESSAGE][PASSED] - Delayed 1 second(s)&#xD;
&#xD;
2019-08-22 20:04:35 - [TEST_STEP][PASSED] - selectOptionByValue(findTestObject("Actpol_Scripts/Monthyear/Leftmonth"), "1", false): All options with value '1' are selected in object 'Object Repository/Actpol_Scripts/Monthyear/Leftmonth' &#xD;
&#xD;
2019-08-22 20:04:36 - [MESSAGE][PASSED] - All options with value '1' are selected in object 'Object Repository/Actpol_Scripts/Monthyear/Leftmonth' &#xD;
&#xD;
2019-08-22 20:04:36 - [TEST_STEP][PASSED] - delay(1): Delayed 1 second(s)&#xD;
&#xD;
2019-08-22 20:04:37 - [MESSAGE][PASSED] - Delayed 1 second(s)&#xD;
&#xD;
2019-08-22 20:04:37 - [TEST_STEP][PASSED] - selectOptionByValue(findTestObject("Actpol_Scripts/Monthyear/Leftyear"), "2019", false): All options with value '2019' are selected in object 'Object Repository/Actpol_Scripts/Monthyear/Leftyear' &#xD;
&#xD;
2019-08-22 20:04:38 - [MESSAGE][PASSED] - All options with value '2019' are selected in object 'Object Repository/Actpol_Scripts/Monthyear/Leftyear' &#xD;
&#xD;
2019-08-22 20:04:38 - [TEST_STEP][PASSED] - delay(2): Delayed 2 second(s)&#xD;
&#xD;
2019-08-22 20:04:40 - [MESSAGE][PASSED] - Delayed 2 second(s)&#xD;
&#xD;
2019-08-22 20:04:40 - [TEST_STEP][PASSED] - click(findTestObject("Actpol_Scripts/Date/28th")): Object: 'Object Repository/Actpol_Scripts/Date/28th' is clicked on&#xD;
&#xD;
2019-08-22 20:04:40 - [MESSAGE][PASSED] - Object: 'Object Repository/Actpol_Scripts/Date/28th' is clicked on&#xD;
&#xD;
2019-08-22 20:04:40 - [TEST_STEP][PASSED] - delay(1): Delayed 1 second(s)&#xD;
&#xD;
2019-08-22 20:04:41 - [MESSAGE][PASSED] - Delayed 1 second(s)&#xD;
&#xD;
2019-08-22 20:04:41 - [TEST_STEP][PASSED] - click(findTestObject("JIRA/A Relese 6.6/ACTPOL-534/Filter")): Object: 'Object Repository/JIRA/A Relese 6.6/ACTPOL-534/Filter' is clicked on&#xD;
&#xD;
2019-08-22 20:04:45 - [MESSAGE][PASSED] - Object: 'Object Repository/JIRA/A Relese 6.6/ACTPOL-534/Filter' is clicked on&#xD;
&#xD;
2019-08-22 20:04:45 - [TEST_STEP][PASSED] - delay(1): Delayed 1 second(s)&#xD;
&#xD;
2019-08-22 20:04:46 - [MESSAGE][PASSED] - Delayed 1 second(s)&#xD;
&#xD;
2019-08-22 20:04:46 - [TEST_STEP][NOT_RUN] - click(findTestObject("Actpol_Scripts/Opsporing/Case screning/Invoer Case Screening user selection")): NOT_RUN: click(findTestObject("Actpol_Scripts/Opsporing/Case screning/Invoer Case Screening user selection"))&#xD;
&#xD;
2019-08-22 20:04:46 - [MESSAGE][NOT_RUN] - NOT_RUN: click(findTestObject("Actpol_Scripts/Opsporing/Case screning/Invoer Case Screening user selection"))&#xD;
&#xD;
2019-08-22 20:04:46 - [TEST_STEP][PASSED] - CaseScreeningID_ID = CaseScreeningID: null&#xD;
&#xD;
2019-08-22 20:04:46 - [TEST_STEP][PASSED] - Casescreeingxpath = "(//td[text()="" + CaseScreeningID_ID + ""]/preceding-sibling::td/a[2])[1]": null&#xD;
&#xD;
2019-08-22 20:04:46 - [TEST_STEP][PASSED] - to = findTestObject("Actpol_Scripts/Generiek/Assistentie/Assistentie editing user 2"): null&#xD;
&#xD;
2019-08-22 20:04:48 - [TEST_STEP][PASSED] - to.addProperty("xpath", EQUALS, Casescreeingxpath): null&#xD;
&#xD;
2019-08-22 20:04:48 - [TEST_STEP][PASSED] - click(to): Object: 'Object Repository/Actpol_Scripts/Generiek/Assistentie/Assistentie editing user 2' is clicked on&#xD;
&#xD;
2019-08-22 20:04:57 - [MESSAGE][PASSED] - Object: 'Object Repository/Actpol_Scripts/Generiek/Assistentie/Assistentie editing user 2' is clicked on&#xD;
&#xD;
2019-08-22 20:04:57 - [TEST_STEP][PASSED] - delay(2): Delayed 2 second(s)&#xD;
&#xD;
2019-08-22 20:04:59 - [MESSAGE][PASSED] - Delayed 2 second(s)&#xD;
&#xD;
2019-08-22 20:04:59 - [TEST_STEP][PASSED] - click(findTestObject("JIRA/A Relese 6.6/ACTPOL-534/Screening")): Object: 'Object Repository/JIRA/A Relese 6.6/ACTPOL-534/Screening' is clicked on&#xD;
&#xD;
2019-08-22 20:04:59 - [MESSAGE][PASSED] - Object: 'Object Repository/JIRA/A Relese 6.6/ACTPOL-534/Screening' is clicked on&#xD;
&#xD;
2019-08-22 20:04:59 - [TEST_STEP][PASSED] - delay(1): Delayed 1 second(s)&#xD;
&#xD;
2019-08-22 20:05:00 - [MESSAGE][PASSED] - Delayed 1 second(s)&#xD;
&#xD;
2019-08-22 20:05:00 - [TEST_STEP][PASSED] - click(findTestObject("JIRA/A Relese 6.6/ACTPOL-534/Verdachte tab")): Object: 'Object Repository/JIRA/A Relese 6.6/ACTPOL-534/Verdachte tab' is clicked on&#xD;
&#xD;
2019-08-22 20:05:01 - [MESSAGE][PASSED] - Object: 'Object Repository/JIRA/A Relese 6.6/ACTPOL-534/Verdachte tab' is clicked on&#xD;
&#xD;
2019-08-22 20:05:01 - [TEST_STEP][PASSED] - delay(1): Delayed 1 second(s)&#xD;
&#xD;
2019-08-22 20:05:02 - [MESSAGE][PASSED] - Delayed 1 second(s)&#xD;
&#xD;
2019-08-22 20:05:02 - [TEST_STEP][PASSED] - click(findTestObject("JIRA/A Relese 6.6/ACTPOL-534/Verdachte edit")): Object: 'Object Repository/JIRA/A Relese 6.6/ACTPOL-534/Verdachte edit' is clicked on&#xD;
&#xD;
2019-08-22 20:05:03 - [MESSAGE][PASSED] - Object: 'Object Repository/JIRA/A Relese 6.6/ACTPOL-534/Verdachte edit' is clicked on&#xD;
&#xD;
2019-08-22 20:05:03 - [TEST_STEP][PASSED] - delay(5): Delayed 5 second(s)&#xD;
&#xD;
2019-08-22 20:05:08 - [MESSAGE][PASSED] - Delayed 5 second(s)&#xD;
&#xD;
2019-08-22 20:05:08 - [TEST_STEP][PASSED] - takeScreenshot(): Taking screenshot successfully&#xD;
&#xD;
2019-08-22 20:05:11 - [MESSAGE][PASSED] - Taking screenshot successfully&#xD;
[[ATTACHMENT|C:\\Users\\user4\\git\\ACTPOL\\Reports\\20190822_200036\\Release 6.6\\ACTPOL-534,507,543 and 484\\20190822_200115\\1566484509147.png]]&#xD;
&#xD;
2019-08-22 20:05:11 - [TEST_STEP][PASSED] - println("data displaying properly"): null</system-out>
            <system-err></system-err>
        </testcase>
        <testcase name="Test Cases/JIRA Tasks/Release 6.6/ACTPOL-507" classname="Test Cases/JIRA Tasks/Release 6.6/ACTPOL-507" status="PASSED">
            <system-out>2019-08-22 20:05:12 - [TEST_CASE][PASSED] - Test Cases/JIRA Tasks/Release 6.6/ACTPOL-507: Test Cases/JIRA Tasks/Release 6.6/ACTPOL-507&#xD;
&#xD;
2019-08-22 20:05:13 - [TEST_STEP][PASSED] - callTestCase(findTestCase("main/Actpol_Login_testenv"), [:], STOP_ON_FAILURE): Call Test Case 'Test Cases/main/Actpol_Login_testenv' successfully&#xD;
&#xD;
2019-08-22 20:05:13 - [TEST_CASE][PASSED] - Test Cases/main/Actpol_Login_testenv: Test Cases/main/Actpol_Login_testenv&#xD;
&#xD;
2019-08-22 20:05:14 - [TEST_STEP][PASSED] - openBrowser(""): Browser is opened with url: ''&#xD;
&#xD;
2019-08-22 20:05:14 - [MESSAGE][WARNING] - A browser is already opened. Closing browser and opening a new one&#xD;
&#xD;
2019-08-22 20:05:16 - [MESSAGE][INFO] - Starting 'Chrome' driver&#xD;
&#xD;
2019-08-22 20:05:27 - [MESSAGE][PASSED] - Browser is opened with url: ''&#xD;
&#xD;
2019-08-22 20:05:27 - [TEST_STEP][PASSED] - deleteAllCookies(): Delete all cookies successfully&#xD;
&#xD;
2019-08-22 20:05:31 - [MESSAGE][PASSED] - Delete all cookies successfully&#xD;
&#xD;
2019-08-22 20:05:31 - [TEST_STEP][PASSED] - waitForPageLoad(30): Wait for page load successfully&#xD;
&#xD;
2019-08-22 20:05:31 - [MESSAGE][PASSED] - Wait for page load successfully&#xD;
&#xD;
2019-08-22 20:05:31 - [TEST_STEP][PASSED] - maximizeWindow(): Current window maximized&#xD;
&#xD;
2019-08-22 20:05:32 - [MESSAGE][PASSED] - Current window maximized&#xD;
&#xD;
2019-08-22 20:05:32 - [TEST_STEP][PASSED] - ACTPOLTESTENV = 1: null&#xD;
&#xD;
2019-08-22 20:05:32 - [TEST_STEP][PASSED] - ACTPOLDEVENV = 2: null&#xD;
&#xD;
2019-08-22 20:05:32 - [TEST_STEP][PASSED] - ACTPOLKCENV = 3: null&#xD;
&#xD;
2019-08-22 20:05:32 - [TEST_STEP][PASSED] - ACTPOLKBKPCNENV = 4: null&#xD;
&#xD;
2019-08-22 20:05:32 - [TEST_STEP][PASSED] - ACTPOLKBKMARENV = 5: null&#xD;
&#xD;
2019-08-22 20:05:32 - [TEST_STEP][PASSED] - ACTPOLKMENV = 6: null&#xD;
&#xD;
2019-08-22 20:05:32 - [TEST_STEP][PASSED] - ACTPOLKWENV = 7: null&#xD;
&#xD;
2019-08-22 20:05:32 - [TEST_STEP][PASSED] - environment = ACTPOLTESTENV: null&#xD;
&#xD;
2019-08-22 20:05:32 - [TEST_STEP][PASSED] - Selectenv = &lt;not implemented yet for class: org.codehaus.groovy.ast.expr.EmptyExpression&gt;: null&#xD;
&#xD;
2019-08-22 20:05:32 - [TEST_STEP][PASSED] - switch (environment): null&#xD;
&#xD;
2019-08-22 20:05:32 - [TEST_STEP][PASSED] - case 1:: null&#xD;
&#xD;
2019-08-22 20:05:32 - [TEST_STEP][PASSED] - println(Selectenv = "ACTPOL-TEST-ENV"): null&#xD;
&#xD;
2019-08-22 20:05:32 - [TEST_STEP][PASSED] - navigateToUrl(TESTURL): Navigate to 'http://10.20.10.7:8185/actpoltst/nxmenu.pgm?docnum=551' successfully&#xD;
&#xD;
2019-08-22 20:05:41 - [MESSAGE][PASSED] - Navigate to 'http://10.20.10.7:8185/actpoltst/nxmenu.pgm?docnum=551' successfully&#xD;
&#xD;
2019-08-22 20:05:41 - [TEST_STEP][PASSED] - setText(findTestObject("Actpol_Scripts/login/userid"), username): Text 'vidhya' is set on object 'Object Repository/Actpol_Scripts/login/userid'&#xD;
&#xD;
2019-08-22 20:05:41 - [MESSAGE][PASSED] - Text 'vidhya' is set on object 'Object Repository/Actpol_Scripts/login/userid'&#xD;
&#xD;
2019-08-22 20:05:41 - [TEST_STEP][PASSED] - setMaskedText(findTestObject("Actpol_Scripts/login/password"), password): Text '********' is set on object 'Object Repository/Actpol_Scripts/login/password'&#xD;
&#xD;
2019-08-22 20:05:42 - [MESSAGE][PASSED] - Text '********' is set on object 'Object Repository/Actpol_Scripts/login/password'&#xD;
&#xD;
2019-08-22 20:05:42 - [TEST_STEP][PASSED] - click(findTestObject("Actpol_Scripts/login/login")): Object: 'Object Repository/Actpol_Scripts/login/login' is clicked on&#xD;
&#xD;
2019-08-22 20:05:42 - [MESSAGE][PASSED] - Object: 'Object Repository/Actpol_Scripts/login/login' is clicked on&#xD;
&#xD;
2019-08-22 20:05:42 - [TEST_STEP][PASSED] - getWindowTitle(): Current window's title is: 'Login Page for ACTPOL Test'&#xD;
&#xD;
2019-08-22 20:05:42 - [MESSAGE][PASSED] - Current window's title is: 'Login Page for ACTPOL Test'&#xD;
&#xD;
2019-08-22 20:05:42 - [TEST_STEP][PASSED] - break: null&#xD;
&#xD;
2019-08-22 20:05:42 - [MESSAGE][PASSED] - Call Test Case 'Test Cases/main/Actpol_Login_testenv' successfully&#xD;
&#xD;
2019-08-22 20:05:42 - [TEST_STEP][PASSED] - selectOptionByValue(findTestObject("Actpol_Scripts/General Search/Algemene Zoekopdracht -test env/Assistentie"), "assist", false): All options with value 'assist' are selected in object 'Object Repository/Actpol_Scripts/General Search/Algemene Zoekopdracht -test env/Assistentie' &#xD;
&#xD;
2019-08-22 20:05:58 - [MESSAGE][PASSED] - All options with value 'assist' are selected in object 'Object Repository/Actpol_Scripts/General Search/Algemene Zoekopdracht -test env/Assistentie' &#xD;
&#xD;
2019-08-22 20:05:58 - [TEST_STEP][PASSED] - setText(findTestObject("Actpol_Scripts/General Search/Algemene Zoekopdracht -test env/Assistentie Set text"), Generiekassistenite_Module): Text '200601728' is set on object 'Object Repository/Actpol_Scripts/General Search/Algemene Zoekopdracht -test env/Assistentie Set text'&#xD;
&#xD;
2019-08-22 20:05:59 - [MESSAGE][PASSED] - Text '200601728' is set on object 'Object Repository/Actpol_Scripts/General Search/Algemene Zoekopdracht -test env/Assistentie Set text'&#xD;
&#xD;
2019-08-22 20:05:59 - [TEST_STEP][PASSED] - delay(2): Delayed 2 second(s)&#xD;
&#xD;
2019-08-22 20:06:01 - [MESSAGE][PASSED] - Delayed 2 second(s)&#xD;
&#xD;
2019-08-22 20:06:01 - [TEST_STEP][PASSED] - click(findTestObject("Actpol_Scripts/General Search/Algemene Zoekopdracht -test env/Zoeken new")): Object: 'Object Repository/Actpol_Scripts/General Search/Algemene Zoekopdracht -test env/Zoeken new' is clicked on&#xD;
&#xD;
2019-08-22 20:06:05 - [MESSAGE][PASSED] - Object: 'Object Repository/Actpol_Scripts/General Search/Algemene Zoekopdracht -test env/Zoeken new' is clicked on&#xD;
&#xD;
2019-08-22 20:06:05 - [TEST_STEP][PASSED] - delay(2): Delayed 2 second(s)&#xD;
&#xD;
2019-08-22 20:06:07 - [MESSAGE][PASSED] - Delayed 2 second(s)&#xD;
&#xD;
2019-08-22 20:06:07 - [TEST_STEP][PASSED] - AssistentiedynamicId = Generiekassistenite_Module: null&#xD;
&#xD;
2019-08-22 20:06:07 - [TEST_STEP][PASSED] - Assistentiexpath = "//*[text()="" + AssistentiedynamicId + ""]/preceding-sibling::td/a[2]": null&#xD;
&#xD;
2019-08-22 20:06:07 - [TEST_STEP][PASSED] - to = findTestObject("Actpol_Scripts/General Search/Algemene Zoekopdracht -test env/View Assistentie"): null&#xD;
&#xD;
2019-08-22 20:06:08 - [TEST_STEP][PASSED] - to.addProperty("xpath", EQUALS, Assistentiexpath): null&#xD;
&#xD;
2019-08-22 20:06:08 - [TEST_STEP][PASSED] - delay(5): Delayed 5 second(s)&#xD;
&#xD;
2019-08-22 20:06:13 - [MESSAGE][PASSED] - Delayed 5 second(s)&#xD;
&#xD;
2019-08-22 20:06:13 - [TEST_STEP][PASSED] - click(to): Object: 'Object Repository/Actpol_Scripts/General Search/Algemene Zoekopdracht -test env/View Assistentie' is clicked on&#xD;
&#xD;
2019-08-22 20:06:14 - [MESSAGE][PASSED] - Object: 'Object Repository/Actpol_Scripts/General Search/Algemene Zoekopdracht -test env/View Assistentie' is clicked on&#xD;
&#xD;
2019-08-22 20:06:14 - [TEST_STEP][PASSED] - delay(2): Delayed 2 second(s)&#xD;
&#xD;
2019-08-22 20:06:16 - [MESSAGE][PASSED] - Delayed 2 second(s)&#xD;
&#xD;
2019-08-22 20:06:16 - [TEST_STEP][PASSED] - click(findTestObject("Actpol_Scripts/General Search/Algemene Zoekopdracht -test env/Confirmeren")): Object: 'Object Repository/Actpol_Scripts/General Search/Algemene Zoekopdracht -test env/Confirmeren' is clicked on&#xD;
&#xD;
2019-08-22 20:06:25 - [MESSAGE][PASSED] - Object: 'Object Repository/Actpol_Scripts/General Search/Algemene Zoekopdracht -test env/Confirmeren' is clicked on&#xD;
&#xD;
2019-08-22 20:06:25 - [TEST_STEP][PASSED] - delay(5): Delayed 5 second(s)&#xD;
&#xD;
2019-08-22 20:06:30 - [MESSAGE][PASSED] - Delayed 5 second(s)&#xD;
&#xD;
2019-08-22 20:06:30 - [TEST_STEP][PASSED] - click(findTestObject("Actpol_Scripts/Generiek/Assistentie/Click roll process")): Object: 'Object Repository/Actpol_Scripts/Generiek/Assistentie/Click roll process' is clicked on&#xD;
&#xD;
2019-08-22 20:06:34 - [MESSAGE][PASSED] - Object: 'Object Repository/Actpol_Scripts/Generiek/Assistentie/Click roll process' is clicked on&#xD;
&#xD;
2019-08-22 20:06:34 - [TEST_STEP][PASSED] - delay(2): Delayed 2 second(s)&#xD;
&#xD;
2019-08-22 20:06:36 - [MESSAGE][PASSED] - Delayed 2 second(s)&#xD;
&#xD;
2019-08-22 20:06:36 - [TEST_STEP][PASSED] - click(findTestObject("JIRA/A Relese 6.6/ACTPOL-507/View BEKEURDE PERSOON")): Object: 'Object Repository/JIRA/A Relese 6.6/ACTPOL-507/View BEKEURDE PERSOON' is clicked on&#xD;
&#xD;
2019-08-22 20:06:37 - [MESSAGE][PASSED] - Object: 'Object Repository/JIRA/A Relese 6.6/ACTPOL-507/View BEKEURDE PERSOON' is clicked on&#xD;
&#xD;
2019-08-22 20:06:37 - [TEST_STEP][PASSED] - delay(3): Delayed 3 second(s)&#xD;
&#xD;
2019-08-22 20:06:40 - [MESSAGE][PASSED] - Delayed 3 second(s)&#xD;
&#xD;
2019-08-22 20:06:40 - [TEST_STEP][PASSED] - ProcesverbaalnumberinRol = getText(findTestObject("JIRA/A Relese 6.6/ACTPOL-507/Proces Verbaal Nr generiek assistance")): Text of object 'Object Repository/JIRA/A Relese 6.6/ACTPOL-507/Proces Verbaal Nr generiek assistance' is: 'Voertuig'&#xD;
&#xD;
2019-08-22 20:06:40 - [MESSAGE][PASSED] - Text of object 'Object Repository/JIRA/A Relese 6.6/ACTPOL-507/Proces Verbaal Nr generiek assistance' is: 'Voertuig'&#xD;
&#xD;
2019-08-22 20:06:40 - [TEST_STEP][PASSED] - println("Procesverbaal number in Rol/process is :" + ProcesverbaalnumberinRol): null&#xD;
&#xD;
2019-08-22 20:06:40 - [TEST_STEP][PASSED] - delay(1): Delayed 1 second(s)&#xD;
&#xD;
2019-08-22 20:06:41 - [MESSAGE][PASSED] - Delayed 1 second(s)&#xD;
&#xD;
2019-08-22 20:06:41 - [TEST_STEP][PASSED] - takeScreenshot(): Taking screenshot successfully&#xD;
&#xD;
2019-08-22 20:06:42 - [MESSAGE][PASSED] - Taking screenshot successfully&#xD;
[[ATTACHMENT|C:\\Users\\user4\\git\\ACTPOL\\Reports\\20190822_200036\\Release 6.6\\ACTPOL-534,507,543 and 484\\20190822_200115\\1566484601778.png]]&#xD;
&#xD;
2019-08-22 20:06:42 - [TEST_STEP][PASSED] - delay(1): Delayed 1 second(s)&#xD;
&#xD;
2019-08-22 20:06:43 - [MESSAGE][PASSED] - Delayed 1 second(s)&#xD;
&#xD;
2019-08-22 20:06:43 - [TEST_STEP][PASSED] - mouseOver(findTestObject("Actpol_Scripts/Menu navigation/Handhaving/Handhaving")): Object: 'Object Repository/Actpol_Scripts/Menu navigation/Handhaving/Handhaving' is hovered&#xD;
&#xD;
2019-08-22 20:06:43 - [MESSAGE][PASSED] - Object: 'Object Repository/Actpol_Scripts/Menu navigation/Handhaving/Handhaving' is hovered&#xD;
&#xD;
2019-08-22 20:06:43 - [TEST_STEP][PASSED] - delay(2): Delayed 2 second(s)&#xD;
&#xD;
2019-08-22 20:06:45 - [MESSAGE][PASSED] - Delayed 2 second(s)&#xD;
&#xD;
2019-08-22 20:06:45 - [TEST_STEP][PASSED] - click(findTestObject("Actpol_Scripts/Menu navigation/Handhaving/Doorsturen OPV"), OPTIONAL): Object: 'Object Repository/Actpol_Scripts/Menu navigation/Handhaving/Doorsturen OPV' is clicked on&#xD;
&#xD;
2019-08-22 20:06:47 - [MESSAGE][PASSED] - Object: 'Object Repository/Actpol_Scripts/Menu navigation/Handhaving/Doorsturen OPV' is clicked on&#xD;
&#xD;
2019-08-22 20:06:47 - [TEST_STEP][PASSED] - delay(2): Delayed 2 second(s)&#xD;
&#xD;
2019-08-22 20:06:49 - [MESSAGE][PASSED] - Delayed 2 second(s)&#xD;
&#xD;
2019-08-22 20:06:49 - [TEST_STEP][PASSED] - click(findTestObject("JIRA/A Relese 6.6/ACTPOL-507/Doorsturen OPV view")): Object: 'Object Repository/JIRA/A Relese 6.6/ACTPOL-507/Doorsturen OPV view' is clicked on&#xD;
&#xD;
2019-08-22 20:06:50 - [MESSAGE][PASSED] - Object: 'Object Repository/JIRA/A Relese 6.6/ACTPOL-507/Doorsturen OPV view' is clicked on&#xD;
&#xD;
2019-08-22 20:06:50 - [TEST_STEP][PASSED] - delay(4): Delayed 4 second(s)&#xD;
&#xD;
2019-08-22 20:06:54 - [MESSAGE][PASSED] - Delayed 4 second(s)&#xD;
&#xD;
2019-08-22 20:06:54 - [TEST_STEP][PASSED] - opv = getText(findTestObject("JIRA/A Relese 6.6/ACTPOL-507/Doorsturen OPV Proces Verbaal Nr")): Text of object 'Object Repository/JIRA/A Relese 6.6/ACTPOL-507/Doorsturen OPV Proces Verbaal Nr' is: '215235'&#xD;
&#xD;
2019-08-22 20:06:54 - [MESSAGE][PASSED] - Text of object 'Object Repository/JIRA/A Relese 6.6/ACTPOL-507/Doorsturen OPV Proces Verbaal Nr' is: '215235'&#xD;
&#xD;
2019-08-22 20:06:54 - [TEST_STEP][PASSED] - println("Procesverbaal number in Doorsturen OPV is :" + opv): null&#xD;
&#xD;
2019-08-22 20:06:54 - [TEST_STEP][PASSED] - delay(1): Delayed 1 second(s)&#xD;
&#xD;
2019-08-22 20:06:55 - [MESSAGE][PASSED] - Delayed 1 second(s)&#xD;
&#xD;
2019-08-22 20:06:55 - [TEST_STEP][PASSED] - takeScreenshot(): Taking screenshot successfully&#xD;
&#xD;
2019-08-22 20:06:56 - [MESSAGE][PASSED] - Taking screenshot successfully&#xD;
[[ATTACHMENT|C:\\Users\\user4\\git\\ACTPOL\\Reports\\20190822_200036\\Release 6.6\\ACTPOL-534,507,543 and 484\\20190822_200115\\1566484615961.png]]</system-out>
            <system-err></system-err>
        </testcase>
        <testcase name="Test Cases/JIRA Tasks/Release 6.6/ACTPOL-543" classname="Test Cases/JIRA Tasks/Release 6.6/ACTPOL-543" status="PASSED">
            <system-out>2019-08-22 20:06:56 - [TEST_CASE][PASSED] - Test Cases/JIRA Tasks/Release 6.6/ACTPOL-543: Test Cases/JIRA Tasks/Release 6.6/ACTPOL-543&#xD;
&#xD;
2019-08-22 20:06:57 - [TEST_STEP][PASSED] - callTestCase(findTestCase("main/Actpol_Login_testenv"), [:], STOP_ON_FAILURE): Call Test Case 'Test Cases/main/Actpol_Login_testenv' successfully&#xD;
&#xD;
2019-08-22 20:06:57 - [TEST_CASE][PASSED] - Test Cases/main/Actpol_Login_testenv: Test Cases/main/Actpol_Login_testenv&#xD;
&#xD;
2019-08-22 20:06:57 - [TEST_STEP][PASSED] - openBrowser(""): Browser is opened with url: ''&#xD;
&#xD;
2019-08-22 20:06:57 - [MESSAGE][WARNING] - A browser is already opened. Closing browser and opening a new one&#xD;
&#xD;
2019-08-22 20:06:58 - [MESSAGE][INFO] - Starting 'Chrome' driver&#xD;
&#xD;
2019-08-22 20:07:05 - [MESSAGE][PASSED] - Browser is opened with url: ''&#xD;
&#xD;
2019-08-22 20:07:05 - [TEST_STEP][PASSED] - deleteAllCookies(): Delete all cookies successfully&#xD;
&#xD;
2019-08-22 20:07:05 - [MESSAGE][PASSED] - Delete all cookies successfully&#xD;
&#xD;
2019-08-22 20:07:05 - [TEST_STEP][PASSED] - waitForPageLoad(30): Wait for page load successfully&#xD;
&#xD;
2019-08-22 20:07:05 - [MESSAGE][PASSED] - Wait for page load successfully&#xD;
&#xD;
2019-08-22 20:07:05 - [TEST_STEP][PASSED] - maximizeWindow(): Current window maximized&#xD;
&#xD;
2019-08-22 20:07:07 - [MESSAGE][PASSED] - Current window maximized&#xD;
&#xD;
2019-08-22 20:07:07 - [TEST_STEP][PASSED] - ACTPOLTESTENV = 1: null&#xD;
&#xD;
2019-08-22 20:07:07 - [TEST_STEP][PASSED] - ACTPOLDEVENV = 2: null&#xD;
&#xD;
2019-08-22 20:07:07 - [TEST_STEP][PASSED] - ACTPOLKCENV = 3: null&#xD;
&#xD;
2019-08-22 20:07:07 - [TEST_STEP][PASSED] - ACTPOLKBKPCNENV = 4: null&#xD;
&#xD;
2019-08-22 20:07:07 - [TEST_STEP][PASSED] - ACTPOLKBKMARENV = 5: null&#xD;
&#xD;
2019-08-22 20:07:07 - [TEST_STEP][PASSED] - ACTPOLKMENV = 6: null&#xD;
&#xD;
2019-08-22 20:07:07 - [TEST_STEP][PASSED] - ACTPOLKWENV = 7: null&#xD;
&#xD;
2019-08-22 20:07:07 - [TEST_STEP][PASSED] - environment = ACTPOLTESTENV: null&#xD;
&#xD;
2019-08-22 20:07:07 - [TEST_STEP][PASSED] - Selectenv = &lt;not implemented yet for class: org.codehaus.groovy.ast.expr.EmptyExpression&gt;: null&#xD;
&#xD;
2019-08-22 20:07:07 - [TEST_STEP][PASSED] - switch (environment): null&#xD;
&#xD;
2019-08-22 20:07:07 - [TEST_STEP][PASSED] - case 1:: null&#xD;
&#xD;
2019-08-22 20:07:07 - [TEST_STEP][PASSED] - println(Selectenv = "ACTPOL-TEST-ENV"): null&#xD;
&#xD;
2019-08-22 20:07:07 - [TEST_STEP][PASSED] - navigateToUrl(TESTURL): Navigate to 'http://10.20.10.7:8185/actpoltst/nxmenu.pgm?docnum=551' successfully&#xD;
&#xD;
2019-08-22 20:07:17 - [MESSAGE][PASSED] - Navigate to 'http://10.20.10.7:8185/actpoltst/nxmenu.pgm?docnum=551' successfully&#xD;
&#xD;
2019-08-22 20:07:17 - [TEST_STEP][PASSED] - setText(findTestObject("Actpol_Scripts/login/userid"), username): Text 'vidhya' is set on object 'Object Repository/Actpol_Scripts/login/userid'&#xD;
&#xD;
2019-08-22 20:07:19 - [MESSAGE][PASSED] - Text 'vidhya' is set on object 'Object Repository/Actpol_Scripts/login/userid'&#xD;
&#xD;
2019-08-22 20:07:19 - [TEST_STEP][PASSED] - setMaskedText(findTestObject("Actpol_Scripts/login/password"), password): Text '********' is set on object 'Object Repository/Actpol_Scripts/login/password'&#xD;
&#xD;
2019-08-22 20:07:19 - [MESSAGE][PASSED] - Text '********' is set on object 'Object Repository/Actpol_Scripts/login/password'&#xD;
&#xD;
2019-08-22 20:07:19 - [TEST_STEP][PASSED] - click(findTestObject("Actpol_Scripts/login/login")): Object: 'Object Repository/Actpol_Scripts/login/login' is clicked on&#xD;
&#xD;
2019-08-22 20:07:20 - [MESSAGE][PASSED] - Object: 'Object Repository/Actpol_Scripts/login/login' is clicked on&#xD;
&#xD;
2019-08-22 20:07:20 - [TEST_STEP][PASSED] - getWindowTitle(): Current window's title is: 'Login Page for ACTPOL Test'&#xD;
&#xD;
2019-08-22 20:07:20 - [MESSAGE][PASSED] - Current window's title is: 'Login Page for ACTPOL Test'&#xD;
&#xD;
2019-08-22 20:07:20 - [TEST_STEP][PASSED] - break: null&#xD;
&#xD;
2019-08-22 20:07:20 - [MESSAGE][PASSED] - Call Test Case 'Test Cases/main/Actpol_Login_testenv' successfully&#xD;
&#xD;
2019-08-22 20:07:20 - [TEST_STEP][PASSED] - mouseOver(findTestObject("Actpol_Scripts/Menu navigation/Opsporing/Opsporing")): Object: 'Object Repository/Actpol_Scripts/Menu navigation/Opsporing/Opsporing' is hovered&#xD;
&#xD;
2019-08-22 20:07:34 - [MESSAGE][PASSED] - Object: 'Object Repository/Actpol_Scripts/Menu navigation/Opsporing/Opsporing' is hovered&#xD;
&#xD;
2019-08-22 20:07:34 - [TEST_STEP][PASSED] - delay(2): Delayed 2 second(s)&#xD;
&#xD;
2019-08-22 20:07:36 - [MESSAGE][PASSED] - Delayed 2 second(s)&#xD;
&#xD;
2019-08-22 20:07:36 - [TEST_STEP][PASSED] - click(findTestObject("Actpol_Scripts/Menu navigation/Opsporing/Tactiek")): Object: 'Object Repository/Actpol_Scripts/Menu navigation/Opsporing/Tactiek' is clicked on&#xD;
&#xD;
2019-08-22 20:07:41 - [MESSAGE][PASSED] - Object: 'Object Repository/Actpol_Scripts/Menu navigation/Opsporing/Tactiek' is clicked on&#xD;
&#xD;
2019-08-22 20:07:41 - [TEST_STEP][PASSED] - mouseOver(findTestObject("Actpol_Scripts/Menu navigation/Generiek/Generiek")): Object: 'Object Repository/Actpol_Scripts/Menu navigation/Generiek/Generiek' is hovered&#xD;
&#xD;
2019-08-22 20:07:41 - [MESSAGE][PASSED] - Object: 'Object Repository/Actpol_Scripts/Menu navigation/Generiek/Generiek' is hovered&#xD;
&#xD;
2019-08-22 20:07:41 - [TEST_STEP][PASSED] - delay(3): Delayed 3 second(s)&#xD;
&#xD;
2019-08-22 20:07:44 - [MESSAGE][PASSED] - Delayed 3 second(s)&#xD;
&#xD;
2019-08-22 20:07:44 - [TEST_STEP][PASSED] - click(findTestObject("JIRA/A Relese 6.6/ACTPOL-543/PDF icon")): Object: 'Object Repository/JIRA/A Relese 6.6/ACTPOL-543/PDF icon' is clicked on&#xD;
&#xD;
2019-08-22 20:07:45 - [MESSAGE][PASSED] - Object: 'Object Repository/JIRA/A Relese 6.6/ACTPOL-543/PDF icon' is clicked on&#xD;
&#xD;
2019-08-22 20:07:45 - [TEST_STEP][PASSED] - delay(3): Delayed 3 second(s)&#xD;
&#xD;
2019-08-22 20:07:48 - [MESSAGE][PASSED] - Delayed 3 second(s)&#xD;
&#xD;
2019-08-22 20:07:48 - [TEST_STEP][PASSED] - switchToWindowIndex("0", STOP_ON_FAILURE): Switched to window with index: '0'&#xD;
&#xD;
2019-08-22 20:07:48 - [MESSAGE][PASSED] - Switched to window with index: '0'</system-out>
            <system-err></system-err>
        </testcase>
        <testcase name="Test Cases/JIRA Tasks/Release 6.6/ACTPOL-484" classname="Test Cases/JIRA Tasks/Release 6.6/ACTPOL-484" status="PASSED">
            <system-out>2019-08-22 20:07:48 - [TEST_CASE][PASSED] - Test Cases/JIRA Tasks/Release 6.6/ACTPOL-484: Test Cases/JIRA Tasks/Release 6.6/ACTPOL-484&#xD;
&#xD;
2019-08-22 20:07:49 - [TEST_STEP][PASSED] - callTestCase(findTestCase("main/Actpol_Login_testenv"), [:], STOP_ON_FAILURE): Call Test Case 'Test Cases/main/Actpol_Login_testenv' successfully&#xD;
&#xD;
2019-08-22 20:07:49 - [TEST_CASE][PASSED] - Test Cases/main/Actpol_Login_testenv: Test Cases/main/Actpol_Login_testenv&#xD;
&#xD;
2019-08-22 20:07:49 - [TEST_STEP][PASSED] - openBrowser(""): Browser is opened with url: ''&#xD;
&#xD;
2019-08-22 20:07:49 - [MESSAGE][WARNING] - A browser is already opened. Closing browser and opening a new one&#xD;
&#xD;
2019-08-22 20:07:50 - [MESSAGE][INFO] - Starting 'Chrome' driver&#xD;
&#xD;
2019-08-22 20:07:56 - [MESSAGE][PASSED] - Browser is opened with url: ''&#xD;
&#xD;
2019-08-22 20:07:56 - [TEST_STEP][PASSED] - deleteAllCookies(): Delete all cookies successfully&#xD;
&#xD;
2019-08-22 20:07:56 - [MESSAGE][PASSED] - Delete all cookies successfully&#xD;
&#xD;
2019-08-22 20:07:56 - [TEST_STEP][PASSED] - waitForPageLoad(30): Wait for page load successfully&#xD;
&#xD;
2019-08-22 20:07:56 - [MESSAGE][PASSED] - Wait for page load successfully&#xD;
&#xD;
2019-08-22 20:07:56 - [TEST_STEP][PASSED] - maximizeWindow(): Current window maximized&#xD;
&#xD;
2019-08-22 20:07:57 - [MESSAGE][PASSED] - Current window maximized&#xD;
&#xD;
2019-08-22 20:07:57 - [TEST_STEP][PASSED] - ACTPOLTESTENV = 1: null&#xD;
&#xD;
2019-08-22 20:07:57 - [TEST_STEP][PASSED] - ACTPOLDEVENV = 2: null&#xD;
&#xD;
2019-08-22 20:07:57 - [TEST_STEP][PASSED] - ACTPOLKCENV = 3: null&#xD;
&#xD;
2019-08-22 20:07:57 - [TEST_STEP][PASSED] - ACTPOLKBKPCNENV = 4: null&#xD;
&#xD;
2019-08-22 20:07:57 - [TEST_STEP][PASSED] - ACTPOLKBKMARENV = 5: null&#xD;
&#xD;
2019-08-22 20:07:57 - [TEST_STEP][PASSED] - ACTPOLKMENV = 6: null&#xD;
&#xD;
2019-08-22 20:07:57 - [TEST_STEP][PASSED] - ACTPOLKWENV = 7: null&#xD;
&#xD;
2019-08-22 20:07:57 - [TEST_STEP][PASSED] - environment = ACTPOLTESTENV: null&#xD;
&#xD;
2019-08-22 20:07:57 - [TEST_STEP][PASSED] - Selectenv = &lt;not implemented yet for class: org.codehaus.groovy.ast.expr.EmptyExpression&gt;: null&#xD;
&#xD;
2019-08-22 20:07:57 - [TEST_STEP][PASSED] - switch (environment): null&#xD;
&#xD;
2019-08-22 20:07:57 - [TEST_STEP][PASSED] - case 1:: null&#xD;
&#xD;
2019-08-22 20:07:57 - [TEST_STEP][PASSED] - println(Selectenv = "ACTPOL-TEST-ENV"): null&#xD;
&#xD;
2019-08-22 20:07:57 - [TEST_STEP][PASSED] - navigateToUrl(TESTURL): Navigate to 'http://10.20.10.7:8185/actpoltst/nxmenu.pgm?docnum=551' successfully&#xD;
&#xD;
2019-08-22 20:08:07 - [MESSAGE][PASSED] - Navigate to 'http://10.20.10.7:8185/actpoltst/nxmenu.pgm?docnum=551' successfully&#xD;
&#xD;
2019-08-22 20:08:07 - [TEST_STEP][PASSED] - setText(findTestObject("Actpol_Scripts/login/userid"), username): Text 'vidhya' is set on object 'Object Repository/Actpol_Scripts/login/userid'&#xD;
&#xD;
2019-08-22 20:08:08 - [MESSAGE][PASSED] - Text 'vidhya' is set on object 'Object Repository/Actpol_Scripts/login/userid'&#xD;
&#xD;
2019-08-22 20:08:08 - [TEST_STEP][PASSED] - setMaskedText(findTestObject("Actpol_Scripts/login/password"), password): Text '********' is set on object 'Object Repository/Actpol_Scripts/login/password'&#xD;
&#xD;
2019-08-22 20:08:08 - [MESSAGE][PASSED] - Text '********' is set on object 'Object Repository/Actpol_Scripts/login/password'&#xD;
&#xD;
2019-08-22 20:08:08 - [TEST_STEP][PASSED] - click(findTestObject("Actpol_Scripts/login/login")): Object: 'Object Repository/Actpol_Scripts/login/login' is clicked on&#xD;
&#xD;
2019-08-22 20:08:08 - [MESSAGE][PASSED] - Object: 'Object Repository/Actpol_Scripts/login/login' is clicked on&#xD;
&#xD;
2019-08-22 20:08:08 - [TEST_STEP][PASSED] - getWindowTitle(): Current window's title is: 'Login Page for ACTPOL Test'&#xD;
&#xD;
2019-08-22 20:08:08 - [MESSAGE][PASSED] - Current window's title is: 'Login Page for ACTPOL Test'&#xD;
&#xD;
2019-08-22 20:08:08 - [TEST_STEP][PASSED] - break: null&#xD;
&#xD;
2019-08-22 20:08:08 - [MESSAGE][PASSED] - Call Test Case 'Test Cases/main/Actpol_Login_testenv' successfully&#xD;
&#xD;
2019-08-22 20:08:08 - [TEST_STEP][PASSED] - selectOptionByValue(findTestObject("Actpol_Scripts/General Search/Algemene Zoekopdracht -test env/Assistentie"), "assist", false): All options with value 'assist' are selected in object 'Object Repository/Actpol_Scripts/General Search/Algemene Zoekopdracht -test env/Assistentie' &#xD;
&#xD;
2019-08-22 20:08:21 - [MESSAGE][PASSED] - All options with value 'assist' are selected in object 'Object Repository/Actpol_Scripts/General Search/Algemene Zoekopdracht -test env/Assistentie' &#xD;
&#xD;
2019-08-22 20:08:21 - [TEST_STEP][PASSED] - setText(findTestObject("Actpol_Scripts/General Search/Algemene Zoekopdracht -test env/Assistentie Set text"), Generiekassistenite_Module): Text '200601728' is set on object 'Object Repository/Actpol_Scripts/General Search/Algemene Zoekopdracht -test env/Assistentie Set text'&#xD;
&#xD;
2019-08-22 20:08:21 - [MESSAGE][PASSED] - Text '200601728' is set on object 'Object Repository/Actpol_Scripts/General Search/Algemene Zoekopdracht -test env/Assistentie Set text'&#xD;
&#xD;
2019-08-22 20:08:21 - [TEST_STEP][PASSED] - delay(2): Delayed 2 second(s)&#xD;
&#xD;
2019-08-22 20:08:23 - [MESSAGE][PASSED] - Delayed 2 second(s)&#xD;
&#xD;
2019-08-22 20:08:23 - [TEST_STEP][PASSED] - click(findTestObject("Actpol_Scripts/General Search/Algemene Zoekopdracht -test env/Zoeken new")): Object: 'Object Repository/Actpol_Scripts/General Search/Algemene Zoekopdracht -test env/Zoeken new' is clicked on&#xD;
&#xD;
2019-08-22 20:08:28 - [MESSAGE][PASSED] - Object: 'Object Repository/Actpol_Scripts/General Search/Algemene Zoekopdracht -test env/Zoeken new' is clicked on&#xD;
&#xD;
2019-08-22 20:08:28 - [TEST_STEP][PASSED] - delay(2): Delayed 2 second(s)&#xD;
&#xD;
2019-08-22 20:08:30 - [MESSAGE][PASSED] - Delayed 2 second(s)&#xD;
&#xD;
2019-08-22 20:08:30 - [TEST_STEP][PASSED] - AssistentiedynamicId = Generiekassistenite_Module: null&#xD;
&#xD;
2019-08-22 20:08:30 - [TEST_STEP][PASSED] - Assistentiexpath = "//*[text()="" + AssistentiedynamicId + ""]/preceding-sibling::td/a[2]": null&#xD;
&#xD;
2019-08-22 20:08:30 - [TEST_STEP][PASSED] - to = findTestObject("Actpol_Scripts/General Search/Algemene Zoekopdracht -test env/View Assistentie"): null&#xD;
&#xD;
2019-08-22 20:08:30 - [TEST_STEP][PASSED] - to.addProperty("xpath", EQUALS, Assistentiexpath): null&#xD;
&#xD;
2019-08-22 20:08:30 - [TEST_STEP][PASSED] - delay(5): Delayed 5 second(s)&#xD;
&#xD;
2019-08-22 20:08:35 - [MESSAGE][PASSED] - Delayed 5 second(s)&#xD;
&#xD;
2019-08-22 20:08:35 - [TEST_STEP][PASSED] - click(to): Object: 'Object Repository/Actpol_Scripts/General Search/Algemene Zoekopdracht -test env/View Assistentie' is clicked on&#xD;
&#xD;
2019-08-22 20:08:36 - [MESSAGE][PASSED] - Object: 'Object Repository/Actpol_Scripts/General Search/Algemene Zoekopdracht -test env/View Assistentie' is clicked on&#xD;
&#xD;
2019-08-22 20:08:36 - [TEST_STEP][PASSED] - delay(2): Delayed 2 second(s)&#xD;
&#xD;
2019-08-22 20:08:38 - [MESSAGE][PASSED] - Delayed 2 second(s)&#xD;
&#xD;
2019-08-22 20:08:38 - [TEST_STEP][PASSED] - click(findTestObject("Actpol_Scripts/General Search/Algemene Zoekopdracht -test env/Confirmeren")): Object: 'Object Repository/Actpol_Scripts/General Search/Algemene Zoekopdracht -test env/Confirmeren' is clicked on&#xD;
&#xD;
2019-08-22 20:08:50 - [MESSAGE][PASSED] - Object: 'Object Repository/Actpol_Scripts/General Search/Algemene Zoekopdracht -test env/Confirmeren' is clicked on&#xD;
&#xD;
2019-08-22 20:08:50 - [TEST_STEP][PASSED] - delay(5): Delayed 5 second(s)&#xD;
&#xD;
2019-08-22 20:08:55 - [MESSAGE][PASSED] - Delayed 5 second(s)&#xD;
&#xD;
2019-08-22 20:08:55 - [TEST_STEP][PASSED] - click(findTestObject("Actpol_Scripts/Generiek/Assistentie/Click roll process")): Object: 'Object Repository/Actpol_Scripts/Generiek/Assistentie/Click roll process' is clicked on&#xD;
&#xD;
2019-08-22 20:08:58 - [MESSAGE][PASSED] - Object: 'Object Repository/Actpol_Scripts/Generiek/Assistentie/Click roll process' is clicked on&#xD;
&#xD;
2019-08-22 20:08:58 - [TEST_STEP][PASSED] - delay(2): Delayed 2 second(s)&#xD;
&#xD;
2019-08-22 20:09:00 - [MESSAGE][PASSED] - Delayed 2 second(s)&#xD;
&#xD;
2019-08-22 20:09:00 - [TEST_STEP][PASSED] - click(findTestObject("JIRA/A Relese 6.6/ACTPOL-484/Nieuw Ongeval")): Object: 'Object Repository/JIRA/A Relese 6.6/ACTPOL-484/Nieuw Ongeval' is clicked on&#xD;
&#xD;
2019-08-22 20:09:00 - [MESSAGE][PASSED] - Object: 'Object Repository/JIRA/A Relese 6.6/ACTPOL-484/Nieuw Ongeval' is clicked on&#xD;
&#xD;
2019-08-22 20:09:00 - [TEST_STEP][PASSED] - delay(5): Delayed 5 second(s)&#xD;
&#xD;
2019-08-22 20:09:05 - [MESSAGE][PASSED] - Delayed 5 second(s)&#xD;
&#xD;
2019-08-22 20:09:05 - [TEST_STEP][PASSED] - click(findTestObject("JIRA/A Relese 6.6/ACTPOL-484/Algemeen tab")): Object: 'Object Repository/JIRA/A Relese 6.6/ACTPOL-484/Algemeen tab' is clicked on&#xD;
&#xD;
2019-08-22 20:09:06 - [MESSAGE][PASSED] - Object: 'Object Repository/JIRA/A Relese 6.6/ACTPOL-484/Algemeen tab' is clicked on&#xD;
&#xD;
2019-08-22 20:09:06 - [TEST_STEP][PASSED] - delay(1): Delayed 1 second(s)&#xD;
&#xD;
2019-08-22 20:09:07 - [MESSAGE][PASSED] - Delayed 1 second(s)&#xD;
&#xD;
2019-08-22 20:09:07 - [TEST_STEP][PASSED] - click(findTestObject("JIRA/A Relese 6.6/ACTPOL-484/Partijen or Objecten")): Object: 'Object Repository/JIRA/A Relese 6.6/ACTPOL-484/Partijen or Objecten' is clicked on&#xD;
&#xD;
2019-08-22 20:09:08 - [MESSAGE][PASSED] - Object: 'Object Repository/JIRA/A Relese 6.6/ACTPOL-484/Partijen or Objecten' is clicked on&#xD;
&#xD;
2019-08-22 20:09:08 - [TEST_STEP][PASSED] - delay(1): Delayed 1 second(s)&#xD;
&#xD;
2019-08-22 20:09:09 - [MESSAGE][PASSED] - Delayed 1 second(s)&#xD;
&#xD;
2019-08-22 20:09:09 - [TEST_STEP][PASSED] - click(findTestObject("JIRA/A Relese 6.6/ACTPOL-484/Partijen or Objecten new")): Object: 'Object Repository/JIRA/A Relese 6.6/ACTPOL-484/Partijen or Objecten new' is clicked on&#xD;
&#xD;
2019-08-22 20:09:09 - [MESSAGE][PASSED] - Object: 'Object Repository/JIRA/A Relese 6.6/ACTPOL-484/Partijen or Objecten new' is clicked on&#xD;
&#xD;
2019-08-22 20:09:09 - [TEST_STEP][PASSED] - delay(2): Delayed 2 second(s)&#xD;
&#xD;
2019-08-22 20:09:11 - [MESSAGE][PASSED] - Delayed 2 second(s)&#xD;
&#xD;
2019-08-22 20:09:11 - [TEST_STEP][PASSED] - click(findTestObject("JIRA/A Relese 6.6/ACTPOL-484/Radio Voertuig")): Object: 'Object Repository/JIRA/A Relese 6.6/ACTPOL-484/Radio Voertuig' is clicked on&#xD;
&#xD;
2019-08-22 20:09:12 - [MESSAGE][PASSED] - Object: 'Object Repository/JIRA/A Relese 6.6/ACTPOL-484/Radio Voertuig' is clicked on&#xD;
&#xD;
2019-08-22 20:09:12 - [TEST_STEP][PASSED] - delay(2): Delayed 2 second(s)&#xD;
&#xD;
2019-08-22 20:09:14 - [MESSAGE][PASSED] - Delayed 2 second(s)&#xD;
&#xD;
2019-08-22 20:09:14 - [TEST_STEP][PASSED] - click(findTestObject("JIRA/A Relese 6.6/ACTPOL-484/Voertuig nummer new")): Object: 'Object Repository/JIRA/A Relese 6.6/ACTPOL-484/Voertuig nummer new' is clicked on&#xD;
&#xD;
2019-08-22 20:09:14 - [MESSAGE][PASSED] - Object: 'Object Repository/JIRA/A Relese 6.6/ACTPOL-484/Voertuig nummer new' is clicked on&#xD;
&#xD;
2019-08-22 20:09:14 - [TEST_STEP][PASSED] - delay(4): Delayed 4 second(s)&#xD;
&#xD;
2019-08-22 20:09:18 - [MESSAGE][PASSED] - Delayed 4 second(s)&#xD;
&#xD;
2019-08-22 20:09:18 - [TEST_STEP][PASSED] - click(findTestObject("JIRA/A Relese 6.6/ACTPOL-484/Voertuig new btn")): Object: 'Object Repository/JIRA/A Relese 6.6/ACTPOL-484/Voertuig new btn' is clicked on&#xD;
&#xD;
2019-08-22 20:09:23 - [MESSAGE][PASSED] - Object: 'Object Repository/JIRA/A Relese 6.6/ACTPOL-484/Voertuig new btn' is clicked on&#xD;
&#xD;
2019-08-22 20:09:23 - [TEST_STEP][PASSED] - delay(4): Delayed 4 second(s)&#xD;
&#xD;
2019-08-22 20:09:27 - [MESSAGE][PASSED] - Delayed 4 second(s)&#xD;
&#xD;
2019-08-22 20:09:27 - [TEST_STEP][PASSED] - click(findTestObject("JIRA/A Relese 6.6/ACTPOL-484/Nieuw Voertuig edit default")): Object: 'Object Repository/JIRA/A Relese 6.6/ACTPOL-484/Nieuw Voertuig edit default' is clicked on&#xD;
&#xD;
2019-08-22 20:09:28 - [MESSAGE][PASSED] - Object: 'Object Repository/JIRA/A Relese 6.6/ACTPOL-484/Nieuw Voertuig edit default' is clicked on&#xD;
&#xD;
2019-08-22 20:09:28 - [TEST_STEP][PASSED] - delay(3): Delayed 3 second(s)&#xD;
&#xD;
2019-08-22 20:09:31 - [MESSAGE][PASSED] - Delayed 3 second(s)&#xD;
&#xD;
2019-08-22 20:09:31 - [TEST_STEP][PASSED] - selectOptionByLabel(findTestObject("JIRA/A Relese 6.6/ACTPOL-484/Reden Inschrijving"), "ZAAKWAARNEMING", false): All options with label 'ZAAKWAARNEMING' are selected in object 'Object Repository/JIRA/A Relese 6.6/ACTPOL-484/Reden Inschrijving' &#xD;
&#xD;
2019-08-22 20:09:32 - [MESSAGE][PASSED] - All options with label 'ZAAKWAARNEMING' are selected in object 'Object Repository/JIRA/A Relese 6.6/ACTPOL-484/Reden Inschrijving' &#xD;
&#xD;
2019-08-22 20:09:32 - [TEST_STEP][PASSED] - delay(2): Delayed 2 second(s)&#xD;
&#xD;
2019-08-22 20:09:34 - [MESSAGE][PASSED] - Delayed 2 second(s)&#xD;
&#xD;
2019-08-22 20:09:34 - [TEST_STEP][PASSED] - click(findTestObject("JIRA/A Relese 6.6/ACTPOL-484/Voertuig")): Object: 'Object Repository/JIRA/A Relese 6.6/ACTPOL-484/Voertuig' is clicked on&#xD;
&#xD;
2019-08-22 20:09:34 - [MESSAGE][PASSED] - Object: 'Object Repository/JIRA/A Relese 6.6/ACTPOL-484/Voertuig' is clicked on&#xD;
&#xD;
2019-08-22 20:09:34 - [TEST_STEP][PASSED] - delay(1): Delayed 1 second(s)&#xD;
&#xD;
2019-08-22 20:09:35 - [MESSAGE][PASSED] - Delayed 1 second(s)&#xD;
&#xD;
2019-08-22 20:09:35 - [TEST_STEP][PASSED] - click(findTestObject("JIRA/A Relese 6.6/ACTPOL-484/Bescheiden")): Object: 'Object Repository/JIRA/A Relese 6.6/ACTPOL-484/Bescheiden' is clicked on&#xD;
&#xD;
2019-08-22 20:09:36 - [MESSAGE][PASSED] - Object: 'Object Repository/JIRA/A Relese 6.6/ACTPOL-484/Bescheiden' is clicked on&#xD;
&#xD;
2019-08-22 20:09:36 - [TEST_STEP][PASSED] - delay(1): Delayed 1 second(s)&#xD;
&#xD;
2019-08-22 20:09:37 - [MESSAGE][PASSED] - Delayed 1 second(s)&#xD;
&#xD;
2019-08-22 20:09:37 - [TEST_STEP][PASSED] - click(findTestObject("JIRA/A Relese 6.6/ACTPOL-484/Bestuurder new")): Object: 'Object Repository/JIRA/A Relese 6.6/ACTPOL-484/Bestuurder new' is clicked on&#xD;
&#xD;
2019-08-22 20:09:43 - [MESSAGE][PASSED] - Object: 'Object Repository/JIRA/A Relese 6.6/ACTPOL-484/Bestuurder new' is clicked on&#xD;
&#xD;
2019-08-22 20:09:43 - [TEST_STEP][PASSED] - delay(4): Delayed 4 second(s)&#xD;
&#xD;
2019-08-22 20:09:47 - [MESSAGE][PASSED] - Delayed 4 second(s)&#xD;
&#xD;
2019-08-22 20:09:47 - [TEST_STEP][PASSED] - click(findTestObject("JIRA/A Relese 6.6/ACTPOL-484/nieuw persoon edit default")): Object: 'Object Repository/JIRA/A Relese 6.6/ACTPOL-484/nieuw persoon edit default' is clicked on&#xD;
&#xD;
2019-08-22 20:09:47 - [MESSAGE][PASSED] - Object: 'Object Repository/JIRA/A Relese 6.6/ACTPOL-484/nieuw persoon edit default' is clicked on&#xD;
&#xD;
2019-08-22 20:09:47 - [TEST_STEP][PASSED] - delay(1): Delayed 1 second(s)&#xD;
&#xD;
2019-08-22 20:09:48 - [MESSAGE][PASSED] - Delayed 1 second(s)&#xD;
&#xD;
2019-08-22 20:09:48 - [TEST_STEP][PASSED] - selectOptionByLabel(findTestObject("JIRA/A Relese 6.6/ACTPOL-484/Type verzekering"), "Comprehensive", false): All options with label 'Comprehensive' are selected in object 'Object Repository/JIRA/A Relese 6.6/ACTPOL-484/Type verzekering' &#xD;
&#xD;
2019-08-22 20:09:49 - [MESSAGE][PASSED] - All options with label 'Comprehensive' are selected in object 'Object Repository/JIRA/A Relese 6.6/ACTPOL-484/Type verzekering'</system-out>
            <system-err></system-err>
        </testcase>
        <system-out>2019-08-22 20:02:01 - [TEST_SUITE][INCOMPLETE] - ACTPOL-534,507,543 and 484: null</system-out>
        <system-err>2019-08-22 20:02:01 - [TEST_SUITE][INCOMPLETE] - ACTPOL-534,507,543 and 484: null</system-err>
    </testsuite>
</testsuites>
