<?xml version="1.0" encoding="UTF-8" standalone="yes"?>
<testsuites name="ACTPOL-320" time="93" tests="1" failures="0" errors="0">
    <testsuite name="ACTPOL-320" tests="1" failures="0" errors="0" time="93" timestamp="2019-10-28 19:14:18" hostname="user4 - 10.20.20.8" id="Test Suites/Release 6.6/ACTPOL-320">
        <properties>
            <property name="deviceName" value=""/>
            <property name="devicePlatform" value=""/>
            <property name="logFolder" value="C:\\Users\\user4\\git\\ACTPOL\\Reports\\20191028_191412\\Release 6.6\\ACTPOL-320\\20191028_191412"/>
            <property name="logFiles" value="C:\\Users\\user4\\git\\ACTPOL\\Reports\\20191028_191412\\Release 6.6\\ACTPOL-320\\20191028_191412\\execution0.log"/>
            <property name="attachments" value=""/>
            <property name="hostName" value="user4 - 10.20.20.8"/>
            <property name="os" value="Windows 8.1 64bit"/>
            <property name="katalonVersion" value="6.3.3.11"/>
            <property name="browser" value="Chrome 77.0.3865.120"/>
            <property name="hostAddress" value="10.20.20.8"/>
            <property name="sessionId" value="f45e3b715c3439be11819fc02889b438"/>
            <property name="seleniumVersion" value="3.141.59"/>
            <property name="proxyInformation" value="ProxyInformation{proxyOption=NO_PROXY, proxyServerType=HTTP, password=, proxyServerAddress=, proxyServerPort=0}"/>
            <property name="platform" value="Windows 8.1"/>
        </properties>
        <testcase name="Test Cases/JIRA Tasks/Release 6.6/ACTPOL-320" classname="Test Cases/JIRA Tasks/Release 6.6/ACTPOL-320" status="PASSED">
            <system-out>2019-10-28 19:14:19 - [TEST_CASE][PASSED] - Test Cases/JIRA Tasks/Release 6.6/ACTPOL-320: Test Cases/JIRA Tasks/Release 6.6/ACTPOL-320&#xD;
&#xD;
2019-10-28 19:14:21 - [TEST_STEP][PASSED] - callTestCase(findTestCase("main/Actpol_Login_testenv"), [:], STOP_ON_FAILURE): Call Test Case 'Test Cases/main/Actpol_Login_testenv' successfully&#xD;
&#xD;
2019-10-28 19:14:21 - [TEST_CASE][PASSED] - Test Cases/main/Actpol_Login_testenv: Test Cases/main/Actpol_Login_testenv&#xD;
&#xD;
2019-10-28 19:14:22 - [TEST_STEP][PASSED] - openBrowser(""): Browser is opened with url: ''&#xD;
&#xD;
2019-10-28 19:14:23 - [MESSAGE][INFO] - Starting 'Chrome' driver&#xD;
&#xD;
2019-10-28 19:14:23 - [MESSAGE][INFO] - Action delay is set to 0 seconds&#xD;
&#xD;
2019-10-28 19:14:28 - [MESSAGE][PASSED] - Browser is opened with url: ''&#xD;
&#xD;
2019-10-28 19:14:28 - [TEST_STEP][PASSED] - deleteAllCookies(): Delete all cookies successfully&#xD;
&#xD;
2019-10-28 19:14:28 - [MESSAGE][PASSED] - Delete all cookies successfully&#xD;
&#xD;
2019-10-28 19:14:28 - [TEST_STEP][PASSED] - waitForPageLoad(60): Wait for page load successfully&#xD;
&#xD;
2019-10-28 19:14:29 - [MESSAGE][PASSED] - Wait for page load successfully&#xD;
&#xD;
2019-10-28 19:14:29 - [TEST_STEP][PASSED] - maximizeWindow(): Current window maximized&#xD;
&#xD;
2019-10-28 19:14:31 - [MESSAGE][PASSED] - Current window maximized&#xD;
&#xD;
2019-10-28 19:14:31 - [TEST_STEP][PASSED] - ACTPOLTESTENV = 1: null&#xD;
&#xD;
2019-10-28 19:14:31 - [TEST_STEP][PASSED] - ACTPOLDEVENV = 2: null&#xD;
&#xD;
2019-10-28 19:14:31 - [TEST_STEP][PASSED] - ACTPOLKCENV = 3: null&#xD;
&#xD;
2019-10-28 19:14:31 - [TEST_STEP][PASSED] - ACTPOLKBKPCNENV = 4: null&#xD;
&#xD;
2019-10-28 19:14:31 - [TEST_STEP][PASSED] - ACTPOLKBKMARENV = 5: null&#xD;
&#xD;
2019-10-28 19:14:31 - [TEST_STEP][PASSED] - ACTPOLKMENV = 6: null&#xD;
&#xD;
2019-10-28 19:14:31 - [TEST_STEP][PASSED] - ACTPOLKWENV = 7: null&#xD;
&#xD;
2019-10-28 19:14:31 - [TEST_STEP][PASSED] - ACTPOLFATKPCNENV = 8: null&#xD;
&#xD;
2019-10-28 19:14:31 - [TEST_STEP][PASSED] - ACTPOLFATKMARENV = 9: null&#xD;
&#xD;
2019-10-28 19:14:31 - [TEST_STEP][PASSED] - environment = ACTPOLTESTENV: null&#xD;
&#xD;
2019-10-28 19:14:31 - [TEST_STEP][PASSED] - Selectenv = &lt;not implemented yet for class: org.codehaus.groovy.ast.expr.EmptyExpression&gt;: null&#xD;
&#xD;
2019-10-28 19:14:31 - [TEST_STEP][PASSED] - switch (environment): null&#xD;
&#xD;
2019-10-28 19:14:31 - [TEST_STEP][PASSED] - case 1:: null&#xD;
&#xD;
2019-10-28 19:14:31 - [TEST_STEP][PASSED] - println(Selectenv = "ACTPOL-TEST-ENV"): null&#xD;
&#xD;
2019-10-28 19:14:31 - [TEST_STEP][PASSED] - navigateToUrl(TESTURL): Navigate to 'http://10.20.10.7:8185/actpoltst/nxmenu.pgm?docnum=551' successfully&#xD;
&#xD;
2019-10-28 19:14:42 - [MESSAGE][PASSED] - Navigate to 'http://10.20.10.7:8185/actpoltst/nxmenu.pgm?docnum=551' successfully&#xD;
&#xD;
2019-10-28 19:14:42 - [TEST_STEP][PASSED] - setText(findTestObject("Actpol_Scripts/login/userid"), username): Text 'vidhya' is set on object 'Object Repository/Actpol_Scripts/login/userid'&#xD;
&#xD;
2019-10-28 19:14:43 - [MESSAGE][PASSED] - Text 'vidhya' is set on object 'Object Repository/Actpol_Scripts/login/userid'&#xD;
&#xD;
2019-10-28 19:14:43 - [TEST_STEP][PASSED] - setMaskedText(findTestObject("Actpol_Scripts/login/password"), password): Text '********' is set on object 'Object Repository/Actpol_Scripts/login/password'&#xD;
&#xD;
2019-10-28 19:14:43 - [MESSAGE][PASSED] - Text '********' is set on object 'Object Repository/Actpol_Scripts/login/password'&#xD;
&#xD;
2019-10-28 19:14:43 - [TEST_STEP][PASSED] - click(findTestObject("Actpol_Scripts/login/login")): Object: 'Object Repository/Actpol_Scripts/login/login' is clicked on&#xD;
&#xD;
2019-10-28 19:14:44 - [MESSAGE][PASSED] - Object: 'Object Repository/Actpol_Scripts/login/login' is clicked on&#xD;
&#xD;
2019-10-28 19:14:44 - [TEST_STEP][PASSED] - getWindowTitle(): Current window's title is: 'Login Page for ACTPOL Test'&#xD;
&#xD;
2019-10-28 19:14:44 - [MESSAGE][PASSED] - Current window's title is: 'Login Page for ACTPOL Test'&#xD;
&#xD;
2019-10-28 19:14:44 - [TEST_STEP][PASSED] - delay(5): Delayed 5 second(s)&#xD;
&#xD;
2019-10-28 19:14:49 - [MESSAGE][PASSED] - Delayed 5 second(s)&#xD;
&#xD;
2019-10-28 19:14:49 - [TEST_STEP][PASSED] - break: null&#xD;
&#xD;
2019-10-28 19:14:49 - [MESSAGE][PASSED] - Call Test Case 'Test Cases/main/Actpol_Login_testenv' successfully&#xD;
&#xD;
2019-10-28 19:14:49 - [TEST_STEP][PASSED] - markPassed("PASS::Actpol web application login successfully"): PASS::Actpol web application login successfully&#xD;
&#xD;
2019-10-28 19:14:49 - [MESSAGE][PASSED] - PASS::Actpol web application login successfully&#xD;
&#xD;
2019-10-28 19:14:49 - [TEST_STEP][PASSED] - log = new com.kms.katalon.core.logging.KeywordLogger(): null&#xD;
&#xD;
2019-10-28 19:14:49 - [TEST_STEP][PASSED] - selectOptionByValue(findTestObject("Actpol_Scripts/General Search/Algemene Zoekopdracht -test env/Assistentie"), "assist", false): All options with value 'assist' are selected in object 'Object Repository/Actpol_Scripts/General Search/Algemene Zoekopdracht -test env/Assistentie' &#xD;
&#xD;
2019-10-28 19:14:54 - [MESSAGE][PASSED] - All options with value 'assist' are selected in object 'Object Repository/Actpol_Scripts/General Search/Algemene Zoekopdracht -test env/Assistentie' &#xD;
&#xD;
2019-10-28 19:14:54 - [TEST_STEP][PASSED] - setText(findTestObject("Actpol_Scripts/General Search/Algemene Zoekopdracht -test env/Assistentie Set text"), Generiekassistenite_Module): Text '200601757' is set on object 'Object Repository/Actpol_Scripts/General Search/Algemene Zoekopdracht -test env/Assistentie Set text'&#xD;
&#xD;
2019-10-28 19:14:55 - [MESSAGE][PASSED] - Text '200601757' is set on object 'Object Repository/Actpol_Scripts/General Search/Algemene Zoekopdracht -test env/Assistentie Set text'&#xD;
&#xD;
2019-10-28 19:14:55 - [TEST_STEP][PASSED] - delay(2): Delayed 2 second(s)&#xD;
&#xD;
2019-10-28 19:14:57 - [MESSAGE][PASSED] - Delayed 2 second(s)&#xD;
&#xD;
2019-10-28 19:14:57 - [TEST_STEP][PASSED] - click(findTestObject("Actpol_Scripts/General Search/Algemene Zoekopdracht -test env/Zoeken new")): Object: 'Object Repository/Actpol_Scripts/General Search/Algemene Zoekopdracht -test env/Zoeken new' is clicked on&#xD;
&#xD;
2019-10-28 19:14:58 - [MESSAGE][PASSED] - Object: 'Object Repository/Actpol_Scripts/General Search/Algemene Zoekopdracht -test env/Zoeken new' is clicked on&#xD;
&#xD;
2019-10-28 19:14:58 - [TEST_STEP][PASSED] - delay(8): Delayed 8 second(s)&#xD;
&#xD;
2019-10-28 19:15:06 - [MESSAGE][PASSED] - Delayed 8 second(s)&#xD;
&#xD;
2019-10-28 19:15:06 - [TEST_STEP][PASSED] - AssistentiedynamicId = Generiekassistenite_Module: null&#xD;
&#xD;
2019-10-28 19:15:06 - [TEST_STEP][PASSED] - Assistentiexpath = "//*[text()="" + AssistentiedynamicId + ""]/preceding-sibling::td/a[2]": null&#xD;
&#xD;
2019-10-28 19:15:06 - [TEST_STEP][PASSED] - to = findTestObject("Actpol_Scripts/General Search/Algemene Zoekopdracht -test env/View Assistentie"): null&#xD;
&#xD;
2019-10-28 19:15:07 - [TEST_STEP][PASSED] - to.addProperty("xpath", EQUALS, Assistentiexpath): null&#xD;
&#xD;
2019-10-28 19:15:07 - [TEST_STEP][PASSED] - println(to): null&#xD;
&#xD;
2019-10-28 19:15:07 - [TEST_STEP][PASSED] - click(to): Object: 'Object Repository/Actpol_Scripts/General Search/Algemene Zoekopdracht -test env/View Assistentie' is clicked on&#xD;
&#xD;
2019-10-28 19:15:07 - [MESSAGE][PASSED] - Object: 'Object Repository/Actpol_Scripts/General Search/Algemene Zoekopdracht -test env/View Assistentie' is clicked on&#xD;
&#xD;
2019-10-28 19:15:07 - [TEST_STEP][PASSED] - click(findTestObject("Actpol_Scripts/General Search/Algemene Zoekopdracht -test env/Confirmeren")): Object: 'Object Repository/Actpol_Scripts/General Search/Algemene Zoekopdracht -test env/Confirmeren' is clicked on&#xD;
&#xD;
2019-10-28 19:15:08 - [MESSAGE][PASSED] - Object: 'Object Repository/Actpol_Scripts/General Search/Algemene Zoekopdracht -test env/Confirmeren' is clicked on&#xD;
&#xD;
2019-10-28 19:15:08 - [TEST_STEP][PASSED] - delay(12): Delayed 12 second(s)&#xD;
&#xD;
2019-10-28 19:15:20 - [MESSAGE][PASSED] - Delayed 12 second(s)&#xD;
&#xD;
2019-10-28 19:15:20 - [TEST_STEP][PASSED] - click(findTestObject("Actpol_Scripts/Generiek/Assistentie/Click roll process")): Object: 'Object Repository/Actpol_Scripts/Generiek/Assistentie/Click roll process' is clicked on&#xD;
&#xD;
2019-10-28 19:15:23 - [MESSAGE][PASSED] - Object: 'Object Repository/Actpol_Scripts/Generiek/Assistentie/Click roll process' is clicked on&#xD;
&#xD;
2019-10-28 19:15:23 - [TEST_STEP][PASSED] - delay(2): Delayed 2 second(s)&#xD;
&#xD;
2019-10-28 19:15:25 - [MESSAGE][PASSED] - Delayed 2 second(s)&#xD;
&#xD;
2019-10-28 19:15:25 - [TEST_STEP][PASSED] - Vreemdelingverify = verifyElementVisible(findTestObject("Object Repository/JIRA/A Relese 6.6/ACTPOL-317/Vreemdeling verify"), OPTIONAL): Object 'Object Repository/JIRA/A Relese 6.6/ACTPOL-317/Vreemdeling verify' is visible&#xD;
&#xD;
2019-10-28 19:15:26 - [MESSAGE][PASSED] - Object 'Object Repository/JIRA/A Relese 6.6/ACTPOL-317/Vreemdeling verify' is visible&#xD;
&#xD;
2019-10-28 19:15:26 - [TEST_STEP][PASSED] - log.logInfo(Vreemdelingverify): true&#xD;
&#xD;
2019-10-28 19:15:26 - [MESSAGE][INFO] - true&#xD;
&#xD;
2019-10-28 19:15:26 - [TEST_STEP][PASSED] - verify2 = "true": null&#xD;
&#xD;
2019-10-28 19:15:26 - [TEST_STEP][PASSED] - if (Vreemdelingverify == verify2): Delayed 2 second(s)&#xD;
&#xD;
2019-10-28 19:15:26 - [TEST_STEP][PASSED] - click(findTestObject("JIRA/A Relese 6.6/ACTPOL-317/Vreemdeling verify")): Object: 'Object Repository/JIRA/A Relese 6.6/ACTPOL-317/Vreemdeling verify' is clicked on&#xD;
&#xD;
2019-10-28 19:15:26 - [MESSAGE][PASSED] - Object: 'Object Repository/JIRA/A Relese 6.6/ACTPOL-317/Vreemdeling verify' is clicked on&#xD;
&#xD;
2019-10-28 19:15:26 - [TEST_STEP][PASSED] - delay(5): Delayed 5 second(s)&#xD;
&#xD;
2019-10-28 19:15:31 - [MESSAGE][PASSED] - Delayed 5 second(s)&#xD;
&#xD;
2019-10-28 19:15:31 - [TEST_STEP][PASSED] - click(findTestObject("Object Repository/JIRA/A Relese 6.6/ACTPOL-317/Vreemdeling tab")): Object: 'Object Repository/JIRA/A Relese 6.6/ACTPOL-317/Vreemdeling tab' is clicked on&#xD;
&#xD;
2019-10-28 19:15:32 - [MESSAGE][PASSED] - Object: 'Object Repository/JIRA/A Relese 6.6/ACTPOL-317/Vreemdeling tab' is clicked on&#xD;
&#xD;
2019-10-28 19:15:32 - [TEST_STEP][PASSED] - delay(2): Delayed 2 second(s)&#xD;
&#xD;
2019-10-28 19:15:34 - [MESSAGE][PASSED] - Delayed 2 second(s)&#xD;
&#xD;
2019-10-28 19:15:34 - [TEST_STEP][PASSED] - click(findTestObject("Object Repository/JIRA/A Relese 6.6/ACTPOL-317/Toegang")): Object: 'Object Repository/JIRA/A Relese 6.6/ACTPOL-317/Toegang' is clicked on&#xD;
&#xD;
2019-10-28 19:15:35 - [MESSAGE][PASSED] - Object: 'Object Repository/JIRA/A Relese 6.6/ACTPOL-317/Toegang' is clicked on&#xD;
&#xD;
2019-10-28 19:15:35 - [TEST_STEP][PASSED] - delay(5): Delayed 5 second(s)&#xD;
&#xD;
2019-10-28 19:15:40 - [MESSAGE][PASSED] - Delayed 5 second(s)&#xD;
&#xD;
2019-10-28 19:15:40 - [TEST_STEP][PASSED] - scrollToElement(findTestObject("Object Repository/JIRA/A Relese 6.6/ACTPOL-317/Voorwaarde toegang new"), 3): Scroll to object 'Object Repository/JIRA/A Relese 6.6/ACTPOL-317/Voorwaarde toegang new' successfully&#xD;
&#xD;
2019-10-28 19:15:40 - [MESSAGE][PASSED] - Scroll to object 'Object Repository/JIRA/A Relese 6.6/ACTPOL-317/Voorwaarde toegang new' successfully&#xD;
&#xD;
2019-10-28 19:15:40 - [TEST_STEP][PASSED] - delay(2): Delayed 2 second(s)&#xD;
&#xD;
2019-10-28 19:15:42 - [MESSAGE][PASSED] - Delayed 2 second(s)&#xD;
&#xD;
2019-10-28 19:15:42 - [TEST_STEP][PASSED] - Opleggingverify = verifyElementVisible(findTestObject("JIRA/A Relese 6.6/ACTPOL-317/ver verify text"), OPTIONAL): Object 'Object Repository/JIRA/A Relese 6.6/ACTPOL-317/ver verify text' is visible&#xD;
&#xD;
2019-10-28 19:15:43 - [MESSAGE][PASSED] - Object 'Object Repository/JIRA/A Relese 6.6/ACTPOL-317/ver verify text' is visible&#xD;
&#xD;
2019-10-28 19:15:43 - [TEST_STEP][PASSED] - log.logInfo(Opleggingverify): true&#xD;
&#xD;
2019-10-28 19:15:43 - [MESSAGE][INFO] - true&#xD;
&#xD;
2019-10-28 19:15:43 - [TEST_STEP][PASSED] - delay(2): Delayed 2 second(s)&#xD;
&#xD;
2019-10-28 19:15:45 - [MESSAGE][PASSED] - Delayed 2 second(s)&#xD;
&#xD;
2019-10-28 19:15:45 - [TEST_STEP][PASSED] - Overleggingverify = verifyElementVisible(findTestObject("JIRA/A Relese 6.6/ACTPOL-320/320 VER verify text"), OPTIONAL): Object 'Object Repository/JIRA/A Relese 6.6/ACTPOL-320/320 VER verify text' is visible&#xD;
&#xD;
2019-10-28 19:15:45 - [MESSAGE][PASSED] - Object 'Object Repository/JIRA/A Relese 6.6/ACTPOL-320/320 VER verify text' is visible&#xD;
&#xD;
2019-10-28 19:15:45 - [TEST_STEP][PASSED] - log.logInfo(Overleggingverify): true&#xD;
&#xD;
2019-10-28 19:15:45 - [MESSAGE][INFO] - true&#xD;
&#xD;
2019-10-28 19:15:45 - [TEST_STEP][PASSED] - recheck = "true": null&#xD;
&#xD;
2019-10-28 19:15:45 - [TEST_STEP][PASSED] - delay(2): Delayed 2 second(s)&#xD;
&#xD;
2019-10-28 19:15:47 - [MESSAGE][PASSED] - Delayed 2 second(s)&#xD;
&#xD;
2019-10-28 19:15:47 - [TEST_STEP][PASSED] - if (Opleggingverify == recheck &amp;&amp; Overleggingverify == recheck): Delayed 2 second(s)&#xD;
&#xD;
2019-10-28 19:15:47 - [TEST_STEP][PASSED] - logInfo("Both dropdowns are already configured"): Both dropdowns are already configured&#xD;
&#xD;
2019-10-28 19:15:47 - [MESSAGE][INFO] - Both dropdowns are already configured&#xD;
&#xD;
2019-10-28 19:15:47 - [TEST_STEP][PASSED] - log.logInfo("both dropdown already existing in the grid"): both dropdown already existing in the grid&#xD;
&#xD;
2019-10-28 19:15:47 - [MESSAGE][INFO] - both dropdown already existing in the grid&#xD;
&#xD;
2019-10-28 19:15:47 - [TEST_STEP][PASSED] - markPassed("PASS::oplegging van de plicht van 72 uren is visible"): PASS::oplegging van de plicht van 72 uren is visible&#xD;
&#xD;
2019-10-28 19:15:47 - [MESSAGE][PASSED] - PASS::oplegging van de plicht van 72 uren is visible&#xD;
&#xD;
2019-10-28 19:15:47 - [TEST_STEP][PASSED] - markPassed("PASS::Overlegging van een garantverklaring, ondertekend door is visible"): PASS::Overlegging van een garantverklaring, ondertekend door is visible&#xD;
&#xD;
2019-10-28 19:15:47 - [MESSAGE][PASSED] - PASS::Overlegging van een garantverklaring, ondertekend door is visible&#xD;
&#xD;
2019-10-28 19:15:47 - [TEST_STEP][PASSED] - delay(2): Delayed 2 second(s)&#xD;
&#xD;
2019-10-28 19:15:49 - [MESSAGE][PASSED] - Delayed 2 second(s)</system-out>
            <system-err></system-err>
        </testcase>
        <system-out>2019-10-28 19:14:18 - [TEST_SUITE][INCOMPLETE] - ACTPOL-320: null</system-out>
        <system-err>2019-10-28 19:14:18 - [TEST_SUITE][INCOMPLETE] - ACTPOL-320: null</system-err>
    </testsuite>
</testsuites>
