<?xml version="1.0" encoding="UTF-8" standalone="yes"?>
<testsuites name="MBES18 ALL" time="1353" tests="7" failures="3" errors="0">
    <testsuite name="MBES18 ALL" tests="7" failures="3" errors="0" time="1353" timestamp="2019-09-24 18:18:37" hostname="user4 - 10.20.20.9" id="Test Suites/Release 6.6/MBES18 ALL">
        <properties>
            <property name="deviceName" value=""/>
            <property name="devicePlatform" value=""/>
            <property name="logFolder" value="C:\\Users\\user4\\git\\ACTPOL\\Reports\\20190924_181828\\Release 6.6\\MBES18 ALL\\20190924_181828"/>
            <property name="logFiles" value="C:\\Users\\user4\\git\\ACTPOL\\Reports\\20190924_181828\\Release 6.6\\MBES18 ALL\\20190924_181828\\execution0.log"/>
            <property name="attachments" value="C:\\Users\\user4\\git\\ACTPOL\\Reports\\20190924_181828\\Release 6.6\\MBES18 ALL\\20190924_181828\\1569329360471.png, C:\\Users\\user4\\git\\ACTPOL\\Reports\\20190924_181828\\Release 6.6\\MBES18 ALL\\20190924_181828\\1569329450603.png, C:\\Users\\user4\\git\\ACTPOL\\Reports\\20190924_181828\\Release 6.6\\MBES18 ALL\\20190924_181828\\1569329485992.png, C:\\Users\\user4\\git\\ACTPOL\\Reports\\20190924_181828\\Release 6.6\\MBES18 ALL\\20190924_181828\\1569329507878.png, C:\\Users\\user4\\git\\ACTPOL\\Reports\\20190924_181828\\Release 6.6\\MBES18 ALL\\20190924_181828\\1569329515083.png, C:\\Users\\user4\\git\\ACTPOL\\Reports\\20190924_181828\\Release 6.6\\MBES18 ALL\\20190924_181828\\1569329611864.png, C:\\Users\\user4\\git\\ACTPOL\\Reports\\20190924_181828\\Release 6.6\\MBES18 ALL\\20190924_181828\\1569330075618.png, C:\\Users\\user4\\git\\ACTPOL\\Reports\\20190924_181828\\Release 6.6\\MBES18 ALL\\20190924_181828\\1569330151043.png, C:\\Users\\user4\\git\\ACTPOL\\Reports\\20190924_181828\\Release 6.6\\MBES18 ALL\\20190924_181828\\1569330259552.png, C:\\Users\\user4\\git\\ACTPOL\\Reports\\20190924_181828\\Release 6.6\\MBES18 ALL\\20190924_181828\\1569330449475.png, C:\\Users\\user4\\git\\ACTPOL\\Reports\\20190924_181828\\Release 6.6\\MBES18 ALL\\20190924_181828\\1569330589493.png, C:\\Users\\user4\\git\\ACTPOL\\Reports\\20190924_181828\\Release 6.6\\MBES18 ALL\\20190924_181828\\1569330669074.png"/>
            <property name="hostName" value="user4 - 10.20.20.9"/>
            <property name="os" value="Windows 8.1 64bit"/>
            <property name="katalonVersion" value="6.3.3.11"/>
            <property name="browser" value="Chrome 77.0.3865.90"/>
            <property name="hostAddress" value="10.20.20.9"/>
            <property name="sessionId" value="b0e8e076126feaa19e2b412cc499567a"/>
            <property name="seleniumVersion" value="3.141.59"/>
            <property name="proxyInformation" value="ProxyInformation{proxyOption=NO_PROXY, proxyServerType=HTTP, password=, proxyServerAddress=, proxyServerPort=0}"/>
            <property name="platform" value="Windows 8.1"/>
        </properties>
        <testcase name="Test Cases/JIRA Tasks/Release 6.6/ACTPOL-558" classname="Test Cases/JIRA Tasks/Release 6.6/ACTPOL-558" status="PASSED">
            <system-out>2019-09-24 18:18:38 - [TEST_CASE][PASSED] - Test Cases/JIRA Tasks/Release 6.6/ACTPOL-558: Test Cases/JIRA Tasks/Release 6.6/ACTPOL-558&#xD;
&#xD;
2019-09-24 18:18:39 - [TEST_STEP][PASSED] - callTestCase(findTestCase("main/Actpol_Login_testenv"), [:], STOP_ON_FAILURE): Call Test Case 'Test Cases/main/Actpol_Login_testenv' successfully&#xD;
&#xD;
2019-09-24 18:18:39 - [TEST_CASE][PASSED] - Test Cases/main/Actpol_Login_testenv: Test Cases/main/Actpol_Login_testenv&#xD;
&#xD;
2019-09-24 18:18:40 - [TEST_STEP][PASSED] - openBrowser(""): Browser is opened with url: ''&#xD;
&#xD;
2019-09-24 18:18:41 - [MESSAGE][INFO] - Starting 'Chrome' driver&#xD;
&#xD;
2019-09-24 18:18:41 - [MESSAGE][INFO] - Action delay is set to 0 seconds&#xD;
&#xD;
2019-09-24 18:18:46 - [MESSAGE][PASSED] - Browser is opened with url: ''&#xD;
&#xD;
2019-09-24 18:18:46 - [TEST_STEP][PASSED] - deleteAllCookies(): Delete all cookies successfully&#xD;
&#xD;
2019-09-24 18:18:46 - [MESSAGE][PASSED] - Delete all cookies successfully&#xD;
&#xD;
2019-09-24 18:18:46 - [TEST_STEP][PASSED] - waitForPageLoad(60): Wait for page load successfully&#xD;
&#xD;
2019-09-24 18:18:46 - [MESSAGE][PASSED] - Wait for page load successfully&#xD;
&#xD;
2019-09-24 18:18:46 - [TEST_STEP][PASSED] - maximizeWindow(): Current window maximized&#xD;
&#xD;
2019-09-24 18:18:47 - [MESSAGE][PASSED] - Current window maximized&#xD;
&#xD;
2019-09-24 18:18:47 - [TEST_STEP][PASSED] - ACTPOLTESTENV = 1: null&#xD;
&#xD;
2019-09-24 18:18:47 - [TEST_STEP][PASSED] - ACTPOLDEVENV = 2: null&#xD;
&#xD;
2019-09-24 18:18:47 - [TEST_STEP][PASSED] - ACTPOLKCENV = 3: null&#xD;
&#xD;
2019-09-24 18:18:47 - [TEST_STEP][PASSED] - ACTPOLKBKPCNENV = 4: null&#xD;
&#xD;
2019-09-24 18:18:47 - [TEST_STEP][PASSED] - ACTPOLKBKMARENV = 5: null&#xD;
&#xD;
2019-09-24 18:18:47 - [TEST_STEP][PASSED] - ACTPOLKMENV = 6: null&#xD;
&#xD;
2019-09-24 18:18:47 - [TEST_STEP][PASSED] - ACTPOLKWENV = 7: null&#xD;
&#xD;
2019-09-24 18:18:47 - [TEST_STEP][PASSED] - environment = ACTPOLTESTENV: null&#xD;
&#xD;
2019-09-24 18:18:47 - [TEST_STEP][PASSED] - Selectenv = &lt;not implemented yet for class: org.codehaus.groovy.ast.expr.EmptyExpression&gt;: null&#xD;
&#xD;
2019-09-24 18:18:47 - [TEST_STEP][PASSED] - switch (environment): null&#xD;
&#xD;
2019-09-24 18:18:47 - [TEST_STEP][PASSED] - case 1:: null&#xD;
&#xD;
2019-09-24 18:18:47 - [TEST_STEP][PASSED] - println(Selectenv = "ACTPOL-TEST-ENV"): null&#xD;
&#xD;
2019-09-24 18:18:48 - [TEST_STEP][PASSED] - navigateToUrl(TESTURL): Navigate to 'http://10.20.10.7:8185/actpoltst/nxmenu.pgm?docnum=551' successfully&#xD;
&#xD;
2019-09-24 18:18:58 - [MESSAGE][PASSED] - Navigate to 'http://10.20.10.7:8185/actpoltst/nxmenu.pgm?docnum=551' successfully&#xD;
&#xD;
2019-09-24 18:18:58 - [TEST_STEP][PASSED] - setText(findTestObject("Actpol_Scripts/login/userid"), username): Text 'vidhya' is set on object 'Object Repository/Actpol_Scripts/login/userid'&#xD;
&#xD;
2019-09-24 18:18:59 - [MESSAGE][PASSED] - Text 'vidhya' is set on object 'Object Repository/Actpol_Scripts/login/userid'&#xD;
&#xD;
2019-09-24 18:18:59 - [TEST_STEP][PASSED] - setMaskedText(findTestObject("Actpol_Scripts/login/password"), password): Text '********' is set on object 'Object Repository/Actpol_Scripts/login/password'&#xD;
&#xD;
2019-09-24 18:19:00 - [MESSAGE][PASSED] - Text '********' is set on object 'Object Repository/Actpol_Scripts/login/password'&#xD;
&#xD;
2019-09-24 18:19:00 - [TEST_STEP][PASSED] - click(findTestObject("Actpol_Scripts/login/login")): Object: 'Object Repository/Actpol_Scripts/login/login' is clicked on&#xD;
&#xD;
2019-09-24 18:19:00 - [MESSAGE][PASSED] - Object: 'Object Repository/Actpol_Scripts/login/login' is clicked on&#xD;
&#xD;
2019-09-24 18:19:00 - [TEST_STEP][PASSED] - getWindowTitle(): Current window's title is: 'Login Page for ACTPOL Test'&#xD;
&#xD;
2019-09-24 18:19:00 - [MESSAGE][PASSED] - Current window's title is: 'Login Page for ACTPOL Test'&#xD;
&#xD;
2019-09-24 18:19:00 - [TEST_STEP][PASSED] - delay(5): Delayed 5 second(s)&#xD;
&#xD;
2019-09-24 18:19:05 - [MESSAGE][PASSED] - Delayed 5 second(s)&#xD;
&#xD;
2019-09-24 18:19:05 - [TEST_STEP][PASSED] - break: null&#xD;
&#xD;
2019-09-24 18:19:05 - [MESSAGE][PASSED] - Call Test Case 'Test Cases/main/Actpol_Login_testenv' successfully&#xD;
&#xD;
2019-09-24 18:19:05 - [TEST_STEP][PASSED] - log = new com.kms.katalon.core.logging.KeywordLogger(): null&#xD;
&#xD;
2019-09-24 18:19:05 - [TEST_STEP][PASSED] - delay(4): Delayed 4 second(s)&#xD;
&#xD;
2019-09-24 18:19:09 - [MESSAGE][PASSED] - Delayed 4 second(s)&#xD;
&#xD;
2019-09-24 18:19:09 - [TEST_STEP][PASSED] - mouseOver(findTestObject("Actpol_Scripts/Menu navigation/Generiek/Generiek")): Object: 'Object Repository/Actpol_Scripts/Menu navigation/Generiek/Generiek' is hovered&#xD;
&#xD;
2019-09-24 18:19:10 - [MESSAGE][PASSED] - Object: 'Object Repository/Actpol_Scripts/Menu navigation/Generiek/Generiek' is hovered&#xD;
&#xD;
2019-09-24 18:19:10 - [TEST_STEP][PASSED] - log.logInfo("Successfully logged"): Successfully logged&#xD;
&#xD;
2019-09-24 18:19:10 - [MESSAGE][INFO] - Successfully logged&#xD;
&#xD;
2019-09-24 18:19:10 - [TEST_STEP][PASSED] - delay(2): Delayed 2 second(s)&#xD;
&#xD;
2019-09-24 18:19:12 - [MESSAGE][PASSED] - Delayed 2 second(s)&#xD;
&#xD;
2019-09-24 18:19:12 - [TEST_STEP][PASSED] - click(findTestObject("Actpol_Scripts/Opsporing/MBES18/MBES18 TAB")): Object: 'Object Repository/Actpol_Scripts/Opsporing/MBES18/MBES18 TAB' is clicked on&#xD;
&#xD;
2019-09-24 18:19:12 - [MESSAGE][PASSED] - Object: 'Object Repository/Actpol_Scripts/Opsporing/MBES18/MBES18 TAB' is clicked on&#xD;
&#xD;
2019-09-24 18:19:12 - [TEST_STEP][PASSED] - delay(2): Delayed 2 second(s)&#xD;
&#xD;
2019-09-24 18:19:14 - [MESSAGE][PASSED] - Delayed 2 second(s)&#xD;
&#xD;
2019-09-24 18:19:14 - [TEST_STEP][PASSED] - click(findTestObject("Actpol_Scripts/Opsporing/MBES18/MBES18 TAB")): Object: 'Object Repository/Actpol_Scripts/Opsporing/MBES18/MBES18 TAB' is clicked on&#xD;
&#xD;
2019-09-24 18:19:15 - [MESSAGE][PASSED] - Object: 'Object Repository/Actpol_Scripts/Opsporing/MBES18/MBES18 TAB' is clicked on&#xD;
&#xD;
2019-09-24 18:19:15 - [TEST_STEP][PASSED] - delay(2): Delayed 2 second(s)&#xD;
&#xD;
2019-09-24 18:19:17 - [MESSAGE][PASSED] - Delayed 2 second(s)&#xD;
&#xD;
2019-09-24 18:19:17 - [TEST_STEP][PASSED] - click(findTestObject("Actpol_Scripts/Opsporing/MBES18/MBES18 TAB")): Object: 'Object Repository/Actpol_Scripts/Opsporing/MBES18/MBES18 TAB' is clicked on&#xD;
&#xD;
2019-09-24 18:19:17 - [MESSAGE][PASSED] - Object: 'Object Repository/Actpol_Scripts/Opsporing/MBES18/MBES18 TAB' is clicked on&#xD;
&#xD;
2019-09-24 18:19:17 - [TEST_STEP][PASSED] - log.logInfo("Clicking MBES18 tab "): Clicking MBES18 tab &#xD;
&#xD;
2019-09-24 18:19:17 - [MESSAGE][INFO] - Clicking MBES18 tab &#xD;
&#xD;
2019-09-24 18:19:17 - [TEST_STEP][PASSED] - delay(3): Delayed 3 second(s)&#xD;
&#xD;
2019-09-24 18:19:20 - [MESSAGE][PASSED] - Delayed 3 second(s)&#xD;
&#xD;
2019-09-24 18:19:20 - [TEST_STEP][PASSED] - takeScreenshot(): Taking screenshot successfully&#xD;
&#xD;
2019-09-24 18:19:21 - [MESSAGE][PASSED] - Taking screenshot successfully&#xD;
[[ATTACHMENT|C:\\Users\\user4\\git\\ACTPOL\\Reports\\20190924_181828\\Release 6.6\\MBES18 ALL\\20190924_181828\\1569329360471.png]]&#xD;
&#xD;
2019-09-24 18:19:21 - [TEST_STEP][PASSED] - log.logInfo("MBES18 module is displayed"): MBES18 module is displayed&#xD;
&#xD;
2019-09-24 18:19:21 - [MESSAGE][INFO] - MBES18 module is displayed&#xD;
&#xD;
2019-09-24 18:19:21 - [TEST_STEP][PASSED] - delay(1): Delayed 1 second(s)&#xD;
&#xD;
2019-09-24 18:19:22 - [MESSAGE][PASSED] - Delayed 1 second(s)&#xD;
&#xD;
2019-09-24 18:19:22 - [TEST_STEP][PASSED] - optie = getText(findTestObject("JIRA/A Relese 6.6/ACTPOL-558/optie")): Text of object 'Object Repository/JIRA/A Relese 6.6/ACTPOL-558/optie' is: 'Optie'&#xD;
&#xD;
2019-09-24 18:19:54 - [MESSAGE][PASSED] - Text of object 'Object Repository/JIRA/A Relese 6.6/ACTPOL-558/optie' is: 'Optie'&#xD;
&#xD;
2019-09-24 18:19:55 - [TEST_STEP][PASSED] - log.logInfo("Grid is shown contains columns mentioned ::" + optie): Grid is shown contains columns mentioned ::Optie&#xD;
&#xD;
2019-09-24 18:19:55 - [MESSAGE][INFO] - Grid is shown contains columns mentioned ::Optie&#xD;
&#xD;
2019-09-24 18:19:55 - [TEST_STEP][PASSED] - delay(1): Delayed 1 second(s)&#xD;
&#xD;
2019-09-24 18:19:56 - [MESSAGE][PASSED] - Delayed 1 second(s)&#xD;
&#xD;
2019-09-24 18:19:56 - [TEST_STEP][PASSED] - vlg = getText(findTestObject("JIRA/A Relese 6.6/ACTPOL-558/Vlg. Nummer")): Text of object 'Object Repository/JIRA/A Relese 6.6/ACTPOL-558/Vlg. Nummer' is: 'VR Nummer'&#xD;
&#xD;
2019-09-24 18:19:56 - [MESSAGE][PASSED] - Text of object 'Object Repository/JIRA/A Relese 6.6/ACTPOL-558/Vlg. Nummer' is: 'VR Nummer'&#xD;
&#xD;
2019-09-24 18:19:56 - [TEST_STEP][PASSED] - log.logInfo("Grid is shown contains columns mentioned ::" + vlg): Grid is shown contains columns mentioned ::VR Nummer&#xD;
&#xD;
2019-09-24 18:19:56 - [MESSAGE][INFO] - Grid is shown contains columns mentioned ::VR Nummer&#xD;
&#xD;
2019-09-24 18:19:56 - [TEST_STEP][PASSED] - delay(1): Delayed 1 second(s)&#xD;
&#xD;
2019-09-24 18:19:57 - [MESSAGE][PASSED] - Delayed 1 second(s)&#xD;
&#xD;
2019-09-24 18:19:57 - [TEST_STEP][PASSED] - datam = getText(findTestObject("JIRA/A Relese 6.6/ACTPOL-558/Datum Incident")): Text of object 'Object Repository/JIRA/A Relese 6.6/ACTPOL-558/Datum Incident' is: 'Datum Incident'&#xD;
&#xD;
2019-09-24 18:19:58 - [MESSAGE][PASSED] - Text of object 'Object Repository/JIRA/A Relese 6.6/ACTPOL-558/Datum Incident' is: 'Datum Incident'&#xD;
&#xD;
2019-09-24 18:19:58 - [TEST_STEP][PASSED] - log.logInfo("Grid is shown contains columns mentioned ::" + datam): Grid is shown contains columns mentioned ::Datum Incident&#xD;
&#xD;
2019-09-24 18:19:58 - [MESSAGE][INFO] - Grid is shown contains columns mentioned ::Datum Incident&#xD;
&#xD;
2019-09-24 18:19:58 - [TEST_STEP][PASSED] - delay(1): Delayed 1 second(s)&#xD;
&#xD;
2019-09-24 18:19:59 - [MESSAGE][PASSED] - Delayed 1 second(s)&#xD;
&#xD;
2019-09-24 18:19:59 - [TEST_STEP][PASSED] - org = getText(findTestObject("JIRA/A Relese 6.6/ACTPOL-558/Organisatie")): Text of object 'Object Repository/JIRA/A Relese 6.6/ACTPOL-558/Organisatie' is: 'Organisatie'&#xD;
&#xD;
2019-09-24 18:19:59 - [MESSAGE][PASSED] - Text of object 'Object Repository/JIRA/A Relese 6.6/ACTPOL-558/Organisatie' is: 'Organisatie'&#xD;
&#xD;
2019-09-24 18:19:59 - [TEST_STEP][PASSED] - log.logInfo("Grid is shown contains columns mentioned ::" + org): Grid is shown contains columns mentioned ::Organisatie&#xD;
&#xD;
2019-09-24 18:19:59 - [MESSAGE][INFO] - Grid is shown contains columns mentioned ::Organisatie&#xD;
&#xD;
2019-09-24 18:19:59 - [TEST_STEP][PASSED] - delay(1): Delayed 1 second(s)&#xD;
&#xD;
2019-09-24 18:20:00 - [MESSAGE][PASSED] - Delayed 1 second(s)&#xD;
&#xD;
2019-09-24 18:20:00 - [TEST_STEP][PASSED] - voornaam = getText(findTestObject("JIRA/A Relese 6.6/ACTPOL-558/Voornaam")): Text of object 'Object Repository/JIRA/A Relese 6.6/ACTPOL-558/Voornaam' is: 'Voornaam'&#xD;
&#xD;
2019-09-24 18:20:00 - [MESSAGE][PASSED] - Text of object 'Object Repository/JIRA/A Relese 6.6/ACTPOL-558/Voornaam' is: 'Voornaam'&#xD;
&#xD;
2019-09-24 18:20:01 - [TEST_STEP][PASSED] - log.logInfo("Grid is shown contains columns mentioned ::" + voornaam): Grid is shown contains columns mentioned ::Voornaam&#xD;
&#xD;
2019-09-24 18:20:01 - [MESSAGE][INFO] - Grid is shown contains columns mentioned ::Voornaam&#xD;
&#xD;
2019-09-24 18:20:01 - [TEST_STEP][PASSED] - delay(1): Delayed 1 second(s)&#xD;
&#xD;
2019-09-24 18:20:02 - [MESSAGE][PASSED] - Delayed 1 second(s)&#xD;
&#xD;
2019-09-24 18:20:02 - [TEST_STEP][PASSED] - achternaam = getText(findTestObject("JIRA/A Relese 6.6/ACTPOL-558/Achternaam")): Text of object 'Object Repository/JIRA/A Relese 6.6/ACTPOL-558/Achternaam' is: 'Achternaam'&#xD;
&#xD;
2019-09-24 18:20:02 - [MESSAGE][PASSED] - Text of object 'Object Repository/JIRA/A Relese 6.6/ACTPOL-558/Achternaam' is: 'Achternaam'&#xD;
&#xD;
2019-09-24 18:20:02 - [TEST_STEP][PASSED] - log.logInfo("Grid is shown contains columns mentioned ::" + achternaam): Grid is shown contains columns mentioned ::Achternaam&#xD;
&#xD;
2019-09-24 18:20:02 - [MESSAGE][INFO] - Grid is shown contains columns mentioned ::Achternaam&#xD;
&#xD;
2019-09-24 18:20:02 - [TEST_STEP][PASSED] - delay(1): Delayed 1 second(s)&#xD;
&#xD;
2019-09-24 18:20:03 - [MESSAGE][PASSED] - Delayed 1 second(s)&#xD;
&#xD;
2019-09-24 18:20:03 - [TEST_STEP][PASSED] - geb = getText(findTestObject("JIRA/A Relese 6.6/ACTPOL-558/Geboortedatum")): Text of object 'Object Repository/JIRA/A Relese 6.6/ACTPOL-558/Geboortedatum' is: 'Geboortedatum'&#xD;
&#xD;
2019-09-24 18:20:03 - [MESSAGE][PASSED] - Text of object 'Object Repository/JIRA/A Relese 6.6/ACTPOL-558/Geboortedatum' is: 'Geboortedatum'&#xD;
&#xD;
2019-09-24 18:20:03 - [TEST_STEP][PASSED] - log.logInfo("Grid is shown contains columns mentioned ::" + geb): Grid is shown contains columns mentioned ::Geboortedatum&#xD;
&#xD;
2019-09-24 18:20:03 - [MESSAGE][INFO] - Grid is shown contains columns mentioned ::Geboortedatum&#xD;
&#xD;
2019-09-24 18:20:03 - [TEST_STEP][PASSED] - log.logInfo("MBES18 module a grid will shown in Arrestanten, with the Options Vrnummer, Datum incident, Organisatie,Voornaam, Achternaam and  Geboortedatum."): MBES18 module a grid will shown in Arrestanten, with the Options Vrnummer, Datum incident, Organisatie,Voornaam, Achternaam and  Geboortedatum.&#xD;
&#xD;
2019-09-24 18:20:03 - [MESSAGE][INFO] - MBES18 module a grid will shown in Arrestanten, with the Options Vrnummer, Datum incident, Organisatie,Voornaam, Achternaam and  Geboortedatum.</system-out>
            <system-err></system-err>
        </testcase>
        <testcase name="Test Cases/JIRA Tasks/Release 6.6/ACTPOL-559" classname="Test Cases/JIRA Tasks/Release 6.6/ACTPOL-559" status="PASSED">
            <system-out>2019-09-24 18:20:06 - [TEST_CASE][PASSED] - Test Cases/JIRA Tasks/Release 6.6/ACTPOL-559: Test Cases/JIRA Tasks/Release 6.6/ACTPOL-559&#xD;
&#xD;
2019-09-24 18:20:07 - [TEST_STEP][PASSED] - callTestCase(findTestCase("main/Actpol_Login_testenv"), [:], STOP_ON_FAILURE): Call Test Case 'Test Cases/main/Actpol_Login_testenv' successfully&#xD;
&#xD;
2019-09-24 18:20:07 - [TEST_CASE][PASSED] - Test Cases/main/Actpol_Login_testenv: Test Cases/main/Actpol_Login_testenv&#xD;
&#xD;
2019-09-24 18:20:07 - [TEST_STEP][PASSED] - openBrowser(""): Browser is opened with url: ''&#xD;
&#xD;
2019-09-24 18:20:07 - [MESSAGE][WARNING] - A browser is already opened. Closing browser and opening a new one&#xD;
&#xD;
2019-09-24 18:20:08 - [MESSAGE][INFO] - Starting 'Chrome' driver&#xD;
&#xD;
2019-09-24 18:20:10 - [MESSAGE][PASSED] - Browser is opened with url: ''&#xD;
&#xD;
2019-09-24 18:20:10 - [TEST_STEP][PASSED] - deleteAllCookies(): Delete all cookies successfully&#xD;
&#xD;
2019-09-24 18:20:10 - [MESSAGE][PASSED] - Delete all cookies successfully&#xD;
&#xD;
2019-09-24 18:20:10 - [TEST_STEP][PASSED] - waitForPageLoad(60): Wait for page load successfully&#xD;
&#xD;
2019-09-24 18:20:11 - [MESSAGE][PASSED] - Wait for page load successfully&#xD;
&#xD;
2019-09-24 18:20:11 - [TEST_STEP][PASSED] - maximizeWindow(): Current window maximized&#xD;
&#xD;
2019-09-24 18:20:12 - [MESSAGE][PASSED] - Current window maximized&#xD;
&#xD;
2019-09-24 18:20:12 - [TEST_STEP][PASSED] - ACTPOLTESTENV = 1: null&#xD;
&#xD;
2019-09-24 18:20:12 - [TEST_STEP][PASSED] - ACTPOLDEVENV = 2: null&#xD;
&#xD;
2019-09-24 18:20:12 - [TEST_STEP][PASSED] - ACTPOLKCENV = 3: null&#xD;
&#xD;
2019-09-24 18:20:12 - [TEST_STEP][PASSED] - ACTPOLKBKPCNENV = 4: null&#xD;
&#xD;
2019-09-24 18:20:12 - [TEST_STEP][PASSED] - ACTPOLKBKMARENV = 5: null&#xD;
&#xD;
2019-09-24 18:20:12 - [TEST_STEP][PASSED] - ACTPOLKMENV = 6: null&#xD;
&#xD;
2019-09-24 18:20:12 - [TEST_STEP][PASSED] - ACTPOLKWENV = 7: null&#xD;
&#xD;
2019-09-24 18:20:12 - [TEST_STEP][PASSED] - environment = ACTPOLTESTENV: null&#xD;
&#xD;
2019-09-24 18:20:12 - [TEST_STEP][PASSED] - Selectenv = &lt;not implemented yet for class: org.codehaus.groovy.ast.expr.EmptyExpression&gt;: null&#xD;
&#xD;
2019-09-24 18:20:12 - [TEST_STEP][PASSED] - switch (environment): null&#xD;
&#xD;
2019-09-24 18:20:12 - [TEST_STEP][PASSED] - case 1:: null&#xD;
&#xD;
2019-09-24 18:20:12 - [TEST_STEP][PASSED] - println(Selectenv = "ACTPOL-TEST-ENV"): null&#xD;
&#xD;
2019-09-24 18:20:12 - [TEST_STEP][PASSED] - navigateToUrl(TESTURL): Navigate to 'http://10.20.10.7:8185/actpoltst/nxmenu.pgm?docnum=551' successfully&#xD;
&#xD;
2019-09-24 18:20:23 - [MESSAGE][PASSED] - Navigate to 'http://10.20.10.7:8185/actpoltst/nxmenu.pgm?docnum=551' successfully&#xD;
&#xD;
2019-09-24 18:20:23 - [TEST_STEP][PASSED] - setText(findTestObject("Actpol_Scripts/login/userid"), username): Text 'vidhya' is set on object 'Object Repository/Actpol_Scripts/login/userid'&#xD;
&#xD;
2019-09-24 18:20:23 - [MESSAGE][PASSED] - Text 'vidhya' is set on object 'Object Repository/Actpol_Scripts/login/userid'&#xD;
&#xD;
2019-09-24 18:20:23 - [TEST_STEP][PASSED] - setMaskedText(findTestObject("Actpol_Scripts/login/password"), password): Text '********' is set on object 'Object Repository/Actpol_Scripts/login/password'&#xD;
&#xD;
2019-09-24 18:20:24 - [MESSAGE][PASSED] - Text '********' is set on object 'Object Repository/Actpol_Scripts/login/password'&#xD;
&#xD;
2019-09-24 18:20:24 - [TEST_STEP][PASSED] - click(findTestObject("Actpol_Scripts/login/login")): Object: 'Object Repository/Actpol_Scripts/login/login' is clicked on&#xD;
&#xD;
2019-09-24 18:20:24 - [MESSAGE][PASSED] - Object: 'Object Repository/Actpol_Scripts/login/login' is clicked on&#xD;
&#xD;
2019-09-24 18:20:24 - [TEST_STEP][PASSED] - getWindowTitle(): Current window's title is: 'Login Page for ACTPOL Test'&#xD;
&#xD;
2019-09-24 18:20:24 - [MESSAGE][PASSED] - Current window's title is: 'Login Page for ACTPOL Test'&#xD;
&#xD;
2019-09-24 18:20:24 - [TEST_STEP][PASSED] - delay(5): Delayed 5 second(s)&#xD;
&#xD;
2019-09-24 18:20:29 - [MESSAGE][PASSED] - Delayed 5 second(s)&#xD;
&#xD;
2019-09-24 18:20:29 - [TEST_STEP][PASSED] - break: null&#xD;
&#xD;
2019-09-24 18:20:29 - [MESSAGE][PASSED] - Call Test Case 'Test Cases/main/Actpol_Login_testenv' successfully&#xD;
&#xD;
2019-09-24 18:20:29 - [TEST_STEP][PASSED] - log = new com.kms.katalon.core.logging.KeywordLogger(): null&#xD;
&#xD;
2019-09-24 18:20:29 - [TEST_STEP][PASSED] - delay(6): Delayed 6 second(s)&#xD;
&#xD;
2019-09-24 18:20:35 - [MESSAGE][PASSED] - Delayed 6 second(s)&#xD;
&#xD;
2019-09-24 18:20:35 - [TEST_STEP][PASSED] - mouseOver(findTestObject("Actpol_Scripts/Menu navigation/Generiek/Generiek")): Object: 'Object Repository/Actpol_Scripts/Menu navigation/Generiek/Generiek' is hovered&#xD;
&#xD;
2019-09-24 18:20:36 - [MESSAGE][PASSED] - Object: 'Object Repository/Actpol_Scripts/Menu navigation/Generiek/Generiek' is hovered&#xD;
&#xD;
2019-09-24 18:20:36 - [TEST_STEP][PASSED] - log.logInfo("Successfully logged"): Successfully logged&#xD;
&#xD;
2019-09-24 18:20:36 - [MESSAGE][INFO] - Successfully logged&#xD;
&#xD;
2019-09-24 18:20:36 - [TEST_STEP][PASSED] - delay(4): Delayed 4 second(s)&#xD;
&#xD;
2019-09-24 18:20:40 - [MESSAGE][PASSED] - Delayed 4 second(s)&#xD;
&#xD;
2019-09-24 18:20:40 - [TEST_STEP][PASSED] - click(findTestObject("Actpol_Scripts/Opsporing/MBES18/MBES18 TAB")): Object: 'Object Repository/Actpol_Scripts/Opsporing/MBES18/MBES18 TAB' is clicked on&#xD;
&#xD;
2019-09-24 18:20:40 - [MESSAGE][PASSED] - Object: 'Object Repository/Actpol_Scripts/Opsporing/MBES18/MBES18 TAB' is clicked on&#xD;
&#xD;
2019-09-24 18:20:40 - [TEST_STEP][PASSED] - delay(2): Delayed 2 second(s)&#xD;
&#xD;
2019-09-24 18:20:42 - [MESSAGE][PASSED] - Delayed 2 second(s)&#xD;
&#xD;
2019-09-24 18:20:42 - [TEST_STEP][PASSED] - click(findTestObject("Actpol_Scripts/Opsporing/MBES18/MBES18 TAB"), OPTIONAL): Object: 'Object Repository/Actpol_Scripts/Opsporing/MBES18/MBES18 TAB' is clicked on&#xD;
&#xD;
2019-09-24 18:20:42 - [MESSAGE][PASSED] - Object: 'Object Repository/Actpol_Scripts/Opsporing/MBES18/MBES18 TAB' is clicked on&#xD;
&#xD;
2019-09-24 18:20:42 - [TEST_STEP][PASSED] - log.logInfo("Clicking MBES18 tab "): Clicking MBES18 tab &#xD;
&#xD;
2019-09-24 18:20:42 - [MESSAGE][INFO] - Clicking MBES18 tab &#xD;
&#xD;
2019-09-24 18:20:42 - [TEST_STEP][PASSED] - delay(1): Delayed 1 second(s)&#xD;
&#xD;
2019-09-24 18:20:43 - [MESSAGE][PASSED] - Delayed 1 second(s)&#xD;
&#xD;
2019-09-24 18:20:43 - [TEST_STEP][PASSED] - delay(5): Delayed 5 second(s)&#xD;
&#xD;
2019-09-24 18:20:48 - [MESSAGE][PASSED] - Delayed 5 second(s)&#xD;
&#xD;
2019-09-24 18:20:48 - [TEST_STEP][PASSED] - click(findTestObject("Actpol_Scripts/Opsporing/MBES18/mbes new")): Object: 'Object Repository/Actpol_Scripts/Opsporing/MBES18/mbes new' is clicked on&#xD;
&#xD;
2019-09-24 18:20:49 - [MESSAGE][PASSED] - Object: 'Object Repository/Actpol_Scripts/Opsporing/MBES18/mbes new' is clicked on&#xD;
&#xD;
2019-09-24 18:20:49 - [TEST_STEP][PASSED] - log.logInfo("Clicking MBES18 new button "): Clicking MBES18 new button &#xD;
&#xD;
2019-09-24 18:20:49 - [MESSAGE][INFO] - Clicking MBES18 new button &#xD;
&#xD;
2019-09-24 18:20:49 - [TEST_STEP][PASSED] - delay(1): Delayed 1 second(s)&#xD;
&#xD;
2019-09-24 18:20:50 - [MESSAGE][PASSED] - Delayed 1 second(s)&#xD;
&#xD;
2019-09-24 18:20:50 - [TEST_STEP][PASSED] - takeScreenshot(): Taking screenshot successfully&#xD;
&#xD;
2019-09-24 18:20:51 - [MESSAGE][PASSED] - Taking screenshot successfully&#xD;
[[ATTACHMENT|C:\\Users\\user4\\git\\ACTPOL\\Reports\\20190924_181828\\Release 6.6\\MBES18 ALL\\20190924_181828\\1569329450603.png]]&#xD;
&#xD;
2019-09-24 18:20:51 - [TEST_STEP][PASSED] - delay(1): Delayed 1 second(s)&#xD;
&#xD;
2019-09-24 18:20:52 - [MESSAGE][PASSED] - Delayed 1 second(s)&#xD;
&#xD;
2019-09-24 18:20:52 - [TEST_STEP][PASSED] - comment("Checking This should contain tab registratie, Personalia, Inbewaringstellings c.q. Plaatsingegevens, Gedrag/Medisch, Incidenten, Overige gegevens, Bezittingen/Bagage, Documenten. "): Checking This should contain tab registratie, Personalia, Inbewaringstellings c.q. Plaatsingegevens, Gedrag/Medisch, Incidenten, Overige gegevens, Bezittingen/Bagage, Documenten. &#xD;
&#xD;
2019-09-24 18:20:52 - [MESSAGE][INFO] - Checking This should contain tab registratie, Personalia, Inbewaringstellings c.q. Plaatsingegevens, Gedrag/Medisch, Incidenten, Overige gegevens, Bezittingen/Bagage, Documenten. &#xD;
&#xD;
2019-09-24 18:20:52 - [TEST_STEP][PASSED] - reg = getText(findTestObject("Actpol_Scripts/Opsporing/MBES18/Registratie tab")): Text of object 'Object Repository/Actpol_Scripts/Opsporing/MBES18/Registratie tab' is: 'Registratie'&#xD;
&#xD;
2019-09-24 18:20:52 - [MESSAGE][PASSED] - Text of object 'Object Repository/Actpol_Scripts/Opsporing/MBES18/Registratie tab' is: 'Registratie'&#xD;
&#xD;
2019-09-24 18:20:52 - [TEST_STEP][PASSED] - log.logInfo("Grid is shown contains tabs mentioned ::" + reg): Grid is shown contains tabs mentioned ::Registratie&#xD;
&#xD;
2019-09-24 18:20:52 - [MESSAGE][INFO] - Grid is shown contains tabs mentioned ::Registratie&#xD;
&#xD;
2019-09-24 18:20:52 - [TEST_STEP][PASSED] - delay(1): Delayed 1 second(s)&#xD;
&#xD;
2019-09-24 18:20:53 - [MESSAGE][PASSED] - Delayed 1 second(s)&#xD;
&#xD;
2019-09-24 18:20:53 - [TEST_STEP][PASSED] - per = getText(findTestObject("Actpol_Scripts/Opsporing/MBES18/Personalia tab")): Text of object 'Object Repository/Actpol_Scripts/Opsporing/MBES18/Personalia tab' is: 'Personalia'&#xD;
&#xD;
2019-09-24 18:20:54 - [MESSAGE][PASSED] - Text of object 'Object Repository/Actpol_Scripts/Opsporing/MBES18/Personalia tab' is: 'Personalia'&#xD;
&#xD;
2019-09-24 18:20:54 - [TEST_STEP][PASSED] - log.logInfo("Grid is shown contains columns mentioned ::" + per): Grid is shown contains columns mentioned ::Personalia&#xD;
&#xD;
2019-09-24 18:20:54 - [MESSAGE][INFO] - Grid is shown contains columns mentioned ::Personalia&#xD;
&#xD;
2019-09-24 18:20:54 - [TEST_STEP][PASSED] - delay(1): Delayed 1 second(s)&#xD;
&#xD;
2019-09-24 18:20:55 - [MESSAGE][PASSED] - Delayed 1 second(s)&#xD;
&#xD;
2019-09-24 18:20:55 - [TEST_STEP][PASSED] - inb = getText(findTestObject("Actpol_Scripts/Opsporing/MBES18/3 INBEWARINGSTELLINGS_C.Q._PLAATSINGSGEGEVENS/INBEWARINGSTELLINGS C.Q. PLAATSINGSGEGEVENS tab")): Text of object 'Object Repository/Actpol_Scripts/Opsporing/MBES18/3 INBEWARINGSTELLINGS_C.Q._PLAATSINGSGEGEVENS/INBEWARINGSTELLINGS C.Q. PLAATSINGSGEGEVENS tab' is: 'INBEWARINGSTELLINGS C.Q. PLAATSINGSGEGEVENS'&#xD;
&#xD;
2019-09-24 18:20:55 - [MESSAGE][PASSED] - Text of object 'Object Repository/Actpol_Scripts/Opsporing/MBES18/3 INBEWARINGSTELLINGS_C.Q._PLAATSINGSGEGEVENS/INBEWARINGSTELLINGS C.Q. PLAATSINGSGEGEVENS tab' is: 'INBEWARINGSTELLINGS C.Q. PLAATSINGSGEGEVENS'&#xD;
&#xD;
2019-09-24 18:20:55 - [TEST_STEP][PASSED] - log.logInfo("Grid is shown contains columns mentioned ::" + inb): Grid is shown contains columns mentioned ::INBEWARINGSTELLINGS C.Q. PLAATSINGSGEGEVENS&#xD;
&#xD;
2019-09-24 18:20:55 - [MESSAGE][INFO] - Grid is shown contains columns mentioned ::INBEWARINGSTELLINGS C.Q. PLAATSINGSGEGEVENS&#xD;
&#xD;
2019-09-24 18:20:55 - [TEST_STEP][PASSED] - delay(1): Delayed 1 second(s)&#xD;
&#xD;
2019-09-24 18:20:56 - [MESSAGE][PASSED] - Delayed 1 second(s)&#xD;
&#xD;
2019-09-24 18:20:56 - [TEST_STEP][PASSED] - ged = getText(findTestObject("Actpol_Scripts/Opsporing/MBES18/4 GEDRAG_MEDISCH/GEDRAG MEDISCH tab")): Text of object 'Object Repository/Actpol_Scripts/Opsporing/MBES18/4 GEDRAG_MEDISCH/GEDRAG MEDISCH tab' is: 'GEDRAG/MEDISCH'&#xD;
&#xD;
2019-09-24 18:20:56 - [MESSAGE][PASSED] - Text of object 'Object Repository/Actpol_Scripts/Opsporing/MBES18/4 GEDRAG_MEDISCH/GEDRAG MEDISCH tab' is: 'GEDRAG/MEDISCH'&#xD;
&#xD;
2019-09-24 18:20:56 - [TEST_STEP][PASSED] - log.logInfo("Grid is shown contains columns mentioned ::" + ged): Grid is shown contains columns mentioned ::GEDRAG/MEDISCH&#xD;
&#xD;
2019-09-24 18:20:56 - [MESSAGE][INFO] - Grid is shown contains columns mentioned ::GEDRAG/MEDISCH&#xD;
&#xD;
2019-09-24 18:20:56 - [TEST_STEP][PASSED] - delay(1): Delayed 1 second(s)&#xD;
&#xD;
2019-09-24 18:20:57 - [MESSAGE][PASSED] - Delayed 1 second(s)&#xD;
&#xD;
2019-09-24 18:20:57 - [TEST_STEP][PASSED] - inc = getText(findTestObject("Actpol_Scripts/Opsporing/MBES18/5 INCIDENTEN/INCIDENTEN tab")): Text of object 'Object Repository/Actpol_Scripts/Opsporing/MBES18/5 INCIDENTEN/INCIDENTEN tab' is: 'INCIDENTEN'&#xD;
&#xD;
2019-09-24 18:20:58 - [MESSAGE][PASSED] - Text of object 'Object Repository/Actpol_Scripts/Opsporing/MBES18/5 INCIDENTEN/INCIDENTEN tab' is: 'INCIDENTEN'&#xD;
&#xD;
2019-09-24 18:20:58 - [TEST_STEP][PASSED] - log.logInfo("Grid is shown contains columns mentioned ::" + inc): Grid is shown contains columns mentioned ::INCIDENTEN&#xD;
&#xD;
2019-09-24 18:20:58 - [MESSAGE][INFO] - Grid is shown contains columns mentioned ::INCIDENTEN&#xD;
&#xD;
2019-09-24 18:20:58 - [TEST_STEP][PASSED] - delay(1): Delayed 1 second(s)&#xD;
&#xD;
2019-09-24 18:20:59 - [MESSAGE][PASSED] - Delayed 1 second(s)&#xD;
&#xD;
2019-09-24 18:20:59 - [TEST_STEP][PASSED] - over = getText(findTestObject("Actpol_Scripts/Opsporing/MBES18/6 Overige gegevens/OVERIGE GEGEVENS tab")): Text of object 'Object Repository/Actpol_Scripts/Opsporing/MBES18/6 Overige gegevens/OVERIGE GEGEVENS tab' is: 'OVERIGE GEGEVENS'&#xD;
&#xD;
2019-09-24 18:20:59 - [MESSAGE][PASSED] - Text of object 'Object Repository/Actpol_Scripts/Opsporing/MBES18/6 Overige gegevens/OVERIGE GEGEVENS tab' is: 'OVERIGE GEGEVENS'&#xD;
&#xD;
2019-09-24 18:20:59 - [TEST_STEP][PASSED] - log.logInfo("Grid is shown contains columns mentioned ::" + over): Grid is shown contains columns mentioned ::OVERIGE GEGEVENS&#xD;
&#xD;
2019-09-24 18:20:59 - [MESSAGE][INFO] - Grid is shown contains columns mentioned ::OVERIGE GEGEVENS&#xD;
&#xD;
2019-09-24 18:20:59 - [TEST_STEP][PASSED] - delay(1): Delayed 1 second(s)&#xD;
&#xD;
2019-09-24 18:21:00 - [MESSAGE][PASSED] - Delayed 1 second(s)&#xD;
&#xD;
2019-09-24 18:21:00 - [TEST_STEP][PASSED] - begi = getText(findTestObject("Actpol_Scripts/Opsporing/MBES18/7 BEZITTINGEN_BAGAGE/BEZITTINGEN_BAGAGE tab")): Text of object 'Object Repository/Actpol_Scripts/Opsporing/MBES18/7 BEZITTINGEN_BAGAGE/BEZITTINGEN_BAGAGE tab' is: 'BEZITTINGEN/BAGAGE'&#xD;
&#xD;
2019-09-24 18:21:01 - [MESSAGE][PASSED] - Text of object 'Object Repository/Actpol_Scripts/Opsporing/MBES18/7 BEZITTINGEN_BAGAGE/BEZITTINGEN_BAGAGE tab' is: 'BEZITTINGEN/BAGAGE'&#xD;
&#xD;
2019-09-24 18:21:01 - [TEST_STEP][PASSED] - log.logInfo("Grid is shown contains columns mentioned ::" + begi): Grid is shown contains columns mentioned ::BEZITTINGEN/BAGAGE&#xD;
&#xD;
2019-09-24 18:21:01 - [MESSAGE][INFO] - Grid is shown contains columns mentioned ::BEZITTINGEN/BAGAGE&#xD;
&#xD;
2019-09-24 18:21:01 - [TEST_STEP][PASSED] - delay(1): Delayed 1 second(s)&#xD;
&#xD;
2019-09-24 18:21:02 - [MESSAGE][PASSED] - Delayed 1 second(s)&#xD;
&#xD;
2019-09-24 18:21:02 - [TEST_STEP][PASSED] - comment("Data entering in Registratie tab"): Data entering in Registratie tab&#xD;
&#xD;
2019-09-24 18:21:02 - [MESSAGE][INFO] - Data entering in Registratie tab&#xD;
&#xD;
2019-09-24 18:21:02 - [TEST_STEP][PASSED] - delay(1): Delayed 1 second(s)&#xD;
&#xD;
2019-09-24 18:21:03 - [MESSAGE][PASSED] - Delayed 1 second(s)&#xD;
&#xD;
2019-09-24 18:21:03 - [TEST_STEP][PASSED] - click(findTestObject("Actpol_Scripts/Opsporing/MBES18/Registratie new")): Object: 'Object Repository/Actpol_Scripts/Opsporing/MBES18/Registratie new' is clicked on&#xD;
&#xD;
2019-09-24 18:21:03 - [MESSAGE][PASSED] - Object: 'Object Repository/Actpol_Scripts/Opsporing/MBES18/Registratie new' is clicked on&#xD;
&#xD;
2019-09-24 18:21:03 - [TEST_STEP][NOT_RUN] - delay(1): NOT_RUN: delay(1)&#xD;
&#xD;
2019-09-24 18:21:03 - [MESSAGE][NOT_RUN] - NOT_RUN: delay(1)&#xD;
&#xD;
2019-09-24 18:21:03 - [TEST_STEP][NOT_RUN] - click(findTestObject("Actpol_Scripts/Opsporing/MBES18/1 Registratie/Registratie save")): NOT_RUN: click(findTestObject("Actpol_Scripts/Opsporing/MBES18/1 Registratie/Registratie save"))&#xD;
&#xD;
2019-09-24 18:21:03 - [MESSAGE][NOT_RUN] - NOT_RUN: click(findTestObject("Actpol_Scripts/Opsporing/MBES18/1 Registratie/Registratie save"))&#xD;
&#xD;
2019-09-24 18:21:03 - [TEST_STEP][NOT_RUN] - delay(1): NOT_RUN: delay(1)&#xD;
&#xD;
2019-09-24 18:21:03 - [MESSAGE][NOT_RUN] - NOT_RUN: delay(1)&#xD;
&#xD;
2019-09-24 18:21:03 - [TEST_STEP][NOT_RUN] - getAlertText(): NOT_RUN: getAlertText()&#xD;
&#xD;
2019-09-24 18:21:03 - [MESSAGE][NOT_RUN] - NOT_RUN: getAlertText()&#xD;
&#xD;
2019-09-24 18:21:03 - [TEST_STEP][NOT_RUN] - delay(1): NOT_RUN: delay(1)&#xD;
&#xD;
2019-09-24 18:21:03 - [MESSAGE][NOT_RUN] - NOT_RUN: delay(1)&#xD;
&#xD;
2019-09-24 18:21:03 - [TEST_STEP][NOT_RUN] - acceptAlert(): NOT_RUN: acceptAlert()&#xD;
&#xD;
2019-09-24 18:21:03 - [MESSAGE][NOT_RUN] - NOT_RUN: acceptAlert()&#xD;
&#xD;
2019-09-24 18:21:03 - [TEST_STEP][NOT_RUN] - delay(3): NOT_RUN: delay(3)&#xD;
&#xD;
2019-09-24 18:21:03 - [MESSAGE][NOT_RUN] - NOT_RUN: delay(3)&#xD;
&#xD;
2019-09-24 18:21:03 - [TEST_STEP][NOT_RUN] - takeScreenshot(): NOT_RUN: takeScreenshot()&#xD;
&#xD;
2019-09-24 18:21:03 - [MESSAGE][NOT_RUN] - NOT_RUN: takeScreenshot()&#xD;
&#xD;
2019-09-24 18:21:03 - [TEST_STEP][NOT_RUN] - log.logInfo("without throwing error data is saved the grid..."): NOT_RUN: log.logInfo("without throwing error data is saved the grid...")&#xD;
&#xD;
2019-09-24 18:21:03 - [MESSAGE][NOT_RUN] - NOT_RUN: log.logInfo("without throwing error data is saved the grid...")&#xD;
&#xD;
2019-09-24 18:21:03 - [TEST_STEP][NOT_RUN] - log.logInfo("not getting error message"): NOT_RUN: log.logInfo("not getting error message")&#xD;
&#xD;
2019-09-24 18:21:03 - [MESSAGE][NOT_RUN] - NOT_RUN: log.logInfo("not getting error message")&#xD;
&#xD;
2019-09-24 18:21:03 - [TEST_STEP][NOT_RUN] - click(findTestObject("Actpol_Scripts/Opsporing/MBES18/Registratie new")): NOT_RUN: click(findTestObject("Actpol_Scripts/Opsporing/MBES18/Registratie new"))&#xD;
&#xD;
2019-09-24 18:21:03 - [MESSAGE][NOT_RUN] - NOT_RUN: click(findTestObject("Actpol_Scripts/Opsporing/MBES18/Registratie new"))&#xD;
&#xD;
2019-09-24 18:21:03 - [TEST_STEP][PASSED] - delay(1): Delayed 1 second(s)&#xD;
&#xD;
2019-09-24 18:21:04 - [MESSAGE][PASSED] - Delayed 1 second(s)&#xD;
&#xD;
2019-09-24 18:21:04 - [TEST_STEP][NOT_RUN] - selectOptionByValue(findTestObject("Object Repository/temp/Page_ACTPOL Test/select_KORPS POLITIE CURACAOOPENBARE MINISTERIEAMBULANCESKSBRANDWEER"), "1", true): NOT_RUN: selectOptionByValue(findTestObject("Object Repository/temp/Page_ACTPOL Test/select_KORPS POLITIE CURACAOOPENBARE MINISTERIEAMBULANCESKSBRANDWEER"), "1", true)&#xD;
&#xD;
2019-09-24 18:21:04 - [MESSAGE][NOT_RUN] - NOT_RUN: selectOptionByValue(findTestObject("Object Repository/temp/Page_ACTPOL Test/select_KORPS POLITIE CURACAOOPENBARE MINISTERIEAMBULANCESKSBRANDWEER"), "1", true)&#xD;
&#xD;
2019-09-24 18:21:04 - [TEST_STEP][PASSED] - selectOptionByLabel(findTestObject("Actpol_Scripts/Opsporing/MBES18/1 Registratie/Registratie van 1"), "KORPS POLITIE CURACAO", false): All options with label 'KORPS POLITIE CURACAO' are selected in object 'Object Repository/Actpol_Scripts/Opsporing/MBES18/1 Registratie/Registratie van 1' &#xD;
&#xD;
2019-09-24 18:21:05 - [MESSAGE][PASSED] - All options with label 'KORPS POLITIE CURACAO' are selected in object 'Object Repository/Actpol_Scripts/Opsporing/MBES18/1 Registratie/Registratie van 1' &#xD;
&#xD;
2019-09-24 18:21:05 - [TEST_STEP][PASSED] - delay(1): Delayed 1 second(s)&#xD;
&#xD;
2019-09-24 18:21:06 - [MESSAGE][PASSED] - Delayed 1 second(s)&#xD;
&#xD;
2019-09-24 18:21:06 - [TEST_STEP][PASSED] - selectOptionByLabel(findTestObject("Actpol_Scripts/Opsporing/MBES18/1 Registratie/Registratie Naar 1"), "OPENBARE MINISTERIE", false): All options with label 'OPENBARE MINISTERIE' are selected in object 'Object Repository/Actpol_Scripts/Opsporing/MBES18/1 Registratie/Registratie Naar 1' &#xD;
&#xD;
2019-09-24 18:21:06 - [MESSAGE][PASSED] - All options with label 'OPENBARE MINISTERIE' are selected in object 'Object Repository/Actpol_Scripts/Opsporing/MBES18/1 Registratie/Registratie Naar 1' &#xD;
&#xD;
2019-09-24 18:21:06 - [TEST_STEP][PASSED] - delay(1): Delayed 1 second(s)&#xD;
&#xD;
2019-09-24 18:21:07 - [MESSAGE][PASSED] - Delayed 1 second(s)&#xD;
&#xD;
2019-09-24 18:21:07 - [TEST_STEP][PASSED] - selectOptionByLabel(findTestObject("Actpol_Scripts/Opsporing/MBES18/1 Registratie/Registratie van 2"), "AMBULANCE", false): All options with label 'AMBULANCE' are selected in object 'Object Repository/Actpol_Scripts/Opsporing/MBES18/1 Registratie/Registratie van 2' &#xD;
&#xD;
2019-09-24 18:21:08 - [MESSAGE][PASSED] - All options with label 'AMBULANCE' are selected in object 'Object Repository/Actpol_Scripts/Opsporing/MBES18/1 Registratie/Registratie van 2' &#xD;
&#xD;
2019-09-24 18:21:08 - [TEST_STEP][PASSED] - delay(1): Delayed 1 second(s)&#xD;
&#xD;
2019-09-24 18:21:09 - [MESSAGE][PASSED] - Delayed 1 second(s)&#xD;
&#xD;
2019-09-24 18:21:09 - [TEST_STEP][PASSED] - selectOptionByLabel(findTestObject("Actpol_Scripts/Opsporing/MBES18/1 Registratie/Registratie Naar 2"), "SKS", false): All options with label 'SKS' are selected in object 'Object Repository/Actpol_Scripts/Opsporing/MBES18/1 Registratie/Registratie Naar 2' &#xD;
&#xD;
2019-09-24 18:21:09 - [MESSAGE][PASSED] - All options with label 'SKS' are selected in object 'Object Repository/Actpol_Scripts/Opsporing/MBES18/1 Registratie/Registratie Naar 2' &#xD;
&#xD;
2019-09-24 18:21:10 - [TEST_STEP][PASSED] - delay(1): Delayed 1 second(s)&#xD;
&#xD;
2019-09-24 18:21:11 - [MESSAGE][PASSED] - Delayed 1 second(s)&#xD;
&#xD;
2019-09-24 18:21:11 - [TEST_STEP][PASSED] - setText(findTestObject("Actpol_Scripts/Opsporing/MBES18/1 Registratie/Behandeld door"), "Katalon testing :: Behandeld door"): Text 'Katalon testing :: Behandeld door' is set on object 'Object Repository/Actpol_Scripts/Opsporing/MBES18/1 Registratie/Behandeld door'&#xD;
&#xD;
2019-09-24 18:21:12 - [MESSAGE][PASSED] - Text 'Katalon testing :: Behandeld door' is set on object 'Object Repository/Actpol_Scripts/Opsporing/MBES18/1 Registratie/Behandeld door'&#xD;
&#xD;
2019-09-24 18:21:12 - [TEST_STEP][PASSED] - delay(1): Delayed 1 second(s)&#xD;
&#xD;
2019-09-24 18:21:13 - [MESSAGE][PASSED] - Delayed 1 second(s)&#xD;
&#xD;
2019-09-24 18:21:13 - [TEST_STEP][PASSED] - setText(findTestObject("Actpol_Scripts/Opsporing/MBES18/1 Registratie/Telefoon"), "123456789"): Text '123456789' is set on object 'Object Repository/Actpol_Scripts/Opsporing/MBES18/1 Registratie/Telefoon'&#xD;
&#xD;
2019-09-24 18:21:14 - [MESSAGE][PASSED] - Text '123456789' is set on object 'Object Repository/Actpol_Scripts/Opsporing/MBES18/1 Registratie/Telefoon'&#xD;
&#xD;
2019-09-24 18:21:14 - [TEST_STEP][PASSED] - delay(1): Delayed 1 second(s)&#xD;
&#xD;
2019-09-24 18:21:15 - [MESSAGE][PASSED] - Delayed 1 second(s)&#xD;
&#xD;
2019-09-24 18:21:15 - [TEST_STEP][PASSED] - setText(findTestObject("Actpol_Scripts/Opsporing/MBES18/1 Registratie/E-Mail"), "test@gmail.com"): Text 'test@gmail.com' is set on object 'Object Repository/Actpol_Scripts/Opsporing/MBES18/1 Registratie/E-Mail'&#xD;
&#xD;
2019-09-24 18:21:16 - [MESSAGE][PASSED] - Text 'test@gmail.com' is set on object 'Object Repository/Actpol_Scripts/Opsporing/MBES18/1 Registratie/E-Mail'&#xD;
&#xD;
2019-09-24 18:21:16 - [TEST_STEP][PASSED] - delay(1): Delayed 1 second(s)&#xD;
&#xD;
2019-09-24 18:21:17 - [MESSAGE][PASSED] - Delayed 1 second(s)&#xD;
&#xD;
2019-09-24 18:21:17 - [TEST_STEP][NOT_RUN] - setMaskedText(findTestObject("Actpol_Scripts/Opsporing/MBES18/1 Registratie/Datum"), "23"): NOT_RUN: setMaskedText(findTestObject("Actpol_Scripts/Opsporing/MBES18/1 Registratie/Datum"), "23")&#xD;
&#xD;
2019-09-24 18:21:17 - [MESSAGE][NOT_RUN] - NOT_RUN: setMaskedText(findTestObject("Actpol_Scripts/Opsporing/MBES18/1 Registratie/Datum"), "23")&#xD;
&#xD;
2019-09-24 18:21:17 - [TEST_STEP][PASSED] - click(findTestObject("Actpol_Scripts/Opsporing/MBES18/1 Registratie/Datum calendar icon")): Object: 'Object Repository/Actpol_Scripts/Opsporing/MBES18/1 Registratie/Datum calendar icon' is clicked on&#xD;
&#xD;
2019-09-24 18:21:17 - [MESSAGE][PASSED] - Object: 'Object Repository/Actpol_Scripts/Opsporing/MBES18/1 Registratie/Datum calendar icon' is clicked on&#xD;
&#xD;
2019-09-24 18:21:17 - [TEST_STEP][PASSED] - delay(2): Delayed 2 second(s)&#xD;
&#xD;
2019-09-24 18:21:19 - [MESSAGE][PASSED] - Delayed 2 second(s)&#xD;
&#xD;
2019-09-24 18:21:19 - [TEST_STEP][PASSED] - selectOptionByLabel(findTestObject("Actpol_Scripts/Monthyear/Rightmonth"), "sep", false): All options with label 'sep' are selected in object 'Object Repository/Actpol_Scripts/Monthyear/Rightmonth' &#xD;
&#xD;
2019-09-24 18:21:20 - [MESSAGE][PASSED] - All options with label 'sep' are selected in object 'Object Repository/Actpol_Scripts/Monthyear/Rightmonth' &#xD;
&#xD;
2019-09-24 18:21:20 - [TEST_STEP][PASSED] - delay(1): Delayed 1 second(s)&#xD;
&#xD;
2019-09-24 18:21:21 - [MESSAGE][PASSED] - Delayed 1 second(s)&#xD;
&#xD;
2019-09-24 18:21:21 - [TEST_STEP][PASSED] - selectOptionByLabel(findTestObject("Actpol_Scripts/Monthyear/Rightyear"), "2019", false): All options with label '2019' are selected in object 'Object Repository/Actpol_Scripts/Monthyear/Rightyear' &#xD;
&#xD;
2019-09-24 18:21:21 - [MESSAGE][PASSED] - All options with label '2019' are selected in object 'Object Repository/Actpol_Scripts/Monthyear/Rightyear' &#xD;
&#xD;
2019-09-24 18:21:21 - [TEST_STEP][PASSED] - delay(1): Delayed 1 second(s)&#xD;
&#xD;
2019-09-24 18:21:22 - [MESSAGE][PASSED] - Delayed 1 second(s)&#xD;
&#xD;
2019-09-24 18:21:22 - [TEST_STEP][PASSED] - click(findTestObject("Actpol_Scripts/Date/16th right frame")): Object: 'Object Repository/Actpol_Scripts/Date/16th right frame' is clicked on&#xD;
&#xD;
2019-09-24 18:21:23 - [MESSAGE][PASSED] - Object: 'Object Repository/Actpol_Scripts/Date/16th right frame' is clicked on&#xD;
&#xD;
2019-09-24 18:21:23 - [TEST_STEP][PASSED] - delay(1): Delayed 1 second(s)&#xD;
&#xD;
2019-09-24 18:21:24 - [MESSAGE][PASSED] - Delayed 1 second(s)&#xD;
&#xD;
2019-09-24 18:21:24 - [TEST_STEP][PASSED] - click(findTestObject("Actpol_Scripts/Opsporing/MBES18/1 Registratie/Registratie save")): Object: 'Object Repository/Actpol_Scripts/Opsporing/MBES18/1 Registratie/Registratie save' is clicked on&#xD;
&#xD;
2019-09-24 18:21:24 - [MESSAGE][PASSED] - Object: 'Object Repository/Actpol_Scripts/Opsporing/MBES18/1 Registratie/Registratie save' is clicked on&#xD;
&#xD;
2019-09-24 18:21:24 - [TEST_STEP][PASSED] - delay(1): Delayed 1 second(s)&#xD;
&#xD;
2019-09-24 18:21:25 - [MESSAGE][PASSED] - Delayed 1 second(s)&#xD;
&#xD;
2019-09-24 18:21:25 - [TEST_STEP][PASSED] - takeScreenshot(): Taking screenshot successfully&#xD;
&#xD;
2019-09-24 18:21:26 - [MESSAGE][PASSED] - Taking screenshot successfully&#xD;
[[ATTACHMENT|C:\\Users\\user4\\git\\ACTPOL\\Reports\\20190924_181828\\Release 6.6\\MBES18 ALL\\20190924_181828\\1569329485992.png]]&#xD;
&#xD;
2019-09-24 18:21:26 - [TEST_STEP][PASSED] - delay(1): Delayed 1 second(s)&#xD;
&#xD;
2019-09-24 18:21:27 - [MESSAGE][PASSED] - Delayed 1 second(s)&#xD;
&#xD;
2019-09-24 18:21:27 - [TEST_STEP][PASSED] - comment("Editing existing record in Registratie"): Editing existing record in Registratie&#xD;
&#xD;
2019-09-24 18:21:27 - [MESSAGE][INFO] - Editing existing record in Registratie&#xD;
&#xD;
2019-09-24 18:21:27 - [TEST_STEP][PASSED] - click(findTestObject("JIRA/A Relese 6.6/ACTPOL-559/edit existing record in registratie")): Object: 'Object Repository/JIRA/A Relese 6.6/ACTPOL-559/edit existing record in registratie' is clicked on&#xD;
&#xD;
2019-09-24 18:21:28 - [MESSAGE][PASSED] - Object: 'Object Repository/JIRA/A Relese 6.6/ACTPOL-559/edit existing record in registratie' is clicked on&#xD;
&#xD;
2019-09-24 18:21:28 - [TEST_STEP][PASSED] - delay(2): Delayed 2 second(s)&#xD;
&#xD;
2019-09-24 18:21:30 - [MESSAGE][PASSED] - Delayed 2 second(s)&#xD;
&#xD;
2019-09-24 18:21:30 - [TEST_STEP][PASSED] - selectOptionByLabel(findTestObject("Actpol_Scripts/Opsporing/MBES18/1 Registratie/Registratie van 1"), "KORPS POLITIE CURACAO", false): All options with label 'KORPS POLITIE CURACAO' are selected in object 'Object Repository/Actpol_Scripts/Opsporing/MBES18/1 Registratie/Registratie van 1' &#xD;
&#xD;
2019-09-24 18:21:30 - [MESSAGE][PASSED] - All options with label 'KORPS POLITIE CURACAO' are selected in object 'Object Repository/Actpol_Scripts/Opsporing/MBES18/1 Registratie/Registratie van 1' &#xD;
&#xD;
2019-09-24 18:21:30 - [TEST_STEP][PASSED] - delay(1): Delayed 1 second(s)&#xD;
&#xD;
2019-09-24 18:21:31 - [MESSAGE][PASSED] - Delayed 1 second(s)&#xD;
&#xD;
2019-09-24 18:21:31 - [TEST_STEP][PASSED] - selectOptionByLabel(findTestObject("Actpol_Scripts/Opsporing/MBES18/1 Registratie/Registratie Naar 1"), "OPENBARE MINISTERIE", false): All options with label 'OPENBARE MINISTERIE' are selected in object 'Object Repository/Actpol_Scripts/Opsporing/MBES18/1 Registratie/Registratie Naar 1' &#xD;
&#xD;
2019-09-24 18:21:32 - [MESSAGE][PASSED] - All options with label 'OPENBARE MINISTERIE' are selected in object 'Object Repository/Actpol_Scripts/Opsporing/MBES18/1 Registratie/Registratie Naar 1' &#xD;
&#xD;
2019-09-24 18:21:32 - [TEST_STEP][PASSED] - delay(1): Delayed 1 second(s)&#xD;
&#xD;
2019-09-24 18:21:33 - [MESSAGE][PASSED] - Delayed 1 second(s)&#xD;
&#xD;
2019-09-24 18:21:33 - [TEST_STEP][PASSED] - selectOptionByLabel(findTestObject("Actpol_Scripts/Opsporing/MBES18/1 Registratie/Registratie van 2"), "AMBULANCE", false): All options with label 'AMBULANCE' are selected in object 'Object Repository/Actpol_Scripts/Opsporing/MBES18/1 Registratie/Registratie van 2' &#xD;
&#xD;
2019-09-24 18:21:33 - [MESSAGE][PASSED] - All options with label 'AMBULANCE' are selected in object 'Object Repository/Actpol_Scripts/Opsporing/MBES18/1 Registratie/Registratie van 2' &#xD;
&#xD;
2019-09-24 18:21:33 - [TEST_STEP][PASSED] - delay(1): Delayed 1 second(s)&#xD;
&#xD;
2019-09-24 18:21:34 - [MESSAGE][PASSED] - Delayed 1 second(s)&#xD;
&#xD;
2019-09-24 18:21:34 - [TEST_STEP][PASSED] - selectOptionByLabel(findTestObject("Actpol_Scripts/Opsporing/MBES18/1 Registratie/Registratie Naar 2"), "SKS", false): All options with label 'SKS' are selected in object 'Object Repository/Actpol_Scripts/Opsporing/MBES18/1 Registratie/Registratie Naar 2' &#xD;
&#xD;
2019-09-24 18:21:34 - [MESSAGE][PASSED] - All options with label 'SKS' are selected in object 'Object Repository/Actpol_Scripts/Opsporing/MBES18/1 Registratie/Registratie Naar 2' &#xD;
&#xD;
2019-09-24 18:21:34 - [TEST_STEP][PASSED] - delay(1): Delayed 1 second(s)&#xD;
&#xD;
2019-09-24 18:21:35 - [MESSAGE][PASSED] - Delayed 1 second(s)&#xD;
&#xD;
2019-09-24 18:21:35 - [TEST_STEP][PASSED] - setText(findTestObject("Actpol_Scripts/Opsporing/MBES18/1 Registratie/Behandeld door"), "Katalon testing :: Behandeld door"): Text 'Katalon testing :: Behandeld door' is set on object 'Object Repository/Actpol_Scripts/Opsporing/MBES18/1 Registratie/Behandeld door'&#xD;
&#xD;
2019-09-24 18:21:37 - [MESSAGE][PASSED] - Text 'Katalon testing :: Behandeld door' is set on object 'Object Repository/Actpol_Scripts/Opsporing/MBES18/1 Registratie/Behandeld door'&#xD;
&#xD;
2019-09-24 18:21:37 - [TEST_STEP][PASSED] - delay(1): Delayed 1 second(s)&#xD;
&#xD;
2019-09-24 18:21:38 - [MESSAGE][PASSED] - Delayed 1 second(s)&#xD;
&#xD;
2019-09-24 18:21:38 - [TEST_STEP][PASSED] - setText(findTestObject("Actpol_Scripts/Opsporing/MBES18/1 Registratie/Telefoon"), "123456789"): Text '123456789' is set on object 'Object Repository/Actpol_Scripts/Opsporing/MBES18/1 Registratie/Telefoon'&#xD;
&#xD;
2019-09-24 18:21:39 - [MESSAGE][PASSED] - Text '123456789' is set on object 'Object Repository/Actpol_Scripts/Opsporing/MBES18/1 Registratie/Telefoon'&#xD;
&#xD;
2019-09-24 18:21:39 - [TEST_STEP][PASSED] - delay(1): Delayed 1 second(s)&#xD;
&#xD;
2019-09-24 18:21:40 - [MESSAGE][PASSED] - Delayed 1 second(s)&#xD;
&#xD;
2019-09-24 18:21:40 - [TEST_STEP][PASSED] - setText(findTestObject("Actpol_Scripts/Opsporing/MBES18/1 Registratie/E-Mail"), "test@gmail.com"): Text 'test@gmail.com' is set on object 'Object Repository/Actpol_Scripts/Opsporing/MBES18/1 Registratie/E-Mail'&#xD;
&#xD;
2019-09-24 18:21:41 - [MESSAGE][PASSED] - Text 'test@gmail.com' is set on object 'Object Repository/Actpol_Scripts/Opsporing/MBES18/1 Registratie/E-Mail'&#xD;
&#xD;
2019-09-24 18:21:41 - [TEST_STEP][PASSED] - delay(1): Delayed 1 second(s)&#xD;
&#xD;
2019-09-24 18:21:42 - [MESSAGE][PASSED] - Delayed 1 second(s)&#xD;
&#xD;
2019-09-24 18:21:42 - [TEST_STEP][PASSED] - setText(findTestObject("Actpol_Scripts/Opsporing/MBES18/1 Registratie/Datum"), "25/10/2019"): Text '25/10/2019' is set on object 'Object Repository/Actpol_Scripts/Opsporing/MBES18/1 Registratie/Datum'&#xD;
&#xD;
2019-09-24 18:21:42 - [MESSAGE][PASSED] - Text '25/10/2019' is set on object 'Object Repository/Actpol_Scripts/Opsporing/MBES18/1 Registratie/Datum'&#xD;
&#xD;
2019-09-24 18:21:42 - [TEST_STEP][PASSED] - delay(1): Delayed 1 second(s)&#xD;
&#xD;
2019-09-24 18:21:43 - [MESSAGE][PASSED] - Delayed 1 second(s)&#xD;
&#xD;
2019-09-24 18:21:43 - [TEST_STEP][PASSED] - click(findTestObject("Actpol_Scripts/Opsporing/MBES18/1 Registratie/Registratie save")): Object: 'Object Repository/Actpol_Scripts/Opsporing/MBES18/1 Registratie/Registratie save' is clicked on&#xD;
&#xD;
2019-09-24 18:21:44 - [MESSAGE][PASSED] - Object: 'Object Repository/Actpol_Scripts/Opsporing/MBES18/1 Registratie/Registratie save' is clicked on&#xD;
&#xD;
2019-09-24 18:21:44 - [TEST_STEP][PASSED] - log.logInfo("edit mode working fine "): edit mode working fine &#xD;
&#xD;
2019-09-24 18:21:44 - [MESSAGE][INFO] - edit mode working fine &#xD;
&#xD;
2019-09-24 18:21:44 - [TEST_STEP][PASSED] - delay(1): Delayed 1 second(s)&#xD;
&#xD;
2019-09-24 18:21:45 - [MESSAGE][PASSED] - Delayed 1 second(s)&#xD;
&#xD;
2019-09-24 18:21:45 - [TEST_STEP][PASSED] - comment("View existing record in Registratie"): View existing record in Registratie&#xD;
&#xD;
2019-09-24 18:21:45 - [MESSAGE][INFO] - View existing record in Registratie&#xD;
&#xD;
2019-09-24 18:21:45 - [TEST_STEP][PASSED] - delay(1): Delayed 1 second(s)&#xD;
&#xD;
2019-09-24 18:21:46 - [MESSAGE][PASSED] - Delayed 1 second(s)&#xD;
&#xD;
2019-09-24 18:21:46 - [TEST_STEP][PASSED] - click(findTestObject("JIRA/A Relese 6.6/ACTPOL-559/View existing record")): Object: 'Object Repository/JIRA/A Relese 6.6/ACTPOL-559/View existing record' is clicked on&#xD;
&#xD;
2019-09-24 18:21:46 - [MESSAGE][PASSED] - Object: 'Object Repository/JIRA/A Relese 6.6/ACTPOL-559/View existing record' is clicked on&#xD;
&#xD;
2019-09-24 18:21:46 - [TEST_STEP][PASSED] - log.logInfo("View mode is displaying new button "): View mode is displaying new button &#xD;
&#xD;
2019-09-24 18:21:46 - [MESSAGE][INFO] - View mode is displaying new button &#xD;
&#xD;
2019-09-24 18:21:46 - [TEST_STEP][PASSED] - delay(1): Delayed 1 second(s)&#xD;
&#xD;
2019-09-24 18:21:47 - [MESSAGE][PASSED] - Delayed 1 second(s)&#xD;
&#xD;
2019-09-24 18:21:47 - [TEST_STEP][PASSED] - takeScreenshot(): Taking screenshot successfully&#xD;
&#xD;
2019-09-24 18:21:48 - [MESSAGE][PASSED] - Taking screenshot successfully&#xD;
[[ATTACHMENT|C:\\Users\\user4\\git\\ACTPOL\\Reports\\20190924_181828\\Release 6.6\\MBES18 ALL\\20190924_181828\\1569329507878.png]]&#xD;
&#xD;
2019-09-24 18:21:48 - [TEST_STEP][PASSED] - delay(1): Delayed 1 second(s)&#xD;
&#xD;
2019-09-24 18:21:49 - [MESSAGE][PASSED] - Delayed 1 second(s)&#xD;
&#xD;
2019-09-24 18:21:49 - [TEST_STEP][PASSED] - click(findTestObject("JIRA/A Relese 6.6/ACTPOL-559/View mode close btn")): Object: 'Object Repository/JIRA/A Relese 6.6/ACTPOL-559/View mode close btn' is clicked on&#xD;
&#xD;
2019-09-24 18:21:49 - [MESSAGE][PASSED] - Object: 'Object Repository/JIRA/A Relese 6.6/ACTPOL-559/View mode close btn' is clicked on&#xD;
&#xD;
2019-09-24 18:21:49 - [TEST_STEP][PASSED] - delay(1): Delayed 1 second(s)&#xD;
&#xD;
2019-09-24 18:21:50 - [MESSAGE][PASSED] - Delayed 1 second(s)&#xD;
&#xD;
2019-09-24 18:21:50 - [TEST_STEP][PASSED] - comment("View existing record in Registratie"): View existing record in Registratie&#xD;
&#xD;
2019-09-24 18:21:50 - [MESSAGE][INFO] - View existing record in Registratie&#xD;
&#xD;
2019-09-24 18:21:50 - [TEST_STEP][PASSED] - delay(1): Delayed 1 second(s)&#xD;
&#xD;
2019-09-24 18:21:51 - [MESSAGE][PASSED] - Delayed 1 second(s)&#xD;
&#xD;
2019-09-24 18:21:51 - [TEST_STEP][PASSED] - click(findTestObject("JIRA/A Relese 6.6/ACTPOL-559/Delete existing")): Object: 'Object Repository/JIRA/A Relese 6.6/ACTPOL-559/Delete existing' is clicked on&#xD;
&#xD;
2019-09-24 18:21:52 - [MESSAGE][PASSED] - Object: 'Object Repository/JIRA/A Relese 6.6/ACTPOL-559/Delete existing' is clicked on&#xD;
&#xD;
2019-09-24 18:21:52 - [TEST_STEP][PASSED] - delay(1): Delayed 1 second(s)&#xD;
&#xD;
2019-09-24 18:21:53 - [MESSAGE][PASSED] - Delayed 1 second(s)&#xD;
&#xD;
2019-09-24 18:21:53 - [TEST_STEP][PASSED] - click(findTestObject("JIRA/A Relese 6.6/ACTPOL-559/Conform delete")): Object: 'Object Repository/JIRA/A Relese 6.6/ACTPOL-559/Conform delete' is clicked on&#xD;
&#xD;
2019-09-24 18:21:54 - [MESSAGE][PASSED] - Object: 'Object Repository/JIRA/A Relese 6.6/ACTPOL-559/Conform delete' is clicked on&#xD;
&#xD;
2019-09-24 18:21:54 - [TEST_STEP][PASSED] - delay(1): Delayed 1 second(s)&#xD;
&#xD;
2019-09-24 18:21:55 - [MESSAGE][PASSED] - Delayed 1 second(s)&#xD;
&#xD;
2019-09-24 18:21:55 - [TEST_STEP][PASSED] - takeScreenshot(): Taking screenshot successfully&#xD;
&#xD;
2019-09-24 18:21:55 - [MESSAGE][PASSED] - Taking screenshot successfully&#xD;
[[ATTACHMENT|C:\\Users\\user4\\git\\ACTPOL\\Reports\\20190924_181828\\Release 6.6\\MBES18 ALL\\20190924_181828\\1569329515083.png]]&#xD;
&#xD;
2019-09-24 18:21:55 - [TEST_STEP][PASSED] - delay(1): Delayed 1 second(s)&#xD;
&#xD;
2019-09-24 18:21:56 - [MESSAGE][PASSED] - Delayed 1 second(s)&#xD;
&#xD;
2019-09-24 18:21:56 - [TEST_STEP][PASSED] - click(findTestObject("Actpol_Scripts/Opsporing/MBES18/1 Registratie/registratie tab")): Object: 'Object Repository/Actpol_Scripts/Opsporing/MBES18/1 Registratie/registratie tab' is clicked on&#xD;
&#xD;
2019-09-24 18:21:57 - [MESSAGE][PASSED] - Object: 'Object Repository/Actpol_Scripts/Opsporing/MBES18/1 Registratie/registratie tab' is clicked on</system-out>
            <system-err></system-err>
        </testcase>
        <testcase name="Test Cases/JIRA Tasks/Release 6.6/ACTPOL-560" classname="Test Cases/JIRA Tasks/Release 6.6/ACTPOL-560" status="PASSED">
            <system-out>2019-09-24 18:21:59 - [TEST_CASE][PASSED] - Test Cases/JIRA Tasks/Release 6.6/ACTPOL-560: Test Cases/JIRA Tasks/Release 6.6/ACTPOL-560&#xD;
&#xD;
2019-09-24 18:22:00 - [TEST_STEP][PASSED] - callTestCase(findTestCase("main/Actpol_Login_testenv"), [:], STOP_ON_FAILURE): Call Test Case 'Test Cases/main/Actpol_Login_testenv' successfully&#xD;
&#xD;
2019-09-24 18:22:00 - [TEST_CASE][PASSED] - Test Cases/main/Actpol_Login_testenv: Test Cases/main/Actpol_Login_testenv&#xD;
&#xD;
2019-09-24 18:22:00 - [TEST_STEP][PASSED] - openBrowser(""): Browser is opened with url: ''&#xD;
&#xD;
2019-09-24 18:22:00 - [MESSAGE][WARNING] - A browser is already opened. Closing browser and opening a new one&#xD;
&#xD;
2019-09-24 18:22:01 - [MESSAGE][INFO] - Starting 'Chrome' driver&#xD;
&#xD;
2019-09-24 18:22:03 - [MESSAGE][PASSED] - Browser is opened with url: ''&#xD;
&#xD;
2019-09-24 18:22:03 - [TEST_STEP][PASSED] - deleteAllCookies(): Delete all cookies successfully&#xD;
&#xD;
2019-09-24 18:22:03 - [MESSAGE][PASSED] - Delete all cookies successfully&#xD;
&#xD;
2019-09-24 18:22:03 - [TEST_STEP][PASSED] - waitForPageLoad(60): Wait for page load successfully&#xD;
&#xD;
2019-09-24 18:22:03 - [MESSAGE][PASSED] - Wait for page load successfully&#xD;
&#xD;
2019-09-24 18:22:03 - [TEST_STEP][PASSED] - maximizeWindow(): Current window maximized&#xD;
&#xD;
2019-09-24 18:22:05 - [MESSAGE][PASSED] - Current window maximized&#xD;
&#xD;
2019-09-24 18:22:05 - [TEST_STEP][PASSED] - ACTPOLTESTENV = 1: null&#xD;
&#xD;
2019-09-24 18:22:05 - [TEST_STEP][PASSED] - ACTPOLDEVENV = 2: null&#xD;
&#xD;
2019-09-24 18:22:05 - [TEST_STEP][PASSED] - ACTPOLKCENV = 3: null&#xD;
&#xD;
2019-09-24 18:22:05 - [TEST_STEP][PASSED] - ACTPOLKBKPCNENV = 4: null&#xD;
&#xD;
2019-09-24 18:22:05 - [TEST_STEP][PASSED] - ACTPOLKBKMARENV = 5: null&#xD;
&#xD;
2019-09-24 18:22:05 - [TEST_STEP][PASSED] - ACTPOLKMENV = 6: null&#xD;
&#xD;
2019-09-24 18:22:05 - [TEST_STEP][PASSED] - ACTPOLKWENV = 7: null&#xD;
&#xD;
2019-09-24 18:22:05 - [TEST_STEP][PASSED] - environment = ACTPOLTESTENV: null&#xD;
&#xD;
2019-09-24 18:22:05 - [TEST_STEP][PASSED] - Selectenv = &lt;not implemented yet for class: org.codehaus.groovy.ast.expr.EmptyExpression&gt;: null&#xD;
&#xD;
2019-09-24 18:22:05 - [TEST_STEP][PASSED] - switch (environment): null&#xD;
&#xD;
2019-09-24 18:22:05 - [TEST_STEP][PASSED] - case 1:: null&#xD;
&#xD;
2019-09-24 18:22:05 - [TEST_STEP][PASSED] - println(Selectenv = "ACTPOL-TEST-ENV"): null&#xD;
&#xD;
2019-09-24 18:22:05 - [TEST_STEP][PASSED] - navigateToUrl(TESTURL): Navigate to 'http://10.20.10.7:8185/actpoltst/nxmenu.pgm?docnum=551' successfully&#xD;
&#xD;
2019-09-24 18:22:13 - [MESSAGE][PASSED] - Navigate to 'http://10.20.10.7:8185/actpoltst/nxmenu.pgm?docnum=551' successfully&#xD;
&#xD;
2019-09-24 18:22:13 - [TEST_STEP][PASSED] - setText(findTestObject("Actpol_Scripts/login/userid"), username): Text 'vidhya' is set on object 'Object Repository/Actpol_Scripts/login/userid'&#xD;
&#xD;
2019-09-24 18:22:14 - [MESSAGE][PASSED] - Text 'vidhya' is set on object 'Object Repository/Actpol_Scripts/login/userid'&#xD;
&#xD;
2019-09-24 18:22:14 - [TEST_STEP][PASSED] - setMaskedText(findTestObject("Actpol_Scripts/login/password"), password): Text '********' is set on object 'Object Repository/Actpol_Scripts/login/password'&#xD;
&#xD;
2019-09-24 18:22:14 - [MESSAGE][PASSED] - Text '********' is set on object 'Object Repository/Actpol_Scripts/login/password'&#xD;
&#xD;
2019-09-24 18:22:14 - [TEST_STEP][PASSED] - click(findTestObject("Actpol_Scripts/login/login")): Object: 'Object Repository/Actpol_Scripts/login/login' is clicked on&#xD;
&#xD;
2019-09-24 18:22:15 - [MESSAGE][PASSED] - Object: 'Object Repository/Actpol_Scripts/login/login' is clicked on&#xD;
&#xD;
2019-09-24 18:22:15 - [TEST_STEP][PASSED] - getWindowTitle(): Current window's title is: 'Login Page for ACTPOL Test'&#xD;
&#xD;
2019-09-24 18:22:15 - [MESSAGE][PASSED] - Current window's title is: 'Login Page for ACTPOL Test'&#xD;
&#xD;
2019-09-24 18:22:15 - [TEST_STEP][PASSED] - delay(5): Delayed 5 second(s)&#xD;
&#xD;
2019-09-24 18:22:20 - [MESSAGE][PASSED] - Delayed 5 second(s)&#xD;
&#xD;
2019-09-24 18:22:20 - [TEST_STEP][PASSED] - break: null&#xD;
&#xD;
2019-09-24 18:22:20 - [MESSAGE][PASSED] - Call Test Case 'Test Cases/main/Actpol_Login_testenv' successfully&#xD;
&#xD;
2019-09-24 18:22:20 - [TEST_STEP][PASSED] - log = new com.kms.katalon.core.logging.KeywordLogger(): null&#xD;
&#xD;
2019-09-24 18:22:20 - [TEST_STEP][PASSED] - delay(6): Delayed 6 second(s)&#xD;
&#xD;
2019-09-24 18:22:26 - [MESSAGE][PASSED] - Delayed 6 second(s)&#xD;
&#xD;
2019-09-24 18:22:26 - [TEST_STEP][PASSED] - mouseOver(findTestObject("Actpol_Scripts/Menu navigation/Generiek/Generiek")): Object: 'Object Repository/Actpol_Scripts/Menu navigation/Generiek/Generiek' is hovered&#xD;
&#xD;
2019-09-24 18:22:26 - [MESSAGE][PASSED] - Object: 'Object Repository/Actpol_Scripts/Menu navigation/Generiek/Generiek' is hovered&#xD;
&#xD;
2019-09-24 18:22:26 - [TEST_STEP][PASSED] - log.logInfo("Successfully logged"): Successfully logged&#xD;
&#xD;
2019-09-24 18:22:26 - [MESSAGE][INFO] - Successfully logged&#xD;
&#xD;
2019-09-24 18:22:26 - [TEST_STEP][PASSED] - delay(4): Delayed 4 second(s)&#xD;
&#xD;
2019-09-24 18:22:30 - [MESSAGE][PASSED] - Delayed 4 second(s)&#xD;
&#xD;
2019-09-24 18:22:30 - [TEST_STEP][PASSED] - click(findTestObject("Actpol_Scripts/Opsporing/MBES18/MBES18 TAB")): Object: 'Object Repository/Actpol_Scripts/Opsporing/MBES18/MBES18 TAB' is clicked on&#xD;
&#xD;
2019-09-24 18:22:30 - [MESSAGE][PASSED] - Object: 'Object Repository/Actpol_Scripts/Opsporing/MBES18/MBES18 TAB' is clicked on&#xD;
&#xD;
2019-09-24 18:22:30 - [TEST_STEP][PASSED] - delay(2): Delayed 2 second(s)&#xD;
&#xD;
2019-09-24 18:22:32 - [MESSAGE][PASSED] - Delayed 2 second(s)&#xD;
&#xD;
2019-09-24 18:22:32 - [TEST_STEP][PASSED] - click(findTestObject("Actpol_Scripts/Opsporing/MBES18/MBES18 TAB"), OPTIONAL): Object: 'Object Repository/Actpol_Scripts/Opsporing/MBES18/MBES18 TAB' is clicked on&#xD;
&#xD;
2019-09-24 18:22:33 - [MESSAGE][PASSED] - Object: 'Object Repository/Actpol_Scripts/Opsporing/MBES18/MBES18 TAB' is clicked on&#xD;
&#xD;
2019-09-24 18:22:33 - [TEST_STEP][PASSED] - log.logInfo("Clicking MBES18 tab "): Clicking MBES18 tab &#xD;
&#xD;
2019-09-24 18:22:33 - [MESSAGE][INFO] - Clicking MBES18 tab &#xD;
&#xD;
2019-09-24 18:22:33 - [TEST_STEP][PASSED] - delay(1): Delayed 1 second(s)&#xD;
&#xD;
2019-09-24 18:22:34 - [MESSAGE][PASSED] - Delayed 1 second(s)&#xD;
&#xD;
2019-09-24 18:22:34 - [TEST_STEP][PASSED] - delay(8): Delayed 8 second(s)&#xD;
&#xD;
2019-09-24 18:22:42 - [MESSAGE][PASSED] - Delayed 8 second(s)&#xD;
&#xD;
2019-09-24 18:22:42 - [TEST_STEP][PASSED] - click(findTestObject("Actpol_Scripts/Opsporing/MBES18/mbes new")): Object: 'Object Repository/Actpol_Scripts/Opsporing/MBES18/mbes new' is clicked on&#xD;
&#xD;
2019-09-24 18:22:42 - [MESSAGE][PASSED] - Object: 'Object Repository/Actpol_Scripts/Opsporing/MBES18/mbes new' is clicked on&#xD;
&#xD;
2019-09-24 18:22:42 - [TEST_STEP][PASSED] - log.logInfo("Clicking MBES18 new button "): Clicking MBES18 new button &#xD;
&#xD;
2019-09-24 18:22:42 - [MESSAGE][INFO] - Clicking MBES18 new button &#xD;
&#xD;
2019-09-24 18:22:42 - [TEST_STEP][PASSED] - delay(6): Delayed 6 second(s)&#xD;
&#xD;
2019-09-24 18:22:48 - [MESSAGE][PASSED] - Delayed 6 second(s)&#xD;
&#xD;
2019-09-24 18:22:48 - [TEST_STEP][PASSED] - click(findTestObject("Actpol_Scripts/Opsporing/MBES18/Registratie new")): Object: 'Object Repository/Actpol_Scripts/Opsporing/MBES18/Registratie new' is clicked on&#xD;
&#xD;
2019-09-24 18:22:49 - [MESSAGE][PASSED] - Object: 'Object Repository/Actpol_Scripts/Opsporing/MBES18/Registratie new' is clicked on&#xD;
&#xD;
2019-09-24 18:22:49 - [TEST_STEP][PASSED] - delay(1): Delayed 1 second(s)&#xD;
&#xD;
2019-09-24 18:22:50 - [MESSAGE][PASSED] - Delayed 1 second(s)&#xD;
&#xD;
2019-09-24 18:22:50 - [TEST_STEP][PASSED] - selectOptionByLabel(findTestObject("Actpol_Scripts/Opsporing/MBES18/1 Registratie/Registratie van 1"), "KORPS POLITIE CURACAO", false): All options with label 'KORPS POLITIE CURACAO' are selected in object 'Object Repository/Actpol_Scripts/Opsporing/MBES18/1 Registratie/Registratie van 1' &#xD;
&#xD;
2019-09-24 18:22:50 - [MESSAGE][PASSED] - All options with label 'KORPS POLITIE CURACAO' are selected in object 'Object Repository/Actpol_Scripts/Opsporing/MBES18/1 Registratie/Registratie van 1' &#xD;
&#xD;
2019-09-24 18:22:50 - [TEST_STEP][PASSED] - delay(1): Delayed 1 second(s)&#xD;
&#xD;
2019-09-24 18:22:51 - [MESSAGE][PASSED] - Delayed 1 second(s)&#xD;
&#xD;
2019-09-24 18:22:51 - [TEST_STEP][PASSED] - selectOptionByLabel(findTestObject("Actpol_Scripts/Opsporing/MBES18/1 Registratie/Registratie Naar 1"), "OPENBARE MINISTERIE", false): All options with label 'OPENBARE MINISTERIE' are selected in object 'Object Repository/Actpol_Scripts/Opsporing/MBES18/1 Registratie/Registratie Naar 1' &#xD;
&#xD;
2019-09-24 18:22:52 - [MESSAGE][PASSED] - All options with label 'OPENBARE MINISTERIE' are selected in object 'Object Repository/Actpol_Scripts/Opsporing/MBES18/1 Registratie/Registratie Naar 1' &#xD;
&#xD;
2019-09-24 18:22:52 - [TEST_STEP][PASSED] - delay(1): Delayed 1 second(s)&#xD;
&#xD;
2019-09-24 18:22:53 - [MESSAGE][PASSED] - Delayed 1 second(s)&#xD;
&#xD;
2019-09-24 18:22:53 - [TEST_STEP][PASSED] - selectOptionByLabel(findTestObject("Actpol_Scripts/Opsporing/MBES18/1 Registratie/Registratie van 2"), "AMBULANCE", false): All options with label 'AMBULANCE' are selected in object 'Object Repository/Actpol_Scripts/Opsporing/MBES18/1 Registratie/Registratie van 2' &#xD;
&#xD;
2019-09-24 18:22:53 - [MESSAGE][PASSED] - All options with label 'AMBULANCE' are selected in object 'Object Repository/Actpol_Scripts/Opsporing/MBES18/1 Registratie/Registratie van 2' &#xD;
&#xD;
2019-09-24 18:22:53 - [TEST_STEP][PASSED] - delay(1): Delayed 1 second(s)&#xD;
&#xD;
2019-09-24 18:22:54 - [MESSAGE][PASSED] - Delayed 1 second(s)&#xD;
&#xD;
2019-09-24 18:22:54 - [TEST_STEP][PASSED] - selectOptionByLabel(findTestObject("Actpol_Scripts/Opsporing/MBES18/1 Registratie/Registratie Naar 2"), "SKS", false): All options with label 'SKS' are selected in object 'Object Repository/Actpol_Scripts/Opsporing/MBES18/1 Registratie/Registratie Naar 2' &#xD;
&#xD;
2019-09-24 18:22:55 - [MESSAGE][PASSED] - All options with label 'SKS' are selected in object 'Object Repository/Actpol_Scripts/Opsporing/MBES18/1 Registratie/Registratie Naar 2' &#xD;
&#xD;
2019-09-24 18:22:55 - [TEST_STEP][PASSED] - delay(1): Delayed 1 second(s)&#xD;
&#xD;
2019-09-24 18:22:56 - [MESSAGE][PASSED] - Delayed 1 second(s)&#xD;
&#xD;
2019-09-24 18:22:56 - [TEST_STEP][PASSED] - setText(findTestObject("Actpol_Scripts/Opsporing/MBES18/1 Registratie/Behandeld door"), "Katalon testing :: Behandeld door"): Text 'Katalon testing :: Behandeld door' is set on object 'Object Repository/Actpol_Scripts/Opsporing/MBES18/1 Registratie/Behandeld door'&#xD;
&#xD;
2019-09-24 18:22:58 - [MESSAGE][PASSED] - Text 'Katalon testing :: Behandeld door' is set on object 'Object Repository/Actpol_Scripts/Opsporing/MBES18/1 Registratie/Behandeld door'&#xD;
&#xD;
2019-09-24 18:22:58 - [TEST_STEP][PASSED] - delay(1): Delayed 1 second(s)&#xD;
&#xD;
2019-09-24 18:22:59 - [MESSAGE][PASSED] - Delayed 1 second(s)&#xD;
&#xD;
2019-09-24 18:22:59 - [TEST_STEP][PASSED] - setText(findTestObject("Actpol_Scripts/Opsporing/MBES18/1 Registratie/Telefoon"), "123456789"): Text '123456789' is set on object 'Object Repository/Actpol_Scripts/Opsporing/MBES18/1 Registratie/Telefoon'&#xD;
&#xD;
2019-09-24 18:22:59 - [MESSAGE][PASSED] - Text '123456789' is set on object 'Object Repository/Actpol_Scripts/Opsporing/MBES18/1 Registratie/Telefoon'&#xD;
&#xD;
2019-09-24 18:22:59 - [TEST_STEP][PASSED] - delay(1): Delayed 1 second(s)&#xD;
&#xD;
2019-09-24 18:23:00 - [MESSAGE][PASSED] - Delayed 1 second(s)&#xD;
&#xD;
2019-09-24 18:23:00 - [TEST_STEP][PASSED] - setText(findTestObject("Actpol_Scripts/Opsporing/MBES18/1 Registratie/E-Mail"), "test@gmail.com"): Text 'test@gmail.com' is set on object 'Object Repository/Actpol_Scripts/Opsporing/MBES18/1 Registratie/E-Mail'&#xD;
&#xD;
2019-09-24 18:23:01 - [MESSAGE][PASSED] - Text 'test@gmail.com' is set on object 'Object Repository/Actpol_Scripts/Opsporing/MBES18/1 Registratie/E-Mail'&#xD;
&#xD;
2019-09-24 18:23:01 - [TEST_STEP][PASSED] - delay(1): Delayed 1 second(s)&#xD;
&#xD;
2019-09-24 18:23:02 - [MESSAGE][PASSED] - Delayed 1 second(s)&#xD;
&#xD;
2019-09-24 18:23:02 - [TEST_STEP][NOT_RUN] - setText(findTestObject("Actpol_Scripts/Opsporing/MBES18/1 Registratie/Datum"), "23/08/2019"): NOT_RUN: setText(findTestObject("Actpol_Scripts/Opsporing/MBES18/1 Registratie/Datum"), "23/08/2019")&#xD;
&#xD;
2019-09-24 18:23:02 - [MESSAGE][NOT_RUN] - NOT_RUN: setText(findTestObject("Actpol_Scripts/Opsporing/MBES18/1 Registratie/Datum"), "23/08/2019")&#xD;
&#xD;
2019-09-24 18:23:02 - [TEST_STEP][PASSED] - click(findTestObject("Actpol_Scripts/Opsporing/MBES18/1 Registratie/Datum calendar icon")): Object: 'Object Repository/Actpol_Scripts/Opsporing/MBES18/1 Registratie/Datum calendar icon' is clicked on&#xD;
&#xD;
2019-09-24 18:23:03 - [MESSAGE][PASSED] - Object: 'Object Repository/Actpol_Scripts/Opsporing/MBES18/1 Registratie/Datum calendar icon' is clicked on&#xD;
&#xD;
2019-09-24 18:23:03 - [TEST_STEP][PASSED] - delay(2): Delayed 2 second(s)&#xD;
&#xD;
2019-09-24 18:23:05 - [MESSAGE][PASSED] - Delayed 2 second(s)&#xD;
&#xD;
2019-09-24 18:23:05 - [TEST_STEP][PASSED] - selectOptionByLabel(findTestObject("Actpol_Scripts/Monthyear/Rightmonth"), "sep", false): All options with label 'sep' are selected in object 'Object Repository/Actpol_Scripts/Monthyear/Rightmonth' &#xD;
&#xD;
2019-09-24 18:23:05 - [MESSAGE][PASSED] - All options with label 'sep' are selected in object 'Object Repository/Actpol_Scripts/Monthyear/Rightmonth' &#xD;
&#xD;
2019-09-24 18:23:05 - [TEST_STEP][PASSED] - delay(1): Delayed 1 second(s)&#xD;
&#xD;
2019-09-24 18:23:06 - [MESSAGE][PASSED] - Delayed 1 second(s)&#xD;
&#xD;
2019-09-24 18:23:06 - [TEST_STEP][PASSED] - selectOptionByLabel(findTestObject("Actpol_Scripts/Monthyear/Rightyear"), "2019", false): All options with label '2019' are selected in object 'Object Repository/Actpol_Scripts/Monthyear/Rightyear' &#xD;
&#xD;
2019-09-24 18:23:07 - [MESSAGE][PASSED] - All options with label '2019' are selected in object 'Object Repository/Actpol_Scripts/Monthyear/Rightyear' &#xD;
&#xD;
2019-09-24 18:23:07 - [TEST_STEP][PASSED] - delay(1): Delayed 1 second(s)&#xD;
&#xD;
2019-09-24 18:23:08 - [MESSAGE][PASSED] - Delayed 1 second(s)&#xD;
&#xD;
2019-09-24 18:23:08 - [TEST_STEP][PASSED] - click(findTestObject("Actpol_Scripts/Date/16th right frame")): Object: 'Object Repository/Actpol_Scripts/Date/16th right frame' is clicked on&#xD;
&#xD;
2019-09-24 18:23:08 - [MESSAGE][PASSED] - Object: 'Object Repository/Actpol_Scripts/Date/16th right frame' is clicked on&#xD;
&#xD;
2019-09-24 18:23:08 - [TEST_STEP][PASSED] - delay(1): Delayed 1 second(s)&#xD;
&#xD;
2019-09-24 18:23:09 - [MESSAGE][PASSED] - Delayed 1 second(s)&#xD;
&#xD;
2019-09-24 18:23:09 - [TEST_STEP][PASSED] - click(findTestObject("Actpol_Scripts/Opsporing/MBES18/1 Registratie/Registratie save")): Object: 'Object Repository/Actpol_Scripts/Opsporing/MBES18/1 Registratie/Registratie save' is clicked on&#xD;
&#xD;
2019-09-24 18:23:10 - [MESSAGE][PASSED] - Object: 'Object Repository/Actpol_Scripts/Opsporing/MBES18/1 Registratie/Registratie save' is clicked on&#xD;
&#xD;
2019-09-24 18:23:10 - [TEST_STEP][PASSED] - delay(1): Delayed 1 second(s)&#xD;
&#xD;
2019-09-24 18:23:11 - [MESSAGE][PASSED] - Delayed 1 second(s)&#xD;
&#xD;
2019-09-24 18:23:11 - [TEST_STEP][PASSED] - click(findTestObject("Actpol_Scripts/Opsporing/MBES18/1 Registratie/registratie tab")): Object: 'Object Repository/Actpol_Scripts/Opsporing/MBES18/1 Registratie/registratie tab' is clicked on&#xD;
&#xD;
2019-09-24 18:23:11 - [MESSAGE][PASSED] - Object: 'Object Repository/Actpol_Scripts/Opsporing/MBES18/1 Registratie/registratie tab' is clicked on&#xD;
&#xD;
2019-09-24 18:23:11 - [TEST_STEP][PASSED] - delay(1): Delayed 1 second(s)&#xD;
&#xD;
2019-09-24 18:23:12 - [MESSAGE][PASSED] - Delayed 1 second(s)&#xD;
&#xD;
2019-09-24 18:23:12 - [TEST_STEP][PASSED] - click(findTestObject("Actpol_Scripts/Opsporing/MBES18/2 Personalia/Personalia tab")): Object: 'Object Repository/Actpol_Scripts/Opsporing/MBES18/2 Personalia/Personalia tab' is clicked on&#xD;
&#xD;
2019-09-24 18:23:13 - [MESSAGE][PASSED] - Object: 'Object Repository/Actpol_Scripts/Opsporing/MBES18/2 Personalia/Personalia tab' is clicked on&#xD;
&#xD;
2019-09-24 18:23:13 - [TEST_STEP][PASSED] - delay(2): Delayed 2 second(s)&#xD;
&#xD;
2019-09-24 18:23:15 - [MESSAGE][PASSED] - Delayed 2 second(s)&#xD;
&#xD;
2019-09-24 18:23:15 - [TEST_STEP][PASSED] - click(findTestObject("Actpol_Scripts/Opsporing/MBES18/MBSC SAVE")): Object: 'Object Repository/Actpol_Scripts/Opsporing/MBES18/MBSC SAVE' is clicked on&#xD;
&#xD;
2019-09-24 18:23:16 - [MESSAGE][PASSED] - Object: 'Object Repository/Actpol_Scripts/Opsporing/MBES18/MBSC SAVE' is clicked on&#xD;
&#xD;
2019-09-24 18:23:16 - [TEST_STEP][PASSED] - delay(1): Delayed 1 second(s)&#xD;
&#xD;
2019-09-24 18:23:17 - [MESSAGE][PASSED] - Delayed 1 second(s)&#xD;
&#xD;
2019-09-24 18:23:17 - [TEST_STEP][PASSED] - Achternaam = getText(findTestObject("Actpol_Scripts/Opsporing/MBES18/2 Personalia/Achternaam error messgae")): Text of object 'Object Repository/Actpol_Scripts/Opsporing/MBES18/2 Personalia/Achternaam error messgae' is: 'Dit is een vereiste veld'&#xD;
&#xD;
2019-09-24 18:23:17 - [MESSAGE][PASSED] - Text of object 'Object Repository/Actpol_Scripts/Opsporing/MBES18/2 Personalia/Achternaam error messgae' is: 'Dit is een vereiste veld'&#xD;
&#xD;
2019-09-24 18:23:17 - [TEST_STEP][PASSED] - achternaamverify = "Dit is een vereiste veld": null&#xD;
&#xD;
2019-09-24 18:23:17 - [TEST_STEP][PASSED] - log.logInfo(Achternaam): Dit is een vereiste veld&#xD;
&#xD;
2019-09-24 18:23:17 - [MESSAGE][INFO] - Dit is een vereiste veld&#xD;
&#xD;
2019-09-24 18:23:17 - [TEST_STEP][PASSED] - if (Achternaam == achternaamverify): success and error message in Achternaam&#xD;
&#xD;
2019-09-24 18:23:17 - [TEST_STEP][PASSED] - log.logInfo("success and error message in Achternaam"): success and error message in Achternaam&#xD;
&#xD;
2019-09-24 18:23:17 - [MESSAGE][INFO] - success and error message in Achternaam&#xD;
&#xD;
2019-09-24 18:23:17 - [TEST_STEP][PASSED] - delay(2): Delayed 2 second(s)&#xD;
&#xD;
2019-09-24 18:23:19 - [MESSAGE][PASSED] - Delayed 2 second(s)&#xD;
&#xD;
2019-09-24 18:23:19 - [TEST_STEP][PASSED] - Garantsteller = getText(findTestObject("Actpol_Scripts/Opsporing/MBES18/2 Personalia/Garantsteller error message")): Text of object 'Object Repository/Actpol_Scripts/Opsporing/MBES18/2 Personalia/Garantsteller error message' is: 'Dit is een vereiste veld'&#xD;
&#xD;
2019-09-24 18:23:19 - [MESSAGE][PASSED] - Text of object 'Object Repository/Actpol_Scripts/Opsporing/MBES18/2 Personalia/Garantsteller error message' is: 'Dit is een vereiste veld'&#xD;
&#xD;
2019-09-24 18:23:19 - [TEST_STEP][PASSED] - Garantstellerverify = "Dit is een vereiste veld": null&#xD;
&#xD;
2019-09-24 18:23:19 - [TEST_STEP][PASSED] - log.logInfo(Garantsteller): Dit is een vereiste veld&#xD;
&#xD;
2019-09-24 18:23:19 - [MESSAGE][INFO] - Dit is een vereiste veld&#xD;
&#xD;
2019-09-24 18:23:19 - [TEST_STEP][PASSED] - if (Garantsteller == Garantstellerverify): success and error message in Garantsteller/referent&#xD;
&#xD;
2019-09-24 18:23:19 - [TEST_STEP][PASSED] - log.logInfo("success and error message in Garantsteller/referent"): success and error message in Garantsteller/referent&#xD;
&#xD;
2019-09-24 18:23:19 - [MESSAGE][INFO] - success and error message in Garantsteller/referent&#xD;
&#xD;
2019-09-24 18:23:19 - [TEST_STEP][PASSED] - delay(2): Delayed 2 second(s)&#xD;
&#xD;
2019-09-24 18:23:21 - [MESSAGE][PASSED] - Delayed 2 second(s)&#xD;
&#xD;
2019-09-24 18:23:21 - [TEST_STEP][PASSED] - comment("Checking button how it is working"): Checking button how it is working&#xD;
&#xD;
2019-09-24 18:23:21 - [MESSAGE][INFO] - Checking button how it is working&#xD;
&#xD;
2019-09-24 18:23:21 - [TEST_STEP][PASSED] - click(findTestObject("Actpol_Scripts/Opsporing/MBES18/2 Personalia/Personalia Achternaam new")): Object: 'Object Repository/Actpol_Scripts/Opsporing/MBES18/2 Personalia/Personalia Achternaam new' is clicked on&#xD;
&#xD;
2019-09-24 18:23:22 - [MESSAGE][PASSED] - Object: 'Object Repository/Actpol_Scripts/Opsporing/MBES18/2 Personalia/Personalia Achternaam new' is clicked on&#xD;
&#xD;
2019-09-24 18:23:22 - [TEST_STEP][PASSED] - delay(4): Delayed 4 second(s)&#xD;
&#xD;
2019-09-24 18:23:26 - [MESSAGE][PASSED] - Delayed 4 second(s)&#xD;
&#xD;
2019-09-24 18:23:26 - [TEST_STEP][PASSED] - click(findTestObject("Actpol_Scripts/Opsporing/MBES18/2 Personalia/Select default persoon"), OPTIONAL): Object: 'Object Repository/Actpol_Scripts/Opsporing/MBES18/2 Personalia/Select default persoon' is clicked on&#xD;
&#xD;
2019-09-24 18:23:29 - [MESSAGE][PASSED] - Object: 'Object Repository/Actpol_Scripts/Opsporing/MBES18/2 Personalia/Select default persoon' is clicked on&#xD;
&#xD;
2019-09-24 18:23:29 - [TEST_STEP][PASSED] - delay(2): Delayed 2 second(s)&#xD;
&#xD;
2019-09-24 18:23:31 - [MESSAGE][PASSED] - Delayed 2 second(s)&#xD;
&#xD;
2019-09-24 18:23:31 - [TEST_STEP][PASSED] - click(findTestObject("Actpol_Scripts/Opsporing/MBES18/2 Personalia/new persoon close btn"), OPTIONAL): Unable to click on object 'Object Repository/Actpol_Scripts/Opsporing/MBES18/2 Personalia/new persoon close btn' (Root cause: com.kms.katalon.core.exception.StepFailedException: Unable to click on object 'Object Repository/Actpol_Scripts/Opsporing/MBES18/2 Personalia/new persoon close btn'&#xD;
	at com.kms.katalon.core.webui.keyword.internal.WebUIKeywordMain.stepFailed(WebUIKeywordMain.groovy:64)&#xD;
	at com.kms.katalon.core.webui.keyword.internal.WebUIKeywordMain.runKeyword(WebUIKeywordMain.groovy:26)&#xD;
	at com.kms.katalon.core.webui.keyword.builtin.ClickKeyword.click(ClickKeyword.groovy:86)&#xD;
	at com.kms.katalon.core.webui.keyword.builtin.ClickKeyword.execute(ClickKeyword.groovy:67)&#xD;
	at com.kms.katalon.core.keyword.internal.KeywordExecutor.executeKeywordForPlatform(KeywordExecutor.groovy:56)&#xD;
	at com.kms.katalon.core.webui.keyword.WebUiBuiltInKeywords.click(WebUiBuiltInKeywords.groovy:604)&#xD;
	at com.kms.katalon.core.webui.keyword.WebUiBuiltInKeywords$click$11.call(Unknown Source)&#xD;
	at ACTPOL-560.run(ACTPOL-560:178)&#xD;
	at com.kms.katalon.core.main.ScriptEngine.run(ScriptEngine.java:194)&#xD;
	at com.kms.katalon.core.main.ScriptEngine.runScriptAsRawText(ScriptEngine.java:119)&#xD;
	at com.kms.katalon.core.main.TestCaseExecutor.runScript(TestCaseExecutor.java:337)&#xD;
	at com.kms.katalon.core.main.TestCaseExecutor.doExecute(TestCaseExecutor.java:328)&#xD;
	at com.kms.katalon.core.main.TestCaseExecutor.processExecutionPhase(TestCaseExecutor.java:307)&#xD;
	at com.kms.katalon.core.main.TestCaseExecutor.accessMainPhase(TestCaseExecutor.java:299)&#xD;
	at com.kms.katalon.core.main.TestCaseExecutor.execute(TestCaseExecutor.java:233)&#xD;
	at com.kms.katalon.core.main.TestSuiteExecutor.accessTestCaseMainPhase(TestSuiteExecutor.java:169)&#xD;
	at com.kms.katalon.core.main.TestSuiteExecutor.accessTestSuiteMainPhase(TestSuiteExecutor.java:142)&#xD;
	at com.kms.katalon.core.main.TestSuiteExecutor.execute(TestSuiteExecutor.java:91)&#xD;
	at com.kms.katalon.core.main.TestCaseMain.startTestSuite(TestCaseMain.java:157)&#xD;
	at com.kms.katalon.core.main.TestCaseMain$startTestSuite$0.call(Unknown Source)&#xD;
	at TempTestSuite1569329313236.run(TempTestSuite1569329313236.groovy:35)&#xD;
Caused by: org.openqa.selenium.ElementNotInteractableException: element not interactable
  (Session info: chrome=77.0.3865.90)
Build info: version: '3.141.59', revision: 'e82be7d358', time: '2018-11-14T08:25:53'
System info: host: 'NIVI-4', ip: '10.20.20.9', os.name: 'Windows 8.1', os.arch: 'amd64', os.version: '6.3', java.version: '1.8.0_181'
Driver info: com.kms.katalon.selenium.driver.CChromeDriver
Capabilities {acceptInsecureCerts: false, browserName: chrome, browserVersion: 77.0.3865.90, chrome: {chromedriverVersion: 77.0.3865.40 (f484704e052e0..., userDataDir: C:\Users\user4\AppData\Loca...}, goog:chromeOptions: {debuggerAddress: localhost:61955}, javascriptEnabled: true, networkConnectionEnabled: false, pageLoadStrategy: normal, platform: XP, platformName: XP, proxy: Proxy(), setWindowRect: true, strictFileInteractability: false, timeouts: {implicit: 0, pageLoad: 300000, script: 30000}, unhandledPromptBehavior: dismiss and notify}
Session ID: 2d995ebc1f97199f9efd58cc9c427697&#xD;
	at org.openqa.selenium.remote.http.W3CHttpResponseCodec.createException(W3CHttpResponseCodec.java:187)&#xD;
	at org.openqa.selenium.remote.http.W3CHttpResponseCodec.decode(W3CHttpResponseCodec.java:122)&#xD;
	at org.openqa.selenium.remote.http.W3CHttpResponseCodec.decode(W3CHttpResponseCodec.java:49)&#xD;
	at org.openqa.selenium.remote.HttpCommandExecutor.execute(HttpCommandExecutor.java:158)&#xD;
	at org.openqa.selenium.remote.service.DriverCommandExecutor.execute(DriverCommandExecutor.java:83)&#xD;
	at org.openqa.selenium.remote.RemoteWebDriver.execute(RemoteWebDriver.java:552)&#xD;
	at com.kms.katalon.selenium.driver.CChromeDriver.execute(CChromeDriver.java:20)&#xD;
	at org.openqa.selenium.remote.RemoteWebElement.execute(RemoteWebElement.java:285)&#xD;
	at org.openqa.selenium.remote.RemoteWebElement.click(RemoteWebElement.java:84)&#xD;
	at com.kms.katalon.core.webui.keyword.builtin.ClickKeyword$_click_closure1.doCall(ClickKeyword.groovy:79)&#xD;
	at com.kms.katalon.core.webui.keyword.builtin.ClickKeyword$_click_closure1.call(ClickKeyword.groovy)&#xD;
	at com.kms.katalon.core.webui.keyword.internal.WebUIKeywordMain.runKeyword(WebUIKeywordMain.groovy:20)&#xD;
	at com.kms.katalon.core.webui.keyword.builtin.ClickKeyword.click(ClickKeyword.groovy:86)&#xD;
	at com.kms.katalon.core.webui.keyword.builtin.ClickKeyword.execute(ClickKeyword.groovy:67)&#xD;
	at com.kms.katalon.core.keyword.internal.KeywordExecutor.executeKeywordForPlatform(KeywordExecutor.groovy:56)&#xD;
	at com.kms.katalon.core.webui.keyword.WebUiBuiltInKeywords.click(WebUiBuiltInKeywords.groovy:604)&#xD;
	at com.kms.katalon.core.webui.keyword.WebUiBuiltInKeywords$click$11.call(Unknown Source)&#xD;
	at Script1567084518717.run(Script1567084518717.groovy:178)&#xD;
	... 13 more&#xD;
)&#xD;
&#xD;
2019-09-24 18:23:32 - [MESSAGE][WARNING] - Unable to click on object 'Object Repository/Actpol_Scripts/Opsporing/MBES18/2 Personalia/new persoon close btn' (Root cause: com.kms.katalon.core.exception.StepFailedException: Unable to click on object 'Object Repository/Actpol_Scripts/Opsporing/MBES18/2 Personalia/new persoon close btn'&#xD;
	at com.kms.katalon.core.webui.keyword.internal.WebUIKeywordMain.stepFailed(WebUIKeywordMain.groovy:64)&#xD;
	at com.kms.katalon.core.webui.keyword.internal.WebUIKeywordMain.runKeyword(WebUIKeywordMain.groovy:26)&#xD;
	at com.kms.katalon.core.webui.keyword.builtin.ClickKeyword.click(ClickKeyword.groovy:86)&#xD;
	at com.kms.katalon.core.webui.keyword.builtin.ClickKeyword.execute(ClickKeyword.groovy:67)&#xD;
	at com.kms.katalon.core.keyword.internal.KeywordExecutor.executeKeywordForPlatform(KeywordExecutor.groovy:56)&#xD;
	at com.kms.katalon.core.webui.keyword.WebUiBuiltInKeywords.click(WebUiBuiltInKeywords.groovy:604)&#xD;
	at com.kms.katalon.core.webui.keyword.WebUiBuiltInKeywords$click$11.call(Unknown Source)&#xD;
	at ACTPOL-560.run(ACTPOL-560:178)&#xD;
	at com.kms.katalon.core.main.ScriptEngine.run(ScriptEngine.java:194)&#xD;
	at com.kms.katalon.core.main.ScriptEngine.runScriptAsRawText(ScriptEngine.java:119)&#xD;
	at com.kms.katalon.core.main.TestCaseExecutor.runScript(TestCaseExecutor.java:337)&#xD;
	at com.kms.katalon.core.main.TestCaseExecutor.doExecute(TestCaseExecutor.java:328)&#xD;
	at com.kms.katalon.core.main.TestCaseExecutor.processExecutionPhase(TestCaseExecutor.java:307)&#xD;
	at com.kms.katalon.core.main.TestCaseExecutor.accessMainPhase(TestCaseExecutor.java:299)&#xD;
	at com.kms.katalon.core.main.TestCaseExecutor.execute(TestCaseExecutor.java:233)&#xD;
	at com.kms.katalon.core.main.TestSuiteExecutor.accessTestCaseMainPhase(TestSuiteExecutor.java:169)&#xD;
	at com.kms.katalon.core.main.TestSuiteExecutor.accessTestSuiteMainPhase(TestSuiteExecutor.java:142)&#xD;
	at com.kms.katalon.core.main.TestSuiteExecutor.execute(TestSuiteExecutor.java:91)&#xD;
	at com.kms.katalon.core.main.TestCaseMain.startTestSuite(TestCaseMain.java:157)&#xD;
	at com.kms.katalon.core.main.TestCaseMain$startTestSuite$0.call(Unknown Source)&#xD;
	at TempTestSuite1569329313236.run(TempTestSuite1569329313236.groovy:35)&#xD;
Caused by: org.openqa.selenium.ElementNotInteractableException: element not interactable
  (Session info: chrome=77.0.3865.90)
Build info: version: '3.141.59', revision: 'e82be7d358', time: '2018-11-14T08:25:53'
System info: host: 'NIVI-4', ip: '10.20.20.9', os.name: 'Windows 8.1', os.arch: 'amd64', os.version: '6.3', java.version: '1.8.0_181'
Driver info: com.kms.katalon.selenium.driver.CChromeDriver
Capabilities {acceptInsecureCerts: false, browserName: chrome, browserVersion: 77.0.3865.90, chrome: {chromedriverVersion: 77.0.3865.40 (f484704e052e0..., userDataDir: C:\Users\user4\AppData\Loca...}, goog:chromeOptions: {debuggerAddress: localhost:61955}, javascriptEnabled: true, networkConnectionEnabled: false, pageLoadStrategy: normal, platform: XP, platformName: XP, proxy: Proxy(), setWindowRect: true, strictFileInteractability: false, timeouts: {implicit: 0, pageLoad: 300000, script: 30000}, unhandledPromptBehavior: dismiss and notify}
Session ID: 2d995ebc1f97199f9efd58cc9c427697&#xD;
	at org.openqa.selenium.remote.http.W3CHttpResponseCodec.createException(W3CHttpResponseCodec.java:187)&#xD;
	at org.openqa.selenium.remote.http.W3CHttpResponseCodec.decode(W3CHttpResponseCodec.java:122)&#xD;
	at org.openqa.selenium.remote.http.W3CHttpResponseCodec.decode(W3CHttpResponseCodec.java:49)&#xD;
	at org.openqa.selenium.remote.HttpCommandExecutor.execute(HttpCommandExecutor.java:158)&#xD;
	at org.openqa.selenium.remote.service.DriverCommandExecutor.execute(DriverCommandExecutor.java:83)&#xD;
	at org.openqa.selenium.remote.RemoteWebDriver.execute(RemoteWebDriver.java:552)&#xD;
	at com.kms.katalon.selenium.driver.CChromeDriver.execute(CChromeDriver.java:20)&#xD;
	at org.openqa.selenium.remote.RemoteWebElement.execute(RemoteWebElement.java:285)&#xD;
	at org.openqa.selenium.remote.RemoteWebElement.click(RemoteWebElement.java:84)&#xD;
	at com.kms.katalon.core.webui.keyword.builtin.ClickKeyword$_click_closure1.doCall(ClickKeyword.groovy:79)&#xD;
	at com.kms.katalon.core.webui.keyword.builtin.ClickKeyword$_click_closure1.call(ClickKeyword.groovy)&#xD;
	at com.kms.katalon.core.webui.keyword.internal.WebUIKeywordMain.runKeyword(WebUIKeywordMain.groovy:20)&#xD;
	at com.kms.katalon.core.webui.keyword.builtin.ClickKeyword.click(ClickKeyword.groovy:86)&#xD;
	at com.kms.katalon.core.webui.keyword.builtin.ClickKeyword.execute(ClickKeyword.groovy:67)&#xD;
	at com.kms.katalon.core.keyword.internal.KeywordExecutor.executeKeywordForPlatform(KeywordExecutor.groovy:56)&#xD;
	at com.kms.katalon.core.webui.keyword.WebUiBuiltInKeywords.click(WebUiBuiltInKeywords.groovy:604)&#xD;
	at com.kms.katalon.core.webui.keyword.WebUiBuiltInKeywords$click$11.call(Unknown Source)&#xD;
	at Script1567084518717.run(Script1567084518717.groovy:178)&#xD;
	... 13 more&#xD;
)&#xD;
[[ATTACHMENT|C:\\Users\\user4\\git\\ACTPOL\\Reports\\20190924_181828\\Release 6.6\\MBES18 ALL\\20190924_181828\\1569329611864.png]]&#xD;
&#xD;
2019-09-24 18:23:32 - [TEST_STEP][PASSED] - delay(2): Delayed 2 second(s)&#xD;
&#xD;
2019-09-24 18:23:34 - [MESSAGE][PASSED] - Delayed 2 second(s)&#xD;
&#xD;
2019-09-24 18:23:34 - [TEST_STEP][PASSED] - comment("Checking text box how it is working"): Checking text box how it is working&#xD;
&#xD;
2019-09-24 18:23:34 - [MESSAGE][INFO] - Checking text box how it is working&#xD;
&#xD;
2019-09-24 18:23:34 - [TEST_STEP][PASSED] - setText(findTestObject("Actpol_Scripts/Opsporing/MBES18/2 Personalia/Achternaam text"), "aa"): Text 'aa' is set on object 'Object Repository/Actpol_Scripts/Opsporing/MBES18/2 Personalia/Achternaam text'&#xD;
&#xD;
2019-09-24 18:23:35 - [MESSAGE][PASSED] - Text 'aa' is set on object 'Object Repository/Actpol_Scripts/Opsporing/MBES18/2 Personalia/Achternaam text'&#xD;
&#xD;
2019-09-24 18:23:35 - [TEST_STEP][PASSED] - delay(2): Delayed 2 second(s)&#xD;
&#xD;
2019-09-24 18:23:37 - [MESSAGE][PASSED] - Delayed 2 second(s)&#xD;
&#xD;
2019-09-24 18:23:37 - [TEST_STEP][PASSED] - click(findTestObject("Actpol_Scripts/Opsporing/MBES18/2 Personalia/Achternaam text lb")): Object: 'Object Repository/Actpol_Scripts/Opsporing/MBES18/2 Personalia/Achternaam text lb' is clicked on&#xD;
&#xD;
2019-09-24 18:23:37 - [MESSAGE][PASSED] - Object: 'Object Repository/Actpol_Scripts/Opsporing/MBES18/2 Personalia/Achternaam text lb' is clicked on&#xD;
&#xD;
2019-09-24 18:23:37 - [TEST_STEP][PASSED] - comment("Checking edit btn how it is working"): Checking edit btn how it is working&#xD;
&#xD;
2019-09-24 18:23:37 - [MESSAGE][INFO] - Checking edit btn how it is working&#xD;
&#xD;
2019-09-24 18:23:37 - [TEST_STEP][PASSED] - delay(1): Delayed 1 second(s)&#xD;
&#xD;
2019-09-24 18:23:38 - [MESSAGE][PASSED] - Delayed 1 second(s)&#xD;
&#xD;
2019-09-24 18:23:38 - [TEST_STEP][PASSED] - click(findTestObject("JIRA/A Relese 6.6/ACTPOL-560/Edit btn check in personaila btn")): Object: 'Object Repository/JIRA/A Relese 6.6/ACTPOL-560/Edit btn check in personaila btn' is clicked on&#xD;
&#xD;
2019-09-24 18:23:39 - [MESSAGE][PASSED] - Object: 'Object Repository/JIRA/A Relese 6.6/ACTPOL-560/Edit btn check in personaila btn' is clicked on&#xD;
&#xD;
2019-09-24 18:23:39 - [TEST_STEP][PASSED] - delay(6): Delayed 6 second(s)&#xD;
&#xD;
2019-09-24 18:23:45 - [MESSAGE][PASSED] - Delayed 6 second(s)&#xD;
&#xD;
2019-09-24 18:23:45 - [TEST_STEP][PASSED] - sendKeys(findTestObject("JIRA/A Relese 6.6/ACTPOL-560/Edit btn check in personaila btn"), "124"): Keys '124' sent to object: 'Object Repository/JIRA/A Relese 6.6/ACTPOL-560/Edit btn check in personaila btn'&#xD;
&#xD;
2019-09-24 18:23:45 - [MESSAGE][PASSED] - Keys '124' sent to object: 'Object Repository/JIRA/A Relese 6.6/ACTPOL-560/Edit btn check in personaila btn'&#xD;
&#xD;
2019-09-24 18:23:45 - [TEST_STEP][PASSED] - delay(1): Delayed 1 second(s)&#xD;
&#xD;
2019-09-24 18:23:46 - [MESSAGE][PASSED] - Delayed 1 second(s)&#xD;
&#xD;
2019-09-24 18:23:46 - [TEST_STEP][PASSED] - click(findTestObject("JIRA/A Relese 6.6/ACTPOL-560/Click new persoon save popup")): Object: 'Object Repository/JIRA/A Relese 6.6/ACTPOL-560/Click new persoon save popup' is clicked on&#xD;
&#xD;
2019-09-24 18:23:47 - [MESSAGE][PASSED] - Object: 'Object Repository/JIRA/A Relese 6.6/ACTPOL-560/Click new persoon save popup' is clicked on&#xD;
&#xD;
2019-09-24 18:23:47 - [TEST_STEP][PASSED] - delay(4): Delayed 4 second(s)&#xD;
&#xD;
2019-09-24 18:23:51 - [MESSAGE][PASSED] - Delayed 4 second(s)&#xD;
&#xD;
2019-09-24 18:23:51 - [TEST_STEP][PASSED] - comment("Checking Search btn how it is working"): Checking Search btn how it is working&#xD;
&#xD;
2019-09-24 18:23:51 - [MESSAGE][INFO] - Checking Search btn how it is working&#xD;
&#xD;
2019-09-24 18:23:51 - [TEST_STEP][PASSED] - click(findTestObject("JIRA/A Relese 6.6/ACTPOL-560/Achternaam search btn click")): Object: 'Object Repository/JIRA/A Relese 6.6/ACTPOL-560/Achternaam search btn click' is clicked on&#xD;
&#xD;
2019-09-24 18:23:51 - [MESSAGE][PASSED] - Object: 'Object Repository/JIRA/A Relese 6.6/ACTPOL-560/Achternaam search btn click' is clicked on&#xD;
&#xD;
2019-09-24 18:23:51 - [TEST_STEP][PASSED] - delay(1): Delayed 1 second(s)&#xD;
&#xD;
2019-09-24 18:23:52 - [MESSAGE][PASSED] - Delayed 1 second(s)&#xD;
&#xD;
2019-09-24 18:23:52 - [TEST_STEP][PASSED] - scrollToPosition(10, 7): Browser is scrolled to position x = 10, y = 7&#xD;
&#xD;
2019-09-24 18:23:53 - [MESSAGE][PASSED] - Browser is scrolled to position x = 10, y = 7&#xD;
&#xD;
2019-09-24 18:23:53 - [TEST_STEP][PASSED] - delay(4): Delayed 4 second(s)&#xD;
&#xD;
2019-09-24 18:23:57 - [MESSAGE][PASSED] - Delayed 4 second(s)&#xD;
&#xD;
2019-09-24 18:23:57 - [TEST_STEP][PASSED] - click(findTestObject("JIRA/A Relese 6.6/ACTPOL-560/Search close btn")): Object: 'Object Repository/JIRA/A Relese 6.6/ACTPOL-560/Search close btn' is clicked on&#xD;
&#xD;
2019-09-24 18:23:57 - [MESSAGE][PASSED] - Object: 'Object Repository/JIRA/A Relese 6.6/ACTPOL-560/Search close btn' is clicked on&#xD;
&#xD;
2019-09-24 18:23:57 - [TEST_STEP][PASSED] - delay(6): Delayed 6 second(s)&#xD;
&#xD;
2019-09-24 18:24:03 - [MESSAGE][PASSED] - Delayed 6 second(s)&#xD;
&#xD;
2019-09-24 18:24:03 - [TEST_STEP][PASSED] - setText(findTestObject("Actpol_Scripts/Opsporing/MBES18/2 Personalia/Garantsteller new"), "aa"): Text 'aa' is set on object 'Object Repository/Actpol_Scripts/Opsporing/MBES18/2 Personalia/Garantsteller new'&#xD;
&#xD;
2019-09-24 18:24:04 - [MESSAGE][PASSED] - Text 'aa' is set on object 'Object Repository/Actpol_Scripts/Opsporing/MBES18/2 Personalia/Garantsteller new'&#xD;
&#xD;
2019-09-24 18:24:04 - [TEST_STEP][PASSED] - delay(2): Delayed 2 second(s)&#xD;
&#xD;
2019-09-24 18:24:06 - [MESSAGE][PASSED] - Delayed 2 second(s)&#xD;
&#xD;
2019-09-24 18:24:06 - [TEST_STEP][PASSED] - click(findTestObject("Actpol_Scripts/Opsporing/MBES18/2 Personalia/Garantsteller new lb")): Object: 'Object Repository/Actpol_Scripts/Opsporing/MBES18/2 Personalia/Garantsteller new lb' is clicked on&#xD;
&#xD;
2019-09-24 18:24:06 - [MESSAGE][PASSED] - Object: 'Object Repository/Actpol_Scripts/Opsporing/MBES18/2 Personalia/Garantsteller new lb' is clicked on&#xD;
&#xD;
2019-09-24 18:24:06 - [TEST_STEP][PASSED] - delay(1): Delayed 1 second(s)&#xD;
&#xD;
2019-09-24 18:24:07 - [MESSAGE][PASSED] - Delayed 1 second(s)&#xD;
&#xD;
2019-09-24 18:24:07 - [TEST_STEP][PASSED] - click(findTestObject("Actpol_Scripts/Opsporing/MBES18/2 Personalia/Personalia tab")): Object: 'Object Repository/Actpol_Scripts/Opsporing/MBES18/2 Personalia/Personalia tab' is clicked on&#xD;
&#xD;
2019-09-24 18:24:08 - [MESSAGE][PASSED] - Object: 'Object Repository/Actpol_Scripts/Opsporing/MBES18/2 Personalia/Personalia tab' is clicked on&#xD;
&#xD;
2019-09-24 18:24:08 - [TEST_STEP][PASSED] - delay(1): Delayed 1 second(s)&#xD;
&#xD;
2019-09-24 18:24:09 - [MESSAGE][PASSED] - Delayed 1 second(s)&#xD;
&#xD;
2019-09-24 18:24:09 - [TEST_STEP][PASSED] - click(findTestObject("Actpol_Scripts/Opsporing/MBES18/MBSC SAVE")): Object: 'Object Repository/Actpol_Scripts/Opsporing/MBES18/MBSC SAVE' is clicked on&#xD;
&#xD;
2019-09-24 18:24:09 - [MESSAGE][PASSED] - Object: 'Object Repository/Actpol_Scripts/Opsporing/MBES18/MBSC SAVE' is clicked on</system-out>
            <system-err></system-err>
        </testcase>
        <testcase name="Test Cases/JIRA Tasks/Release 6.6/ACTPOL-561" classname="Test Cases/JIRA Tasks/Release 6.6/ACTPOL-561" status="PASSED">
            <system-out>2019-09-24 18:24:12 - [TEST_CASE][PASSED] - Test Cases/JIRA Tasks/Release 6.6/ACTPOL-561: Test Cases/JIRA Tasks/Release 6.6/ACTPOL-561&#xD;
&#xD;
2019-09-24 18:24:13 - [TEST_STEP][PASSED] - callTestCase(findTestCase("main/Actpol_Login_testenv"), [:], STOP_ON_FAILURE): Call Test Case 'Test Cases/main/Actpol_Login_testenv' successfully&#xD;
&#xD;
2019-09-24 18:24:13 - [TEST_CASE][PASSED] - Test Cases/main/Actpol_Login_testenv: Test Cases/main/Actpol_Login_testenv&#xD;
&#xD;
2019-09-24 18:24:13 - [TEST_STEP][PASSED] - openBrowser(""): Browser is opened with url: ''&#xD;
&#xD;
2019-09-24 18:24:13 - [MESSAGE][WARNING] - A browser is already opened. Closing browser and opening a new one&#xD;
&#xD;
2019-09-24 18:24:14 - [MESSAGE][INFO] - Starting 'Chrome' driver&#xD;
&#xD;
2019-09-24 18:24:17 - [MESSAGE][PASSED] - Browser is opened with url: ''&#xD;
&#xD;
2019-09-24 18:24:17 - [TEST_STEP][PASSED] - deleteAllCookies(): Delete all cookies successfully&#xD;
&#xD;
2019-09-24 18:24:17 - [MESSAGE][PASSED] - Delete all cookies successfully&#xD;
&#xD;
2019-09-24 18:24:17 - [TEST_STEP][PASSED] - waitForPageLoad(60): Wait for page load successfully&#xD;
&#xD;
2019-09-24 18:24:17 - [MESSAGE][PASSED] - Wait for page load successfully&#xD;
&#xD;
2019-09-24 18:24:17 - [TEST_STEP][PASSED] - maximizeWindow(): Current window maximized&#xD;
&#xD;
2019-09-24 18:24:18 - [MESSAGE][PASSED] - Current window maximized&#xD;
&#xD;
2019-09-24 18:24:18 - [TEST_STEP][PASSED] - ACTPOLTESTENV = 1: null&#xD;
&#xD;
2019-09-24 18:24:18 - [TEST_STEP][PASSED] - ACTPOLDEVENV = 2: null&#xD;
&#xD;
2019-09-24 18:24:18 - [TEST_STEP][PASSED] - ACTPOLKCENV = 3: null&#xD;
&#xD;
2019-09-24 18:24:18 - [TEST_STEP][PASSED] - ACTPOLKBKPCNENV = 4: null&#xD;
&#xD;
2019-09-24 18:24:18 - [TEST_STEP][PASSED] - ACTPOLKBKMARENV = 5: null&#xD;
&#xD;
2019-09-24 18:24:18 - [TEST_STEP][PASSED] - ACTPOLKMENV = 6: null&#xD;
&#xD;
2019-09-24 18:24:18 - [TEST_STEP][PASSED] - ACTPOLKWENV = 7: null&#xD;
&#xD;
2019-09-24 18:24:18 - [TEST_STEP][PASSED] - environment = ACTPOLTESTENV: null&#xD;
&#xD;
2019-09-24 18:24:18 - [TEST_STEP][PASSED] - Selectenv = &lt;not implemented yet for class: org.codehaus.groovy.ast.expr.EmptyExpression&gt;: null&#xD;
&#xD;
2019-09-24 18:24:18 - [TEST_STEP][PASSED] - switch (environment): null&#xD;
&#xD;
2019-09-24 18:24:18 - [TEST_STEP][PASSED] - case 1:: null&#xD;
&#xD;
2019-09-24 18:24:18 - [TEST_STEP][PASSED] - println(Selectenv = "ACTPOL-TEST-ENV"): null&#xD;
&#xD;
2019-09-24 18:24:18 - [TEST_STEP][PASSED] - navigateToUrl(TESTURL): Navigate to 'http://10.20.10.7:8185/actpoltst/nxmenu.pgm?docnum=551' successfully&#xD;
&#xD;
2019-09-24 18:24:28 - [MESSAGE][PASSED] - Navigate to 'http://10.20.10.7:8185/actpoltst/nxmenu.pgm?docnum=551' successfully&#xD;
&#xD;
2019-09-24 18:24:28 - [TEST_STEP][PASSED] - setText(findTestObject("Actpol_Scripts/login/userid"), username): Text 'vidhya' is set on object 'Object Repository/Actpol_Scripts/login/userid'&#xD;
&#xD;
2019-09-24 18:24:28 - [MESSAGE][PASSED] - Text 'vidhya' is set on object 'Object Repository/Actpol_Scripts/login/userid'&#xD;
&#xD;
2019-09-24 18:24:28 - [TEST_STEP][PASSED] - setMaskedText(findTestObject("Actpol_Scripts/login/password"), password): Text '********' is set on object 'Object Repository/Actpol_Scripts/login/password'&#xD;
&#xD;
2019-09-24 18:24:29 - [MESSAGE][PASSED] - Text '********' is set on object 'Object Repository/Actpol_Scripts/login/password'&#xD;
&#xD;
2019-09-24 18:24:29 - [TEST_STEP][PASSED] - click(findTestObject("Actpol_Scripts/login/login")): Object: 'Object Repository/Actpol_Scripts/login/login' is clicked on&#xD;
&#xD;
2019-09-24 18:24:29 - [MESSAGE][PASSED] - Object: 'Object Repository/Actpol_Scripts/login/login' is clicked on&#xD;
&#xD;
2019-09-24 18:24:29 - [TEST_STEP][PASSED] - getWindowTitle(): Current window's title is: 'Login Page for ACTPOL Test'&#xD;
&#xD;
2019-09-24 18:24:29 - [MESSAGE][PASSED] - Current window's title is: 'Login Page for ACTPOL Test'&#xD;
&#xD;
2019-09-24 18:24:29 - [TEST_STEP][PASSED] - delay(5): Delayed 5 second(s)&#xD;
&#xD;
2019-09-24 18:24:34 - [MESSAGE][PASSED] - Delayed 5 second(s)&#xD;
&#xD;
2019-09-24 18:24:34 - [TEST_STEP][PASSED] - break: null&#xD;
&#xD;
2019-09-24 18:24:34 - [MESSAGE][PASSED] - Call Test Case 'Test Cases/main/Actpol_Login_testenv' successfully&#xD;
&#xD;
2019-09-24 18:24:34 - [TEST_STEP][PASSED] - log = new com.kms.katalon.core.logging.KeywordLogger(): null&#xD;
&#xD;
2019-09-24 18:24:34 - [TEST_STEP][PASSED] - delay(6): Delayed 6 second(s)&#xD;
&#xD;
2019-09-24 18:24:40 - [MESSAGE][PASSED] - Delayed 6 second(s)&#xD;
&#xD;
2019-09-24 18:24:40 - [TEST_STEP][PASSED] - mouseOver(findTestObject("Actpol_Scripts/Menu navigation/Generiek/Generiek")): Object: 'Object Repository/Actpol_Scripts/Menu navigation/Generiek/Generiek' is hovered&#xD;
&#xD;
2019-09-24 18:24:40 - [MESSAGE][PASSED] - Object: 'Object Repository/Actpol_Scripts/Menu navigation/Generiek/Generiek' is hovered&#xD;
&#xD;
2019-09-24 18:24:40 - [TEST_STEP][PASSED] - log.logInfo("Successfully logged"): Successfully logged&#xD;
&#xD;
2019-09-24 18:24:40 - [MESSAGE][INFO] - Successfully logged&#xD;
&#xD;
2019-09-24 18:24:40 - [TEST_STEP][PASSED] - delay(4): Delayed 4 second(s)&#xD;
&#xD;
2019-09-24 18:24:44 - [MESSAGE][PASSED] - Delayed 4 second(s)&#xD;
&#xD;
2019-09-24 18:24:44 - [TEST_STEP][PASSED] - click(findTestObject("Actpol_Scripts/Opsporing/MBES18/MBES18 TAB")): Object: 'Object Repository/Actpol_Scripts/Opsporing/MBES18/MBES18 TAB' is clicked on&#xD;
&#xD;
2019-09-24 18:24:45 - [MESSAGE][PASSED] - Object: 'Object Repository/Actpol_Scripts/Opsporing/MBES18/MBES18 TAB' is clicked on&#xD;
&#xD;
2019-09-24 18:24:45 - [TEST_STEP][PASSED] - delay(2): Delayed 2 second(s)&#xD;
&#xD;
2019-09-24 18:24:47 - [MESSAGE][PASSED] - Delayed 2 second(s)&#xD;
&#xD;
2019-09-24 18:24:47 - [TEST_STEP][PASSED] - click(findTestObject("Actpol_Scripts/Opsporing/MBES18/MBES18 TAB"), OPTIONAL): Object: 'Object Repository/Actpol_Scripts/Opsporing/MBES18/MBES18 TAB' is clicked on&#xD;
&#xD;
2019-09-24 18:24:47 - [MESSAGE][PASSED] - Object: 'Object Repository/Actpol_Scripts/Opsporing/MBES18/MBES18 TAB' is clicked on&#xD;
&#xD;
2019-09-24 18:24:47 - [TEST_STEP][PASSED] - log.logInfo("Clicking MBES18 tab "): Clicking MBES18 tab &#xD;
&#xD;
2019-09-24 18:24:47 - [MESSAGE][INFO] - Clicking MBES18 tab &#xD;
&#xD;
2019-09-24 18:24:47 - [TEST_STEP][PASSED] - delay(1): Delayed 1 second(s)&#xD;
&#xD;
2019-09-24 18:24:48 - [MESSAGE][PASSED] - Delayed 1 second(s)&#xD;
&#xD;
2019-09-24 18:24:48 - [TEST_STEP][PASSED] - delay(8): Delayed 8 second(s)&#xD;
&#xD;
2019-09-24 18:24:56 - [MESSAGE][PASSED] - Delayed 8 second(s)&#xD;
&#xD;
2019-09-24 18:24:56 - [TEST_STEP][PASSED] - click(findTestObject("Actpol_Scripts/Opsporing/MBES18/mbes new")): Object: 'Object Repository/Actpol_Scripts/Opsporing/MBES18/mbes new' is clicked on&#xD;
&#xD;
2019-09-24 18:24:57 - [MESSAGE][PASSED] - Object: 'Object Repository/Actpol_Scripts/Opsporing/MBES18/mbes new' is clicked on&#xD;
&#xD;
2019-09-24 18:24:57 - [TEST_STEP][PASSED] - log.logInfo("Clicking MBES18 new button "): Clicking MBES18 new button &#xD;
&#xD;
2019-09-24 18:24:57 - [MESSAGE][INFO] - Clicking MBES18 new button &#xD;
&#xD;
2019-09-24 18:24:57 - [TEST_STEP][PASSED] - delay(9): Delayed 9 second(s)&#xD;
&#xD;
2019-09-24 18:25:06 - [MESSAGE][PASSED] - Delayed 9 second(s)&#xD;
&#xD;
2019-09-24 18:25:06 - [TEST_STEP][PASSED] - click(findTestObject("Actpol_Scripts/Opsporing/MBES18/Registratie new")): Object: 'Object Repository/Actpol_Scripts/Opsporing/MBES18/Registratie new' is clicked on&#xD;
&#xD;
2019-09-24 18:25:06 - [MESSAGE][PASSED] - Object: 'Object Repository/Actpol_Scripts/Opsporing/MBES18/Registratie new' is clicked on&#xD;
&#xD;
2019-09-24 18:25:06 - [TEST_STEP][PASSED] - delay(1): Delayed 1 second(s)&#xD;
&#xD;
2019-09-24 18:25:07 - [MESSAGE][PASSED] - Delayed 1 second(s)&#xD;
&#xD;
2019-09-24 18:25:07 - [TEST_STEP][PASSED] - selectOptionByLabel(findTestObject("Actpol_Scripts/Opsporing/MBES18/1 Registratie/Registratie van 1"), "KORPS POLITIE CURACAO", false): All options with label 'KORPS POLITIE CURACAO' are selected in object 'Object Repository/Actpol_Scripts/Opsporing/MBES18/1 Registratie/Registratie van 1' &#xD;
&#xD;
2019-09-24 18:25:08 - [MESSAGE][PASSED] - All options with label 'KORPS POLITIE CURACAO' are selected in object 'Object Repository/Actpol_Scripts/Opsporing/MBES18/1 Registratie/Registratie van 1' &#xD;
&#xD;
2019-09-24 18:25:08 - [TEST_STEP][PASSED] - delay(1): Delayed 1 second(s)&#xD;
&#xD;
2019-09-24 18:25:09 - [MESSAGE][PASSED] - Delayed 1 second(s)&#xD;
&#xD;
2019-09-24 18:25:09 - [TEST_STEP][PASSED] - selectOptionByLabel(findTestObject("Actpol_Scripts/Opsporing/MBES18/1 Registratie/Registratie Naar 1"), "OPENBARE MINISTERIE", false): All options with label 'OPENBARE MINISTERIE' are selected in object 'Object Repository/Actpol_Scripts/Opsporing/MBES18/1 Registratie/Registratie Naar 1' &#xD;
&#xD;
2019-09-24 18:25:09 - [MESSAGE][PASSED] - All options with label 'OPENBARE MINISTERIE' are selected in object 'Object Repository/Actpol_Scripts/Opsporing/MBES18/1 Registratie/Registratie Naar 1' &#xD;
&#xD;
2019-09-24 18:25:09 - [TEST_STEP][PASSED] - delay(1): Delayed 1 second(s)&#xD;
&#xD;
2019-09-24 18:25:10 - [MESSAGE][PASSED] - Delayed 1 second(s)&#xD;
&#xD;
2019-09-24 18:25:10 - [TEST_STEP][PASSED] - selectOptionByLabel(findTestObject("Actpol_Scripts/Opsporing/MBES18/1 Registratie/Registratie van 2"), "AMBULANCE", false): All options with label 'AMBULANCE' are selected in object 'Object Repository/Actpol_Scripts/Opsporing/MBES18/1 Registratie/Registratie van 2' &#xD;
&#xD;
2019-09-24 18:25:11 - [MESSAGE][PASSED] - All options with label 'AMBULANCE' are selected in object 'Object Repository/Actpol_Scripts/Opsporing/MBES18/1 Registratie/Registratie van 2' &#xD;
&#xD;
2019-09-24 18:25:11 - [TEST_STEP][PASSED] - delay(1): Delayed 1 second(s)&#xD;
&#xD;
2019-09-24 18:25:12 - [MESSAGE][PASSED] - Delayed 1 second(s)&#xD;
&#xD;
2019-09-24 18:25:12 - [TEST_STEP][PASSED] - selectOptionByLabel(findTestObject("Actpol_Scripts/Opsporing/MBES18/1 Registratie/Registratie Naar 2"), "SKS", false): All options with label 'SKS' are selected in object 'Object Repository/Actpol_Scripts/Opsporing/MBES18/1 Registratie/Registratie Naar 2' &#xD;
&#xD;
2019-09-24 18:25:13 - [MESSAGE][PASSED] - All options with label 'SKS' are selected in object 'Object Repository/Actpol_Scripts/Opsporing/MBES18/1 Registratie/Registratie Naar 2' &#xD;
&#xD;
2019-09-24 18:25:13 - [TEST_STEP][PASSED] - delay(1): Delayed 1 second(s)&#xD;
&#xD;
2019-09-24 18:25:14 - [MESSAGE][PASSED] - Delayed 1 second(s)&#xD;
&#xD;
2019-09-24 18:25:14 - [TEST_STEP][PASSED] - setText(findTestObject("Actpol_Scripts/Opsporing/MBES18/1 Registratie/Behandeld door"), "Katalon testing :: Behandeld door"): Text 'Katalon testing :: Behandeld door' is set on object 'Object Repository/Actpol_Scripts/Opsporing/MBES18/1 Registratie/Behandeld door'&#xD;
&#xD;
2019-09-24 18:25:15 - [MESSAGE][PASSED] - Text 'Katalon testing :: Behandeld door' is set on object 'Object Repository/Actpol_Scripts/Opsporing/MBES18/1 Registratie/Behandeld door'&#xD;
&#xD;
2019-09-24 18:25:15 - [TEST_STEP][PASSED] - delay(1): Delayed 1 second(s)&#xD;
&#xD;
2019-09-24 18:25:16 - [MESSAGE][PASSED] - Delayed 1 second(s)&#xD;
&#xD;
2019-09-24 18:25:16 - [TEST_STEP][PASSED] - setText(findTestObject("Actpol_Scripts/Opsporing/MBES18/1 Registratie/Telefoon"), "123456789"): Text '123456789' is set on object 'Object Repository/Actpol_Scripts/Opsporing/MBES18/1 Registratie/Telefoon'&#xD;
&#xD;
2019-09-24 18:25:17 - [MESSAGE][PASSED] - Text '123456789' is set on object 'Object Repository/Actpol_Scripts/Opsporing/MBES18/1 Registratie/Telefoon'&#xD;
&#xD;
2019-09-24 18:25:17 - [TEST_STEP][PASSED] - delay(1): Delayed 1 second(s)&#xD;
&#xD;
2019-09-24 18:25:18 - [MESSAGE][PASSED] - Delayed 1 second(s)&#xD;
&#xD;
2019-09-24 18:25:18 - [TEST_STEP][PASSED] - setText(findTestObject("Actpol_Scripts/Opsporing/MBES18/1 Registratie/E-Mail"), "test@gmail.com"): Text 'test@gmail.com' is set on object 'Object Repository/Actpol_Scripts/Opsporing/MBES18/1 Registratie/E-Mail'&#xD;
&#xD;
2019-09-24 18:25:19 - [MESSAGE][PASSED] - Text 'test@gmail.com' is set on object 'Object Repository/Actpol_Scripts/Opsporing/MBES18/1 Registratie/E-Mail'&#xD;
&#xD;
2019-09-24 18:25:19 - [TEST_STEP][PASSED] - delay(1): Delayed 1 second(s)&#xD;
&#xD;
2019-09-24 18:25:20 - [MESSAGE][PASSED] - Delayed 1 second(s)&#xD;
&#xD;
2019-09-24 18:25:20 - [TEST_STEP][NOT_RUN] - setText(findTestObject("Actpol_Scripts/Opsporing/MBES18/1 Registratie/Datum"), "23/08/2019"): NOT_RUN: setText(findTestObject("Actpol_Scripts/Opsporing/MBES18/1 Registratie/Datum"), "23/08/2019")&#xD;
&#xD;
2019-09-24 18:25:20 - [MESSAGE][NOT_RUN] - NOT_RUN: setText(findTestObject("Actpol_Scripts/Opsporing/MBES18/1 Registratie/Datum"), "23/08/2019")&#xD;
&#xD;
2019-09-24 18:25:20 - [TEST_STEP][PASSED] - click(findTestObject("Actpol_Scripts/Opsporing/MBES18/1 Registratie/Datum calendar icon")): Object: 'Object Repository/Actpol_Scripts/Opsporing/MBES18/1 Registratie/Datum calendar icon' is clicked on&#xD;
&#xD;
2019-09-24 18:25:20 - [MESSAGE][PASSED] - Object: 'Object Repository/Actpol_Scripts/Opsporing/MBES18/1 Registratie/Datum calendar icon' is clicked on&#xD;
&#xD;
2019-09-24 18:25:21 - [TEST_STEP][PASSED] - delay(2): Delayed 2 second(s)&#xD;
&#xD;
2019-09-24 18:25:23 - [MESSAGE][PASSED] - Delayed 2 second(s)&#xD;
&#xD;
2019-09-24 18:25:23 - [TEST_STEP][PASSED] - selectOptionByLabel(findTestObject("Actpol_Scripts/Monthyear/Rightmonth"), "sep", false): All options with label 'sep' are selected in object 'Object Repository/Actpol_Scripts/Monthyear/Rightmonth' &#xD;
&#xD;
2019-09-24 18:25:23 - [MESSAGE][PASSED] - All options with label 'sep' are selected in object 'Object Repository/Actpol_Scripts/Monthyear/Rightmonth' &#xD;
&#xD;
2019-09-24 18:25:23 - [TEST_STEP][PASSED] - delay(1): Delayed 1 second(s)&#xD;
&#xD;
2019-09-24 18:25:24 - [MESSAGE][PASSED] - Delayed 1 second(s)&#xD;
&#xD;
2019-09-24 18:25:24 - [TEST_STEP][PASSED] - selectOptionByLabel(findTestObject("Actpol_Scripts/Monthyear/Rightyear"), "2019", false): All options with label '2019' are selected in object 'Object Repository/Actpol_Scripts/Monthyear/Rightyear' &#xD;
&#xD;
2019-09-24 18:25:24 - [MESSAGE][PASSED] - All options with label '2019' are selected in object 'Object Repository/Actpol_Scripts/Monthyear/Rightyear' &#xD;
&#xD;
2019-09-24 18:25:24 - [TEST_STEP][PASSED] - delay(1): Delayed 1 second(s)&#xD;
&#xD;
2019-09-24 18:25:25 - [MESSAGE][PASSED] - Delayed 1 second(s)&#xD;
&#xD;
2019-09-24 18:25:25 - [TEST_STEP][PASSED] - click(findTestObject("Actpol_Scripts/Date/16th right frame")): Object: 'Object Repository/Actpol_Scripts/Date/16th right frame' is clicked on&#xD;
&#xD;
2019-09-24 18:25:26 - [MESSAGE][PASSED] - Object: 'Object Repository/Actpol_Scripts/Date/16th right frame' is clicked on&#xD;
&#xD;
2019-09-24 18:25:26 - [TEST_STEP][PASSED] - delay(1): Delayed 1 second(s)&#xD;
&#xD;
2019-09-24 18:25:27 - [MESSAGE][PASSED] - Delayed 1 second(s)&#xD;
&#xD;
2019-09-24 18:25:27 - [TEST_STEP][PASSED] - click(findTestObject("Actpol_Scripts/Opsporing/MBES18/1 Registratie/Registratie save")): Object: 'Object Repository/Actpol_Scripts/Opsporing/MBES18/1 Registratie/Registratie save' is clicked on&#xD;
&#xD;
2019-09-24 18:25:27 - [MESSAGE][PASSED] - Object: 'Object Repository/Actpol_Scripts/Opsporing/MBES18/1 Registratie/Registratie save' is clicked on&#xD;
&#xD;
2019-09-24 18:25:27 - [TEST_STEP][PASSED] - delay(1): Delayed 1 second(s)&#xD;
&#xD;
2019-09-24 18:25:28 - [MESSAGE][PASSED] - Delayed 1 second(s)&#xD;
&#xD;
2019-09-24 18:25:28 - [TEST_STEP][PASSED] - click(findTestObject("Actpol_Scripts/Opsporing/MBES18/1 Registratie/registratie tab")): Object: 'Object Repository/Actpol_Scripts/Opsporing/MBES18/1 Registratie/registratie tab' is clicked on&#xD;
&#xD;
2019-09-24 18:25:29 - [MESSAGE][PASSED] - Object: 'Object Repository/Actpol_Scripts/Opsporing/MBES18/1 Registratie/registratie tab' is clicked on&#xD;
&#xD;
2019-09-24 18:25:29 - [TEST_STEP][PASSED] - delay(1): Delayed 1 second(s)&#xD;
&#xD;
2019-09-24 18:25:30 - [MESSAGE][PASSED] - Delayed 1 second(s)&#xD;
&#xD;
2019-09-24 18:25:30 - [TEST_STEP][PASSED] - click(findTestObject("Actpol_Scripts/Opsporing/MBES18/2 Personalia/Personalia tab")): Object: 'Object Repository/Actpol_Scripts/Opsporing/MBES18/2 Personalia/Personalia tab' is clicked on&#xD;
&#xD;
2019-09-24 18:25:31 - [MESSAGE][PASSED] - Object: 'Object Repository/Actpol_Scripts/Opsporing/MBES18/2 Personalia/Personalia tab' is clicked on&#xD;
&#xD;
2019-09-24 18:25:31 - [TEST_STEP][PASSED] - delay(2): Delayed 2 second(s)&#xD;
&#xD;
2019-09-24 18:25:33 - [MESSAGE][PASSED] - Delayed 2 second(s)&#xD;
&#xD;
2019-09-24 18:25:33 - [TEST_STEP][PASSED] - click(findTestObject("Actpol_Scripts/Opsporing/MBES18/MBSC SAVE")): Object: 'Object Repository/Actpol_Scripts/Opsporing/MBES18/MBSC SAVE' is clicked on&#xD;
&#xD;
2019-09-24 18:25:33 - [MESSAGE][PASSED] - Object: 'Object Repository/Actpol_Scripts/Opsporing/MBES18/MBSC SAVE' is clicked on&#xD;
&#xD;
2019-09-24 18:25:33 - [TEST_STEP][PASSED] - comment("Chcking validation"): Chcking validation&#xD;
&#xD;
2019-09-24 18:25:33 - [MESSAGE][INFO] - Chcking validation&#xD;
&#xD;
2019-09-24 18:25:33 - [TEST_STEP][PASSED] - delay(1): Delayed 1 second(s)&#xD;
&#xD;
2019-09-24 18:25:34 - [MESSAGE][PASSED] - Delayed 1 second(s)&#xD;
&#xD;
2019-09-24 18:25:34 - [TEST_STEP][PASSED] - Achternaam = getText(findTestObject("Actpol_Scripts/Opsporing/MBES18/2 Personalia/Achternaam error messgae")): Text of object 'Object Repository/Actpol_Scripts/Opsporing/MBES18/2 Personalia/Achternaam error messgae' is: 'Dit is een vereiste veld'&#xD;
&#xD;
2019-09-24 18:25:35 - [MESSAGE][PASSED] - Text of object 'Object Repository/Actpol_Scripts/Opsporing/MBES18/2 Personalia/Achternaam error messgae' is: 'Dit is een vereiste veld'&#xD;
&#xD;
2019-09-24 18:25:35 - [TEST_STEP][PASSED] - achternaamverify = "Dit is een vereiste veld": null&#xD;
&#xD;
2019-09-24 18:25:35 - [TEST_STEP][PASSED] - log.logInfo(Achternaam): Dit is een vereiste veld&#xD;
&#xD;
2019-09-24 18:25:35 - [MESSAGE][INFO] - Dit is een vereiste veld&#xD;
&#xD;
2019-09-24 18:25:35 - [TEST_STEP][PASSED] - if (Achternaam == achternaamverify): success and error message in Achternaam&#xD;
&#xD;
2019-09-24 18:25:35 - [TEST_STEP][PASSED] - log.logInfo("success and error message in Achternaam"): success and error message in Achternaam&#xD;
&#xD;
2019-09-24 18:25:35 - [MESSAGE][INFO] - success and error message in Achternaam&#xD;
&#xD;
2019-09-24 18:25:35 - [TEST_STEP][PASSED] - delay(2): Delayed 2 second(s)&#xD;
&#xD;
2019-09-24 18:25:37 - [MESSAGE][PASSED] - Delayed 2 second(s)&#xD;
&#xD;
2019-09-24 18:25:37 - [TEST_STEP][PASSED] - Garantsteller = getText(findTestObject("Actpol_Scripts/Opsporing/MBES18/2 Personalia/Garantsteller error message")): Text of object 'Object Repository/Actpol_Scripts/Opsporing/MBES18/2 Personalia/Garantsteller error message' is: 'Dit is een vereiste veld'&#xD;
&#xD;
2019-09-24 18:25:37 - [MESSAGE][PASSED] - Text of object 'Object Repository/Actpol_Scripts/Opsporing/MBES18/2 Personalia/Garantsteller error message' is: 'Dit is een vereiste veld'&#xD;
&#xD;
2019-09-24 18:25:37 - [TEST_STEP][PASSED] - Garantstellerverify = "Dit is een vereiste veld": null&#xD;
&#xD;
2019-09-24 18:25:37 - [TEST_STEP][PASSED] - log.logInfo(Garantsteller): Dit is een vereiste veld&#xD;
&#xD;
2019-09-24 18:25:37 - [MESSAGE][INFO] - Dit is een vereiste veld&#xD;
&#xD;
2019-09-24 18:25:37 - [TEST_STEP][PASSED] - if (Garantsteller == Garantstellerverify): success and error message in Garantsteller/referent&#xD;
&#xD;
2019-09-24 18:25:37 - [TEST_STEP][PASSED] - log.logInfo("success and error message in Garantsteller/referent"): success and error message in Garantsteller/referent&#xD;
&#xD;
2019-09-24 18:25:37 - [MESSAGE][INFO] - success and error message in Garantsteller/referent&#xD;
&#xD;
2019-09-24 18:25:37 - [TEST_STEP][NOT_RUN] - delay(2): NOT_RUN: delay(2)&#xD;
&#xD;
2019-09-24 18:25:37 - [MESSAGE][NOT_RUN] - NOT_RUN: delay(2)&#xD;
&#xD;
2019-09-24 18:25:37 - [TEST_STEP][NOT_RUN] - click(findTestObject("Actpol_Scripts/Opsporing/MBES18/2 Personalia/Personalia Achternaam new")): NOT_RUN: click(findTestObject("Actpol_Scripts/Opsporing/MBES18/2 Personalia/Personalia Achternaam new"))&#xD;
&#xD;
2019-09-24 18:25:37 - [MESSAGE][NOT_RUN] - NOT_RUN: click(findTestObject("Actpol_Scripts/Opsporing/MBES18/2 Personalia/Personalia Achternaam new"))&#xD;
&#xD;
2019-09-24 18:25:37 - [TEST_STEP][NOT_RUN] - delay(4): NOT_RUN: delay(4)&#xD;
&#xD;
2019-09-24 18:25:37 - [MESSAGE][NOT_RUN] - NOT_RUN: delay(4)&#xD;
&#xD;
2019-09-24 18:25:37 - [TEST_STEP][NOT_RUN] - click(findTestObject("Actpol_Scripts/Opsporing/MBES18/2 Personalia/Select default persoon"), OPTIONAL): NOT_RUN: click(findTestObject("Actpol_Scripts/Opsporing/MBES18/2 Personalia/Select default persoon"), OPTIONAL)&#xD;
&#xD;
2019-09-24 18:25:37 - [MESSAGE][NOT_RUN] - NOT_RUN: click(findTestObject("Actpol_Scripts/Opsporing/MBES18/2 Personalia/Select default persoon"), OPTIONAL)&#xD;
&#xD;
2019-09-24 18:25:37 - [TEST_STEP][NOT_RUN] - delay(2): NOT_RUN: delay(2)&#xD;
&#xD;
2019-09-24 18:25:37 - [MESSAGE][NOT_RUN] - NOT_RUN: delay(2)&#xD;
&#xD;
2019-09-24 18:25:37 - [TEST_STEP][NOT_RUN] - click(findTestObject("Actpol_Scripts/Opsporing/MBES18/2 Personalia/new persoon close btn"), OPTIONAL): NOT_RUN: click(findTestObject("Actpol_Scripts/Opsporing/MBES18/2 Personalia/new persoon close btn"), OPTIONAL)&#xD;
&#xD;
2019-09-24 18:25:37 - [MESSAGE][NOT_RUN] - NOT_RUN: click(findTestObject("Actpol_Scripts/Opsporing/MBES18/2 Personalia/new persoon close btn"), OPTIONAL)&#xD;
&#xD;
2019-09-24 18:25:37 - [TEST_STEP][PASSED] - delay(2): Delayed 2 second(s)&#xD;
&#xD;
2019-09-24 18:25:39 - [MESSAGE][PASSED] - Delayed 2 second(s)&#xD;
&#xD;
2019-09-24 18:25:39 - [TEST_STEP][PASSED] - setText(findTestObject("Actpol_Scripts/Opsporing/MBES18/2 Personalia/Achternaam text"), "aa"): Text 'aa' is set on object 'Object Repository/Actpol_Scripts/Opsporing/MBES18/2 Personalia/Achternaam text'&#xD;
&#xD;
2019-09-24 18:25:40 - [MESSAGE][PASSED] - Text 'aa' is set on object 'Object Repository/Actpol_Scripts/Opsporing/MBES18/2 Personalia/Achternaam text'&#xD;
&#xD;
2019-09-24 18:25:40 - [TEST_STEP][PASSED] - delay(2): Delayed 2 second(s)&#xD;
&#xD;
2019-09-24 18:25:42 - [MESSAGE][PASSED] - Delayed 2 second(s)&#xD;
&#xD;
2019-09-24 18:25:42 - [TEST_STEP][PASSED] - click(findTestObject("Actpol_Scripts/Opsporing/MBES18/2 Personalia/Achternaam text lb")): Object: 'Object Repository/Actpol_Scripts/Opsporing/MBES18/2 Personalia/Achternaam text lb' is clicked on&#xD;
&#xD;
2019-09-24 18:25:42 - [MESSAGE][PASSED] - Object: 'Object Repository/Actpol_Scripts/Opsporing/MBES18/2 Personalia/Achternaam text lb' is clicked on&#xD;
&#xD;
2019-09-24 18:25:42 - [TEST_STEP][PASSED] - delay(1): Delayed 1 second(s)&#xD;
&#xD;
2019-09-24 18:25:43 - [MESSAGE][PASSED] - Delayed 1 second(s)&#xD;
&#xD;
2019-09-24 18:25:43 - [TEST_STEP][PASSED] - setText(findTestObject("Actpol_Scripts/Opsporing/MBES18/2 Personalia/Garantsteller new"), "aa"): Text 'aa' is set on object 'Object Repository/Actpol_Scripts/Opsporing/MBES18/2 Personalia/Garantsteller new'&#xD;
&#xD;
2019-09-24 18:25:44 - [MESSAGE][PASSED] - Text 'aa' is set on object 'Object Repository/Actpol_Scripts/Opsporing/MBES18/2 Personalia/Garantsteller new'&#xD;
&#xD;
2019-09-24 18:25:44 - [TEST_STEP][PASSED] - delay(2): Delayed 2 second(s)&#xD;
&#xD;
2019-09-24 18:25:46 - [MESSAGE][PASSED] - Delayed 2 second(s)&#xD;
&#xD;
2019-09-24 18:25:46 - [TEST_STEP][PASSED] - click(findTestObject("Actpol_Scripts/Opsporing/MBES18/2 Personalia/Garantsteller new lb")): Object: 'Object Repository/Actpol_Scripts/Opsporing/MBES18/2 Personalia/Garantsteller new lb' is clicked on&#xD;
&#xD;
2019-09-24 18:25:47 - [MESSAGE][PASSED] - Object: 'Object Repository/Actpol_Scripts/Opsporing/MBES18/2 Personalia/Garantsteller new lb' is clicked on&#xD;
&#xD;
2019-09-24 18:25:47 - [TEST_STEP][PASSED] - delay(1): Delayed 1 second(s)&#xD;
&#xD;
2019-09-24 18:25:48 - [MESSAGE][PASSED] - Delayed 1 second(s)&#xD;
&#xD;
2019-09-24 18:25:48 - [TEST_STEP][PASSED] - scrollToPosition(10, 7): Browser is scrolled to position x = 10, y = 7&#xD;
&#xD;
2019-09-24 18:25:48 - [MESSAGE][PASSED] - Browser is scrolled to position x = 10, y = 7&#xD;
&#xD;
2019-09-24 18:25:48 - [TEST_STEP][PASSED] - delay(1): Delayed 1 second(s)&#xD;
&#xD;
2019-09-24 18:25:49 - [MESSAGE][PASSED] - Delayed 1 second(s)&#xD;
&#xD;
2019-09-24 18:25:49 - [TEST_STEP][PASSED] - click(findTestObject("Actpol_Scripts/Opsporing/MBES18/2 Personalia/Personalia tab")): Object: 'Object Repository/Actpol_Scripts/Opsporing/MBES18/2 Personalia/Personalia tab' is clicked on&#xD;
&#xD;
2019-09-24 18:25:49 - [MESSAGE][PASSED] - Object: 'Object Repository/Actpol_Scripts/Opsporing/MBES18/2 Personalia/Personalia tab' is clicked on&#xD;
&#xD;
2019-09-24 18:25:49 - [TEST_STEP][PASSED] - delay(1): Delayed 1 second(s)&#xD;
&#xD;
2019-09-24 18:25:50 - [MESSAGE][PASSED] - Delayed 1 second(s)&#xD;
&#xD;
2019-09-24 18:25:50 - [TEST_STEP][PASSED] - click(findTestObject("Actpol_Scripts/Opsporing/MBES18/3 INBEWARINGSTELLINGS_C.Q._PLAATSINGSGEGEVENS/INBEWARINGSTELLINGS C.Q. PLAATSINGSGEGEVENS tab")): Object: 'Object Repository/Actpol_Scripts/Opsporing/MBES18/3 INBEWARINGSTELLINGS_C.Q._PLAATSINGSGEGEVENS/INBEWARINGSTELLINGS C.Q. PLAATSINGSGEGEVENS tab' is clicked on&#xD;
&#xD;
2019-09-24 18:25:51 - [MESSAGE][PASSED] - Object: 'Object Repository/Actpol_Scripts/Opsporing/MBES18/3 INBEWARINGSTELLINGS_C.Q._PLAATSINGSGEGEVENS/INBEWARINGSTELLINGS C.Q. PLAATSINGSGEGEVENS tab' is clicked on&#xD;
&#xD;
2019-09-24 18:25:51 - [TEST_STEP][PASSED] - delay(2): Delayed 2 second(s)&#xD;
&#xD;
2019-09-24 18:25:53 - [MESSAGE][PASSED] - Delayed 2 second(s)&#xD;
&#xD;
2019-09-24 18:25:53 - [TEST_STEP][PASSED] - comment("INBEWARINGSTELLINGS C.Q. PLAATSINGSGEGEVENS  error messages"): INBEWARINGSTELLINGS C.Q. PLAATSINGSGEGEVENS  error messages&#xD;
&#xD;
2019-09-24 18:25:53 - [MESSAGE][INFO] - INBEWARINGSTELLINGS C.Q. PLAATSINGSGEGEVENS  error messages&#xD;
&#xD;
2019-09-24 18:25:53 - [TEST_STEP][PASSED] - delay(1): Delayed 1 second(s)&#xD;
&#xD;
2019-09-24 18:25:54 - [MESSAGE][PASSED] - Delayed 1 second(s)&#xD;
&#xD;
2019-09-24 18:25:54 - [TEST_STEP][PASSED] - Inbewaringstellingsinds = getText(findTestObject("Actpol_Scripts/Opsporing/MBES18/3 INBEWARINGSTELLINGS_C.Q._PLAATSINGSGEGEVENS/Inbewaringstelling sinds error message"), OPTIONAL): Text of object 'Object Repository/Actpol_Scripts/Opsporing/MBES18/3 INBEWARINGSTELLINGS_C.Q._PLAATSINGSGEGEVENS/Inbewaringstelling sinds error message' is: 'Dit is een vereiste veld'&#xD;
&#xD;
2019-09-24 18:25:54 - [MESSAGE][PASSED] - Text of object 'Object Repository/Actpol_Scripts/Opsporing/MBES18/3 INBEWARINGSTELLINGS_C.Q._PLAATSINGSGEGEVENS/Inbewaringstelling sinds error message' is: 'Dit is een vereiste veld'&#xD;
&#xD;
2019-09-24 18:25:54 - [TEST_STEP][PASSED] - if (Inbewaringstellingsinds == Garantstellerverify): success and error message in Inbewaringstelling sinds&#xD;
&#xD;
2019-09-24 18:25:54 - [TEST_STEP][PASSED] - log.logInfo("success and error message in Inbewaringstelling sinds"): success and error message in Inbewaringstelling sinds&#xD;
&#xD;
2019-09-24 18:25:54 - [MESSAGE][INFO] - success and error message in Inbewaringstelling sinds&#xD;
&#xD;
2019-09-24 18:25:54 - [TEST_STEP][PASSED] - delay(1): Delayed 1 second(s)&#xD;
&#xD;
2019-09-24 18:25:55 - [MESSAGE][PASSED] - Delayed 1 second(s)&#xD;
&#xD;
2019-09-24 18:25:55 - [TEST_STEP][PASSED] - OpgrondvanartikelWTUBES = getText(findTestObject("Actpol_Scripts/Opsporing/MBES18/3 INBEWARINGSTELLINGS_C.Q._PLAATSINGSGEGEVENS/Op grond van artikel WTU_BES error message"), OPTIONAL): Text of object 'Object Repository/Actpol_Scripts/Opsporing/MBES18/3 INBEWARINGSTELLINGS_C.Q._PLAATSINGSGEGEVENS/Op grond van artikel WTU_BES error message' is: 'Dit is een vereiste veld'&#xD;
&#xD;
2019-09-24 18:25:56 - [MESSAGE][PASSED] - Text of object 'Object Repository/Actpol_Scripts/Opsporing/MBES18/3 INBEWARINGSTELLINGS_C.Q._PLAATSINGSGEGEVENS/Op grond van artikel WTU_BES error message' is: 'Dit is een vereiste veld'&#xD;
&#xD;
2019-09-24 18:25:56 - [TEST_STEP][PASSED] - if (OpgrondvanartikelWTUBES == Garantstellerverify): success and error message in Op grond van artikel WTU-BES&#xD;
&#xD;
2019-09-24 18:25:56 - [TEST_STEP][PASSED] - log.logInfo("success and error message in Op grond van artikel WTU-BES"): success and error message in Op grond van artikel WTU-BES&#xD;
&#xD;
2019-09-24 18:25:56 - [MESSAGE][INFO] - success and error message in Op grond van artikel WTU-BES&#xD;
&#xD;
2019-09-24 18:25:56 - [TEST_STEP][PASSED] - delay(1): Delayed 1 second(s)&#xD;
&#xD;
2019-09-24 18:25:57 - [MESSAGE][PASSED] - Delayed 1 second(s)&#xD;
&#xD;
2019-09-24 18:25:57 - [TEST_STEP][PASSED] - staandehoudingDatumgrensweigering = getText(findTestObject("Actpol_Scripts/Opsporing/MBES18/3 INBEWARINGSTELLINGS_C.Q._PLAATSINGSGEGEVENS/Datum aan_staandehouding Datum grensweigering error message"), OPTIONAL): Text of object 'Object Repository/Actpol_Scripts/Opsporing/MBES18/3 INBEWARINGSTELLINGS_C.Q._PLAATSINGSGEGEVENS/Datum aan_staandehouding Datum grensweigering error message' is: 'Dit is een vereiste veld'&#xD;
&#xD;
2019-09-24 18:25:57 - [MESSAGE][PASSED] - Text of object 'Object Repository/Actpol_Scripts/Opsporing/MBES18/3 INBEWARINGSTELLINGS_C.Q._PLAATSINGSGEGEVENS/Datum aan_staandehouding Datum grensweigering error message' is: 'Dit is een vereiste veld'&#xD;
&#xD;
2019-09-24 18:25:57 - [TEST_STEP][PASSED] - if (staandehoudingDatumgrensweigering == Garantstellerverify): success and error message in Datum aan-/staandehouding Datum grensweigering&#xD;
&#xD;
2019-09-24 18:25:57 - [TEST_STEP][PASSED] - log.logInfo("success and error message in Datum aan-/staandehouding Datum grensweigering"): success and error message in Datum aan-/staandehouding Datum grensweigering&#xD;
&#xD;
2019-09-24 18:25:57 - [MESSAGE][INFO] - success and error message in Datum aan-/staandehouding Datum grensweigering&#xD;
&#xD;
2019-09-24 18:25:57 - [TEST_STEP][PASSED] - delay(1): Delayed 1 second(s)&#xD;
&#xD;
2019-09-24 18:25:58 - [MESSAGE][PASSED] - Delayed 1 second(s)&#xD;
&#xD;
2019-09-24 18:25:58 - [TEST_STEP][PASSED] - scrollToElement(findTestObject("Actpol_Scripts/Opsporing/MBES18/3 INBEWARINGSTELLINGS_C.Q._PLAATSINGSGEGEVENS/Reden aan_staandehouding Reden grensweigering error message"), 2): Scroll to object 'Object Repository/Actpol_Scripts/Opsporing/MBES18/3 INBEWARINGSTELLINGS_C.Q._PLAATSINGSGEGEVENS/Reden aan_staandehouding Reden grensweigering error message' successfully&#xD;
&#xD;
2019-09-24 18:25:59 - [MESSAGE][PASSED] - Scroll to object 'Object Repository/Actpol_Scripts/Opsporing/MBES18/3 INBEWARINGSTELLINGS_C.Q._PLAATSINGSGEGEVENS/Reden aan_staandehouding Reden grensweigering error message' successfully&#xD;
&#xD;
2019-09-24 18:25:59 - [TEST_STEP][PASSED] - delay(1): Delayed 1 second(s)&#xD;
&#xD;
2019-09-24 18:26:00 - [MESSAGE][PASSED] - Delayed 1 second(s)&#xD;
&#xD;
2019-09-24 18:26:00 - [TEST_STEP][PASSED] - Redenaanstaandehouding = getText(findTestObject("Actpol_Scripts/Opsporing/MBES18/3 INBEWARINGSTELLINGS_C.Q._PLAATSINGSGEGEVENS/Reden aan_staandehouding Reden grensweigering error message"), OPTIONAL): Text of object 'Object Repository/Actpol_Scripts/Opsporing/MBES18/3 INBEWARINGSTELLINGS_C.Q._PLAATSINGSGEGEVENS/Reden aan_staandehouding Reden grensweigering error message' is: 'Dit is een vereiste veld'&#xD;
&#xD;
2019-09-24 18:26:00 - [MESSAGE][PASSED] - Text of object 'Object Repository/Actpol_Scripts/Opsporing/MBES18/3 INBEWARINGSTELLINGS_C.Q._PLAATSINGSGEGEVENS/Reden aan_staandehouding Reden grensweigering error message' is: 'Dit is een vereiste veld'&#xD;
&#xD;
2019-09-24 18:26:00 - [TEST_STEP][PASSED] - if (Redenaanstaandehouding == Garantstellerverify): success and error message in Reden aan-/staandehouding Reden grensweigering&#xD;
&#xD;
2019-09-24 18:26:00 - [TEST_STEP][PASSED] - log.logInfo("success and error message in Reden aan-/staandehouding Reden grensweigering"): success and error message in Reden aan-/staandehouding Reden grensweigering&#xD;
&#xD;
2019-09-24 18:26:00 - [MESSAGE][INFO] - success and error message in Reden aan-/staandehouding Reden grensweigering&#xD;
&#xD;
2019-09-24 18:26:00 - [TEST_STEP][PASSED] - delay(1): Delayed 1 second(s)&#xD;
&#xD;
2019-09-24 18:26:01 - [MESSAGE][PASSED] - Delayed 1 second(s)&#xD;
&#xD;
2019-09-24 18:26:01 - [TEST_STEP][PASSED] - Inbewaringstellingslocatie = getText(findTestObject("Actpol_Scripts/Opsporing/MBES18/3 INBEWARINGSTELLINGS_C.Q._PLAATSINGSGEGEVENS/Inbewaringstellings-locatie error message"), OPTIONAL): Text of object 'Object Repository/Actpol_Scripts/Opsporing/MBES18/3 INBEWARINGSTELLINGS_C.Q._PLAATSINGSGEGEVENS/Inbewaringstellings-locatie error message' is: 'Dit is een vereiste veld'&#xD;
&#xD;
2019-09-24 18:26:01 - [MESSAGE][PASSED] - Text of object 'Object Repository/Actpol_Scripts/Opsporing/MBES18/3 INBEWARINGSTELLINGS_C.Q._PLAATSINGSGEGEVENS/Inbewaringstellings-locatie error message' is: 'Dit is een vereiste veld'&#xD;
&#xD;
2019-09-24 18:26:01 - [TEST_STEP][PASSED] - if (Inbewaringstellingslocatie == Garantstellerverify): success and error message in Inbewaringstellings locatie&#xD;
&#xD;
2019-09-24 18:26:01 - [TEST_STEP][PASSED] - log.logInfo("success and error message in Inbewaringstellings locatie"): success and error message in Inbewaringstellings locatie&#xD;
&#xD;
2019-09-24 18:26:01 - [MESSAGE][INFO] - success and error message in Inbewaringstellings locatie&#xD;
&#xD;
2019-09-24 18:26:01 - [TEST_STEP][PASSED] - delay(1): Delayed 1 second(s)&#xD;
&#xD;
2019-09-24 18:26:02 - [MESSAGE][PASSED] - Delayed 1 second(s)&#xD;
&#xD;
2019-09-24 18:26:02 - [TEST_STEP][PASSED] - INDCN = getText(findTestObject("Actpol_Scripts/Opsporing/MBES18/3 INBEWARINGSTELLINGS_C.Q._PLAATSINGSGEGEVENS/Bekend bij IND-CN in het kader van toelating_bescherming error messaage"), OPTIONAL): Text of object 'Object Repository/Actpol_Scripts/Opsporing/MBES18/3 INBEWARINGSTELLINGS_C.Q._PLAATSINGSGEGEVENS/Bekend bij IND-CN in het kader van toelating_bescherming error messaage' is: 'Dit is een vereiste veld'&#xD;
&#xD;
2019-09-24 18:26:03 - [MESSAGE][PASSED] - Text of object 'Object Repository/Actpol_Scripts/Opsporing/MBES18/3 INBEWARINGSTELLINGS_C.Q._PLAATSINGSGEGEVENS/Bekend bij IND-CN in het kader van toelating_bescherming error messaage' is: 'Dit is een vereiste veld'&#xD;
&#xD;
2019-09-24 18:26:03 - [TEST_STEP][PASSED] - if (INDCN == Garantstellerverify): success and error message in Bekend bij IND-CN in het kader van toelating/bescherming&#xD;
&#xD;
2019-09-24 18:26:03 - [TEST_STEP][PASSED] - log.logInfo("success and error message in Bekend bij IND-CN in het kader van toelating/bescherming"): success and error message in Bekend bij IND-CN in het kader van toelating/bescherming&#xD;
&#xD;
2019-09-24 18:26:03 - [MESSAGE][INFO] - success and error message in Bekend bij IND-CN in het kader van toelating/bescherming&#xD;
&#xD;
2019-09-24 18:26:03 - [TEST_STEP][PASSED] - delay(1): Delayed 1 second(s)&#xD;
&#xD;
2019-09-24 18:26:04 - [MESSAGE][PASSED] - Delayed 1 second(s)&#xD;
&#xD;
2019-09-24 18:26:04 - [TEST_STEP][PASSED] - Datumbeeindigingrechtmatigverblijf = getText(findTestObject("Actpol_Scripts/Opsporing/MBES18/3 INBEWARINGSTELLINGS_C.Q._PLAATSINGSGEGEVENS/Datum beeindiging rechtmatig verblijf error message"), OPTIONAL): Text of object 'Object Repository/Actpol_Scripts/Opsporing/MBES18/3 INBEWARINGSTELLINGS_C.Q._PLAATSINGSGEGEVENS/Datum beeindiging rechtmatig verblijf error message' is: 'Dit is een vereiste veld'&#xD;
&#xD;
2019-09-24 18:26:04 - [MESSAGE][PASSED] - Text of object 'Object Repository/Actpol_Scripts/Opsporing/MBES18/3 INBEWARINGSTELLINGS_C.Q._PLAATSINGSGEGEVENS/Datum beeindiging rechtmatig verblijf error message' is: 'Dit is een vereiste veld'&#xD;
&#xD;
2019-09-24 18:26:04 - [TEST_STEP][PASSED] - if (Datumbeeindigingrechtmatigverblijf == Garantstellerverify): success and error message in Datum beeindiging rechtmatig verblijf&#xD;
&#xD;
2019-09-24 18:26:04 - [TEST_STEP][PASSED] - log.logInfo("success and error message in Datum beeindiging rechtmatig verblijf"): success and error message in Datum beeindiging rechtmatig verblijf&#xD;
&#xD;
2019-09-24 18:26:04 - [MESSAGE][INFO] - success and error message in Datum beeindiging rechtmatig verblijf&#xD;
&#xD;
2019-09-24 18:26:04 - [TEST_STEP][PASSED] - delay(1): Delayed 1 second(s)&#xD;
&#xD;
2019-09-24 18:26:05 - [MESSAGE][PASSED] - Delayed 1 second(s)&#xD;
&#xD;
2019-09-24 18:26:05 - [TEST_STEP][PASSED] - delay(1): Delayed 1 second(s)&#xD;
&#xD;
2019-09-24 18:26:06 - [MESSAGE][PASSED] - Delayed 1 second(s)&#xD;
&#xD;
2019-09-24 18:26:06 - [TEST_STEP][PASSED] - scrollToPosition(10, 7): Browser is scrolled to position x = 10, y = 7&#xD;
&#xD;
2019-09-24 18:26:06 - [MESSAGE][PASSED] - Browser is scrolled to position x = 10, y = 7&#xD;
&#xD;
2019-09-24 18:26:06 - [TEST_STEP][PASSED] - comment("INBEWARINGSTELLINGS C.Q. PLAATSINGSGEGEVENS tab data filling"): INBEWARINGSTELLINGS C.Q. PLAATSINGSGEGEVENS tab data filling&#xD;
&#xD;
2019-09-24 18:26:06 - [MESSAGE][INFO] - INBEWARINGSTELLINGS C.Q. PLAATSINGSGEGEVENS tab data filling&#xD;
&#xD;
2019-09-24 18:26:06 - [TEST_STEP][PASSED] - delay(1): Delayed 1 second(s)&#xD;
&#xD;
2019-09-24 18:26:07 - [MESSAGE][PASSED] - Delayed 1 second(s)&#xD;
&#xD;
2019-09-24 18:26:07 - [TEST_STEP][NOT_RUN] - setText(findTestObject("Actpol_Scripts/Opsporing/MBES18/3 INBEWARINGSTELLINGS_C.Q._PLAATSINGSGEGEVENS/Inbewaringstelling sinds"), "02/09/2019"): NOT_RUN: setText(findTestObject("Actpol_Scripts/Opsporing/MBES18/3 INBEWARINGSTELLINGS_C.Q._PLAATSINGSGEGEVENS/Inbewaringstelling sinds"), "02/09/2019")&#xD;
&#xD;
2019-09-24 18:26:07 - [MESSAGE][NOT_RUN] - NOT_RUN: setText(findTestObject("Actpol_Scripts/Opsporing/MBES18/3 INBEWARINGSTELLINGS_C.Q._PLAATSINGSGEGEVENS/Inbewaringstelling sinds"), "02/09/2019")&#xD;
&#xD;
2019-09-24 18:26:07 - [TEST_STEP][PASSED] - click(findTestObject("Actpol_Scripts/Opsporing/MBES18/3 INBEWARINGSTELLINGS_C.Q._PLAATSINGSGEGEVENS/Inbewaringstelling sinds calender icon")): Object: 'Object Repository/Actpol_Scripts/Opsporing/MBES18/3 INBEWARINGSTELLINGS_C.Q._PLAATSINGSGEGEVENS/Inbewaringstelling sinds calender icon' is clicked on&#xD;
&#xD;
2019-09-24 18:26:08 - [MESSAGE][PASSED] - Object: 'Object Repository/Actpol_Scripts/Opsporing/MBES18/3 INBEWARINGSTELLINGS_C.Q._PLAATSINGSGEGEVENS/Inbewaringstelling sinds calender icon' is clicked on&#xD;
&#xD;
2019-09-24 18:26:08 - [TEST_STEP][PASSED] - delay(2): Delayed 2 second(s)&#xD;
&#xD;
2019-09-24 18:26:10 - [MESSAGE][PASSED] - Delayed 2 second(s)&#xD;
&#xD;
2019-09-24 18:26:10 - [TEST_STEP][PASSED] - selectOptionByLabel(findTestObject("Actpol_Scripts/Monthyear/Rightmonth"), "sep", false): All options with label 'sep' are selected in object 'Object Repository/Actpol_Scripts/Monthyear/Rightmonth' &#xD;
&#xD;
2019-09-24 18:26:10 - [MESSAGE][PASSED] - All options with label 'sep' are selected in object 'Object Repository/Actpol_Scripts/Monthyear/Rightmonth' &#xD;
&#xD;
2019-09-24 18:26:10 - [TEST_STEP][PASSED] - delay(1): Delayed 1 second(s)&#xD;
&#xD;
2019-09-24 18:26:11 - [MESSAGE][PASSED] - Delayed 1 second(s)&#xD;
&#xD;
2019-09-24 18:26:11 - [TEST_STEP][PASSED] - selectOptionByLabel(findTestObject("Actpol_Scripts/Monthyear/Rightyear"), "2019", false): All options with label '2019' are selected in object 'Object Repository/Actpol_Scripts/Monthyear/Rightyear' &#xD;
&#xD;
2019-09-24 18:26:12 - [MESSAGE][PASSED] - All options with label '2019' are selected in object 'Object Repository/Actpol_Scripts/Monthyear/Rightyear' &#xD;
&#xD;
2019-09-24 18:26:12 - [TEST_STEP][PASSED] - delay(1): Delayed 1 second(s)&#xD;
&#xD;
2019-09-24 18:26:13 - [MESSAGE][PASSED] - Delayed 1 second(s)&#xD;
&#xD;
2019-09-24 18:26:13 - [TEST_STEP][PASSED] - click(findTestObject("Actpol_Scripts/Date/16th right frame")): Object: 'Object Repository/Actpol_Scripts/Date/16th right frame' is clicked on&#xD;
&#xD;
2019-09-24 18:26:13 - [MESSAGE][PASSED] - Object: 'Object Repository/Actpol_Scripts/Date/16th right frame' is clicked on&#xD;
&#xD;
2019-09-24 18:26:13 - [TEST_STEP][PASSED] - delay(1): Delayed 1 second(s)&#xD;
&#xD;
2019-09-24 18:26:14 - [MESSAGE][PASSED] - Delayed 1 second(s)&#xD;
&#xD;
2019-09-24 18:26:14 - [TEST_STEP][PASSED] - setText(findTestObject("Actpol_Scripts/Opsporing/MBES18/3 INBEWARINGSTELLINGS_C.Q._PLAATSINGSGEGEVENS/Plaatsing sinds"), "01012019"): Text '01012019' is set on object 'Object Repository/Actpol_Scripts/Opsporing/MBES18/3 INBEWARINGSTELLINGS_C.Q._PLAATSINGSGEGEVENS/Plaatsing sinds'&#xD;
&#xD;
2019-09-24 18:26:15 - [MESSAGE][PASSED] - Text '01012019' is set on object 'Object Repository/Actpol_Scripts/Opsporing/MBES18/3 INBEWARINGSTELLINGS_C.Q._PLAATSINGSGEGEVENS/Plaatsing sinds'&#xD;
&#xD;
2019-09-24 18:26:15 - [TEST_STEP][PASSED] - comment("Checking dropdown"): Checking dropdown&#xD;
&#xD;
2019-09-24 18:26:15 - [MESSAGE][INFO] - Checking dropdown&#xD;
&#xD;
2019-09-24 18:26:15 - [TEST_STEP][PASSED] - delay(1): Delayed 1 second(s)&#xD;
&#xD;
2019-09-24 18:26:16 - [MESSAGE][PASSED] - Delayed 1 second(s)&#xD;
&#xD;
2019-09-24 18:26:16 - [TEST_STEP][PASSED] - setText(findTestObject("Actpol_Scripts/Opsporing/MBES18/3 INBEWARINGSTELLINGS_C.Q._PLAATSINGSGEGEVENS/Op grond van artikel WTU-BES"), "a"): Text 'a' is set on object 'Object Repository/Actpol_Scripts/Opsporing/MBES18/3 INBEWARINGSTELLINGS_C.Q._PLAATSINGSGEGEVENS/Op grond van artikel WTU-BES'&#xD;
&#xD;
2019-09-24 18:26:16 - [MESSAGE][PASSED] - Text 'a' is set on object 'Object Repository/Actpol_Scripts/Opsporing/MBES18/3 INBEWARINGSTELLINGS_C.Q._PLAATSINGSGEGEVENS/Op grond van artikel WTU-BES'&#xD;
&#xD;
2019-09-24 18:26:16 - [TEST_STEP][PASSED] - delay(2): Delayed 2 second(s)&#xD;
&#xD;
2019-09-24 18:26:18 - [MESSAGE][PASSED] - Delayed 2 second(s)&#xD;
&#xD;
2019-09-24 18:26:18 - [TEST_STEP][PASSED] - click(findTestObject("Actpol_Scripts/Opsporing/MBES18/3 INBEWARINGSTELLINGS_C.Q._PLAATSINGSGEGEVENS/Op grond van artikel WTU-BES lb")): Object: 'Object Repository/Actpol_Scripts/Opsporing/MBES18/3 INBEWARINGSTELLINGS_C.Q._PLAATSINGSGEGEVENS/Op grond van artikel WTU-BES lb' is clicked on&#xD;
&#xD;
2019-09-24 18:26:19 - [MESSAGE][PASSED] - Object: 'Object Repository/Actpol_Scripts/Opsporing/MBES18/3 INBEWARINGSTELLINGS_C.Q._PLAATSINGSGEGEVENS/Op grond van artikel WTU-BES lb' is clicked on&#xD;
&#xD;
2019-09-24 18:26:19 - [TEST_STEP][PASSED] - comment("checking auto search"): checking auto search&#xD;
&#xD;
2019-09-24 18:26:19 - [MESSAGE][INFO] - checking auto search&#xD;
&#xD;
2019-09-24 18:26:19 - [TEST_STEP][PASSED] - delay(1): Delayed 1 second(s)&#xD;
&#xD;
2019-09-24 18:26:20 - [MESSAGE][PASSED] - Delayed 1 second(s)&#xD;
&#xD;
2019-09-24 18:26:20 - [TEST_STEP][PASSED] - click(findTestObject("JIRA/A Relese 6.6/ACTPOL-561/Op grond van artikel WTU-BES Auto search click")): Object: 'Object Repository/JIRA/A Relese 6.6/ACTPOL-561/Op grond van artikel WTU-BES Auto search click' is clicked on&#xD;
&#xD;
2019-09-24 18:26:21 - [MESSAGE][PASSED] - Object: 'Object Repository/JIRA/A Relese 6.6/ACTPOL-561/Op grond van artikel WTU-BES Auto search click' is clicked on&#xD;
&#xD;
2019-09-24 18:26:21 - [TEST_STEP][PASSED] - delay(2): Delayed 2 second(s)&#xD;
&#xD;
2019-09-24 18:26:23 - [MESSAGE][PASSED] - Delayed 2 second(s)&#xD;
&#xD;
2019-09-24 18:26:23 - [TEST_STEP][PASSED] - click(findTestObject("JIRA/A Relese 6.6/ACTPOL-561/Op grond van artikel WTU-BES Auto search click lb")): Object: 'Object Repository/JIRA/A Relese 6.6/ACTPOL-561/Op grond van artikel WTU-BES Auto search click lb' is clicked on&#xD;
&#xD;
2019-09-24 18:26:23 - [MESSAGE][PASSED] - Object: 'Object Repository/JIRA/A Relese 6.6/ACTPOL-561/Op grond van artikel WTU-BES Auto search click lb' is clicked on&#xD;
&#xD;
2019-09-24 18:26:23 - [TEST_STEP][PASSED] - delay(2): Delayed 2 second(s)&#xD;
&#xD;
2019-09-24 18:26:25 - [MESSAGE][PASSED] - Delayed 2 second(s)&#xD;
&#xD;
2019-09-24 18:26:25 - [TEST_STEP][NOT_RUN] - setText(findTestObject("Actpol_Scripts/Opsporing/MBES18/3 INBEWARINGSTELLINGS_C.Q._PLAATSINGSGEGEVENS/Datum aan_staandehouding Datum grensweigering"), "02/09/2019"): NOT_RUN: setText(findTestObject("Actpol_Scripts/Opsporing/MBES18/3 INBEWARINGSTELLINGS_C.Q._PLAATSINGSGEGEVENS/Datum aan_staandehouding Datum grensweigering"), "02/09/2019")&#xD;
&#xD;
2019-09-24 18:26:25 - [MESSAGE][NOT_RUN] - NOT_RUN: setText(findTestObject("Actpol_Scripts/Opsporing/MBES18/3 INBEWARINGSTELLINGS_C.Q._PLAATSINGSGEGEVENS/Datum aan_staandehouding Datum grensweigering"), "02/09/2019")&#xD;
&#xD;
2019-09-24 18:26:25 - [TEST_STEP][PASSED] - click(findTestObject("Actpol_Scripts/Opsporing/MBES18/3 INBEWARINGSTELLINGS_C.Q._PLAATSINGSGEGEVENS/staandehouding Datum grensweigering calender icon")): Object: 'Object Repository/Actpol_Scripts/Opsporing/MBES18/3 INBEWARINGSTELLINGS_C.Q._PLAATSINGSGEGEVENS/staandehouding Datum grensweigering calender icon' is clicked on&#xD;
&#xD;
2019-09-24 18:26:26 - [MESSAGE][PASSED] - Object: 'Object Repository/Actpol_Scripts/Opsporing/MBES18/3 INBEWARINGSTELLINGS_C.Q._PLAATSINGSGEGEVENS/staandehouding Datum grensweigering calender icon' is clicked on&#xD;
&#xD;
2019-09-24 18:26:26 - [TEST_STEP][PASSED] - delay(2): Delayed 2 second(s)&#xD;
&#xD;
2019-09-24 18:26:28 - [MESSAGE][PASSED] - Delayed 2 second(s)&#xD;
&#xD;
2019-09-24 18:26:28 - [TEST_STEP][PASSED] - selectOptionByLabel(findTestObject("Actpol_Scripts/Monthyear/Rightmonth"), "sep", false): All options with label 'sep' are selected in object 'Object Repository/Actpol_Scripts/Monthyear/Rightmonth' &#xD;
&#xD;
2019-09-24 18:26:28 - [MESSAGE][PASSED] - All options with label 'sep' are selected in object 'Object Repository/Actpol_Scripts/Monthyear/Rightmonth' &#xD;
&#xD;
2019-09-24 18:26:28 - [TEST_STEP][PASSED] - delay(1): Delayed 1 second(s)&#xD;
&#xD;
2019-09-24 18:26:29 - [MESSAGE][PASSED] - Delayed 1 second(s)&#xD;
&#xD;
2019-09-24 18:26:29 - [TEST_STEP][PASSED] - selectOptionByLabel(findTestObject("Actpol_Scripts/Monthyear/Rightyear"), "2019", false): All options with label '2019' are selected in object 'Object Repository/Actpol_Scripts/Monthyear/Rightyear' &#xD;
&#xD;
2019-09-24 18:26:30 - [MESSAGE][PASSED] - All options with label '2019' are selected in object 'Object Repository/Actpol_Scripts/Monthyear/Rightyear' &#xD;
&#xD;
2019-09-24 18:26:30 - [TEST_STEP][PASSED] - delay(1): Delayed 1 second(s)&#xD;
&#xD;
2019-09-24 18:26:31 - [MESSAGE][PASSED] - Delayed 1 second(s)&#xD;
&#xD;
2019-09-24 18:26:31 - [TEST_STEP][PASSED] - click(findTestObject("Actpol_Scripts/Date/16th right frame")): Object: 'Object Repository/Actpol_Scripts/Date/16th right frame' is clicked on&#xD;
&#xD;
2019-09-24 18:26:31 - [MESSAGE][PASSED] - Object: 'Object Repository/Actpol_Scripts/Date/16th right frame' is clicked on&#xD;
&#xD;
2019-09-24 18:26:31 - [TEST_STEP][PASSED] - delay(1): Delayed 1 second(s)&#xD;
&#xD;
2019-09-24 18:26:32 - [MESSAGE][PASSED] - Delayed 1 second(s)&#xD;
&#xD;
2019-09-24 18:26:32 - [TEST_STEP][PASSED] - setText(findTestObject("Actpol_Scripts/Opsporing/MBES18/3 INBEWARINGSTELLINGS_C.Q._PLAATSINGSGEGEVENS/Reden aan_staandehouding Reden grensweigering"), "testing :: Reden aan_staandehouding Reden grensweigering"): Text 'testing :: Reden aan_staandehouding Reden grensweigering' is set on object 'Object Repository/Actpol_Scripts/Opsporing/MBES18/3 INBEWARINGSTELLINGS_C.Q._PLAATSINGSGEGEVENS/Reden aan_staandehouding Reden grensweigering'&#xD;
&#xD;
2019-09-24 18:26:35 - [MESSAGE][PASSED] - Text 'testing :: Reden aan_staandehouding Reden grensweigering' is set on object 'Object Repository/Actpol_Scripts/Opsporing/MBES18/3 INBEWARINGSTELLINGS_C.Q._PLAATSINGSGEGEVENS/Reden aan_staandehouding Reden grensweigering'&#xD;
&#xD;
2019-09-24 18:26:35 - [TEST_STEP][PASSED] - delay(1): Delayed 1 second(s)&#xD;
&#xD;
2019-09-24 18:26:36 - [MESSAGE][PASSED] - Delayed 1 second(s)&#xD;
&#xD;
2019-09-24 18:26:36 - [TEST_STEP][PASSED] - setText(findTestObject("Actpol_Scripts/Opsporing/MBES18/3 INBEWARINGSTELLINGS_C.Q._PLAATSINGSGEGEVENS/Inbewaringstellings-locatie"), "a"): Text 'a' is set on object 'Object Repository/Actpol_Scripts/Opsporing/MBES18/3 INBEWARINGSTELLINGS_C.Q._PLAATSINGSGEGEVENS/Inbewaringstellings-locatie'&#xD;
&#xD;
2019-09-24 18:26:36 - [MESSAGE][PASSED] - Text 'a' is set on object 'Object Repository/Actpol_Scripts/Opsporing/MBES18/3 INBEWARINGSTELLINGS_C.Q._PLAATSINGSGEGEVENS/Inbewaringstellings-locatie'&#xD;
&#xD;
2019-09-24 18:26:36 - [TEST_STEP][PASSED] - delay(2): Delayed 2 second(s)&#xD;
&#xD;
2019-09-24 18:26:38 - [MESSAGE][PASSED] - Delayed 2 second(s)&#xD;
&#xD;
2019-09-24 18:26:38 - [TEST_STEP][PASSED] - click(findTestObject("Actpol_Scripts/Opsporing/MBES18/3 INBEWARINGSTELLINGS_C.Q._PLAATSINGSGEGEVENS/Inbewaringstellings-locatie lb")): Object: 'Object Repository/Actpol_Scripts/Opsporing/MBES18/3 INBEWARINGSTELLINGS_C.Q._PLAATSINGSGEGEVENS/Inbewaringstellings-locatie lb' is clicked on&#xD;
&#xD;
2019-09-24 18:26:39 - [MESSAGE][PASSED] - Object: 'Object Repository/Actpol_Scripts/Opsporing/MBES18/3 INBEWARINGSTELLINGS_C.Q._PLAATSINGSGEGEVENS/Inbewaringstellings-locatie lb' is clicked on&#xD;
&#xD;
2019-09-24 18:26:39 - [TEST_STEP][PASSED] - delay(2): Delayed 2 second(s)&#xD;
&#xD;
2019-09-24 18:26:41 - [MESSAGE][PASSED] - Delayed 2 second(s)&#xD;
&#xD;
2019-09-24 18:26:41 - [TEST_STEP][PASSED] - setText(findTestObject("Actpol_Scripts/Opsporing/MBES18/3 INBEWARINGSTELLINGS_C.Q._PLAATSINGSGEGEVENS/Naam advocaat"), "testing :: Naam advocaat"): Text 'testing :: Naam advocaat' is set on object 'Object Repository/Actpol_Scripts/Opsporing/MBES18/3 INBEWARINGSTELLINGS_C.Q._PLAATSINGSGEGEVENS/Naam advocaat'&#xD;
&#xD;
2019-09-24 18:26:42 - [MESSAGE][PASSED] - Text 'testing :: Naam advocaat' is set on object 'Object Repository/Actpol_Scripts/Opsporing/MBES18/3 INBEWARINGSTELLINGS_C.Q._PLAATSINGSGEGEVENS/Naam advocaat'&#xD;
&#xD;
2019-09-24 18:26:42 - [TEST_STEP][PASSED] - delay(1): Delayed 1 second(s)&#xD;
&#xD;
2019-09-24 18:26:43 - [MESSAGE][PASSED] - Delayed 1 second(s)&#xD;
&#xD;
2019-09-24 18:26:43 - [TEST_STEP][PASSED] - setText(findTestObject("Actpol_Scripts/Opsporing/MBES18/3 INBEWARINGSTELLINGS_C.Q._PLAATSINGSGEGEVENS/advocaat telefoonnummer"), "985213647"): Text '985213647' is set on object 'Object Repository/Actpol_Scripts/Opsporing/MBES18/3 INBEWARINGSTELLINGS_C.Q._PLAATSINGSGEGEVENS/advocaat telefoonnummer'&#xD;
&#xD;
2019-09-24 18:26:44 - [MESSAGE][PASSED] - Text '985213647' is set on object 'Object Repository/Actpol_Scripts/Opsporing/MBES18/3 INBEWARINGSTELLINGS_C.Q._PLAATSINGSGEGEVENS/advocaat telefoonnummer'&#xD;
&#xD;
2019-09-24 18:26:44 - [TEST_STEP][PASSED] - delay(1): Delayed 1 second(s)&#xD;
&#xD;
2019-09-24 18:26:45 - [MESSAGE][PASSED] - Delayed 1 second(s)&#xD;
&#xD;
2019-09-24 18:26:45 - [TEST_STEP][PASSED] - setText(findTestObject("Actpol_Scripts/Opsporing/MBES18/3 INBEWARINGSTELLINGS_C.Q._PLAATSINGSGEGEVENS/Naam ambtenaar KPCN _KmarCarib"), "testing :: Naam ambtenaar KPCN /KmarCarib"): Text 'testing :: Naam ambtenaar KPCN /KmarCarib' is set on object 'Object Repository/Actpol_Scripts/Opsporing/MBES18/3 INBEWARINGSTELLINGS_C.Q._PLAATSINGSGEGEVENS/Naam ambtenaar KPCN _KmarCarib'&#xD;
&#xD;
2019-09-24 18:26:47 - [MESSAGE][PASSED] - Text 'testing :: Naam ambtenaar KPCN /KmarCarib' is set on object 'Object Repository/Actpol_Scripts/Opsporing/MBES18/3 INBEWARINGSTELLINGS_C.Q._PLAATSINGSGEGEVENS/Naam ambtenaar KPCN _KmarCarib'&#xD;
&#xD;
2019-09-24 18:26:47 - [TEST_STEP][PASSED] - delay(1): Delayed 1 second(s)&#xD;
&#xD;
2019-09-24 18:26:48 - [MESSAGE][PASSED] - Delayed 1 second(s)&#xD;
&#xD;
2019-09-24 18:26:48 - [TEST_STEP][PASSED] - setText(findTestObject("Actpol_Scripts/Opsporing/MBES18/3 INBEWARINGSTELLINGS_C.Q._PLAATSINGSGEGEVENS/Bekend bij IND-CN in het kader van"), "testing :: Bekend bij IND-CN in het kader van toelating/bescherming"): Text 'testing :: Bekend bij IND-CN in het kader van toelating/bescherming' is set on object 'Object Repository/Actpol_Scripts/Opsporing/MBES18/3 INBEWARINGSTELLINGS_C.Q._PLAATSINGSGEGEVENS/Bekend bij IND-CN in het kader van'&#xD;
&#xD;
2019-09-24 18:26:51 - [MESSAGE][PASSED] - Text 'testing :: Bekend bij IND-CN in het kader van toelating/bescherming' is set on object 'Object Repository/Actpol_Scripts/Opsporing/MBES18/3 INBEWARINGSTELLINGS_C.Q._PLAATSINGSGEGEVENS/Bekend bij IND-CN in het kader van'&#xD;
&#xD;
2019-09-24 18:26:51 - [TEST_STEP][PASSED] - delay(2): Delayed 2 second(s)&#xD;
&#xD;
2019-09-24 18:26:53 - [MESSAGE][PASSED] - Delayed 2 second(s)&#xD;
&#xD;
2019-09-24 18:26:53 - [TEST_STEP][NOT_RUN] - setText(findTestObject("Actpol_Scripts/Opsporing/MBES18/3 INBEWARINGSTELLINGS_C.Q._PLAATSINGSGEGEVENS/Datum beeindiging rechtmatig verblijf"), "02/09/2019"): NOT_RUN: setText(findTestObject("Actpol_Scripts/Opsporing/MBES18/3 INBEWARINGSTELLINGS_C.Q._PLAATSINGSGEGEVENS/Datum beeindiging rechtmatig verblijf"), "02/09/2019")&#xD;
&#xD;
2019-09-24 18:26:53 - [MESSAGE][NOT_RUN] - NOT_RUN: setText(findTestObject("Actpol_Scripts/Opsporing/MBES18/3 INBEWARINGSTELLINGS_C.Q._PLAATSINGSGEGEVENS/Datum beeindiging rechtmatig verblijf"), "02/09/2019")&#xD;
&#xD;
2019-09-24 18:26:53 - [TEST_STEP][PASSED] - click(findTestObject("Actpol_Scripts/Opsporing/MBES18/3 INBEWARINGSTELLINGS_C.Q._PLAATSINGSGEGEVENS/Datum beeindiging rechtmatig verblijf calendar icon")): Object: 'Object Repository/Actpol_Scripts/Opsporing/MBES18/3 INBEWARINGSTELLINGS_C.Q._PLAATSINGSGEGEVENS/Datum beeindiging rechtmatig verblijf calendar icon' is clicked on&#xD;
&#xD;
2019-09-24 18:26:53 - [MESSAGE][PASSED] - Object: 'Object Repository/Actpol_Scripts/Opsporing/MBES18/3 INBEWARINGSTELLINGS_C.Q._PLAATSINGSGEGEVENS/Datum beeindiging rechtmatig verblijf calendar icon' is clicked on&#xD;
&#xD;
2019-09-24 18:26:53 - [TEST_STEP][PASSED] - delay(2): Delayed 2 second(s)&#xD;
&#xD;
2019-09-24 18:26:55 - [MESSAGE][PASSED] - Delayed 2 second(s)&#xD;
&#xD;
2019-09-24 18:26:55 - [TEST_STEP][PASSED] - selectOptionByLabel(findTestObject("Actpol_Scripts/Monthyear/Rightmonth"), "sep", false): All options with label 'sep' are selected in object 'Object Repository/Actpol_Scripts/Monthyear/Rightmonth' &#xD;
&#xD;
2019-09-24 18:26:56 - [MESSAGE][PASSED] - All options with label 'sep' are selected in object 'Object Repository/Actpol_Scripts/Monthyear/Rightmonth' &#xD;
&#xD;
2019-09-24 18:26:56 - [TEST_STEP][PASSED] - delay(1): Delayed 1 second(s)&#xD;
&#xD;
2019-09-24 18:26:57 - [MESSAGE][PASSED] - Delayed 1 second(s)&#xD;
&#xD;
2019-09-24 18:26:57 - [TEST_STEP][PASSED] - selectOptionByLabel(findTestObject("Actpol_Scripts/Monthyear/Rightyear"), "2019", false): All options with label '2019' are selected in object 'Object Repository/Actpol_Scripts/Monthyear/Rightyear' &#xD;
&#xD;
2019-09-24 18:26:57 - [MESSAGE][PASSED] - All options with label '2019' are selected in object 'Object Repository/Actpol_Scripts/Monthyear/Rightyear' &#xD;
&#xD;
2019-09-24 18:26:57 - [TEST_STEP][PASSED] - delay(1): Delayed 1 second(s)&#xD;
&#xD;
2019-09-24 18:26:58 - [MESSAGE][PASSED] - Delayed 1 second(s)&#xD;
&#xD;
2019-09-24 18:26:58 - [TEST_STEP][PASSED] - click(findTestObject("Actpol_Scripts/Date/16th right frame")): Object: 'Object Repository/Actpol_Scripts/Date/16th right frame' is clicked on&#xD;
&#xD;
2019-09-24 18:26:59 - [MESSAGE][PASSED] - Object: 'Object Repository/Actpol_Scripts/Date/16th right frame' is clicked on&#xD;
&#xD;
2019-09-24 18:26:59 - [TEST_STEP][PASSED] - delay(2): Delayed 2 second(s)&#xD;
&#xD;
2019-09-24 18:27:01 - [MESSAGE][PASSED] - Delayed 2 second(s)&#xD;
&#xD;
2019-09-24 18:27:01 - [TEST_STEP][PASSED] - click(findTestObject("Actpol_Scripts/Opsporing/MBES18/MBSC SAVE")): Object: 'Object Repository/Actpol_Scripts/Opsporing/MBES18/MBSC SAVE' is clicked on&#xD;
&#xD;
2019-09-24 18:27:01 - [MESSAGE][PASSED] - Object: 'Object Repository/Actpol_Scripts/Opsporing/MBES18/MBSC SAVE' is clicked on</system-out>
            <system-err></system-err>
        </testcase>
        <testcase name="Test Cases/JIRA Tasks/Release 6.6/ACTPOL-562" classname="Test Cases/JIRA Tasks/Release 6.6/ACTPOL-562" status="PASSED">
            <system-out>2019-09-24 18:27:04 - [TEST_CASE][PASSED] - Test Cases/JIRA Tasks/Release 6.6/ACTPOL-562: Test Cases/JIRA Tasks/Release 6.6/ACTPOL-562&#xD;
&#xD;
2019-09-24 18:27:05 - [TEST_STEP][PASSED] - callTestCase(findTestCase("main/Actpol_Login_testenv"), [:], STOP_ON_FAILURE): Call Test Case 'Test Cases/main/Actpol_Login_testenv' successfully&#xD;
&#xD;
2019-09-24 18:27:05 - [TEST_CASE][PASSED] - Test Cases/main/Actpol_Login_testenv: Test Cases/main/Actpol_Login_testenv&#xD;
&#xD;
2019-09-24 18:27:05 - [TEST_STEP][PASSED] - openBrowser(""): Browser is opened with url: ''&#xD;
&#xD;
2019-09-24 18:27:05 - [MESSAGE][WARNING] - A browser is already opened. Closing browser and opening a new one&#xD;
&#xD;
2019-09-24 18:27:06 - [MESSAGE][INFO] - Starting 'Chrome' driver&#xD;
&#xD;
2019-09-24 18:27:09 - [MESSAGE][PASSED] - Browser is opened with url: ''&#xD;
&#xD;
2019-09-24 18:27:09 - [TEST_STEP][PASSED] - deleteAllCookies(): Delete all cookies successfully&#xD;
&#xD;
2019-09-24 18:27:09 - [MESSAGE][PASSED] - Delete all cookies successfully&#xD;
&#xD;
2019-09-24 18:27:09 - [TEST_STEP][PASSED] - waitForPageLoad(60): Wait for page load successfully&#xD;
&#xD;
2019-09-24 18:27:09 - [MESSAGE][PASSED] - Wait for page load successfully&#xD;
&#xD;
2019-09-24 18:27:09 - [TEST_STEP][PASSED] - maximizeWindow(): Current window maximized&#xD;
&#xD;
2019-09-24 18:27:10 - [MESSAGE][PASSED] - Current window maximized&#xD;
&#xD;
2019-09-24 18:27:10 - [TEST_STEP][PASSED] - ACTPOLTESTENV = 1: null&#xD;
&#xD;
2019-09-24 18:27:10 - [TEST_STEP][PASSED] - ACTPOLDEVENV = 2: null&#xD;
&#xD;
2019-09-24 18:27:10 - [TEST_STEP][PASSED] - ACTPOLKCENV = 3: null&#xD;
&#xD;
2019-09-24 18:27:10 - [TEST_STEP][PASSED] - ACTPOLKBKPCNENV = 4: null&#xD;
&#xD;
2019-09-24 18:27:10 - [TEST_STEP][PASSED] - ACTPOLKBKMARENV = 5: null&#xD;
&#xD;
2019-09-24 18:27:10 - [TEST_STEP][PASSED] - ACTPOLKMENV = 6: null&#xD;
&#xD;
2019-09-24 18:27:10 - [TEST_STEP][PASSED] - ACTPOLKWENV = 7: null&#xD;
&#xD;
2019-09-24 18:27:10 - [TEST_STEP][PASSED] - environment = ACTPOLTESTENV: null&#xD;
&#xD;
2019-09-24 18:27:10 - [TEST_STEP][PASSED] - Selectenv = &lt;not implemented yet for class: org.codehaus.groovy.ast.expr.EmptyExpression&gt;: null&#xD;
&#xD;
2019-09-24 18:27:10 - [TEST_STEP][PASSED] - switch (environment): null&#xD;
&#xD;
2019-09-24 18:27:10 - [TEST_STEP][PASSED] - case 1:: null&#xD;
&#xD;
2019-09-24 18:27:10 - [TEST_STEP][PASSED] - println(Selectenv = "ACTPOL-TEST-ENV"): null&#xD;
&#xD;
2019-09-24 18:27:10 - [TEST_STEP][PASSED] - navigateToUrl(TESTURL): Navigate to 'http://10.20.10.7:8185/actpoltst/nxmenu.pgm?docnum=551' successfully&#xD;
&#xD;
2019-09-24 18:27:19 - [MESSAGE][PASSED] - Navigate to 'http://10.20.10.7:8185/actpoltst/nxmenu.pgm?docnum=551' successfully&#xD;
&#xD;
2019-09-24 18:27:19 - [TEST_STEP][PASSED] - setText(findTestObject("Actpol_Scripts/login/userid"), username): Text 'vidhya' is set on object 'Object Repository/Actpol_Scripts/login/userid'&#xD;
&#xD;
2019-09-24 18:27:19 - [MESSAGE][PASSED] - Text 'vidhya' is set on object 'Object Repository/Actpol_Scripts/login/userid'&#xD;
&#xD;
2019-09-24 18:27:19 - [TEST_STEP][PASSED] - setMaskedText(findTestObject("Actpol_Scripts/login/password"), password): Text '********' is set on object 'Object Repository/Actpol_Scripts/login/password'&#xD;
&#xD;
2019-09-24 18:27:20 - [MESSAGE][PASSED] - Text '********' is set on object 'Object Repository/Actpol_Scripts/login/password'&#xD;
&#xD;
2019-09-24 18:27:20 - [TEST_STEP][PASSED] - click(findTestObject("Actpol_Scripts/login/login")): Object: 'Object Repository/Actpol_Scripts/login/login' is clicked on&#xD;
&#xD;
2019-09-24 18:27:20 - [MESSAGE][PASSED] - Object: 'Object Repository/Actpol_Scripts/login/login' is clicked on&#xD;
&#xD;
2019-09-24 18:27:20 - [TEST_STEP][PASSED] - getWindowTitle(): Current window's title is: 'Login Page for ACTPOL Test'&#xD;
&#xD;
2019-09-24 18:27:20 - [MESSAGE][PASSED] - Current window's title is: 'Login Page for ACTPOL Test'&#xD;
&#xD;
2019-09-24 18:27:20 - [TEST_STEP][PASSED] - delay(5): Delayed 5 second(s)&#xD;
&#xD;
2019-09-24 18:27:25 - [MESSAGE][PASSED] - Delayed 5 second(s)&#xD;
&#xD;
2019-09-24 18:27:25 - [TEST_STEP][PASSED] - break: null&#xD;
&#xD;
2019-09-24 18:27:25 - [MESSAGE][PASSED] - Call Test Case 'Test Cases/main/Actpol_Login_testenv' successfully&#xD;
&#xD;
2019-09-24 18:27:25 - [TEST_STEP][PASSED] - delay(6): Delayed 6 second(s)&#xD;
&#xD;
2019-09-24 18:27:31 - [MESSAGE][PASSED] - Delayed 6 second(s)&#xD;
&#xD;
2019-09-24 18:27:31 - [TEST_STEP][PASSED] - log = new com.kms.katalon.core.logging.KeywordLogger(): null&#xD;
&#xD;
2019-09-24 18:27:31 - [TEST_STEP][PASSED] - mouseOver(findTestObject("Actpol_Scripts/Menu navigation/Generiek/Generiek")): Object: 'Object Repository/Actpol_Scripts/Menu navigation/Generiek/Generiek' is hovered&#xD;
&#xD;
2019-09-24 18:27:31 - [MESSAGE][PASSED] - Object: 'Object Repository/Actpol_Scripts/Menu navigation/Generiek/Generiek' is hovered&#xD;
&#xD;
2019-09-24 18:27:31 - [TEST_STEP][PASSED] - log.logInfo("Successfully logged"): Successfully logged&#xD;
&#xD;
2019-09-24 18:27:31 - [MESSAGE][INFO] - Successfully logged&#xD;
&#xD;
2019-09-24 18:27:31 - [TEST_STEP][PASSED] - delay(4): Delayed 4 second(s)&#xD;
&#xD;
2019-09-24 18:27:35 - [MESSAGE][PASSED] - Delayed 4 second(s)&#xD;
&#xD;
2019-09-24 18:27:35 - [TEST_STEP][PASSED] - click(findTestObject("Actpol_Scripts/Opsporing/MBES18/MBES18 TAB")): Object: 'Object Repository/Actpol_Scripts/Opsporing/MBES18/MBES18 TAB' is clicked on&#xD;
&#xD;
2019-09-24 18:27:36 - [MESSAGE][PASSED] - Object: 'Object Repository/Actpol_Scripts/Opsporing/MBES18/MBES18 TAB' is clicked on&#xD;
&#xD;
2019-09-24 18:27:36 - [TEST_STEP][PASSED] - delay(2): Delayed 2 second(s)&#xD;
&#xD;
2019-09-24 18:27:38 - [MESSAGE][PASSED] - Delayed 2 second(s)&#xD;
&#xD;
2019-09-24 18:27:38 - [TEST_STEP][PASSED] - click(findTestObject("Actpol_Scripts/Opsporing/MBES18/MBES18 TAB"), OPTIONAL): Object: 'Object Repository/Actpol_Scripts/Opsporing/MBES18/MBES18 TAB' is clicked on&#xD;
&#xD;
2019-09-24 18:27:38 - [MESSAGE][PASSED] - Object: 'Object Repository/Actpol_Scripts/Opsporing/MBES18/MBES18 TAB' is clicked on&#xD;
&#xD;
2019-09-24 18:27:38 - [TEST_STEP][PASSED] - log.logInfo("Clicking MBES18 tab "): Clicking MBES18 tab &#xD;
&#xD;
2019-09-24 18:27:38 - [MESSAGE][INFO] - Clicking MBES18 tab &#xD;
&#xD;
2019-09-24 18:27:38 - [TEST_STEP][PASSED] - delay(8): Delayed 8 second(s)&#xD;
&#xD;
2019-09-24 18:27:46 - [MESSAGE][PASSED] - Delayed 8 second(s)&#xD;
&#xD;
2019-09-24 18:27:46 - [TEST_STEP][PASSED] - mouseOver(findTestObject("Actpol_Scripts/Menu navigation/Autorisatie/Autorisatie")): Object: 'Object Repository/Actpol_Scripts/Menu navigation/Autorisatie/Autorisatie' is hovered&#xD;
&#xD;
2019-09-24 18:27:46 - [MESSAGE][PASSED] - Object: 'Object Repository/Actpol_Scripts/Menu navigation/Autorisatie/Autorisatie' is hovered&#xD;
&#xD;
2019-09-24 18:27:46 - [TEST_STEP][PASSED] - delay(6): Delayed 6 second(s)&#xD;
&#xD;
2019-09-24 18:27:52 - [MESSAGE][PASSED] - Delayed 6 second(s)&#xD;
&#xD;
2019-09-24 18:27:52 - [TEST_STEP][PASSED] - click(findTestObject("Actpol_Scripts/Opsporing/MBES18/mbes new")): Object: 'Object Repository/Actpol_Scripts/Opsporing/MBES18/mbes new' is clicked on&#xD;
&#xD;
2019-09-24 18:27:53 - [MESSAGE][PASSED] - Object: 'Object Repository/Actpol_Scripts/Opsporing/MBES18/mbes new' is clicked on&#xD;
&#xD;
2019-09-24 18:27:53 - [TEST_STEP][PASSED] - log.logInfo("Clicking MBES18 new button "): Clicking MBES18 new button &#xD;
&#xD;
2019-09-24 18:27:53 - [MESSAGE][INFO] - Clicking MBES18 new button &#xD;
&#xD;
2019-09-24 18:27:53 - [TEST_STEP][PASSED] - delay(8): Delayed 8 second(s)&#xD;
&#xD;
2019-09-24 18:28:01 - [MESSAGE][PASSED] - Delayed 8 second(s)&#xD;
&#xD;
2019-09-24 18:28:01 - [TEST_STEP][PASSED] - click(findTestObject("Actpol_Scripts/Opsporing/MBES18/Registratie new")): Object: 'Object Repository/Actpol_Scripts/Opsporing/MBES18/Registratie new' is clicked on&#xD;
&#xD;
2019-09-24 18:28:02 - [MESSAGE][PASSED] - Object: 'Object Repository/Actpol_Scripts/Opsporing/MBES18/Registratie new' is clicked on&#xD;
&#xD;
2019-09-24 18:28:02 - [TEST_STEP][PASSED] - delay(1): Delayed 1 second(s)&#xD;
&#xD;
2019-09-24 18:28:03 - [MESSAGE][PASSED] - Delayed 1 second(s)&#xD;
&#xD;
2019-09-24 18:28:03 - [TEST_STEP][PASSED] - selectOptionByLabel(findTestObject("Actpol_Scripts/Opsporing/MBES18/1 Registratie/Registratie van 1"), "KORPS POLITIE CURACAO", false): All options with label 'KORPS POLITIE CURACAO' are selected in object 'Object Repository/Actpol_Scripts/Opsporing/MBES18/1 Registratie/Registratie van 1' &#xD;
&#xD;
2019-09-24 18:28:03 - [MESSAGE][PASSED] - All options with label 'KORPS POLITIE CURACAO' are selected in object 'Object Repository/Actpol_Scripts/Opsporing/MBES18/1 Registratie/Registratie van 1' &#xD;
&#xD;
2019-09-24 18:28:03 - [TEST_STEP][PASSED] - delay(1): Delayed 1 second(s)&#xD;
&#xD;
2019-09-24 18:28:04 - [MESSAGE][PASSED] - Delayed 1 second(s)&#xD;
&#xD;
2019-09-24 18:28:04 - [TEST_STEP][PASSED] - selectOptionByLabel(findTestObject("Actpol_Scripts/Opsporing/MBES18/1 Registratie/Registratie Naar 1"), "OPENBARE MINISTERIE", false): All options with label 'OPENBARE MINISTERIE' are selected in object 'Object Repository/Actpol_Scripts/Opsporing/MBES18/1 Registratie/Registratie Naar 1' &#xD;
&#xD;
2019-09-24 18:28:05 - [MESSAGE][PASSED] - All options with label 'OPENBARE MINISTERIE' are selected in object 'Object Repository/Actpol_Scripts/Opsporing/MBES18/1 Registratie/Registratie Naar 1' &#xD;
&#xD;
2019-09-24 18:28:05 - [TEST_STEP][PASSED] - delay(1): Delayed 1 second(s)&#xD;
&#xD;
2019-09-24 18:28:06 - [MESSAGE][PASSED] - Delayed 1 second(s)&#xD;
&#xD;
2019-09-24 18:28:06 - [TEST_STEP][PASSED] - selectOptionByLabel(findTestObject("Actpol_Scripts/Opsporing/MBES18/1 Registratie/Registratie van 2"), "AMBULANCE", false): All options with label 'AMBULANCE' are selected in object 'Object Repository/Actpol_Scripts/Opsporing/MBES18/1 Registratie/Registratie van 2' &#xD;
&#xD;
2019-09-24 18:28:06 - [MESSAGE][PASSED] - All options with label 'AMBULANCE' are selected in object 'Object Repository/Actpol_Scripts/Opsporing/MBES18/1 Registratie/Registratie van 2' &#xD;
&#xD;
2019-09-24 18:28:06 - [TEST_STEP][PASSED] - delay(1): Delayed 1 second(s)&#xD;
&#xD;
2019-09-24 18:28:07 - [MESSAGE][PASSED] - Delayed 1 second(s)&#xD;
&#xD;
2019-09-24 18:28:07 - [TEST_STEP][PASSED] - selectOptionByLabel(findTestObject("Actpol_Scripts/Opsporing/MBES18/1 Registratie/Registratie Naar 2"), "SKS", false): All options with label 'SKS' are selected in object 'Object Repository/Actpol_Scripts/Opsporing/MBES18/1 Registratie/Registratie Naar 2' &#xD;
&#xD;
2019-09-24 18:28:08 - [MESSAGE][PASSED] - All options with label 'SKS' are selected in object 'Object Repository/Actpol_Scripts/Opsporing/MBES18/1 Registratie/Registratie Naar 2' &#xD;
&#xD;
2019-09-24 18:28:08 - [TEST_STEP][PASSED] - delay(1): Delayed 1 second(s)&#xD;
&#xD;
2019-09-24 18:28:09 - [MESSAGE][PASSED] - Delayed 1 second(s)&#xD;
&#xD;
2019-09-24 18:28:09 - [TEST_STEP][PASSED] - setText(findTestObject("Actpol_Scripts/Opsporing/MBES18/1 Registratie/Behandeld door"), "Katalon testing :: Behandeld door"): Text 'Katalon testing :: Behandeld door' is set on object 'Object Repository/Actpol_Scripts/Opsporing/MBES18/1 Registratie/Behandeld door'&#xD;
&#xD;
2019-09-24 18:28:10 - [MESSAGE][PASSED] - Text 'Katalon testing :: Behandeld door' is set on object 'Object Repository/Actpol_Scripts/Opsporing/MBES18/1 Registratie/Behandeld door'&#xD;
&#xD;
2019-09-24 18:28:10 - [TEST_STEP][PASSED] - delay(1): Delayed 1 second(s)&#xD;
&#xD;
2019-09-24 18:28:11 - [MESSAGE][PASSED] - Delayed 1 second(s)&#xD;
&#xD;
2019-09-24 18:28:11 - [TEST_STEP][PASSED] - setText(findTestObject("Actpol_Scripts/Opsporing/MBES18/1 Registratie/Telefoon"), "123456789"): Text '123456789' is set on object 'Object Repository/Actpol_Scripts/Opsporing/MBES18/1 Registratie/Telefoon'&#xD;
&#xD;
2019-09-24 18:28:12 - [MESSAGE][PASSED] - Text '123456789' is set on object 'Object Repository/Actpol_Scripts/Opsporing/MBES18/1 Registratie/Telefoon'&#xD;
&#xD;
2019-09-24 18:28:12 - [TEST_STEP][PASSED] - delay(1): Delayed 1 second(s)&#xD;
&#xD;
2019-09-24 18:28:13 - [MESSAGE][PASSED] - Delayed 1 second(s)&#xD;
&#xD;
2019-09-24 18:28:13 - [TEST_STEP][PASSED] - setText(findTestObject("Actpol_Scripts/Opsporing/MBES18/1 Registratie/E-Mail"), "test@gmail.com"): Text 'test@gmail.com' is set on object 'Object Repository/Actpol_Scripts/Opsporing/MBES18/1 Registratie/E-Mail'&#xD;
&#xD;
2019-09-24 18:28:14 - [MESSAGE][PASSED] - Text 'test@gmail.com' is set on object 'Object Repository/Actpol_Scripts/Opsporing/MBES18/1 Registratie/E-Mail'&#xD;
&#xD;
2019-09-24 18:28:14 - [TEST_STEP][PASSED] - delay(1): Delayed 1 second(s)&#xD;
&#xD;
2019-09-24 18:28:15 - [MESSAGE][PASSED] - Delayed 1 second(s)&#xD;
&#xD;
2019-09-24 18:28:15 - [TEST_STEP][NOT_RUN] - setText(findTestObject("Actpol_Scripts/Opsporing/MBES18/1 Registratie/Datum"), "23/08/2019"): NOT_RUN: setText(findTestObject("Actpol_Scripts/Opsporing/MBES18/1 Registratie/Datum"), "23/08/2019")&#xD;
&#xD;
2019-09-24 18:28:15 - [MESSAGE][NOT_RUN] - NOT_RUN: setText(findTestObject("Actpol_Scripts/Opsporing/MBES18/1 Registratie/Datum"), "23/08/2019")&#xD;
&#xD;
2019-09-24 18:28:15 - [TEST_STEP][PASSED] - click(findTestObject("Actpol_Scripts/Opsporing/MBES18/1 Registratie/Datum calendar icon")): Object: 'Object Repository/Actpol_Scripts/Opsporing/MBES18/1 Registratie/Datum calendar icon' is clicked on&#xD;
&#xD;
2019-09-24 18:28:16 - [MESSAGE][PASSED] - Object: 'Object Repository/Actpol_Scripts/Opsporing/MBES18/1 Registratie/Datum calendar icon' is clicked on&#xD;
&#xD;
2019-09-24 18:28:16 - [TEST_STEP][PASSED] - delay(2): Delayed 2 second(s)&#xD;
&#xD;
2019-09-24 18:28:18 - [MESSAGE][PASSED] - Delayed 2 second(s)&#xD;
&#xD;
2019-09-24 18:28:18 - [TEST_STEP][PASSED] - selectOptionByLabel(findTestObject("Actpol_Scripts/Monthyear/Rightmonth"), "sep", false): All options with label 'sep' are selected in object 'Object Repository/Actpol_Scripts/Monthyear/Rightmonth' &#xD;
&#xD;
2019-09-24 18:28:18 - [MESSAGE][PASSED] - All options with label 'sep' are selected in object 'Object Repository/Actpol_Scripts/Monthyear/Rightmonth' &#xD;
&#xD;
2019-09-24 18:28:18 - [TEST_STEP][PASSED] - delay(1): Delayed 1 second(s)&#xD;
&#xD;
2019-09-24 18:28:19 - [MESSAGE][PASSED] - Delayed 1 second(s)&#xD;
&#xD;
2019-09-24 18:28:19 - [TEST_STEP][PASSED] - selectOptionByLabel(findTestObject("Actpol_Scripts/Monthyear/Rightyear"), "2019", false): All options with label '2019' are selected in object 'Object Repository/Actpol_Scripts/Monthyear/Rightyear' &#xD;
&#xD;
2019-09-24 18:28:20 - [MESSAGE][PASSED] - All options with label '2019' are selected in object 'Object Repository/Actpol_Scripts/Monthyear/Rightyear' &#xD;
&#xD;
2019-09-24 18:28:20 - [TEST_STEP][PASSED] - delay(1): Delayed 1 second(s)&#xD;
&#xD;
2019-09-24 18:28:21 - [MESSAGE][PASSED] - Delayed 1 second(s)&#xD;
&#xD;
2019-09-24 18:28:21 - [TEST_STEP][PASSED] - click(findTestObject("Actpol_Scripts/Date/16th right frame")): Object: 'Object Repository/Actpol_Scripts/Date/16th right frame' is clicked on&#xD;
&#xD;
2019-09-24 18:28:21 - [MESSAGE][PASSED] - Object: 'Object Repository/Actpol_Scripts/Date/16th right frame' is clicked on&#xD;
&#xD;
2019-09-24 18:28:21 - [TEST_STEP][PASSED] - delay(1): Delayed 1 second(s)&#xD;
&#xD;
2019-09-24 18:28:22 - [MESSAGE][PASSED] - Delayed 1 second(s)&#xD;
&#xD;
2019-09-24 18:28:22 - [TEST_STEP][PASSED] - click(findTestObject("Actpol_Scripts/Opsporing/MBES18/1 Registratie/Registratie save")): Object: 'Object Repository/Actpol_Scripts/Opsporing/MBES18/1 Registratie/Registratie save' is clicked on&#xD;
&#xD;
2019-09-24 18:28:23 - [MESSAGE][PASSED] - Object: 'Object Repository/Actpol_Scripts/Opsporing/MBES18/1 Registratie/Registratie save' is clicked on&#xD;
&#xD;
2019-09-24 18:28:23 - [TEST_STEP][PASSED] - delay(1): Delayed 1 second(s)&#xD;
&#xD;
2019-09-24 18:28:24 - [MESSAGE][PASSED] - Delayed 1 second(s)&#xD;
&#xD;
2019-09-24 18:28:24 - [TEST_STEP][PASSED] - click(findTestObject("Actpol_Scripts/Opsporing/MBES18/1 Registratie/registratie tab")): Object: 'Object Repository/Actpol_Scripts/Opsporing/MBES18/1 Registratie/registratie tab' is clicked on&#xD;
&#xD;
2019-09-24 18:28:24 - [MESSAGE][PASSED] - Object: 'Object Repository/Actpol_Scripts/Opsporing/MBES18/1 Registratie/registratie tab' is clicked on&#xD;
&#xD;
2019-09-24 18:28:24 - [TEST_STEP][PASSED] - delay(1): Delayed 1 second(s)&#xD;
&#xD;
2019-09-24 18:28:25 - [MESSAGE][PASSED] - Delayed 1 second(s)&#xD;
&#xD;
2019-09-24 18:28:25 - [TEST_STEP][PASSED] - click(findTestObject("Actpol_Scripts/Opsporing/MBES18/2 Personalia/Personalia tab")): Object: 'Object Repository/Actpol_Scripts/Opsporing/MBES18/2 Personalia/Personalia tab' is clicked on&#xD;
&#xD;
2019-09-24 18:28:26 - [MESSAGE][PASSED] - Object: 'Object Repository/Actpol_Scripts/Opsporing/MBES18/2 Personalia/Personalia tab' is clicked on&#xD;
&#xD;
2019-09-24 18:28:26 - [TEST_STEP][PASSED] - delay(2): Delayed 2 second(s)&#xD;
&#xD;
2019-09-24 18:28:28 - [MESSAGE][PASSED] - Delayed 2 second(s)&#xD;
&#xD;
2019-09-24 18:28:28 - [TEST_STEP][PASSED] - setText(findTestObject("Actpol_Scripts/Opsporing/MBES18/2 Personalia/Achternaam text"), "aa"): Text 'aa' is set on object 'Object Repository/Actpol_Scripts/Opsporing/MBES18/2 Personalia/Achternaam text'&#xD;
&#xD;
2019-09-24 18:28:28 - [MESSAGE][PASSED] - Text 'aa' is set on object 'Object Repository/Actpol_Scripts/Opsporing/MBES18/2 Personalia/Achternaam text'&#xD;
&#xD;
2019-09-24 18:28:28 - [TEST_STEP][PASSED] - delay(2): Delayed 2 second(s)&#xD;
&#xD;
2019-09-24 18:28:30 - [MESSAGE][PASSED] - Delayed 2 second(s)&#xD;
&#xD;
2019-09-24 18:28:30 - [TEST_STEP][PASSED] - click(findTestObject("Actpol_Scripts/Opsporing/MBES18/2 Personalia/Achternaam text lb")): Object: 'Object Repository/Actpol_Scripts/Opsporing/MBES18/2 Personalia/Achternaam text lb' is clicked on&#xD;
&#xD;
2019-09-24 18:28:31 - [MESSAGE][PASSED] - Object: 'Object Repository/Actpol_Scripts/Opsporing/MBES18/2 Personalia/Achternaam text lb' is clicked on&#xD;
&#xD;
2019-09-24 18:28:31 - [TEST_STEP][PASSED] - delay(1): Delayed 1 second(s)&#xD;
&#xD;
2019-09-24 18:28:32 - [MESSAGE][PASSED] - Delayed 1 second(s)&#xD;
&#xD;
2019-09-24 18:28:32 - [TEST_STEP][PASSED] - setText(findTestObject("Actpol_Scripts/Opsporing/MBES18/2 Personalia/Garantsteller new"), "aa"): Text 'aa' is set on object 'Object Repository/Actpol_Scripts/Opsporing/MBES18/2 Personalia/Garantsteller new'&#xD;
&#xD;
2019-09-24 18:28:33 - [MESSAGE][PASSED] - Text 'aa' is set on object 'Object Repository/Actpol_Scripts/Opsporing/MBES18/2 Personalia/Garantsteller new'&#xD;
&#xD;
2019-09-24 18:28:33 - [TEST_STEP][PASSED] - delay(2): Delayed 2 second(s)&#xD;
&#xD;
2019-09-24 18:28:35 - [MESSAGE][PASSED] - Delayed 2 second(s)&#xD;
&#xD;
2019-09-24 18:28:35 - [TEST_STEP][PASSED] - click(findTestObject("Actpol_Scripts/Opsporing/MBES18/2 Personalia/Garantsteller new lb")): Object: 'Object Repository/Actpol_Scripts/Opsporing/MBES18/2 Personalia/Garantsteller new lb' is clicked on&#xD;
&#xD;
2019-09-24 18:28:35 - [MESSAGE][PASSED] - Object: 'Object Repository/Actpol_Scripts/Opsporing/MBES18/2 Personalia/Garantsteller new lb' is clicked on&#xD;
&#xD;
2019-09-24 18:28:35 - [TEST_STEP][PASSED] - delay(1): Delayed 1 second(s)&#xD;
&#xD;
2019-09-24 18:28:36 - [MESSAGE][PASSED] - Delayed 1 second(s)&#xD;
&#xD;
2019-09-24 18:28:36 - [TEST_STEP][PASSED] - scrollToPosition(10, 7): Browser is scrolled to position x = 10, y = 7&#xD;
&#xD;
2019-09-24 18:28:36 - [MESSAGE][PASSED] - Browser is scrolled to position x = 10, y = 7&#xD;
&#xD;
2019-09-24 18:28:36 - [TEST_STEP][PASSED] - delay(1): Delayed 1 second(s)&#xD;
&#xD;
2019-09-24 18:28:37 - [MESSAGE][PASSED] - Delayed 1 second(s)&#xD;
&#xD;
2019-09-24 18:28:37 - [TEST_STEP][PASSED] - click(findTestObject("Actpol_Scripts/Opsporing/MBES18/2 Personalia/Personalia tab")): Object: 'Object Repository/Actpol_Scripts/Opsporing/MBES18/2 Personalia/Personalia tab' is clicked on&#xD;
&#xD;
2019-09-24 18:28:38 - [MESSAGE][PASSED] - Object: 'Object Repository/Actpol_Scripts/Opsporing/MBES18/2 Personalia/Personalia tab' is clicked on&#xD;
&#xD;
2019-09-24 18:28:38 - [TEST_STEP][PASSED] - delay(1): Delayed 1 second(s)&#xD;
&#xD;
2019-09-24 18:28:39 - [MESSAGE][PASSED] - Delayed 1 second(s)&#xD;
&#xD;
2019-09-24 18:28:39 - [TEST_STEP][PASSED] - click(findTestObject("Actpol_Scripts/Opsporing/MBES18/3 INBEWARINGSTELLINGS_C.Q._PLAATSINGSGEGEVENS/INBEWARINGSTELLINGS C.Q. PLAATSINGSGEGEVENS tab")): Object: 'Object Repository/Actpol_Scripts/Opsporing/MBES18/3 INBEWARINGSTELLINGS_C.Q._PLAATSINGSGEGEVENS/INBEWARINGSTELLINGS C.Q. PLAATSINGSGEGEVENS tab' is clicked on&#xD;
&#xD;
2019-09-24 18:28:39 - [MESSAGE][PASSED] - Object: 'Object Repository/Actpol_Scripts/Opsporing/MBES18/3 INBEWARINGSTELLINGS_C.Q._PLAATSINGSGEGEVENS/INBEWARINGSTELLINGS C.Q. PLAATSINGSGEGEVENS tab' is clicked on&#xD;
&#xD;
2019-09-24 18:28:39 - [TEST_STEP][PASSED] - delay(2): Delayed 2 second(s)&#xD;
&#xD;
2019-09-24 18:28:41 - [MESSAGE][PASSED] - Delayed 2 second(s)&#xD;
&#xD;
2019-09-24 18:28:41 - [TEST_STEP][PASSED] - comment("INBEWARINGSTELLINGS C.Q. PLAATSINGSGEGEVENS tab data filling"): INBEWARINGSTELLINGS C.Q. PLAATSINGSGEGEVENS tab data filling&#xD;
&#xD;
2019-09-24 18:28:41 - [MESSAGE][INFO] - INBEWARINGSTELLINGS C.Q. PLAATSINGSGEGEVENS tab data filling&#xD;
&#xD;
2019-09-24 18:28:41 - [TEST_STEP][PASSED] - delay(1): Delayed 1 second(s)&#xD;
&#xD;
2019-09-24 18:28:42 - [MESSAGE][PASSED] - Delayed 1 second(s)&#xD;
&#xD;
2019-09-24 18:28:42 - [TEST_STEP][NOT_RUN] - setText(findTestObject("Actpol_Scripts/Opsporing/MBES18/3 INBEWARINGSTELLINGS_C.Q._PLAATSINGSGEGEVENS/Inbewaringstelling sinds"), "02/09/2019"): NOT_RUN: setText(findTestObject("Actpol_Scripts/Opsporing/MBES18/3 INBEWARINGSTELLINGS_C.Q._PLAATSINGSGEGEVENS/Inbewaringstelling sinds"), "02/09/2019")&#xD;
&#xD;
2019-09-24 18:28:42 - [MESSAGE][NOT_RUN] - NOT_RUN: setText(findTestObject("Actpol_Scripts/Opsporing/MBES18/3 INBEWARINGSTELLINGS_C.Q._PLAATSINGSGEGEVENS/Inbewaringstelling sinds"), "02/09/2019")&#xD;
&#xD;
2019-09-24 18:28:42 - [TEST_STEP][PASSED] - click(findTestObject("Actpol_Scripts/Opsporing/MBES18/3 INBEWARINGSTELLINGS_C.Q._PLAATSINGSGEGEVENS/Inbewaringstelling sinds calender icon")): Object: 'Object Repository/Actpol_Scripts/Opsporing/MBES18/3 INBEWARINGSTELLINGS_C.Q._PLAATSINGSGEGEVENS/Inbewaringstelling sinds calender icon' is clicked on&#xD;
&#xD;
2019-09-24 18:28:43 - [MESSAGE][PASSED] - Object: 'Object Repository/Actpol_Scripts/Opsporing/MBES18/3 INBEWARINGSTELLINGS_C.Q._PLAATSINGSGEGEVENS/Inbewaringstelling sinds calender icon' is clicked on&#xD;
&#xD;
2019-09-24 18:28:43 - [TEST_STEP][PASSED] - delay(2): Delayed 2 second(s)&#xD;
&#xD;
2019-09-24 18:28:45 - [MESSAGE][PASSED] - Delayed 2 second(s)&#xD;
&#xD;
2019-09-24 18:28:45 - [TEST_STEP][PASSED] - selectOptionByLabel(findTestObject("Actpol_Scripts/Monthyear/Rightmonth"), "sep", false): All options with label 'sep' are selected in object 'Object Repository/Actpol_Scripts/Monthyear/Rightmonth' &#xD;
&#xD;
2019-09-24 18:28:45 - [MESSAGE][PASSED] - All options with label 'sep' are selected in object 'Object Repository/Actpol_Scripts/Monthyear/Rightmonth' &#xD;
&#xD;
2019-09-24 18:28:45 - [TEST_STEP][PASSED] - delay(1): Delayed 1 second(s)&#xD;
&#xD;
2019-09-24 18:28:46 - [MESSAGE][PASSED] - Delayed 1 second(s)&#xD;
&#xD;
2019-09-24 18:28:46 - [TEST_STEP][PASSED] - selectOptionByLabel(findTestObject("Actpol_Scripts/Monthyear/Rightyear"), "2019", false): All options with label '2019' are selected in object 'Object Repository/Actpol_Scripts/Monthyear/Rightyear' &#xD;
&#xD;
2019-09-24 18:28:47 - [MESSAGE][PASSED] - All options with label '2019' are selected in object 'Object Repository/Actpol_Scripts/Monthyear/Rightyear' &#xD;
&#xD;
2019-09-24 18:28:47 - [TEST_STEP][PASSED] - delay(1): Delayed 1 second(s)&#xD;
&#xD;
2019-09-24 18:28:48 - [MESSAGE][PASSED] - Delayed 1 second(s)&#xD;
&#xD;
2019-09-24 18:28:48 - [TEST_STEP][PASSED] - click(findTestObject("Actpol_Scripts/Date/16th right frame")): Object: 'Object Repository/Actpol_Scripts/Date/16th right frame' is clicked on&#xD;
&#xD;
2019-09-24 18:28:48 - [MESSAGE][PASSED] - Object: 'Object Repository/Actpol_Scripts/Date/16th right frame' is clicked on&#xD;
&#xD;
2019-09-24 18:28:48 - [TEST_STEP][PASSED] - delay(1): Delayed 1 second(s)&#xD;
&#xD;
2019-09-24 18:28:49 - [MESSAGE][PASSED] - Delayed 1 second(s)&#xD;
&#xD;
2019-09-24 18:28:49 - [TEST_STEP][PASSED] - setText(findTestObject("Actpol_Scripts/Opsporing/MBES18/3 INBEWARINGSTELLINGS_C.Q._PLAATSINGSGEGEVENS/Plaatsing sinds"), "01012019"): Text '01012019' is set on object 'Object Repository/Actpol_Scripts/Opsporing/MBES18/3 INBEWARINGSTELLINGS_C.Q._PLAATSINGSGEGEVENS/Plaatsing sinds'&#xD;
&#xD;
2019-09-24 18:28:50 - [MESSAGE][PASSED] - Text '01012019' is set on object 'Object Repository/Actpol_Scripts/Opsporing/MBES18/3 INBEWARINGSTELLINGS_C.Q._PLAATSINGSGEGEVENS/Plaatsing sinds'&#xD;
&#xD;
2019-09-24 18:28:50 - [TEST_STEP][PASSED] - comment("Checking dropdown"): Checking dropdown&#xD;
&#xD;
2019-09-24 18:28:50 - [MESSAGE][INFO] - Checking dropdown&#xD;
&#xD;
2019-09-24 18:28:50 - [TEST_STEP][PASSED] - delay(1): Delayed 1 second(s)&#xD;
&#xD;
2019-09-24 18:28:51 - [MESSAGE][PASSED] - Delayed 1 second(s)&#xD;
&#xD;
2019-09-24 18:28:51 - [TEST_STEP][PASSED] - setText(findTestObject("Actpol_Scripts/Opsporing/MBES18/3 INBEWARINGSTELLINGS_C.Q._PLAATSINGSGEGEVENS/Op grond van artikel WTU-BES"), "a"): Text 'a' is set on object 'Object Repository/Actpol_Scripts/Opsporing/MBES18/3 INBEWARINGSTELLINGS_C.Q._PLAATSINGSGEGEVENS/Op grond van artikel WTU-BES'&#xD;
&#xD;
2019-09-24 18:28:51 - [MESSAGE][PASSED] - Text 'a' is set on object 'Object Repository/Actpol_Scripts/Opsporing/MBES18/3 INBEWARINGSTELLINGS_C.Q._PLAATSINGSGEGEVENS/Op grond van artikel WTU-BES'&#xD;
&#xD;
2019-09-24 18:28:51 - [TEST_STEP][PASSED] - delay(2): Delayed 2 second(s)&#xD;
&#xD;
2019-09-24 18:28:53 - [MESSAGE][PASSED] - Delayed 2 second(s)&#xD;
&#xD;
2019-09-24 18:28:53 - [TEST_STEP][PASSED] - click(findTestObject("Actpol_Scripts/Opsporing/MBES18/3 INBEWARINGSTELLINGS_C.Q._PLAATSINGSGEGEVENS/Op grond van artikel WTU-BES lb")): Object: 'Object Repository/Actpol_Scripts/Opsporing/MBES18/3 INBEWARINGSTELLINGS_C.Q._PLAATSINGSGEGEVENS/Op grond van artikel WTU-BES lb' is clicked on&#xD;
&#xD;
2019-09-24 18:28:54 - [MESSAGE][PASSED] - Object: 'Object Repository/Actpol_Scripts/Opsporing/MBES18/3 INBEWARINGSTELLINGS_C.Q._PLAATSINGSGEGEVENS/Op grond van artikel WTU-BES lb' is clicked on&#xD;
&#xD;
2019-09-24 18:28:54 - [TEST_STEP][PASSED] - delay(2): Delayed 2 second(s)&#xD;
&#xD;
2019-09-24 18:28:56 - [MESSAGE][PASSED] - Delayed 2 second(s)&#xD;
&#xD;
2019-09-24 18:28:56 - [TEST_STEP][NOT_RUN] - setText(findTestObject("Actpol_Scripts/Opsporing/MBES18/3 INBEWARINGSTELLINGS_C.Q._PLAATSINGSGEGEVENS/Datum aan_staandehouding Datum grensweigering"), "02/09/2019"): NOT_RUN: setText(findTestObject("Actpol_Scripts/Opsporing/MBES18/3 INBEWARINGSTELLINGS_C.Q._PLAATSINGSGEGEVENS/Datum aan_staandehouding Datum grensweigering"), "02/09/2019")&#xD;
&#xD;
2019-09-24 18:28:56 - [MESSAGE][NOT_RUN] - NOT_RUN: setText(findTestObject("Actpol_Scripts/Opsporing/MBES18/3 INBEWARINGSTELLINGS_C.Q._PLAATSINGSGEGEVENS/Datum aan_staandehouding Datum grensweigering"), "02/09/2019")&#xD;
&#xD;
2019-09-24 18:28:56 - [TEST_STEP][PASSED] - click(findTestObject("Actpol_Scripts/Opsporing/MBES18/3 INBEWARINGSTELLINGS_C.Q._PLAATSINGSGEGEVENS/staandehouding Datum grensweigering calender icon")): Object: 'Object Repository/Actpol_Scripts/Opsporing/MBES18/3 INBEWARINGSTELLINGS_C.Q._PLAATSINGSGEGEVENS/staandehouding Datum grensweigering calender icon' is clicked on&#xD;
&#xD;
2019-09-24 18:28:57 - [MESSAGE][PASSED] - Object: 'Object Repository/Actpol_Scripts/Opsporing/MBES18/3 INBEWARINGSTELLINGS_C.Q._PLAATSINGSGEGEVENS/staandehouding Datum grensweigering calender icon' is clicked on&#xD;
&#xD;
2019-09-24 18:28:57 - [TEST_STEP][PASSED] - delay(2): Delayed 2 second(s)&#xD;
&#xD;
2019-09-24 18:28:59 - [MESSAGE][PASSED] - Delayed 2 second(s)&#xD;
&#xD;
2019-09-24 18:28:59 - [TEST_STEP][PASSED] - selectOptionByLabel(findTestObject("Actpol_Scripts/Monthyear/Rightmonth"), "sep", false): All options with label 'sep' are selected in object 'Object Repository/Actpol_Scripts/Monthyear/Rightmonth' &#xD;
&#xD;
2019-09-24 18:28:59 - [MESSAGE][PASSED] - All options with label 'sep' are selected in object 'Object Repository/Actpol_Scripts/Monthyear/Rightmonth' &#xD;
&#xD;
2019-09-24 18:28:59 - [TEST_STEP][PASSED] - delay(1): Delayed 1 second(s)&#xD;
&#xD;
2019-09-24 18:29:00 - [MESSAGE][PASSED] - Delayed 1 second(s)&#xD;
&#xD;
2019-09-24 18:29:00 - [TEST_STEP][PASSED] - selectOptionByLabel(findTestObject("Actpol_Scripts/Monthyear/Rightyear"), "2019", false): All options with label '2019' are selected in object 'Object Repository/Actpol_Scripts/Monthyear/Rightyear' &#xD;
&#xD;
2019-09-24 18:29:00 - [MESSAGE][PASSED] - All options with label '2019' are selected in object 'Object Repository/Actpol_Scripts/Monthyear/Rightyear' &#xD;
&#xD;
2019-09-24 18:29:00 - [TEST_STEP][PASSED] - delay(1): Delayed 1 second(s)&#xD;
&#xD;
2019-09-24 18:29:01 - [MESSAGE][PASSED] - Delayed 1 second(s)&#xD;
&#xD;
2019-09-24 18:29:01 - [TEST_STEP][PASSED] - click(findTestObject("Actpol_Scripts/Date/16th right frame")): Object: 'Object Repository/Actpol_Scripts/Date/16th right frame' is clicked on&#xD;
&#xD;
2019-09-24 18:29:02 - [MESSAGE][PASSED] - Object: 'Object Repository/Actpol_Scripts/Date/16th right frame' is clicked on&#xD;
&#xD;
2019-09-24 18:29:02 - [TEST_STEP][PASSED] - delay(1): Delayed 1 second(s)&#xD;
&#xD;
2019-09-24 18:29:03 - [MESSAGE][PASSED] - Delayed 1 second(s)&#xD;
&#xD;
2019-09-24 18:29:03 - [TEST_STEP][PASSED] - setText(findTestObject("Actpol_Scripts/Opsporing/MBES18/3 INBEWARINGSTELLINGS_C.Q._PLAATSINGSGEGEVENS/Reden aan_staandehouding Reden grensweigering"), "testing :: Reden aan_staandehouding Reden grensweigering"): Text 'testing :: Reden aan_staandehouding Reden grensweigering' is set on object 'Object Repository/Actpol_Scripts/Opsporing/MBES18/3 INBEWARINGSTELLINGS_C.Q._PLAATSINGSGEGEVENS/Reden aan_staandehouding Reden grensweigering'&#xD;
&#xD;
2019-09-24 18:29:05 - [MESSAGE][PASSED] - Text 'testing :: Reden aan_staandehouding Reden grensweigering' is set on object 'Object Repository/Actpol_Scripts/Opsporing/MBES18/3 INBEWARINGSTELLINGS_C.Q._PLAATSINGSGEGEVENS/Reden aan_staandehouding Reden grensweigering'&#xD;
&#xD;
2019-09-24 18:29:05 - [TEST_STEP][PASSED] - delay(1): Delayed 1 second(s)&#xD;
&#xD;
2019-09-24 18:29:06 - [MESSAGE][PASSED] - Delayed 1 second(s)&#xD;
&#xD;
2019-09-24 18:29:06 - [TEST_STEP][PASSED] - setText(findTestObject("Actpol_Scripts/Opsporing/MBES18/3 INBEWARINGSTELLINGS_C.Q._PLAATSINGSGEGEVENS/Inbewaringstellings-locatie"), "a"): Text 'a' is set on object 'Object Repository/Actpol_Scripts/Opsporing/MBES18/3 INBEWARINGSTELLINGS_C.Q._PLAATSINGSGEGEVENS/Inbewaringstellings-locatie'&#xD;
&#xD;
2019-09-24 18:29:07 - [MESSAGE][PASSED] - Text 'a' is set on object 'Object Repository/Actpol_Scripts/Opsporing/MBES18/3 INBEWARINGSTELLINGS_C.Q._PLAATSINGSGEGEVENS/Inbewaringstellings-locatie'&#xD;
&#xD;
2019-09-24 18:29:07 - [TEST_STEP][PASSED] - delay(2): Delayed 2 second(s)&#xD;
&#xD;
2019-09-24 18:29:09 - [MESSAGE][PASSED] - Delayed 2 second(s)&#xD;
&#xD;
2019-09-24 18:29:09 - [TEST_STEP][PASSED] - click(findTestObject("Actpol_Scripts/Opsporing/MBES18/3 INBEWARINGSTELLINGS_C.Q._PLAATSINGSGEGEVENS/Inbewaringstellings-locatie lb")): Object: 'Object Repository/Actpol_Scripts/Opsporing/MBES18/3 INBEWARINGSTELLINGS_C.Q._PLAATSINGSGEGEVENS/Inbewaringstellings-locatie lb' is clicked on&#xD;
&#xD;
2019-09-24 18:29:09 - [MESSAGE][PASSED] - Object: 'Object Repository/Actpol_Scripts/Opsporing/MBES18/3 INBEWARINGSTELLINGS_C.Q._PLAATSINGSGEGEVENS/Inbewaringstellings-locatie lb' is clicked on&#xD;
&#xD;
2019-09-24 18:29:09 - [TEST_STEP][PASSED] - delay(2): Delayed 2 second(s)&#xD;
&#xD;
2019-09-24 18:29:11 - [MESSAGE][PASSED] - Delayed 2 second(s)&#xD;
&#xD;
2019-09-24 18:29:11 - [TEST_STEP][PASSED] - setText(findTestObject("Actpol_Scripts/Opsporing/MBES18/3 INBEWARINGSTELLINGS_C.Q._PLAATSINGSGEGEVENS/Naam advocaat"), "testing :: Naam advocaat"): Text 'testing :: Naam advocaat' is set on object 'Object Repository/Actpol_Scripts/Opsporing/MBES18/3 INBEWARINGSTELLINGS_C.Q._PLAATSINGSGEGEVENS/Naam advocaat'&#xD;
&#xD;
2019-09-24 18:29:12 - [MESSAGE][PASSED] - Text 'testing :: Naam advocaat' is set on object 'Object Repository/Actpol_Scripts/Opsporing/MBES18/3 INBEWARINGSTELLINGS_C.Q._PLAATSINGSGEGEVENS/Naam advocaat'&#xD;
&#xD;
2019-09-24 18:29:12 - [TEST_STEP][PASSED] - delay(1): Delayed 1 second(s)&#xD;
&#xD;
2019-09-24 18:29:13 - [MESSAGE][PASSED] - Delayed 1 second(s)&#xD;
&#xD;
2019-09-24 18:29:13 - [TEST_STEP][PASSED] - setText(findTestObject("Actpol_Scripts/Opsporing/MBES18/3 INBEWARINGSTELLINGS_C.Q._PLAATSINGSGEGEVENS/advocaat telefoonnummer"), "985213647"): Text '985213647' is set on object 'Object Repository/Actpol_Scripts/Opsporing/MBES18/3 INBEWARINGSTELLINGS_C.Q._PLAATSINGSGEGEVENS/advocaat telefoonnummer'&#xD;
&#xD;
2019-09-24 18:29:14 - [MESSAGE][PASSED] - Text '985213647' is set on object 'Object Repository/Actpol_Scripts/Opsporing/MBES18/3 INBEWARINGSTELLINGS_C.Q._PLAATSINGSGEGEVENS/advocaat telefoonnummer'&#xD;
&#xD;
2019-09-24 18:29:14 - [TEST_STEP][PASSED] - delay(1): Delayed 1 second(s)&#xD;
&#xD;
2019-09-24 18:29:15 - [MESSAGE][PASSED] - Delayed 1 second(s)&#xD;
&#xD;
2019-09-24 18:29:15 - [TEST_STEP][PASSED] - setText(findTestObject("Actpol_Scripts/Opsporing/MBES18/3 INBEWARINGSTELLINGS_C.Q._PLAATSINGSGEGEVENS/Naam ambtenaar KPCN _KmarCarib"), "testing :: Naam ambtenaar KPCN /KmarCarib"): Text 'testing :: Naam ambtenaar KPCN /KmarCarib' is set on object 'Object Repository/Actpol_Scripts/Opsporing/MBES18/3 INBEWARINGSTELLINGS_C.Q._PLAATSINGSGEGEVENS/Naam ambtenaar KPCN _KmarCarib'&#xD;
&#xD;
2019-09-24 18:29:17 - [MESSAGE][PASSED] - Text 'testing :: Naam ambtenaar KPCN /KmarCarib' is set on object 'Object Repository/Actpol_Scripts/Opsporing/MBES18/3 INBEWARINGSTELLINGS_C.Q._PLAATSINGSGEGEVENS/Naam ambtenaar KPCN _KmarCarib'&#xD;
&#xD;
2019-09-24 18:29:17 - [TEST_STEP][PASSED] - delay(1): Delayed 1 second(s)&#xD;
&#xD;
2019-09-24 18:29:18 - [MESSAGE][PASSED] - Delayed 1 second(s)&#xD;
&#xD;
2019-09-24 18:29:18 - [TEST_STEP][PASSED] - setText(findTestObject("Actpol_Scripts/Opsporing/MBES18/3 INBEWARINGSTELLINGS_C.Q._PLAATSINGSGEGEVENS/Bekend bij IND-CN in het kader van"), "testing :: Bekend bij IND-CN in het kader van toelating/bescherming"): Text 'testing :: Bekend bij IND-CN in het kader van toelating/bescherming' is set on object 'Object Repository/Actpol_Scripts/Opsporing/MBES18/3 INBEWARINGSTELLINGS_C.Q._PLAATSINGSGEGEVENS/Bekend bij IND-CN in het kader van'&#xD;
&#xD;
2019-09-24 18:29:20 - [MESSAGE][PASSED] - Text 'testing :: Bekend bij IND-CN in het kader van toelating/bescherming' is set on object 'Object Repository/Actpol_Scripts/Opsporing/MBES18/3 INBEWARINGSTELLINGS_C.Q._PLAATSINGSGEGEVENS/Bekend bij IND-CN in het kader van'&#xD;
&#xD;
2019-09-24 18:29:20 - [TEST_STEP][PASSED] - delay(2): Delayed 2 second(s)&#xD;
&#xD;
2019-09-24 18:29:22 - [MESSAGE][PASSED] - Delayed 2 second(s)&#xD;
&#xD;
2019-09-24 18:29:22 - [TEST_STEP][NOT_RUN] - setText(findTestObject("Actpol_Scripts/Opsporing/MBES18/3 INBEWARINGSTELLINGS_C.Q._PLAATSINGSGEGEVENS/Datum beeindiging rechtmatig verblijf"), "02/09/2019"): NOT_RUN: setText(findTestObject("Actpol_Scripts/Opsporing/MBES18/3 INBEWARINGSTELLINGS_C.Q._PLAATSINGSGEGEVENS/Datum beeindiging rechtmatig verblijf"), "02/09/2019")&#xD;
&#xD;
2019-09-24 18:29:22 - [MESSAGE][NOT_RUN] - NOT_RUN: setText(findTestObject("Actpol_Scripts/Opsporing/MBES18/3 INBEWARINGSTELLINGS_C.Q._PLAATSINGSGEGEVENS/Datum beeindiging rechtmatig verblijf"), "02/09/2019")&#xD;
&#xD;
2019-09-24 18:29:22 - [TEST_STEP][PASSED] - click(findTestObject("Actpol_Scripts/Opsporing/MBES18/3 INBEWARINGSTELLINGS_C.Q._PLAATSINGSGEGEVENS/Datum beeindiging rechtmatig verblijf calendar icon")): Object: 'Object Repository/Actpol_Scripts/Opsporing/MBES18/3 INBEWARINGSTELLINGS_C.Q._PLAATSINGSGEGEVENS/Datum beeindiging rechtmatig verblijf calendar icon' is clicked on&#xD;
&#xD;
2019-09-24 18:29:23 - [MESSAGE][PASSED] - Object: 'Object Repository/Actpol_Scripts/Opsporing/MBES18/3 INBEWARINGSTELLINGS_C.Q._PLAATSINGSGEGEVENS/Datum beeindiging rechtmatig verblijf calendar icon' is clicked on&#xD;
&#xD;
2019-09-24 18:29:23 - [TEST_STEP][PASSED] - delay(2): Delayed 2 second(s)&#xD;
&#xD;
2019-09-24 18:29:25 - [MESSAGE][PASSED] - Delayed 2 second(s)&#xD;
&#xD;
2019-09-24 18:29:25 - [TEST_STEP][PASSED] - selectOptionByLabel(findTestObject("Actpol_Scripts/Monthyear/Rightmonth"), "sep", false): All options with label 'sep' are selected in object 'Object Repository/Actpol_Scripts/Monthyear/Rightmonth' &#xD;
&#xD;
2019-09-24 18:29:25 - [MESSAGE][PASSED] - All options with label 'sep' are selected in object 'Object Repository/Actpol_Scripts/Monthyear/Rightmonth' &#xD;
&#xD;
2019-09-24 18:29:25 - [TEST_STEP][PASSED] - delay(1): Delayed 1 second(s)&#xD;
&#xD;
2019-09-24 18:29:26 - [MESSAGE][PASSED] - Delayed 1 second(s)&#xD;
&#xD;
2019-09-24 18:29:26 - [TEST_STEP][PASSED] - selectOptionByLabel(findTestObject("Actpol_Scripts/Monthyear/Rightyear"), "2019", false): All options with label '2019' are selected in object 'Object Repository/Actpol_Scripts/Monthyear/Rightyear' &#xD;
&#xD;
2019-09-24 18:29:27 - [MESSAGE][PASSED] - All options with label '2019' are selected in object 'Object Repository/Actpol_Scripts/Monthyear/Rightyear' &#xD;
&#xD;
2019-09-24 18:29:27 - [TEST_STEP][PASSED] - delay(1): Delayed 1 second(s)&#xD;
&#xD;
2019-09-24 18:29:28 - [MESSAGE][PASSED] - Delayed 1 second(s)&#xD;
&#xD;
2019-09-24 18:29:28 - [TEST_STEP][PASSED] - click(findTestObject("Actpol_Scripts/Date/16th right frame")): Object: 'Object Repository/Actpol_Scripts/Date/16th right frame' is clicked on&#xD;
&#xD;
2019-09-24 18:29:28 - [MESSAGE][PASSED] - Object: 'Object Repository/Actpol_Scripts/Date/16th right frame' is clicked on&#xD;
&#xD;
2019-09-24 18:29:28 - [TEST_STEP][PASSED] - delay(2): Delayed 2 second(s)&#xD;
&#xD;
2019-09-24 18:29:30 - [MESSAGE][PASSED] - Delayed 2 second(s)&#xD;
&#xD;
2019-09-24 18:29:30 - [TEST_STEP][PASSED] - scrollToPosition(10, 7): Browser is scrolled to position x = 10, y = 7&#xD;
&#xD;
2019-09-24 18:29:30 - [MESSAGE][PASSED] - Browser is scrolled to position x = 10, y = 7&#xD;
&#xD;
2019-09-24 18:29:30 - [TEST_STEP][PASSED] - click(findTestObject("Actpol_Scripts/Opsporing/MBES18/3 INBEWARINGSTELLINGS_C.Q._PLAATSINGSGEGEVENS/INBEWARINGSTELLINGS C.Q. PLAATSINGSGEGEVENS tab")): Object: 'Object Repository/Actpol_Scripts/Opsporing/MBES18/3 INBEWARINGSTELLINGS_C.Q._PLAATSINGSGEGEVENS/INBEWARINGSTELLINGS C.Q. PLAATSINGSGEGEVENS tab' is clicked on&#xD;
&#xD;
2019-09-24 18:29:31 - [MESSAGE][PASSED] - Object: 'Object Repository/Actpol_Scripts/Opsporing/MBES18/3 INBEWARINGSTELLINGS_C.Q._PLAATSINGSGEGEVENS/INBEWARINGSTELLINGS C.Q. PLAATSINGSGEGEVENS tab' is clicked on&#xD;
&#xD;
2019-09-24 18:29:31 - [TEST_STEP][PASSED] - delay(1): Delayed 1 second(s)&#xD;
&#xD;
2019-09-24 18:29:32 - [MESSAGE][PASSED] - Delayed 1 second(s)&#xD;
&#xD;
2019-09-24 18:29:32 - [TEST_STEP][PASSED] - click(findTestObject("Actpol_Scripts/Opsporing/MBES18/4 GEDRAG_MEDISCH/GEDRAG MEDISCH tab"), OPTIONAL): Object: 'Object Repository/Actpol_Scripts/Opsporing/MBES18/4 GEDRAG_MEDISCH/GEDRAG MEDISCH tab' is clicked on&#xD;
&#xD;
2019-09-24 18:29:33 - [MESSAGE][PASSED] - Object: 'Object Repository/Actpol_Scripts/Opsporing/MBES18/4 GEDRAG_MEDISCH/GEDRAG MEDISCH tab' is clicked on&#xD;
&#xD;
2019-09-24 18:29:33 - [TEST_STEP][PASSED] - delay(2): Delayed 2 second(s)&#xD;
&#xD;
2019-09-24 18:29:35 - [MESSAGE][PASSED] - Delayed 2 second(s)&#xD;
&#xD;
2019-09-24 18:29:35 - [TEST_STEP][PASSED] - comment("Checking jaa validation"): Checking jaa validation&#xD;
&#xD;
2019-09-24 18:29:35 - [MESSAGE][INFO] - Checking jaa validation&#xD;
&#xD;
2019-09-24 18:29:35 - [TEST_STEP][PASSED] - for ([i = 1, i &lt;= 19, (i++)]): Object: 'Object Repository/Actpol_Scripts/Opsporing/MBES18/test' is clicked on&#xD;
&#xD;
2019-09-24 18:29:35 - [TEST_STEP][PASSED] - AssistentiedynamicId = i: null&#xD;
&#xD;
2019-09-24 18:29:35 - [TEST_STEP][PASSED] - Assistentiexpath = "//*[@id="MiddelenAUform"]/table/tbody/tr[" + AssistentiedynamicId + "]/td[2]/input[1]": null&#xD;
&#xD;
2019-09-24 18:29:35 - [TEST_STEP][PASSED] - println(Assistentiexpath): null&#xD;
&#xD;
2019-09-24 18:29:35 - [TEST_STEP][PASSED] - to = findTestObject("Actpol_Scripts/Opsporing/MBES18/test"): null&#xD;
&#xD;
2019-09-24 18:29:35 - [TEST_STEP][PASSED] - to.addProperty("xpath", EQUALS, Assistentiexpath): null&#xD;
&#xD;
2019-09-24 18:29:35 - [TEST_STEP][PASSED] - value1 = getAttribute(to, "value"): Attribute 'value' of object 'Object Repository/Actpol_Scripts/Opsporing/MBES18/test' is: 'J'&#xD;
&#xD;
2019-09-24 18:29:35 - [MESSAGE][PASSED] - Attribute 'value' of object 'Object Repository/Actpol_Scripts/Opsporing/MBES18/test' is: 'J'&#xD;
&#xD;
2019-09-24 18:29:35 - [TEST_STEP][PASSED] - println(value1): null&#xD;
&#xD;
2019-09-24 18:29:35 - [TEST_STEP][PASSED] - value2 = "J": null&#xD;
&#xD;
2019-09-24 18:29:35 - [TEST_STEP][PASSED] - if (value1 == value2): Object: 'Object Repository/Actpol_Scripts/Opsporing/MBES18/test' is clicked on&#xD;
&#xD;
2019-09-24 18:29:35 - [TEST_STEP][PASSED] - click(to): Object: 'Object Repository/Actpol_Scripts/Opsporing/MBES18/test' is clicked on&#xD;
&#xD;
2019-09-24 18:29:35 - [MESSAGE][PASSED] - Object: 'Object Repository/Actpol_Scripts/Opsporing/MBES18/test' is clicked on&#xD;
&#xD;
2019-09-24 18:29:35 - [TEST_STEP][PASSED] - AssistentiedynamicId = i: null&#xD;
&#xD;
2019-09-24 18:29:35 - [TEST_STEP][PASSED] - Assistentiexpath = "//*[@id="MiddelenAUform"]/table/tbody/tr[" + AssistentiedynamicId + "]/td[2]/input[1]": null&#xD;
&#xD;
2019-09-24 18:29:35 - [TEST_STEP][PASSED] - println(Assistentiexpath): null&#xD;
&#xD;
2019-09-24 18:29:35 - [TEST_STEP][PASSED] - to = findTestObject("Actpol_Scripts/Opsporing/MBES18/test"): null&#xD;
&#xD;
2019-09-24 18:29:36 - [TEST_STEP][PASSED] - to.addProperty("xpath", EQUALS, Assistentiexpath): null&#xD;
&#xD;
2019-09-24 18:29:36 - [TEST_STEP][PASSED] - value1 = getAttribute(to, "value"): Attribute 'value' of object 'Object Repository/Actpol_Scripts/Opsporing/MBES18/test' is: 'J'&#xD;
&#xD;
2019-09-24 18:29:36 - [MESSAGE][PASSED] - Attribute 'value' of object 'Object Repository/Actpol_Scripts/Opsporing/MBES18/test' is: 'J'&#xD;
&#xD;
2019-09-24 18:29:36 - [TEST_STEP][PASSED] - println(value1): null&#xD;
&#xD;
2019-09-24 18:29:36 - [TEST_STEP][PASSED] - value2 = "J": null&#xD;
&#xD;
2019-09-24 18:29:36 - [TEST_STEP][PASSED] - if (value1 == value2): Object: 'Object Repository/Actpol_Scripts/Opsporing/MBES18/test' is clicked on&#xD;
&#xD;
2019-09-24 18:29:36 - [TEST_STEP][PASSED] - click(to): Object: 'Object Repository/Actpol_Scripts/Opsporing/MBES18/test' is clicked on&#xD;
&#xD;
2019-09-24 18:29:36 - [MESSAGE][PASSED] - Object: 'Object Repository/Actpol_Scripts/Opsporing/MBES18/test' is clicked on&#xD;
&#xD;
2019-09-24 18:29:36 - [TEST_STEP][PASSED] - AssistentiedynamicId = i: null&#xD;
&#xD;
2019-09-24 18:29:36 - [TEST_STEP][PASSED] - Assistentiexpath = "//*[@id="MiddelenAUform"]/table/tbody/tr[" + AssistentiedynamicId + "]/td[2]/input[1]": null&#xD;
&#xD;
2019-09-24 18:29:36 - [TEST_STEP][PASSED] - println(Assistentiexpath): null&#xD;
&#xD;
2019-09-24 18:29:36 - [TEST_STEP][PASSED] - to = findTestObject("Actpol_Scripts/Opsporing/MBES18/test"): null&#xD;
&#xD;
2019-09-24 18:29:37 - [TEST_STEP][PASSED] - to.addProperty("xpath", EQUALS, Assistentiexpath): null&#xD;
&#xD;
2019-09-24 18:29:37 - [TEST_STEP][PASSED] - value1 = getAttribute(to, "value"): Attribute 'value' of object 'Object Repository/Actpol_Scripts/Opsporing/MBES18/test' is: 'J'&#xD;
&#xD;
2019-09-24 18:29:37 - [MESSAGE][PASSED] - Attribute 'value' of object 'Object Repository/Actpol_Scripts/Opsporing/MBES18/test' is: 'J'&#xD;
&#xD;
2019-09-24 18:29:37 - [TEST_STEP][PASSED] - println(value1): null&#xD;
&#xD;
2019-09-24 18:29:37 - [TEST_STEP][PASSED] - value2 = "J": null&#xD;
&#xD;
2019-09-24 18:29:37 - [TEST_STEP][PASSED] - if (value1 == value2): Object: 'Object Repository/Actpol_Scripts/Opsporing/MBES18/test' is clicked on&#xD;
&#xD;
2019-09-24 18:29:37 - [TEST_STEP][PASSED] - click(to): Object: 'Object Repository/Actpol_Scripts/Opsporing/MBES18/test' is clicked on&#xD;
&#xD;
2019-09-24 18:29:37 - [MESSAGE][PASSED] - Object: 'Object Repository/Actpol_Scripts/Opsporing/MBES18/test' is clicked on&#xD;
&#xD;
2019-09-24 18:29:37 - [TEST_STEP][PASSED] - AssistentiedynamicId = i: null&#xD;
&#xD;
2019-09-24 18:29:37 - [TEST_STEP][PASSED] - Assistentiexpath = "//*[@id="MiddelenAUform"]/table/tbody/tr[" + AssistentiedynamicId + "]/td[2]/input[1]": null&#xD;
&#xD;
2019-09-24 18:29:37 - [TEST_STEP][PASSED] - println(Assistentiexpath): null&#xD;
&#xD;
2019-09-24 18:29:37 - [TEST_STEP][PASSED] - to = findTestObject("Actpol_Scripts/Opsporing/MBES18/test"): null&#xD;
&#xD;
2019-09-24 18:29:37 - [TEST_STEP][PASSED] - to.addProperty("xpath", EQUALS, Assistentiexpath): null&#xD;
&#xD;
2019-09-24 18:29:37 - [TEST_STEP][PASSED] - value1 = getAttribute(to, "value"): Attribute 'value' of object 'Object Repository/Actpol_Scripts/Opsporing/MBES18/test' is: 'J'&#xD;
&#xD;
2019-09-24 18:29:37 - [MESSAGE][PASSED] - Attribute 'value' of object 'Object Repository/Actpol_Scripts/Opsporing/MBES18/test' is: 'J'&#xD;
&#xD;
2019-09-24 18:29:37 - [TEST_STEP][PASSED] - println(value1): null&#xD;
&#xD;
2019-09-24 18:29:37 - [TEST_STEP][PASSED] - value2 = "J": null&#xD;
&#xD;
2019-09-24 18:29:37 - [TEST_STEP][PASSED] - if (value1 == value2): Object: 'Object Repository/Actpol_Scripts/Opsporing/MBES18/test' is clicked on&#xD;
&#xD;
2019-09-24 18:29:37 - [TEST_STEP][PASSED] - click(to): Object: 'Object Repository/Actpol_Scripts/Opsporing/MBES18/test' is clicked on&#xD;
&#xD;
2019-09-24 18:29:38 - [MESSAGE][PASSED] - Object: 'Object Repository/Actpol_Scripts/Opsporing/MBES18/test' is clicked on&#xD;
&#xD;
2019-09-24 18:29:38 - [TEST_STEP][PASSED] - AssistentiedynamicId = i: null&#xD;
&#xD;
2019-09-24 18:29:38 - [TEST_STEP][PASSED] - Assistentiexpath = "//*[@id="MiddelenAUform"]/table/tbody/tr[" + AssistentiedynamicId + "]/td[2]/input[1]": null&#xD;
&#xD;
2019-09-24 18:29:38 - [TEST_STEP][PASSED] - println(Assistentiexpath): null&#xD;
&#xD;
2019-09-24 18:29:38 - [TEST_STEP][PASSED] - to = findTestObject("Actpol_Scripts/Opsporing/MBES18/test"): null&#xD;
&#xD;
2019-09-24 18:29:38 - [TEST_STEP][PASSED] - to.addProperty("xpath", EQUALS, Assistentiexpath): null&#xD;
&#xD;
2019-09-24 18:29:38 - [TEST_STEP][PASSED] - value1 = getAttribute(to, "value"): Attribute 'value' of object 'Object Repository/Actpol_Scripts/Opsporing/MBES18/test' is: 'J'&#xD;
&#xD;
2019-09-24 18:29:38 - [MESSAGE][PASSED] - Attribute 'value' of object 'Object Repository/Actpol_Scripts/Opsporing/MBES18/test' is: 'J'&#xD;
&#xD;
2019-09-24 18:29:38 - [TEST_STEP][PASSED] - println(value1): null&#xD;
&#xD;
2019-09-24 18:29:38 - [TEST_STEP][PASSED] - value2 = "J": null&#xD;
&#xD;
2019-09-24 18:29:38 - [TEST_STEP][PASSED] - if (value1 == value2): Object: 'Object Repository/Actpol_Scripts/Opsporing/MBES18/test' is clicked on&#xD;
&#xD;
2019-09-24 18:29:38 - [TEST_STEP][PASSED] - click(to): Object: 'Object Repository/Actpol_Scripts/Opsporing/MBES18/test' is clicked on&#xD;
&#xD;
2019-09-24 18:29:39 - [MESSAGE][PASSED] - Object: 'Object Repository/Actpol_Scripts/Opsporing/MBES18/test' is clicked on&#xD;
&#xD;
2019-09-24 18:29:39 - [TEST_STEP][PASSED] - AssistentiedynamicId = i: null&#xD;
&#xD;
2019-09-24 18:29:39 - [TEST_STEP][PASSED] - Assistentiexpath = "//*[@id="MiddelenAUform"]/table/tbody/tr[" + AssistentiedynamicId + "]/td[2]/input[1]": null&#xD;
&#xD;
2019-09-24 18:29:39 - [TEST_STEP][PASSED] - println(Assistentiexpath): null&#xD;
&#xD;
2019-09-24 18:29:39 - [TEST_STEP][PASSED] - to = findTestObject("Actpol_Scripts/Opsporing/MBES18/test"): null&#xD;
&#xD;
2019-09-24 18:29:39 - [TEST_STEP][PASSED] - to.addProperty("xpath", EQUALS, Assistentiexpath): null&#xD;
&#xD;
2019-09-24 18:29:39 - [TEST_STEP][PASSED] - value1 = getAttribute(to, "value"): Attribute 'value' of object 'Object Repository/Actpol_Scripts/Opsporing/MBES18/test' is: 'J'&#xD;
&#xD;
2019-09-24 18:29:39 - [MESSAGE][PASSED] - Attribute 'value' of object 'Object Repository/Actpol_Scripts/Opsporing/MBES18/test' is: 'J'&#xD;
&#xD;
2019-09-24 18:29:39 - [TEST_STEP][PASSED] - println(value1): null&#xD;
&#xD;
2019-09-24 18:29:39 - [TEST_STEP][PASSED] - value2 = "J": null&#xD;
&#xD;
2019-09-24 18:29:39 - [TEST_STEP][PASSED] - if (value1 == value2): Object: 'Object Repository/Actpol_Scripts/Opsporing/MBES18/test' is clicked on&#xD;
&#xD;
2019-09-24 18:29:39 - [TEST_STEP][PASSED] - click(to): Object: 'Object Repository/Actpol_Scripts/Opsporing/MBES18/test' is clicked on&#xD;
&#xD;
2019-09-24 18:29:39 - [MESSAGE][PASSED] - Object: 'Object Repository/Actpol_Scripts/Opsporing/MBES18/test' is clicked on&#xD;
&#xD;
2019-09-24 18:29:39 - [TEST_STEP][PASSED] - AssistentiedynamicId = i: null&#xD;
&#xD;
2019-09-24 18:29:39 - [TEST_STEP][PASSED] - Assistentiexpath = "//*[@id="MiddelenAUform"]/table/tbody/tr[" + AssistentiedynamicId + "]/td[2]/input[1]": null&#xD;
&#xD;
2019-09-24 18:29:39 - [TEST_STEP][PASSED] - println(Assistentiexpath): null&#xD;
&#xD;
2019-09-24 18:29:39 - [TEST_STEP][PASSED] - to = findTestObject("Actpol_Scripts/Opsporing/MBES18/test"): null&#xD;
&#xD;
2019-09-24 18:29:40 - [TEST_STEP][PASSED] - to.addProperty("xpath", EQUALS, Assistentiexpath): null&#xD;
&#xD;
2019-09-24 18:29:40 - [TEST_STEP][PASSED] - value1 = getAttribute(to, "value"): Attribute 'value' of object 'Object Repository/Actpol_Scripts/Opsporing/MBES18/test' is: 'J'&#xD;
&#xD;
2019-09-24 18:29:40 - [MESSAGE][PASSED] - Attribute 'value' of object 'Object Repository/Actpol_Scripts/Opsporing/MBES18/test' is: 'J'&#xD;
&#xD;
2019-09-24 18:29:40 - [TEST_STEP][PASSED] - println(value1): null&#xD;
&#xD;
2019-09-24 18:29:40 - [TEST_STEP][PASSED] - value2 = "J": null&#xD;
&#xD;
2019-09-24 18:29:40 - [TEST_STEP][PASSED] - if (value1 == value2): Object: 'Object Repository/Actpol_Scripts/Opsporing/MBES18/test' is clicked on&#xD;
&#xD;
2019-09-24 18:29:40 - [TEST_STEP][PASSED] - click(to): Object: 'Object Repository/Actpol_Scripts/Opsporing/MBES18/test' is clicked on&#xD;
&#xD;
2019-09-24 18:29:40 - [MESSAGE][PASSED] - Object: 'Object Repository/Actpol_Scripts/Opsporing/MBES18/test' is clicked on&#xD;
&#xD;
2019-09-24 18:29:40 - [TEST_STEP][PASSED] - AssistentiedynamicId = i: null&#xD;
&#xD;
2019-09-24 18:29:40 - [TEST_STEP][PASSED] - Assistentiexpath = "//*[@id="MiddelenAUform"]/table/tbody/tr[" + AssistentiedynamicId + "]/td[2]/input[1]": null&#xD;
&#xD;
2019-09-24 18:29:40 - [TEST_STEP][PASSED] - println(Assistentiexpath): null&#xD;
&#xD;
2019-09-24 18:29:40 - [TEST_STEP][PASSED] - to = findTestObject("Actpol_Scripts/Opsporing/MBES18/test"): null&#xD;
&#xD;
2019-09-24 18:29:40 - [TEST_STEP][PASSED] - to.addProperty("xpath", EQUALS, Assistentiexpath): null&#xD;
&#xD;
2019-09-24 18:29:40 - [TEST_STEP][PASSED] - value1 = getAttribute(to, "value"): Attribute 'value' of object 'Object Repository/Actpol_Scripts/Opsporing/MBES18/test' is: 'J'&#xD;
&#xD;
2019-09-24 18:29:41 - [MESSAGE][PASSED] - Attribute 'value' of object 'Object Repository/Actpol_Scripts/Opsporing/MBES18/test' is: 'J'&#xD;
&#xD;
2019-09-24 18:29:41 - [TEST_STEP][PASSED] - println(value1): null&#xD;
&#xD;
2019-09-24 18:29:41 - [TEST_STEP][PASSED] - value2 = "J": null&#xD;
&#xD;
2019-09-24 18:29:41 - [TEST_STEP][PASSED] - if (value1 == value2): Object: 'Object Repository/Actpol_Scripts/Opsporing/MBES18/test' is clicked on&#xD;
&#xD;
2019-09-24 18:29:41 - [TEST_STEP][PASSED] - click(to): Object: 'Object Repository/Actpol_Scripts/Opsporing/MBES18/test' is clicked on&#xD;
&#xD;
2019-09-24 18:29:41 - [MESSAGE][PASSED] - Object: 'Object Repository/Actpol_Scripts/Opsporing/MBES18/test' is clicked on&#xD;
&#xD;
2019-09-24 18:29:41 - [TEST_STEP][PASSED] - AssistentiedynamicId = i: null&#xD;
&#xD;
2019-09-24 18:29:41 - [TEST_STEP][PASSED] - Assistentiexpath = "//*[@id="MiddelenAUform"]/table/tbody/tr[" + AssistentiedynamicId + "]/td[2]/input[1]": null&#xD;
&#xD;
2019-09-24 18:29:41 - [TEST_STEP][PASSED] - println(Assistentiexpath): null&#xD;
&#xD;
2019-09-24 18:29:41 - [TEST_STEP][PASSED] - to = findTestObject("Actpol_Scripts/Opsporing/MBES18/test"): null&#xD;
&#xD;
2019-09-24 18:29:41 - [TEST_STEP][PASSED] - to.addProperty("xpath", EQUALS, Assistentiexpath): null&#xD;
&#xD;
2019-09-24 18:29:41 - [TEST_STEP][PASSED] - value1 = getAttribute(to, "value"): Attribute 'value' of object 'Object Repository/Actpol_Scripts/Opsporing/MBES18/test' is: 'J'&#xD;
&#xD;
2019-09-24 18:29:41 - [MESSAGE][PASSED] - Attribute 'value' of object 'Object Repository/Actpol_Scripts/Opsporing/MBES18/test' is: 'J'&#xD;
&#xD;
2019-09-24 18:29:41 - [TEST_STEP][PASSED] - println(value1): null&#xD;
&#xD;
2019-09-24 18:29:41 - [TEST_STEP][PASSED] - value2 = "J": null&#xD;
&#xD;
2019-09-24 18:29:41 - [TEST_STEP][PASSED] - if (value1 == value2): Object: 'Object Repository/Actpol_Scripts/Opsporing/MBES18/test' is clicked on&#xD;
&#xD;
2019-09-24 18:29:41 - [TEST_STEP][PASSED] - click(to): Object: 'Object Repository/Actpol_Scripts/Opsporing/MBES18/test' is clicked on&#xD;
&#xD;
2019-09-24 18:29:42 - [MESSAGE][PASSED] - Object: 'Object Repository/Actpol_Scripts/Opsporing/MBES18/test' is clicked on&#xD;
&#xD;
2019-09-24 18:29:42 - [TEST_STEP][PASSED] - AssistentiedynamicId = i: null&#xD;
&#xD;
2019-09-24 18:29:42 - [TEST_STEP][PASSED] - Assistentiexpath = "//*[@id="MiddelenAUform"]/table/tbody/tr[" + AssistentiedynamicId + "]/td[2]/input[1]": null&#xD;
&#xD;
2019-09-24 18:29:42 - [TEST_STEP][PASSED] - println(Assistentiexpath): null&#xD;
&#xD;
2019-09-24 18:29:42 - [TEST_STEP][PASSED] - to = findTestObject("Actpol_Scripts/Opsporing/MBES18/test"): null&#xD;
&#xD;
2019-09-24 18:29:42 - [TEST_STEP][PASSED] - to.addProperty("xpath", EQUALS, Assistentiexpath): null&#xD;
&#xD;
2019-09-24 18:29:42 - [TEST_STEP][PASSED] - value1 = getAttribute(to, "value"): Attribute 'value' of object 'Object Repository/Actpol_Scripts/Opsporing/MBES18/test' is: 'J'&#xD;
&#xD;
2019-09-24 18:29:42 - [MESSAGE][PASSED] - Attribute 'value' of object 'Object Repository/Actpol_Scripts/Opsporing/MBES18/test' is: 'J'&#xD;
&#xD;
2019-09-24 18:29:42 - [TEST_STEP][PASSED] - println(value1): null&#xD;
&#xD;
2019-09-24 18:29:42 - [TEST_STEP][PASSED] - value2 = "J": null&#xD;
&#xD;
2019-09-24 18:29:42 - [TEST_STEP][PASSED] - if (value1 == value2): Object: 'Object Repository/Actpol_Scripts/Opsporing/MBES18/test' is clicked on&#xD;
&#xD;
2019-09-24 18:29:42 - [TEST_STEP][PASSED] - click(to): Object: 'Object Repository/Actpol_Scripts/Opsporing/MBES18/test' is clicked on&#xD;
&#xD;
2019-09-24 18:29:42 - [MESSAGE][PASSED] - Object: 'Object Repository/Actpol_Scripts/Opsporing/MBES18/test' is clicked on&#xD;
&#xD;
2019-09-24 18:29:43 - [TEST_STEP][PASSED] - AssistentiedynamicId = i: null&#xD;
&#xD;
2019-09-24 18:29:43 - [TEST_STEP][PASSED] - Assistentiexpath = "//*[@id="MiddelenAUform"]/table/tbody/tr[" + AssistentiedynamicId + "]/td[2]/input[1]": null&#xD;
&#xD;
2019-09-24 18:29:43 - [TEST_STEP][PASSED] - println(Assistentiexpath): null&#xD;
&#xD;
2019-09-24 18:29:43 - [TEST_STEP][PASSED] - to = findTestObject("Actpol_Scripts/Opsporing/MBES18/test"): null&#xD;
&#xD;
2019-09-24 18:29:43 - [TEST_STEP][PASSED] - to.addProperty("xpath", EQUALS, Assistentiexpath): null&#xD;
&#xD;
2019-09-24 18:29:43 - [TEST_STEP][PASSED] - value1 = getAttribute(to, "value"): Attribute 'value' of object 'Object Repository/Actpol_Scripts/Opsporing/MBES18/test' is: 'J'&#xD;
&#xD;
2019-09-24 18:29:43 - [MESSAGE][PASSED] - Attribute 'value' of object 'Object Repository/Actpol_Scripts/Opsporing/MBES18/test' is: 'J'&#xD;
&#xD;
2019-09-24 18:29:43 - [TEST_STEP][PASSED] - println(value1): null&#xD;
&#xD;
2019-09-24 18:29:43 - [TEST_STEP][PASSED] - value2 = "J": null&#xD;
&#xD;
2019-09-24 18:29:43 - [TEST_STEP][PASSED] - if (value1 == value2): Object: 'Object Repository/Actpol_Scripts/Opsporing/MBES18/test' is clicked on&#xD;
&#xD;
2019-09-24 18:29:43 - [TEST_STEP][PASSED] - click(to): Object: 'Object Repository/Actpol_Scripts/Opsporing/MBES18/test' is clicked on&#xD;
&#xD;
2019-09-24 18:29:43 - [MESSAGE][PASSED] - Object: 'Object Repository/Actpol_Scripts/Opsporing/MBES18/test' is clicked on&#xD;
&#xD;
2019-09-24 18:29:43 - [TEST_STEP][PASSED] - AssistentiedynamicId = i: null&#xD;
&#xD;
2019-09-24 18:29:43 - [TEST_STEP][PASSED] - Assistentiexpath = "//*[@id="MiddelenAUform"]/table/tbody/tr[" + AssistentiedynamicId + "]/td[2]/input[1]": null&#xD;
&#xD;
2019-09-24 18:29:43 - [TEST_STEP][PASSED] - println(Assistentiexpath): null&#xD;
&#xD;
2019-09-24 18:29:43 - [TEST_STEP][PASSED] - to = findTestObject("Actpol_Scripts/Opsporing/MBES18/test"): null&#xD;
&#xD;
2019-09-24 18:29:44 - [TEST_STEP][PASSED] - to.addProperty("xpath", EQUALS, Assistentiexpath): null&#xD;
&#xD;
2019-09-24 18:29:44 - [TEST_STEP][PASSED] - value1 = getAttribute(to, "value"): Attribute 'value' of object 'Object Repository/Actpol_Scripts/Opsporing/MBES18/test' is: 'J'&#xD;
&#xD;
2019-09-24 18:29:44 - [MESSAGE][PASSED] - Attribute 'value' of object 'Object Repository/Actpol_Scripts/Opsporing/MBES18/test' is: 'J'&#xD;
&#xD;
2019-09-24 18:29:44 - [TEST_STEP][PASSED] - println(value1): null&#xD;
&#xD;
2019-09-24 18:29:44 - [TEST_STEP][PASSED] - value2 = "J": null&#xD;
&#xD;
2019-09-24 18:29:44 - [TEST_STEP][PASSED] - if (value1 == value2): Object: 'Object Repository/Actpol_Scripts/Opsporing/MBES18/test' is clicked on&#xD;
&#xD;
2019-09-24 18:29:44 - [TEST_STEP][PASSED] - click(to): Object: 'Object Repository/Actpol_Scripts/Opsporing/MBES18/test' is clicked on&#xD;
&#xD;
2019-09-24 18:29:44 - [MESSAGE][PASSED] - Object: 'Object Repository/Actpol_Scripts/Opsporing/MBES18/test' is clicked on&#xD;
&#xD;
2019-09-24 18:29:44 - [TEST_STEP][PASSED] - AssistentiedynamicId = i: null&#xD;
&#xD;
2019-09-24 18:29:44 - [TEST_STEP][PASSED] - Assistentiexpath = "//*[@id="MiddelenAUform"]/table/tbody/tr[" + AssistentiedynamicId + "]/td[2]/input[1]": null&#xD;
&#xD;
2019-09-24 18:29:44 - [TEST_STEP][PASSED] - println(Assistentiexpath): null&#xD;
&#xD;
2019-09-24 18:29:44 - [TEST_STEP][PASSED] - to = findTestObject("Actpol_Scripts/Opsporing/MBES18/test"): null&#xD;
&#xD;
2019-09-24 18:29:44 - [TEST_STEP][PASSED] - to.addProperty("xpath", EQUALS, Assistentiexpath): null&#xD;
&#xD;
2019-09-24 18:29:44 - [TEST_STEP][PASSED] - value1 = getAttribute(to, "value"): Attribute 'value' of object 'Object Repository/Actpol_Scripts/Opsporing/MBES18/test' is: 'J'&#xD;
&#xD;
2019-09-24 18:29:45 - [MESSAGE][PASSED] - Attribute 'value' of object 'Object Repository/Actpol_Scripts/Opsporing/MBES18/test' is: 'J'&#xD;
&#xD;
2019-09-24 18:29:45 - [TEST_STEP][PASSED] - println(value1): null&#xD;
&#xD;
2019-09-24 18:29:45 - [TEST_STEP][PASSED] - value2 = "J": null&#xD;
&#xD;
2019-09-24 18:29:45 - [TEST_STEP][PASSED] - if (value1 == value2): Object: 'Object Repository/Actpol_Scripts/Opsporing/MBES18/test' is clicked on&#xD;
&#xD;
2019-09-24 18:29:45 - [TEST_STEP][PASSED] - click(to): Object: 'Object Repository/Actpol_Scripts/Opsporing/MBES18/test' is clicked on&#xD;
&#xD;
2019-09-24 18:29:45 - [MESSAGE][PASSED] - Object: 'Object Repository/Actpol_Scripts/Opsporing/MBES18/test' is clicked on&#xD;
&#xD;
2019-09-24 18:29:45 - [TEST_STEP][PASSED] - AssistentiedynamicId = i: null&#xD;
&#xD;
2019-09-24 18:29:45 - [TEST_STEP][PASSED] - Assistentiexpath = "//*[@id="MiddelenAUform"]/table/tbody/tr[" + AssistentiedynamicId + "]/td[2]/input[1]": null&#xD;
&#xD;
2019-09-24 18:29:45 - [TEST_STEP][PASSED] - println(Assistentiexpath): null&#xD;
&#xD;
2019-09-24 18:29:45 - [TEST_STEP][PASSED] - to = findTestObject("Actpol_Scripts/Opsporing/MBES18/test"): null&#xD;
&#xD;
2019-09-24 18:29:45 - [TEST_STEP][PASSED] - to.addProperty("xpath", EQUALS, Assistentiexpath): null&#xD;
&#xD;
2019-09-24 18:29:45 - [TEST_STEP][PASSED] - value1 = getAttribute(to, "value"): Attribute 'value' of object 'Object Repository/Actpol_Scripts/Opsporing/MBES18/test' is: 'J'&#xD;
&#xD;
2019-09-24 18:29:46 - [MESSAGE][PASSED] - Attribute 'value' of object 'Object Repository/Actpol_Scripts/Opsporing/MBES18/test' is: 'J'&#xD;
&#xD;
2019-09-24 18:29:46 - [TEST_STEP][PASSED] - println(value1): null&#xD;
&#xD;
2019-09-24 18:29:46 - [TEST_STEP][PASSED] - value2 = "J": null&#xD;
&#xD;
2019-09-24 18:29:46 - [TEST_STEP][PASSED] - if (value1 == value2): Object: 'Object Repository/Actpol_Scripts/Opsporing/MBES18/test' is clicked on&#xD;
&#xD;
2019-09-24 18:29:46 - [TEST_STEP][PASSED] - click(to): Object: 'Object Repository/Actpol_Scripts/Opsporing/MBES18/test' is clicked on&#xD;
&#xD;
2019-09-24 18:29:46 - [MESSAGE][PASSED] - Object: 'Object Repository/Actpol_Scripts/Opsporing/MBES18/test' is clicked on&#xD;
&#xD;
2019-09-24 18:29:46 - [TEST_STEP][PASSED] - AssistentiedynamicId = i: null&#xD;
&#xD;
2019-09-24 18:29:46 - [TEST_STEP][PASSED] - Assistentiexpath = "//*[@id="MiddelenAUform"]/table/tbody/tr[" + AssistentiedynamicId + "]/td[2]/input[1]": null&#xD;
&#xD;
2019-09-24 18:29:46 - [TEST_STEP][PASSED] - println(Assistentiexpath): null&#xD;
&#xD;
2019-09-24 18:29:46 - [TEST_STEP][PASSED] - to = findTestObject("Actpol_Scripts/Opsporing/MBES18/test"): null&#xD;
&#xD;
2019-09-24 18:29:46 - [TEST_STEP][PASSED] - to.addProperty("xpath", EQUALS, Assistentiexpath): null&#xD;
&#xD;
2019-09-24 18:29:46 - [TEST_STEP][PASSED] - value1 = getAttribute(to, "value"): Attribute 'value' of object 'Object Repository/Actpol_Scripts/Opsporing/MBES18/test' is: 'J'&#xD;
&#xD;
2019-09-24 18:29:47 - [MESSAGE][PASSED] - Attribute 'value' of object 'Object Repository/Actpol_Scripts/Opsporing/MBES18/test' is: 'J'&#xD;
&#xD;
2019-09-24 18:29:47 - [TEST_STEP][PASSED] - println(value1): null&#xD;
&#xD;
2019-09-24 18:29:47 - [TEST_STEP][PASSED] - value2 = "J": null&#xD;
&#xD;
2019-09-24 18:29:47 - [TEST_STEP][PASSED] - if (value1 == value2): Object: 'Object Repository/Actpol_Scripts/Opsporing/MBES18/test' is clicked on&#xD;
&#xD;
2019-09-24 18:29:47 - [TEST_STEP][PASSED] - click(to): Object: 'Object Repository/Actpol_Scripts/Opsporing/MBES18/test' is clicked on&#xD;
&#xD;
2019-09-24 18:29:47 - [MESSAGE][PASSED] - Object: 'Object Repository/Actpol_Scripts/Opsporing/MBES18/test' is clicked on&#xD;
&#xD;
2019-09-24 18:29:47 - [TEST_STEP][PASSED] - AssistentiedynamicId = i: null&#xD;
&#xD;
2019-09-24 18:29:47 - [TEST_STEP][PASSED] - Assistentiexpath = "//*[@id="MiddelenAUform"]/table/tbody/tr[" + AssistentiedynamicId + "]/td[2]/input[1]": null&#xD;
&#xD;
2019-09-24 18:29:47 - [TEST_STEP][PASSED] - println(Assistentiexpath): null&#xD;
&#xD;
2019-09-24 18:29:47 - [TEST_STEP][PASSED] - to = findTestObject("Actpol_Scripts/Opsporing/MBES18/test"): null&#xD;
&#xD;
2019-09-24 18:29:47 - [TEST_STEP][PASSED] - to.addProperty("xpath", EQUALS, Assistentiexpath): null&#xD;
&#xD;
2019-09-24 18:29:47 - [TEST_STEP][PASSED] - value1 = getAttribute(to, "value"): Attribute 'value' of object 'Object Repository/Actpol_Scripts/Opsporing/MBES18/test' is: 'J'&#xD;
&#xD;
2019-09-24 18:29:47 - [MESSAGE][PASSED] - Attribute 'value' of object 'Object Repository/Actpol_Scripts/Opsporing/MBES18/test' is: 'J'&#xD;
&#xD;
2019-09-24 18:29:48 - [TEST_STEP][PASSED] - println(value1): null&#xD;
&#xD;
2019-09-24 18:29:48 - [TEST_STEP][PASSED] - value2 = "J": null&#xD;
&#xD;
2019-09-24 18:29:48 - [TEST_STEP][PASSED] - if (value1 == value2): Object: 'Object Repository/Actpol_Scripts/Opsporing/MBES18/test' is clicked on&#xD;
&#xD;
2019-09-24 18:29:48 - [TEST_STEP][PASSED] - click(to): Object: 'Object Repository/Actpol_Scripts/Opsporing/MBES18/test' is clicked on&#xD;
&#xD;
2019-09-24 18:29:48 - [MESSAGE][PASSED] - Object: 'Object Repository/Actpol_Scripts/Opsporing/MBES18/test' is clicked on&#xD;
&#xD;
2019-09-24 18:29:48 - [TEST_STEP][PASSED] - AssistentiedynamicId = i: null&#xD;
&#xD;
2019-09-24 18:29:48 - [TEST_STEP][PASSED] - Assistentiexpath = "//*[@id="MiddelenAUform"]/table/tbody/tr[" + AssistentiedynamicId + "]/td[2]/input[1]": null&#xD;
&#xD;
2019-09-24 18:29:48 - [TEST_STEP][PASSED] - println(Assistentiexpath): null&#xD;
&#xD;
2019-09-24 18:29:48 - [TEST_STEP][PASSED] - to = findTestObject("Actpol_Scripts/Opsporing/MBES18/test"): null&#xD;
&#xD;
2019-09-24 18:29:48 - [TEST_STEP][PASSED] - to.addProperty("xpath", EQUALS, Assistentiexpath): null&#xD;
&#xD;
2019-09-24 18:29:48 - [TEST_STEP][PASSED] - value1 = getAttribute(to, "value"): Attribute 'value' of object 'Object Repository/Actpol_Scripts/Opsporing/MBES18/test' is: ''&#xD;
&#xD;
2019-09-24 18:29:48 - [MESSAGE][PASSED] - Attribute 'value' of object 'Object Repository/Actpol_Scripts/Opsporing/MBES18/test' is: ''&#xD;
&#xD;
2019-09-24 18:29:48 - [TEST_STEP][PASSED] - println(value1): null&#xD;
&#xD;
2019-09-24 18:29:48 - [TEST_STEP][PASSED] - value2 = "J": null&#xD;
&#xD;
2019-09-24 18:29:48 - [TEST_STEP][PASSED] - if (value1 == value2): null&#xD;
&#xD;
2019-09-24 18:29:48 - [TEST_STEP][PASSED] - else: Text 'katalon testing' is set on object 'Object Repository/Actpol_Scripts/Opsporing/MBES18/test'&#xD;
&#xD;
2019-09-24 18:29:48 - [TEST_STEP][PASSED] - setText(to, "katalon testing"): Text 'katalon testing' is set on object 'Object Repository/Actpol_Scripts/Opsporing/MBES18/test'&#xD;
&#xD;
2019-09-24 18:29:50 - [MESSAGE][PASSED] - Text 'katalon testing' is set on object 'Object Repository/Actpol_Scripts/Opsporing/MBES18/test'&#xD;
&#xD;
2019-09-24 18:29:50 - [TEST_STEP][PASSED] - AssistentiedynamicId = i: null&#xD;
&#xD;
2019-09-24 18:29:50 - [TEST_STEP][PASSED] - Assistentiexpath = "//*[@id="MiddelenAUform"]/table/tbody/tr[" + AssistentiedynamicId + "]/td[2]/input[1]": null&#xD;
&#xD;
2019-09-24 18:29:50 - [TEST_STEP][PASSED] - println(Assistentiexpath): null&#xD;
&#xD;
2019-09-24 18:29:50 - [TEST_STEP][PASSED] - to = findTestObject("Actpol_Scripts/Opsporing/MBES18/test"): null&#xD;
&#xD;
2019-09-24 18:29:50 - [TEST_STEP][PASSED] - to.addProperty("xpath", EQUALS, Assistentiexpath): null&#xD;
&#xD;
2019-09-24 18:29:50 - [TEST_STEP][PASSED] - value1 = getAttribute(to, "value"): Attribute 'value' of object 'Object Repository/Actpol_Scripts/Opsporing/MBES18/test' is: 'J'&#xD;
&#xD;
2019-09-24 18:29:50 - [MESSAGE][PASSED] - Attribute 'value' of object 'Object Repository/Actpol_Scripts/Opsporing/MBES18/test' is: 'J'&#xD;
&#xD;
2019-09-24 18:29:50 - [TEST_STEP][PASSED] - println(value1): null&#xD;
&#xD;
2019-09-24 18:29:50 - [TEST_STEP][PASSED] - value2 = "J": null&#xD;
&#xD;
2019-09-24 18:29:50 - [TEST_STEP][PASSED] - if (value1 == value2): Object: 'Object Repository/Actpol_Scripts/Opsporing/MBES18/test' is clicked on&#xD;
&#xD;
2019-09-24 18:29:50 - [TEST_STEP][PASSED] - click(to): Object: 'Object Repository/Actpol_Scripts/Opsporing/MBES18/test' is clicked on&#xD;
&#xD;
2019-09-24 18:29:50 - [MESSAGE][PASSED] - Object: 'Object Repository/Actpol_Scripts/Opsporing/MBES18/test' is clicked on&#xD;
&#xD;
2019-09-24 18:29:50 - [TEST_STEP][PASSED] - AssistentiedynamicId = i: null&#xD;
&#xD;
2019-09-24 18:29:51 - [TEST_STEP][PASSED] - Assistentiexpath = "//*[@id="MiddelenAUform"]/table/tbody/tr[" + AssistentiedynamicId + "]/td[2]/input[1]": null&#xD;
&#xD;
2019-09-24 18:29:51 - [TEST_STEP][PASSED] - println(Assistentiexpath): null&#xD;
&#xD;
2019-09-24 18:29:51 - [TEST_STEP][PASSED] - to = findTestObject("Actpol_Scripts/Opsporing/MBES18/test"): null&#xD;
&#xD;
2019-09-24 18:29:51 - [TEST_STEP][PASSED] - to.addProperty("xpath", EQUALS, Assistentiexpath): null&#xD;
&#xD;
2019-09-24 18:29:51 - [TEST_STEP][PASSED] - value1 = getAttribute(to, "value"): Attribute 'value' of object 'Object Repository/Actpol_Scripts/Opsporing/MBES18/test' is: 'J'&#xD;
&#xD;
2019-09-24 18:29:51 - [MESSAGE][PASSED] - Attribute 'value' of object 'Object Repository/Actpol_Scripts/Opsporing/MBES18/test' is: 'J'&#xD;
&#xD;
2019-09-24 18:29:51 - [TEST_STEP][PASSED] - println(value1): null&#xD;
&#xD;
2019-09-24 18:29:51 - [TEST_STEP][PASSED] - value2 = "J": null&#xD;
&#xD;
2019-09-24 18:29:51 - [TEST_STEP][PASSED] - if (value1 == value2): Object: 'Object Repository/Actpol_Scripts/Opsporing/MBES18/test' is clicked on&#xD;
&#xD;
2019-09-24 18:29:51 - [TEST_STEP][PASSED] - click(to): Object: 'Object Repository/Actpol_Scripts/Opsporing/MBES18/test' is clicked on&#xD;
&#xD;
2019-09-24 18:29:51 - [MESSAGE][PASSED] - Object: 'Object Repository/Actpol_Scripts/Opsporing/MBES18/test' is clicked on&#xD;
&#xD;
2019-09-24 18:29:51 - [TEST_STEP][PASSED] - click(findTestObject("Actpol_Scripts/Opsporing/MBES18/MBSC SAVE"), OPTIONAL): Object: 'Object Repository/Actpol_Scripts/Opsporing/MBES18/MBSC SAVE' is clicked on&#xD;
&#xD;
2019-09-24 18:29:52 - [MESSAGE][PASSED] - Object: 'Object Repository/Actpol_Scripts/Opsporing/MBES18/MBSC SAVE' is clicked on&#xD;
&#xD;
2019-09-24 18:29:52 - [TEST_STEP][PASSED] - delay(1): Delayed 1 second(s)&#xD;
&#xD;
2019-09-24 18:29:53 - [MESSAGE][PASSED] - Delayed 1 second(s)&#xD;
&#xD;
2019-09-24 18:29:53 - [TEST_STEP][PASSED] - scrollToPosition(10, 7): Browser is scrolled to position x = 10, y = 7&#xD;
&#xD;
2019-09-24 18:29:53 - [MESSAGE][PASSED] - Browser is scrolled to position x = 10, y = 7&#xD;
&#xD;
2019-09-24 18:29:53 - [TEST_STEP][PASSED] - delay(1): Delayed 1 second(s)&#xD;
&#xD;
2019-09-24 18:29:54 - [MESSAGE][PASSED] - Delayed 1 second(s)&#xD;
&#xD;
2019-09-24 18:29:54 - [TEST_STEP][PASSED] - comment("Checking nee validation"): Checking nee validation&#xD;
&#xD;
2019-09-24 18:29:54 - [MESSAGE][INFO] - Checking nee validation&#xD;
&#xD;
2019-09-24 18:29:54 - [TEST_STEP][PASSED] - s1 = "//*[@id="MiddelenAUform"]/table/tbody/tr[1]/td[2]/input[2]": null&#xD;
&#xD;
2019-09-24 18:29:54 - [TEST_STEP][PASSED] - s2 = "//*[@id="MiddelenAUform"]/table/tbody/tr[3]/td[2]/input[2]": null&#xD;
&#xD;
2019-09-24 18:29:54 - [TEST_STEP][PASSED] - s20 = "//*[@id="MiddelenAUform"]/table/tbody/tr[20]/td[2]/input[2]": null&#xD;
&#xD;
2019-09-24 18:29:54 - [TEST_STEP][PASSED] - s21 = "//*[@id="MiddelenAUform"]/table/tbody/tr[21]/td[2]/input[2]": null&#xD;
&#xD;
2019-09-24 18:29:54 - [TEST_STEP][PASSED] - for ([i = 1, i &lt;= 16, (i++)]): Object: 'Object Repository/Actpol_Scripts/Opsporing/MBES18/test' is clicked on&#xD;
&#xD;
2019-09-24 18:29:54 - [TEST_STEP][PASSED] - Neeid = i: null&#xD;
&#xD;
2019-09-24 18:29:54 - [TEST_STEP][PASSED] - Neepath = "//*[@id="MiddelenAUform"]/table/tbody/tr[" + Neeid + "]/td[2]/input[2]": null&#xD;
&#xD;
2019-09-24 18:29:54 - [TEST_STEP][PASSED] - println(Neepath): null&#xD;
&#xD;
2019-09-24 18:29:54 - [TEST_STEP][PASSED] - to1 = findTestObject("Actpol_Scripts/Opsporing/MBES18/test"): null&#xD;
&#xD;
2019-09-24 18:29:54 - [TEST_STEP][PASSED] - to1.addProperty("xpath", EQUALS, Neepath): null&#xD;
&#xD;
2019-09-24 18:29:54 - [TEST_STEP][PASSED] - nee = getAttribute(to1, "value"): Attribute 'value' of object 'Object Repository/Actpol_Scripts/Opsporing/MBES18/test' is: 'N'&#xD;
&#xD;
2019-09-24 18:29:55 - [MESSAGE][PASSED] - Attribute 'value' of object 'Object Repository/Actpol_Scripts/Opsporing/MBES18/test' is: 'N'&#xD;
&#xD;
2019-09-24 18:29:55 - [TEST_STEP][PASSED] - println(nee): null&#xD;
&#xD;
2019-09-24 18:29:55 - [TEST_STEP][PASSED] - nee2 = "N": null&#xD;
&#xD;
2019-09-24 18:29:55 - [TEST_STEP][PASSED] - if (nee == nee2): Object: 'Object Repository/Actpol_Scripts/Opsporing/MBES18/test' is clicked on&#xD;
&#xD;
2019-09-24 18:29:55 - [TEST_STEP][PASSED] - click(to1, OPTIONAL): Object: 'Object Repository/Actpol_Scripts/Opsporing/MBES18/test' is clicked on&#xD;
&#xD;
2019-09-24 18:29:55 - [MESSAGE][PASSED] - Object: 'Object Repository/Actpol_Scripts/Opsporing/MBES18/test' is clicked on&#xD;
&#xD;
2019-09-24 18:29:55 - [TEST_STEP][PASSED] - Neeid = i: null&#xD;
&#xD;
2019-09-24 18:29:55 - [TEST_STEP][PASSED] - Neepath = "//*[@id="MiddelenAUform"]/table/tbody/tr[" + Neeid + "]/td[2]/input[2]": null&#xD;
&#xD;
2019-09-24 18:29:55 - [TEST_STEP][PASSED] - println(Neepath): null&#xD;
&#xD;
2019-09-24 18:29:55 - [TEST_STEP][PASSED] - to1 = findTestObject("Actpol_Scripts/Opsporing/MBES18/test"): null&#xD;
&#xD;
2019-09-24 18:29:55 - [TEST_STEP][PASSED] - to1.addProperty("xpath", EQUALS, Neepath): null&#xD;
&#xD;
2019-09-24 18:29:55 - [TEST_STEP][PASSED] - nee = getAttribute(to1, "value"): Attribute 'value' of object 'Object Repository/Actpol_Scripts/Opsporing/MBES18/test' is: 'N'&#xD;
&#xD;
2019-09-24 18:29:55 - [MESSAGE][PASSED] - Attribute 'value' of object 'Object Repository/Actpol_Scripts/Opsporing/MBES18/test' is: 'N'&#xD;
&#xD;
2019-09-24 18:29:55 - [TEST_STEP][PASSED] - println(nee): null&#xD;
&#xD;
2019-09-24 18:29:55 - [TEST_STEP][PASSED] - nee2 = "N": null&#xD;
&#xD;
2019-09-24 18:29:55 - [TEST_STEP][PASSED] - if (nee == nee2): Object: 'Object Repository/Actpol_Scripts/Opsporing/MBES18/test' is clicked on&#xD;
&#xD;
2019-09-24 18:29:55 - [TEST_STEP][PASSED] - click(to1, OPTIONAL): Object: 'Object Repository/Actpol_Scripts/Opsporing/MBES18/test' is clicked on&#xD;
&#xD;
2019-09-24 18:29:56 - [MESSAGE][PASSED] - Object: 'Object Repository/Actpol_Scripts/Opsporing/MBES18/test' is clicked on&#xD;
&#xD;
2019-09-24 18:29:56 - [TEST_STEP][PASSED] - Neeid = i: null&#xD;
&#xD;
2019-09-24 18:29:56 - [TEST_STEP][PASSED] - Neepath = "//*[@id="MiddelenAUform"]/table/tbody/tr[" + Neeid + "]/td[2]/input[2]": null&#xD;
&#xD;
2019-09-24 18:29:56 - [TEST_STEP][PASSED] - println(Neepath): null&#xD;
&#xD;
2019-09-24 18:29:56 - [TEST_STEP][PASSED] - to1 = findTestObject("Actpol_Scripts/Opsporing/MBES18/test"): null&#xD;
&#xD;
2019-09-24 18:29:56 - [TEST_STEP][PASSED] - to1.addProperty("xpath", EQUALS, Neepath): null&#xD;
&#xD;
2019-09-24 18:29:56 - [TEST_STEP][PASSED] - nee = getAttribute(to1, "value"): Attribute 'value' of object 'Object Repository/Actpol_Scripts/Opsporing/MBES18/test' is: 'N'&#xD;
&#xD;
2019-09-24 18:29:56 - [MESSAGE][PASSED] - Attribute 'value' of object 'Object Repository/Actpol_Scripts/Opsporing/MBES18/test' is: 'N'&#xD;
&#xD;
2019-09-24 18:29:56 - [TEST_STEP][PASSED] - println(nee): null&#xD;
&#xD;
2019-09-24 18:29:56 - [TEST_STEP][PASSED] - nee2 = "N": null&#xD;
&#xD;
2019-09-24 18:29:56 - [TEST_STEP][PASSED] - if (nee == nee2): Object: 'Object Repository/Actpol_Scripts/Opsporing/MBES18/test' is clicked on&#xD;
&#xD;
2019-09-24 18:29:56 - [TEST_STEP][PASSED] - click(to1, OPTIONAL): Object: 'Object Repository/Actpol_Scripts/Opsporing/MBES18/test' is clicked on&#xD;
&#xD;
2019-09-24 18:29:57 - [MESSAGE][PASSED] - Object: 'Object Repository/Actpol_Scripts/Opsporing/MBES18/test' is clicked on&#xD;
&#xD;
2019-09-24 18:29:57 - [TEST_STEP][PASSED] - Neeid = i: null&#xD;
&#xD;
2019-09-24 18:29:57 - [TEST_STEP][PASSED] - Neepath = "//*[@id="MiddelenAUform"]/table/tbody/tr[" + Neeid + "]/td[2]/input[2]": null&#xD;
&#xD;
2019-09-24 18:29:57 - [TEST_STEP][PASSED] - println(Neepath): null&#xD;
&#xD;
2019-09-24 18:29:57 - [TEST_STEP][PASSED] - to1 = findTestObject("Actpol_Scripts/Opsporing/MBES18/test"): null&#xD;
&#xD;
2019-09-24 18:29:57 - [TEST_STEP][PASSED] - to1.addProperty("xpath", EQUALS, Neepath): null&#xD;
&#xD;
2019-09-24 18:29:57 - [TEST_STEP][PASSED] - nee = getAttribute(to1, "value"): Attribute 'value' of object 'Object Repository/Actpol_Scripts/Opsporing/MBES18/test' is: 'N'&#xD;
&#xD;
2019-09-24 18:29:57 - [MESSAGE][PASSED] - Attribute 'value' of object 'Object Repository/Actpol_Scripts/Opsporing/MBES18/test' is: 'N'&#xD;
&#xD;
2019-09-24 18:29:57 - [TEST_STEP][PASSED] - println(nee): null&#xD;
&#xD;
2019-09-24 18:29:57 - [TEST_STEP][PASSED] - nee2 = "N": null&#xD;
&#xD;
2019-09-24 18:29:57 - [TEST_STEP][PASSED] - if (nee == nee2): Object: 'Object Repository/Actpol_Scripts/Opsporing/MBES18/test' is clicked on&#xD;
&#xD;
2019-09-24 18:29:57 - [TEST_STEP][PASSED] - click(to1, OPTIONAL): Object: 'Object Repository/Actpol_Scripts/Opsporing/MBES18/test' is clicked on&#xD;
&#xD;
2019-09-24 18:29:57 - [MESSAGE][PASSED] - Object: 'Object Repository/Actpol_Scripts/Opsporing/MBES18/test' is clicked on&#xD;
&#xD;
2019-09-24 18:29:57 - [TEST_STEP][PASSED] - Neeid = i: null&#xD;
&#xD;
2019-09-24 18:29:57 - [TEST_STEP][PASSED] - Neepath = "//*[@id="MiddelenAUform"]/table/tbody/tr[" + Neeid + "]/td[2]/input[2]": null&#xD;
&#xD;
2019-09-24 18:29:57 - [TEST_STEP][PASSED] - println(Neepath): null&#xD;
&#xD;
2019-09-24 18:29:57 - [TEST_STEP][PASSED] - to1 = findTestObject("Actpol_Scripts/Opsporing/MBES18/test"): null&#xD;
&#xD;
2019-09-24 18:29:58 - [TEST_STEP][PASSED] - to1.addProperty("xpath", EQUALS, Neepath): null&#xD;
&#xD;
2019-09-24 18:29:58 - [TEST_STEP][PASSED] - nee = getAttribute(to1, "value"): Attribute 'value' of object 'Object Repository/Actpol_Scripts/Opsporing/MBES18/test' is: 'N'&#xD;
&#xD;
2019-09-24 18:29:58 - [MESSAGE][PASSED] - Attribute 'value' of object 'Object Repository/Actpol_Scripts/Opsporing/MBES18/test' is: 'N'&#xD;
&#xD;
2019-09-24 18:29:58 - [TEST_STEP][PASSED] - println(nee): null&#xD;
&#xD;
2019-09-24 18:29:58 - [TEST_STEP][PASSED] - nee2 = "N": null&#xD;
&#xD;
2019-09-24 18:29:58 - [TEST_STEP][PASSED] - if (nee == nee2): Object: 'Object Repository/Actpol_Scripts/Opsporing/MBES18/test' is clicked on&#xD;
&#xD;
2019-09-24 18:29:58 - [TEST_STEP][PASSED] - click(to1, OPTIONAL): Object: 'Object Repository/Actpol_Scripts/Opsporing/MBES18/test' is clicked on&#xD;
&#xD;
2019-09-24 18:29:58 - [MESSAGE][PASSED] - Object: 'Object Repository/Actpol_Scripts/Opsporing/MBES18/test' is clicked on&#xD;
&#xD;
2019-09-24 18:29:58 - [TEST_STEP][PASSED] - Neeid = i: null&#xD;
&#xD;
2019-09-24 18:29:58 - [TEST_STEP][PASSED] - Neepath = "//*[@id="MiddelenAUform"]/table/tbody/tr[" + Neeid + "]/td[2]/input[2]": null&#xD;
&#xD;
2019-09-24 18:29:58 - [TEST_STEP][PASSED] - println(Neepath): null&#xD;
&#xD;
2019-09-24 18:29:58 - [TEST_STEP][PASSED] - to1 = findTestObject("Actpol_Scripts/Opsporing/MBES18/test"): null&#xD;
&#xD;
2019-09-24 18:29:58 - [TEST_STEP][PASSED] - to1.addProperty("xpath", EQUALS, Neepath): null&#xD;
&#xD;
2019-09-24 18:29:58 - [TEST_STEP][PASSED] - nee = getAttribute(to1, "value"): Attribute 'value' of object 'Object Repository/Actpol_Scripts/Opsporing/MBES18/test' is: 'N'&#xD;
&#xD;
2019-09-24 18:29:59 - [MESSAGE][PASSED] - Attribute 'value' of object 'Object Repository/Actpol_Scripts/Opsporing/MBES18/test' is: 'N'&#xD;
&#xD;
2019-09-24 18:29:59 - [TEST_STEP][PASSED] - println(nee): null&#xD;
&#xD;
2019-09-24 18:29:59 - [TEST_STEP][PASSED] - nee2 = "N": null&#xD;
&#xD;
2019-09-24 18:29:59 - [TEST_STEP][PASSED] - if (nee == nee2): Object: 'Object Repository/Actpol_Scripts/Opsporing/MBES18/test' is clicked on&#xD;
&#xD;
2019-09-24 18:29:59 - [TEST_STEP][PASSED] - click(to1, OPTIONAL): Object: 'Object Repository/Actpol_Scripts/Opsporing/MBES18/test' is clicked on&#xD;
&#xD;
2019-09-24 18:29:59 - [MESSAGE][PASSED] - Object: 'Object Repository/Actpol_Scripts/Opsporing/MBES18/test' is clicked on&#xD;
&#xD;
2019-09-24 18:29:59 - [TEST_STEP][PASSED] - Neeid = i: null&#xD;
&#xD;
2019-09-24 18:29:59 - [TEST_STEP][PASSED] - Neepath = "//*[@id="MiddelenAUform"]/table/tbody/tr[" + Neeid + "]/td[2]/input[2]": null&#xD;
&#xD;
2019-09-24 18:29:59 - [TEST_STEP][PASSED] - println(Neepath): null&#xD;
&#xD;
2019-09-24 18:29:59 - [TEST_STEP][PASSED] - to1 = findTestObject("Actpol_Scripts/Opsporing/MBES18/test"): null&#xD;
&#xD;
2019-09-24 18:29:59 - [TEST_STEP][PASSED] - to1.addProperty("xpath", EQUALS, Neepath): null&#xD;
&#xD;
2019-09-24 18:29:59 - [TEST_STEP][PASSED] - nee = getAttribute(to1, "value"): Attribute 'value' of object 'Object Repository/Actpol_Scripts/Opsporing/MBES18/test' is: 'N'&#xD;
&#xD;
2019-09-24 18:29:59 - [MESSAGE][PASSED] - Attribute 'value' of object 'Object Repository/Actpol_Scripts/Opsporing/MBES18/test' is: 'N'&#xD;
&#xD;
2019-09-24 18:29:59 - [TEST_STEP][PASSED] - println(nee): null&#xD;
&#xD;
2019-09-24 18:29:59 - [TEST_STEP][PASSED] - nee2 = "N": null&#xD;
&#xD;
2019-09-24 18:29:59 - [TEST_STEP][PASSED] - if (nee == nee2): Object: 'Object Repository/Actpol_Scripts/Opsporing/MBES18/test' is clicked on&#xD;
&#xD;
2019-09-24 18:29:59 - [TEST_STEP][PASSED] - click(to1, OPTIONAL): Object: 'Object Repository/Actpol_Scripts/Opsporing/MBES18/test' is clicked on&#xD;
&#xD;
2019-09-24 18:30:00 - [MESSAGE][PASSED] - Object: 'Object Repository/Actpol_Scripts/Opsporing/MBES18/test' is clicked on&#xD;
&#xD;
2019-09-24 18:30:00 - [TEST_STEP][PASSED] - Neeid = i: null&#xD;
&#xD;
2019-09-24 18:30:00 - [TEST_STEP][PASSED] - Neepath = "//*[@id="MiddelenAUform"]/table/tbody/tr[" + Neeid + "]/td[2]/input[2]": null&#xD;
&#xD;
2019-09-24 18:30:00 - [TEST_STEP][PASSED] - println(Neepath): null&#xD;
&#xD;
2019-09-24 18:30:00 - [TEST_STEP][PASSED] - to1 = findTestObject("Actpol_Scripts/Opsporing/MBES18/test"): null&#xD;
&#xD;
2019-09-24 18:30:00 - [TEST_STEP][PASSED] - to1.addProperty("xpath", EQUALS, Neepath): null&#xD;
&#xD;
2019-09-24 18:30:00 - [TEST_STEP][PASSED] - nee = getAttribute(to1, "value"): Attribute 'value' of object 'Object Repository/Actpol_Scripts/Opsporing/MBES18/test' is: 'N'&#xD;
&#xD;
2019-09-24 18:30:00 - [MESSAGE][PASSED] - Attribute 'value' of object 'Object Repository/Actpol_Scripts/Opsporing/MBES18/test' is: 'N'&#xD;
&#xD;
2019-09-24 18:30:00 - [TEST_STEP][PASSED] - println(nee): null&#xD;
&#xD;
2019-09-24 18:30:00 - [TEST_STEP][PASSED] - nee2 = "N": null&#xD;
&#xD;
2019-09-24 18:30:00 - [TEST_STEP][PASSED] - if (nee == nee2): Object: 'Object Repository/Actpol_Scripts/Opsporing/MBES18/test' is clicked on&#xD;
&#xD;
2019-09-24 18:30:00 - [TEST_STEP][PASSED] - click(to1, OPTIONAL): Object: 'Object Repository/Actpol_Scripts/Opsporing/MBES18/test' is clicked on&#xD;
&#xD;
2019-09-24 18:30:01 - [MESSAGE][PASSED] - Object: 'Object Repository/Actpol_Scripts/Opsporing/MBES18/test' is clicked on&#xD;
&#xD;
2019-09-24 18:30:01 - [TEST_STEP][PASSED] - Neeid = i: null&#xD;
&#xD;
2019-09-24 18:30:01 - [TEST_STEP][PASSED] - Neepath = "//*[@id="MiddelenAUform"]/table/tbody/tr[" + Neeid + "]/td[2]/input[2]": null&#xD;
&#xD;
2019-09-24 18:30:01 - [TEST_STEP][PASSED] - println(Neepath): null&#xD;
&#xD;
2019-09-24 18:30:01 - [TEST_STEP][PASSED] - to1 = findTestObject("Actpol_Scripts/Opsporing/MBES18/test"): null&#xD;
&#xD;
2019-09-24 18:30:01 - [TEST_STEP][PASSED] - to1.addProperty("xpath", EQUALS, Neepath): null&#xD;
&#xD;
2019-09-24 18:30:01 - [TEST_STEP][PASSED] - nee = getAttribute(to1, "value"): Attribute 'value' of object 'Object Repository/Actpol_Scripts/Opsporing/MBES18/test' is: 'N'&#xD;
&#xD;
2019-09-24 18:30:01 - [MESSAGE][PASSED] - Attribute 'value' of object 'Object Repository/Actpol_Scripts/Opsporing/MBES18/test' is: 'N'&#xD;
&#xD;
2019-09-24 18:30:01 - [TEST_STEP][PASSED] - println(nee): null&#xD;
&#xD;
2019-09-24 18:30:01 - [TEST_STEP][PASSED] - nee2 = "N": null&#xD;
&#xD;
2019-09-24 18:30:01 - [TEST_STEP][PASSED] - if (nee == nee2): Object: 'Object Repository/Actpol_Scripts/Opsporing/MBES18/test' is clicked on&#xD;
&#xD;
2019-09-24 18:30:01 - [TEST_STEP][PASSED] - click(to1, OPTIONAL): Object: 'Object Repository/Actpol_Scripts/Opsporing/MBES18/test' is clicked on&#xD;
&#xD;
2019-09-24 18:30:02 - [MESSAGE][PASSED] - Object: 'Object Repository/Actpol_Scripts/Opsporing/MBES18/test' is clicked on&#xD;
&#xD;
2019-09-24 18:30:02 - [TEST_STEP][PASSED] - Neeid = i: null&#xD;
&#xD;
2019-09-24 18:30:02 - [TEST_STEP][PASSED] - Neepath = "//*[@id="MiddelenAUform"]/table/tbody/tr[" + Neeid + "]/td[2]/input[2]": null&#xD;
&#xD;
2019-09-24 18:30:02 - [TEST_STEP][PASSED] - println(Neepath): null&#xD;
&#xD;
2019-09-24 18:30:02 - [TEST_STEP][PASSED] - to1 = findTestObject("Actpol_Scripts/Opsporing/MBES18/test"): null&#xD;
&#xD;
2019-09-24 18:30:02 - [TEST_STEP][PASSED] - to1.addProperty("xpath", EQUALS, Neepath): null&#xD;
&#xD;
2019-09-24 18:30:02 - [TEST_STEP][PASSED] - nee = getAttribute(to1, "value"): Attribute 'value' of object 'Object Repository/Actpol_Scripts/Opsporing/MBES18/test' is: 'N'&#xD;
&#xD;
2019-09-24 18:30:02 - [MESSAGE][PASSED] - Attribute 'value' of object 'Object Repository/Actpol_Scripts/Opsporing/MBES18/test' is: 'N'&#xD;
&#xD;
2019-09-24 18:30:02 - [TEST_STEP][PASSED] - println(nee): null&#xD;
&#xD;
2019-09-24 18:30:02 - [TEST_STEP][PASSED] - nee2 = "N": null&#xD;
&#xD;
2019-09-24 18:30:02 - [TEST_STEP][PASSED] - if (nee == nee2): Object: 'Object Repository/Actpol_Scripts/Opsporing/MBES18/test' is clicked on&#xD;
&#xD;
2019-09-24 18:30:02 - [TEST_STEP][PASSED] - click(to1, OPTIONAL): Object: 'Object Repository/Actpol_Scripts/Opsporing/MBES18/test' is clicked on&#xD;
&#xD;
2019-09-24 18:30:02 - [MESSAGE][PASSED] - Object: 'Object Repository/Actpol_Scripts/Opsporing/MBES18/test' is clicked on&#xD;
&#xD;
2019-09-24 18:30:02 - [TEST_STEP][PASSED] - Neeid = i: null&#xD;
&#xD;
2019-09-24 18:30:02 - [TEST_STEP][PASSED] - Neepath = "//*[@id="MiddelenAUform"]/table/tbody/tr[" + Neeid + "]/td[2]/input[2]": null&#xD;
&#xD;
2019-09-24 18:30:02 - [TEST_STEP][PASSED] - println(Neepath): null&#xD;
&#xD;
2019-09-24 18:30:02 - [TEST_STEP][PASSED] - to1 = findTestObject("Actpol_Scripts/Opsporing/MBES18/test"): null&#xD;
&#xD;
2019-09-24 18:30:03 - [TEST_STEP][PASSED] - to1.addProperty("xpath", EQUALS, Neepath): null&#xD;
&#xD;
2019-09-24 18:30:03 - [TEST_STEP][PASSED] - nee = getAttribute(to1, "value"): Attribute 'value' of object 'Object Repository/Actpol_Scripts/Opsporing/MBES18/test' is: 'N'&#xD;
&#xD;
2019-09-24 18:30:03 - [MESSAGE][PASSED] - Attribute 'value' of object 'Object Repository/Actpol_Scripts/Opsporing/MBES18/test' is: 'N'&#xD;
&#xD;
2019-09-24 18:30:03 - [TEST_STEP][PASSED] - println(nee): null&#xD;
&#xD;
2019-09-24 18:30:03 - [TEST_STEP][PASSED] - nee2 = "N": null&#xD;
&#xD;
2019-09-24 18:30:03 - [TEST_STEP][PASSED] - if (nee == nee2): Object: 'Object Repository/Actpol_Scripts/Opsporing/MBES18/test' is clicked on&#xD;
&#xD;
2019-09-24 18:30:03 - [TEST_STEP][PASSED] - click(to1, OPTIONAL): Object: 'Object Repository/Actpol_Scripts/Opsporing/MBES18/test' is clicked on&#xD;
&#xD;
2019-09-24 18:30:03 - [MESSAGE][PASSED] - Object: 'Object Repository/Actpol_Scripts/Opsporing/MBES18/test' is clicked on&#xD;
&#xD;
2019-09-24 18:30:03 - [TEST_STEP][PASSED] - Neeid = i: null&#xD;
&#xD;
2019-09-24 18:30:03 - [TEST_STEP][PASSED] - Neepath = "//*[@id="MiddelenAUform"]/table/tbody/tr[" + Neeid + "]/td[2]/input[2]": null&#xD;
&#xD;
2019-09-24 18:30:03 - [TEST_STEP][PASSED] - println(Neepath): null&#xD;
&#xD;
2019-09-24 18:30:03 - [TEST_STEP][PASSED] - to1 = findTestObject("Actpol_Scripts/Opsporing/MBES18/test"): null&#xD;
&#xD;
2019-09-24 18:30:03 - [TEST_STEP][PASSED] - to1.addProperty("xpath", EQUALS, Neepath): null&#xD;
&#xD;
2019-09-24 18:30:03 - [TEST_STEP][PASSED] - nee = getAttribute(to1, "value"): Attribute 'value' of object 'Object Repository/Actpol_Scripts/Opsporing/MBES18/test' is: 'N'&#xD;
&#xD;
2019-09-24 18:30:04 - [MESSAGE][PASSED] - Attribute 'value' of object 'Object Repository/Actpol_Scripts/Opsporing/MBES18/test' is: 'N'&#xD;
&#xD;
2019-09-24 18:30:04 - [TEST_STEP][PASSED] - println(nee): null&#xD;
&#xD;
2019-09-24 18:30:04 - [TEST_STEP][PASSED] - nee2 = "N": null&#xD;
&#xD;
2019-09-24 18:30:04 - [TEST_STEP][PASSED] - if (nee == nee2): Object: 'Object Repository/Actpol_Scripts/Opsporing/MBES18/test' is clicked on&#xD;
&#xD;
2019-09-24 18:30:04 - [TEST_STEP][PASSED] - click(to1, OPTIONAL): Object: 'Object Repository/Actpol_Scripts/Opsporing/MBES18/test' is clicked on&#xD;
&#xD;
2019-09-24 18:30:04 - [MESSAGE][PASSED] - Object: 'Object Repository/Actpol_Scripts/Opsporing/MBES18/test' is clicked on&#xD;
&#xD;
2019-09-24 18:30:04 - [TEST_STEP][PASSED] - Neeid = i: null&#xD;
&#xD;
2019-09-24 18:30:04 - [TEST_STEP][PASSED] - Neepath = "//*[@id="MiddelenAUform"]/table/tbody/tr[" + Neeid + "]/td[2]/input[2]": null&#xD;
&#xD;
2019-09-24 18:30:04 - [TEST_STEP][PASSED] - println(Neepath): null&#xD;
&#xD;
2019-09-24 18:30:04 - [TEST_STEP][PASSED] - to1 = findTestObject("Actpol_Scripts/Opsporing/MBES18/test"): null&#xD;
&#xD;
2019-09-24 18:30:04 - [TEST_STEP][PASSED] - to1.addProperty("xpath", EQUALS, Neepath): null&#xD;
&#xD;
2019-09-24 18:30:04 - [TEST_STEP][PASSED] - nee = getAttribute(to1, "value"): Attribute 'value' of object 'Object Repository/Actpol_Scripts/Opsporing/MBES18/test' is: 'N'&#xD;
&#xD;
2019-09-24 18:30:05 - [MESSAGE][PASSED] - Attribute 'value' of object 'Object Repository/Actpol_Scripts/Opsporing/MBES18/test' is: 'N'&#xD;
&#xD;
2019-09-24 18:30:05 - [TEST_STEP][PASSED] - println(nee): null&#xD;
&#xD;
2019-09-24 18:30:05 - [TEST_STEP][PASSED] - nee2 = "N": null&#xD;
&#xD;
2019-09-24 18:30:05 - [TEST_STEP][PASSED] - if (nee == nee2): Object: 'Object Repository/Actpol_Scripts/Opsporing/MBES18/test' is clicked on&#xD;
&#xD;
2019-09-24 18:30:05 - [TEST_STEP][PASSED] - click(to1, OPTIONAL): Object: 'Object Repository/Actpol_Scripts/Opsporing/MBES18/test' is clicked on&#xD;
&#xD;
2019-09-24 18:30:05 - [MESSAGE][PASSED] - Object: 'Object Repository/Actpol_Scripts/Opsporing/MBES18/test' is clicked on&#xD;
&#xD;
2019-09-24 18:30:05 - [TEST_STEP][PASSED] - Neeid = i: null&#xD;
&#xD;
2019-09-24 18:30:05 - [TEST_STEP][PASSED] - Neepath = "//*[@id="MiddelenAUform"]/table/tbody/tr[" + Neeid + "]/td[2]/input[2]": null&#xD;
&#xD;
2019-09-24 18:30:05 - [TEST_STEP][PASSED] - println(Neepath): null&#xD;
&#xD;
2019-09-24 18:30:05 - [TEST_STEP][PASSED] - to1 = findTestObject("Actpol_Scripts/Opsporing/MBES18/test"): null&#xD;
&#xD;
2019-09-24 18:30:05 - [TEST_STEP][PASSED] - to1.addProperty("xpath", EQUALS, Neepath): null&#xD;
&#xD;
2019-09-24 18:30:05 - [TEST_STEP][PASSED] - nee = getAttribute(to1, "value"): Attribute 'value' of object 'Object Repository/Actpol_Scripts/Opsporing/MBES18/test' is: 'N'&#xD;
&#xD;
2019-09-24 18:30:05 - [MESSAGE][PASSED] - Attribute 'value' of object 'Object Repository/Actpol_Scripts/Opsporing/MBES18/test' is: 'N'&#xD;
&#xD;
2019-09-24 18:30:05 - [TEST_STEP][PASSED] - println(nee): null&#xD;
&#xD;
2019-09-24 18:30:05 - [TEST_STEP][PASSED] - nee2 = "N": null&#xD;
&#xD;
2019-09-24 18:30:05 - [TEST_STEP][PASSED] - if (nee == nee2): Object: 'Object Repository/Actpol_Scripts/Opsporing/MBES18/test' is clicked on&#xD;
&#xD;
2019-09-24 18:30:05 - [TEST_STEP][PASSED] - click(to1, OPTIONAL): Object: 'Object Repository/Actpol_Scripts/Opsporing/MBES18/test' is clicked on&#xD;
&#xD;
2019-09-24 18:30:06 - [MESSAGE][PASSED] - Object: 'Object Repository/Actpol_Scripts/Opsporing/MBES18/test' is clicked on&#xD;
&#xD;
2019-09-24 18:30:06 - [TEST_STEP][PASSED] - Neeid = i: null&#xD;
&#xD;
2019-09-24 18:30:06 - [TEST_STEP][PASSED] - Neepath = "//*[@id="MiddelenAUform"]/table/tbody/tr[" + Neeid + "]/td[2]/input[2]": null&#xD;
&#xD;
2019-09-24 18:30:06 - [TEST_STEP][PASSED] - println(Neepath): null&#xD;
&#xD;
2019-09-24 18:30:06 - [TEST_STEP][PASSED] - to1 = findTestObject("Actpol_Scripts/Opsporing/MBES18/test"): null&#xD;
&#xD;
2019-09-24 18:30:06 - [TEST_STEP][PASSED] - to1.addProperty("xpath", EQUALS, Neepath): null&#xD;
&#xD;
2019-09-24 18:30:06 - [TEST_STEP][PASSED] - nee = getAttribute(to1, "value"): Attribute 'value' of object 'Object Repository/Actpol_Scripts/Opsporing/MBES18/test' is: 'N'&#xD;
&#xD;
2019-09-24 18:30:06 - [MESSAGE][PASSED] - Attribute 'value' of object 'Object Repository/Actpol_Scripts/Opsporing/MBES18/test' is: 'N'&#xD;
&#xD;
2019-09-24 18:30:06 - [TEST_STEP][PASSED] - println(nee): null&#xD;
&#xD;
2019-09-24 18:30:06 - [TEST_STEP][PASSED] - nee2 = "N": null&#xD;
&#xD;
2019-09-24 18:30:06 - [TEST_STEP][PASSED] - if (nee == nee2): Object: 'Object Repository/Actpol_Scripts/Opsporing/MBES18/test' is clicked on&#xD;
&#xD;
2019-09-24 18:30:06 - [TEST_STEP][PASSED] - click(to1, OPTIONAL): Object: 'Object Repository/Actpol_Scripts/Opsporing/MBES18/test' is clicked on&#xD;
&#xD;
2019-09-24 18:30:07 - [MESSAGE][PASSED] - Object: 'Object Repository/Actpol_Scripts/Opsporing/MBES18/test' is clicked on&#xD;
&#xD;
2019-09-24 18:30:07 - [TEST_STEP][PASSED] - Neeid = i: null&#xD;
&#xD;
2019-09-24 18:30:07 - [TEST_STEP][PASSED] - Neepath = "//*[@id="MiddelenAUform"]/table/tbody/tr[" + Neeid + "]/td[2]/input[2]": null&#xD;
&#xD;
2019-09-24 18:30:07 - [TEST_STEP][PASSED] - println(Neepath): null&#xD;
&#xD;
2019-09-24 18:30:07 - [TEST_STEP][PASSED] - to1 = findTestObject("Actpol_Scripts/Opsporing/MBES18/test"): null&#xD;
&#xD;
2019-09-24 18:30:07 - [TEST_STEP][PASSED] - to1.addProperty("xpath", EQUALS, Neepath): null&#xD;
&#xD;
2019-09-24 18:30:07 - [TEST_STEP][PASSED] - nee = getAttribute(to1, "value"): Attribute 'value' of object 'Object Repository/Actpol_Scripts/Opsporing/MBES18/test' is: 'N'&#xD;
&#xD;
2019-09-24 18:30:07 - [MESSAGE][PASSED] - Attribute 'value' of object 'Object Repository/Actpol_Scripts/Opsporing/MBES18/test' is: 'N'&#xD;
&#xD;
2019-09-24 18:30:07 - [TEST_STEP][PASSED] - println(nee): null&#xD;
&#xD;
2019-09-24 18:30:07 - [TEST_STEP][PASSED] - nee2 = "N": null&#xD;
&#xD;
2019-09-24 18:30:07 - [TEST_STEP][PASSED] - if (nee == nee2): Object: 'Object Repository/Actpol_Scripts/Opsporing/MBES18/test' is clicked on&#xD;
&#xD;
2019-09-24 18:30:07 - [TEST_STEP][PASSED] - click(to1, OPTIONAL): Object: 'Object Repository/Actpol_Scripts/Opsporing/MBES18/test' is clicked on&#xD;
&#xD;
2019-09-24 18:30:07 - [MESSAGE][PASSED] - Object: 'Object Repository/Actpol_Scripts/Opsporing/MBES18/test' is clicked on&#xD;
&#xD;
2019-09-24 18:30:07 - [TEST_STEP][PASSED] - delay(1): Delayed 1 second(s)&#xD;
&#xD;
2019-09-24 18:30:08 - [MESSAGE][PASSED] - Delayed 1 second(s)&#xD;
&#xD;
2019-09-24 18:30:08 - [TEST_STEP][PASSED] - click(findTestObject("Actpol_Scripts/Opsporing/MBES18/MBSC SAVE"), OPTIONAL): Object: 'Object Repository/Actpol_Scripts/Opsporing/MBES18/MBSC SAVE' is clicked on&#xD;
&#xD;
2019-09-24 18:30:09 - [MESSAGE][PASSED] - Object: 'Object Repository/Actpol_Scripts/Opsporing/MBES18/MBSC SAVE' is clicked on&#xD;
&#xD;
2019-09-24 18:30:09 - [TEST_STEP][PASSED] - delay(1): Delayed 1 second(s)&#xD;
&#xD;
2019-09-24 18:30:10 - [MESSAGE][PASSED] - Delayed 1 second(s)&#xD;
&#xD;
2019-09-24 18:30:10 - [TEST_STEP][PASSED] - scrollToPosition(10, 7): Browser is scrolled to position x = 10, y = 7&#xD;
&#xD;
2019-09-24 18:30:10 - [MESSAGE][PASSED] - Browser is scrolled to position x = 10, y = 7&#xD;
&#xD;
2019-09-24 18:30:10 - [TEST_STEP][PASSED] - delay(1): Delayed 1 second(s)&#xD;
&#xD;
2019-09-24 18:30:11 - [MESSAGE][PASSED] - Delayed 1 second(s)&#xD;
&#xD;
2019-09-24 18:30:11 - [TEST_STEP][PASSED] - comment("Checking onbekend validation"): Checking onbekend validation&#xD;
&#xD;
2019-09-24 18:30:11 - [MESSAGE][INFO] - Checking onbekend validation&#xD;
&#xD;
2019-09-24 18:30:11 - [TEST_STEP][PASSED] - for ([i = 1, i &lt;= 15, (i++)]): Object: 'Object Repository/Actpol_Scripts/Opsporing/MBES18/test' is clicked on&#xD;
&#xD;
2019-09-24 18:30:11 - [TEST_STEP][PASSED] - Neeid = i: null&#xD;
&#xD;
2019-09-24 18:30:11 - [TEST_STEP][PASSED] - Neepath = "//*[@id="MiddelenAUform"]/table/tbody/tr[" + Neeid + "]/td[2]/input[3]": null&#xD;
&#xD;
2019-09-24 18:30:11 - [TEST_STEP][PASSED] - println(Neepath): null&#xD;
&#xD;
2019-09-24 18:30:11 - [TEST_STEP][PASSED] - onbekendtest = findTestObject("Actpol_Scripts/Opsporing/MBES18/test"): null&#xD;
&#xD;
2019-09-24 18:30:11 - [TEST_STEP][PASSED] - onbekendtest.addProperty("xpath", EQUALS, Neepath): null&#xD;
&#xD;
2019-09-24 18:30:11 - [TEST_STEP][PASSED] - click(onbekendtest, OPTIONAL): Object: 'Object Repository/Actpol_Scripts/Opsporing/MBES18/test' is clicked on&#xD;
&#xD;
2019-09-24 18:30:12 - [MESSAGE][PASSED] - Object: 'Object Repository/Actpol_Scripts/Opsporing/MBES18/test' is clicked on&#xD;
&#xD;
2019-09-24 18:30:12 - [TEST_STEP][PASSED] - Neeid = i: null&#xD;
&#xD;
2019-09-24 18:30:12 - [TEST_STEP][PASSED] - Neepath = "//*[@id="MiddelenAUform"]/table/tbody/tr[" + Neeid + "]/td[2]/input[3]": null&#xD;
&#xD;
2019-09-24 18:30:12 - [TEST_STEP][PASSED] - println(Neepath): null&#xD;
&#xD;
2019-09-24 18:30:12 - [TEST_STEP][PASSED] - onbekendtest = findTestObject("Actpol_Scripts/Opsporing/MBES18/test"): null&#xD;
&#xD;
2019-09-24 18:30:12 - [TEST_STEP][PASSED] - onbekendtest.addProperty("xpath", EQUALS, Neepath): null&#xD;
&#xD;
2019-09-24 18:30:12 - [TEST_STEP][PASSED] - click(onbekendtest, OPTIONAL): Unable to click on object 'Object Repository/Actpol_Scripts/Opsporing/MBES18/test' (Root cause: com.kms.katalon.core.exception.StepFailedException: Unable to click on object 'Object Repository/Actpol_Scripts/Opsporing/MBES18/test'&#xD;
	at com.kms.katalon.core.webui.keyword.internal.WebUIKeywordMain.stepFailed(WebUIKeywordMain.groovy:64)&#xD;
	at com.kms.katalon.core.webui.keyword.internal.WebUIKeywordMain.runKeyword(WebUIKeywordMain.groovy:26)&#xD;
	at com.kms.katalon.core.webui.keyword.builtin.ClickKeyword.click(ClickKeyword.groovy:86)&#xD;
	at com.kms.katalon.core.webui.keyword.builtin.ClickKeyword.execute(ClickKeyword.groovy:67)&#xD;
	at com.kms.katalon.core.keyword.internal.KeywordExecutor.executeKeywordForPlatform(KeywordExecutor.groovy:56)&#xD;
	at com.kms.katalon.core.webui.keyword.WebUiBuiltInKeywords.click(WebUiBuiltInKeywords.groovy:604)&#xD;
	at com.kms.katalon.core.webui.keyword.WebUiBuiltInKeywords$click$11.call(Unknown Source)&#xD;
	at ACTPOL-562.run(ACTPOL-562:407)&#xD;
	at com.kms.katalon.core.main.ScriptEngine.run(ScriptEngine.java:194)&#xD;
	at com.kms.katalon.core.main.ScriptEngine.runScriptAsRawText(ScriptEngine.java:119)&#xD;
	at com.kms.katalon.core.main.TestCaseExecutor.runScript(TestCaseExecutor.java:337)&#xD;
	at com.kms.katalon.core.main.TestCaseExecutor.doExecute(TestCaseExecutor.java:328)&#xD;
	at com.kms.katalon.core.main.TestCaseExecutor.processExecutionPhase(TestCaseExecutor.java:307)&#xD;
	at com.kms.katalon.core.main.TestCaseExecutor.accessMainPhase(TestCaseExecutor.java:299)&#xD;
	at com.kms.katalon.core.main.TestCaseExecutor.execute(TestCaseExecutor.java:233)&#xD;
	at com.kms.katalon.core.main.TestSuiteExecutor.accessTestCaseMainPhase(TestSuiteExecutor.java:169)&#xD;
	at com.kms.katalon.core.main.TestSuiteExecutor.accessTestSuiteMainPhase(TestSuiteExecutor.java:142)&#xD;
	at com.kms.katalon.core.main.TestSuiteExecutor.execute(TestSuiteExecutor.java:91)&#xD;
	at com.kms.katalon.core.main.TestCaseMain.startTestSuite(TestCaseMain.java:157)&#xD;
	at com.kms.katalon.core.main.TestCaseMain$startTestSuite$0.call(Unknown Source)&#xD;
	at TempTestSuite1569329313236.run(TempTestSuite1569329313236.groovy:35)&#xD;
Caused by: com.kms.katalon.core.webui.exception.WebElementNotFoundException: Web element with id: 'Object Repository/Actpol_Scripts/Opsporing/MBES18/test' located by 'By.xpath: //*[@id="MiddelenAUform"]/table/tbody/tr[2]/td[2]/input[3]' not found&#xD;
	at com.kms.katalon.core.webui.common.WebUiCommonHelper.findWebElement(WebUiCommonHelper.java:1097)&#xD;
	at com.kms.katalon.core.webui.keyword.internal.WebUIAbstractKeyword.findWebElement(WebUIAbstractKeyword.groovy:27)&#xD;
	at com.kms.katalon.core.webui.keyword.internal.WebUIAbstractKeyword.findWebElement(WebUIAbstractKeyword.groovy:26)&#xD;
	at com.kms.katalon.core.webui.keyword.builtin.ClickKeyword$_click_closure1.doCall(ClickKeyword.groovy:77)&#xD;
	at com.kms.katalon.core.webui.keyword.builtin.ClickKeyword$_click_closure1.call(ClickKeyword.groovy)&#xD;
	at com.kms.katalon.core.webui.keyword.internal.WebUIKeywordMain.runKeyword(WebUIKeywordMain.groovy:20)&#xD;
	at com.kms.katalon.core.webui.keyword.builtin.ClickKeyword.click(ClickKeyword.groovy:86)&#xD;
	at com.kms.katalon.core.webui.keyword.builtin.ClickKeyword.execute(ClickKeyword.groovy:67)&#xD;
	at com.kms.katalon.core.keyword.internal.KeywordExecutor.executeKeywordForPlatform(KeywordExecutor.groovy:56)&#xD;
	at com.kms.katalon.core.webui.keyword.WebUiBuiltInKeywords.click(WebUiBuiltInKeywords.groovy:604)&#xD;
	at com.kms.katalon.core.webui.keyword.WebUiBuiltInKeywords$click$11.call(Unknown Source)&#xD;
	at Script1567504894969.run(Script1567504894969.groovy:407)&#xD;
	... 13 more&#xD;
)&#xD;
&#xD;
2019-09-24 18:31:15 - [MESSAGE][INFO] - Unable to find the element located by 'By.xpath: //*[@id="MiddelenAUform"]/table/tbody/tr[2]/td[2]/input[3]'. Please recheck the objects properties to make sure the desired element is located. &#xD;
&#xD;
2019-09-24 18:31:16 - [MESSAGE][WARNING] - Unable to click on object 'Object Repository/Actpol_Scripts/Opsporing/MBES18/test' (Root cause: com.kms.katalon.core.exception.StepFailedException: Unable to click on object 'Object Repository/Actpol_Scripts/Opsporing/MBES18/test'&#xD;
	at com.kms.katalon.core.webui.keyword.internal.WebUIKeywordMain.stepFailed(WebUIKeywordMain.groovy:64)&#xD;
	at com.kms.katalon.core.webui.keyword.internal.WebUIKeywordMain.runKeyword(WebUIKeywordMain.groovy:26)&#xD;
	at com.kms.katalon.core.webui.keyword.builtin.ClickKeyword.click(ClickKeyword.groovy:86)&#xD;
	at com.kms.katalon.core.webui.keyword.builtin.ClickKeyword.execute(ClickKeyword.groovy:67)&#xD;
	at com.kms.katalon.core.keyword.internal.KeywordExecutor.executeKeywordForPlatform(KeywordExecutor.groovy:56)&#xD;
	at com.kms.katalon.core.webui.keyword.WebUiBuiltInKeywords.click(WebUiBuiltInKeywords.groovy:604)&#xD;
	at com.kms.katalon.core.webui.keyword.WebUiBuiltInKeywords$click$11.call(Unknown Source)&#xD;
	at ACTPOL-562.run(ACTPOL-562:407)&#xD;
	at com.kms.katalon.core.main.ScriptEngine.run(ScriptEngine.java:194)&#xD;
	at com.kms.katalon.core.main.ScriptEngine.runScriptAsRawText(ScriptEngine.java:119)&#xD;
	at com.kms.katalon.core.main.TestCaseExecutor.runScript(TestCaseExecutor.java:337)&#xD;
	at com.kms.katalon.core.main.TestCaseExecutor.doExecute(TestCaseExecutor.java:328)&#xD;
	at com.kms.katalon.core.main.TestCaseExecutor.processExecutionPhase(TestCaseExecutor.java:307)&#xD;
	at com.kms.katalon.core.main.TestCaseExecutor.accessMainPhase(TestCaseExecutor.java:299)&#xD;
	at com.kms.katalon.core.main.TestCaseExecutor.execute(TestCaseExecutor.java:233)&#xD;
	at com.kms.katalon.core.main.TestSuiteExecutor.accessTestCaseMainPhase(TestSuiteExecutor.java:169)&#xD;
	at com.kms.katalon.core.main.TestSuiteExecutor.accessTestSuiteMainPhase(TestSuiteExecutor.java:142)&#xD;
	at com.kms.katalon.core.main.TestSuiteExecutor.execute(TestSuiteExecutor.java:91)&#xD;
	at com.kms.katalon.core.main.TestCaseMain.startTestSuite(TestCaseMain.java:157)&#xD;
	at com.kms.katalon.core.main.TestCaseMain$startTestSuite$0.call(Unknown Source)&#xD;
	at TempTestSuite1569329313236.run(TempTestSuite1569329313236.groovy:35)&#xD;
Caused by: com.kms.katalon.core.webui.exception.WebElementNotFoundException: Web element with id: 'Object Repository/Actpol_Scripts/Opsporing/MBES18/test' located by 'By.xpath: //*[@id="MiddelenAUform"]/table/tbody/tr[2]/td[2]/input[3]' not found&#xD;
	at com.kms.katalon.core.webui.common.WebUiCommonHelper.findWebElement(WebUiCommonHelper.java:1097)&#xD;
	at com.kms.katalon.core.webui.keyword.internal.WebUIAbstractKeyword.findWebElement(WebUIAbstractKeyword.groovy:27)&#xD;
	at com.kms.katalon.core.webui.keyword.internal.WebUIAbstractKeyword.findWebElement(WebUIAbstractKeyword.groovy:26)&#xD;
	at com.kms.katalon.core.webui.keyword.builtin.ClickKeyword$_click_closure1.doCall(ClickKeyword.groovy:77)&#xD;
	at com.kms.katalon.core.webui.keyword.builtin.ClickKeyword$_click_closure1.call(ClickKeyword.groovy)&#xD;
	at com.kms.katalon.core.webui.keyword.internal.WebUIKeywordMain.runKeyword(WebUIKeywordMain.groovy:20)&#xD;
	at com.kms.katalon.core.webui.keyword.builtin.ClickKeyword.click(ClickKeyword.groovy:86)&#xD;
	at com.kms.katalon.core.webui.keyword.builtin.ClickKeyword.execute(ClickKeyword.groovy:67)&#xD;
	at com.kms.katalon.core.keyword.internal.KeywordExecutor.executeKeywordForPlatform(KeywordExecutor.groovy:56)&#xD;
	at com.kms.katalon.core.webui.keyword.WebUiBuiltInKeywords.click(WebUiBuiltInKeywords.groovy:604)&#xD;
	at com.kms.katalon.core.webui.keyword.WebUiBuiltInKeywords$click$11.call(Unknown Source)&#xD;
	at Script1567504894969.run(Script1567504894969.groovy:407)&#xD;
	... 13 more&#xD;
)&#xD;
[[ATTACHMENT|C:\\Users\\user4\\git\\ACTPOL\\Reports\\20190924_181828\\Release 6.6\\MBES18 ALL\\20190924_181828\\1569330075618.png]]&#xD;
&#xD;
2019-09-24 18:31:16 - [TEST_STEP][PASSED] - Neeid = i: null&#xD;
&#xD;
2019-09-24 18:31:16 - [TEST_STEP][PASSED] - Neepath = "//*[@id="MiddelenAUform"]/table/tbody/tr[" + Neeid + "]/td[2]/input[3]": null&#xD;
&#xD;
2019-09-24 18:31:16 - [TEST_STEP][PASSED] - println(Neepath): null&#xD;
&#xD;
2019-09-24 18:31:16 - [TEST_STEP][PASSED] - onbekendtest = findTestObject("Actpol_Scripts/Opsporing/MBES18/test"): null&#xD;
&#xD;
2019-09-24 18:31:16 - [TEST_STEP][PASSED] - onbekendtest.addProperty("xpath", EQUALS, Neepath): null&#xD;
&#xD;
2019-09-24 18:31:16 - [TEST_STEP][PASSED] - click(onbekendtest, OPTIONAL): Object: 'Object Repository/Actpol_Scripts/Opsporing/MBES18/test' is clicked on&#xD;
&#xD;
2019-09-24 18:31:16 - [MESSAGE][PASSED] - Object: 'Object Repository/Actpol_Scripts/Opsporing/MBES18/test' is clicked on&#xD;
&#xD;
2019-09-24 18:31:16 - [TEST_STEP][PASSED] - Neeid = i: null&#xD;
&#xD;
2019-09-24 18:31:16 - [TEST_STEP][PASSED] - Neepath = "//*[@id="MiddelenAUform"]/table/tbody/tr[" + Neeid + "]/td[2]/input[3]": null&#xD;
&#xD;
2019-09-24 18:31:16 - [TEST_STEP][PASSED] - println(Neepath): null&#xD;
&#xD;
2019-09-24 18:31:16 - [TEST_STEP][PASSED] - onbekendtest = findTestObject("Actpol_Scripts/Opsporing/MBES18/test"): null&#xD;
&#xD;
2019-09-24 18:31:17 - [TEST_STEP][PASSED] - onbekendtest.addProperty("xpath", EQUALS, Neepath): null&#xD;
&#xD;
2019-09-24 18:31:17 - [TEST_STEP][PASSED] - click(onbekendtest, OPTIONAL): Object: 'Object Repository/Actpol_Scripts/Opsporing/MBES18/test' is clicked on&#xD;
&#xD;
2019-09-24 18:31:17 - [MESSAGE][PASSED] - Object: 'Object Repository/Actpol_Scripts/Opsporing/MBES18/test' is clicked on&#xD;
&#xD;
2019-09-24 18:31:17 - [TEST_STEP][PASSED] - Neeid = i: null&#xD;
&#xD;
2019-09-24 18:31:17 - [TEST_STEP][PASSED] - Neepath = "//*[@id="MiddelenAUform"]/table/tbody/tr[" + Neeid + "]/td[2]/input[3]": null&#xD;
&#xD;
2019-09-24 18:31:17 - [TEST_STEP][PASSED] - println(Neepath): null&#xD;
&#xD;
2019-09-24 18:31:17 - [TEST_STEP][PASSED] - onbekendtest = findTestObject("Actpol_Scripts/Opsporing/MBES18/test"): null&#xD;
&#xD;
2019-09-24 18:31:17 - [TEST_STEP][PASSED] - onbekendtest.addProperty("xpath", EQUALS, Neepath): null&#xD;
&#xD;
2019-09-24 18:31:17 - [TEST_STEP][PASSED] - click(onbekendtest, OPTIONAL): Object: 'Object Repository/Actpol_Scripts/Opsporing/MBES18/test' is clicked on&#xD;
&#xD;
2019-09-24 18:31:18 - [MESSAGE][PASSED] - Object: 'Object Repository/Actpol_Scripts/Opsporing/MBES18/test' is clicked on&#xD;
&#xD;
2019-09-24 18:31:18 - [TEST_STEP][PASSED] - Neeid = i: null&#xD;
&#xD;
2019-09-24 18:31:18 - [TEST_STEP][PASSED] - Neepath = "//*[@id="MiddelenAUform"]/table/tbody/tr[" + Neeid + "]/td[2]/input[3]": null&#xD;
&#xD;
2019-09-24 18:31:18 - [TEST_STEP][PASSED] - println(Neepath): null&#xD;
&#xD;
2019-09-24 18:31:18 - [TEST_STEP][PASSED] - onbekendtest = findTestObject("Actpol_Scripts/Opsporing/MBES18/test"): null&#xD;
&#xD;
2019-09-24 18:31:18 - [TEST_STEP][PASSED] - onbekendtest.addProperty("xpath", EQUALS, Neepath): null&#xD;
&#xD;
2019-09-24 18:31:18 - [TEST_STEP][PASSED] - click(onbekendtest, OPTIONAL): Object: 'Object Repository/Actpol_Scripts/Opsporing/MBES18/test' is clicked on&#xD;
&#xD;
2019-09-24 18:31:18 - [MESSAGE][PASSED] - Object: 'Object Repository/Actpol_Scripts/Opsporing/MBES18/test' is clicked on&#xD;
&#xD;
2019-09-24 18:31:18 - [TEST_STEP][PASSED] - Neeid = i: null&#xD;
&#xD;
2019-09-24 18:31:18 - [TEST_STEP][PASSED] - Neepath = "//*[@id="MiddelenAUform"]/table/tbody/tr[" + Neeid + "]/td[2]/input[3]": null&#xD;
&#xD;
2019-09-24 18:31:18 - [TEST_STEP][PASSED] - println(Neepath): null&#xD;
&#xD;
2019-09-24 18:31:18 - [TEST_STEP][PASSED] - onbekendtest = findTestObject("Actpol_Scripts/Opsporing/MBES18/test"): null&#xD;
&#xD;
2019-09-24 18:31:19 - [TEST_STEP][PASSED] - onbekendtest.addProperty("xpath", EQUALS, Neepath): null&#xD;
&#xD;
2019-09-24 18:31:19 - [TEST_STEP][PASSED] - click(onbekendtest, OPTIONAL): Object: 'Object Repository/Actpol_Scripts/Opsporing/MBES18/test' is clicked on&#xD;
&#xD;
2019-09-24 18:31:19 - [MESSAGE][PASSED] - Object: 'Object Repository/Actpol_Scripts/Opsporing/MBES18/test' is clicked on&#xD;
&#xD;
2019-09-24 18:31:19 - [TEST_STEP][PASSED] - Neeid = i: null&#xD;
&#xD;
2019-09-24 18:31:19 - [TEST_STEP][PASSED] - Neepath = "//*[@id="MiddelenAUform"]/table/tbody/tr[" + Neeid + "]/td[2]/input[3]": null&#xD;
&#xD;
2019-09-24 18:31:19 - [TEST_STEP][PASSED] - println(Neepath): null&#xD;
&#xD;
2019-09-24 18:31:19 - [TEST_STEP][PASSED] - onbekendtest = findTestObject("Actpol_Scripts/Opsporing/MBES18/test"): null&#xD;
&#xD;
2019-09-24 18:31:19 - [TEST_STEP][PASSED] - onbekendtest.addProperty("xpath", EQUALS, Neepath): null&#xD;
&#xD;
2019-09-24 18:31:19 - [TEST_STEP][PASSED] - click(onbekendtest, OPTIONAL): Object: 'Object Repository/Actpol_Scripts/Opsporing/MBES18/test' is clicked on&#xD;
&#xD;
2019-09-24 18:31:20 - [MESSAGE][PASSED] - Object: 'Object Repository/Actpol_Scripts/Opsporing/MBES18/test' is clicked on&#xD;
&#xD;
2019-09-24 18:31:20 - [TEST_STEP][PASSED] - Neeid = i: null&#xD;
&#xD;
2019-09-24 18:31:20 - [TEST_STEP][PASSED] - Neepath = "//*[@id="MiddelenAUform"]/table/tbody/tr[" + Neeid + "]/td[2]/input[3]": null&#xD;
&#xD;
2019-09-24 18:31:20 - [TEST_STEP][PASSED] - println(Neepath): null&#xD;
&#xD;
2019-09-24 18:31:20 - [TEST_STEP][PASSED] - onbekendtest = findTestObject("Actpol_Scripts/Opsporing/MBES18/test"): null&#xD;
&#xD;
2019-09-24 18:31:20 - [TEST_STEP][PASSED] - onbekendtest.addProperty("xpath", EQUALS, Neepath): null&#xD;
&#xD;
2019-09-24 18:31:20 - [TEST_STEP][PASSED] - click(onbekendtest, OPTIONAL): Object: 'Object Repository/Actpol_Scripts/Opsporing/MBES18/test' is clicked on&#xD;
&#xD;
2019-09-24 18:31:20 - [MESSAGE][PASSED] - Object: 'Object Repository/Actpol_Scripts/Opsporing/MBES18/test' is clicked on&#xD;
&#xD;
2019-09-24 18:31:20 - [TEST_STEP][PASSED] - Neeid = i: null&#xD;
&#xD;
2019-09-24 18:31:20 - [TEST_STEP][PASSED] - Neepath = "//*[@id="MiddelenAUform"]/table/tbody/tr[" + Neeid + "]/td[2]/input[3]": null&#xD;
&#xD;
2019-09-24 18:31:20 - [TEST_STEP][PASSED] - println(Neepath): null&#xD;
&#xD;
2019-09-24 18:31:20 - [TEST_STEP][PASSED] - onbekendtest = findTestObject("Actpol_Scripts/Opsporing/MBES18/test"): null&#xD;
&#xD;
2019-09-24 18:31:21 - [TEST_STEP][PASSED] - onbekendtest.addProperty("xpath", EQUALS, Neepath): null&#xD;
&#xD;
2019-09-24 18:31:21 - [TEST_STEP][PASSED] - click(onbekendtest, OPTIONAL): Object: 'Object Repository/Actpol_Scripts/Opsporing/MBES18/test' is clicked on&#xD;
&#xD;
2019-09-24 18:31:21 - [MESSAGE][PASSED] - Object: 'Object Repository/Actpol_Scripts/Opsporing/MBES18/test' is clicked on&#xD;
&#xD;
2019-09-24 18:31:21 - [TEST_STEP][PASSED] - Neeid = i: null&#xD;
&#xD;
2019-09-24 18:31:21 - [TEST_STEP][PASSED] - Neepath = "//*[@id="MiddelenAUform"]/table/tbody/tr[" + Neeid + "]/td[2]/input[3]": null&#xD;
&#xD;
2019-09-24 18:31:21 - [TEST_STEP][PASSED] - println(Neepath): null&#xD;
&#xD;
2019-09-24 18:31:21 - [TEST_STEP][PASSED] - onbekendtest = findTestObject("Actpol_Scripts/Opsporing/MBES18/test"): null&#xD;
&#xD;
2019-09-24 18:31:21 - [TEST_STEP][PASSED] - onbekendtest.addProperty("xpath", EQUALS, Neepath): null&#xD;
&#xD;
2019-09-24 18:31:21 - [TEST_STEP][PASSED] - click(onbekendtest, OPTIONAL): Object: 'Object Repository/Actpol_Scripts/Opsporing/MBES18/test' is clicked on&#xD;
&#xD;
2019-09-24 18:31:22 - [MESSAGE][PASSED] - Object: 'Object Repository/Actpol_Scripts/Opsporing/MBES18/test' is clicked on&#xD;
&#xD;
2019-09-24 18:31:22 - [TEST_STEP][PASSED] - Neeid = i: null&#xD;
&#xD;
2019-09-24 18:31:22 - [TEST_STEP][PASSED] - Neepath = "//*[@id="MiddelenAUform"]/table/tbody/tr[" + Neeid + "]/td[2]/input[3]": null&#xD;
&#xD;
2019-09-24 18:31:22 - [TEST_STEP][PASSED] - println(Neepath): null&#xD;
&#xD;
2019-09-24 18:31:22 - [TEST_STEP][PASSED] - onbekendtest = findTestObject("Actpol_Scripts/Opsporing/MBES18/test"): null&#xD;
&#xD;
2019-09-24 18:31:22 - [TEST_STEP][PASSED] - onbekendtest.addProperty("xpath", EQUALS, Neepath): null&#xD;
&#xD;
2019-09-24 18:31:22 - [TEST_STEP][PASSED] - click(onbekendtest, OPTIONAL): Object: 'Object Repository/Actpol_Scripts/Opsporing/MBES18/test' is clicked on&#xD;
&#xD;
2019-09-24 18:31:22 - [MESSAGE][PASSED] - Object: 'Object Repository/Actpol_Scripts/Opsporing/MBES18/test' is clicked on&#xD;
&#xD;
2019-09-24 18:31:22 - [TEST_STEP][PASSED] - Neeid = i: null&#xD;
&#xD;
2019-09-24 18:31:22 - [TEST_STEP][PASSED] - Neepath = "//*[@id="MiddelenAUform"]/table/tbody/tr[" + Neeid + "]/td[2]/input[3]": null&#xD;
&#xD;
2019-09-24 18:31:22 - [TEST_STEP][PASSED] - println(Neepath): null&#xD;
&#xD;
2019-09-24 18:31:22 - [TEST_STEP][PASSED] - onbekendtest = findTestObject("Actpol_Scripts/Opsporing/MBES18/test"): null&#xD;
&#xD;
2019-09-24 18:31:23 - [TEST_STEP][PASSED] - onbekendtest.addProperty("xpath", EQUALS, Neepath): null&#xD;
&#xD;
2019-09-24 18:31:23 - [TEST_STEP][PASSED] - click(onbekendtest, OPTIONAL): Object: 'Object Repository/Actpol_Scripts/Opsporing/MBES18/test' is clicked on&#xD;
&#xD;
2019-09-24 18:31:23 - [MESSAGE][PASSED] - Object: 'Object Repository/Actpol_Scripts/Opsporing/MBES18/test' is clicked on&#xD;
&#xD;
2019-09-24 18:31:23 - [TEST_STEP][PASSED] - Neeid = i: null&#xD;
&#xD;
2019-09-24 18:31:23 - [TEST_STEP][PASSED] - Neepath = "//*[@id="MiddelenAUform"]/table/tbody/tr[" + Neeid + "]/td[2]/input[3]": null&#xD;
&#xD;
2019-09-24 18:31:23 - [TEST_STEP][PASSED] - println(Neepath): null&#xD;
&#xD;
2019-09-24 18:31:23 - [TEST_STEP][PASSED] - onbekendtest = findTestObject("Actpol_Scripts/Opsporing/MBES18/test"): null&#xD;
&#xD;
2019-09-24 18:31:23 - [TEST_STEP][PASSED] - onbekendtest.addProperty("xpath", EQUALS, Neepath): null&#xD;
&#xD;
2019-09-24 18:31:23 - [TEST_STEP][PASSED] - click(onbekendtest, OPTIONAL): Object: 'Object Repository/Actpol_Scripts/Opsporing/MBES18/test' is clicked on&#xD;
&#xD;
2019-09-24 18:31:24 - [MESSAGE][PASSED] - Object: 'Object Repository/Actpol_Scripts/Opsporing/MBES18/test' is clicked on&#xD;
&#xD;
2019-09-24 18:31:24 - [TEST_STEP][PASSED] - Neeid = i: null&#xD;
&#xD;
2019-09-24 18:31:24 - [TEST_STEP][PASSED] - Neepath = "//*[@id="MiddelenAUform"]/table/tbody/tr[" + Neeid + "]/td[2]/input[3]": null&#xD;
&#xD;
2019-09-24 18:31:24 - [TEST_STEP][PASSED] - println(Neepath): null&#xD;
&#xD;
2019-09-24 18:31:24 - [TEST_STEP][PASSED] - onbekendtest = findTestObject("Actpol_Scripts/Opsporing/MBES18/test"): null&#xD;
&#xD;
2019-09-24 18:31:24 - [TEST_STEP][PASSED] - onbekendtest.addProperty("xpath", EQUALS, Neepath): null&#xD;
&#xD;
2019-09-24 18:31:24 - [TEST_STEP][PASSED] - click(onbekendtest, OPTIONAL): Object: 'Object Repository/Actpol_Scripts/Opsporing/MBES18/test' is clicked on&#xD;
&#xD;
2019-09-24 18:31:24 - [MESSAGE][PASSED] - Object: 'Object Repository/Actpol_Scripts/Opsporing/MBES18/test' is clicked on&#xD;
&#xD;
2019-09-24 18:31:24 - [TEST_STEP][PASSED] - delay(1): Delayed 1 second(s)&#xD;
&#xD;
2019-09-24 18:31:25 - [MESSAGE][PASSED] - Delayed 1 second(s)&#xD;
&#xD;
2019-09-24 18:31:25 - [TEST_STEP][PASSED] - click(findTestObject("Actpol_Scripts/Opsporing/MBES18/MBSC SAVE"), OPTIONAL): Object: 'Object Repository/Actpol_Scripts/Opsporing/MBES18/MBSC SAVE' is clicked on&#xD;
&#xD;
2019-09-24 18:31:26 - [MESSAGE][PASSED] - Object: 'Object Repository/Actpol_Scripts/Opsporing/MBES18/MBSC SAVE' is clicked on&#xD;
&#xD;
2019-09-24 18:31:26 - [TEST_STEP][PASSED] - delay(1): Delayed 1 second(s)&#xD;
&#xD;
2019-09-24 18:31:27 - [MESSAGE][PASSED] - Delayed 1 second(s)&#xD;
&#xD;
2019-09-24 18:31:27 - [TEST_STEP][PASSED] - click(findTestObject("Actpol_Scripts/Opsporing/MBES18/MBSC SAVE"), OPTIONAL): Object: 'Object Repository/Actpol_Scripts/Opsporing/MBES18/MBSC SAVE' is clicked on&#xD;
&#xD;
2019-09-24 18:31:28 - [MESSAGE][PASSED] - Object: 'Object Repository/Actpol_Scripts/Opsporing/MBES18/MBSC SAVE' is clicked on&#xD;
&#xD;
2019-09-24 18:31:28 - [TEST_STEP][PASSED] - delay(1): Delayed 1 second(s)&#xD;
&#xD;
2019-09-24 18:31:29 - [MESSAGE][PASSED] - Delayed 1 second(s)</system-out>
            <system-err></system-err>
        </testcase>
        <testcase name="Test Cases/JIRA Tasks/Release 6.6/ACTPOL-563" classname="Test Cases/JIRA Tasks/Release 6.6/ACTPOL-563" status="PASSED">
            <system-out>2019-09-24 18:31:31 - [TEST_CASE][PASSED] - Test Cases/JIRA Tasks/Release 6.6/ACTPOL-563: Test Cases/JIRA Tasks/Release 6.6/ACTPOL-563&#xD;
&#xD;
2019-09-24 18:31:32 - [TEST_STEP][PASSED] - callTestCase(findTestCase("main/Actpol_Login_testenv"), [:], STOP_ON_FAILURE): Call Test Case 'Test Cases/main/Actpol_Login_testenv' successfully&#xD;
&#xD;
2019-09-24 18:31:32 - [TEST_CASE][PASSED] - Test Cases/main/Actpol_Login_testenv: Test Cases/main/Actpol_Login_testenv&#xD;
&#xD;
2019-09-24 18:31:32 - [TEST_STEP][PASSED] - openBrowser(""): Browser is opened with url: ''&#xD;
&#xD;
2019-09-24 18:31:32 - [MESSAGE][WARNING] - A browser is already opened. Closing browser and opening a new one&#xD;
&#xD;
2019-09-24 18:31:33 - [MESSAGE][INFO] - Starting 'Chrome' driver&#xD;
&#xD;
2019-09-24 18:31:36 - [MESSAGE][PASSED] - Browser is opened with url: ''&#xD;
&#xD;
2019-09-24 18:31:36 - [TEST_STEP][PASSED] - deleteAllCookies(): Delete all cookies successfully&#xD;
&#xD;
2019-09-24 18:31:36 - [MESSAGE][PASSED] - Delete all cookies successfully&#xD;
&#xD;
2019-09-24 18:31:36 - [TEST_STEP][PASSED] - waitForPageLoad(60): Wait for page load successfully&#xD;
&#xD;
2019-09-24 18:31:36 - [MESSAGE][PASSED] - Wait for page load successfully&#xD;
&#xD;
2019-09-24 18:31:36 - [TEST_STEP][PASSED] - maximizeWindow(): Current window maximized&#xD;
&#xD;
2019-09-24 18:31:37 - [MESSAGE][PASSED] - Current window maximized&#xD;
&#xD;
2019-09-24 18:31:37 - [TEST_STEP][PASSED] - ACTPOLTESTENV = 1: null&#xD;
&#xD;
2019-09-24 18:31:37 - [TEST_STEP][PASSED] - ACTPOLDEVENV = 2: null&#xD;
&#xD;
2019-09-24 18:31:37 - [TEST_STEP][PASSED] - ACTPOLKCENV = 3: null&#xD;
&#xD;
2019-09-24 18:31:37 - [TEST_STEP][PASSED] - ACTPOLKBKPCNENV = 4: null&#xD;
&#xD;
2019-09-24 18:31:37 - [TEST_STEP][PASSED] - ACTPOLKBKMARENV = 5: null&#xD;
&#xD;
2019-09-24 18:31:37 - [TEST_STEP][PASSED] - ACTPOLKMENV = 6: null&#xD;
&#xD;
2019-09-24 18:31:37 - [TEST_STEP][PASSED] - ACTPOLKWENV = 7: null&#xD;
&#xD;
2019-09-24 18:31:37 - [TEST_STEP][PASSED] - environment = ACTPOLTESTENV: null&#xD;
&#xD;
2019-09-24 18:31:37 - [TEST_STEP][PASSED] - Selectenv = &lt;not implemented yet for class: org.codehaus.groovy.ast.expr.EmptyExpression&gt;: null&#xD;
&#xD;
2019-09-24 18:31:37 - [TEST_STEP][PASSED] - switch (environment): null&#xD;
&#xD;
2019-09-24 18:31:37 - [TEST_STEP][PASSED] - case 1:: null&#xD;
&#xD;
2019-09-24 18:31:37 - [TEST_STEP][PASSED] - println(Selectenv = "ACTPOL-TEST-ENV"): null&#xD;
&#xD;
2019-09-24 18:31:37 - [TEST_STEP][PASSED] - navigateToUrl(TESTURL): Navigate to 'http://10.20.10.7:8185/actpoltst/nxmenu.pgm?docnum=551' successfully&#xD;
&#xD;
2019-09-24 18:31:45 - [MESSAGE][PASSED] - Navigate to 'http://10.20.10.7:8185/actpoltst/nxmenu.pgm?docnum=551' successfully&#xD;
&#xD;
2019-09-24 18:31:45 - [TEST_STEP][PASSED] - setText(findTestObject("Actpol_Scripts/login/userid"), username): Text 'vidhya' is set on object 'Object Repository/Actpol_Scripts/login/userid'&#xD;
&#xD;
2019-09-24 18:31:46 - [MESSAGE][PASSED] - Text 'vidhya' is set on object 'Object Repository/Actpol_Scripts/login/userid'&#xD;
&#xD;
2019-09-24 18:31:46 - [TEST_STEP][PASSED] - setMaskedText(findTestObject("Actpol_Scripts/login/password"), password): Text '********' is set on object 'Object Repository/Actpol_Scripts/login/password'&#xD;
&#xD;
2019-09-24 18:31:46 - [MESSAGE][PASSED] - Text '********' is set on object 'Object Repository/Actpol_Scripts/login/password'&#xD;
&#xD;
2019-09-24 18:31:46 - [TEST_STEP][PASSED] - click(findTestObject("Actpol_Scripts/login/login")): Object: 'Object Repository/Actpol_Scripts/login/login' is clicked on&#xD;
&#xD;
2019-09-24 18:31:47 - [MESSAGE][PASSED] - Object: 'Object Repository/Actpol_Scripts/login/login' is clicked on&#xD;
&#xD;
2019-09-24 18:31:47 - [TEST_STEP][PASSED] - getWindowTitle(): Current window's title is: 'Login Page for ACTPOL Test'&#xD;
&#xD;
2019-09-24 18:31:47 - [MESSAGE][PASSED] - Current window's title is: 'Login Page for ACTPOL Test'&#xD;
&#xD;
2019-09-24 18:31:47 - [TEST_STEP][PASSED] - delay(5): Delayed 5 second(s)&#xD;
&#xD;
2019-09-24 18:31:52 - [MESSAGE][PASSED] - Delayed 5 second(s)&#xD;
&#xD;
2019-09-24 18:31:52 - [TEST_STEP][PASSED] - break: null&#xD;
&#xD;
2019-09-24 18:31:52 - [MESSAGE][PASSED] - Call Test Case 'Test Cases/main/Actpol_Login_testenv' successfully&#xD;
&#xD;
2019-09-24 18:31:52 - [TEST_STEP][PASSED] - delay(6): Delayed 6 second(s)&#xD;
&#xD;
2019-09-24 18:31:58 - [MESSAGE][PASSED] - Delayed 6 second(s)&#xD;
&#xD;
2019-09-24 18:31:58 - [TEST_STEP][PASSED] - mouseOver(findTestObject("Actpol_Scripts/Menu navigation/Generiek/Generiek")): Object: 'Object Repository/Actpol_Scripts/Menu navigation/Generiek/Generiek' is hovered&#xD;
&#xD;
2019-09-24 18:31:58 - [MESSAGE][PASSED] - Object: 'Object Repository/Actpol_Scripts/Menu navigation/Generiek/Generiek' is hovered&#xD;
&#xD;
2019-09-24 18:31:58 - [TEST_STEP][PASSED] - log = new com.kms.katalon.core.logging.KeywordLogger(): null&#xD;
&#xD;
2019-09-24 18:31:58 - [TEST_STEP][PASSED] - delay(4): Delayed 4 second(s)&#xD;
&#xD;
2019-09-24 18:32:02 - [MESSAGE][PASSED] - Delayed 4 second(s)&#xD;
&#xD;
2019-09-24 18:32:02 - [TEST_STEP][PASSED] - click(findTestObject("Actpol_Scripts/Opsporing/MBES18/MBES18 TAB")): Object: 'Object Repository/Actpol_Scripts/Opsporing/MBES18/MBES18 TAB' is clicked on&#xD;
&#xD;
2019-09-24 18:32:02 - [MESSAGE][PASSED] - Object: 'Object Repository/Actpol_Scripts/Opsporing/MBES18/MBES18 TAB' is clicked on&#xD;
&#xD;
2019-09-24 18:32:02 - [TEST_STEP][PASSED] - delay(2): Delayed 2 second(s)&#xD;
&#xD;
2019-09-24 18:32:04 - [MESSAGE][PASSED] - Delayed 2 second(s)&#xD;
&#xD;
2019-09-24 18:32:04 - [TEST_STEP][PASSED] - click(findTestObject("Actpol_Scripts/Opsporing/MBES18/MBES18 TAB"), OPTIONAL): Object: 'Object Repository/Actpol_Scripts/Opsporing/MBES18/MBES18 TAB' is clicked on&#xD;
&#xD;
2019-09-24 18:32:04 - [MESSAGE][PASSED] - Object: 'Object Repository/Actpol_Scripts/Opsporing/MBES18/MBES18 TAB' is clicked on&#xD;
&#xD;
2019-09-24 18:32:04 - [TEST_STEP][PASSED] - delay(1): Delayed 1 second(s)&#xD;
&#xD;
2019-09-24 18:32:05 - [MESSAGE][PASSED] - Delayed 1 second(s)&#xD;
&#xD;
2019-09-24 18:32:05 - [TEST_STEP][PASSED] - click(findTestObject("Actpol_Scripts/Opsporing/MBES18/mbes new")): Object: 'Object Repository/Actpol_Scripts/Opsporing/MBES18/mbes new' is clicked on&#xD;
&#xD;
2019-09-24 18:32:06 - [MESSAGE][PASSED] - Object: 'Object Repository/Actpol_Scripts/Opsporing/MBES18/mbes new' is clicked on&#xD;
&#xD;
2019-09-24 18:32:06 - [TEST_STEP][PASSED] - delay(8): Delayed 8 second(s)&#xD;
&#xD;
2019-09-24 18:32:14 - [MESSAGE][PASSED] - Delayed 8 second(s)&#xD;
&#xD;
2019-09-24 18:32:14 - [TEST_STEP][PASSED] - click(findTestObject("Actpol_Scripts/Opsporing/MBES18/Registratie tab")): Object: 'Object Repository/Actpol_Scripts/Opsporing/MBES18/Registratie tab' is clicked on&#xD;
&#xD;
2019-09-24 18:32:15 - [MESSAGE][PASSED] - Object: 'Object Repository/Actpol_Scripts/Opsporing/MBES18/Registratie tab' is clicked on&#xD;
&#xD;
2019-09-24 18:32:15 - [TEST_STEP][PASSED] - click(findTestObject("Actpol_Scripts/Opsporing/MBES18/5 INCIDENTEN/INCIDENTEN tab"), OPTIONAL): Object: 'Object Repository/Actpol_Scripts/Opsporing/MBES18/5 INCIDENTEN/INCIDENTEN tab' is clicked on&#xD;
&#xD;
2019-09-24 18:32:15 - [MESSAGE][PASSED] - Object: 'Object Repository/Actpol_Scripts/Opsporing/MBES18/5 INCIDENTEN/INCIDENTEN tab' is clicked on&#xD;
&#xD;
2019-09-24 18:32:15 - [TEST_STEP][PASSED] - delay(2): Delayed 2 second(s)&#xD;
&#xD;
2019-09-24 18:32:17 - [MESSAGE][PASSED] - Delayed 2 second(s)&#xD;
&#xD;
2019-09-24 18:32:17 - [TEST_STEP][PASSED] - click(findTestObject("Actpol_Scripts/Opsporing/MBES18/5 INCIDENTEN/INCIDENTEN new")): Object: 'Object Repository/Actpol_Scripts/Opsporing/MBES18/5 INCIDENTEN/INCIDENTEN new' is clicked on&#xD;
&#xD;
2019-09-24 18:32:18 - [MESSAGE][PASSED] - Object: 'Object Repository/Actpol_Scripts/Opsporing/MBES18/5 INCIDENTEN/INCIDENTEN new' is clicked on&#xD;
&#xD;
2019-09-24 18:32:18 - [TEST_STEP][NOT_RUN] - delay(1): NOT_RUN: delay(1)&#xD;
&#xD;
2019-09-24 18:32:18 - [MESSAGE][NOT_RUN] - NOT_RUN: delay(1)&#xD;
&#xD;
2019-09-24 18:32:18 - [TEST_STEP][NOT_RUN] - click(findTestObject("Actpol_Scripts/Opsporing/MBES18/5 INCIDENTEN/INCIDENTEN save")): NOT_RUN: click(findTestObject("Actpol_Scripts/Opsporing/MBES18/5 INCIDENTEN/INCIDENTEN save"))&#xD;
&#xD;
2019-09-24 18:32:18 - [MESSAGE][NOT_RUN] - NOT_RUN: click(findTestObject("Actpol_Scripts/Opsporing/MBES18/5 INCIDENTEN/INCIDENTEN save"))&#xD;
&#xD;
2019-09-24 18:32:18 - [TEST_STEP][NOT_RUN] - delay(2): NOT_RUN: delay(2)&#xD;
&#xD;
2019-09-24 18:32:18 - [MESSAGE][NOT_RUN] - NOT_RUN: delay(2)&#xD;
&#xD;
2019-09-24 18:32:18 - [TEST_STEP][NOT_RUN] - incidentalerttext = getAlertText(OPTIONAL): NOT_RUN: incidentalerttext = getAlertText(OPTIONAL)&#xD;
&#xD;
2019-09-24 18:32:18 - [MESSAGE][NOT_RUN] - NOT_RUN: incidentalerttext = getAlertText(OPTIONAL)&#xD;
&#xD;
2019-09-24 18:32:18 - [TEST_STEP][NOT_RUN] - log.logInfo(incidentalerttext): NOT_RUN: log.logInfo(incidentalerttext)&#xD;
&#xD;
2019-09-24 18:32:18 - [MESSAGE][NOT_RUN] - NOT_RUN: log.logInfo(incidentalerttext)&#xD;
&#xD;
2019-09-24 18:32:18 - [TEST_STEP][NOT_RUN] - delay(1, OPTIONAL): NOT_RUN: delay(1, OPTIONAL)&#xD;
&#xD;
2019-09-24 18:32:18 - [MESSAGE][NOT_RUN] - NOT_RUN: delay(1, OPTIONAL)&#xD;
&#xD;
2019-09-24 18:32:18 - [TEST_STEP][NOT_RUN] - acceptAlert(OPTIONAL): NOT_RUN: acceptAlert(OPTIONAL)&#xD;
&#xD;
2019-09-24 18:32:18 - [MESSAGE][NOT_RUN] - NOT_RUN: acceptAlert(OPTIONAL)&#xD;
&#xD;
2019-09-24 18:32:18 - [TEST_STEP][NOT_RUN] - delay(1): NOT_RUN: delay(1)&#xD;
&#xD;
2019-09-24 18:32:18 - [MESSAGE][NOT_RUN] - NOT_RUN: delay(1)&#xD;
&#xD;
2019-09-24 18:32:18 - [TEST_STEP][NOT_RUN] - takeScreenshot(): NOT_RUN: takeScreenshot()&#xD;
&#xD;
2019-09-24 18:32:18 - [MESSAGE][NOT_RUN] - NOT_RUN: takeScreenshot()&#xD;
&#xD;
2019-09-24 18:32:18 - [TEST_STEP][NOT_RUN] - log.logInfo("successfully saved data without entering any details"): NOT_RUN: log.logInfo("successfully saved data without entering any details")&#xD;
&#xD;
2019-09-24 18:32:18 - [MESSAGE][NOT_RUN] - NOT_RUN: log.logInfo("successfully saved data without entering any details")&#xD;
&#xD;
2019-09-24 18:32:18 - [TEST_STEP][NOT_RUN] - delay(1): NOT_RUN: delay(1)&#xD;
&#xD;
2019-09-24 18:32:18 - [MESSAGE][NOT_RUN] - NOT_RUN: delay(1)&#xD;
&#xD;
2019-09-24 18:32:18 - [TEST_STEP][NOT_RUN] - mouseOver(findTestObject("Actpol_Scripts/Menu navigation/Generiek/Generiek")): NOT_RUN: mouseOver(findTestObject("Actpol_Scripts/Menu navigation/Generiek/Generiek"))&#xD;
&#xD;
2019-09-24 18:32:18 - [MESSAGE][NOT_RUN] - NOT_RUN: mouseOver(findTestObject("Actpol_Scripts/Menu navigation/Generiek/Generiek"))&#xD;
&#xD;
2019-09-24 18:32:18 - [TEST_STEP][NOT_RUN] - delay(1): NOT_RUN: delay(1)&#xD;
&#xD;
2019-09-24 18:32:18 - [MESSAGE][NOT_RUN] - NOT_RUN: delay(1)&#xD;
&#xD;
2019-09-24 18:32:18 - [TEST_STEP][NOT_RUN] - click(findTestObject("Actpol_Scripts/Opsporing/MBES18/Registratie tab")): NOT_RUN: click(findTestObject("Actpol_Scripts/Opsporing/MBES18/Registratie tab"))&#xD;
&#xD;
2019-09-24 18:32:18 - [MESSAGE][NOT_RUN] - NOT_RUN: click(findTestObject("Actpol_Scripts/Opsporing/MBES18/Registratie tab"))&#xD;
&#xD;
2019-09-24 18:32:18 - [TEST_STEP][NOT_RUN] - delay(1): NOT_RUN: delay(1)&#xD;
&#xD;
2019-09-24 18:32:18 - [MESSAGE][NOT_RUN] - NOT_RUN: delay(1)&#xD;
&#xD;
2019-09-24 18:32:18 - [TEST_STEP][NOT_RUN] - click(findTestObject("Actpol_Scripts/Opsporing/MBES18/5 INCIDENTEN/INCIDENTEN new")): NOT_RUN: click(findTestObject("Actpol_Scripts/Opsporing/MBES18/5 INCIDENTEN/INCIDENTEN new"))&#xD;
&#xD;
2019-09-24 18:32:18 - [MESSAGE][NOT_RUN] - NOT_RUN: click(findTestObject("Actpol_Scripts/Opsporing/MBES18/5 INCIDENTEN/INCIDENTEN new"))&#xD;
&#xD;
2019-09-24 18:32:18 - [TEST_STEP][PASSED] - delay(1): Delayed 1 second(s)&#xD;
&#xD;
2019-09-24 18:32:19 - [MESSAGE][PASSED] - Delayed 1 second(s)&#xD;
&#xD;
2019-09-24 18:32:19 - [TEST_STEP][PASSED] - selectOptionByLabel(findTestObject("Actpol_Scripts/Opsporing/MBES18/5 INCIDENTEN/Organisatie"), "SKS", false): All options with label 'SKS' are selected in object 'Object Repository/Actpol_Scripts/Opsporing/MBES18/5 INCIDENTEN/Organisatie' &#xD;
&#xD;
2019-09-24 18:32:20 - [MESSAGE][PASSED] - All options with label 'SKS' are selected in object 'Object Repository/Actpol_Scripts/Opsporing/MBES18/5 INCIDENTEN/Organisatie' &#xD;
&#xD;
2019-09-24 18:32:20 - [TEST_STEP][PASSED] - delay(1): Delayed 1 second(s)&#xD;
&#xD;
2019-09-24 18:32:21 - [MESSAGE][PASSED] - Delayed 1 second(s)&#xD;
&#xD;
2019-09-24 18:32:21 - [TEST_STEP][PASSED] - setText(findTestObject("Actpol_Scripts/Opsporing/MBES18/5 INCIDENTEN/Datum Incident"), "29/09/2019"): Text '29/09/2019' is set on object 'Object Repository/Actpol_Scripts/Opsporing/MBES18/5 INCIDENTEN/Datum Incident'&#xD;
&#xD;
2019-09-24 18:32:22 - [MESSAGE][PASSED] - Text '29/09/2019' is set on object 'Object Repository/Actpol_Scripts/Opsporing/MBES18/5 INCIDENTEN/Datum Incident'&#xD;
&#xD;
2019-09-24 18:32:22 - [TEST_STEP][PASSED] - delay(1): Delayed 1 second(s)&#xD;
&#xD;
2019-09-24 18:32:23 - [MESSAGE][PASSED] - Delayed 1 second(s)&#xD;
&#xD;
2019-09-24 18:32:23 - [TEST_STEP][PASSED] - setText(findTestObject("Actpol_Scripts/Opsporing/MBES18/5 INCIDENTEN/Bejzonderheden"), "testing : Bejzonderheden"): Text 'testing : Bejzonderheden' is set on object 'Object Repository/Actpol_Scripts/Opsporing/MBES18/5 INCIDENTEN/Bejzonderheden'&#xD;
&#xD;
2019-09-24 18:32:24 - [MESSAGE][PASSED] - Text 'testing : Bejzonderheden' is set on object 'Object Repository/Actpol_Scripts/Opsporing/MBES18/5 INCIDENTEN/Bejzonderheden'&#xD;
&#xD;
2019-09-24 18:32:24 - [TEST_STEP][PASSED] - delay(1): Delayed 1 second(s)&#xD;
&#xD;
2019-09-24 18:32:25 - [MESSAGE][PASSED] - Delayed 1 second(s)&#xD;
&#xD;
2019-09-24 18:32:25 - [TEST_STEP][PASSED] - setText(findTestObject("Actpol_Scripts/Opsporing/MBES18/5 INCIDENTEN/Contactperson"), "testing : Contactperson"): Text 'testing : Contactperson' is set on object 'Object Repository/Actpol_Scripts/Opsporing/MBES18/5 INCIDENTEN/Contactperson'&#xD;
&#xD;
2019-09-24 18:32:26 - [MESSAGE][PASSED] - Text 'testing : Contactperson' is set on object 'Object Repository/Actpol_Scripts/Opsporing/MBES18/5 INCIDENTEN/Contactperson'&#xD;
&#xD;
2019-09-24 18:32:26 - [TEST_STEP][PASSED] - delay(1): Delayed 1 second(s)&#xD;
&#xD;
2019-09-24 18:32:27 - [MESSAGE][PASSED] - Delayed 1 second(s)&#xD;
&#xD;
2019-09-24 18:32:27 - [TEST_STEP][PASSED] - setText(findTestObject("Actpol_Scripts/Opsporing/MBES18/5 INCIDENTEN/Telefoonnummer"), "987512364"): Text '987512364' is set on object 'Object Repository/Actpol_Scripts/Opsporing/MBES18/5 INCIDENTEN/Telefoonnummer'&#xD;
&#xD;
2019-09-24 18:32:28 - [MESSAGE][PASSED] - Text '987512364' is set on object 'Object Repository/Actpol_Scripts/Opsporing/MBES18/5 INCIDENTEN/Telefoonnummer'&#xD;
&#xD;
2019-09-24 18:32:28 - [TEST_STEP][PASSED] - delay(1): Delayed 1 second(s)&#xD;
&#xD;
2019-09-24 18:32:29 - [MESSAGE][PASSED] - Delayed 1 second(s)&#xD;
&#xD;
2019-09-24 18:32:29 - [TEST_STEP][PASSED] - click(findTestObject("Actpol_Scripts/Opsporing/MBES18/5 INCIDENTEN/INCIDENTEN save")): Object: 'Object Repository/Actpol_Scripts/Opsporing/MBES18/5 INCIDENTEN/INCIDENTEN save' is clicked on&#xD;
&#xD;
2019-09-24 18:32:30 - [MESSAGE][PASSED] - Object: 'Object Repository/Actpol_Scripts/Opsporing/MBES18/5 INCIDENTEN/INCIDENTEN save' is clicked on&#xD;
&#xD;
2019-09-24 18:32:30 - [TEST_STEP][PASSED] - delay(1): Delayed 1 second(s)&#xD;
&#xD;
2019-09-24 18:32:31 - [MESSAGE][PASSED] - Delayed 1 second(s)&#xD;
&#xD;
2019-09-24 18:32:31 - [TEST_STEP][PASSED] - takeScreenshot(): Taking screenshot successfully&#xD;
&#xD;
2019-09-24 18:32:31 - [MESSAGE][PASSED] - Taking screenshot successfully&#xD;
[[ATTACHMENT|C:\\Users\\user4\\git\\ACTPOL\\Reports\\20190924_181828\\Release 6.6\\MBES18 ALL\\20190924_181828\\1569330151043.png]]&#xD;
&#xD;
2019-09-24 18:32:31 - [TEST_STEP][PASSED] - log.logInfo("successfully saved data"): successfully saved data&#xD;
&#xD;
2019-09-24 18:32:31 - [MESSAGE][INFO] - successfully saved data</system-out>
            <system-err></system-err>
        </testcase>
        <testcase name="Test Cases/JIRA Tasks/Release 6.6/ACTPOL-564" classname="Test Cases/JIRA Tasks/Release 6.6/ACTPOL-564" status="FAILED">
            <failure type="FAILED" message="Test Cases/JIRA Tasks/Release 6.6/ACTPOL-564 FAILED.&#xA;Reason:&#xA;com.kms.katalon.core.exception.StepFailedException: Unable to click on object 'Object Repository/Actpol_Scripts/Opsporing/MBES18/mbes new'&#xD;&#xA;&#x9;at com.kms.katalon.core.webui.keyword.internal.WebUIKeywordMain.stepFailed(WebUIKeywordMain.groovy:64)&#xD;&#xA;&#x9;at com.kms.katalon.core.webui.keyword.internal.WebUIKeywordMain.runKeyword(WebUIKeywordMain.groovy:26)&#xD;&#xA;&#x9;at com.kms.katalon.core.webui.keyword.builtin.ClickKeyword.click(ClickKeyword.groovy:86)&#xD;&#xA;&#x9;at com.kms.katalon.core.webui.keyword.builtin.ClickKeyword.execute(ClickKeyword.groovy:67)&#xD;&#xA;&#x9;at com.kms.katalon.core.keyword.internal.KeywordExecutor.executeKeywordForPlatform(KeywordExecutor.groovy:56)&#xD;&#xA;&#x9;at com.kms.katalon.core.webui.keyword.WebUiBuiltInKeywords.click(WebUiBuiltInKeywords.groovy:616)&#xD;&#xA;&#x9;at com.kms.katalon.core.webui.keyword.WebUiBuiltInKeywords$click$6.call(Unknown Source)&#xD;&#xA;&#x9;at ACTPOL-564.run(ACTPOL-564:47)&#xD;&#xA;&#x9;at com.kms.katalon.core.main.ScriptEngine.run(ScriptEngine.java:194)&#xD;&#xA;&#x9;at com.kms.katalon.core.main.ScriptEngine.runScriptAsRawText(ScriptEngine.java:119)&#xD;&#xA;&#x9;at com.kms.katalon.core.main.TestCaseExecutor.runScript(TestCaseExecutor.java:337)&#xD;&#xA;&#x9;at com.kms.katalon.core.main.TestCaseExecutor.doExecute(TestCaseExecutor.java:328)&#xD;&#xA;&#x9;at com.kms.katalon.core.main.TestCaseExecutor.processExecutionPhase(TestCaseExecutor.java:307)&#xD;&#xA;&#x9;at com.kms.katalon.core.main.TestCaseExecutor.accessMainPhase(TestCaseExecutor.java:299)&#xD;&#xA;&#x9;at com.kms.katalon.core.main.TestCaseExecutor.execute(TestCaseExecutor.java:233)&#xD;&#xA;&#x9;at com.kms.katalon.core.main.TestSuiteExecutor.accessTestCaseMainPhase(TestSuiteExecutor.java:169)&#xD;&#xA;&#x9;at com.kms.katalon.core.main.TestSuiteExecutor.accessTestSuiteMainPhase(TestSuiteExecutor.java:142)&#xD;&#xA;&#x9;at com.kms.katalon.core.main.TestSuiteExecutor.execute(TestSuiteExecutor.java:91)&#xD;&#xA;&#x9;at com.kms.katalon.core.main.TestCaseMain.startTestSuite(TestCaseMain.java:157)&#xD;&#xA;&#x9;at com.kms.katalon.core.main.TestCaseMain$startTestSuite$0.call(Unknown Source)&#xD;&#xA;&#x9;at TempTestSuite1569329313236.run(TempTestSuite1569329313236.groovy:35)&#xD;&#xA;Caused by: com.kms.katalon.core.webui.exception.WebElementNotFoundException: Web element with id: 'Object Repository/Actpol_Scripts/Opsporing/MBES18/mbes new' located by 'By.xpath: //*[@id=&quot;listbottomcontrol&quot;]/div[1]/span/img' not found&#xD;&#xA;&#x9;at com.kms.katalon.core.webui.common.WebUiCommonHelper.findWebElement(WebUiCommonHelper.java:1097)&#xD;&#xA;&#x9;at com.kms.katalon.core.webui.keyword.internal.WebUIAbstractKeyword.findWebElement(WebUIAbstractKeyword.groovy:27)&#xD;&#xA;&#x9;at com.kms.katalon.core.webui.keyword.internal.WebUIAbstractKeyword.findWebElement(WebUIAbstractKeyword.groovy:26)&#xD;&#xA;&#x9;at com.kms.katalon.core.webui.keyword.builtin.ClickKeyword$_click_closure1.doCall(ClickKeyword.groovy:77)&#xD;&#xA;&#x9;at com.kms.katalon.core.webui.keyword.builtin.ClickKeyword$_click_closure1.call(ClickKeyword.groovy)&#xD;&#xA;&#x9;at com.kms.katalon.core.webui.keyword.internal.WebUIKeywordMain.runKeyword(WebUIKeywordMain.groovy:20)&#xD;&#xA;&#x9;... 19 more&#xD;&#xA;"/>
            <system-out>2019-09-24 18:32:33 - [TEST_CASE][FAILED] - Test Cases/JIRA Tasks/Release 6.6/ACTPOL-564: Test Cases/JIRA Tasks/Release 6.6/ACTPOL-564 FAILED.
Reason:
com.kms.katalon.core.exception.StepFailedException: Unable to click on object 'Object Repository/Actpol_Scripts/Opsporing/MBES18/mbes new'&#xD;
	at com.kms.katalon.core.webui.keyword.internal.WebUIKeywordMain.stepFailed(WebUIKeywordMain.groovy:64)&#xD;
	at com.kms.katalon.core.webui.keyword.internal.WebUIKeywordMain.runKeyword(WebUIKeywordMain.groovy:26)&#xD;
	at com.kms.katalon.core.webui.keyword.builtin.ClickKeyword.click(ClickKeyword.groovy:86)&#xD;
	at com.kms.katalon.core.webui.keyword.builtin.ClickKeyword.execute(ClickKeyword.groovy:67)&#xD;
	at com.kms.katalon.core.keyword.internal.KeywordExecutor.executeKeywordForPlatform(KeywordExecutor.groovy:56)&#xD;
	at com.kms.katalon.core.webui.keyword.WebUiBuiltInKeywords.click(WebUiBuiltInKeywords.groovy:616)&#xD;
	at com.kms.katalon.core.webui.keyword.WebUiBuiltInKeywords$click$6.call(Unknown Source)&#xD;
	at ACTPOL-564.run(ACTPOL-564:47)&#xD;
	at com.kms.katalon.core.main.ScriptEngine.run(ScriptEngine.java:194)&#xD;
	at com.kms.katalon.core.main.ScriptEngine.runScriptAsRawText(ScriptEngine.java:119)&#xD;
	at com.kms.katalon.core.main.TestCaseExecutor.runScript(TestCaseExecutor.java:337)&#xD;
	at com.kms.katalon.core.main.TestCaseExecutor.doExecute(TestCaseExecutor.java:328)&#xD;
	at com.kms.katalon.core.main.TestCaseExecutor.processExecutionPhase(TestCaseExecutor.java:307)&#xD;
	at com.kms.katalon.core.main.TestCaseExecutor.accessMainPhase(TestCaseExecutor.java:299)&#xD;
	at com.kms.katalon.core.main.TestCaseExecutor.execute(TestCaseExecutor.java:233)&#xD;
	at com.kms.katalon.core.main.TestSuiteExecutor.accessTestCaseMainPhase(TestSuiteExecutor.java:169)&#xD;
	at com.kms.katalon.core.main.TestSuiteExecutor.accessTestSuiteMainPhase(TestSuiteExecutor.java:142)&#xD;
	at com.kms.katalon.core.main.TestSuiteExecutor.execute(TestSuiteExecutor.java:91)&#xD;
	at com.kms.katalon.core.main.TestCaseMain.startTestSuite(TestCaseMain.java:157)&#xD;
	at com.kms.katalon.core.main.TestCaseMain$startTestSuite$0.call(Unknown Source)&#xD;
	at TempTestSuite1569329313236.run(TempTestSuite1569329313236.groovy:35)&#xD;
Caused by: com.kms.katalon.core.webui.exception.WebElementNotFoundException: Web element with id: 'Object Repository/Actpol_Scripts/Opsporing/MBES18/mbes new' located by 'By.xpath: //*[@id="listbottomcontrol"]/div[1]/span/img' not found&#xD;
	at com.kms.katalon.core.webui.common.WebUiCommonHelper.findWebElement(WebUiCommonHelper.java:1097)&#xD;
	at com.kms.katalon.core.webui.keyword.internal.WebUIAbstractKeyword.findWebElement(WebUIAbstractKeyword.groovy:27)&#xD;
	at com.kms.katalon.core.webui.keyword.internal.WebUIAbstractKeyword.findWebElement(WebUIAbstractKeyword.groovy:26)&#xD;
	at com.kms.katalon.core.webui.keyword.builtin.ClickKeyword$_click_closure1.doCall(ClickKeyword.groovy:77)&#xD;
	at com.kms.katalon.core.webui.keyword.builtin.ClickKeyword$_click_closure1.call(ClickKeyword.groovy)&#xD;
	at com.kms.katalon.core.webui.keyword.internal.WebUIKeywordMain.runKeyword(WebUIKeywordMain.groovy:20)&#xD;
	... 19 more&#xD;
&#xD;
&#xD;
2019-09-24 18:32:34 - [TEST_STEP][PASSED] - callTestCase(findTestCase("main/Actpol_Login_testenv"), [:], STOP_ON_FAILURE): Call Test Case 'Test Cases/main/Actpol_Login_testenv' successfully&#xD;
&#xD;
2019-09-24 18:32:34 - [TEST_CASE][PASSED] - Test Cases/main/Actpol_Login_testenv: Test Cases/main/Actpol_Login_testenv&#xD;
&#xD;
2019-09-24 18:32:34 - [TEST_STEP][PASSED] - openBrowser(""): Browser is opened with url: ''&#xD;
&#xD;
2019-09-24 18:32:34 - [MESSAGE][WARNING] - A browser is already opened. Closing browser and opening a new one&#xD;
&#xD;
2019-09-24 18:32:35 - [MESSAGE][INFO] - Starting 'Chrome' driver&#xD;
&#xD;
2019-09-24 18:32:38 - [MESSAGE][PASSED] - Browser is opened with url: ''&#xD;
&#xD;
2019-09-24 18:32:38 - [TEST_STEP][PASSED] - deleteAllCookies(): Delete all cookies successfully&#xD;
&#xD;
2019-09-24 18:32:38 - [MESSAGE][PASSED] - Delete all cookies successfully&#xD;
&#xD;
2019-09-24 18:32:38 - [TEST_STEP][PASSED] - waitForPageLoad(60): Wait for page load successfully&#xD;
&#xD;
2019-09-24 18:32:38 - [MESSAGE][PASSED] - Wait for page load successfully&#xD;
&#xD;
2019-09-24 18:32:38 - [TEST_STEP][PASSED] - maximizeWindow(): Current window maximized&#xD;
&#xD;
2019-09-24 18:32:39 - [MESSAGE][PASSED] - Current window maximized&#xD;
&#xD;
2019-09-24 18:32:39 - [TEST_STEP][PASSED] - ACTPOLTESTENV = 1: null&#xD;
&#xD;
2019-09-24 18:32:39 - [TEST_STEP][PASSED] - ACTPOLDEVENV = 2: null&#xD;
&#xD;
2019-09-24 18:32:39 - [TEST_STEP][PASSED] - ACTPOLKCENV = 3: null&#xD;
&#xD;
2019-09-24 18:32:39 - [TEST_STEP][PASSED] - ACTPOLKBKPCNENV = 4: null&#xD;
&#xD;
2019-09-24 18:32:39 - [TEST_STEP][PASSED] - ACTPOLKBKMARENV = 5: null&#xD;
&#xD;
2019-09-24 18:32:39 - [TEST_STEP][PASSED] - ACTPOLKMENV = 6: null&#xD;
&#xD;
2019-09-24 18:32:39 - [TEST_STEP][PASSED] - ACTPOLKWENV = 7: null&#xD;
&#xD;
2019-09-24 18:32:39 - [TEST_STEP][PASSED] - environment = ACTPOLTESTENV: null&#xD;
&#xD;
2019-09-24 18:32:39 - [TEST_STEP][PASSED] - Selectenv = &lt;not implemented yet for class: org.codehaus.groovy.ast.expr.EmptyExpression&gt;: null&#xD;
&#xD;
2019-09-24 18:32:39 - [TEST_STEP][PASSED] - switch (environment): null&#xD;
&#xD;
2019-09-24 18:32:39 - [TEST_STEP][PASSED] - case 1:: null&#xD;
&#xD;
2019-09-24 18:32:39 - [TEST_STEP][PASSED] - println(Selectenv = "ACTPOL-TEST-ENV"): null&#xD;
&#xD;
2019-09-24 18:32:39 - [TEST_STEP][PASSED] - navigateToUrl(TESTURL): Navigate to 'http://10.20.10.7:8185/actpoltst/nxmenu.pgm?docnum=551' successfully&#xD;
&#xD;
2019-09-24 18:32:46 - [MESSAGE][PASSED] - Navigate to 'http://10.20.10.7:8185/actpoltst/nxmenu.pgm?docnum=551' successfully&#xD;
&#xD;
2019-09-24 18:32:46 - [TEST_STEP][PASSED] - setText(findTestObject("Actpol_Scripts/login/userid"), username): Text 'vidhya' is set on object 'Object Repository/Actpol_Scripts/login/userid'&#xD;
&#xD;
2019-09-24 18:32:47 - [MESSAGE][PASSED] - Text 'vidhya' is set on object 'Object Repository/Actpol_Scripts/login/userid'&#xD;
&#xD;
2019-09-24 18:32:47 - [TEST_STEP][PASSED] - setMaskedText(findTestObject("Actpol_Scripts/login/password"), password): Text '********' is set on object 'Object Repository/Actpol_Scripts/login/password'&#xD;
&#xD;
2019-09-24 18:32:47 - [MESSAGE][PASSED] - Text '********' is set on object 'Object Repository/Actpol_Scripts/login/password'&#xD;
&#xD;
2019-09-24 18:32:47 - [TEST_STEP][PASSED] - click(findTestObject("Actpol_Scripts/login/login")): Object: 'Object Repository/Actpol_Scripts/login/login' is clicked on&#xD;
&#xD;
2019-09-24 18:32:47 - [MESSAGE][PASSED] - Object: 'Object Repository/Actpol_Scripts/login/login' is clicked on&#xD;
&#xD;
2019-09-24 18:32:47 - [TEST_STEP][PASSED] - getWindowTitle(): Current window's title is: 'Login Page for ACTPOL Test'&#xD;
&#xD;
2019-09-24 18:32:47 - [MESSAGE][PASSED] - Current window's title is: 'Login Page for ACTPOL Test'&#xD;
&#xD;
2019-09-24 18:32:47 - [TEST_STEP][PASSED] - delay(5): Delayed 5 second(s)&#xD;
&#xD;
2019-09-24 18:32:52 - [MESSAGE][PASSED] - Delayed 5 second(s)&#xD;
&#xD;
2019-09-24 18:32:52 - [TEST_STEP][PASSED] - break: null&#xD;
&#xD;
2019-09-24 18:32:52 - [MESSAGE][PASSED] - Call Test Case 'Test Cases/main/Actpol_Login_testenv' successfully&#xD;
&#xD;
2019-09-24 18:32:52 - [TEST_STEP][PASSED] - delay(6): Delayed 6 second(s)&#xD;
&#xD;
2019-09-24 18:32:58 - [MESSAGE][PASSED] - Delayed 6 second(s)&#xD;
&#xD;
2019-09-24 18:32:58 - [TEST_STEP][PASSED] - log = new com.kms.katalon.core.logging.KeywordLogger(): null&#xD;
&#xD;
2019-09-24 18:32:58 - [TEST_STEP][PASSED] - mouseOver(findTestObject("Actpol_Scripts/Menu navigation/Generiek/Generiek")): Object: 'Object Repository/Actpol_Scripts/Menu navigation/Generiek/Generiek' is hovered&#xD;
&#xD;
2019-09-24 18:32:59 - [MESSAGE][PASSED] - Object: 'Object Repository/Actpol_Scripts/Menu navigation/Generiek/Generiek' is hovered&#xD;
&#xD;
2019-09-24 18:32:59 - [TEST_STEP][PASSED] - log.logInfo("Successfully logged"): Successfully logged&#xD;
&#xD;
2019-09-24 18:32:59 - [MESSAGE][INFO] - Successfully logged&#xD;
&#xD;
2019-09-24 18:32:59 - [TEST_STEP][PASSED] - delay(4): Delayed 4 second(s)&#xD;
&#xD;
2019-09-24 18:33:03 - [MESSAGE][PASSED] - Delayed 4 second(s)&#xD;
&#xD;
2019-09-24 18:33:03 - [TEST_STEP][PASSED] - click(findTestObject("Actpol_Scripts/Opsporing/MBES18/MBES18 TAB")): Object: 'Object Repository/Actpol_Scripts/Opsporing/MBES18/MBES18 TAB' is clicked on&#xD;
&#xD;
2019-09-24 18:33:03 - [MESSAGE][PASSED] - Object: 'Object Repository/Actpol_Scripts/Opsporing/MBES18/MBES18 TAB' is clicked on&#xD;
&#xD;
2019-09-24 18:33:03 - [TEST_STEP][PASSED] - delay(2): Delayed 2 second(s)&#xD;
&#xD;
2019-09-24 18:33:05 - [MESSAGE][PASSED] - Delayed 2 second(s)&#xD;
&#xD;
2019-09-24 18:33:05 - [TEST_STEP][PASSED] - click(findTestObject("Actpol_Scripts/Opsporing/MBES18/MBES18 TAB")): Object: 'Object Repository/Actpol_Scripts/Opsporing/MBES18/MBES18 TAB' is clicked on&#xD;
&#xD;
2019-09-24 18:33:05 - [MESSAGE][PASSED] - Object: 'Object Repository/Actpol_Scripts/Opsporing/MBES18/MBES18 TAB' is clicked on&#xD;
&#xD;
2019-09-24 18:33:05 - [TEST_STEP][PASSED] - log.logInfo("Clicking MBES18 tab "): Clicking MBES18 tab &#xD;
&#xD;
2019-09-24 18:33:05 - [MESSAGE][INFO] - Clicking MBES18 tab &#xD;
&#xD;
2019-09-24 18:33:05 - [TEST_STEP][PASSED] - delay(1): Delayed 1 second(s)&#xD;
&#xD;
2019-09-24 18:33:06 - [MESSAGE][PASSED] - Delayed 1 second(s)&#xD;
&#xD;
2019-09-24 18:33:06 - [TEST_STEP][PASSED] - delay(9): Delayed 9 second(s)&#xD;
&#xD;
2019-09-24 18:33:15 - [MESSAGE][PASSED] - Delayed 9 second(s)&#xD;
&#xD;
2019-09-24 18:33:15 - [TEST_STEP][FAILED] - click(findTestObject("Actpol_Scripts/Opsporing/MBES18/mbes new")): Unable to click on object 'Object Repository/Actpol_Scripts/Opsporing/MBES18/mbes new' (Root cause: com.kms.katalon.core.exception.StepFailedException: Unable to click on object 'Object Repository/Actpol_Scripts/Opsporing/MBES18/mbes new'&#xD;
	at com.kms.katalon.core.webui.keyword.internal.WebUIKeywordMain.stepFailed(WebUIKeywordMain.groovy:64)&#xD;
	at com.kms.katalon.core.webui.keyword.internal.WebUIKeywordMain.runKeyword(WebUIKeywordMain.groovy:26)&#xD;
	at com.kms.katalon.core.webui.keyword.builtin.ClickKeyword.click(ClickKeyword.groovy:86)&#xD;
	at com.kms.katalon.core.webui.keyword.builtin.ClickKeyword.execute(ClickKeyword.groovy:67)&#xD;
	at com.kms.katalon.core.keyword.internal.KeywordExecutor.executeKeywordForPlatform(KeywordExecutor.groovy:56)&#xD;
	at com.kms.katalon.core.webui.keyword.WebUiBuiltInKeywords.click(WebUiBuiltInKeywords.groovy:616)&#xD;
	at com.kms.katalon.core.webui.keyword.WebUiBuiltInKeywords$click$6.call(Unknown Source)&#xD;
	at ACTPOL-564.run(ACTPOL-564:47)&#xD;
	at com.kms.katalon.core.main.ScriptEngine.run(ScriptEngine.java:194)&#xD;
	at com.kms.katalon.core.main.ScriptEngine.runScriptAsRawText(ScriptEngine.java:119)&#xD;
	at com.kms.katalon.core.main.TestCaseExecutor.runScript(TestCaseExecutor.java:337)&#xD;
	at com.kms.katalon.core.main.TestCaseExecutor.doExecute(TestCaseExecutor.java:328)&#xD;
	at com.kms.katalon.core.main.TestCaseExecutor.processExecutionPhase(TestCaseExecutor.java:307)&#xD;
	at com.kms.katalon.core.main.TestCaseExecutor.accessMainPhase(TestCaseExecutor.java:299)&#xD;
	at com.kms.katalon.core.main.TestCaseExecutor.execute(TestCaseExecutor.java:233)&#xD;
	at com.kms.katalon.core.main.TestSuiteExecutor.accessTestCaseMainPhase(TestSuiteExecutor.java:169)&#xD;
	at com.kms.katalon.core.main.TestSuiteExecutor.accessTestSuiteMainPhase(TestSuiteExecutor.java:142)&#xD;
	at com.kms.katalon.core.main.TestSuiteExecutor.execute(TestSuiteExecutor.java:91)&#xD;
	at com.kms.katalon.core.main.TestCaseMain.startTestSuite(TestCaseMain.java:157)&#xD;
	at com.kms.katalon.core.main.TestCaseMain$startTestSuite$0.call(Unknown Source)&#xD;
	at TempTestSuite1569329313236.run(TempTestSuite1569329313236.groovy:35)&#xD;
Caused by: com.kms.katalon.core.webui.exception.WebElementNotFoundException: Web element with id: 'Object Repository/Actpol_Scripts/Opsporing/MBES18/mbes new' located by 'By.xpath: //*[@id="listbottomcontrol"]/div[1]/span/img' not found&#xD;
	at com.kms.katalon.core.webui.common.WebUiCommonHelper.findWebElement(WebUiCommonHelper.java:1097)&#xD;
	at com.kms.katalon.core.webui.keyword.internal.WebUIAbstractKeyword.findWebElement(WebUIAbstractKeyword.groovy:27)&#xD;
	at com.kms.katalon.core.webui.keyword.internal.WebUIAbstractKeyword.findWebElement(WebUIAbstractKeyword.groovy:26)&#xD;
	at com.kms.katalon.core.webui.keyword.builtin.ClickKeyword$_click_closure1.doCall(ClickKeyword.groovy:77)&#xD;
	at com.kms.katalon.core.webui.keyword.builtin.ClickKeyword$_click_closure1.call(ClickKeyword.groovy)&#xD;
	at com.kms.katalon.core.webui.keyword.internal.WebUIKeywordMain.runKeyword(WebUIKeywordMain.groovy:20)&#xD;
	at com.kms.katalon.core.webui.keyword.builtin.ClickKeyword.click(ClickKeyword.groovy:86)&#xD;
	at com.kms.katalon.core.webui.keyword.builtin.ClickKeyword.execute(ClickKeyword.groovy:67)&#xD;
	at com.kms.katalon.core.keyword.internal.KeywordExecutor.executeKeywordForPlatform(KeywordExecutor.groovy:56)&#xD;
	at com.kms.katalon.core.webui.keyword.WebUiBuiltInKeywords.click(WebUiBuiltInKeywords.groovy:616)&#xD;
	at com.kms.katalon.core.webui.keyword.WebUiBuiltInKeywords$click$6.call(Unknown Source)&#xD;
	at Script1567506674452.run(Script1567506674452.groovy:47)&#xD;
	... 13 more&#xD;
)&#xD;
&#xD;
2019-09-24 18:34:19 - [MESSAGE][INFO] - Unable to find the element located by 'By.xpath: //*[@id="listbottomcontrol"]/div[1]/span/img'. Please recheck the objects properties to make sure the desired element is located. &#xD;
&#xD;
2019-09-24 18:34:19 - [MESSAGE][FAILED] - Unable to click on object 'Object Repository/Actpol_Scripts/Opsporing/MBES18/mbes new' (Root cause: com.kms.katalon.core.exception.StepFailedException: Unable to click on object 'Object Repository/Actpol_Scripts/Opsporing/MBES18/mbes new'&#xD;
	at com.kms.katalon.core.webui.keyword.internal.WebUIKeywordMain.stepFailed(WebUIKeywordMain.groovy:64)&#xD;
	at com.kms.katalon.core.webui.keyword.internal.WebUIKeywordMain.runKeyword(WebUIKeywordMain.groovy:26)&#xD;
	at com.kms.katalon.core.webui.keyword.builtin.ClickKeyword.click(ClickKeyword.groovy:86)&#xD;
	at com.kms.katalon.core.webui.keyword.builtin.ClickKeyword.execute(ClickKeyword.groovy:67)&#xD;
	at com.kms.katalon.core.keyword.internal.KeywordExecutor.executeKeywordForPlatform(KeywordExecutor.groovy:56)&#xD;
	at com.kms.katalon.core.webui.keyword.WebUiBuiltInKeywords.click(WebUiBuiltInKeywords.groovy:616)&#xD;
	at com.kms.katalon.core.webui.keyword.WebUiBuiltInKeywords$click$6.call(Unknown Source)&#xD;
	at ACTPOL-564.run(ACTPOL-564:47)&#xD;
	at com.kms.katalon.core.main.ScriptEngine.run(ScriptEngine.java:194)&#xD;
	at com.kms.katalon.core.main.ScriptEngine.runScriptAsRawText(ScriptEngine.java:119)&#xD;
	at com.kms.katalon.core.main.TestCaseExecutor.runScript(TestCaseExecutor.java:337)&#xD;
	at com.kms.katalon.core.main.TestCaseExecutor.doExecute(TestCaseExecutor.java:328)&#xD;
	at com.kms.katalon.core.main.TestCaseExecutor.processExecutionPhase(TestCaseExecutor.java:307)&#xD;
	at com.kms.katalon.core.main.TestCaseExecutor.accessMainPhase(TestCaseExecutor.java:299)&#xD;
	at com.kms.katalon.core.main.TestCaseExecutor.execute(TestCaseExecutor.java:233)&#xD;
	at com.kms.katalon.core.main.TestSuiteExecutor.accessTestCaseMainPhase(TestSuiteExecutor.java:169)&#xD;
	at com.kms.katalon.core.main.TestSuiteExecutor.accessTestSuiteMainPhase(TestSuiteExecutor.java:142)&#xD;
	at com.kms.katalon.core.main.TestSuiteExecutor.execute(TestSuiteExecutor.java:91)&#xD;
	at com.kms.katalon.core.main.TestCaseMain.startTestSuite(TestCaseMain.java:157)&#xD;
	at com.kms.katalon.core.main.TestCaseMain$startTestSuite$0.call(Unknown Source)&#xD;
	at TempTestSuite1569329313236.run(TempTestSuite1569329313236.groovy:35)&#xD;
Caused by: com.kms.katalon.core.webui.exception.WebElementNotFoundException: Web element with id: 'Object Repository/Actpol_Scripts/Opsporing/MBES18/mbes new' located by 'By.xpath: //*[@id="listbottomcontrol"]/div[1]/span/img' not found&#xD;
	at com.kms.katalon.core.webui.common.WebUiCommonHelper.findWebElement(WebUiCommonHelper.java:1097)&#xD;
	at com.kms.katalon.core.webui.keyword.internal.WebUIAbstractKeyword.findWebElement(WebUIAbstractKeyword.groovy:27)&#xD;
	at com.kms.katalon.core.webui.keyword.internal.WebUIAbstractKeyword.findWebElement(WebUIAbstractKeyword.groovy:26)&#xD;
	at com.kms.katalon.core.webui.keyword.builtin.ClickKeyword$_click_closure1.doCall(ClickKeyword.groovy:77)&#xD;
	at com.kms.katalon.core.webui.keyword.builtin.ClickKeyword$_click_closure1.call(ClickKeyword.groovy)&#xD;
	at com.kms.katalon.core.webui.keyword.internal.WebUIKeywordMain.runKeyword(WebUIKeywordMain.groovy:20)&#xD;
	at com.kms.katalon.core.webui.keyword.builtin.ClickKeyword.click(ClickKeyword.groovy:86)&#xD;
	at com.kms.katalon.core.webui.keyword.builtin.ClickKeyword.execute(ClickKeyword.groovy:67)&#xD;
	at com.kms.katalon.core.keyword.internal.KeywordExecutor.executeKeywordForPlatform(KeywordExecutor.groovy:56)&#xD;
	at com.kms.katalon.core.webui.keyword.WebUiBuiltInKeywords.click(WebUiBuiltInKeywords.groovy:616)&#xD;
	at com.kms.katalon.core.webui.keyword.WebUiBuiltInKeywords$click$6.call(Unknown Source)&#xD;
	at Script1567506674452.run(Script1567506674452.groovy:47)&#xD;
	... 13 more&#xD;
)&#xD;
[[ATTACHMENT|C:\\Users\\user4\\git\\ACTPOL\\Reports\\20190924_181828\\Release 6.6\\MBES18 ALL\\20190924_181828\\1569330259552.png]]</system-out>
            <system-err>2019-09-24 18:32:33 - [TEST_CASE][FAILED] - Test Cases/JIRA Tasks/Release 6.6/ACTPOL-564: Test Cases/JIRA Tasks/Release 6.6/ACTPOL-564 FAILED.
Reason:
com.kms.katalon.core.exception.StepFailedException: Unable to click on object 'Object Repository/Actpol_Scripts/Opsporing/MBES18/mbes new'&#xD;
	at com.kms.katalon.core.webui.keyword.internal.WebUIKeywordMain.stepFailed(WebUIKeywordMain.groovy:64)&#xD;
	at com.kms.katalon.core.webui.keyword.internal.WebUIKeywordMain.runKeyword(WebUIKeywordMain.groovy:26)&#xD;
	at com.kms.katalon.core.webui.keyword.builtin.ClickKeyword.click(ClickKeyword.groovy:86)&#xD;
	at com.kms.katalon.core.webui.keyword.builtin.ClickKeyword.execute(ClickKeyword.groovy:67)&#xD;
	at com.kms.katalon.core.keyword.internal.KeywordExecutor.executeKeywordForPlatform(KeywordExecutor.groovy:56)&#xD;
	at com.kms.katalon.core.webui.keyword.WebUiBuiltInKeywords.click(WebUiBuiltInKeywords.groovy:616)&#xD;
	at com.kms.katalon.core.webui.keyword.WebUiBuiltInKeywords$click$6.call(Unknown Source)&#xD;
	at ACTPOL-564.run(ACTPOL-564:47)&#xD;
	at com.kms.katalon.core.main.ScriptEngine.run(ScriptEngine.java:194)&#xD;
	at com.kms.katalon.core.main.ScriptEngine.runScriptAsRawText(ScriptEngine.java:119)&#xD;
	at com.kms.katalon.core.main.TestCaseExecutor.runScript(TestCaseExecutor.java:337)&#xD;
	at com.kms.katalon.core.main.TestCaseExecutor.doExecute(TestCaseExecutor.java:328)&#xD;
	at com.kms.katalon.core.main.TestCaseExecutor.processExecutionPhase(TestCaseExecutor.java:307)&#xD;
	at com.kms.katalon.core.main.TestCaseExecutor.accessMainPhase(TestCaseExecutor.java:299)&#xD;
	at com.kms.katalon.core.main.TestCaseExecutor.execute(TestCaseExecutor.java:233)&#xD;
	at com.kms.katalon.core.main.TestSuiteExecutor.accessTestCaseMainPhase(TestSuiteExecutor.java:169)&#xD;
	at com.kms.katalon.core.main.TestSuiteExecutor.accessTestSuiteMainPhase(TestSuiteExecutor.java:142)&#xD;
	at com.kms.katalon.core.main.TestSuiteExecutor.execute(TestSuiteExecutor.java:91)&#xD;
	at com.kms.katalon.core.main.TestCaseMain.startTestSuite(TestCaseMain.java:157)&#xD;
	at com.kms.katalon.core.main.TestCaseMain$startTestSuite$0.call(Unknown Source)&#xD;
	at TempTestSuite1569329313236.run(TempTestSuite1569329313236.groovy:35)&#xD;
Caused by: com.kms.katalon.core.webui.exception.WebElementNotFoundException: Web element with id: 'Object Repository/Actpol_Scripts/Opsporing/MBES18/mbes new' located by 'By.xpath: //*[@id="listbottomcontrol"]/div[1]/span/img' not found&#xD;
	at com.kms.katalon.core.webui.common.WebUiCommonHelper.findWebElement(WebUiCommonHelper.java:1097)&#xD;
	at com.kms.katalon.core.webui.keyword.internal.WebUIAbstractKeyword.findWebElement(WebUIAbstractKeyword.groovy:27)&#xD;
	at com.kms.katalon.core.webui.keyword.internal.WebUIAbstractKeyword.findWebElement(WebUIAbstractKeyword.groovy:26)&#xD;
	at com.kms.katalon.core.webui.keyword.builtin.ClickKeyword$_click_closure1.doCall(ClickKeyword.groovy:77)&#xD;
	at com.kms.katalon.core.webui.keyword.builtin.ClickKeyword$_click_closure1.call(ClickKeyword.groovy)&#xD;
	at com.kms.katalon.core.webui.keyword.internal.WebUIKeywordMain.runKeyword(WebUIKeywordMain.groovy:20)&#xD;
	... 19 more</system-err>
        </testcase>
        <testcase name="Test Cases/JIRA Tasks/Release 6.6/ACTPOL-565" classname="Test Cases/JIRA Tasks/Release 6.6/ACTPOL-565" status="PASSED">
            <system-out>2019-09-24 18:34:22 - [TEST_CASE][PASSED] - Test Cases/JIRA Tasks/Release 6.6/ACTPOL-565: Test Cases/JIRA Tasks/Release 6.6/ACTPOL-565&#xD;
&#xD;
2019-09-24 18:34:22 - [TEST_STEP][PASSED] - callTestCase(findTestCase("main/Actpol_Login_testenv"), [:], STOP_ON_FAILURE): Call Test Case 'Test Cases/main/Actpol_Login_testenv' successfully&#xD;
&#xD;
2019-09-24 18:34:23 - [TEST_CASE][PASSED] - Test Cases/main/Actpol_Login_testenv: Test Cases/main/Actpol_Login_testenv&#xD;
&#xD;
2019-09-24 18:34:23 - [TEST_STEP][PASSED] - openBrowser(""): Browser is opened with url: ''&#xD;
&#xD;
2019-09-24 18:34:23 - [MESSAGE][WARNING] - A browser is already opened. Closing browser and opening a new one&#xD;
&#xD;
2019-09-24 18:34:23 - [MESSAGE][INFO] - Starting 'Chrome' driver&#xD;
&#xD;
2019-09-24 18:34:26 - [MESSAGE][PASSED] - Browser is opened with url: ''&#xD;
&#xD;
2019-09-24 18:34:26 - [TEST_STEP][PASSED] - deleteAllCookies(): Delete all cookies successfully&#xD;
&#xD;
2019-09-24 18:34:26 - [MESSAGE][PASSED] - Delete all cookies successfully&#xD;
&#xD;
2019-09-24 18:34:26 - [TEST_STEP][PASSED] - waitForPageLoad(60): Wait for page load successfully&#xD;
&#xD;
2019-09-24 18:34:26 - [MESSAGE][PASSED] - Wait for page load successfully&#xD;
&#xD;
2019-09-24 18:34:26 - [TEST_STEP][PASSED] - maximizeWindow(): Current window maximized&#xD;
&#xD;
2019-09-24 18:34:28 - [MESSAGE][PASSED] - Current window maximized&#xD;
&#xD;
2019-09-24 18:34:28 - [TEST_STEP][PASSED] - ACTPOLTESTENV = 1: null&#xD;
&#xD;
2019-09-24 18:34:28 - [TEST_STEP][PASSED] - ACTPOLDEVENV = 2: null&#xD;
&#xD;
2019-09-24 18:34:28 - [TEST_STEP][PASSED] - ACTPOLKCENV = 3: null&#xD;
&#xD;
2019-09-24 18:34:28 - [TEST_STEP][PASSED] - ACTPOLKBKPCNENV = 4: null&#xD;
&#xD;
2019-09-24 18:34:28 - [TEST_STEP][PASSED] - ACTPOLKBKMARENV = 5: null&#xD;
&#xD;
2019-09-24 18:34:28 - [TEST_STEP][PASSED] - ACTPOLKMENV = 6: null&#xD;
&#xD;
2019-09-24 18:34:28 - [TEST_STEP][PASSED] - ACTPOLKWENV = 7: null&#xD;
&#xD;
2019-09-24 18:34:28 - [TEST_STEP][PASSED] - environment = ACTPOLTESTENV: null&#xD;
&#xD;
2019-09-24 18:34:28 - [TEST_STEP][PASSED] - Selectenv = &lt;not implemented yet for class: org.codehaus.groovy.ast.expr.EmptyExpression&gt;: null&#xD;
&#xD;
2019-09-24 18:34:28 - [TEST_STEP][PASSED] - switch (environment): null&#xD;
&#xD;
2019-09-24 18:34:28 - [TEST_STEP][PASSED] - case 1:: null&#xD;
&#xD;
2019-09-24 18:34:28 - [TEST_STEP][PASSED] - println(Selectenv = "ACTPOL-TEST-ENV"): null&#xD;
&#xD;
2019-09-24 18:34:28 - [TEST_STEP][PASSED] - navigateToUrl(TESTURL): Navigate to 'http://10.20.10.7:8185/actpoltst/nxmenu.pgm?docnum=551' successfully&#xD;
&#xD;
2019-09-24 18:34:35 - [MESSAGE][PASSED] - Navigate to 'http://10.20.10.7:8185/actpoltst/nxmenu.pgm?docnum=551' successfully&#xD;
&#xD;
2019-09-24 18:34:35 - [TEST_STEP][PASSED] - setText(findTestObject("Actpol_Scripts/login/userid"), username): Text 'vidhya' is set on object 'Object Repository/Actpol_Scripts/login/userid'&#xD;
&#xD;
2019-09-24 18:34:36 - [MESSAGE][PASSED] - Text 'vidhya' is set on object 'Object Repository/Actpol_Scripts/login/userid'&#xD;
&#xD;
2019-09-24 18:34:36 - [TEST_STEP][PASSED] - setMaskedText(findTestObject("Actpol_Scripts/login/password"), password): Text '********' is set on object 'Object Repository/Actpol_Scripts/login/password'&#xD;
&#xD;
2019-09-24 18:34:36 - [MESSAGE][PASSED] - Text '********' is set on object 'Object Repository/Actpol_Scripts/login/password'&#xD;
&#xD;
2019-09-24 18:34:36 - [TEST_STEP][PASSED] - click(findTestObject("Actpol_Scripts/login/login")): Object: 'Object Repository/Actpol_Scripts/login/login' is clicked on&#xD;
&#xD;
2019-09-24 18:34:36 - [MESSAGE][PASSED] - Object: 'Object Repository/Actpol_Scripts/login/login' is clicked on&#xD;
&#xD;
2019-09-24 18:34:37 - [TEST_STEP][PASSED] - getWindowTitle(): Current window's title is: 'Login Page for ACTPOL Test'&#xD;
&#xD;
2019-09-24 18:34:37 - [MESSAGE][PASSED] - Current window's title is: 'Login Page for ACTPOL Test'&#xD;
&#xD;
2019-09-24 18:34:37 - [TEST_STEP][PASSED] - delay(5): Delayed 5 second(s)&#xD;
&#xD;
2019-09-24 18:34:42 - [MESSAGE][PASSED] - Delayed 5 second(s)&#xD;
&#xD;
2019-09-24 18:34:42 - [TEST_STEP][PASSED] - break: null&#xD;
&#xD;
2019-09-24 18:34:42 - [MESSAGE][PASSED] - Call Test Case 'Test Cases/main/Actpol_Login_testenv' successfully&#xD;
&#xD;
2019-09-24 18:34:42 - [TEST_STEP][PASSED] - delay(6): Delayed 6 second(s)&#xD;
&#xD;
2019-09-24 18:34:48 - [MESSAGE][PASSED] - Delayed 6 second(s)&#xD;
&#xD;
2019-09-24 18:34:48 - [TEST_STEP][PASSED] - log = new com.kms.katalon.core.logging.KeywordLogger(): null&#xD;
&#xD;
2019-09-24 18:34:48 - [TEST_STEP][PASSED] - mouseOver(findTestObject("Actpol_Scripts/Menu navigation/Generiek/Generiek")): Object: 'Object Repository/Actpol_Scripts/Menu navigation/Generiek/Generiek' is hovered&#xD;
&#xD;
2019-09-24 18:34:48 - [MESSAGE][PASSED] - Object: 'Object Repository/Actpol_Scripts/Menu navigation/Generiek/Generiek' is hovered&#xD;
&#xD;
2019-09-24 18:34:48 - [TEST_STEP][PASSED] - log.logInfo("Successfully logged"): Successfully logged&#xD;
&#xD;
2019-09-24 18:34:48 - [MESSAGE][INFO] - Successfully logged&#xD;
&#xD;
2019-09-24 18:34:48 - [TEST_STEP][PASSED] - delay(5): Delayed 5 second(s)&#xD;
&#xD;
2019-09-24 18:34:53 - [MESSAGE][PASSED] - Delayed 5 second(s)&#xD;
&#xD;
2019-09-24 18:34:53 - [TEST_STEP][PASSED] - click(findTestObject("Actpol_Scripts/Opsporing/MBES18/MBES18 TAB")): Object: 'Object Repository/Actpol_Scripts/Opsporing/MBES18/MBES18 TAB' is clicked on&#xD;
&#xD;
2019-09-24 18:34:53 - [MESSAGE][PASSED] - Object: 'Object Repository/Actpol_Scripts/Opsporing/MBES18/MBES18 TAB' is clicked on&#xD;
&#xD;
2019-09-24 18:34:53 - [TEST_STEP][PASSED] - delay(2): Delayed 2 second(s)&#xD;
&#xD;
2019-09-24 18:34:55 - [MESSAGE][PASSED] - Delayed 2 second(s)&#xD;
&#xD;
2019-09-24 18:34:55 - [TEST_STEP][PASSED] - click(findTestObject("Actpol_Scripts/Opsporing/MBES18/MBES18 TAB")): Object: 'Object Repository/Actpol_Scripts/Opsporing/MBES18/MBES18 TAB' is clicked on&#xD;
&#xD;
2019-09-24 18:34:55 - [MESSAGE][PASSED] - Object: 'Object Repository/Actpol_Scripts/Opsporing/MBES18/MBES18 TAB' is clicked on&#xD;
&#xD;
2019-09-24 18:34:55 - [TEST_STEP][PASSED] - delay(2): Delayed 2 second(s)&#xD;
&#xD;
2019-09-24 18:34:57 - [MESSAGE][PASSED] - Delayed 2 second(s)&#xD;
&#xD;
2019-09-24 18:34:57 - [TEST_STEP][PASSED] - click(findTestObject("Actpol_Scripts/Opsporing/MBES18/MBES18 TAB")): Object: 'Object Repository/Actpol_Scripts/Opsporing/MBES18/MBES18 TAB' is clicked on&#xD;
&#xD;
2019-09-24 18:34:58 - [MESSAGE][PASSED] - Object: 'Object Repository/Actpol_Scripts/Opsporing/MBES18/MBES18 TAB' is clicked on&#xD;
&#xD;
2019-09-24 18:34:58 - [TEST_STEP][PASSED] - delay(1): Delayed 1 second(s)&#xD;
&#xD;
2019-09-24 18:34:59 - [MESSAGE][PASSED] - Delayed 1 second(s)&#xD;
&#xD;
2019-09-24 18:34:59 - [TEST_STEP][PASSED] - log.logInfo("Clicking MBES18 tab "): Clicking MBES18 tab &#xD;
&#xD;
2019-09-24 18:34:59 - [MESSAGE][INFO] - Clicking MBES18 tab &#xD;
&#xD;
2019-09-24 18:34:59 - [TEST_STEP][PASSED] - delay(8): Delayed 8 second(s)&#xD;
&#xD;
2019-09-24 18:35:07 - [MESSAGE][PASSED] - Delayed 8 second(s)&#xD;
&#xD;
2019-09-24 18:35:07 - [TEST_STEP][PASSED] - click(findTestObject("Actpol_Scripts/Opsporing/MBES18/mbes new")): Object: 'Object Repository/Actpol_Scripts/Opsporing/MBES18/mbes new' is clicked on&#xD;
&#xD;
2019-09-24 18:35:07 - [MESSAGE][PASSED] - Object: 'Object Repository/Actpol_Scripts/Opsporing/MBES18/mbes new' is clicked on&#xD;
&#xD;
2019-09-24 18:35:07 - [TEST_STEP][PASSED] - log.logInfo("Clicking MBES18 new button "): Clicking MBES18 new button &#xD;
&#xD;
2019-09-24 18:35:07 - [MESSAGE][INFO] - Clicking MBES18 new button &#xD;
&#xD;
2019-09-24 18:35:07 - [TEST_STEP][PASSED] - delay(6): Delayed 6 second(s)&#xD;
&#xD;
2019-09-24 18:35:13 - [MESSAGE][PASSED] - Delayed 6 second(s)&#xD;
&#xD;
2019-09-24 18:35:13 - [TEST_STEP][PASSED] - click(findTestObject("Actpol_Scripts/Opsporing/MBES18/Registratie new")): Object: 'Object Repository/Actpol_Scripts/Opsporing/MBES18/Registratie new' is clicked on&#xD;
&#xD;
2019-09-24 18:35:14 - [MESSAGE][PASSED] - Object: 'Object Repository/Actpol_Scripts/Opsporing/MBES18/Registratie new' is clicked on&#xD;
&#xD;
2019-09-24 18:35:14 - [TEST_STEP][PASSED] - delay(1): Delayed 1 second(s)&#xD;
&#xD;
2019-09-24 18:35:15 - [MESSAGE][PASSED] - Delayed 1 second(s)&#xD;
&#xD;
2019-09-24 18:35:15 - [TEST_STEP][PASSED] - selectOptionByLabel(findTestObject("Actpol_Scripts/Opsporing/MBES18/1 Registratie/Registratie van 1"), "KORPS POLITIE CURACAO", false): All options with label 'KORPS POLITIE CURACAO' are selected in object 'Object Repository/Actpol_Scripts/Opsporing/MBES18/1 Registratie/Registratie van 1' &#xD;
&#xD;
2019-09-24 18:35:16 - [MESSAGE][PASSED] - All options with label 'KORPS POLITIE CURACAO' are selected in object 'Object Repository/Actpol_Scripts/Opsporing/MBES18/1 Registratie/Registratie van 1' &#xD;
&#xD;
2019-09-24 18:35:16 - [TEST_STEP][PASSED] - delay(1): Delayed 1 second(s)&#xD;
&#xD;
2019-09-24 18:35:17 - [MESSAGE][PASSED] - Delayed 1 second(s)&#xD;
&#xD;
2019-09-24 18:35:17 - [TEST_STEP][PASSED] - selectOptionByLabel(findTestObject("Actpol_Scripts/Opsporing/MBES18/1 Registratie/Registratie Naar 1"), "OPENBARE MINISTERIE", false): All options with label 'OPENBARE MINISTERIE' are selected in object 'Object Repository/Actpol_Scripts/Opsporing/MBES18/1 Registratie/Registratie Naar 1' &#xD;
&#xD;
2019-09-24 18:35:17 - [MESSAGE][PASSED] - All options with label 'OPENBARE MINISTERIE' are selected in object 'Object Repository/Actpol_Scripts/Opsporing/MBES18/1 Registratie/Registratie Naar 1' &#xD;
&#xD;
2019-09-24 18:35:17 - [TEST_STEP][PASSED] - delay(1): Delayed 1 second(s)&#xD;
&#xD;
2019-09-24 18:35:18 - [MESSAGE][PASSED] - Delayed 1 second(s)&#xD;
&#xD;
2019-09-24 18:35:18 - [TEST_STEP][PASSED] - selectOptionByLabel(findTestObject("Actpol_Scripts/Opsporing/MBES18/1 Registratie/Registratie van 2"), "AMBULANCE", false): All options with label 'AMBULANCE' are selected in object 'Object Repository/Actpol_Scripts/Opsporing/MBES18/1 Registratie/Registratie van 2' &#xD;
&#xD;
2019-09-24 18:35:19 - [MESSAGE][PASSED] - All options with label 'AMBULANCE' are selected in object 'Object Repository/Actpol_Scripts/Opsporing/MBES18/1 Registratie/Registratie van 2' &#xD;
&#xD;
2019-09-24 18:35:19 - [TEST_STEP][PASSED] - delay(1): Delayed 1 second(s)&#xD;
&#xD;
2019-09-24 18:35:20 - [MESSAGE][PASSED] - Delayed 1 second(s)&#xD;
&#xD;
2019-09-24 18:35:20 - [TEST_STEP][PASSED] - selectOptionByLabel(findTestObject("Actpol_Scripts/Opsporing/MBES18/1 Registratie/Registratie Naar 2"), "SKS", false): All options with label 'SKS' are selected in object 'Object Repository/Actpol_Scripts/Opsporing/MBES18/1 Registratie/Registratie Naar 2' &#xD;
&#xD;
2019-09-24 18:35:20 - [MESSAGE][PASSED] - All options with label 'SKS' are selected in object 'Object Repository/Actpol_Scripts/Opsporing/MBES18/1 Registratie/Registratie Naar 2' &#xD;
&#xD;
2019-09-24 18:35:20 - [TEST_STEP][PASSED] - delay(1): Delayed 1 second(s)&#xD;
&#xD;
2019-09-24 18:35:21 - [MESSAGE][PASSED] - Delayed 1 second(s)&#xD;
&#xD;
2019-09-24 18:35:21 - [TEST_STEP][PASSED] - setText(findTestObject("Actpol_Scripts/Opsporing/MBES18/1 Registratie/Behandeld door"), "Katalon testing :: Behandeld door"): Text 'Katalon testing :: Behandeld door' is set on object 'Object Repository/Actpol_Scripts/Opsporing/MBES18/1 Registratie/Behandeld door'&#xD;
&#xD;
2019-09-24 18:35:23 - [MESSAGE][PASSED] - Text 'Katalon testing :: Behandeld door' is set on object 'Object Repository/Actpol_Scripts/Opsporing/MBES18/1 Registratie/Behandeld door'&#xD;
&#xD;
2019-09-24 18:35:23 - [TEST_STEP][PASSED] - delay(1): Delayed 1 second(s)&#xD;
&#xD;
2019-09-24 18:35:24 - [MESSAGE][PASSED] - Delayed 1 second(s)&#xD;
&#xD;
2019-09-24 18:35:24 - [TEST_STEP][PASSED] - setText(findTestObject("Actpol_Scripts/Opsporing/MBES18/1 Registratie/Telefoon"), "123456789"): Text '123456789' is set on object 'Object Repository/Actpol_Scripts/Opsporing/MBES18/1 Registratie/Telefoon'&#xD;
&#xD;
2019-09-24 18:35:25 - [MESSAGE][PASSED] - Text '123456789' is set on object 'Object Repository/Actpol_Scripts/Opsporing/MBES18/1 Registratie/Telefoon'&#xD;
&#xD;
2019-09-24 18:35:25 - [TEST_STEP][PASSED] - delay(1): Delayed 1 second(s)&#xD;
&#xD;
2019-09-24 18:35:26 - [MESSAGE][PASSED] - Delayed 1 second(s)&#xD;
&#xD;
2019-09-24 18:35:26 - [TEST_STEP][PASSED] - setText(findTestObject("Actpol_Scripts/Opsporing/MBES18/1 Registratie/E-Mail"), "test@gmail.com"): Text 'test@gmail.com' is set on object 'Object Repository/Actpol_Scripts/Opsporing/MBES18/1 Registratie/E-Mail'&#xD;
&#xD;
2019-09-24 18:35:27 - [MESSAGE][PASSED] - Text 'test@gmail.com' is set on object 'Object Repository/Actpol_Scripts/Opsporing/MBES18/1 Registratie/E-Mail'&#xD;
&#xD;
2019-09-24 18:35:27 - [TEST_STEP][PASSED] - delay(1): Delayed 1 second(s)&#xD;
&#xD;
2019-09-24 18:35:28 - [MESSAGE][PASSED] - Delayed 1 second(s)&#xD;
&#xD;
2019-09-24 18:35:28 - [TEST_STEP][PASSED] - sendKeys(findTestObject("Actpol_Scripts/Opsporing/MBES18/1 Registratie/Datum"), "01012019"): Keys '01012019' sent to object: 'Object Repository/Actpol_Scripts/Opsporing/MBES18/1 Registratie/Datum'&#xD;
&#xD;
2019-09-24 18:35:28 - [MESSAGE][PASSED] - Keys '01012019' sent to object: 'Object Repository/Actpol_Scripts/Opsporing/MBES18/1 Registratie/Datum'&#xD;
&#xD;
2019-09-24 18:35:28 - [TEST_STEP][PASSED] - click(findTestObject("Actpol_Scripts/Opsporing/MBES18/1 Registratie/Datum calendar icon")): Object: 'Object Repository/Actpol_Scripts/Opsporing/MBES18/1 Registratie/Datum calendar icon' is clicked on&#xD;
&#xD;
2019-09-24 18:35:29 - [MESSAGE][PASSED] - Object: 'Object Repository/Actpol_Scripts/Opsporing/MBES18/1 Registratie/Datum calendar icon' is clicked on&#xD;
&#xD;
2019-09-24 18:35:29 - [TEST_STEP][PASSED] - delay(2): Delayed 2 second(s)&#xD;
&#xD;
2019-09-24 18:35:31 - [MESSAGE][PASSED] - Delayed 2 second(s)&#xD;
&#xD;
2019-09-24 18:35:31 - [TEST_STEP][PASSED] - selectOptionByLabel(findTestObject("Actpol_Scripts/Monthyear/Rightmonth"), "sep", false): All options with label 'sep' are selected in object 'Object Repository/Actpol_Scripts/Monthyear/Rightmonth' &#xD;
&#xD;
2019-09-24 18:35:31 - [MESSAGE][PASSED] - All options with label 'sep' are selected in object 'Object Repository/Actpol_Scripts/Monthyear/Rightmonth' &#xD;
&#xD;
2019-09-24 18:35:31 - [TEST_STEP][PASSED] - delay(1): Delayed 1 second(s)&#xD;
&#xD;
2019-09-24 18:35:32 - [MESSAGE][PASSED] - Delayed 1 second(s)&#xD;
&#xD;
2019-09-24 18:35:32 - [TEST_STEP][PASSED] - selectOptionByLabel(findTestObject("Actpol_Scripts/Monthyear/Rightyear"), "2019", false): All options with label '2019' are selected in object 'Object Repository/Actpol_Scripts/Monthyear/Rightyear' &#xD;
&#xD;
2019-09-24 18:35:33 - [MESSAGE][PASSED] - All options with label '2019' are selected in object 'Object Repository/Actpol_Scripts/Monthyear/Rightyear' &#xD;
&#xD;
2019-09-24 18:35:33 - [TEST_STEP][PASSED] - delay(1): Delayed 1 second(s)&#xD;
&#xD;
2019-09-24 18:35:34 - [MESSAGE][PASSED] - Delayed 1 second(s)&#xD;
&#xD;
2019-09-24 18:35:34 - [TEST_STEP][PASSED] - click(findTestObject("Actpol_Scripts/Date/16th right frame")): Object: 'Object Repository/Actpol_Scripts/Date/16th right frame' is clicked on&#xD;
&#xD;
2019-09-24 18:35:34 - [MESSAGE][PASSED] - Object: 'Object Repository/Actpol_Scripts/Date/16th right frame' is clicked on&#xD;
&#xD;
2019-09-24 18:35:34 - [TEST_STEP][PASSED] - delay(1): Delayed 1 second(s)&#xD;
&#xD;
2019-09-24 18:35:35 - [MESSAGE][PASSED] - Delayed 1 second(s)&#xD;
&#xD;
2019-09-24 18:35:35 - [TEST_STEP][PASSED] - click(findTestObject("Actpol_Scripts/Opsporing/MBES18/1 Registratie/Registratie save")): Object: 'Object Repository/Actpol_Scripts/Opsporing/MBES18/1 Registratie/Registratie save' is clicked on&#xD;
&#xD;
2019-09-24 18:35:36 - [MESSAGE][PASSED] - Object: 'Object Repository/Actpol_Scripts/Opsporing/MBES18/1 Registratie/Registratie save' is clicked on&#xD;
&#xD;
2019-09-24 18:35:36 - [TEST_STEP][PASSED] - delay(3): Delayed 3 second(s)&#xD;
&#xD;
2019-09-24 18:35:39 - [MESSAGE][PASSED] - Delayed 3 second(s)&#xD;
&#xD;
2019-09-24 18:35:39 - [TEST_STEP][PASSED] - click(findTestObject("Actpol_Scripts/Opsporing/MBES18/1 Registratie/registratie tab")): Object: 'Object Repository/Actpol_Scripts/Opsporing/MBES18/1 Registratie/registratie tab' is clicked on&#xD;
&#xD;
2019-09-24 18:35:39 - [MESSAGE][PASSED] - Object: 'Object Repository/Actpol_Scripts/Opsporing/MBES18/1 Registratie/registratie tab' is clicked on&#xD;
&#xD;
2019-09-24 18:35:39 - [TEST_STEP][PASSED] - delay(1): Delayed 1 second(s)&#xD;
&#xD;
2019-09-24 18:35:40 - [MESSAGE][PASSED] - Delayed 1 second(s)&#xD;
&#xD;
2019-09-24 18:35:40 - [TEST_STEP][PASSED] - click(findTestObject("Actpol_Scripts/Opsporing/MBES18/2 Personalia/Personalia tab")): Object: 'Object Repository/Actpol_Scripts/Opsporing/MBES18/2 Personalia/Personalia tab' is clicked on&#xD;
&#xD;
2019-09-24 18:35:41 - [MESSAGE][PASSED] - Object: 'Object Repository/Actpol_Scripts/Opsporing/MBES18/2 Personalia/Personalia tab' is clicked on&#xD;
&#xD;
2019-09-24 18:35:41 - [TEST_STEP][PASSED] - delay(2): Delayed 2 second(s)&#xD;
&#xD;
2019-09-24 18:35:43 - [MESSAGE][PASSED] - Delayed 2 second(s)&#xD;
&#xD;
2019-09-24 18:35:43 - [TEST_STEP][PASSED] - setText(findTestObject("Actpol_Scripts/Opsporing/MBES18/2 Personalia/Achternaam text"), "aa"): Text 'aa' is set on object 'Object Repository/Actpol_Scripts/Opsporing/MBES18/2 Personalia/Achternaam text'&#xD;
&#xD;
2019-09-24 18:35:44 - [MESSAGE][PASSED] - Text 'aa' is set on object 'Object Repository/Actpol_Scripts/Opsporing/MBES18/2 Personalia/Achternaam text'&#xD;
&#xD;
2019-09-24 18:35:44 - [TEST_STEP][PASSED] - delay(2): Delayed 2 second(s)&#xD;
&#xD;
2019-09-24 18:35:46 - [MESSAGE][PASSED] - Delayed 2 second(s)&#xD;
&#xD;
2019-09-24 18:35:46 - [TEST_STEP][PASSED] - click(findTestObject("Actpol_Scripts/Opsporing/MBES18/2 Personalia/Achternaam text lb")): Object: 'Object Repository/Actpol_Scripts/Opsporing/MBES18/2 Personalia/Achternaam text lb' is clicked on&#xD;
&#xD;
2019-09-24 18:35:46 - [MESSAGE][PASSED] - Object: 'Object Repository/Actpol_Scripts/Opsporing/MBES18/2 Personalia/Achternaam text lb' is clicked on&#xD;
&#xD;
2019-09-24 18:35:46 - [TEST_STEP][PASSED] - delay(1): Delayed 1 second(s)&#xD;
&#xD;
2019-09-24 18:35:47 - [MESSAGE][PASSED] - Delayed 1 second(s)&#xD;
&#xD;
2019-09-24 18:35:47 - [TEST_STEP][PASSED] - setText(findTestObject("Actpol_Scripts/Opsporing/MBES18/2 Personalia/Garantsteller new"), "aa"): Text 'aa' is set on object 'Object Repository/Actpol_Scripts/Opsporing/MBES18/2 Personalia/Garantsteller new'&#xD;
&#xD;
2019-09-24 18:35:48 - [MESSAGE][PASSED] - Text 'aa' is set on object 'Object Repository/Actpol_Scripts/Opsporing/MBES18/2 Personalia/Garantsteller new'&#xD;
&#xD;
2019-09-24 18:35:48 - [TEST_STEP][PASSED] - delay(2): Delayed 2 second(s)&#xD;
&#xD;
2019-09-24 18:35:50 - [MESSAGE][PASSED] - Delayed 2 second(s)&#xD;
&#xD;
2019-09-24 18:35:50 - [TEST_STEP][PASSED] - click(findTestObject("Actpol_Scripts/Opsporing/MBES18/2 Personalia/Garantsteller new lb")): Object: 'Object Repository/Actpol_Scripts/Opsporing/MBES18/2 Personalia/Garantsteller new lb' is clicked on&#xD;
&#xD;
2019-09-24 18:35:50 - [MESSAGE][PASSED] - Object: 'Object Repository/Actpol_Scripts/Opsporing/MBES18/2 Personalia/Garantsteller new lb' is clicked on&#xD;
&#xD;
2019-09-24 18:35:50 - [TEST_STEP][PASSED] - delay(1): Delayed 1 second(s)&#xD;
&#xD;
2019-09-24 18:35:51 - [MESSAGE][PASSED] - Delayed 1 second(s)&#xD;
&#xD;
2019-09-24 18:35:51 - [TEST_STEP][PASSED] - scrollToPosition(10, 7): Browser is scrolled to position x = 10, y = 7&#xD;
&#xD;
2019-09-24 18:35:52 - [MESSAGE][PASSED] - Browser is scrolled to position x = 10, y = 7&#xD;
&#xD;
2019-09-24 18:35:52 - [TEST_STEP][PASSED] - delay(1): Delayed 1 second(s)&#xD;
&#xD;
2019-09-24 18:35:53 - [MESSAGE][PASSED] - Delayed 1 second(s)&#xD;
&#xD;
2019-09-24 18:35:53 - [TEST_STEP][PASSED] - click(findTestObject("Actpol_Scripts/Opsporing/MBES18/2 Personalia/Personalia tab")): Object: 'Object Repository/Actpol_Scripts/Opsporing/MBES18/2 Personalia/Personalia tab' is clicked on&#xD;
&#xD;
2019-09-24 18:35:53 - [MESSAGE][PASSED] - Object: 'Object Repository/Actpol_Scripts/Opsporing/MBES18/2 Personalia/Personalia tab' is clicked on&#xD;
&#xD;
2019-09-24 18:35:53 - [TEST_STEP][PASSED] - delay(1): Delayed 1 second(s)&#xD;
&#xD;
2019-09-24 18:35:54 - [MESSAGE][PASSED] - Delayed 1 second(s)&#xD;
&#xD;
2019-09-24 18:35:54 - [TEST_STEP][PASSED] - click(findTestObject("Actpol_Scripts/Opsporing/MBES18/3 INBEWARINGSTELLINGS_C.Q._PLAATSINGSGEGEVENS/INBEWARINGSTELLINGS C.Q. PLAATSINGSGEGEVENS tab")): Object: 'Object Repository/Actpol_Scripts/Opsporing/MBES18/3 INBEWARINGSTELLINGS_C.Q._PLAATSINGSGEGEVENS/INBEWARINGSTELLINGS C.Q. PLAATSINGSGEGEVENS tab' is clicked on&#xD;
&#xD;
2019-09-24 18:35:55 - [MESSAGE][PASSED] - Object: 'Object Repository/Actpol_Scripts/Opsporing/MBES18/3 INBEWARINGSTELLINGS_C.Q._PLAATSINGSGEGEVENS/INBEWARINGSTELLINGS C.Q. PLAATSINGSGEGEVENS tab' is clicked on&#xD;
&#xD;
2019-09-24 18:35:55 - [TEST_STEP][PASSED] - delay(2): Delayed 2 second(s)&#xD;
&#xD;
2019-09-24 18:35:57 - [MESSAGE][PASSED] - Delayed 2 second(s)&#xD;
&#xD;
2019-09-24 18:35:57 - [TEST_STEP][PASSED] - comment("INBEWARINGSTELLINGS C.Q. PLAATSINGSGEGEVENS tab data filling"): INBEWARINGSTELLINGS C.Q. PLAATSINGSGEGEVENS tab data filling&#xD;
&#xD;
2019-09-24 18:35:57 - [MESSAGE][INFO] - INBEWARINGSTELLINGS C.Q. PLAATSINGSGEGEVENS tab data filling&#xD;
&#xD;
2019-09-24 18:35:57 - [TEST_STEP][PASSED] - delay(1): Delayed 1 second(s)&#xD;
&#xD;
2019-09-24 18:35:58 - [MESSAGE][PASSED] - Delayed 1 second(s)&#xD;
&#xD;
2019-09-24 18:35:58 - [TEST_STEP][NOT_RUN] - setText(findTestObject("Actpol_Scripts/Opsporing/MBES18/3 INBEWARINGSTELLINGS_C.Q._PLAATSINGSGEGEVENS/Inbewaringstelling sinds"), "02/09/2019"): NOT_RUN: setText(findTestObject("Actpol_Scripts/Opsporing/MBES18/3 INBEWARINGSTELLINGS_C.Q._PLAATSINGSGEGEVENS/Inbewaringstelling sinds"), "02/09/2019")&#xD;
&#xD;
2019-09-24 18:35:58 - [MESSAGE][NOT_RUN] - NOT_RUN: setText(findTestObject("Actpol_Scripts/Opsporing/MBES18/3 INBEWARINGSTELLINGS_C.Q._PLAATSINGSGEGEVENS/Inbewaringstelling sinds"), "02/09/2019")&#xD;
&#xD;
2019-09-24 18:35:58 - [TEST_STEP][PASSED] - click(findTestObject("Actpol_Scripts/Opsporing/MBES18/3 INBEWARINGSTELLINGS_C.Q._PLAATSINGSGEGEVENS/Inbewaringstelling sinds calender icon")): Object: 'Object Repository/Actpol_Scripts/Opsporing/MBES18/3 INBEWARINGSTELLINGS_C.Q._PLAATSINGSGEGEVENS/Inbewaringstelling sinds calender icon' is clicked on&#xD;
&#xD;
2019-09-24 18:35:58 - [MESSAGE][PASSED] - Object: 'Object Repository/Actpol_Scripts/Opsporing/MBES18/3 INBEWARINGSTELLINGS_C.Q._PLAATSINGSGEGEVENS/Inbewaringstelling sinds calender icon' is clicked on&#xD;
&#xD;
2019-09-24 18:35:58 - [TEST_STEP][PASSED] - delay(2): Delayed 2 second(s)&#xD;
&#xD;
2019-09-24 18:36:00 - [MESSAGE][PASSED] - Delayed 2 second(s)&#xD;
&#xD;
2019-09-24 18:36:00 - [TEST_STEP][PASSED] - selectOptionByLabel(findTestObject("Actpol_Scripts/Monthyear/Rightmonth"), "sep", false): All options with label 'sep' are selected in object 'Object Repository/Actpol_Scripts/Monthyear/Rightmonth' &#xD;
&#xD;
2019-09-24 18:36:01 - [MESSAGE][PASSED] - All options with label 'sep' are selected in object 'Object Repository/Actpol_Scripts/Monthyear/Rightmonth' &#xD;
&#xD;
2019-09-24 18:36:01 - [TEST_STEP][PASSED] - delay(1): Delayed 1 second(s)&#xD;
&#xD;
2019-09-24 18:36:02 - [MESSAGE][PASSED] - Delayed 1 second(s)&#xD;
&#xD;
2019-09-24 18:36:02 - [TEST_STEP][PASSED] - selectOptionByLabel(findTestObject("Actpol_Scripts/Monthyear/Rightyear"), "2019", false): All options with label '2019' are selected in object 'Object Repository/Actpol_Scripts/Monthyear/Rightyear' &#xD;
&#xD;
2019-09-24 18:36:02 - [MESSAGE][PASSED] - All options with label '2019' are selected in object 'Object Repository/Actpol_Scripts/Monthyear/Rightyear' &#xD;
&#xD;
2019-09-24 18:36:02 - [TEST_STEP][PASSED] - delay(1): Delayed 1 second(s)&#xD;
&#xD;
2019-09-24 18:36:03 - [MESSAGE][PASSED] - Delayed 1 second(s)&#xD;
&#xD;
2019-09-24 18:36:03 - [TEST_STEP][PASSED] - click(findTestObject("Actpol_Scripts/Date/16th right frame")): Object: 'Object Repository/Actpol_Scripts/Date/16th right frame' is clicked on&#xD;
&#xD;
2019-09-24 18:36:04 - [MESSAGE][PASSED] - Object: 'Object Repository/Actpol_Scripts/Date/16th right frame' is clicked on&#xD;
&#xD;
2019-09-24 18:36:04 - [TEST_STEP][PASSED] - delay(1): Delayed 1 second(s)&#xD;
&#xD;
2019-09-24 18:36:05 - [MESSAGE][PASSED] - Delayed 1 second(s)&#xD;
&#xD;
2019-09-24 18:36:05 - [TEST_STEP][PASSED] - setText(findTestObject("Actpol_Scripts/Opsporing/MBES18/3 INBEWARINGSTELLINGS_C.Q._PLAATSINGSGEGEVENS/Plaatsing sinds"), "01012019"): Text '01012019' is set on object 'Object Repository/Actpol_Scripts/Opsporing/MBES18/3 INBEWARINGSTELLINGS_C.Q._PLAATSINGSGEGEVENS/Plaatsing sinds'&#xD;
&#xD;
2019-09-24 18:36:05 - [MESSAGE][PASSED] - Text '01012019' is set on object 'Object Repository/Actpol_Scripts/Opsporing/MBES18/3 INBEWARINGSTELLINGS_C.Q._PLAATSINGSGEGEVENS/Plaatsing sinds'&#xD;
&#xD;
2019-09-24 18:36:05 - [TEST_STEP][PASSED] - comment("Checking dropdown"): Checking dropdown&#xD;
&#xD;
2019-09-24 18:36:05 - [MESSAGE][INFO] - Checking dropdown&#xD;
&#xD;
2019-09-24 18:36:05 - [TEST_STEP][PASSED] - delay(1): Delayed 1 second(s)&#xD;
&#xD;
2019-09-24 18:36:06 - [MESSAGE][PASSED] - Delayed 1 second(s)&#xD;
&#xD;
2019-09-24 18:36:06 - [TEST_STEP][PASSED] - setText(findTestObject("Actpol_Scripts/Opsporing/MBES18/3 INBEWARINGSTELLINGS_C.Q._PLAATSINGSGEGEVENS/Op grond van artikel WTU-BES"), "a"): Text 'a' is set on object 'Object Repository/Actpol_Scripts/Opsporing/MBES18/3 INBEWARINGSTELLINGS_C.Q._PLAATSINGSGEGEVENS/Op grond van artikel WTU-BES'&#xD;
&#xD;
2019-09-24 18:36:07 - [MESSAGE][PASSED] - Text 'a' is set on object 'Object Repository/Actpol_Scripts/Opsporing/MBES18/3 INBEWARINGSTELLINGS_C.Q._PLAATSINGSGEGEVENS/Op grond van artikel WTU-BES'&#xD;
&#xD;
2019-09-24 18:36:07 - [TEST_STEP][PASSED] - delay(2): Delayed 2 second(s)&#xD;
&#xD;
2019-09-24 18:36:09 - [MESSAGE][PASSED] - Delayed 2 second(s)&#xD;
&#xD;
2019-09-24 18:36:09 - [TEST_STEP][PASSED] - click(findTestObject("Actpol_Scripts/Opsporing/MBES18/3 INBEWARINGSTELLINGS_C.Q._PLAATSINGSGEGEVENS/Op grond van artikel WTU-BES lb")): Object: 'Object Repository/Actpol_Scripts/Opsporing/MBES18/3 INBEWARINGSTELLINGS_C.Q._PLAATSINGSGEGEVENS/Op grond van artikel WTU-BES lb' is clicked on&#xD;
&#xD;
2019-09-24 18:36:10 - [MESSAGE][PASSED] - Object: 'Object Repository/Actpol_Scripts/Opsporing/MBES18/3 INBEWARINGSTELLINGS_C.Q._PLAATSINGSGEGEVENS/Op grond van artikel WTU-BES lb' is clicked on&#xD;
&#xD;
2019-09-24 18:36:10 - [TEST_STEP][PASSED] - delay(2): Delayed 2 second(s)&#xD;
&#xD;
2019-09-24 18:36:12 - [MESSAGE][PASSED] - Delayed 2 second(s)&#xD;
&#xD;
2019-09-24 18:36:12 - [TEST_STEP][PASSED] - sendKeys(findTestObject("Actpol_Scripts/Opsporing/MBES18/3 INBEWARINGSTELLINGS_C.Q._PLAATSINGSGEGEVENS/Datum aan_staandehouding Datum grensweigering"), "02/09/2019"): Keys '02/09/2019' sent to object: 'Object Repository/Actpol_Scripts/Opsporing/MBES18/3 INBEWARINGSTELLINGS_C.Q._PLAATSINGSGEGEVENS/Datum aan_staandehouding Datum grensweigering'&#xD;
&#xD;
2019-09-24 18:36:12 - [MESSAGE][PASSED] - Keys '02/09/2019' sent to object: 'Object Repository/Actpol_Scripts/Opsporing/MBES18/3 INBEWARINGSTELLINGS_C.Q._PLAATSINGSGEGEVENS/Datum aan_staandehouding Datum grensweigering'&#xD;
&#xD;
2019-09-24 18:36:12 - [TEST_STEP][PASSED] - click(findTestObject("Actpol_Scripts/Opsporing/MBES18/3 INBEWARINGSTELLINGS_C.Q._PLAATSINGSGEGEVENS/staandehouding Datum grensweigering calender icon")): Object: 'Object Repository/Actpol_Scripts/Opsporing/MBES18/3 INBEWARINGSTELLINGS_C.Q._PLAATSINGSGEGEVENS/staandehouding Datum grensweigering calender icon' is clicked on&#xD;
&#xD;
2019-09-24 18:36:13 - [MESSAGE][PASSED] - Object: 'Object Repository/Actpol_Scripts/Opsporing/MBES18/3 INBEWARINGSTELLINGS_C.Q._PLAATSINGSGEGEVENS/staandehouding Datum grensweigering calender icon' is clicked on&#xD;
&#xD;
2019-09-24 18:36:13 - [TEST_STEP][PASSED] - delay(2): Delayed 2 second(s)&#xD;
&#xD;
2019-09-24 18:36:15 - [MESSAGE][PASSED] - Delayed 2 second(s)&#xD;
&#xD;
2019-09-24 18:36:15 - [TEST_STEP][PASSED] - selectOptionByLabel(findTestObject("Actpol_Scripts/Monthyear/Rightmonth"), "sep", false): All options with label 'sep' are selected in object 'Object Repository/Actpol_Scripts/Monthyear/Rightmonth' &#xD;
&#xD;
2019-09-24 18:36:15 - [MESSAGE][PASSED] - All options with label 'sep' are selected in object 'Object Repository/Actpol_Scripts/Monthyear/Rightmonth' &#xD;
&#xD;
2019-09-24 18:36:15 - [TEST_STEP][PASSED] - delay(1): Delayed 1 second(s)&#xD;
&#xD;
2019-09-24 18:36:16 - [MESSAGE][PASSED] - Delayed 1 second(s)&#xD;
&#xD;
2019-09-24 18:36:16 - [TEST_STEP][PASSED] - selectOptionByLabel(findTestObject("Actpol_Scripts/Monthyear/Rightyear"), "2019", false): All options with label '2019' are selected in object 'Object Repository/Actpol_Scripts/Monthyear/Rightyear' &#xD;
&#xD;
2019-09-24 18:36:17 - [MESSAGE][PASSED] - All options with label '2019' are selected in object 'Object Repository/Actpol_Scripts/Monthyear/Rightyear' &#xD;
&#xD;
2019-09-24 18:36:17 - [TEST_STEP][PASSED] - delay(1): Delayed 1 second(s)&#xD;
&#xD;
2019-09-24 18:36:18 - [MESSAGE][PASSED] - Delayed 1 second(s)&#xD;
&#xD;
2019-09-24 18:36:18 - [TEST_STEP][PASSED] - click(findTestObject("Actpol_Scripts/Date/16th right frame")): Object: 'Object Repository/Actpol_Scripts/Date/16th right frame' is clicked on&#xD;
&#xD;
2019-09-24 18:36:18 - [MESSAGE][PASSED] - Object: 'Object Repository/Actpol_Scripts/Date/16th right frame' is clicked on&#xD;
&#xD;
2019-09-24 18:36:18 - [TEST_STEP][PASSED] - delay(1): Delayed 1 second(s)&#xD;
&#xD;
2019-09-24 18:36:19 - [MESSAGE][PASSED] - Delayed 1 second(s)&#xD;
&#xD;
2019-09-24 18:36:19 - [TEST_STEP][PASSED] - setText(findTestObject("Actpol_Scripts/Opsporing/MBES18/3 INBEWARINGSTELLINGS_C.Q._PLAATSINGSGEGEVENS/Reden aan_staandehouding Reden grensweigering"), "testing :: Reden aan_staandehouding Reden grensweigering"): Text 'testing :: Reden aan_staandehouding Reden grensweigering' is set on object 'Object Repository/Actpol_Scripts/Opsporing/MBES18/3 INBEWARINGSTELLINGS_C.Q._PLAATSINGSGEGEVENS/Reden aan_staandehouding Reden grensweigering'&#xD;
&#xD;
2019-09-24 18:36:22 - [MESSAGE][PASSED] - Text 'testing :: Reden aan_staandehouding Reden grensweigering' is set on object 'Object Repository/Actpol_Scripts/Opsporing/MBES18/3 INBEWARINGSTELLINGS_C.Q._PLAATSINGSGEGEVENS/Reden aan_staandehouding Reden grensweigering'&#xD;
&#xD;
2019-09-24 18:36:22 - [TEST_STEP][PASSED] - delay(1): Delayed 1 second(s)&#xD;
&#xD;
2019-09-24 18:36:23 - [MESSAGE][PASSED] - Delayed 1 second(s)&#xD;
&#xD;
2019-09-24 18:36:23 - [TEST_STEP][PASSED] - setText(findTestObject("Actpol_Scripts/Opsporing/MBES18/3 INBEWARINGSTELLINGS_C.Q._PLAATSINGSGEGEVENS/Inbewaringstellings-locatie"), "a"): Text 'a' is set on object 'Object Repository/Actpol_Scripts/Opsporing/MBES18/3 INBEWARINGSTELLINGS_C.Q._PLAATSINGSGEGEVENS/Inbewaringstellings-locatie'&#xD;
&#xD;
2019-09-24 18:36:24 - [MESSAGE][PASSED] - Text 'a' is set on object 'Object Repository/Actpol_Scripts/Opsporing/MBES18/3 INBEWARINGSTELLINGS_C.Q._PLAATSINGSGEGEVENS/Inbewaringstellings-locatie'&#xD;
&#xD;
2019-09-24 18:36:24 - [TEST_STEP][PASSED] - delay(2): Delayed 2 second(s)&#xD;
&#xD;
2019-09-24 18:36:26 - [MESSAGE][PASSED] - Delayed 2 second(s)&#xD;
&#xD;
2019-09-24 18:36:26 - [TEST_STEP][PASSED] - click(findTestObject("Actpol_Scripts/Opsporing/MBES18/3 INBEWARINGSTELLINGS_C.Q._PLAATSINGSGEGEVENS/Inbewaringstellings-locatie lb")): Object: 'Object Repository/Actpol_Scripts/Opsporing/MBES18/3 INBEWARINGSTELLINGS_C.Q._PLAATSINGSGEGEVENS/Inbewaringstellings-locatie lb' is clicked on&#xD;
&#xD;
2019-09-24 18:36:27 - [MESSAGE][PASSED] - Object: 'Object Repository/Actpol_Scripts/Opsporing/MBES18/3 INBEWARINGSTELLINGS_C.Q._PLAATSINGSGEGEVENS/Inbewaringstellings-locatie lb' is clicked on&#xD;
&#xD;
2019-09-24 18:36:27 - [TEST_STEP][PASSED] - delay(2): Delayed 2 second(s)&#xD;
&#xD;
2019-09-24 18:36:29 - [MESSAGE][PASSED] - Delayed 2 second(s)&#xD;
&#xD;
2019-09-24 18:36:29 - [TEST_STEP][PASSED] - setText(findTestObject("Actpol_Scripts/Opsporing/MBES18/3 INBEWARINGSTELLINGS_C.Q._PLAATSINGSGEGEVENS/Naam advocaat"), "testing :: Naam advocaat"): Text 'testing :: Naam advocaat' is set on object 'Object Repository/Actpol_Scripts/Opsporing/MBES18/3 INBEWARINGSTELLINGS_C.Q._PLAATSINGSGEGEVENS/Naam advocaat'&#xD;
&#xD;
2019-09-24 18:36:30 - [MESSAGE][PASSED] - Text 'testing :: Naam advocaat' is set on object 'Object Repository/Actpol_Scripts/Opsporing/MBES18/3 INBEWARINGSTELLINGS_C.Q._PLAATSINGSGEGEVENS/Naam advocaat'&#xD;
&#xD;
2019-09-24 18:36:30 - [TEST_STEP][PASSED] - delay(1): Delayed 1 second(s)&#xD;
&#xD;
2019-09-24 18:36:31 - [MESSAGE][PASSED] - Delayed 1 second(s)&#xD;
&#xD;
2019-09-24 18:36:31 - [TEST_STEP][PASSED] - setText(findTestObject("Actpol_Scripts/Opsporing/MBES18/3 INBEWARINGSTELLINGS_C.Q._PLAATSINGSGEGEVENS/advocaat telefoonnummer"), "985213647"): Text '985213647' is set on object 'Object Repository/Actpol_Scripts/Opsporing/MBES18/3 INBEWARINGSTELLINGS_C.Q._PLAATSINGSGEGEVENS/advocaat telefoonnummer'&#xD;
&#xD;
2019-09-24 18:36:32 - [MESSAGE][PASSED] - Text '985213647' is set on object 'Object Repository/Actpol_Scripts/Opsporing/MBES18/3 INBEWARINGSTELLINGS_C.Q._PLAATSINGSGEGEVENS/advocaat telefoonnummer'&#xD;
&#xD;
2019-09-24 18:36:32 - [TEST_STEP][PASSED] - delay(1): Delayed 1 second(s)&#xD;
&#xD;
2019-09-24 18:36:33 - [MESSAGE][PASSED] - Delayed 1 second(s)&#xD;
&#xD;
2019-09-24 18:36:33 - [TEST_STEP][PASSED] - setText(findTestObject("Actpol_Scripts/Opsporing/MBES18/3 INBEWARINGSTELLINGS_C.Q._PLAATSINGSGEGEVENS/Naam ambtenaar KPCN _KmarCarib"), "testing :: Naam ambtenaar KPCN /KmarCarib"): Text 'testing :: Naam ambtenaar KPCN /KmarCarib' is set on object 'Object Repository/Actpol_Scripts/Opsporing/MBES18/3 INBEWARINGSTELLINGS_C.Q._PLAATSINGSGEGEVENS/Naam ambtenaar KPCN _KmarCarib'&#xD;
&#xD;
2019-09-24 18:36:35 - [MESSAGE][PASSED] - Text 'testing :: Naam ambtenaar KPCN /KmarCarib' is set on object 'Object Repository/Actpol_Scripts/Opsporing/MBES18/3 INBEWARINGSTELLINGS_C.Q._PLAATSINGSGEGEVENS/Naam ambtenaar KPCN _KmarCarib'&#xD;
&#xD;
2019-09-24 18:36:35 - [TEST_STEP][PASSED] - delay(1): Delayed 1 second(s)&#xD;
&#xD;
2019-09-24 18:36:36 - [MESSAGE][PASSED] - Delayed 1 second(s)&#xD;
&#xD;
2019-09-24 18:36:36 - [TEST_STEP][PASSED] - setText(findTestObject("Actpol_Scripts/Opsporing/MBES18/3 INBEWARINGSTELLINGS_C.Q._PLAATSINGSGEGEVENS/Bekend bij IND-CN in het kader van"), "testing :: Bekend bij IND-CN in het kader van toelating/bescherming"): Text 'testing :: Bekend bij IND-CN in het kader van toelating/bescherming' is set on object 'Object Repository/Actpol_Scripts/Opsporing/MBES18/3 INBEWARINGSTELLINGS_C.Q._PLAATSINGSGEGEVENS/Bekend bij IND-CN in het kader van'&#xD;
&#xD;
2019-09-24 18:36:38 - [MESSAGE][PASSED] - Text 'testing :: Bekend bij IND-CN in het kader van toelating/bescherming' is set on object 'Object Repository/Actpol_Scripts/Opsporing/MBES18/3 INBEWARINGSTELLINGS_C.Q._PLAATSINGSGEGEVENS/Bekend bij IND-CN in het kader van'&#xD;
&#xD;
2019-09-24 18:36:38 - [TEST_STEP][PASSED] - delay(2): Delayed 2 second(s)&#xD;
&#xD;
2019-09-24 18:36:40 - [MESSAGE][PASSED] - Delayed 2 second(s)&#xD;
&#xD;
2019-09-24 18:36:40 - [TEST_STEP][PASSED] - sendKeys(findTestObject("Actpol_Scripts/Opsporing/MBES18/3 INBEWARINGSTELLINGS_C.Q._PLAATSINGSGEGEVENS/Datum beeindiging rechtmatig verblijf"), "02/09/2019"): Keys '02/09/2019' sent to object: 'Object Repository/Actpol_Scripts/Opsporing/MBES18/3 INBEWARINGSTELLINGS_C.Q._PLAATSINGSGEGEVENS/Datum beeindiging rechtmatig verblijf'&#xD;
&#xD;
2019-09-24 18:36:41 - [MESSAGE][PASSED] - Keys '02/09/2019' sent to object: 'Object Repository/Actpol_Scripts/Opsporing/MBES18/3 INBEWARINGSTELLINGS_C.Q._PLAATSINGSGEGEVENS/Datum beeindiging rechtmatig verblijf'&#xD;
&#xD;
2019-09-24 18:36:41 - [TEST_STEP][PASSED] - click(findTestObject("Actpol_Scripts/Opsporing/MBES18/3 INBEWARINGSTELLINGS_C.Q._PLAATSINGSGEGEVENS/Datum beeindiging rechtmatig verblijf calendar icon")): Object: 'Object Repository/Actpol_Scripts/Opsporing/MBES18/3 INBEWARINGSTELLINGS_C.Q._PLAATSINGSGEGEVENS/Datum beeindiging rechtmatig verblijf calendar icon' is clicked on&#xD;
&#xD;
2019-09-24 18:36:41 - [MESSAGE][PASSED] - Object: 'Object Repository/Actpol_Scripts/Opsporing/MBES18/3 INBEWARINGSTELLINGS_C.Q._PLAATSINGSGEGEVENS/Datum beeindiging rechtmatig verblijf calendar icon' is clicked on&#xD;
&#xD;
2019-09-24 18:36:41 - [TEST_STEP][PASSED] - delay(2): Delayed 2 second(s)&#xD;
&#xD;
2019-09-24 18:36:43 - [MESSAGE][PASSED] - Delayed 2 second(s)&#xD;
&#xD;
2019-09-24 18:36:43 - [TEST_STEP][PASSED] - selectOptionByLabel(findTestObject("Actpol_Scripts/Monthyear/Rightmonth"), "sep", false): All options with label 'sep' are selected in object 'Object Repository/Actpol_Scripts/Monthyear/Rightmonth' &#xD;
&#xD;
2019-09-24 18:36:44 - [MESSAGE][PASSED] - All options with label 'sep' are selected in object 'Object Repository/Actpol_Scripts/Monthyear/Rightmonth' &#xD;
&#xD;
2019-09-24 18:36:44 - [TEST_STEP][PASSED] - delay(1): Delayed 1 second(s)&#xD;
&#xD;
2019-09-24 18:36:45 - [MESSAGE][PASSED] - Delayed 1 second(s)&#xD;
&#xD;
2019-09-24 18:36:45 - [TEST_STEP][PASSED] - selectOptionByLabel(findTestObject("Actpol_Scripts/Monthyear/Rightyear"), "2019", false): All options with label '2019' are selected in object 'Object Repository/Actpol_Scripts/Monthyear/Rightyear' &#xD;
&#xD;
2019-09-24 18:36:45 - [MESSAGE][PASSED] - All options with label '2019' are selected in object 'Object Repository/Actpol_Scripts/Monthyear/Rightyear' &#xD;
&#xD;
2019-09-24 18:36:45 - [TEST_STEP][PASSED] - delay(1): Delayed 1 second(s)&#xD;
&#xD;
2019-09-24 18:36:46 - [MESSAGE][PASSED] - Delayed 1 second(s)&#xD;
&#xD;
2019-09-24 18:36:46 - [TEST_STEP][PASSED] - click(findTestObject("Actpol_Scripts/Date/16th right frame")): Object: 'Object Repository/Actpol_Scripts/Date/16th right frame' is clicked on&#xD;
&#xD;
2019-09-24 18:36:47 - [MESSAGE][PASSED] - Object: 'Object Repository/Actpol_Scripts/Date/16th right frame' is clicked on&#xD;
&#xD;
2019-09-24 18:36:47 - [TEST_STEP][PASSED] - delay(2): Delayed 2 second(s)&#xD;
&#xD;
2019-09-24 18:36:49 - [MESSAGE][PASSED] - Delayed 2 second(s)&#xD;
&#xD;
2019-09-24 18:36:49 - [TEST_STEP][PASSED] - scrollToPosition(10, 7): Browser is scrolled to position x = 10, y = 7&#xD;
&#xD;
2019-09-24 18:36:49 - [MESSAGE][PASSED] - Browser is scrolled to position x = 10, y = 7&#xD;
&#xD;
2019-09-24 18:36:49 - [TEST_STEP][PASSED] - click(findTestObject("Actpol_Scripts/Opsporing/MBES18/3 INBEWARINGSTELLINGS_C.Q._PLAATSINGSGEGEVENS/INBEWARINGSTELLINGS C.Q. PLAATSINGSGEGEVENS tab")): Object: 'Object Repository/Actpol_Scripts/Opsporing/MBES18/3 INBEWARINGSTELLINGS_C.Q._PLAATSINGSGEGEVENS/INBEWARINGSTELLINGS C.Q. PLAATSINGSGEGEVENS tab' is clicked on&#xD;
&#xD;
2019-09-24 18:36:50 - [MESSAGE][PASSED] - Object: 'Object Repository/Actpol_Scripts/Opsporing/MBES18/3 INBEWARINGSTELLINGS_C.Q._PLAATSINGSGEGEVENS/INBEWARINGSTELLINGS C.Q. PLAATSINGSGEGEVENS tab' is clicked on&#xD;
&#xD;
2019-09-24 18:36:50 - [TEST_STEP][PASSED] - delay(1): Delayed 1 second(s)&#xD;
&#xD;
2019-09-24 18:36:51 - [MESSAGE][PASSED] - Delayed 1 second(s)&#xD;
&#xD;
2019-09-24 18:36:51 - [TEST_STEP][PASSED] - click(findTestObject("Actpol_Scripts/Opsporing/MBES18/4 GEDRAG_MEDISCH/GEDRAG MEDISCH tab"), OPTIONAL): Object: 'Object Repository/Actpol_Scripts/Opsporing/MBES18/4 GEDRAG_MEDISCH/GEDRAG MEDISCH tab' is clicked on&#xD;
&#xD;
2019-09-24 18:36:51 - [MESSAGE][PASSED] - Object: 'Object Repository/Actpol_Scripts/Opsporing/MBES18/4 GEDRAG_MEDISCH/GEDRAG MEDISCH tab' is clicked on&#xD;
&#xD;
2019-09-24 18:36:51 - [TEST_STEP][PASSED] - delay(2): Delayed 2 second(s)&#xD;
&#xD;
2019-09-24 18:36:53 - [MESSAGE][PASSED] - Delayed 2 second(s)&#xD;
&#xD;
2019-09-24 18:36:53 - [TEST_STEP][PASSED] - comment("Checking jaa validation"): Checking jaa validation&#xD;
&#xD;
2019-09-24 18:36:53 - [MESSAGE][INFO] - Checking jaa validation&#xD;
&#xD;
2019-09-24 18:36:53 - [TEST_STEP][PASSED] - for ([i = 1, i &lt;= 19, (i++)]): Object: 'Object Repository/Actpol_Scripts/Opsporing/MBES18/test' is clicked on&#xD;
&#xD;
2019-09-24 18:36:53 - [TEST_STEP][PASSED] - AssistentiedynamicId = i: null&#xD;
&#xD;
2019-09-24 18:36:53 - [TEST_STEP][PASSED] - Assistentiexpath = "//*[@id="MiddelenAUform"]/table/tbody/tr[" + AssistentiedynamicId + "]/td[2]/input[1]": null&#xD;
&#xD;
2019-09-24 18:36:53 - [TEST_STEP][PASSED] - println(Assistentiexpath): null&#xD;
&#xD;
2019-09-24 18:36:53 - [TEST_STEP][PASSED] - to = findTestObject("Actpol_Scripts/Opsporing/MBES18/test"): null&#xD;
&#xD;
2019-09-24 18:36:54 - [TEST_STEP][PASSED] - to.addProperty("xpath", EQUALS, Assistentiexpath): null&#xD;
&#xD;
2019-09-24 18:36:54 - [TEST_STEP][PASSED] - value1 = getAttribute(to, "value"): Attribute 'value' of object 'Object Repository/Actpol_Scripts/Opsporing/MBES18/test' is: 'J'&#xD;
&#xD;
2019-09-24 18:36:54 - [MESSAGE][PASSED] - Attribute 'value' of object 'Object Repository/Actpol_Scripts/Opsporing/MBES18/test' is: 'J'&#xD;
&#xD;
2019-09-24 18:36:54 - [TEST_STEP][PASSED] - println(value1): null&#xD;
&#xD;
2019-09-24 18:36:54 - [TEST_STEP][PASSED] - value2 = "J": null&#xD;
&#xD;
2019-09-24 18:36:54 - [TEST_STEP][PASSED] - if (value1 == value2): Object: 'Object Repository/Actpol_Scripts/Opsporing/MBES18/test' is clicked on&#xD;
&#xD;
2019-09-24 18:36:54 - [TEST_STEP][PASSED] - click(to): Object: 'Object Repository/Actpol_Scripts/Opsporing/MBES18/test' is clicked on&#xD;
&#xD;
2019-09-24 18:36:54 - [MESSAGE][PASSED] - Object: 'Object Repository/Actpol_Scripts/Opsporing/MBES18/test' is clicked on&#xD;
&#xD;
2019-09-24 18:36:54 - [TEST_STEP][PASSED] - AssistentiedynamicId = i: null&#xD;
&#xD;
2019-09-24 18:36:54 - [TEST_STEP][PASSED] - Assistentiexpath = "//*[@id="MiddelenAUform"]/table/tbody/tr[" + AssistentiedynamicId + "]/td[2]/input[1]": null&#xD;
&#xD;
2019-09-24 18:36:54 - [TEST_STEP][PASSED] - println(Assistentiexpath): null&#xD;
&#xD;
2019-09-24 18:36:54 - [TEST_STEP][PASSED] - to = findTestObject("Actpol_Scripts/Opsporing/MBES18/test"): null&#xD;
&#xD;
2019-09-24 18:36:54 - [TEST_STEP][PASSED] - to.addProperty("xpath", EQUALS, Assistentiexpath): null&#xD;
&#xD;
2019-09-24 18:36:54 - [TEST_STEP][PASSED] - value1 = getAttribute(to, "value"): Attribute 'value' of object 'Object Repository/Actpol_Scripts/Opsporing/MBES18/test' is: 'J'&#xD;
&#xD;
2019-09-24 18:36:55 - [MESSAGE][PASSED] - Attribute 'value' of object 'Object Repository/Actpol_Scripts/Opsporing/MBES18/test' is: 'J'&#xD;
&#xD;
2019-09-24 18:36:55 - [TEST_STEP][PASSED] - println(value1): null&#xD;
&#xD;
2019-09-24 18:36:55 - [TEST_STEP][PASSED] - value2 = "J": null&#xD;
&#xD;
2019-09-24 18:36:55 - [TEST_STEP][PASSED] - if (value1 == value2): Object: 'Object Repository/Actpol_Scripts/Opsporing/MBES18/test' is clicked on&#xD;
&#xD;
2019-09-24 18:36:55 - [TEST_STEP][PASSED] - click(to): Object: 'Object Repository/Actpol_Scripts/Opsporing/MBES18/test' is clicked on&#xD;
&#xD;
2019-09-24 18:36:55 - [MESSAGE][PASSED] - Object: 'Object Repository/Actpol_Scripts/Opsporing/MBES18/test' is clicked on&#xD;
&#xD;
2019-09-24 18:36:55 - [TEST_STEP][PASSED] - AssistentiedynamicId = i: null&#xD;
&#xD;
2019-09-24 18:36:55 - [TEST_STEP][PASSED] - Assistentiexpath = "//*[@id="MiddelenAUform"]/table/tbody/tr[" + AssistentiedynamicId + "]/td[2]/input[1]": null&#xD;
&#xD;
2019-09-24 18:36:55 - [TEST_STEP][PASSED] - println(Assistentiexpath): null&#xD;
&#xD;
2019-09-24 18:36:55 - [TEST_STEP][PASSED] - to = findTestObject("Actpol_Scripts/Opsporing/MBES18/test"): null&#xD;
&#xD;
2019-09-24 18:36:55 - [TEST_STEP][PASSED] - to.addProperty("xpath", EQUALS, Assistentiexpath): null&#xD;
&#xD;
2019-09-24 18:36:55 - [TEST_STEP][PASSED] - value1 = getAttribute(to, "value"): Attribute 'value' of object 'Object Repository/Actpol_Scripts/Opsporing/MBES18/test' is: 'J'&#xD;
&#xD;
2019-09-24 18:36:55 - [MESSAGE][PASSED] - Attribute 'value' of object 'Object Repository/Actpol_Scripts/Opsporing/MBES18/test' is: 'J'&#xD;
&#xD;
2019-09-24 18:36:55 - [TEST_STEP][PASSED] - println(value1): null&#xD;
&#xD;
2019-09-24 18:36:55 - [TEST_STEP][PASSED] - value2 = "J": null&#xD;
&#xD;
2019-09-24 18:36:55 - [TEST_STEP][PASSED] - if (value1 == value2): Object: 'Object Repository/Actpol_Scripts/Opsporing/MBES18/test' is clicked on&#xD;
&#xD;
2019-09-24 18:36:55 - [TEST_STEP][PASSED] - click(to): Object: 'Object Repository/Actpol_Scripts/Opsporing/MBES18/test' is clicked on&#xD;
&#xD;
2019-09-24 18:36:56 - [MESSAGE][PASSED] - Object: 'Object Repository/Actpol_Scripts/Opsporing/MBES18/test' is clicked on&#xD;
&#xD;
2019-09-24 18:36:56 - [TEST_STEP][PASSED] - AssistentiedynamicId = i: null&#xD;
&#xD;
2019-09-24 18:36:56 - [TEST_STEP][PASSED] - Assistentiexpath = "//*[@id="MiddelenAUform"]/table/tbody/tr[" + AssistentiedynamicId + "]/td[2]/input[1]": null&#xD;
&#xD;
2019-09-24 18:36:56 - [TEST_STEP][PASSED] - println(Assistentiexpath): null&#xD;
&#xD;
2019-09-24 18:36:56 - [TEST_STEP][PASSED] - to = findTestObject("Actpol_Scripts/Opsporing/MBES18/test"): null&#xD;
&#xD;
2019-09-24 18:36:56 - [TEST_STEP][PASSED] - to.addProperty("xpath", EQUALS, Assistentiexpath): null&#xD;
&#xD;
2019-09-24 18:36:56 - [TEST_STEP][PASSED] - value1 = getAttribute(to, "value"): Attribute 'value' of object 'Object Repository/Actpol_Scripts/Opsporing/MBES18/test' is: 'J'&#xD;
&#xD;
2019-09-24 18:36:56 - [MESSAGE][PASSED] - Attribute 'value' of object 'Object Repository/Actpol_Scripts/Opsporing/MBES18/test' is: 'J'&#xD;
&#xD;
2019-09-24 18:36:56 - [TEST_STEP][PASSED] - println(value1): null&#xD;
&#xD;
2019-09-24 18:36:56 - [TEST_STEP][PASSED] - value2 = "J": null&#xD;
&#xD;
2019-09-24 18:36:56 - [TEST_STEP][PASSED] - if (value1 == value2): Object: 'Object Repository/Actpol_Scripts/Opsporing/MBES18/test' is clicked on&#xD;
&#xD;
2019-09-24 18:36:56 - [TEST_STEP][PASSED] - click(to): Object: 'Object Repository/Actpol_Scripts/Opsporing/MBES18/test' is clicked on&#xD;
&#xD;
2019-09-24 18:36:57 - [MESSAGE][PASSED] - Object: 'Object Repository/Actpol_Scripts/Opsporing/MBES18/test' is clicked on&#xD;
&#xD;
2019-09-24 18:36:57 - [TEST_STEP][PASSED] - AssistentiedynamicId = i: null&#xD;
&#xD;
2019-09-24 18:36:57 - [TEST_STEP][PASSED] - Assistentiexpath = "//*[@id="MiddelenAUform"]/table/tbody/tr[" + AssistentiedynamicId + "]/td[2]/input[1]": null&#xD;
&#xD;
2019-09-24 18:36:57 - [TEST_STEP][PASSED] - println(Assistentiexpath): null&#xD;
&#xD;
2019-09-24 18:36:57 - [TEST_STEP][PASSED] - to = findTestObject("Actpol_Scripts/Opsporing/MBES18/test"): null&#xD;
&#xD;
2019-09-24 18:36:57 - [TEST_STEP][PASSED] - to.addProperty("xpath", EQUALS, Assistentiexpath): null&#xD;
&#xD;
2019-09-24 18:36:57 - [TEST_STEP][PASSED] - value1 = getAttribute(to, "value"): Attribute 'value' of object 'Object Repository/Actpol_Scripts/Opsporing/MBES18/test' is: 'J'&#xD;
&#xD;
2019-09-24 18:36:57 - [MESSAGE][PASSED] - Attribute 'value' of object 'Object Repository/Actpol_Scripts/Opsporing/MBES18/test' is: 'J'&#xD;
&#xD;
2019-09-24 18:36:57 - [TEST_STEP][PASSED] - println(value1): null&#xD;
&#xD;
2019-09-24 18:36:57 - [TEST_STEP][PASSED] - value2 = "J": null&#xD;
&#xD;
2019-09-24 18:36:57 - [TEST_STEP][PASSED] - if (value1 == value2): Object: 'Object Repository/Actpol_Scripts/Opsporing/MBES18/test' is clicked on&#xD;
&#xD;
2019-09-24 18:36:57 - [TEST_STEP][PASSED] - click(to): Object: 'Object Repository/Actpol_Scripts/Opsporing/MBES18/test' is clicked on&#xD;
&#xD;
2019-09-24 18:36:57 - [MESSAGE][PASSED] - Object: 'Object Repository/Actpol_Scripts/Opsporing/MBES18/test' is clicked on&#xD;
&#xD;
2019-09-24 18:36:57 - [TEST_STEP][PASSED] - AssistentiedynamicId = i: null&#xD;
&#xD;
2019-09-24 18:36:57 - [TEST_STEP][PASSED] - Assistentiexpath = "//*[@id="MiddelenAUform"]/table/tbody/tr[" + AssistentiedynamicId + "]/td[2]/input[1]": null&#xD;
&#xD;
2019-09-24 18:36:57 - [TEST_STEP][PASSED] - println(Assistentiexpath): null&#xD;
&#xD;
2019-09-24 18:36:57 - [TEST_STEP][PASSED] - to = findTestObject("Actpol_Scripts/Opsporing/MBES18/test"): null&#xD;
&#xD;
2019-09-24 18:36:58 - [TEST_STEP][PASSED] - to.addProperty("xpath", EQUALS, Assistentiexpath): null&#xD;
&#xD;
2019-09-24 18:36:58 - [TEST_STEP][PASSED] - value1 = getAttribute(to, "value"): Attribute 'value' of object 'Object Repository/Actpol_Scripts/Opsporing/MBES18/test' is: 'J'&#xD;
&#xD;
2019-09-24 18:36:58 - [MESSAGE][PASSED] - Attribute 'value' of object 'Object Repository/Actpol_Scripts/Opsporing/MBES18/test' is: 'J'&#xD;
&#xD;
2019-09-24 18:36:58 - [TEST_STEP][PASSED] - println(value1): null&#xD;
&#xD;
2019-09-24 18:36:58 - [TEST_STEP][PASSED] - value2 = "J": null&#xD;
&#xD;
2019-09-24 18:36:58 - [TEST_STEP][PASSED] - if (value1 == value2): Object: 'Object Repository/Actpol_Scripts/Opsporing/MBES18/test' is clicked on&#xD;
&#xD;
2019-09-24 18:36:58 - [TEST_STEP][PASSED] - click(to): Object: 'Object Repository/Actpol_Scripts/Opsporing/MBES18/test' is clicked on&#xD;
&#xD;
2019-09-24 18:36:58 - [MESSAGE][PASSED] - Object: 'Object Repository/Actpol_Scripts/Opsporing/MBES18/test' is clicked on&#xD;
&#xD;
2019-09-24 18:36:58 - [TEST_STEP][PASSED] - AssistentiedynamicId = i: null&#xD;
&#xD;
2019-09-24 18:36:58 - [TEST_STEP][PASSED] - Assistentiexpath = "//*[@id="MiddelenAUform"]/table/tbody/tr[" + AssistentiedynamicId + "]/td[2]/input[1]": null&#xD;
&#xD;
2019-09-24 18:36:58 - [TEST_STEP][PASSED] - println(Assistentiexpath): null&#xD;
&#xD;
2019-09-24 18:36:58 - [TEST_STEP][PASSED] - to = findTestObject("Actpol_Scripts/Opsporing/MBES18/test"): null&#xD;
&#xD;
2019-09-24 18:36:58 - [TEST_STEP][PASSED] - to.addProperty("xpath", EQUALS, Assistentiexpath): null&#xD;
&#xD;
2019-09-24 18:36:58 - [TEST_STEP][PASSED] - value1 = getAttribute(to, "value"): Attribute 'value' of object 'Object Repository/Actpol_Scripts/Opsporing/MBES18/test' is: 'J'&#xD;
&#xD;
2019-09-24 18:36:58 - [MESSAGE][PASSED] - Attribute 'value' of object 'Object Repository/Actpol_Scripts/Opsporing/MBES18/test' is: 'J'&#xD;
&#xD;
2019-09-24 18:36:58 - [TEST_STEP][PASSED] - println(value1): null&#xD;
&#xD;
2019-09-24 18:36:58 - [TEST_STEP][PASSED] - value2 = "J": null&#xD;
&#xD;
2019-09-24 18:36:58 - [TEST_STEP][PASSED] - if (value1 == value2): Object: 'Object Repository/Actpol_Scripts/Opsporing/MBES18/test' is clicked on&#xD;
&#xD;
2019-09-24 18:36:58 - [TEST_STEP][PASSED] - click(to): Object: 'Object Repository/Actpol_Scripts/Opsporing/MBES18/test' is clicked on&#xD;
&#xD;
2019-09-24 18:36:59 - [MESSAGE][PASSED] - Object: 'Object Repository/Actpol_Scripts/Opsporing/MBES18/test' is clicked on&#xD;
&#xD;
2019-09-24 18:36:59 - [TEST_STEP][PASSED] - AssistentiedynamicId = i: null&#xD;
&#xD;
2019-09-24 18:36:59 - [TEST_STEP][PASSED] - Assistentiexpath = "//*[@id="MiddelenAUform"]/table/tbody/tr[" + AssistentiedynamicId + "]/td[2]/input[1]": null&#xD;
&#xD;
2019-09-24 18:36:59 - [TEST_STEP][PASSED] - println(Assistentiexpath): null&#xD;
&#xD;
2019-09-24 18:36:59 - [TEST_STEP][PASSED] - to = findTestObject("Actpol_Scripts/Opsporing/MBES18/test"): null&#xD;
&#xD;
2019-09-24 18:36:59 - [TEST_STEP][PASSED] - to.addProperty("xpath", EQUALS, Assistentiexpath): null&#xD;
&#xD;
2019-09-24 18:36:59 - [TEST_STEP][PASSED] - value1 = getAttribute(to, "value"): Attribute 'value' of object 'Object Repository/Actpol_Scripts/Opsporing/MBES18/test' is: 'J'&#xD;
&#xD;
2019-09-24 18:36:59 - [MESSAGE][PASSED] - Attribute 'value' of object 'Object Repository/Actpol_Scripts/Opsporing/MBES18/test' is: 'J'&#xD;
&#xD;
2019-09-24 18:36:59 - [TEST_STEP][PASSED] - println(value1): null&#xD;
&#xD;
2019-09-24 18:36:59 - [TEST_STEP][PASSED] - value2 = "J": null&#xD;
&#xD;
2019-09-24 18:36:59 - [TEST_STEP][PASSED] - if (value1 == value2): Object: 'Object Repository/Actpol_Scripts/Opsporing/MBES18/test' is clicked on&#xD;
&#xD;
2019-09-24 18:36:59 - [TEST_STEP][PASSED] - click(to): Object: 'Object Repository/Actpol_Scripts/Opsporing/MBES18/test' is clicked on&#xD;
&#xD;
2019-09-24 18:37:00 - [MESSAGE][PASSED] - Object: 'Object Repository/Actpol_Scripts/Opsporing/MBES18/test' is clicked on&#xD;
&#xD;
2019-09-24 18:37:00 - [TEST_STEP][PASSED] - AssistentiedynamicId = i: null&#xD;
&#xD;
2019-09-24 18:37:00 - [TEST_STEP][PASSED] - Assistentiexpath = "//*[@id="MiddelenAUform"]/table/tbody/tr[" + AssistentiedynamicId + "]/td[2]/input[1]": null&#xD;
&#xD;
2019-09-24 18:37:00 - [TEST_STEP][PASSED] - println(Assistentiexpath): null&#xD;
&#xD;
2019-09-24 18:37:00 - [TEST_STEP][PASSED] - to = findTestObject("Actpol_Scripts/Opsporing/MBES18/test"): null&#xD;
&#xD;
2019-09-24 18:37:00 - [TEST_STEP][PASSED] - to.addProperty("xpath", EQUALS, Assistentiexpath): null&#xD;
&#xD;
2019-09-24 18:37:00 - [TEST_STEP][PASSED] - value1 = getAttribute(to, "value"): Attribute 'value' of object 'Object Repository/Actpol_Scripts/Opsporing/MBES18/test' is: 'J'&#xD;
&#xD;
2019-09-24 18:37:00 - [MESSAGE][PASSED] - Attribute 'value' of object 'Object Repository/Actpol_Scripts/Opsporing/MBES18/test' is: 'J'&#xD;
&#xD;
2019-09-24 18:37:00 - [TEST_STEP][PASSED] - println(value1): null&#xD;
&#xD;
2019-09-24 18:37:00 - [TEST_STEP][PASSED] - value2 = "J": null&#xD;
&#xD;
2019-09-24 18:37:00 - [TEST_STEP][PASSED] - if (value1 == value2): Object: 'Object Repository/Actpol_Scripts/Opsporing/MBES18/test' is clicked on&#xD;
&#xD;
2019-09-24 18:37:00 - [TEST_STEP][PASSED] - click(to): Object: 'Object Repository/Actpol_Scripts/Opsporing/MBES18/test' is clicked on&#xD;
&#xD;
2019-09-24 18:37:00 - [MESSAGE][PASSED] - Object: 'Object Repository/Actpol_Scripts/Opsporing/MBES18/test' is clicked on&#xD;
&#xD;
2019-09-24 18:37:00 - [TEST_STEP][PASSED] - AssistentiedynamicId = i: null&#xD;
&#xD;
2019-09-24 18:37:00 - [TEST_STEP][PASSED] - Assistentiexpath = "//*[@id="MiddelenAUform"]/table/tbody/tr[" + AssistentiedynamicId + "]/td[2]/input[1]": null&#xD;
&#xD;
2019-09-24 18:37:00 - [TEST_STEP][PASSED] - println(Assistentiexpath): null&#xD;
&#xD;
2019-09-24 18:37:01 - [TEST_STEP][PASSED] - to = findTestObject("Actpol_Scripts/Opsporing/MBES18/test"): null&#xD;
&#xD;
2019-09-24 18:37:01 - [TEST_STEP][PASSED] - to.addProperty("xpath", EQUALS, Assistentiexpath): null&#xD;
&#xD;
2019-09-24 18:37:01 - [TEST_STEP][PASSED] - value1 = getAttribute(to, "value"): Attribute 'value' of object 'Object Repository/Actpol_Scripts/Opsporing/MBES18/test' is: 'J'&#xD;
&#xD;
2019-09-24 18:37:01 - [MESSAGE][PASSED] - Attribute 'value' of object 'Object Repository/Actpol_Scripts/Opsporing/MBES18/test' is: 'J'&#xD;
&#xD;
2019-09-24 18:37:01 - [TEST_STEP][PASSED] - println(value1): null&#xD;
&#xD;
2019-09-24 18:37:01 - [TEST_STEP][PASSED] - value2 = "J": null&#xD;
&#xD;
2019-09-24 18:37:01 - [TEST_STEP][PASSED] - if (value1 == value2): Object: 'Object Repository/Actpol_Scripts/Opsporing/MBES18/test' is clicked on&#xD;
&#xD;
2019-09-24 18:37:01 - [TEST_STEP][PASSED] - click(to): Object: 'Object Repository/Actpol_Scripts/Opsporing/MBES18/test' is clicked on&#xD;
&#xD;
2019-09-24 18:37:01 - [MESSAGE][PASSED] - Object: 'Object Repository/Actpol_Scripts/Opsporing/MBES18/test' is clicked on&#xD;
&#xD;
2019-09-24 18:37:01 - [TEST_STEP][PASSED] - AssistentiedynamicId = i: null&#xD;
&#xD;
2019-09-24 18:37:01 - [TEST_STEP][PASSED] - Assistentiexpath = "//*[@id="MiddelenAUform"]/table/tbody/tr[" + AssistentiedynamicId + "]/td[2]/input[1]": null&#xD;
&#xD;
2019-09-24 18:37:01 - [TEST_STEP][PASSED] - println(Assistentiexpath): null&#xD;
&#xD;
2019-09-24 18:37:01 - [TEST_STEP][PASSED] - to = findTestObject("Actpol_Scripts/Opsporing/MBES18/test"): null&#xD;
&#xD;
2019-09-24 18:37:02 - [TEST_STEP][PASSED] - to.addProperty("xpath", EQUALS, Assistentiexpath): null&#xD;
&#xD;
2019-09-24 18:37:02 - [TEST_STEP][PASSED] - value1 = getAttribute(to, "value"): Attribute 'value' of object 'Object Repository/Actpol_Scripts/Opsporing/MBES18/test' is: 'J'&#xD;
&#xD;
2019-09-24 18:37:02 - [MESSAGE][PASSED] - Attribute 'value' of object 'Object Repository/Actpol_Scripts/Opsporing/MBES18/test' is: 'J'&#xD;
&#xD;
2019-09-24 18:37:02 - [TEST_STEP][PASSED] - println(value1): null&#xD;
&#xD;
2019-09-24 18:37:02 - [TEST_STEP][PASSED] - value2 = "J": null&#xD;
&#xD;
2019-09-24 18:37:02 - [TEST_STEP][PASSED] - if (value1 == value2): Object: 'Object Repository/Actpol_Scripts/Opsporing/MBES18/test' is clicked on&#xD;
&#xD;
2019-09-24 18:37:02 - [TEST_STEP][PASSED] - click(to): Object: 'Object Repository/Actpol_Scripts/Opsporing/MBES18/test' is clicked on&#xD;
&#xD;
2019-09-24 18:37:02 - [MESSAGE][PASSED] - Object: 'Object Repository/Actpol_Scripts/Opsporing/MBES18/test' is clicked on&#xD;
&#xD;
2019-09-24 18:37:02 - [TEST_STEP][PASSED] - AssistentiedynamicId = i: null&#xD;
&#xD;
2019-09-24 18:37:02 - [TEST_STEP][PASSED] - Assistentiexpath = "//*[@id="MiddelenAUform"]/table/tbody/tr[" + AssistentiedynamicId + "]/td[2]/input[1]": null&#xD;
&#xD;
2019-09-24 18:37:02 - [TEST_STEP][PASSED] - println(Assistentiexpath): null&#xD;
&#xD;
2019-09-24 18:37:02 - [TEST_STEP][PASSED] - to = findTestObject("Actpol_Scripts/Opsporing/MBES18/test"): null&#xD;
&#xD;
2019-09-24 18:37:02 - [TEST_STEP][PASSED] - to.addProperty("xpath", EQUALS, Assistentiexpath): null&#xD;
&#xD;
2019-09-24 18:37:02 - [TEST_STEP][PASSED] - value1 = getAttribute(to, "value"): Attribute 'value' of object 'Object Repository/Actpol_Scripts/Opsporing/MBES18/test' is: 'J'&#xD;
&#xD;
2019-09-24 18:37:02 - [MESSAGE][PASSED] - Attribute 'value' of object 'Object Repository/Actpol_Scripts/Opsporing/MBES18/test' is: 'J'&#xD;
&#xD;
2019-09-24 18:37:02 - [TEST_STEP][PASSED] - println(value1): null&#xD;
&#xD;
2019-09-24 18:37:02 - [TEST_STEP][PASSED] - value2 = "J": null&#xD;
&#xD;
2019-09-24 18:37:02 - [TEST_STEP][PASSED] - if (value1 == value2): Object: 'Object Repository/Actpol_Scripts/Opsporing/MBES18/test' is clicked on&#xD;
&#xD;
2019-09-24 18:37:02 - [TEST_STEP][PASSED] - click(to): Object: 'Object Repository/Actpol_Scripts/Opsporing/MBES18/test' is clicked on&#xD;
&#xD;
2019-09-24 18:37:03 - [MESSAGE][PASSED] - Object: 'Object Repository/Actpol_Scripts/Opsporing/MBES18/test' is clicked on&#xD;
&#xD;
2019-09-24 18:37:03 - [TEST_STEP][PASSED] - AssistentiedynamicId = i: null&#xD;
&#xD;
2019-09-24 18:37:03 - [TEST_STEP][PASSED] - Assistentiexpath = "//*[@id="MiddelenAUform"]/table/tbody/tr[" + AssistentiedynamicId + "]/td[2]/input[1]": null&#xD;
&#xD;
2019-09-24 18:37:03 - [TEST_STEP][PASSED] - println(Assistentiexpath): null&#xD;
&#xD;
2019-09-24 18:37:03 - [TEST_STEP][PASSED] - to = findTestObject("Actpol_Scripts/Opsporing/MBES18/test"): null&#xD;
&#xD;
2019-09-24 18:37:03 - [TEST_STEP][PASSED] - to.addProperty("xpath", EQUALS, Assistentiexpath): null&#xD;
&#xD;
2019-09-24 18:37:03 - [TEST_STEP][PASSED] - value1 = getAttribute(to, "value"): Attribute 'value' of object 'Object Repository/Actpol_Scripts/Opsporing/MBES18/test' is: 'J'&#xD;
&#xD;
2019-09-24 18:37:03 - [MESSAGE][PASSED] - Attribute 'value' of object 'Object Repository/Actpol_Scripts/Opsporing/MBES18/test' is: 'J'&#xD;
&#xD;
2019-09-24 18:37:03 - [TEST_STEP][PASSED] - println(value1): null&#xD;
&#xD;
2019-09-24 18:37:03 - [TEST_STEP][PASSED] - value2 = "J": null&#xD;
&#xD;
2019-09-24 18:37:03 - [TEST_STEP][PASSED] - if (value1 == value2): Object: 'Object Repository/Actpol_Scripts/Opsporing/MBES18/test' is clicked on&#xD;
&#xD;
2019-09-24 18:37:03 - [TEST_STEP][PASSED] - click(to): Object: 'Object Repository/Actpol_Scripts/Opsporing/MBES18/test' is clicked on&#xD;
&#xD;
2019-09-24 18:37:04 - [MESSAGE][PASSED] - Object: 'Object Repository/Actpol_Scripts/Opsporing/MBES18/test' is clicked on&#xD;
&#xD;
2019-09-24 18:37:04 - [TEST_STEP][PASSED] - AssistentiedynamicId = i: null&#xD;
&#xD;
2019-09-24 18:37:04 - [TEST_STEP][PASSED] - Assistentiexpath = "//*[@id="MiddelenAUform"]/table/tbody/tr[" + AssistentiedynamicId + "]/td[2]/input[1]": null&#xD;
&#xD;
2019-09-24 18:37:04 - [TEST_STEP][PASSED] - println(Assistentiexpath): null&#xD;
&#xD;
2019-09-24 18:37:04 - [TEST_STEP][PASSED] - to = findTestObject("Actpol_Scripts/Opsporing/MBES18/test"): null&#xD;
&#xD;
2019-09-24 18:37:04 - [TEST_STEP][PASSED] - to.addProperty("xpath", EQUALS, Assistentiexpath): null&#xD;
&#xD;
2019-09-24 18:37:04 - [TEST_STEP][PASSED] - value1 = getAttribute(to, "value"): Attribute 'value' of object 'Object Repository/Actpol_Scripts/Opsporing/MBES18/test' is: 'J'&#xD;
&#xD;
2019-09-24 18:37:04 - [MESSAGE][PASSED] - Attribute 'value' of object 'Object Repository/Actpol_Scripts/Opsporing/MBES18/test' is: 'J'&#xD;
&#xD;
2019-09-24 18:37:04 - [TEST_STEP][PASSED] - println(value1): null&#xD;
&#xD;
2019-09-24 18:37:04 - [TEST_STEP][PASSED] - value2 = "J": null&#xD;
&#xD;
2019-09-24 18:37:04 - [TEST_STEP][PASSED] - if (value1 == value2): Object: 'Object Repository/Actpol_Scripts/Opsporing/MBES18/test' is clicked on&#xD;
&#xD;
2019-09-24 18:37:04 - [TEST_STEP][PASSED] - click(to): Object: 'Object Repository/Actpol_Scripts/Opsporing/MBES18/test' is clicked on&#xD;
&#xD;
2019-09-24 18:37:04 - [MESSAGE][PASSED] - Object: 'Object Repository/Actpol_Scripts/Opsporing/MBES18/test' is clicked on&#xD;
&#xD;
2019-09-24 18:37:04 - [TEST_STEP][PASSED] - AssistentiedynamicId = i: null&#xD;
&#xD;
2019-09-24 18:37:04 - [TEST_STEP][PASSED] - Assistentiexpath = "//*[@id="MiddelenAUform"]/table/tbody/tr[" + AssistentiedynamicId + "]/td[2]/input[1]": null&#xD;
&#xD;
2019-09-24 18:37:04 - [TEST_STEP][PASSED] - println(Assistentiexpath): null&#xD;
&#xD;
2019-09-24 18:37:04 - [TEST_STEP][PASSED] - to = findTestObject("Actpol_Scripts/Opsporing/MBES18/test"): null&#xD;
&#xD;
2019-09-24 18:37:05 - [TEST_STEP][PASSED] - to.addProperty("xpath", EQUALS, Assistentiexpath): null&#xD;
&#xD;
2019-09-24 18:37:05 - [TEST_STEP][PASSED] - value1 = getAttribute(to, "value"): Attribute 'value' of object 'Object Repository/Actpol_Scripts/Opsporing/MBES18/test' is: 'J'&#xD;
&#xD;
2019-09-24 18:37:05 - [MESSAGE][PASSED] - Attribute 'value' of object 'Object Repository/Actpol_Scripts/Opsporing/MBES18/test' is: 'J'&#xD;
&#xD;
2019-09-24 18:37:05 - [TEST_STEP][PASSED] - println(value1): null&#xD;
&#xD;
2019-09-24 18:37:05 - [TEST_STEP][PASSED] - value2 = "J": null&#xD;
&#xD;
2019-09-24 18:37:05 - [TEST_STEP][PASSED] - if (value1 == value2): Object: 'Object Repository/Actpol_Scripts/Opsporing/MBES18/test' is clicked on&#xD;
&#xD;
2019-09-24 18:37:05 - [TEST_STEP][PASSED] - click(to): Object: 'Object Repository/Actpol_Scripts/Opsporing/MBES18/test' is clicked on&#xD;
&#xD;
2019-09-24 18:37:05 - [MESSAGE][PASSED] - Object: 'Object Repository/Actpol_Scripts/Opsporing/MBES18/test' is clicked on&#xD;
&#xD;
2019-09-24 18:37:05 - [TEST_STEP][PASSED] - AssistentiedynamicId = i: null&#xD;
&#xD;
2019-09-24 18:37:05 - [TEST_STEP][PASSED] - Assistentiexpath = "//*[@id="MiddelenAUform"]/table/tbody/tr[" + AssistentiedynamicId + "]/td[2]/input[1]": null&#xD;
&#xD;
2019-09-24 18:37:05 - [TEST_STEP][PASSED] - println(Assistentiexpath): null&#xD;
&#xD;
2019-09-24 18:37:05 - [TEST_STEP][PASSED] - to = findTestObject("Actpol_Scripts/Opsporing/MBES18/test"): null&#xD;
&#xD;
2019-09-24 18:37:05 - [TEST_STEP][PASSED] - to.addProperty("xpath", EQUALS, Assistentiexpath): null&#xD;
&#xD;
2019-09-24 18:37:05 - [TEST_STEP][PASSED] - value1 = getAttribute(to, "value"): Attribute 'value' of object 'Object Repository/Actpol_Scripts/Opsporing/MBES18/test' is: 'J'&#xD;
&#xD;
2019-09-24 18:37:06 - [MESSAGE][PASSED] - Attribute 'value' of object 'Object Repository/Actpol_Scripts/Opsporing/MBES18/test' is: 'J'&#xD;
&#xD;
2019-09-24 18:37:06 - [TEST_STEP][PASSED] - println(value1): null&#xD;
&#xD;
2019-09-24 18:37:06 - [TEST_STEP][PASSED] - value2 = "J": null&#xD;
&#xD;
2019-09-24 18:37:06 - [TEST_STEP][PASSED] - if (value1 == value2): Object: 'Object Repository/Actpol_Scripts/Opsporing/MBES18/test' is clicked on&#xD;
&#xD;
2019-09-24 18:37:06 - [TEST_STEP][PASSED] - click(to): Object: 'Object Repository/Actpol_Scripts/Opsporing/MBES18/test' is clicked on&#xD;
&#xD;
2019-09-24 18:37:06 - [MESSAGE][PASSED] - Object: 'Object Repository/Actpol_Scripts/Opsporing/MBES18/test' is clicked on&#xD;
&#xD;
2019-09-24 18:37:06 - [TEST_STEP][PASSED] - AssistentiedynamicId = i: null&#xD;
&#xD;
2019-09-24 18:37:06 - [TEST_STEP][PASSED] - Assistentiexpath = "//*[@id="MiddelenAUform"]/table/tbody/tr[" + AssistentiedynamicId + "]/td[2]/input[1]": null&#xD;
&#xD;
2019-09-24 18:37:06 - [TEST_STEP][PASSED] - println(Assistentiexpath): null&#xD;
&#xD;
2019-09-24 18:37:06 - [TEST_STEP][PASSED] - to = findTestObject("Actpol_Scripts/Opsporing/MBES18/test"): null&#xD;
&#xD;
2019-09-24 18:37:06 - [TEST_STEP][PASSED] - to.addProperty("xpath", EQUALS, Assistentiexpath): null&#xD;
&#xD;
2019-09-24 18:37:06 - [TEST_STEP][PASSED] - value1 = getAttribute(to, "value"): Attribute 'value' of object 'Object Repository/Actpol_Scripts/Opsporing/MBES18/test' is: ''&#xD;
&#xD;
2019-09-24 18:37:06 - [MESSAGE][PASSED] - Attribute 'value' of object 'Object Repository/Actpol_Scripts/Opsporing/MBES18/test' is: ''&#xD;
&#xD;
2019-09-24 18:37:06 - [TEST_STEP][PASSED] - println(value1): null&#xD;
&#xD;
2019-09-24 18:37:06 - [TEST_STEP][PASSED] - value2 = "J": null&#xD;
&#xD;
2019-09-24 18:37:06 - [TEST_STEP][PASSED] - if (value1 == value2): null&#xD;
&#xD;
2019-09-24 18:37:06 - [TEST_STEP][PASSED] - else: Text 'katalon testing' is set on object 'Object Repository/Actpol_Scripts/Opsporing/MBES18/test'&#xD;
&#xD;
2019-09-24 18:37:06 - [TEST_STEP][PASSED] - setText(to, "katalon testing"): Text 'katalon testing' is set on object 'Object Repository/Actpol_Scripts/Opsporing/MBES18/test'&#xD;
&#xD;
2019-09-24 18:37:07 - [MESSAGE][PASSED] - Text 'katalon testing' is set on object 'Object Repository/Actpol_Scripts/Opsporing/MBES18/test'&#xD;
&#xD;
2019-09-24 18:37:07 - [TEST_STEP][PASSED] - AssistentiedynamicId = i: null&#xD;
&#xD;
2019-09-24 18:37:07 - [TEST_STEP][PASSED] - Assistentiexpath = "//*[@id="MiddelenAUform"]/table/tbody/tr[" + AssistentiedynamicId + "]/td[2]/input[1]": null&#xD;
&#xD;
2019-09-24 18:37:07 - [TEST_STEP][PASSED] - println(Assistentiexpath): null&#xD;
&#xD;
2019-09-24 18:37:07 - [TEST_STEP][PASSED] - to = findTestObject("Actpol_Scripts/Opsporing/MBES18/test"): null&#xD;
&#xD;
2019-09-24 18:37:08 - [TEST_STEP][PASSED] - to.addProperty("xpath", EQUALS, Assistentiexpath): null&#xD;
&#xD;
2019-09-24 18:37:08 - [TEST_STEP][PASSED] - value1 = getAttribute(to, "value"): Attribute 'value' of object 'Object Repository/Actpol_Scripts/Opsporing/MBES18/test' is: 'J'&#xD;
&#xD;
2019-09-24 18:37:08 - [MESSAGE][PASSED] - Attribute 'value' of object 'Object Repository/Actpol_Scripts/Opsporing/MBES18/test' is: 'J'&#xD;
&#xD;
2019-09-24 18:37:08 - [TEST_STEP][PASSED] - println(value1): null&#xD;
&#xD;
2019-09-24 18:37:08 - [TEST_STEP][PASSED] - value2 = "J": null&#xD;
&#xD;
2019-09-24 18:37:08 - [TEST_STEP][PASSED] - if (value1 == value2): Object: 'Object Repository/Actpol_Scripts/Opsporing/MBES18/test' is clicked on&#xD;
&#xD;
2019-09-24 18:37:08 - [TEST_STEP][PASSED] - click(to): Object: 'Object Repository/Actpol_Scripts/Opsporing/MBES18/test' is clicked on&#xD;
&#xD;
2019-09-24 18:37:08 - [MESSAGE][PASSED] - Object: 'Object Repository/Actpol_Scripts/Opsporing/MBES18/test' is clicked on&#xD;
&#xD;
2019-09-24 18:37:08 - [TEST_STEP][PASSED] - AssistentiedynamicId = i: null&#xD;
&#xD;
2019-09-24 18:37:08 - [TEST_STEP][PASSED] - Assistentiexpath = "//*[@id="MiddelenAUform"]/table/tbody/tr[" + AssistentiedynamicId + "]/td[2]/input[1]": null&#xD;
&#xD;
2019-09-24 18:37:08 - [TEST_STEP][PASSED] - println(Assistentiexpath): null&#xD;
&#xD;
2019-09-24 18:37:08 - [TEST_STEP][PASSED] - to = findTestObject("Actpol_Scripts/Opsporing/MBES18/test"): null&#xD;
&#xD;
2019-09-24 18:37:08 - [TEST_STEP][PASSED] - to.addProperty("xpath", EQUALS, Assistentiexpath): null&#xD;
&#xD;
2019-09-24 18:37:08 - [TEST_STEP][PASSED] - value1 = getAttribute(to, "value"): Attribute 'value' of object 'Object Repository/Actpol_Scripts/Opsporing/MBES18/test' is: 'J'&#xD;
&#xD;
2019-09-24 18:37:08 - [MESSAGE][PASSED] - Attribute 'value' of object 'Object Repository/Actpol_Scripts/Opsporing/MBES18/test' is: 'J'&#xD;
&#xD;
2019-09-24 18:37:08 - [TEST_STEP][PASSED] - println(value1): null&#xD;
&#xD;
2019-09-24 18:37:08 - [TEST_STEP][PASSED] - value2 = "J": null&#xD;
&#xD;
2019-09-24 18:37:08 - [TEST_STEP][PASSED] - if (value1 == value2): Object: 'Object Repository/Actpol_Scripts/Opsporing/MBES18/test' is clicked on&#xD;
&#xD;
2019-09-24 18:37:08 - [TEST_STEP][PASSED] - click(to): Object: 'Object Repository/Actpol_Scripts/Opsporing/MBES18/test' is clicked on&#xD;
&#xD;
2019-09-24 18:37:09 - [MESSAGE][PASSED] - Object: 'Object Repository/Actpol_Scripts/Opsporing/MBES18/test' is clicked on&#xD;
&#xD;
2019-09-24 18:37:09 - [TEST_STEP][NOT_RUN] - click(findTestObject("Actpol_Scripts/Opsporing/MBES18/MBSC SAVE"), OPTIONAL): NOT_RUN: click(findTestObject("Actpol_Scripts/Opsporing/MBES18/MBSC SAVE"), OPTIONAL)&#xD;
&#xD;
2019-09-24 18:37:09 - [MESSAGE][NOT_RUN] - NOT_RUN: click(findTestObject("Actpol_Scripts/Opsporing/MBES18/MBSC SAVE"), OPTIONAL)&#xD;
&#xD;
2019-09-24 18:37:09 - [TEST_STEP][PASSED] - delay(1): Delayed 1 second(s)&#xD;
&#xD;
2019-09-24 18:37:10 - [MESSAGE][PASSED] - Delayed 1 second(s)&#xD;
&#xD;
2019-09-24 18:37:10 - [TEST_STEP][PASSED] - scrollToPosition(10, 7): Browser is scrolled to position x = 10, y = 7&#xD;
&#xD;
2019-09-24 18:37:10 - [MESSAGE][PASSED] - Browser is scrolled to position x = 10, y = 7&#xD;
&#xD;
2019-09-24 18:37:10 - [TEST_STEP][PASSED] - delay(1): Delayed 1 second(s)&#xD;
&#xD;
2019-09-24 18:37:11 - [MESSAGE][PASSED] - Delayed 1 second(s)&#xD;
&#xD;
2019-09-24 18:37:11 - [TEST_STEP][PASSED] - click(findTestObject("Actpol_Scripts/Opsporing/MBES18/4 GEDRAG_MEDISCH/GEDRAG MEDISCH tab")): Object: 'Object Repository/Actpol_Scripts/Opsporing/MBES18/4 GEDRAG_MEDISCH/GEDRAG MEDISCH tab' is clicked on&#xD;
&#xD;
2019-09-24 18:37:12 - [MESSAGE][PASSED] - Object: 'Object Repository/Actpol_Scripts/Opsporing/MBES18/4 GEDRAG_MEDISCH/GEDRAG MEDISCH tab' is clicked on&#xD;
&#xD;
2019-09-24 18:37:12 - [TEST_STEP][PASSED] - delay(1): Delayed 1 second(s)&#xD;
&#xD;
2019-09-24 18:37:13 - [MESSAGE][PASSED] - Delayed 1 second(s)&#xD;
&#xD;
2019-09-24 18:37:13 - [TEST_STEP][PASSED] - click(findTestObject("Actpol_Scripts/Opsporing/MBES18/5 INCIDENTEN/INCIDENTEN tab")): Object: 'Object Repository/Actpol_Scripts/Opsporing/MBES18/5 INCIDENTEN/INCIDENTEN tab' is clicked on&#xD;
&#xD;
2019-09-24 18:37:13 - [MESSAGE][PASSED] - Object: 'Object Repository/Actpol_Scripts/Opsporing/MBES18/5 INCIDENTEN/INCIDENTEN tab' is clicked on&#xD;
&#xD;
2019-09-24 18:37:13 - [TEST_STEP][PASSED] - delay(2): Delayed 2 second(s)&#xD;
&#xD;
2019-09-24 18:37:15 - [MESSAGE][PASSED] - Delayed 2 second(s)&#xD;
&#xD;
2019-09-24 18:37:15 - [TEST_STEP][PASSED] - click(findTestObject("Actpol_Scripts/Opsporing/MBES18/5 INCIDENTEN/INCIDENTEN new")): Object: 'Object Repository/Actpol_Scripts/Opsporing/MBES18/5 INCIDENTEN/INCIDENTEN new' is clicked on&#xD;
&#xD;
2019-09-24 18:37:16 - [MESSAGE][PASSED] - Object: 'Object Repository/Actpol_Scripts/Opsporing/MBES18/5 INCIDENTEN/INCIDENTEN new' is clicked on&#xD;
&#xD;
2019-09-24 18:37:16 - [TEST_STEP][PASSED] - delay(1): Delayed 1 second(s)&#xD;
&#xD;
2019-09-24 18:37:17 - [MESSAGE][PASSED] - Delayed 1 second(s)&#xD;
&#xD;
2019-09-24 18:37:17 - [TEST_STEP][PASSED] - selectOptionByLabel(findTestObject("Actpol_Scripts/Opsporing/MBES18/5 INCIDENTEN/Organisatie"), "SKS", false): All options with label 'SKS' are selected in object 'Object Repository/Actpol_Scripts/Opsporing/MBES18/5 INCIDENTEN/Organisatie' &#xD;
&#xD;
2019-09-24 18:37:18 - [MESSAGE][PASSED] - All options with label 'SKS' are selected in object 'Object Repository/Actpol_Scripts/Opsporing/MBES18/5 INCIDENTEN/Organisatie' &#xD;
&#xD;
2019-09-24 18:37:18 - [TEST_STEP][PASSED] - delay(1): Delayed 1 second(s)&#xD;
&#xD;
2019-09-24 18:37:19 - [MESSAGE][PASSED] - Delayed 1 second(s)&#xD;
&#xD;
2019-09-24 18:37:19 - [TEST_STEP][PASSED] - setText(findTestObject("Actpol_Scripts/Opsporing/MBES18/5 INCIDENTEN/Datum Incident"), "29012019"): Text '29012019' is set on object 'Object Repository/Actpol_Scripts/Opsporing/MBES18/5 INCIDENTEN/Datum Incident'&#xD;
&#xD;
2019-09-24 18:37:19 - [MESSAGE][PASSED] - Text '29012019' is set on object 'Object Repository/Actpol_Scripts/Opsporing/MBES18/5 INCIDENTEN/Datum Incident'&#xD;
&#xD;
2019-09-24 18:37:19 - [TEST_STEP][PASSED] - delay(1): Delayed 1 second(s)&#xD;
&#xD;
2019-09-24 18:37:20 - [MESSAGE][PASSED] - Delayed 1 second(s)&#xD;
&#xD;
2019-09-24 18:37:20 - [TEST_STEP][PASSED] - setText(findTestObject("Actpol_Scripts/Opsporing/MBES18/5 INCIDENTEN/Bejzonderheden"), "testing : Bejzonderheden"): Text 'testing : Bejzonderheden' is set on object 'Object Repository/Actpol_Scripts/Opsporing/MBES18/5 INCIDENTEN/Bejzonderheden'&#xD;
&#xD;
2019-09-24 18:37:22 - [MESSAGE][PASSED] - Text 'testing : Bejzonderheden' is set on object 'Object Repository/Actpol_Scripts/Opsporing/MBES18/5 INCIDENTEN/Bejzonderheden'&#xD;
&#xD;
2019-09-24 18:37:22 - [TEST_STEP][PASSED] - delay(1): Delayed 1 second(s)&#xD;
&#xD;
2019-09-24 18:37:23 - [MESSAGE][PASSED] - Delayed 1 second(s)&#xD;
&#xD;
2019-09-24 18:37:23 - [TEST_STEP][PASSED] - setText(findTestObject("Actpol_Scripts/Opsporing/MBES18/5 INCIDENTEN/Contactperson"), "testing : Contactperson"): Text 'testing : Contactperson' is set on object 'Object Repository/Actpol_Scripts/Opsporing/MBES18/5 INCIDENTEN/Contactperson'&#xD;
&#xD;
2019-09-24 18:37:24 - [MESSAGE][PASSED] - Text 'testing : Contactperson' is set on object 'Object Repository/Actpol_Scripts/Opsporing/MBES18/5 INCIDENTEN/Contactperson'&#xD;
&#xD;
2019-09-24 18:37:24 - [TEST_STEP][PASSED] - delay(1): Delayed 1 second(s)&#xD;
&#xD;
2019-09-24 18:37:25 - [MESSAGE][PASSED] - Delayed 1 second(s)&#xD;
&#xD;
2019-09-24 18:37:25 - [TEST_STEP][PASSED] - setText(findTestObject("Actpol_Scripts/Opsporing/MBES18/5 INCIDENTEN/Telefoonnummer"), "987512364"): Text '987512364' is set on object 'Object Repository/Actpol_Scripts/Opsporing/MBES18/5 INCIDENTEN/Telefoonnummer'&#xD;
&#xD;
2019-09-24 18:37:26 - [MESSAGE][PASSED] - Text '987512364' is set on object 'Object Repository/Actpol_Scripts/Opsporing/MBES18/5 INCIDENTEN/Telefoonnummer'&#xD;
&#xD;
2019-09-24 18:37:26 - [TEST_STEP][PASSED] - delay(1): Delayed 1 second(s)&#xD;
&#xD;
2019-09-24 18:37:27 - [MESSAGE][PASSED] - Delayed 1 second(s)&#xD;
&#xD;
2019-09-24 18:37:27 - [TEST_STEP][PASSED] - click(findTestObject("Actpol_Scripts/Opsporing/MBES18/5 INCIDENTEN/INCIDENTEN save")): Object: 'Object Repository/Actpol_Scripts/Opsporing/MBES18/5 INCIDENTEN/INCIDENTEN save' is clicked on&#xD;
&#xD;
2019-09-24 18:37:28 - [MESSAGE][PASSED] - Object: 'Object Repository/Actpol_Scripts/Opsporing/MBES18/5 INCIDENTEN/INCIDENTEN save' is clicked on&#xD;
&#xD;
2019-09-24 18:37:28 - [TEST_STEP][PASSED] - delay(1): Delayed 1 second(s)&#xD;
&#xD;
2019-09-24 18:37:29 - [MESSAGE][PASSED] - Delayed 1 second(s)&#xD;
&#xD;
2019-09-24 18:37:29 - [TEST_STEP][PASSED] - takeScreenshot(): Taking screenshot successfully&#xD;
&#xD;
2019-09-24 18:37:29 - [MESSAGE][PASSED] - Taking screenshot successfully&#xD;
[[ATTACHMENT|C:\\Users\\user4\\git\\ACTPOL\\Reports\\20190924_181828\\Release 6.6\\MBES18 ALL\\20190924_181828\\1569330449475.png]]&#xD;
&#xD;
2019-09-24 18:37:29 - [TEST_STEP][PASSED] - delay(1): Delayed 1 second(s)&#xD;
&#xD;
2019-09-24 18:37:30 - [MESSAGE][PASSED] - Delayed 1 second(s)&#xD;
&#xD;
2019-09-24 18:37:30 - [TEST_STEP][PASSED] - scrollToPosition(10, 7): Browser is scrolled to position x = 10, y = 7&#xD;
&#xD;
2019-09-24 18:37:30 - [MESSAGE][PASSED] - Browser is scrolled to position x = 10, y = 7&#xD;
&#xD;
2019-09-24 18:37:30 - [TEST_STEP][PASSED] - log.logInfo("successfully saved data"): successfully saved data&#xD;
&#xD;
2019-09-24 18:37:30 - [MESSAGE][INFO] - successfully saved data&#xD;
&#xD;
2019-09-24 18:37:30 - [TEST_STEP][PASSED] - delay(1): Delayed 1 second(s)&#xD;
&#xD;
2019-09-24 18:37:31 - [MESSAGE][PASSED] - Delayed 1 second(s)&#xD;
&#xD;
2019-09-24 18:37:31 - [TEST_STEP][PASSED] - click(findTestObject("Actpol_Scripts/Opsporing/MBES18/5 INCIDENTEN/INCIDENTEN tab")): Object: 'Object Repository/Actpol_Scripts/Opsporing/MBES18/5 INCIDENTEN/INCIDENTEN tab' is clicked on&#xD;
&#xD;
2019-09-24 18:37:32 - [MESSAGE][PASSED] - Object: 'Object Repository/Actpol_Scripts/Opsporing/MBES18/5 INCIDENTEN/INCIDENTEN tab' is clicked on&#xD;
&#xD;
2019-09-24 18:37:32 - [TEST_STEP][PASSED] - delay(2): Delayed 2 second(s)&#xD;
&#xD;
2019-09-24 18:37:34 - [MESSAGE][PASSED] - Delayed 2 second(s)&#xD;
&#xD;
2019-09-24 18:37:34 - [TEST_STEP][PASSED] - click(findTestObject("Actpol_Scripts/Opsporing/MBES18/6 Overige gegevens/OVERIGE GEGEVENS tab"), OPTIONAL): Object: 'Object Repository/Actpol_Scripts/Opsporing/MBES18/6 Overige gegevens/OVERIGE GEGEVENS tab' is clicked on&#xD;
&#xD;
2019-09-24 18:37:35 - [MESSAGE][PASSED] - Object: 'Object Repository/Actpol_Scripts/Opsporing/MBES18/6 Overige gegevens/OVERIGE GEGEVENS tab' is clicked on&#xD;
&#xD;
2019-09-24 18:37:35 - [TEST_STEP][PASSED] - delay(2): Delayed 2 second(s)&#xD;
&#xD;
2019-09-24 18:37:37 - [MESSAGE][PASSED] - Delayed 2 second(s)&#xD;
&#xD;
2019-09-24 18:37:37 - [TEST_STEP][PASSED] - setText(findTestObject("Actpol_Scripts/Opsporing/MBES18/6 Overige gegevens/Uitzetting"), "aa", STOP_ON_FAILURE): Text 'aa' is set on object 'Object Repository/Actpol_Scripts/Opsporing/MBES18/6 Overige gegevens/Uitzetting'&#xD;
&#xD;
2019-09-24 18:37:38 - [MESSAGE][PASSED] - Text 'aa' is set on object 'Object Repository/Actpol_Scripts/Opsporing/MBES18/6 Overige gegevens/Uitzetting'&#xD;
&#xD;
2019-09-24 18:37:38 - [TEST_STEP][PASSED] - delay(2): Delayed 2 second(s)&#xD;
&#xD;
2019-09-24 18:37:40 - [MESSAGE][PASSED] - Delayed 2 second(s)&#xD;
&#xD;
2019-09-24 18:37:40 - [TEST_STEP][PASSED] - click(findTestObject("Actpol_Scripts/Opsporing/MBES18/6 Overige gegevens/Uitzetting lb")): Object: 'Object Repository/Actpol_Scripts/Opsporing/MBES18/6 Overige gegevens/Uitzetting lb' is clicked on&#xD;
&#xD;
2019-09-24 18:37:40 - [MESSAGE][PASSED] - Object: 'Object Repository/Actpol_Scripts/Opsporing/MBES18/6 Overige gegevens/Uitzetting lb' is clicked on&#xD;
&#xD;
2019-09-24 18:37:40 - [TEST_STEP][PASSED] - delay(1): Delayed 1 second(s)&#xD;
&#xD;
2019-09-24 18:37:41 - [MESSAGE][PASSED] - Delayed 1 second(s)&#xD;
&#xD;
2019-09-24 18:37:41 - [TEST_STEP][PASSED] - sendKeys(findTestObject("Actpol_Scripts/Opsporing/MBES18/6 Overige gegevens/Datum vlucht"), "22082019"): Keys '22082019' sent to object: 'Object Repository/Actpol_Scripts/Opsporing/MBES18/6 Overige gegevens/Datum vlucht'&#xD;
&#xD;
2019-09-24 18:37:42 - [MESSAGE][PASSED] - Keys '22082019' sent to object: 'Object Repository/Actpol_Scripts/Opsporing/MBES18/6 Overige gegevens/Datum vlucht'&#xD;
&#xD;
2019-09-24 18:37:42 - [TEST_STEP][PASSED] - delay(1): Delayed 1 second(s)&#xD;
&#xD;
2019-09-24 18:37:43 - [MESSAGE][PASSED] - Delayed 1 second(s)&#xD;
&#xD;
2019-09-24 18:37:43 - [TEST_STEP][PASSED] - click(findTestObject("Actpol_Scripts/Opsporing/MBES18/6 Overige gegevens/Datum vlucht Calendar icon")): Object: 'Object Repository/Actpol_Scripts/Opsporing/MBES18/6 Overige gegevens/Datum vlucht Calendar icon' is clicked on&#xD;
&#xD;
2019-09-24 18:37:44 - [MESSAGE][PASSED] - Object: 'Object Repository/Actpol_Scripts/Opsporing/MBES18/6 Overige gegevens/Datum vlucht Calendar icon' is clicked on&#xD;
&#xD;
2019-09-24 18:37:44 - [TEST_STEP][PASSED] - delay(1): Delayed 1 second(s)&#xD;
&#xD;
2019-09-24 18:37:45 - [MESSAGE][PASSED] - Delayed 1 second(s)&#xD;
&#xD;
2019-09-24 18:37:45 - [TEST_STEP][PASSED] - click(findTestObject("Actpol_Scripts/Date/16th right frame")): Object: 'Object Repository/Actpol_Scripts/Date/16th right frame' is clicked on&#xD;
&#xD;
2019-09-24 18:37:45 - [MESSAGE][PASSED] - Object: 'Object Repository/Actpol_Scripts/Date/16th right frame' is clicked on&#xD;
&#xD;
2019-09-24 18:37:45 - [TEST_STEP][PASSED] - delay(1): Delayed 1 second(s)&#xD;
&#xD;
2019-09-24 18:37:46 - [MESSAGE][PASSED] - Delayed 1 second(s)&#xD;
&#xD;
2019-09-24 18:37:46 - [TEST_STEP][PASSED] - setText(findTestObject("Actpol_Scripts/Opsporing/MBES18/6 Overige gegevens/Tijdstip vlucht"), "010101"): Text '010101' is set on object 'Object Repository/Actpol_Scripts/Opsporing/MBES18/6 Overige gegevens/Tijdstip vlucht'&#xD;
&#xD;
2019-09-24 18:37:47 - [MESSAGE][PASSED] - Text '010101' is set on object 'Object Repository/Actpol_Scripts/Opsporing/MBES18/6 Overige gegevens/Tijdstip vlucht'&#xD;
&#xD;
2019-09-24 18:37:47 - [TEST_STEP][PASSED] - delay(1): Delayed 1 second(s)&#xD;
&#xD;
2019-09-24 18:37:48 - [MESSAGE][PASSED] - Delayed 1 second(s)&#xD;
&#xD;
2019-09-24 18:37:48 - [TEST_STEP][PASSED] - selectOptionByLabel(findTestObject("Actpol_Scripts/Opsporing/MBES18/6 Overige gegevens/Arrival location"), "Luchthaven", false): All options with label 'Luchthaven' are selected in object 'Object Repository/Actpol_Scripts/Opsporing/MBES18/6 Overige gegevens/Arrival location' &#xD;
&#xD;
2019-09-24 18:37:48 - [MESSAGE][PASSED] - All options with label 'Luchthaven' are selected in object 'Object Repository/Actpol_Scripts/Opsporing/MBES18/6 Overige gegevens/Arrival location' &#xD;
&#xD;
2019-09-24 18:37:48 - [TEST_STEP][PASSED] - delay(1): Delayed 1 second(s)&#xD;
&#xD;
2019-09-24 18:37:49 - [MESSAGE][PASSED] - Delayed 1 second(s)&#xD;
&#xD;
2019-09-24 18:37:49 - [TEST_STEP][PASSED] - sendKeys(findTestObject("Actpol_Scripts/Opsporing/MBES18/6 Overige gegevens/Datum"), "22082019"): Keys '22082019' sent to object: 'Object Repository/Actpol_Scripts/Opsporing/MBES18/6 Overige gegevens/Datum'&#xD;
&#xD;
2019-09-24 18:37:50 - [MESSAGE][PASSED] - Keys '22082019' sent to object: 'Object Repository/Actpol_Scripts/Opsporing/MBES18/6 Overige gegevens/Datum'&#xD;
&#xD;
2019-09-24 18:37:50 - [TEST_STEP][PASSED] - delay(1): Delayed 1 second(s)&#xD;
&#xD;
2019-09-24 18:37:51 - [MESSAGE][PASSED] - Delayed 1 second(s)&#xD;
&#xD;
2019-09-24 18:37:51 - [TEST_STEP][PASSED] - click(findTestObject("Actpol_Scripts/Opsporing/MBES18/6 Overige gegevens/Datum calendar icon")): Object: 'Object Repository/Actpol_Scripts/Opsporing/MBES18/6 Overige gegevens/Datum calendar icon' is clicked on&#xD;
&#xD;
2019-09-24 18:37:52 - [MESSAGE][PASSED] - Object: 'Object Repository/Actpol_Scripts/Opsporing/MBES18/6 Overige gegevens/Datum calendar icon' is clicked on&#xD;
&#xD;
2019-09-24 18:37:52 - [TEST_STEP][PASSED] - delay(1): Delayed 1 second(s)&#xD;
&#xD;
2019-09-24 18:37:53 - [MESSAGE][PASSED] - Delayed 1 second(s)&#xD;
&#xD;
2019-09-24 18:37:53 - [TEST_STEP][PASSED] - click(findTestObject("Actpol_Scripts/Date/16th right frame")): Object: 'Object Repository/Actpol_Scripts/Date/16th right frame' is clicked on&#xD;
&#xD;
2019-09-24 18:37:53 - [MESSAGE][PASSED] - Object: 'Object Repository/Actpol_Scripts/Date/16th right frame' is clicked on&#xD;
&#xD;
2019-09-24 18:37:53 - [TEST_STEP][PASSED] - delay(1): Delayed 1 second(s)&#xD;
&#xD;
2019-09-24 18:37:54 - [MESSAGE][PASSED] - Delayed 1 second(s)&#xD;
&#xD;
2019-09-24 18:37:54 - [TEST_STEP][PASSED] - click(findTestObject("Actpol_Scripts/Opsporing/MBES18/6 Overige gegevens/Claim vervoerder ja")): Object: 'Object Repository/Actpol_Scripts/Opsporing/MBES18/6 Overige gegevens/Claim vervoerder ja' is clicked on&#xD;
&#xD;
2019-09-24 18:37:55 - [MESSAGE][PASSED] - Object: 'Object Repository/Actpol_Scripts/Opsporing/MBES18/6 Overige gegevens/Claim vervoerder ja' is clicked on&#xD;
&#xD;
2019-09-24 18:37:55 - [TEST_STEP][PASSED] - delay(2): Delayed 2 second(s)&#xD;
&#xD;
2019-09-24 18:37:57 - [MESSAGE][PASSED] - Delayed 2 second(s)&#xD;
&#xD;
2019-09-24 18:37:57 - [TEST_STEP][PASSED] - click(findTestObject("Actpol_Scripts/Opsporing/MBES18/6 Overige gegevens/Claim vervoerder ja")): Object: 'Object Repository/Actpol_Scripts/Opsporing/MBES18/6 Overige gegevens/Claim vervoerder ja' is clicked on&#xD;
&#xD;
2019-09-24 18:37:57 - [MESSAGE][PASSED] - Object: 'Object Repository/Actpol_Scripts/Opsporing/MBES18/6 Overige gegevens/Claim vervoerder ja' is clicked on&#xD;
&#xD;
2019-09-24 18:37:57 - [TEST_STEP][PASSED] - delay(1): Delayed 1 second(s)&#xD;
&#xD;
2019-09-24 18:37:58 - [MESSAGE][PASSED] - Delayed 1 second(s)&#xD;
&#xD;
2019-09-24 18:37:58 - [TEST_STEP][PASSED] - click(findTestObject("Actpol_Scripts/Opsporing/MBES18/6 Overige gegevens/Removal orde ja")): Object: 'Object Repository/Actpol_Scripts/Opsporing/MBES18/6 Overige gegevens/Removal orde ja' is clicked on&#xD;
&#xD;
2019-09-24 18:37:59 - [MESSAGE][PASSED] - Object: 'Object Repository/Actpol_Scripts/Opsporing/MBES18/6 Overige gegevens/Removal orde ja' is clicked on&#xD;
&#xD;
2019-09-24 18:37:59 - [TEST_STEP][PASSED] - delay(1): Delayed 1 second(s)&#xD;
&#xD;
2019-09-24 18:38:00 - [MESSAGE][PASSED] - Delayed 1 second(s)&#xD;
&#xD;
2019-09-24 18:38:00 - [TEST_STEP][PASSED] - setText(findTestObject("Actpol_Scripts/Opsporing/MBES18/6 Overige gegevens/Contact diplomatieke"), "testing :: Contact diplomatieke vertegenwooediging ter verkrijging van een vervangend reisdocument"): Text 'testing :: Contact diplomatieke vertegenwooediging ter verkrijging van een vervangend reisdocument' is set on object 'Object Repository/Actpol_Scripts/Opsporing/MBES18/6 Overige gegevens/Contact diplomatieke'&#xD;
&#xD;
2019-09-24 18:38:05 - [MESSAGE][PASSED] - Text 'testing :: Contact diplomatieke vertegenwooediging ter verkrijging van een vervangend reisdocument' is set on object 'Object Repository/Actpol_Scripts/Opsporing/MBES18/6 Overige gegevens/Contact diplomatieke'&#xD;
&#xD;
2019-09-24 18:38:05 - [TEST_STEP][PASSED] - delay(1): Delayed 1 second(s)&#xD;
&#xD;
2019-09-24 18:38:06 - [MESSAGE][PASSED] - Delayed 1 second(s)&#xD;
&#xD;
2019-09-24 18:38:06 - [TEST_STEP][PASSED] - sendKeys(findTestObject("Actpol_Scripts/Opsporing/MBES18/6 Overige gegevens/Wanner"), "21/09/2019"): Keys '21/09/2019' sent to object: 'Object Repository/Actpol_Scripts/Opsporing/MBES18/6 Overige gegevens/Wanner'&#xD;
&#xD;
2019-09-24 18:38:06 - [MESSAGE][PASSED] - Keys '21/09/2019' sent to object: 'Object Repository/Actpol_Scripts/Opsporing/MBES18/6 Overige gegevens/Wanner'&#xD;
&#xD;
2019-09-24 18:38:07 - [TEST_STEP][PASSED] - delay(1): Delayed 1 second(s)&#xD;
&#xD;
2019-09-24 18:38:08 - [MESSAGE][PASSED] - Delayed 1 second(s)&#xD;
&#xD;
2019-09-24 18:38:08 - [TEST_STEP][PASSED] - click(findTestObject("Actpol_Scripts/Opsporing/MBES18/6 Overige gegevens/Wanner calender")): Object: 'Object Repository/Actpol_Scripts/Opsporing/MBES18/6 Overige gegevens/Wanner calender' is clicked on&#xD;
&#xD;
2019-09-24 18:38:08 - [MESSAGE][PASSED] - Object: 'Object Repository/Actpol_Scripts/Opsporing/MBES18/6 Overige gegevens/Wanner calender' is clicked on&#xD;
&#xD;
2019-09-24 18:38:08 - [TEST_STEP][PASSED] - delay(1): Delayed 1 second(s)&#xD;
&#xD;
2019-09-24 18:38:09 - [MESSAGE][PASSED] - Delayed 1 second(s)&#xD;
&#xD;
2019-09-24 18:38:09 - [TEST_STEP][PASSED] - click(findTestObject("Actpol_Scripts/Date/16th right frame")): Object: 'Object Repository/Actpol_Scripts/Date/16th right frame' is clicked on&#xD;
&#xD;
2019-09-24 18:38:10 - [MESSAGE][PASSED] - Object: 'Object Repository/Actpol_Scripts/Date/16th right frame' is clicked on&#xD;
&#xD;
2019-09-24 18:38:10 - [TEST_STEP][PASSED] - delay(1): Delayed 1 second(s)&#xD;
&#xD;
2019-09-24 18:38:11 - [MESSAGE][PASSED] - Delayed 1 second(s)&#xD;
&#xD;
2019-09-24 18:38:11 - [TEST_STEP][PASSED] - setText(findTestObject("Actpol_Scripts/Opsporing/MBES18/6 Overige gegevens/Welke diplomatieke"), "testing :: Welke diplomatieke vertegenwooedliging"): Text 'testing :: Welke diplomatieke vertegenwooedliging' is set on object 'Object Repository/Actpol_Scripts/Opsporing/MBES18/6 Overige gegevens/Welke diplomatieke'&#xD;
&#xD;
2019-09-24 18:38:14 - [MESSAGE][PASSED] - Text 'testing :: Welke diplomatieke vertegenwooedliging' is set on object 'Object Repository/Actpol_Scripts/Opsporing/MBES18/6 Overige gegevens/Welke diplomatieke'&#xD;
&#xD;
2019-09-24 18:38:14 - [TEST_STEP][PASSED] - delay(1): Delayed 1 second(s)&#xD;
&#xD;
2019-09-24 18:38:15 - [MESSAGE][PASSED] - Delayed 1 second(s)&#xD;
&#xD;
2019-09-24 18:38:15 - [TEST_STEP][PASSED] - click(findTestObject("Actpol_Scripts/Opsporing/MBES18/6 Overige gegevens/Reisdocument ja")): Object: 'Object Repository/Actpol_Scripts/Opsporing/MBES18/6 Overige gegevens/Reisdocument ja' is clicked on&#xD;
&#xD;
2019-09-24 18:38:15 - [MESSAGE][PASSED] - Object: 'Object Repository/Actpol_Scripts/Opsporing/MBES18/6 Overige gegevens/Reisdocument ja' is clicked on&#xD;
&#xD;
2019-09-24 18:38:15 - [TEST_STEP][PASSED] - delay(1): Delayed 1 second(s)&#xD;
&#xD;
2019-09-24 18:38:16 - [MESSAGE][PASSED] - Delayed 1 second(s)&#xD;
&#xD;
2019-09-24 18:38:16 - [TEST_STEP][PASSED] - selectOptionByLabel(findTestObject("Actpol_Scripts/Opsporing/MBES18/6 Overige gegevens/Soort"), "REISDOCUMENT", false): All options with label 'REISDOCUMENT' are selected in object 'Object Repository/Actpol_Scripts/Opsporing/MBES18/6 Overige gegevens/Soort' &#xD;
&#xD;
2019-09-24 18:38:17 - [MESSAGE][PASSED] - All options with label 'REISDOCUMENT' are selected in object 'Object Repository/Actpol_Scripts/Opsporing/MBES18/6 Overige gegevens/Soort' &#xD;
&#xD;
2019-09-24 18:38:17 - [TEST_STEP][PASSED] - delay(1): Delayed 1 second(s)&#xD;
&#xD;
2019-09-24 18:38:18 - [MESSAGE][PASSED] - Delayed 1 second(s)&#xD;
&#xD;
2019-09-24 18:38:18 - [TEST_STEP][PASSED] - setText(findTestObject("Actpol_Scripts/Opsporing/MBES18/6 Overige gegevens/Nummer"), "testing :: Nummer"): Text 'testing :: Nummer' is set on object 'Object Repository/Actpol_Scripts/Opsporing/MBES18/6 Overige gegevens/Nummer'&#xD;
&#xD;
2019-09-24 18:38:19 - [MESSAGE][PASSED] - Text 'testing :: Nummer' is set on object 'Object Repository/Actpol_Scripts/Opsporing/MBES18/6 Overige gegevens/Nummer'&#xD;
&#xD;
2019-09-24 18:38:19 - [TEST_STEP][PASSED] - delay(1): Delayed 1 second(s)&#xD;
&#xD;
2019-09-24 18:38:20 - [MESSAGE][PASSED] - Delayed 1 second(s)&#xD;
&#xD;
2019-09-24 18:38:20 - [TEST_STEP][PASSED] - setText(findTestObject("Actpol_Scripts/Opsporing/MBES18/6 Overige gegevens/Geldig tot"), "21/09/2019"): Text '21/09/2019' is set on object 'Object Repository/Actpol_Scripts/Opsporing/MBES18/6 Overige gegevens/Geldig tot'&#xD;
&#xD;
2019-09-24 18:38:21 - [MESSAGE][PASSED] - Text '21/09/2019' is set on object 'Object Repository/Actpol_Scripts/Opsporing/MBES18/6 Overige gegevens/Geldig tot'&#xD;
&#xD;
2019-09-24 18:38:21 - [TEST_STEP][PASSED] - delay(1): Delayed 1 second(s)&#xD;
&#xD;
2019-09-24 18:38:22 - [MESSAGE][PASSED] - Delayed 1 second(s)&#xD;
&#xD;
2019-09-24 18:38:22 - [TEST_STEP][PASSED] - click(findTestObject("Actpol_Scripts/Opsporing/MBES18/6 Overige gegevens/Geldig tot Calendar icon")): Object: 'Object Repository/Actpol_Scripts/Opsporing/MBES18/6 Overige gegevens/Geldig tot Calendar icon' is clicked on&#xD;
&#xD;
2019-09-24 18:38:23 - [MESSAGE][PASSED] - Object: 'Object Repository/Actpol_Scripts/Opsporing/MBES18/6 Overige gegevens/Geldig tot Calendar icon' is clicked on&#xD;
&#xD;
2019-09-24 18:38:23 - [TEST_STEP][PASSED] - delay(1): Delayed 1 second(s)&#xD;
&#xD;
2019-09-24 18:38:24 - [MESSAGE][PASSED] - Delayed 1 second(s)&#xD;
&#xD;
2019-09-24 18:38:24 - [TEST_STEP][PASSED] - click(findTestObject("Actpol_Scripts/Date/16th right frame")): Object: 'Object Repository/Actpol_Scripts/Date/16th right frame' is clicked on&#xD;
&#xD;
2019-09-24 18:38:24 - [MESSAGE][PASSED] - Object: 'Object Repository/Actpol_Scripts/Date/16th right frame' is clicked on&#xD;
&#xD;
2019-09-24 18:38:24 - [TEST_STEP][PASSED] - delay(1): Delayed 1 second(s)&#xD;
&#xD;
2019-09-24 18:38:26 - [MESSAGE][PASSED] - Delayed 1 second(s)&#xD;
&#xD;
2019-09-24 18:38:26 - [TEST_STEP][PASSED] - setText(findTestObject("Actpol_Scripts/Opsporing/MBES18/6 Overige gegevens/Aanvullende identiteitsdocumenten"), "testing :: Aanvullende identiteitsdocumenten"): Text 'testing :: Aanvullende identiteitsdocumenten' is set on object 'Object Repository/Actpol_Scripts/Opsporing/MBES18/6 Overige gegevens/Aanvullende identiteitsdocumenten'&#xD;
&#xD;
2019-09-24 18:38:27 - [MESSAGE][PASSED] - Text 'testing :: Aanvullende identiteitsdocumenten' is set on object 'Object Repository/Actpol_Scripts/Opsporing/MBES18/6 Overige gegevens/Aanvullende identiteitsdocumenten'&#xD;
&#xD;
2019-09-24 18:38:27 - [TEST_STEP][PASSED] - delay(1): Delayed 1 second(s)&#xD;
&#xD;
2019-09-24 18:38:28 - [MESSAGE][PASSED] - Delayed 1 second(s)&#xD;
&#xD;
2019-09-24 18:38:28 - [TEST_STEP][PASSED] - delay(1): Delayed 1 second(s)&#xD;
&#xD;
2019-09-24 18:38:29 - [MESSAGE][PASSED] - Delayed 1 second(s)&#xD;
&#xD;
2019-09-24 18:38:30 - [TEST_STEP][PASSED] - scrollToPosition(10, 7): Browser is scrolled to position x = 10, y = 7&#xD;
&#xD;
2019-09-24 18:38:30 - [MESSAGE][PASSED] - Browser is scrolled to position x = 10, y = 7&#xD;
&#xD;
2019-09-24 18:38:30 - [TEST_STEP][PASSED] - delay(1): Delayed 1 second(s)&#xD;
&#xD;
2019-09-24 18:38:31 - [MESSAGE][PASSED] - Delayed 1 second(s)&#xD;
&#xD;
2019-09-24 18:38:31 - [TEST_STEP][PASSED] - click(findTestObject("Actpol_Scripts/Opsporing/MBES18/6 Overige gegevens/OVERIGE GEGEVENS tab")): Object: 'Object Repository/Actpol_Scripts/Opsporing/MBES18/6 Overige gegevens/OVERIGE GEGEVENS tab' is clicked on&#xD;
&#xD;
2019-09-24 18:38:31 - [MESSAGE][PASSED] - Object: 'Object Repository/Actpol_Scripts/Opsporing/MBES18/6 Overige gegevens/OVERIGE GEGEVENS tab' is clicked on&#xD;
&#xD;
2019-09-24 18:38:31 - [TEST_STEP][PASSED] - delay(1): Delayed 1 second(s)&#xD;
&#xD;
2019-09-24 18:38:32 - [MESSAGE][PASSED] - Delayed 1 second(s)&#xD;
&#xD;
2019-09-24 18:38:32 - [TEST_STEP][PASSED] - click(findTestObject("Actpol_Scripts/Opsporing/MBES18/7 BEZITTINGEN_BAGAGE/BEZITTINGEN_BAGAGE tab")): Object: 'Object Repository/Actpol_Scripts/Opsporing/MBES18/7 BEZITTINGEN_BAGAGE/BEZITTINGEN_BAGAGE tab' is clicked on&#xD;
&#xD;
2019-09-24 18:38:33 - [MESSAGE][PASSED] - Object: 'Object Repository/Actpol_Scripts/Opsporing/MBES18/7 BEZITTINGEN_BAGAGE/BEZITTINGEN_BAGAGE tab' is clicked on&#xD;
&#xD;
2019-09-24 18:38:33 - [TEST_STEP][PASSED] - delay(1): Delayed 1 second(s)&#xD;
&#xD;
2019-09-24 18:38:34 - [MESSAGE][PASSED] - Delayed 1 second(s)&#xD;
&#xD;
2019-09-24 18:38:34 - [TEST_STEP][PASSED] - click(findTestObject("Actpol_Scripts/Opsporing/MBES18/7 BEZITTINGEN_BAGAGE/Geld ja")): Object: 'Object Repository/Actpol_Scripts/Opsporing/MBES18/7 BEZITTINGEN_BAGAGE/Geld ja' is clicked on&#xD;
&#xD;
2019-09-24 18:38:34 - [MESSAGE][PASSED] - Object: 'Object Repository/Actpol_Scripts/Opsporing/MBES18/7 BEZITTINGEN_BAGAGE/Geld ja' is clicked on&#xD;
&#xD;
2019-09-24 18:38:34 - [TEST_STEP][PASSED] - delay(1): Delayed 1 second(s)&#xD;
&#xD;
2019-09-24 18:38:35 - [MESSAGE][PASSED] - Delayed 1 second(s)&#xD;
&#xD;
2019-09-24 18:38:35 - [TEST_STEP][PASSED] - setText(findTestObject("Actpol_Scripts/Opsporing/MBES18/7 BEZITTINGEN_BAGAGE/Bedrag en valuta text box"), "Testing : Bedrag en valuta"): Text 'Testing : Bedrag en valuta' is set on object 'Object Repository/Actpol_Scripts/Opsporing/MBES18/7 BEZITTINGEN_BAGAGE/Bedrag en valuta text box'&#xD;
&#xD;
2019-09-24 18:38:37 - [MESSAGE][PASSED] - Text 'Testing : Bedrag en valuta' is set on object 'Object Repository/Actpol_Scripts/Opsporing/MBES18/7 BEZITTINGEN_BAGAGE/Bedrag en valuta text box'&#xD;
&#xD;
2019-09-24 18:38:37 - [TEST_STEP][PASSED] - delay(1): Delayed 1 second(s)&#xD;
&#xD;
2019-09-24 18:38:38 - [MESSAGE][PASSED] - Delayed 1 second(s)&#xD;
&#xD;
2019-09-24 18:38:38 - [TEST_STEP][PASSED] - setText(findTestObject("Actpol_Scripts/Opsporing/MBES18/7 BEZITTINGEN_BAGAGE/Bedrag en valuta auto text box"), "a"): Text 'a' is set on object 'Object Repository/Actpol_Scripts/Opsporing/MBES18/7 BEZITTINGEN_BAGAGE/Bedrag en valuta auto text box'&#xD;
&#xD;
2019-09-24 18:38:38 - [MESSAGE][PASSED] - Text 'a' is set on object 'Object Repository/Actpol_Scripts/Opsporing/MBES18/7 BEZITTINGEN_BAGAGE/Bedrag en valuta auto text box'&#xD;
&#xD;
2019-09-24 18:38:38 - [TEST_STEP][PASSED] - delay(2): Delayed 2 second(s)&#xD;
&#xD;
2019-09-24 18:38:40 - [MESSAGE][PASSED] - Delayed 2 second(s)&#xD;
&#xD;
2019-09-24 18:38:40 - [TEST_STEP][PASSED] - click(findTestObject("Actpol_Scripts/Opsporing/MBES18/7 BEZITTINGEN_BAGAGE/Bedrag en valuta lb")): Object: 'Object Repository/Actpol_Scripts/Opsporing/MBES18/7 BEZITTINGEN_BAGAGE/Bedrag en valuta lb' is clicked on&#xD;
&#xD;
2019-09-24 18:38:41 - [MESSAGE][PASSED] - Object: 'Object Repository/Actpol_Scripts/Opsporing/MBES18/7 BEZITTINGEN_BAGAGE/Bedrag en valuta lb' is clicked on&#xD;
&#xD;
2019-09-24 18:38:41 - [TEST_STEP][PASSED] - delay(4): Delayed 4 second(s)&#xD;
&#xD;
2019-09-24 18:38:45 - [MESSAGE][PASSED] - Delayed 4 second(s)&#xD;
&#xD;
2019-09-24 18:38:45 - [TEST_STEP][PASSED] - click(findTestObject("Actpol_Scripts/Opsporing/MBES18/7 BEZITTINGEN_BAGAGE/Pinpas_credict card ja")): Object: 'Object Repository/Actpol_Scripts/Opsporing/MBES18/7 BEZITTINGEN_BAGAGE/Pinpas_credict card ja' is clicked on&#xD;
&#xD;
2019-09-24 18:38:46 - [MESSAGE][PASSED] - Object: 'Object Repository/Actpol_Scripts/Opsporing/MBES18/7 BEZITTINGEN_BAGAGE/Pinpas_credict card ja' is clicked on&#xD;
&#xD;
2019-09-24 18:38:46 - [TEST_STEP][PASSED] - delay(1): Delayed 1 second(s)&#xD;
&#xD;
2019-09-24 18:38:47 - [MESSAGE][PASSED] - Delayed 1 second(s)&#xD;
&#xD;
2019-09-24 18:38:47 - [TEST_STEP][PASSED] - setText(findTestObject("Actpol_Scripts/Opsporing/MBES18/7 BEZITTINGEN_BAGAGE/Bedrag maximale opname"), "Testing : Bedrag en valuta"): Text 'Testing : Bedrag en valuta' is set on object 'Object Repository/Actpol_Scripts/Opsporing/MBES18/7 BEZITTINGEN_BAGAGE/Bedrag maximale opname'&#xD;
&#xD;
2019-09-24 18:38:48 - [MESSAGE][PASSED] - Text 'Testing : Bedrag en valuta' is set on object 'Object Repository/Actpol_Scripts/Opsporing/MBES18/7 BEZITTINGEN_BAGAGE/Bedrag maximale opname'&#xD;
&#xD;
2019-09-24 18:38:48 - [TEST_STEP][PASSED] - delay(1): Delayed 1 second(s)&#xD;
&#xD;
2019-09-24 18:38:49 - [MESSAGE][PASSED] - Delayed 1 second(s)&#xD;
&#xD;
2019-09-24 18:38:49 - [TEST_STEP][NOT_RUN] - selectOptionByLabel(findTestObject("Actpol_Scripts/Opsporing/MBES18/7 BEZITTINGEN_BAGAGE/Arrival location"), "Luchthaven", false): NOT_RUN: selectOptionByLabel(findTestObject("Actpol_Scripts/Opsporing/MBES18/7 BEZITTINGEN_BAGAGE/Arrival location"), "Luchthaven", false)&#xD;
&#xD;
2019-09-24 18:38:49 - [MESSAGE][NOT_RUN] - NOT_RUN: selectOptionByLabel(findTestObject("Actpol_Scripts/Opsporing/MBES18/7 BEZITTINGEN_BAGAGE/Arrival location"), "Luchthaven", false)&#xD;
&#xD;
2019-09-24 18:38:49 - [TEST_STEP][PASSED] - delay(1): Delayed 1 second(s)&#xD;
&#xD;
2019-09-24 18:38:50 - [MESSAGE][PASSED] - Delayed 1 second(s)&#xD;
&#xD;
2019-09-24 18:38:50 - [TEST_STEP][NOT_RUN] - setText(findTestObject("Actpol_Scripts/Opsporing/MBES18/7 BEZITTINGEN_BAGAGE/Datum"), "04/02/2019"): NOT_RUN: setText(findTestObject("Actpol_Scripts/Opsporing/MBES18/7 BEZITTINGEN_BAGAGE/Datum"), "04/02/2019")&#xD;
&#xD;
2019-09-24 18:38:50 - [MESSAGE][NOT_RUN] - NOT_RUN: setText(findTestObject("Actpol_Scripts/Opsporing/MBES18/7 BEZITTINGEN_BAGAGE/Datum"), "04/02/2019")&#xD;
&#xD;
2019-09-24 18:38:50 - [TEST_STEP][NOT_RUN] - click(findTestObject("Actpol_Scripts/Opsporing/MBES18/7 BEZITTINGEN_BAGAGE/Datum img icon")): NOT_RUN: click(findTestObject("Actpol_Scripts/Opsporing/MBES18/7 BEZITTINGEN_BAGAGE/Datum img icon"))&#xD;
&#xD;
2019-09-24 18:38:50 - [MESSAGE][NOT_RUN] - NOT_RUN: click(findTestObject("Actpol_Scripts/Opsporing/MBES18/7 BEZITTINGEN_BAGAGE/Datum img icon"))&#xD;
&#xD;
2019-09-24 18:38:50 - [TEST_STEP][NOT_RUN] - delay(1): NOT_RUN: delay(1)&#xD;
&#xD;
2019-09-24 18:38:50 - [MESSAGE][NOT_RUN] - NOT_RUN: delay(1)&#xD;
&#xD;
2019-09-24 18:38:50 - [TEST_STEP][NOT_RUN] - selectOptionByLabel(findTestObject("Actpol_Scripts/Monthyear/Rightmonth"), "aug", false): NOT_RUN: selectOptionByLabel(findTestObject("Actpol_Scripts/Monthyear/Rightmonth"), "aug", false)&#xD;
&#xD;
2019-09-24 18:38:50 - [MESSAGE][NOT_RUN] - NOT_RUN: selectOptionByLabel(findTestObject("Actpol_Scripts/Monthyear/Rightmonth"), "aug", false)&#xD;
&#xD;
2019-09-24 18:38:50 - [TEST_STEP][NOT_RUN] - delay(1): NOT_RUN: delay(1)&#xD;
&#xD;
2019-09-24 18:38:50 - [MESSAGE][NOT_RUN] - NOT_RUN: delay(1)&#xD;
&#xD;
2019-09-24 18:38:50 - [TEST_STEP][NOT_RUN] - selectOptionByLabel(findTestObject("Actpol_Scripts/Monthyear/Rightyear"), "2019", false): NOT_RUN: selectOptionByLabel(findTestObject("Actpol_Scripts/Monthyear/Rightyear"), "2019", false)&#xD;
&#xD;
2019-09-24 18:38:50 - [MESSAGE][NOT_RUN] - NOT_RUN: selectOptionByLabel(findTestObject("Actpol_Scripts/Monthyear/Rightyear"), "2019", false)&#xD;
&#xD;
2019-09-24 18:38:50 - [TEST_STEP][NOT_RUN] - delay(1): NOT_RUN: delay(1)&#xD;
&#xD;
2019-09-24 18:38:50 - [MESSAGE][NOT_RUN] - NOT_RUN: delay(1)&#xD;
&#xD;
2019-09-24 18:38:50 - [TEST_STEP][NOT_RUN] - click(findTestObject("Actpol_Scripts/Date/Right side/4th")): NOT_RUN: click(findTestObject("Actpol_Scripts/Date/Right side/4th"))&#xD;
&#xD;
2019-09-24 18:38:50 - [MESSAGE][NOT_RUN] - NOT_RUN: click(findTestObject("Actpol_Scripts/Date/Right side/4th"))&#xD;
&#xD;
2019-09-24 18:38:50 - [TEST_STEP][NOT_RUN] - delay(3): NOT_RUN: delay(3)&#xD;
&#xD;
2019-09-24 18:38:50 - [MESSAGE][NOT_RUN] - NOT_RUN: delay(3)&#xD;
&#xD;
2019-09-24 18:38:50 - [TEST_STEP][NOT_RUN] - selectOptionByIndex(findTestObject("Actpol_Scripts/Opsporing/MBES18/7 BEZITTINGEN_BAGAGE/Vlucht"), "1"): NOT_RUN: selectOptionByIndex(findTestObject("Actpol_Scripts/Opsporing/MBES18/7 BEZITTINGEN_BAGAGE/Vlucht"), "1")&#xD;
&#xD;
2019-09-24 18:38:50 - [MESSAGE][NOT_RUN] - NOT_RUN: selectOptionByIndex(findTestObject("Actpol_Scripts/Opsporing/MBES18/7 BEZITTINGEN_BAGAGE/Vlucht"), "1")&#xD;
&#xD;
2019-09-24 18:38:50 - [TEST_STEP][PASSED] - delay(1): Delayed 1 second(s)&#xD;
&#xD;
2019-09-24 18:38:51 - [MESSAGE][PASSED] - Delayed 1 second(s)&#xD;
&#xD;
2019-09-24 18:38:51 - [TEST_STEP][PASSED] - setText(findTestObject("Actpol_Scripts/Opsporing/MBES18/7 BEZITTINGEN_BAGAGE/Bestemming"), "a"): Text 'a' is set on object 'Object Repository/Actpol_Scripts/Opsporing/MBES18/7 BEZITTINGEN_BAGAGE/Bestemming'&#xD;
&#xD;
2019-09-24 18:38:52 - [MESSAGE][PASSED] - Text 'a' is set on object 'Object Repository/Actpol_Scripts/Opsporing/MBES18/7 BEZITTINGEN_BAGAGE/Bestemming'&#xD;
&#xD;
2019-09-24 18:38:52 - [TEST_STEP][PASSED] - delay(2): Delayed 2 second(s)&#xD;
&#xD;
2019-09-24 18:38:54 - [MESSAGE][PASSED] - Delayed 2 second(s)&#xD;
&#xD;
2019-09-24 18:38:54 - [TEST_STEP][PASSED] - click(findTestObject("Actpol_Scripts/Opsporing/MBES18/7 BEZITTINGEN_BAGAGE/Bestemming lb")): Object: 'Object Repository/Actpol_Scripts/Opsporing/MBES18/7 BEZITTINGEN_BAGAGE/Bestemming lb' is clicked on&#xD;
&#xD;
2019-09-24 18:38:54 - [MESSAGE][PASSED] - Object: 'Object Repository/Actpol_Scripts/Opsporing/MBES18/7 BEZITTINGEN_BAGAGE/Bestemming lb' is clicked on&#xD;
&#xD;
2019-09-24 18:38:54 - [TEST_STEP][PASSED] - delay(4): Delayed 4 second(s)&#xD;
&#xD;
2019-09-24 18:38:58 - [MESSAGE][PASSED] - Delayed 4 second(s)&#xD;
&#xD;
2019-09-24 18:38:58 - [TEST_STEP][PASSED] - click(findTestObject("Actpol_Scripts/Opsporing/MBES18/7 BEZITTINGEN_BAGAGE/Ingenomen n goederen ja")): Object: 'Object Repository/Actpol_Scripts/Opsporing/MBES18/7 BEZITTINGEN_BAGAGE/Ingenomen n goederen ja' is clicked on&#xD;
&#xD;
2019-09-24 18:38:59 - [MESSAGE][PASSED] - Object: 'Object Repository/Actpol_Scripts/Opsporing/MBES18/7 BEZITTINGEN_BAGAGE/Ingenomen n goederen ja' is clicked on&#xD;
&#xD;
2019-09-24 18:38:59 - [TEST_STEP][PASSED] - delay(1): Delayed 1 second(s)&#xD;
&#xD;
2019-09-24 18:39:00 - [MESSAGE][PASSED] - Delayed 1 second(s)&#xD;
&#xD;
2019-09-24 18:39:00 - [TEST_STEP][PASSED] - setText(findTestObject("Actpol_Scripts/Opsporing/MBES18/7 BEZITTINGEN_BAGAGE/Toelichting(preciosa)"), "Testing : Bedrag en valuta"): Text 'Testing : Bedrag en valuta' is set on object 'Object Repository/Actpol_Scripts/Opsporing/MBES18/7 BEZITTINGEN_BAGAGE/Toelichting(preciosa)'&#xD;
&#xD;
2019-09-24 18:39:01 - [MESSAGE][PASSED] - Text 'Testing : Bedrag en valuta' is set on object 'Object Repository/Actpol_Scripts/Opsporing/MBES18/7 BEZITTINGEN_BAGAGE/Toelichting(preciosa)'&#xD;
&#xD;
2019-09-24 18:39:01 - [TEST_STEP][PASSED] - delay(1): Delayed 1 second(s)&#xD;
&#xD;
2019-09-24 18:39:02 - [MESSAGE][PASSED] - Delayed 1 second(s)&#xD;
&#xD;
2019-09-24 18:39:02 - [TEST_STEP][PASSED] - click(findTestObject("Actpol_Scripts/Opsporing/MBES18/7 BEZITTINGEN_BAGAGE/Koffers ja")): Object: 'Object Repository/Actpol_Scripts/Opsporing/MBES18/7 BEZITTINGEN_BAGAGE/Koffers ja' is clicked on&#xD;
&#xD;
2019-09-24 18:39:03 - [MESSAGE][PASSED] - Object: 'Object Repository/Actpol_Scripts/Opsporing/MBES18/7 BEZITTINGEN_BAGAGE/Koffers ja' is clicked on&#xD;
&#xD;
2019-09-24 18:39:03 - [TEST_STEP][PASSED] - delay(1): Delayed 1 second(s)&#xD;
&#xD;
2019-09-24 18:39:04 - [MESSAGE][PASSED] - Delayed 1 second(s)&#xD;
&#xD;
2019-09-24 18:39:04 - [TEST_STEP][PASSED] - click(findTestObject("Actpol_Scripts/Opsporing/MBES18/7 BEZITTINGEN_BAGAGE/Tasen ja")): Object: 'Object Repository/Actpol_Scripts/Opsporing/MBES18/7 BEZITTINGEN_BAGAGE/Tasen ja' is clicked on&#xD;
&#xD;
2019-09-24 18:39:04 - [MESSAGE][PASSED] - Object: 'Object Repository/Actpol_Scripts/Opsporing/MBES18/7 BEZITTINGEN_BAGAGE/Tasen ja' is clicked on&#xD;
&#xD;
2019-09-24 18:39:04 - [TEST_STEP][PASSED] - delay(1): Delayed 1 second(s)&#xD;
&#xD;
2019-09-24 18:39:05 - [MESSAGE][PASSED] - Delayed 1 second(s)&#xD;
&#xD;
2019-09-24 18:39:05 - [TEST_STEP][PASSED] - click(findTestObject("Actpol_Scripts/Opsporing/MBES18/7 BEZITTINGEN_BAGAGE/Dozen")): Object: 'Object Repository/Actpol_Scripts/Opsporing/MBES18/7 BEZITTINGEN_BAGAGE/Dozen' is clicked on&#xD;
&#xD;
2019-09-24 18:39:06 - [MESSAGE][PASSED] - Object: 'Object Repository/Actpol_Scripts/Opsporing/MBES18/7 BEZITTINGEN_BAGAGE/Dozen' is clicked on&#xD;
&#xD;
2019-09-24 18:39:06 - [TEST_STEP][PASSED] - delay(1): Delayed 1 second(s)&#xD;
&#xD;
2019-09-24 18:39:07 - [MESSAGE][PASSED] - Delayed 1 second(s)&#xD;
&#xD;
2019-09-24 18:39:07 - [TEST_STEP][PASSED] - click(findTestObject("Actpol_Scripts/Opsporing/MBES18/7 BEZITTINGEN_BAGAGE/Reis ja")): Object: 'Object Repository/Actpol_Scripts/Opsporing/MBES18/7 BEZITTINGEN_BAGAGE/Reis ja' is clicked on&#xD;
&#xD;
2019-09-24 18:39:07 - [MESSAGE][PASSED] - Object: 'Object Repository/Actpol_Scripts/Opsporing/MBES18/7 BEZITTINGEN_BAGAGE/Reis ja' is clicked on&#xD;
&#xD;
2019-09-24 18:39:07 - [TEST_STEP][PASSED] - delay(1): Delayed 1 second(s)&#xD;
&#xD;
2019-09-24 18:39:08 - [MESSAGE][PASSED] - Delayed 1 second(s)&#xD;
&#xD;
2019-09-24 18:39:08 - [TEST_STEP][PASSED] - click(findTestObject("Actpol_Scripts/Opsporing/MBES18/MBSC SAVE")): Object: 'Object Repository/Actpol_Scripts/Opsporing/MBES18/MBSC SAVE' is clicked on&#xD;
&#xD;
2019-09-24 18:39:09 - [MESSAGE][PASSED] - Object: 'Object Repository/Actpol_Scripts/Opsporing/MBES18/MBSC SAVE' is clicked on</system-out>
            <system-err></system-err>
        </testcase>
        <testcase name="Test Cases/JIRA Tasks/Release 6.6/ACTPOL-566" classname="Test Cases/JIRA Tasks/Release 6.6/ACTPOL-566" status="FAILED">
            <failure type="FAILED" message="Test Cases/JIRA Tasks/Release 6.6/ACTPOL-566 FAILED.&#xA;Reason:&#xA;com.kms.katalon.core.exception.StepFailedException: Unable to click on object 'Object Repository/Actpol_Scripts/Opsporing/MBES18/8 Documenten/edit default mbes 18'&#xD;&#xA;&#x9;at com.kms.katalon.core.webui.keyword.internal.WebUIKeywordMain.stepFailed(WebUIKeywordMain.groovy:64)&#xD;&#xA;&#x9;at com.kms.katalon.core.webui.keyword.internal.WebUIKeywordMain.runKeyword(WebUIKeywordMain.groovy:26)&#xD;&#xA;&#x9;at com.kms.katalon.core.webui.keyword.builtin.ClickKeyword.click(ClickKeyword.groovy:86)&#xD;&#xA;&#x9;at com.kms.katalon.core.webui.keyword.builtin.ClickKeyword.execute(ClickKeyword.groovy:67)&#xD;&#xA;&#x9;at com.kms.katalon.core.keyword.internal.KeywordExecutor.executeKeywordForPlatform(KeywordExecutor.groovy:56)&#xD;&#xA;&#x9;at com.kms.katalon.core.webui.keyword.WebUiBuiltInKeywords.click(WebUiBuiltInKeywords.groovy:616)&#xD;&#xA;&#x9;at com.kms.katalon.core.webui.keyword.WebUiBuiltInKeywords$click$6.call(Unknown Source)&#xD;&#xA;&#x9;at ACTPOL-566.run(ACTPOL-566:29)&#xD;&#xA;&#x9;at com.kms.katalon.core.main.ScriptEngine.run(ScriptEngine.java:194)&#xD;&#xA;&#x9;at com.kms.katalon.core.main.ScriptEngine.runScriptAsRawText(ScriptEngine.java:119)&#xD;&#xA;&#x9;at com.kms.katalon.core.main.TestCaseExecutor.runScript(TestCaseExecutor.java:337)&#xD;&#xA;&#x9;at com.kms.katalon.core.main.TestCaseExecutor.doExecute(TestCaseExecutor.java:328)&#xD;&#xA;&#x9;at com.kms.katalon.core.main.TestCaseExecutor.processExecutionPhase(TestCaseExecutor.java:307)&#xD;&#xA;&#x9;at com.kms.katalon.core.main.TestCaseExecutor.accessMainPhase(TestCaseExecutor.java:299)&#xD;&#xA;&#x9;at com.kms.katalon.core.main.TestCaseExecutor.execute(TestCaseExecutor.java:233)&#xD;&#xA;&#x9;at com.kms.katalon.core.main.TestSuiteExecutor.accessTestCaseMainPhase(TestSuiteExecutor.java:169)&#xD;&#xA;&#x9;at com.kms.katalon.core.main.TestSuiteExecutor.accessTestSuiteMainPhase(TestSuiteExecutor.java:142)&#xD;&#xA;&#x9;at com.kms.katalon.core.main.TestSuiteExecutor.execute(TestSuiteExecutor.java:91)&#xD;&#xA;&#x9;at com.kms.katalon.core.main.TestCaseMain.startTestSuite(TestCaseMain.java:157)&#xD;&#xA;&#x9;at com.kms.katalon.core.main.TestCaseMain$startTestSuite$0.call(Unknown Source)&#xD;&#xA;&#x9;at TempTestSuite1569329313236.run(TempTestSuite1569329313236.groovy:35)&#xD;&#xA;Caused by: org.openqa.selenium.ElementNotInteractableException: element not interactable&#xA;  (Session info: chrome=77.0.3865.90)&#xA;Build info: version: '3.141.59', revision: 'e82be7d358', time: '2018-11-14T08:25:53'&#xA;System info: host: 'NIVI-4', ip: '10.20.20.9', os.name: 'Windows 8.1', os.arch: 'amd64', os.version: '6.3', java.version: '1.8.0_181'&#xA;Driver info: com.kms.katalon.selenium.driver.CChromeDriver&#xA;Capabilities {acceptInsecureCerts: false, browserName: chrome, browserVersion: 77.0.3865.90, chrome: {chromedriverVersion: 77.0.3865.40 (f484704e052e0..., userDataDir: C:\Users\user4\AppData\Loca...}, goog:chromeOptions: {debuggerAddress: localhost:65007}, javascriptEnabled: true, networkConnectionEnabled: false, pageLoadStrategy: normal, platform: XP, platformName: XP, proxy: Proxy(), setWindowRect: true, strictFileInteractability: false, timeouts: {implicit: 0, pageLoad: 300000, script: 30000}, unhandledPromptBehavior: dismiss and notify}&#xA;Session ID: 2b8cac61c520e9e067d00e31e68d52d0&#xD;&#xA;&#x9;at org.openqa.selenium.remote.http.W3CHttpResponseCodec.createException(W3CHttpResponseCodec.java:187)&#xD;&#xA;&#x9;at org.openqa.selenium.remote.http.W3CHttpResponseCodec.decode(W3CHttpResponseCodec.java:122)&#xD;&#xA;&#x9;at org.openqa.selenium.remote.http.W3CHttpResponseCodec.decode(W3CHttpResponseCodec.java:49)&#xD;&#xA;&#x9;at org.openqa.selenium.remote.HttpCommandExecutor.execute(HttpCommandExecutor.java:158)&#xD;&#xA;&#x9;at org.openqa.selenium.remote.service.DriverCommandExecutor.execute(DriverCommandExecutor.java:83)&#xD;&#xA;&#x9;at org.openqa.selenium.remote.RemoteWebDriver.execute(RemoteWebDriver.java:552)&#xD;&#xA;&#x9;at com.kms.katalon.selenium.driver.CChromeDriver.execute(CChromeDriver.java:20)&#xD;&#xA;&#x9;at org.openqa.selenium.remote.RemoteWebElement.execute(RemoteWebElement.java:285)&#xD;&#xA;&#x9;at org.openqa.selenium.remote.RemoteWebElement.click(RemoteWebElement.java:84)&#xD;&#xA;&#x9;at com.kms.katalon.core.webui.keyword.builtin.ClickKeyword$_click_closure1.doCall(ClickKeyword.groovy:79)&#xD;&#xA;&#x9;at com.kms.katalon.core.webui.keyword.builtin.ClickKeyword$_click_closure1.call(ClickKeyword.groovy)&#xD;&#xA;&#x9;at com.kms.katalon.core.webui.keyword.internal.WebUIKeywordMain.runKeyword(WebUIKeywordMain.groovy:20)&#xD;&#xA;&#x9;... 19 more&#xD;&#xA;"/>
            <system-out>2019-09-24 18:39:12 - [TEST_CASE][FAILED] - Test Cases/JIRA Tasks/Release 6.6/ACTPOL-566: Test Cases/JIRA Tasks/Release 6.6/ACTPOL-566 FAILED.
Reason:
com.kms.katalon.core.exception.StepFailedException: Unable to click on object 'Object Repository/Actpol_Scripts/Opsporing/MBES18/8 Documenten/edit default mbes 18'&#xD;
	at com.kms.katalon.core.webui.keyword.internal.WebUIKeywordMain.stepFailed(WebUIKeywordMain.groovy:64)&#xD;
	at com.kms.katalon.core.webui.keyword.internal.WebUIKeywordMain.runKeyword(WebUIKeywordMain.groovy:26)&#xD;
	at com.kms.katalon.core.webui.keyword.builtin.ClickKeyword.click(ClickKeyword.groovy:86)&#xD;
	at com.kms.katalon.core.webui.keyword.builtin.ClickKeyword.execute(ClickKeyword.groovy:67)&#xD;
	at com.kms.katalon.core.keyword.internal.KeywordExecutor.executeKeywordForPlatform(KeywordExecutor.groovy:56)&#xD;
	at com.kms.katalon.core.webui.keyword.WebUiBuiltInKeywords.click(WebUiBuiltInKeywords.groovy:616)&#xD;
	at com.kms.katalon.core.webui.keyword.WebUiBuiltInKeywords$click$6.call(Unknown Source)&#xD;
	at ACTPOL-566.run(ACTPOL-566:29)&#xD;
	at com.kms.katalon.core.main.ScriptEngine.run(ScriptEngine.java:194)&#xD;
	at com.kms.katalon.core.main.ScriptEngine.runScriptAsRawText(ScriptEngine.java:119)&#xD;
	at com.kms.katalon.core.main.TestCaseExecutor.runScript(TestCaseExecutor.java:337)&#xD;
	at com.kms.katalon.core.main.TestCaseExecutor.doExecute(TestCaseExecutor.java:328)&#xD;
	at com.kms.katalon.core.main.TestCaseExecutor.processExecutionPhase(TestCaseExecutor.java:307)&#xD;
	at com.kms.katalon.core.main.TestCaseExecutor.accessMainPhase(TestCaseExecutor.java:299)&#xD;
	at com.kms.katalon.core.main.TestCaseExecutor.execute(TestCaseExecutor.java:233)&#xD;
	at com.kms.katalon.core.main.TestSuiteExecutor.accessTestCaseMainPhase(TestSuiteExecutor.java:169)&#xD;
	at com.kms.katalon.core.main.TestSuiteExecutor.accessTestSuiteMainPhase(TestSuiteExecutor.java:142)&#xD;
	at com.kms.katalon.core.main.TestSuiteExecutor.execute(TestSuiteExecutor.java:91)&#xD;
	at com.kms.katalon.core.main.TestCaseMain.startTestSuite(TestCaseMain.java:157)&#xD;
	at com.kms.katalon.core.main.TestCaseMain$startTestSuite$0.call(Unknown Source)&#xD;
	at TempTestSuite1569329313236.run(TempTestSuite1569329313236.groovy:35)&#xD;
Caused by: org.openqa.selenium.ElementNotInteractableException: element not interactable
  (Session info: chrome=77.0.3865.90)
Build info: version: '3.141.59', revision: 'e82be7d358', time: '2018-11-14T08:25:53'
System info: host: 'NIVI-4', ip: '10.20.20.9', os.name: 'Windows 8.1', os.arch: 'amd64', os.version: '6.3', java.version: '1.8.0_181'
Driver info: com.kms.katalon.selenium.driver.CChromeDriver
Capabilities {acceptInsecureCerts: false, browserName: chrome, browserVersion: 77.0.3865.90, chrome: {chromedriverVersion: 77.0.3865.40 (f484704e052e0..., userDataDir: C:\Users\user4\AppData\Loca...}, goog:chromeOptions: {debuggerAddress: localhost:65007}, javascriptEnabled: true, networkConnectionEnabled: false, pageLoadStrategy: normal, platform: XP, platformName: XP, proxy: Proxy(), setWindowRect: true, strictFileInteractability: false, timeouts: {implicit: 0, pageLoad: 300000, script: 30000}, unhandledPromptBehavior: dismiss and notify}
Session ID: 2b8cac61c520e9e067d00e31e68d52d0&#xD;
	at org.openqa.selenium.remote.http.W3CHttpResponseCodec.createException(W3CHttpResponseCodec.java:187)&#xD;
	at org.openqa.selenium.remote.http.W3CHttpResponseCodec.decode(W3CHttpResponseCodec.java:122)&#xD;
	at org.openqa.selenium.remote.http.W3CHttpResponseCodec.decode(W3CHttpResponseCodec.java:49)&#xD;
	at org.openqa.selenium.remote.HttpCommandExecutor.execute(HttpCommandExecutor.java:158)&#xD;
	at org.openqa.selenium.remote.service.DriverCommandExecutor.execute(DriverCommandExecutor.java:83)&#xD;
	at org.openqa.selenium.remote.RemoteWebDriver.execute(RemoteWebDriver.java:552)&#xD;
	at com.kms.katalon.selenium.driver.CChromeDriver.execute(CChromeDriver.java:20)&#xD;
	at org.openqa.selenium.remote.RemoteWebElement.execute(RemoteWebElement.java:285)&#xD;
	at org.openqa.selenium.remote.RemoteWebElement.click(RemoteWebElement.java:84)&#xD;
	at com.kms.katalon.core.webui.keyword.builtin.ClickKeyword$_click_closure1.doCall(ClickKeyword.groovy:79)&#xD;
	at com.kms.katalon.core.webui.keyword.builtin.ClickKeyword$_click_closure1.call(ClickKeyword.groovy)&#xD;
	at com.kms.katalon.core.webui.keyword.internal.WebUIKeywordMain.runKeyword(WebUIKeywordMain.groovy:20)&#xD;
	... 19 more&#xD;
&#xD;
&#xD;
2019-09-24 18:39:12 - [TEST_STEP][PASSED] - callTestCase(findTestCase("main/Actpol_Login_testenv"), [:], STOP_ON_FAILURE): Call Test Case 'Test Cases/main/Actpol_Login_testenv' successfully&#xD;
&#xD;
2019-09-24 18:39:12 - [TEST_CASE][PASSED] - Test Cases/main/Actpol_Login_testenv: Test Cases/main/Actpol_Login_testenv&#xD;
&#xD;
2019-09-24 18:39:12 - [TEST_STEP][PASSED] - openBrowser(""): Browser is opened with url: ''&#xD;
&#xD;
2019-09-24 18:39:12 - [MESSAGE][WARNING] - A browser is already opened. Closing browser and opening a new one&#xD;
&#xD;
2019-09-24 18:39:13 - [MESSAGE][INFO] - Starting 'Chrome' driver&#xD;
&#xD;
2019-09-24 18:39:16 - [MESSAGE][PASSED] - Browser is opened with url: ''&#xD;
&#xD;
2019-09-24 18:39:16 - [TEST_STEP][PASSED] - deleteAllCookies(): Delete all cookies successfully&#xD;
&#xD;
2019-09-24 18:39:16 - [MESSAGE][PASSED] - Delete all cookies successfully&#xD;
&#xD;
2019-09-24 18:39:16 - [TEST_STEP][PASSED] - waitForPageLoad(60): Wait for page load successfully&#xD;
&#xD;
2019-09-24 18:39:16 - [MESSAGE][PASSED] - Wait for page load successfully&#xD;
&#xD;
2019-09-24 18:39:16 - [TEST_STEP][PASSED] - maximizeWindow(): Current window maximized&#xD;
&#xD;
2019-09-24 18:39:17 - [MESSAGE][PASSED] - Current window maximized&#xD;
&#xD;
2019-09-24 18:39:17 - [TEST_STEP][PASSED] - ACTPOLTESTENV = 1: null&#xD;
&#xD;
2019-09-24 18:39:17 - [TEST_STEP][PASSED] - ACTPOLDEVENV = 2: null&#xD;
&#xD;
2019-09-24 18:39:17 - [TEST_STEP][PASSED] - ACTPOLKCENV = 3: null&#xD;
&#xD;
2019-09-24 18:39:17 - [TEST_STEP][PASSED] - ACTPOLKBKPCNENV = 4: null&#xD;
&#xD;
2019-09-24 18:39:17 - [TEST_STEP][PASSED] - ACTPOLKBKMARENV = 5: null&#xD;
&#xD;
2019-09-24 18:39:17 - [TEST_STEP][PASSED] - ACTPOLKMENV = 6: null&#xD;
&#xD;
2019-09-24 18:39:17 - [TEST_STEP][PASSED] - ACTPOLKWENV = 7: null&#xD;
&#xD;
2019-09-24 18:39:17 - [TEST_STEP][PASSED] - environment = ACTPOLTESTENV: null&#xD;
&#xD;
2019-09-24 18:39:17 - [TEST_STEP][PASSED] - Selectenv = &lt;not implemented yet for class: org.codehaus.groovy.ast.expr.EmptyExpression&gt;: null&#xD;
&#xD;
2019-09-24 18:39:17 - [TEST_STEP][PASSED] - switch (environment): null&#xD;
&#xD;
2019-09-24 18:39:17 - [TEST_STEP][PASSED] - case 1:: null&#xD;
&#xD;
2019-09-24 18:39:17 - [TEST_STEP][PASSED] - println(Selectenv = "ACTPOL-TEST-ENV"): null&#xD;
&#xD;
2019-09-24 18:39:17 - [TEST_STEP][PASSED] - navigateToUrl(TESTURL): Navigate to 'http://10.20.10.7:8185/actpoltst/nxmenu.pgm?docnum=551' successfully&#xD;
&#xD;
2019-09-24 18:39:29 - [MESSAGE][PASSED] - Navigate to 'http://10.20.10.7:8185/actpoltst/nxmenu.pgm?docnum=551' successfully&#xD;
&#xD;
2019-09-24 18:39:29 - [TEST_STEP][PASSED] - setText(findTestObject("Actpol_Scripts/login/userid"), username): Text 'vidhya' is set on object 'Object Repository/Actpol_Scripts/login/userid'&#xD;
&#xD;
2019-09-24 18:39:30 - [MESSAGE][PASSED] - Text 'vidhya' is set on object 'Object Repository/Actpol_Scripts/login/userid'&#xD;
&#xD;
2019-09-24 18:39:30 - [TEST_STEP][PASSED] - setMaskedText(findTestObject("Actpol_Scripts/login/password"), password): Text '********' is set on object 'Object Repository/Actpol_Scripts/login/password'&#xD;
&#xD;
2019-09-24 18:39:30 - [MESSAGE][PASSED] - Text '********' is set on object 'Object Repository/Actpol_Scripts/login/password'&#xD;
&#xD;
2019-09-24 18:39:30 - [TEST_STEP][PASSED] - click(findTestObject("Actpol_Scripts/login/login")): Object: 'Object Repository/Actpol_Scripts/login/login' is clicked on&#xD;
&#xD;
2019-09-24 18:39:31 - [MESSAGE][PASSED] - Object: 'Object Repository/Actpol_Scripts/login/login' is clicked on&#xD;
&#xD;
2019-09-24 18:39:31 - [TEST_STEP][PASSED] - getWindowTitle(): Current window's title is: 'Login Page for ACTPOL Test'&#xD;
&#xD;
2019-09-24 18:39:31 - [MESSAGE][PASSED] - Current window's title is: 'Login Page for ACTPOL Test'&#xD;
&#xD;
2019-09-24 18:39:31 - [TEST_STEP][PASSED] - delay(5): Delayed 5 second(s)&#xD;
&#xD;
2019-09-24 18:39:36 - [MESSAGE][PASSED] - Delayed 5 second(s)&#xD;
&#xD;
2019-09-24 18:39:36 - [TEST_STEP][PASSED] - break: null&#xD;
&#xD;
2019-09-24 18:39:36 - [MESSAGE][PASSED] - Call Test Case 'Test Cases/main/Actpol_Login_testenv' successfully&#xD;
&#xD;
2019-09-24 18:39:36 - [TEST_STEP][PASSED] - delay(6): Delayed 6 second(s)&#xD;
&#xD;
2019-09-24 18:39:42 - [MESSAGE][PASSED] - Delayed 6 second(s)&#xD;
&#xD;
2019-09-24 18:39:42 - [TEST_STEP][PASSED] - mouseOver(findTestObject("Actpol_Scripts/Menu navigation/Generiek/Generiek")): Object: 'Object Repository/Actpol_Scripts/Menu navigation/Generiek/Generiek' is hovered&#xD;
&#xD;
2019-09-24 18:39:42 - [MESSAGE][PASSED] - Object: 'Object Repository/Actpol_Scripts/Menu navigation/Generiek/Generiek' is hovered&#xD;
&#xD;
2019-09-24 18:39:42 - [TEST_STEP][PASSED] - delay(4): Delayed 4 second(s)&#xD;
&#xD;
2019-09-24 18:39:46 - [MESSAGE][PASSED] - Delayed 4 second(s)&#xD;
&#xD;
2019-09-24 18:39:46 - [TEST_STEP][PASSED] - click(findTestObject("Actpol_Scripts/Opsporing/MBES18/MBES18 TAB")): Object: 'Object Repository/Actpol_Scripts/Opsporing/MBES18/MBES18 TAB' is clicked on&#xD;
&#xD;
2019-09-24 18:39:46 - [MESSAGE][PASSED] - Object: 'Object Repository/Actpol_Scripts/Opsporing/MBES18/MBES18 TAB' is clicked on&#xD;
&#xD;
2019-09-24 18:39:46 - [TEST_STEP][PASSED] - delay(1): Delayed 1 second(s)&#xD;
&#xD;
2019-09-24 18:39:47 - [MESSAGE][PASSED] - Delayed 1 second(s)&#xD;
&#xD;
2019-09-24 18:39:47 - [TEST_STEP][FAILED] - click(findTestObject("Actpol_Scripts/Opsporing/MBES18/8 Documenten/edit default mbes 18")): Unable to click on object 'Object Repository/Actpol_Scripts/Opsporing/MBES18/8 Documenten/edit default mbes 18' (Root cause: com.kms.katalon.core.exception.StepFailedException: Unable to click on object 'Object Repository/Actpol_Scripts/Opsporing/MBES18/8 Documenten/edit default mbes 18'&#xD;
	at com.kms.katalon.core.webui.keyword.internal.WebUIKeywordMain.stepFailed(WebUIKeywordMain.groovy:64)&#xD;
	at com.kms.katalon.core.webui.keyword.internal.WebUIKeywordMain.runKeyword(WebUIKeywordMain.groovy:26)&#xD;
	at com.kms.katalon.core.webui.keyword.builtin.ClickKeyword.click(ClickKeyword.groovy:86)&#xD;
	at com.kms.katalon.core.webui.keyword.builtin.ClickKeyword.execute(ClickKeyword.groovy:67)&#xD;
	at com.kms.katalon.core.keyword.internal.KeywordExecutor.executeKeywordForPlatform(KeywordExecutor.groovy:56)&#xD;
	at com.kms.katalon.core.webui.keyword.WebUiBuiltInKeywords.click(WebUiBuiltInKeywords.groovy:616)&#xD;
	at com.kms.katalon.core.webui.keyword.WebUiBuiltInKeywords$click$6.call(Unknown Source)&#xD;
	at ACTPOL-566.run(ACTPOL-566:29)&#xD;
	at com.kms.katalon.core.main.ScriptEngine.run(ScriptEngine.java:194)&#xD;
	at com.kms.katalon.core.main.ScriptEngine.runScriptAsRawText(ScriptEngine.java:119)&#xD;
	at com.kms.katalon.core.main.TestCaseExecutor.runScript(TestCaseExecutor.java:337)&#xD;
	at com.kms.katalon.core.main.TestCaseExecutor.doExecute(TestCaseExecutor.java:328)&#xD;
	at com.kms.katalon.core.main.TestCaseExecutor.processExecutionPhase(TestCaseExecutor.java:307)&#xD;
	at com.kms.katalon.core.main.TestCaseExecutor.accessMainPhase(TestCaseExecutor.java:299)&#xD;
	at com.kms.katalon.core.main.TestCaseExecutor.execute(TestCaseExecutor.java:233)&#xD;
	at com.kms.katalon.core.main.TestSuiteExecutor.accessTestCaseMainPhase(TestSuiteExecutor.java:169)&#xD;
	at com.kms.katalon.core.main.TestSuiteExecutor.accessTestSuiteMainPhase(TestSuiteExecutor.java:142)&#xD;
	at com.kms.katalon.core.main.TestSuiteExecutor.execute(TestSuiteExecutor.java:91)&#xD;
	at com.kms.katalon.core.main.TestCaseMain.startTestSuite(TestCaseMain.java:157)&#xD;
	at com.kms.katalon.core.main.TestCaseMain$startTestSuite$0.call(Unknown Source)&#xD;
	at TempTestSuite1569329313236.run(TempTestSuite1569329313236.groovy:35)&#xD;
Caused by: org.openqa.selenium.ElementNotInteractableException: element not interactable
  (Session info: chrome=77.0.3865.90)
Build info: version: '3.141.59', revision: 'e82be7d358', time: '2018-11-14T08:25:53'
System info: host: 'NIVI-4', ip: '10.20.20.9', os.name: 'Windows 8.1', os.arch: 'amd64', os.version: '6.3', java.version: '1.8.0_181'
Driver info: com.kms.katalon.selenium.driver.CChromeDriver
Capabilities {acceptInsecureCerts: false, browserName: chrome, browserVersion: 77.0.3865.90, chrome: {chromedriverVersion: 77.0.3865.40 (f484704e052e0..., userDataDir: C:\Users\user4\AppData\Loca...}, goog:chromeOptions: {debuggerAddress: localhost:65007}, javascriptEnabled: true, networkConnectionEnabled: false, pageLoadStrategy: normal, platform: XP, platformName: XP, proxy: Proxy(), setWindowRect: true, strictFileInteractability: false, timeouts: {implicit: 0, pageLoad: 300000, script: 30000}, unhandledPromptBehavior: dismiss and notify}
Session ID: 2b8cac61c520e9e067d00e31e68d52d0&#xD;
	at org.openqa.selenium.remote.http.W3CHttpResponseCodec.createException(W3CHttpResponseCodec.java:187)&#xD;
	at org.openqa.selenium.remote.http.W3CHttpResponseCodec.decode(W3CHttpResponseCodec.java:122)&#xD;
	at org.openqa.selenium.remote.http.W3CHttpResponseCodec.decode(W3CHttpResponseCodec.java:49)&#xD;
	at org.openqa.selenium.remote.HttpCommandExecutor.execute(HttpCommandExecutor.java:158)&#xD;
	at org.openqa.selenium.remote.service.DriverCommandExecutor.execute(DriverCommandExecutor.java:83)&#xD;
	at org.openqa.selenium.remote.RemoteWebDriver.execute(RemoteWebDriver.java:552)&#xD;
	at com.kms.katalon.selenium.driver.CChromeDriver.execute(CChromeDriver.java:20)&#xD;
	at org.openqa.selenium.remote.RemoteWebElement.execute(RemoteWebElement.java:285)&#xD;
	at org.openqa.selenium.remote.RemoteWebElement.click(RemoteWebElement.java:84)&#xD;
	at com.kms.katalon.core.webui.keyword.builtin.ClickKeyword$_click_closure1.doCall(ClickKeyword.groovy:79)&#xD;
	at com.kms.katalon.core.webui.keyword.builtin.ClickKeyword$_click_closure1.call(ClickKeyword.groovy)&#xD;
	at com.kms.katalon.core.webui.keyword.internal.WebUIKeywordMain.runKeyword(WebUIKeywordMain.groovy:20)&#xD;
	at com.kms.katalon.core.webui.keyword.builtin.ClickKeyword.click(ClickKeyword.groovy:86)&#xD;
	at com.kms.katalon.core.webui.keyword.builtin.ClickKeyword.execute(ClickKeyword.groovy:67)&#xD;
	at com.kms.katalon.core.keyword.internal.KeywordExecutor.executeKeywordForPlatform(KeywordExecutor.groovy:56)&#xD;
	at com.kms.katalon.core.webui.keyword.WebUiBuiltInKeywords.click(WebUiBuiltInKeywords.groovy:616)&#xD;
	at com.kms.katalon.core.webui.keyword.WebUiBuiltInKeywords$click$6.call(Unknown Source)&#xD;
	at Script1568036515044.run(Script1568036515044.groovy:29)&#xD;
	... 13 more&#xD;
)&#xD;
&#xD;
2019-09-24 18:39:49 - [MESSAGE][FAILED] - Unable to click on object 'Object Repository/Actpol_Scripts/Opsporing/MBES18/8 Documenten/edit default mbes 18' (Root cause: com.kms.katalon.core.exception.StepFailedException: Unable to click on object 'Object Repository/Actpol_Scripts/Opsporing/MBES18/8 Documenten/edit default mbes 18'&#xD;
	at com.kms.katalon.core.webui.keyword.internal.WebUIKeywordMain.stepFailed(WebUIKeywordMain.groovy:64)&#xD;
	at com.kms.katalon.core.webui.keyword.internal.WebUIKeywordMain.runKeyword(WebUIKeywordMain.groovy:26)&#xD;
	at com.kms.katalon.core.webui.keyword.builtin.ClickKeyword.click(ClickKeyword.groovy:86)&#xD;
	at com.kms.katalon.core.webui.keyword.builtin.ClickKeyword.execute(ClickKeyword.groovy:67)&#xD;
	at com.kms.katalon.core.keyword.internal.KeywordExecutor.executeKeywordForPlatform(KeywordExecutor.groovy:56)&#xD;
	at com.kms.katalon.core.webui.keyword.WebUiBuiltInKeywords.click(WebUiBuiltInKeywords.groovy:616)&#xD;
	at com.kms.katalon.core.webui.keyword.WebUiBuiltInKeywords$click$6.call(Unknown Source)&#xD;
	at ACTPOL-566.run(ACTPOL-566:29)&#xD;
	at com.kms.katalon.core.main.ScriptEngine.run(ScriptEngine.java:194)&#xD;
	at com.kms.katalon.core.main.ScriptEngine.runScriptAsRawText(ScriptEngine.java:119)&#xD;
	at com.kms.katalon.core.main.TestCaseExecutor.runScript(TestCaseExecutor.java:337)&#xD;
	at com.kms.katalon.core.main.TestCaseExecutor.doExecute(TestCaseExecutor.java:328)&#xD;
	at com.kms.katalon.core.main.TestCaseExecutor.processExecutionPhase(TestCaseExecutor.java:307)&#xD;
	at com.kms.katalon.core.main.TestCaseExecutor.accessMainPhase(TestCaseExecutor.java:299)&#xD;
	at com.kms.katalon.core.main.TestCaseExecutor.execute(TestCaseExecutor.java:233)&#xD;
	at com.kms.katalon.core.main.TestSuiteExecutor.accessTestCaseMainPhase(TestSuiteExecutor.java:169)&#xD;
	at com.kms.katalon.core.main.TestSuiteExecutor.accessTestSuiteMainPhase(TestSuiteExecutor.java:142)&#xD;
	at com.kms.katalon.core.main.TestSuiteExecutor.execute(TestSuiteExecutor.java:91)&#xD;
	at com.kms.katalon.core.main.TestCaseMain.startTestSuite(TestCaseMain.java:157)&#xD;
	at com.kms.katalon.core.main.TestCaseMain$startTestSuite$0.call(Unknown Source)&#xD;
	at TempTestSuite1569329313236.run(TempTestSuite1569329313236.groovy:35)&#xD;
Caused by: org.openqa.selenium.ElementNotInteractableException: element not interactable
  (Session info: chrome=77.0.3865.90)
Build info: version: '3.141.59', revision: 'e82be7d358', time: '2018-11-14T08:25:53'
System info: host: 'NIVI-4', ip: '10.20.20.9', os.name: 'Windows 8.1', os.arch: 'amd64', os.version: '6.3', java.version: '1.8.0_181'
Driver info: com.kms.katalon.selenium.driver.CChromeDriver
Capabilities {acceptInsecureCerts: false, browserName: chrome, browserVersion: 77.0.3865.90, chrome: {chromedriverVersion: 77.0.3865.40 (f484704e052e0..., userDataDir: C:\Users\user4\AppData\Loca...}, goog:chromeOptions: {debuggerAddress: localhost:65007}, javascriptEnabled: true, networkConnectionEnabled: false, pageLoadStrategy: normal, platform: XP, platformName: XP, proxy: Proxy(), setWindowRect: true, strictFileInteractability: false, timeouts: {implicit: 0, pageLoad: 300000, script: 30000}, unhandledPromptBehavior: dismiss and notify}
Session ID: 2b8cac61c520e9e067d00e31e68d52d0&#xD;
	at org.openqa.selenium.remote.http.W3CHttpResponseCodec.createException(W3CHttpResponseCodec.java:187)&#xD;
	at org.openqa.selenium.remote.http.W3CHttpResponseCodec.decode(W3CHttpResponseCodec.java:122)&#xD;
	at org.openqa.selenium.remote.http.W3CHttpResponseCodec.decode(W3CHttpResponseCodec.java:49)&#xD;
	at org.openqa.selenium.remote.HttpCommandExecutor.execute(HttpCommandExecutor.java:158)&#xD;
	at org.openqa.selenium.remote.service.DriverCommandExecutor.execute(DriverCommandExecutor.java:83)&#xD;
	at org.openqa.selenium.remote.RemoteWebDriver.execute(RemoteWebDriver.java:552)&#xD;
	at com.kms.katalon.selenium.driver.CChromeDriver.execute(CChromeDriver.java:20)&#xD;
	at org.openqa.selenium.remote.RemoteWebElement.execute(RemoteWebElement.java:285)&#xD;
	at org.openqa.selenium.remote.RemoteWebElement.click(RemoteWebElement.java:84)&#xD;
	at com.kms.katalon.core.webui.keyword.builtin.ClickKeyword$_click_closure1.doCall(ClickKeyword.groovy:79)&#xD;
	at com.kms.katalon.core.webui.keyword.builtin.ClickKeyword$_click_closure1.call(ClickKeyword.groovy)&#xD;
	at com.kms.katalon.core.webui.keyword.internal.WebUIKeywordMain.runKeyword(WebUIKeywordMain.groovy:20)&#xD;
	at com.kms.katalon.core.webui.keyword.builtin.ClickKeyword.click(ClickKeyword.groovy:86)&#xD;
	at com.kms.katalon.core.webui.keyword.builtin.ClickKeyword.execute(ClickKeyword.groovy:67)&#xD;
	at com.kms.katalon.core.keyword.internal.KeywordExecutor.executeKeywordForPlatform(KeywordExecutor.groovy:56)&#xD;
	at com.kms.katalon.core.webui.keyword.WebUiBuiltInKeywords.click(WebUiBuiltInKeywords.groovy:616)&#xD;
	at com.kms.katalon.core.webui.keyword.WebUiBuiltInKeywords$click$6.call(Unknown Source)&#xD;
	at Script1568036515044.run(Script1568036515044.groovy:29)&#xD;
	... 13 more&#xD;
)&#xD;
[[ATTACHMENT|C:\\Users\\user4\\git\\ACTPOL\\Reports\\20190924_181828\\Release 6.6\\MBES18 ALL\\20190924_181828\\1569330589493.png]]</system-out>
            <system-err>2019-09-24 18:39:12 - [TEST_CASE][FAILED] - Test Cases/JIRA Tasks/Release 6.6/ACTPOL-566: Test Cases/JIRA Tasks/Release 6.6/ACTPOL-566 FAILED.
Reason:
com.kms.katalon.core.exception.StepFailedException: Unable to click on object 'Object Repository/Actpol_Scripts/Opsporing/MBES18/8 Documenten/edit default mbes 18'&#xD;
	at com.kms.katalon.core.webui.keyword.internal.WebUIKeywordMain.stepFailed(WebUIKeywordMain.groovy:64)&#xD;
	at com.kms.katalon.core.webui.keyword.internal.WebUIKeywordMain.runKeyword(WebUIKeywordMain.groovy:26)&#xD;
	at com.kms.katalon.core.webui.keyword.builtin.ClickKeyword.click(ClickKeyword.groovy:86)&#xD;
	at com.kms.katalon.core.webui.keyword.builtin.ClickKeyword.execute(ClickKeyword.groovy:67)&#xD;
	at com.kms.katalon.core.keyword.internal.KeywordExecutor.executeKeywordForPlatform(KeywordExecutor.groovy:56)&#xD;
	at com.kms.katalon.core.webui.keyword.WebUiBuiltInKeywords.click(WebUiBuiltInKeywords.groovy:616)&#xD;
	at com.kms.katalon.core.webui.keyword.WebUiBuiltInKeywords$click$6.call(Unknown Source)&#xD;
	at ACTPOL-566.run(ACTPOL-566:29)&#xD;
	at com.kms.katalon.core.main.ScriptEngine.run(ScriptEngine.java:194)&#xD;
	at com.kms.katalon.core.main.ScriptEngine.runScriptAsRawText(ScriptEngine.java:119)&#xD;
	at com.kms.katalon.core.main.TestCaseExecutor.runScript(TestCaseExecutor.java:337)&#xD;
	at com.kms.katalon.core.main.TestCaseExecutor.doExecute(TestCaseExecutor.java:328)&#xD;
	at com.kms.katalon.core.main.TestCaseExecutor.processExecutionPhase(TestCaseExecutor.java:307)&#xD;
	at com.kms.katalon.core.main.TestCaseExecutor.accessMainPhase(TestCaseExecutor.java:299)&#xD;
	at com.kms.katalon.core.main.TestCaseExecutor.execute(TestCaseExecutor.java:233)&#xD;
	at com.kms.katalon.core.main.TestSuiteExecutor.accessTestCaseMainPhase(TestSuiteExecutor.java:169)&#xD;
	at com.kms.katalon.core.main.TestSuiteExecutor.accessTestSuiteMainPhase(TestSuiteExecutor.java:142)&#xD;
	at com.kms.katalon.core.main.TestSuiteExecutor.execute(TestSuiteExecutor.java:91)&#xD;
	at com.kms.katalon.core.main.TestCaseMain.startTestSuite(TestCaseMain.java:157)&#xD;
	at com.kms.katalon.core.main.TestCaseMain$startTestSuite$0.call(Unknown Source)&#xD;
	at TempTestSuite1569329313236.run(TempTestSuite1569329313236.groovy:35)&#xD;
Caused by: org.openqa.selenium.ElementNotInteractableException: element not interactable
  (Session info: chrome=77.0.3865.90)
Build info: version: '3.141.59', revision: 'e82be7d358', time: '2018-11-14T08:25:53'
System info: host: 'NIVI-4', ip: '10.20.20.9', os.name: 'Windows 8.1', os.arch: 'amd64', os.version: '6.3', java.version: '1.8.0_181'
Driver info: com.kms.katalon.selenium.driver.CChromeDriver
Capabilities {acceptInsecureCerts: false, browserName: chrome, browserVersion: 77.0.3865.90, chrome: {chromedriverVersion: 77.0.3865.40 (f484704e052e0..., userDataDir: C:\Users\user4\AppData\Loca...}, goog:chromeOptions: {debuggerAddress: localhost:65007}, javascriptEnabled: true, networkConnectionEnabled: false, pageLoadStrategy: normal, platform: XP, platformName: XP, proxy: Proxy(), setWindowRect: true, strictFileInteractability: false, timeouts: {implicit: 0, pageLoad: 300000, script: 30000}, unhandledPromptBehavior: dismiss and notify}
Session ID: 2b8cac61c520e9e067d00e31e68d52d0&#xD;
	at org.openqa.selenium.remote.http.W3CHttpResponseCodec.createException(W3CHttpResponseCodec.java:187)&#xD;
	at org.openqa.selenium.remote.http.W3CHttpResponseCodec.decode(W3CHttpResponseCodec.java:122)&#xD;
	at org.openqa.selenium.remote.http.W3CHttpResponseCodec.decode(W3CHttpResponseCodec.java:49)&#xD;
	at org.openqa.selenium.remote.HttpCommandExecutor.execute(HttpCommandExecutor.java:158)&#xD;
	at org.openqa.selenium.remote.service.DriverCommandExecutor.execute(DriverCommandExecutor.java:83)&#xD;
	at org.openqa.selenium.remote.RemoteWebDriver.execute(RemoteWebDriver.java:552)&#xD;
	at com.kms.katalon.selenium.driver.CChromeDriver.execute(CChromeDriver.java:20)&#xD;
	at org.openqa.selenium.remote.RemoteWebElement.execute(RemoteWebElement.java:285)&#xD;
	at org.openqa.selenium.remote.RemoteWebElement.click(RemoteWebElement.java:84)&#xD;
	at com.kms.katalon.core.webui.keyword.builtin.ClickKeyword$_click_closure1.doCall(ClickKeyword.groovy:79)&#xD;
	at com.kms.katalon.core.webui.keyword.builtin.ClickKeyword$_click_closure1.call(ClickKeyword.groovy)&#xD;
	at com.kms.katalon.core.webui.keyword.internal.WebUIKeywordMain.runKeyword(WebUIKeywordMain.groovy:20)&#xD;
	... 19 more</system-err>
        </testcase>
        <testcase name="Test Cases/JIRA Tasks/Release 6.6/ACTPOL-569" classname="Test Cases/JIRA Tasks/Release 6.6/ACTPOL-569" status="FAILED">
            <failure type="FAILED" message="Test Cases/JIRA Tasks/Release 6.6/ACTPOL-569 FAILED.&#xA;Reason:&#xA;com.kms.katalon.core.exception.StepFailedException: Unable to click on object 'Object Repository/Actpol_Scripts/Opsporing/MBES18/10 MBES search module/Filter'&#xD;&#xA;&#x9;at com.kms.katalon.core.webui.keyword.internal.WebUIKeywordMain.stepFailed(WebUIKeywordMain.groovy:64)&#xD;&#xA;&#x9;at com.kms.katalon.core.webui.keyword.internal.WebUIKeywordMain.runKeyword(WebUIKeywordMain.groovy:26)&#xD;&#xA;&#x9;at com.kms.katalon.core.webui.keyword.builtin.ClickKeyword.click(ClickKeyword.groovy:86)&#xD;&#xA;&#x9;at com.kms.katalon.core.webui.keyword.builtin.ClickKeyword.execute(ClickKeyword.groovy:67)&#xD;&#xA;&#x9;at com.kms.katalon.core.keyword.internal.KeywordExecutor.executeKeywordForPlatform(KeywordExecutor.groovy:56)&#xD;&#xA;&#x9;at com.kms.katalon.core.webui.keyword.WebUiBuiltInKeywords.click(WebUiBuiltInKeywords.groovy:616)&#xD;&#xA;&#x9;at com.kms.katalon.core.webui.keyword.WebUiBuiltInKeywords$click$6.call(Unknown Source)&#xD;&#xA;&#x9;at ACTPOL-569.run(ACTPOL-569:142)&#xD;&#xA;&#x9;at com.kms.katalon.core.main.ScriptEngine.run(ScriptEngine.java:194)&#xD;&#xA;&#x9;at com.kms.katalon.core.main.ScriptEngine.runScriptAsRawText(ScriptEngine.java:119)&#xD;&#xA;&#x9;at com.kms.katalon.core.main.TestCaseExecutor.runScript(TestCaseExecutor.java:337)&#xD;&#xA;&#x9;at com.kms.katalon.core.main.TestCaseExecutor.doExecute(TestCaseExecutor.java:328)&#xD;&#xA;&#x9;at com.kms.katalon.core.main.TestCaseExecutor.processExecutionPhase(TestCaseExecutor.java:307)&#xD;&#xA;&#x9;at com.kms.katalon.core.main.TestCaseExecutor.accessMainPhase(TestCaseExecutor.java:299)&#xD;&#xA;&#x9;at com.kms.katalon.core.main.TestCaseExecutor.execute(TestCaseExecutor.java:233)&#xD;&#xA;&#x9;at com.kms.katalon.core.main.TestSuiteExecutor.accessTestCaseMainPhase(TestSuiteExecutor.java:169)&#xD;&#xA;&#x9;at com.kms.katalon.core.main.TestSuiteExecutor.accessTestSuiteMainPhase(TestSuiteExecutor.java:142)&#xD;&#xA;&#x9;at com.kms.katalon.core.main.TestSuiteExecutor.execute(TestSuiteExecutor.java:91)&#xD;&#xA;&#x9;at com.kms.katalon.core.main.TestCaseMain.startTestSuite(TestCaseMain.java:157)&#xD;&#xA;&#x9;at com.kms.katalon.core.main.TestCaseMain$startTestSuite$0.call(Unknown Source)&#xD;&#xA;&#x9;at TempTestSuite1569329313236.run(TempTestSuite1569329313236.groovy:35)&#xD;&#xA;Caused by: org.openqa.selenium.ElementClickInterceptedException: element click intercepted: Element &lt;input type=&quot;submit&quot; class=&quot;btnclass&quot; value=&quot;Filter&quot;&gt; is not clickable at point (54, 503). Other element would receive the click: &lt;a class=&quot;ui-state-default&quot; href=&quot;#&quot;&gt;...&lt;/a&gt;&#xA;  (Session info: chrome=77.0.3865.90)&#xA;Build info: version: '3.141.59', revision: 'e82be7d358', time: '2018-11-14T08:25:53'&#xA;System info: host: 'NIVI-4', ip: '10.20.20.9', os.name: 'Windows 8.1', os.arch: 'amd64', os.version: '6.3', java.version: '1.8.0_181'&#xA;Driver info: com.kms.katalon.selenium.driver.CChromeDriver&#xA;Capabilities {acceptInsecureCerts: false, browserName: chrome, browserVersion: 77.0.3865.90, chrome: {chromedriverVersion: 77.0.3865.40 (f484704e052e0..., userDataDir: C:\Users\user4\AppData\Loca...}, goog:chromeOptions: {debuggerAddress: localhost:65030}, javascriptEnabled: true, networkConnectionEnabled: false, pageLoadStrategy: normal, platform: XP, platformName: XP, proxy: Proxy(), setWindowRect: true, strictFileInteractability: false, timeouts: {implicit: 0, pageLoad: 300000, script: 30000}, unhandledPromptBehavior: dismiss and notify}&#xA;Session ID: b0e8e076126feaa19e2b412cc499567a&#xD;&#xA;&#x9;at org.openqa.selenium.remote.http.W3CHttpResponseCodec.createException(W3CHttpResponseCodec.java:187)&#xD;&#xA;&#x9;at org.openqa.selenium.remote.http.W3CHttpResponseCodec.decode(W3CHttpResponseCodec.java:122)&#xD;&#xA;&#x9;at org.openqa.selenium.remote.http.W3CHttpResponseCodec.decode(W3CHttpResponseCodec.java:49)&#xD;&#xA;&#x9;at org.openqa.selenium.remote.HttpCommandExecutor.execute(HttpCommandExecutor.java:158)&#xD;&#xA;&#x9;at org.openqa.selenium.remote.service.DriverCommandExecutor.execute(DriverCommandExecutor.java:83)&#xD;&#xA;&#x9;at org.openqa.selenium.remote.RemoteWebDriver.execute(RemoteWebDriver.java:552)&#xD;&#xA;&#x9;at com.kms.katalon.selenium.driver.CChromeDriver.execute(CChromeDriver.java:20)&#xD;&#xA;&#x9;at org.openqa.selenium.remote.RemoteWebElement.execute(RemoteWebElement.java:285)&#xD;&#xA;&#x9;at org.openqa.selenium.remote.RemoteWebElement.click(RemoteWebElement.java:84)&#xD;&#xA;&#x9;at com.kms.katalon.core.webui.keyword.builtin.ClickKeyword$_click_closure1.doCall(ClickKeyword.groovy:79)&#xD;&#xA;&#x9;at com.kms.katalon.core.webui.keyword.builtin.ClickKeyword$_click_closure1.call(ClickKeyword.groovy)&#xD;&#xA;&#x9;at com.kms.katalon.core.webui.keyword.internal.WebUIKeywordMain.runKeyword(WebUIKeywordMain.groovy:20)&#xD;&#xA;&#x9;... 19 more&#xD;&#xA;"/>
            <system-out>2019-09-24 18:39:52 - [TEST_CASE][FAILED] - Test Cases/JIRA Tasks/Release 6.6/ACTPOL-569: Test Cases/JIRA Tasks/Release 6.6/ACTPOL-569 FAILED.
Reason:
com.kms.katalon.core.exception.StepFailedException: Unable to click on object 'Object Repository/Actpol_Scripts/Opsporing/MBES18/10 MBES search module/Filter'&#xD;
	at com.kms.katalon.core.webui.keyword.internal.WebUIKeywordMain.stepFailed(WebUIKeywordMain.groovy:64)&#xD;
	at com.kms.katalon.core.webui.keyword.internal.WebUIKeywordMain.runKeyword(WebUIKeywordMain.groovy:26)&#xD;
	at com.kms.katalon.core.webui.keyword.builtin.ClickKeyword.click(ClickKeyword.groovy:86)&#xD;
	at com.kms.katalon.core.webui.keyword.builtin.ClickKeyword.execute(ClickKeyword.groovy:67)&#xD;
	at com.kms.katalon.core.keyword.internal.KeywordExecutor.executeKeywordForPlatform(KeywordExecutor.groovy:56)&#xD;
	at com.kms.katalon.core.webui.keyword.WebUiBuiltInKeywords.click(WebUiBuiltInKeywords.groovy:616)&#xD;
	at com.kms.katalon.core.webui.keyword.WebUiBuiltInKeywords$click$6.call(Unknown Source)&#xD;
	at ACTPOL-569.run(ACTPOL-569:142)&#xD;
	at com.kms.katalon.core.main.ScriptEngine.run(ScriptEngine.java:194)&#xD;
	at com.kms.katalon.core.main.ScriptEngine.runScriptAsRawText(ScriptEngine.java:119)&#xD;
	at com.kms.katalon.core.main.TestCaseExecutor.runScript(TestCaseExecutor.java:337)&#xD;
	at com.kms.katalon.core.main.TestCaseExecutor.doExecute(TestCaseExecutor.java:328)&#xD;
	at com.kms.katalon.core.main.TestCaseExecutor.processExecutionPhase(TestCaseExecutor.java:307)&#xD;
	at com.kms.katalon.core.main.TestCaseExecutor.accessMainPhase(TestCaseExecutor.java:299)&#xD;
	at com.kms.katalon.core.main.TestCaseExecutor.execute(TestCaseExecutor.java:233)&#xD;
	at com.kms.katalon.core.main.TestSuiteExecutor.accessTestCaseMainPhase(TestSuiteExecutor.java:169)&#xD;
	at com.kms.katalon.core.main.TestSuiteExecutor.accessTestSuiteMainPhase(TestSuiteExecutor.java:142)&#xD;
	at com.kms.katalon.core.main.TestSuiteExecutor.execute(TestSuiteExecutor.java:91)&#xD;
	at com.kms.katalon.core.main.TestCaseMain.startTestSuite(TestCaseMain.java:157)&#xD;
	at com.kms.katalon.core.main.TestCaseMain$startTestSuite$0.call(Unknown Source)&#xD;
	at TempTestSuite1569329313236.run(TempTestSuite1569329313236.groovy:35)&#xD;
Caused by: org.openqa.selenium.ElementClickInterceptedException: element click intercepted: Element &lt;input type="submit" class="btnclass" value="Filter"&gt; is not clickable at point (54, 503). Other element would receive the click: &lt;a class="ui-state-default" href="#"&gt;...&lt;/a&gt;
  (Session info: chrome=77.0.3865.90)
Build info: version: '3.141.59', revision: 'e82be7d358', time: '2018-11-14T08:25:53'
System info: host: 'NIVI-4', ip: '10.20.20.9', os.name: 'Windows 8.1', os.arch: 'amd64', os.version: '6.3', java.version: '1.8.0_181'
Driver info: com.kms.katalon.selenium.driver.CChromeDriver
Capabilities {acceptInsecureCerts: false, browserName: chrome, browserVersion: 77.0.3865.90, chrome: {chromedriverVersion: 77.0.3865.40 (f484704e052e0..., userDataDir: C:\Users\user4\AppData\Loca...}, goog:chromeOptions: {debuggerAddress: localhost:65030}, javascriptEnabled: true, networkConnectionEnabled: false, pageLoadStrategy: normal, platform: XP, platformName: XP, proxy: Proxy(), setWindowRect: true, strictFileInteractability: false, timeouts: {implicit: 0, pageLoad: 300000, script: 30000}, unhandledPromptBehavior: dismiss and notify}
Session ID: b0e8e076126feaa19e2b412cc499567a&#xD;
	at org.openqa.selenium.remote.http.W3CHttpResponseCodec.createException(W3CHttpResponseCodec.java:187)&#xD;
	at org.openqa.selenium.remote.http.W3CHttpResponseCodec.decode(W3CHttpResponseCodec.java:122)&#xD;
	at org.openqa.selenium.remote.http.W3CHttpResponseCodec.decode(W3CHttpResponseCodec.java:49)&#xD;
	at org.openqa.selenium.remote.HttpCommandExecutor.execute(HttpCommandExecutor.java:158)&#xD;
	at org.openqa.selenium.remote.service.DriverCommandExecutor.execute(DriverCommandExecutor.java:83)&#xD;
	at org.openqa.selenium.remote.RemoteWebDriver.execute(RemoteWebDriver.java:552)&#xD;
	at com.kms.katalon.selenium.driver.CChromeDriver.execute(CChromeDriver.java:20)&#xD;
	at org.openqa.selenium.remote.RemoteWebElement.execute(RemoteWebElement.java:285)&#xD;
	at org.openqa.selenium.remote.RemoteWebElement.click(RemoteWebElement.java:84)&#xD;
	at com.kms.katalon.core.webui.keyword.builtin.ClickKeyword$_click_closure1.doCall(ClickKeyword.groovy:79)&#xD;
	at com.kms.katalon.core.webui.keyword.builtin.ClickKeyword$_click_closure1.call(ClickKeyword.groovy)&#xD;
	at com.kms.katalon.core.webui.keyword.internal.WebUIKeywordMain.runKeyword(WebUIKeywordMain.groovy:20)&#xD;
	... 19 more&#xD;
&#xD;
&#xD;
2019-09-24 18:39:52 - [TEST_STEP][PASSED] - callTestCase(findTestCase("main/Actpol_Login_testenv"), [:], STOP_ON_FAILURE): Call Test Case 'Test Cases/main/Actpol_Login_testenv' successfully&#xD;
&#xD;
2019-09-24 18:39:52 - [TEST_CASE][PASSED] - Test Cases/main/Actpol_Login_testenv: Test Cases/main/Actpol_Login_testenv&#xD;
&#xD;
2019-09-24 18:39:53 - [TEST_STEP][PASSED] - openBrowser(""): Browser is opened with url: ''&#xD;
&#xD;
2019-09-24 18:39:53 - [MESSAGE][WARNING] - A browser is already opened. Closing browser and opening a new one&#xD;
&#xD;
2019-09-24 18:39:54 - [MESSAGE][INFO] - Starting 'Chrome' driver&#xD;
&#xD;
2019-09-24 18:39:56 - [MESSAGE][PASSED] - Browser is opened with url: ''&#xD;
&#xD;
2019-09-24 18:39:56 - [TEST_STEP][PASSED] - deleteAllCookies(): Delete all cookies successfully&#xD;
&#xD;
2019-09-24 18:39:56 - [MESSAGE][PASSED] - Delete all cookies successfully&#xD;
&#xD;
2019-09-24 18:39:56 - [TEST_STEP][PASSED] - waitForPageLoad(60): Wait for page load successfully&#xD;
&#xD;
2019-09-24 18:39:56 - [MESSAGE][PASSED] - Wait for page load successfully&#xD;
&#xD;
2019-09-24 18:39:56 - [TEST_STEP][PASSED] - maximizeWindow(): Current window maximized&#xD;
&#xD;
2019-09-24 18:39:58 - [MESSAGE][PASSED] - Current window maximized&#xD;
&#xD;
2019-09-24 18:39:58 - [TEST_STEP][PASSED] - ACTPOLTESTENV = 1: null&#xD;
&#xD;
2019-09-24 18:39:58 - [TEST_STEP][PASSED] - ACTPOLDEVENV = 2: null&#xD;
&#xD;
2019-09-24 18:39:58 - [TEST_STEP][PASSED] - ACTPOLKCENV = 3: null&#xD;
&#xD;
2019-09-24 18:39:58 - [TEST_STEP][PASSED] - ACTPOLKBKPCNENV = 4: null&#xD;
&#xD;
2019-09-24 18:39:58 - [TEST_STEP][PASSED] - ACTPOLKBKMARENV = 5: null&#xD;
&#xD;
2019-09-24 18:39:58 - [TEST_STEP][PASSED] - ACTPOLKMENV = 6: null&#xD;
&#xD;
2019-09-24 18:39:58 - [TEST_STEP][PASSED] - ACTPOLKWENV = 7: null&#xD;
&#xD;
2019-09-24 18:39:58 - [TEST_STEP][PASSED] - environment = ACTPOLTESTENV: null&#xD;
&#xD;
2019-09-24 18:39:58 - [TEST_STEP][PASSED] - Selectenv = &lt;not implemented yet for class: org.codehaus.groovy.ast.expr.EmptyExpression&gt;: null&#xD;
&#xD;
2019-09-24 18:39:58 - [TEST_STEP][PASSED] - switch (environment): null&#xD;
&#xD;
2019-09-24 18:39:58 - [TEST_STEP][PASSED] - case 1:: null&#xD;
&#xD;
2019-09-24 18:39:58 - [TEST_STEP][PASSED] - println(Selectenv = "ACTPOL-TEST-ENV"): null&#xD;
&#xD;
2019-09-24 18:39:58 - [TEST_STEP][PASSED] - navigateToUrl(TESTURL): Navigate to 'http://10.20.10.7:8185/actpoltst/nxmenu.pgm?docnum=551' successfully&#xD;
&#xD;
2019-09-24 18:40:07 - [MESSAGE][PASSED] - Navigate to 'http://10.20.10.7:8185/actpoltst/nxmenu.pgm?docnum=551' successfully&#xD;
&#xD;
2019-09-24 18:40:07 - [TEST_STEP][PASSED] - setText(findTestObject("Actpol_Scripts/login/userid"), username): Text 'vidhya' is set on object 'Object Repository/Actpol_Scripts/login/userid'&#xD;
&#xD;
2019-09-24 18:40:07 - [MESSAGE][PASSED] - Text 'vidhya' is set on object 'Object Repository/Actpol_Scripts/login/userid'&#xD;
&#xD;
2019-09-24 18:40:07 - [TEST_STEP][PASSED] - setMaskedText(findTestObject("Actpol_Scripts/login/password"), password): Text '********' is set on object 'Object Repository/Actpol_Scripts/login/password'&#xD;
&#xD;
2019-09-24 18:40:08 - [MESSAGE][PASSED] - Text '********' is set on object 'Object Repository/Actpol_Scripts/login/password'&#xD;
&#xD;
2019-09-24 18:40:08 - [TEST_STEP][PASSED] - click(findTestObject("Actpol_Scripts/login/login")): Object: 'Object Repository/Actpol_Scripts/login/login' is clicked on&#xD;
&#xD;
2019-09-24 18:40:08 - [MESSAGE][PASSED] - Object: 'Object Repository/Actpol_Scripts/login/login' is clicked on&#xD;
&#xD;
2019-09-24 18:40:08 - [TEST_STEP][PASSED] - getWindowTitle(): Current window's title is: 'Login Page for ACTPOL Test'&#xD;
&#xD;
2019-09-24 18:40:08 - [MESSAGE][PASSED] - Current window's title is: 'Login Page for ACTPOL Test'&#xD;
&#xD;
2019-09-24 18:40:08 - [TEST_STEP][PASSED] - delay(5): Delayed 5 second(s)&#xD;
&#xD;
2019-09-24 18:40:13 - [MESSAGE][PASSED] - Delayed 5 second(s)&#xD;
&#xD;
2019-09-24 18:40:13 - [TEST_STEP][PASSED] - break: null&#xD;
&#xD;
2019-09-24 18:40:13 - [MESSAGE][PASSED] - Call Test Case 'Test Cases/main/Actpol_Login_testenv' successfully&#xD;
&#xD;
2019-09-24 18:40:13 - [TEST_STEP][PASSED] - delay(6): Delayed 6 second(s)&#xD;
&#xD;
2019-09-24 18:40:19 - [MESSAGE][PASSED] - Delayed 6 second(s)&#xD;
&#xD;
2019-09-24 18:40:19 - [TEST_STEP][PASSED] - mouseOver(findTestObject("Actpol_Scripts/Menu navigation/Generiek/Generiek")): Object: 'Object Repository/Actpol_Scripts/Menu navigation/Generiek/Generiek' is hovered&#xD;
&#xD;
2019-09-24 18:40:20 - [MESSAGE][PASSED] - Object: 'Object Repository/Actpol_Scripts/Menu navigation/Generiek/Generiek' is hovered&#xD;
&#xD;
2019-09-24 18:40:20 - [TEST_STEP][PASSED] - delay(4): Delayed 4 second(s)&#xD;
&#xD;
2019-09-24 18:40:24 - [MESSAGE][PASSED] - Delayed 4 second(s)&#xD;
&#xD;
2019-09-24 18:40:24 - [TEST_STEP][PASSED] - click(findTestObject("Actpol_Scripts/Opsporing/MBES18/MBES18 TAB")): Object: 'Object Repository/Actpol_Scripts/Opsporing/MBES18/MBES18 TAB' is clicked on&#xD;
&#xD;
2019-09-24 18:40:24 - [MESSAGE][PASSED] - Object: 'Object Repository/Actpol_Scripts/Opsporing/MBES18/MBES18 TAB' is clicked on&#xD;
&#xD;
2019-09-24 18:40:24 - [TEST_STEP][PASSED] - delay(1): Delayed 1 second(s)&#xD;
&#xD;
2019-09-24 18:40:25 - [MESSAGE][PASSED] - Delayed 1 second(s)&#xD;
&#xD;
2019-09-24 18:40:25 - [TEST_STEP][PASSED] - mouseOver(findTestObject("Actpol_Scripts/Menu navigation/Autorisatie/Autorisatie")): Object: 'Object Repository/Actpol_Scripts/Menu navigation/Autorisatie/Autorisatie' is hovered&#xD;
&#xD;
2019-09-24 18:40:25 - [MESSAGE][PASSED] - Object: 'Object Repository/Actpol_Scripts/Menu navigation/Autorisatie/Autorisatie' is hovered&#xD;
&#xD;
2019-09-24 18:40:25 - [TEST_STEP][PASSED] - comment("Adding all feilds of MBES18 "): Adding all feilds of MBES18 &#xD;
&#xD;
2019-09-24 18:40:25 - [MESSAGE][INFO] - Adding all feilds of MBES18 &#xD;
&#xD;
2019-09-24 18:40:25 - [TEST_STEP][PASSED] - delay(2): Delayed 2 second(s)&#xD;
&#xD;
2019-09-24 18:40:27 - [MESSAGE][PASSED] - Delayed 2 second(s)&#xD;
&#xD;
2019-09-24 18:40:27 - [TEST_STEP][PASSED] - click(findTestObject("Actpol_Scripts/Opsporing/MBES18/10 MBES search module/Datum Incident Calender icon")): Object: 'Object Repository/Actpol_Scripts/Opsporing/MBES18/10 MBES search module/Datum Incident Calender icon' is clicked on&#xD;
&#xD;
2019-09-24 18:40:28 - [MESSAGE][PASSED] - Object: 'Object Repository/Actpol_Scripts/Opsporing/MBES18/10 MBES search module/Datum Incident Calender icon' is clicked on&#xD;
&#xD;
2019-09-24 18:40:28 - [TEST_STEP][PASSED] - delay(2): Delayed 2 second(s)&#xD;
&#xD;
2019-09-24 18:40:30 - [MESSAGE][PASSED] - Delayed 2 second(s)&#xD;
&#xD;
2019-09-24 18:40:30 - [TEST_STEP][PASSED] - selectOptionByLabel(findTestObject("Actpol_Scripts/Monthyear/Leftmonth"), "sep", false): All options with label 'sep' are selected in object 'Object Repository/Actpol_Scripts/Monthyear/Leftmonth' &#xD;
&#xD;
2019-09-24 18:40:31 - [MESSAGE][PASSED] - All options with label 'sep' are selected in object 'Object Repository/Actpol_Scripts/Monthyear/Leftmonth' &#xD;
&#xD;
2019-09-24 18:40:31 - [TEST_STEP][PASSED] - delay(1): Delayed 1 second(s)&#xD;
&#xD;
2019-09-24 18:40:32 - [MESSAGE][PASSED] - Delayed 1 second(s)&#xD;
&#xD;
2019-09-24 18:40:32 - [TEST_STEP][PASSED] - selectOptionByLabel(findTestObject("Actpol_Scripts/Monthyear/Leftyear"), "2019", false): All options with label '2019' are selected in object 'Object Repository/Actpol_Scripts/Monthyear/Leftyear' &#xD;
&#xD;
2019-09-24 18:40:32 - [MESSAGE][PASSED] - All options with label '2019' are selected in object 'Object Repository/Actpol_Scripts/Monthyear/Leftyear' &#xD;
&#xD;
2019-09-24 18:40:32 - [TEST_STEP][PASSED] - delay(1): Delayed 1 second(s)&#xD;
&#xD;
2019-09-24 18:40:33 - [MESSAGE][PASSED] - Delayed 1 second(s)&#xD;
&#xD;
2019-09-24 18:40:33 - [TEST_STEP][PASSED] - click(findTestObject("Actpol_Scripts/Date/14 th")): Object: 'Object Repository/Actpol_Scripts/Date/14 th' is clicked on&#xD;
&#xD;
2019-09-24 18:40:34 - [MESSAGE][PASSED] - Object: 'Object Repository/Actpol_Scripts/Date/14 th' is clicked on&#xD;
&#xD;
2019-09-24 18:40:34 - [TEST_STEP][PASSED] - delay(1): Delayed 1 second(s)&#xD;
&#xD;
2019-09-24 18:40:35 - [MESSAGE][PASSED] - Delayed 1 second(s)&#xD;
&#xD;
2019-09-24 18:40:35 - [TEST_STEP][PASSED] - selectOptionByLabel(findTestObject("Actpol_Scripts/Opsporing/MBES18/10 MBES search module/Organisatie"), Bijzonderheden, false): All options with label 'KORPS POLITIE CURACAO' are selected in object 'Object Repository/Actpol_Scripts/Opsporing/MBES18/10 MBES search module/Organisatie' &#xD;
&#xD;
2019-09-24 18:40:35 - [MESSAGE][PASSED] - All options with label 'KORPS POLITIE CURACAO' are selected in object 'Object Repository/Actpol_Scripts/Opsporing/MBES18/10 MBES search module/Organisatie' &#xD;
&#xD;
2019-09-24 18:40:35 - [TEST_STEP][PASSED] - delay(1): Delayed 1 second(s)&#xD;
&#xD;
2019-09-24 18:40:36 - [MESSAGE][PASSED] - Delayed 1 second(s)&#xD;
&#xD;
2019-09-24 18:40:36 - [TEST_STEP][PASSED] - setText(findTestObject("Actpol_Scripts/Opsporing/MBES18/10 MBES search module/Voornaam"), Voornaam): Text 'AAA' is set on object 'Object Repository/Actpol_Scripts/Opsporing/MBES18/10 MBES search module/Voornaam'&#xD;
&#xD;
2019-09-24 18:40:37 - [MESSAGE][PASSED] - Text 'AAA' is set on object 'Object Repository/Actpol_Scripts/Opsporing/MBES18/10 MBES search module/Voornaam'&#xD;
&#xD;
2019-09-24 18:40:37 - [TEST_STEP][PASSED] - delay(1): Delayed 1 second(s)&#xD;
&#xD;
2019-09-24 18:40:38 - [MESSAGE][PASSED] - Delayed 1 second(s)&#xD;
&#xD;
2019-09-24 18:40:38 - [TEST_STEP][PASSED] - setText(findTestObject("Actpol_Scripts/Opsporing/MBES18/10 MBES search module/Achternaam"), Achternaam): Text 'AA' is set on object 'Object Repository/Actpol_Scripts/Opsporing/MBES18/10 MBES search module/Achternaam'&#xD;
&#xD;
2019-09-24 18:40:39 - [MESSAGE][PASSED] - Text 'AA' is set on object 'Object Repository/Actpol_Scripts/Opsporing/MBES18/10 MBES search module/Achternaam'&#xD;
&#xD;
2019-09-24 18:40:39 - [TEST_STEP][PASSED] - delay(1): Delayed 1 second(s)&#xD;
&#xD;
2019-09-24 18:40:40 - [MESSAGE][PASSED] - Delayed 1 second(s)&#xD;
&#xD;
2019-09-24 18:40:40 - [TEST_STEP][NOT_RUN] - setText(findTestObject("Actpol_Scripts/Opsporing/MBES18/10 MBES search module/Geboortedatum textbox"), Geboortedatum): NOT_RUN: setText(findTestObject("Actpol_Scripts/Opsporing/MBES18/10 MBES search module/Geboortedatum textbox"), Geboortedatum)&#xD;
&#xD;
2019-09-24 18:40:40 - [MESSAGE][NOT_RUN] - NOT_RUN: setText(findTestObject("Actpol_Scripts/Opsporing/MBES18/10 MBES search module/Geboortedatum textbox"), Geboortedatum)&#xD;
&#xD;
2019-09-24 18:40:40 - [TEST_STEP][PASSED] - click(findTestObject("Actpol_Scripts/Opsporing/MBES18/10 MBES search module/Geboortedatum Calender icon")): Object: 'Object Repository/Actpol_Scripts/Opsporing/MBES18/10 MBES search module/Geboortedatum Calender icon' is clicked on&#xD;
&#xD;
2019-09-24 18:40:40 - [MESSAGE][PASSED] - Object: 'Object Repository/Actpol_Scripts/Opsporing/MBES18/10 MBES search module/Geboortedatum Calender icon' is clicked on&#xD;
&#xD;
2019-09-24 18:40:40 - [TEST_STEP][PASSED] - delay(2): Delayed 2 second(s)&#xD;
&#xD;
2019-09-24 18:40:42 - [MESSAGE][PASSED] - Delayed 2 second(s)&#xD;
&#xD;
2019-09-24 18:40:42 - [TEST_STEP][PASSED] - selectOptionByLabel(findTestObject("Actpol_Scripts/Monthyear/Leftmonth"), "jan", false): All options with label 'jan' are selected in object 'Object Repository/Actpol_Scripts/Monthyear/Leftmonth' &#xD;
&#xD;
2019-09-24 18:40:43 - [MESSAGE][PASSED] - All options with label 'jan' are selected in object 'Object Repository/Actpol_Scripts/Monthyear/Leftmonth' &#xD;
&#xD;
2019-09-24 18:40:43 - [TEST_STEP][NOT_RUN] - delay(1): NOT_RUN: delay(1)&#xD;
&#xD;
2019-09-24 18:40:43 - [MESSAGE][NOT_RUN] - NOT_RUN: delay(1)&#xD;
&#xD;
2019-09-24 18:40:43 - [TEST_STEP][NOT_RUN] - selectOptionByLabel(findTestObject("Actpol_Scripts/Monthyear/Leftyear"), "2009", false): NOT_RUN: selectOptionByLabel(findTestObject("Actpol_Scripts/Monthyear/Leftyear"), "2009", false)&#xD;
&#xD;
2019-09-24 18:40:43 - [MESSAGE][NOT_RUN] - NOT_RUN: selectOptionByLabel(findTestObject("Actpol_Scripts/Monthyear/Leftyear"), "2009", false)&#xD;
&#xD;
2019-09-24 18:40:43 - [TEST_STEP][NOT_RUN] - delay(1): NOT_RUN: delay(1)&#xD;
&#xD;
2019-09-24 18:40:43 - [MESSAGE][NOT_RUN] - NOT_RUN: delay(1)&#xD;
&#xD;
2019-09-24 18:40:43 - [TEST_STEP][NOT_RUN] - selectOptionByLabel(findTestObject("Actpol_Scripts/Monthyear/Leftyear"), "1999", false): NOT_RUN: selectOptionByLabel(findTestObject("Actpol_Scripts/Monthyear/Leftyear"), "1999", false)&#xD;
&#xD;
2019-09-24 18:40:43 - [MESSAGE][NOT_RUN] - NOT_RUN: selectOptionByLabel(findTestObject("Actpol_Scripts/Monthyear/Leftyear"), "1999", false)&#xD;
&#xD;
2019-09-24 18:40:43 - [TEST_STEP][NOT_RUN] - delay(1): NOT_RUN: delay(1)&#xD;
&#xD;
2019-09-24 18:40:43 - [MESSAGE][NOT_RUN] - NOT_RUN: delay(1)&#xD;
&#xD;
2019-09-24 18:40:43 - [TEST_STEP][NOT_RUN] - selectOptionByLabel(findTestObject("Actpol_Scripts/Monthyear/Leftyear"), "1989", false): NOT_RUN: selectOptionByLabel(findTestObject("Actpol_Scripts/Monthyear/Leftyear"), "1989", false)&#xD;
&#xD;
2019-09-24 18:40:43 - [MESSAGE][NOT_RUN] - NOT_RUN: selectOptionByLabel(findTestObject("Actpol_Scripts/Monthyear/Leftyear"), "1989", false)&#xD;
&#xD;
2019-09-24 18:40:43 - [TEST_STEP][NOT_RUN] - delay(1): NOT_RUN: delay(1)&#xD;
&#xD;
2019-09-24 18:40:43 - [MESSAGE][NOT_RUN] - NOT_RUN: delay(1)&#xD;
&#xD;
2019-09-24 18:40:43 - [TEST_STEP][NOT_RUN] - selectOptionByLabel(findTestObject("Actpol_Scripts/Monthyear/Leftyear"), "1985", false): NOT_RUN: selectOptionByLabel(findTestObject("Actpol_Scripts/Monthyear/Leftyear"), "1985", false)&#xD;
&#xD;
2019-09-24 18:40:43 - [MESSAGE][NOT_RUN] - NOT_RUN: selectOptionByLabel(findTestObject("Actpol_Scripts/Monthyear/Leftyear"), "1985", false)&#xD;
&#xD;
2019-09-24 18:40:43 - [TEST_STEP][PASSED] - delay(1): Delayed 1 second(s)&#xD;
&#xD;
2019-09-24 18:40:44 - [MESSAGE][PASSED] - Delayed 1 second(s)&#xD;
&#xD;
2019-09-24 18:40:44 - [TEST_STEP][PASSED] - click(findTestObject("Actpol_Scripts/Date/26th")): Object: 'Object Repository/Actpol_Scripts/Date/26th' is clicked on&#xD;
&#xD;
2019-09-24 18:40:45 - [MESSAGE][PASSED] - Object: 'Object Repository/Actpol_Scripts/Date/26th' is clicked on&#xD;
&#xD;
2019-09-24 18:40:45 - [TEST_STEP][PASSED] - delay(2): Delayed 2 second(s)&#xD;
&#xD;
2019-09-24 18:40:47 - [MESSAGE][PASSED] - Delayed 2 second(s)&#xD;
&#xD;
2019-09-24 18:40:47 - [TEST_STEP][PASSED] - click(findTestObject("Actpol_Scripts/Opsporing/MBES18/10 MBES search module/Filter")): Object: 'Object Repository/Actpol_Scripts/Opsporing/MBES18/10 MBES search module/Filter' is clicked on&#xD;
&#xD;
2019-09-24 18:40:47 - [MESSAGE][PASSED] - Object: 'Object Repository/Actpol_Scripts/Opsporing/MBES18/10 MBES search module/Filter' is clicked on&#xD;
&#xD;
2019-09-24 18:40:47 - [TEST_STEP][PASSED] - delay(1): Delayed 1 second(s)&#xD;
&#xD;
2019-09-24 18:40:48 - [MESSAGE][PASSED] - Delayed 1 second(s)&#xD;
&#xD;
2019-09-24 18:40:48 - [TEST_STEP][PASSED] - scrollToPosition(10, 7): Browser is scrolled to position x = 10, y = 7&#xD;
&#xD;
2019-09-24 18:40:48 - [MESSAGE][PASSED] - Browser is scrolled to position x = 10, y = 7&#xD;
&#xD;
2019-09-24 18:40:48 - [TEST_STEP][PASSED] - delay(1): Delayed 1 second(s)&#xD;
&#xD;
2019-09-24 18:40:49 - [MESSAGE][PASSED] - Delayed 1 second(s)&#xD;
&#xD;
2019-09-24 18:40:49 - [TEST_STEP][PASSED] - log = new com.kms.katalon.core.logging.KeywordLogger(): null&#xD;
&#xD;
2019-09-24 18:40:49 - [TEST_STEP][PASSED] - log.logInfo(getText(findTestObject("Actpol_Scripts/Opsporing/MBES18/10 MBES search module/Datum Incident get text"))): 16/09/2019&#xD;
&#xD;
2019-09-24 18:40:50 - [MESSAGE][PASSED] - Text of object 'Object Repository/Actpol_Scripts/Opsporing/MBES18/10 MBES search module/Datum Incident get text' is: '16/09/2019'&#xD;
&#xD;
2019-09-24 18:40:50 - [MESSAGE][INFO] - 16/09/2019&#xD;
&#xD;
2019-09-24 18:40:50 - [TEST_STEP][PASSED] - delay(1): Delayed 1 second(s)&#xD;
&#xD;
2019-09-24 18:40:51 - [MESSAGE][PASSED] - Delayed 1 second(s)&#xD;
&#xD;
2019-09-24 18:40:51 - [TEST_STEP][PASSED] - click(findTestObject("Actpol_Scripts/Opsporing/MBES18/10 MBES search module/resetform")): Object: 'Object Repository/Actpol_Scripts/Opsporing/MBES18/10 MBES search module/resetform' is clicked on&#xD;
&#xD;
2019-09-24 18:40:51 - [MESSAGE][PASSED] - Object: 'Object Repository/Actpol_Scripts/Opsporing/MBES18/10 MBES search module/resetform' is clicked on&#xD;
&#xD;
2019-09-24 18:40:51 - [TEST_STEP][PASSED] - delay(1): Delayed 1 second(s)&#xD;
&#xD;
2019-09-24 18:40:52 - [MESSAGE][PASSED] - Delayed 1 second(s)&#xD;
&#xD;
2019-09-24 18:40:52 - [TEST_STEP][PASSED] - comment("Checking combinations Search module"): Checking combinations Search module&#xD;
&#xD;
2019-09-24 18:40:52 - [MESSAGE][INFO] - Checking combinations Search module&#xD;
&#xD;
2019-09-24 18:40:52 - [TEST_STEP][PASSED] - delay(1): Delayed 1 second(s)&#xD;
&#xD;
2019-09-24 18:40:53 - [MESSAGE][PASSED] - Delayed 1 second(s)&#xD;
&#xD;
2019-09-24 18:40:53 - [TEST_STEP][PASSED] - comment("Checking Datum Incident  and Bijzonderheden"): Checking Datum Incident  and Bijzonderheden&#xD;
&#xD;
2019-09-24 18:40:53 - [MESSAGE][INFO] - Checking Datum Incident  and Bijzonderheden&#xD;
&#xD;
2019-09-24 18:40:53 - [TEST_STEP][PASSED] - click(findTestObject("Actpol_Scripts/Opsporing/MBES18/10 MBES search module/Datum Incident Calender icon")): Object: 'Object Repository/Actpol_Scripts/Opsporing/MBES18/10 MBES search module/Datum Incident Calender icon' is clicked on&#xD;
&#xD;
2019-09-24 18:40:54 - [MESSAGE][PASSED] - Object: 'Object Repository/Actpol_Scripts/Opsporing/MBES18/10 MBES search module/Datum Incident Calender icon' is clicked on&#xD;
&#xD;
2019-09-24 18:40:54 - [TEST_STEP][PASSED] - delay(2): Delayed 2 second(s)&#xD;
&#xD;
2019-09-24 18:40:56 - [MESSAGE][PASSED] - Delayed 2 second(s)&#xD;
&#xD;
2019-09-24 18:40:56 - [TEST_STEP][PASSED] - selectOptionByLabel(findTestObject("Actpol_Scripts/Monthyear/Leftmonth"), "sep", false): All options with label 'sep' are selected in object 'Object Repository/Actpol_Scripts/Monthyear/Leftmonth' &#xD;
&#xD;
2019-09-24 18:40:57 - [MESSAGE][PASSED] - All options with label 'sep' are selected in object 'Object Repository/Actpol_Scripts/Monthyear/Leftmonth' &#xD;
&#xD;
2019-09-24 18:40:57 - [TEST_STEP][PASSED] - delay(1): Delayed 1 second(s)&#xD;
&#xD;
2019-09-24 18:40:58 - [MESSAGE][PASSED] - Delayed 1 second(s)&#xD;
&#xD;
2019-09-24 18:40:58 - [TEST_STEP][PASSED] - selectOptionByLabel(findTestObject("Actpol_Scripts/Monthyear/Leftyear"), "2019", false): All options with label '2019' are selected in object 'Object Repository/Actpol_Scripts/Monthyear/Leftyear' &#xD;
&#xD;
2019-09-24 18:40:58 - [MESSAGE][PASSED] - All options with label '2019' are selected in object 'Object Repository/Actpol_Scripts/Monthyear/Leftyear' &#xD;
&#xD;
2019-09-24 18:40:58 - [TEST_STEP][PASSED] - delay(1): Delayed 1 second(s)&#xD;
&#xD;
2019-09-24 18:40:59 - [MESSAGE][PASSED] - Delayed 1 second(s)&#xD;
&#xD;
2019-09-24 18:40:59 - [TEST_STEP][PASSED] - click(findTestObject("Actpol_Scripts/Date/14 th")): Object: 'Object Repository/Actpol_Scripts/Date/14 th' is clicked on&#xD;
&#xD;
2019-09-24 18:41:05 - [MESSAGE][PASSED] - Object: 'Object Repository/Actpol_Scripts/Date/14 th' is clicked on&#xD;
&#xD;
2019-09-24 18:41:05 - [TEST_STEP][PASSED] - delay(1): Delayed 1 second(s)&#xD;
&#xD;
2019-09-24 18:41:06 - [MESSAGE][PASSED] - Delayed 1 second(s)&#xD;
&#xD;
2019-09-24 18:41:06 - [TEST_STEP][PASSED] - selectOptionByLabel(findTestObject("Actpol_Scripts/Opsporing/MBES18/10 MBES search module/Organisatie"), Bijzonderheden, false): All options with label 'KORPS POLITIE CURACAO' are selected in object 'Object Repository/Actpol_Scripts/Opsporing/MBES18/10 MBES search module/Organisatie' &#xD;
&#xD;
2019-09-24 18:41:06 - [MESSAGE][PASSED] - All options with label 'KORPS POLITIE CURACAO' are selected in object 'Object Repository/Actpol_Scripts/Opsporing/MBES18/10 MBES search module/Organisatie' &#xD;
&#xD;
2019-09-24 18:41:06 - [TEST_STEP][PASSED] - delay(2): Delayed 2 second(s)&#xD;
&#xD;
2019-09-24 18:41:08 - [MESSAGE][PASSED] - Delayed 2 second(s)&#xD;
&#xD;
2019-09-24 18:41:08 - [TEST_STEP][FAILED] - click(findTestObject("Actpol_Scripts/Opsporing/MBES18/10 MBES search module/Filter")): Unable to click on object 'Object Repository/Actpol_Scripts/Opsporing/MBES18/10 MBES search module/Filter' (Root cause: com.kms.katalon.core.exception.StepFailedException: Unable to click on object 'Object Repository/Actpol_Scripts/Opsporing/MBES18/10 MBES search module/Filter'&#xD;
	at com.kms.katalon.core.webui.keyword.internal.WebUIKeywordMain.stepFailed(WebUIKeywordMain.groovy:64)&#xD;
	at com.kms.katalon.core.webui.keyword.internal.WebUIKeywordMain.runKeyword(WebUIKeywordMain.groovy:26)&#xD;
	at com.kms.katalon.core.webui.keyword.builtin.ClickKeyword.click(ClickKeyword.groovy:86)&#xD;
	at com.kms.katalon.core.webui.keyword.builtin.ClickKeyword.execute(ClickKeyword.groovy:67)&#xD;
	at com.kms.katalon.core.keyword.internal.KeywordExecutor.executeKeywordForPlatform(KeywordExecutor.groovy:56)&#xD;
	at com.kms.katalon.core.webui.keyword.WebUiBuiltInKeywords.click(WebUiBuiltInKeywords.groovy:616)&#xD;
	at com.kms.katalon.core.webui.keyword.WebUiBuiltInKeywords$click$6.call(Unknown Source)&#xD;
	at ACTPOL-569.run(ACTPOL-569:142)&#xD;
	at com.kms.katalon.core.main.ScriptEngine.run(ScriptEngine.java:194)&#xD;
	at com.kms.katalon.core.main.ScriptEngine.runScriptAsRawText(ScriptEngine.java:119)&#xD;
	at com.kms.katalon.core.main.TestCaseExecutor.runScript(TestCaseExecutor.java:337)&#xD;
	at com.kms.katalon.core.main.TestCaseExecutor.doExecute(TestCaseExecutor.java:328)&#xD;
	at com.kms.katalon.core.main.TestCaseExecutor.processExecutionPhase(TestCaseExecutor.java:307)&#xD;
	at com.kms.katalon.core.main.TestCaseExecutor.accessMainPhase(TestCaseExecutor.java:299)&#xD;
	at com.kms.katalon.core.main.TestCaseExecutor.execute(TestCaseExecutor.java:233)&#xD;
	at com.kms.katalon.core.main.TestSuiteExecutor.accessTestCaseMainPhase(TestSuiteExecutor.java:169)&#xD;
	at com.kms.katalon.core.main.TestSuiteExecutor.accessTestSuiteMainPhase(TestSuiteExecutor.java:142)&#xD;
	at com.kms.katalon.core.main.TestSuiteExecutor.execute(TestSuiteExecutor.java:91)&#xD;
	at com.kms.katalon.core.main.TestCaseMain.startTestSuite(TestCaseMain.java:157)&#xD;
	at com.kms.katalon.core.main.TestCaseMain$startTestSuite$0.call(Unknown Source)&#xD;
	at TempTestSuite1569329313236.run(TempTestSuite1569329313236.groovy:35)&#xD;
Caused by: org.openqa.selenium.ElementClickInterceptedException: element click intercepted: Element &lt;input type="submit" class="btnclass" value="Filter"&gt; is not clickable at point (54, 503). Other element would receive the click: &lt;a class="ui-state-default" href="#"&gt;...&lt;/a&gt;
  (Session info: chrome=77.0.3865.90)
Build info: version: '3.141.59', revision: 'e82be7d358', time: '2018-11-14T08:25:53'
System info: host: 'NIVI-4', ip: '10.20.20.9', os.name: 'Windows 8.1', os.arch: 'amd64', os.version: '6.3', java.version: '1.8.0_181'
Driver info: com.kms.katalon.selenium.driver.CChromeDriver
Capabilities {acceptInsecureCerts: false, browserName: chrome, browserVersion: 77.0.3865.90, chrome: {chromedriverVersion: 77.0.3865.40 (f484704e052e0..., userDataDir: C:\Users\user4\AppData\Loca...}, goog:chromeOptions: {debuggerAddress: localhost:65030}, javascriptEnabled: true, networkConnectionEnabled: false, pageLoadStrategy: normal, platform: XP, platformName: XP, proxy: Proxy(), setWindowRect: true, strictFileInteractability: false, timeouts: {implicit: 0, pageLoad: 300000, script: 30000}, unhandledPromptBehavior: dismiss and notify}
Session ID: b0e8e076126feaa19e2b412cc499567a&#xD;
	at org.openqa.selenium.remote.http.W3CHttpResponseCodec.createException(W3CHttpResponseCodec.java:187)&#xD;
	at org.openqa.selenium.remote.http.W3CHttpResponseCodec.decode(W3CHttpResponseCodec.java:122)&#xD;
	at org.openqa.selenium.remote.http.W3CHttpResponseCodec.decode(W3CHttpResponseCodec.java:49)&#xD;
	at org.openqa.selenium.remote.HttpCommandExecutor.execute(HttpCommandExecutor.java:158)&#xD;
	at org.openqa.selenium.remote.service.DriverCommandExecutor.execute(DriverCommandExecutor.java:83)&#xD;
	at org.openqa.selenium.remote.RemoteWebDriver.execute(RemoteWebDriver.java:552)&#xD;
	at com.kms.katalon.selenium.driver.CChromeDriver.execute(CChromeDriver.java:20)&#xD;
	at org.openqa.selenium.remote.RemoteWebElement.execute(RemoteWebElement.java:285)&#xD;
	at org.openqa.selenium.remote.RemoteWebElement.click(RemoteWebElement.java:84)&#xD;
	at com.kms.katalon.core.webui.keyword.builtin.ClickKeyword$_click_closure1.doCall(ClickKeyword.groovy:79)&#xD;
	at com.kms.katalon.core.webui.keyword.builtin.ClickKeyword$_click_closure1.call(ClickKeyword.groovy)&#xD;
	at com.kms.katalon.core.webui.keyword.internal.WebUIKeywordMain.runKeyword(WebUIKeywordMain.groovy:20)&#xD;
	at com.kms.katalon.core.webui.keyword.builtin.ClickKeyword.click(ClickKeyword.groovy:86)&#xD;
	at com.kms.katalon.core.webui.keyword.builtin.ClickKeyword.execute(ClickKeyword.groovy:67)&#xD;
	at com.kms.katalon.core.keyword.internal.KeywordExecutor.executeKeywordForPlatform(KeywordExecutor.groovy:56)&#xD;
	at com.kms.katalon.core.webui.keyword.WebUiBuiltInKeywords.click(WebUiBuiltInKeywords.groovy:616)&#xD;
	at com.kms.katalon.core.webui.keyword.WebUiBuiltInKeywords$click$6.call(Unknown Source)&#xD;
	at Script1568102986173.run(Script1568102986173.groovy:142)&#xD;
	... 13 more&#xD;
)&#xD;
&#xD;
2019-09-24 18:41:09 - [MESSAGE][FAILED] - Unable to click on object 'Object Repository/Actpol_Scripts/Opsporing/MBES18/10 MBES search module/Filter' (Root cause: com.kms.katalon.core.exception.StepFailedException: Unable to click on object 'Object Repository/Actpol_Scripts/Opsporing/MBES18/10 MBES search module/Filter'&#xD;
	at com.kms.katalon.core.webui.keyword.internal.WebUIKeywordMain.stepFailed(WebUIKeywordMain.groovy:64)&#xD;
	at com.kms.katalon.core.webui.keyword.internal.WebUIKeywordMain.runKeyword(WebUIKeywordMain.groovy:26)&#xD;
	at com.kms.katalon.core.webui.keyword.builtin.ClickKeyword.click(ClickKeyword.groovy:86)&#xD;
	at com.kms.katalon.core.webui.keyword.builtin.ClickKeyword.execute(ClickKeyword.groovy:67)&#xD;
	at com.kms.katalon.core.keyword.internal.KeywordExecutor.executeKeywordForPlatform(KeywordExecutor.groovy:56)&#xD;
	at com.kms.katalon.core.webui.keyword.WebUiBuiltInKeywords.click(WebUiBuiltInKeywords.groovy:616)&#xD;
	at com.kms.katalon.core.webui.keyword.WebUiBuiltInKeywords$click$6.call(Unknown Source)&#xD;
	at ACTPOL-569.run(ACTPOL-569:142)&#xD;
	at com.kms.katalon.core.main.ScriptEngine.run(ScriptEngine.java:194)&#xD;
	at com.kms.katalon.core.main.ScriptEngine.runScriptAsRawText(ScriptEngine.java:119)&#xD;
	at com.kms.katalon.core.main.TestCaseExecutor.runScript(TestCaseExecutor.java:337)&#xD;
	at com.kms.katalon.core.main.TestCaseExecutor.doExecute(TestCaseExecutor.java:328)&#xD;
	at com.kms.katalon.core.main.TestCaseExecutor.processExecutionPhase(TestCaseExecutor.java:307)&#xD;
	at com.kms.katalon.core.main.TestCaseExecutor.accessMainPhase(TestCaseExecutor.java:299)&#xD;
	at com.kms.katalon.core.main.TestCaseExecutor.execute(TestCaseExecutor.java:233)&#xD;
	at com.kms.katalon.core.main.TestSuiteExecutor.accessTestCaseMainPhase(TestSuiteExecutor.java:169)&#xD;
	at com.kms.katalon.core.main.TestSuiteExecutor.accessTestSuiteMainPhase(TestSuiteExecutor.java:142)&#xD;
	at com.kms.katalon.core.main.TestSuiteExecutor.execute(TestSuiteExecutor.java:91)&#xD;
	at com.kms.katalon.core.main.TestCaseMain.startTestSuite(TestCaseMain.java:157)&#xD;
	at com.kms.katalon.core.main.TestCaseMain$startTestSuite$0.call(Unknown Source)&#xD;
	at TempTestSuite1569329313236.run(TempTestSuite1569329313236.groovy:35)&#xD;
Caused by: org.openqa.selenium.ElementClickInterceptedException: element click intercepted: Element &lt;input type="submit" class="btnclass" value="Filter"&gt; is not clickable at point (54, 503). Other element would receive the click: &lt;a class="ui-state-default" href="#"&gt;...&lt;/a&gt;
  (Session info: chrome=77.0.3865.90)
Build info: version: '3.141.59', revision: 'e82be7d358', time: '2018-11-14T08:25:53'
System info: host: 'NIVI-4', ip: '10.20.20.9', os.name: 'Windows 8.1', os.arch: 'amd64', os.version: '6.3', java.version: '1.8.0_181'
Driver info: com.kms.katalon.selenium.driver.CChromeDriver
Capabilities {acceptInsecureCerts: false, browserName: chrome, browserVersion: 77.0.3865.90, chrome: {chromedriverVersion: 77.0.3865.40 (f484704e052e0..., userDataDir: C:\Users\user4\AppData\Loca...}, goog:chromeOptions: {debuggerAddress: localhost:65030}, javascriptEnabled: true, networkConnectionEnabled: false, pageLoadStrategy: normal, platform: XP, platformName: XP, proxy: Proxy(), setWindowRect: true, strictFileInteractability: false, timeouts: {implicit: 0, pageLoad: 300000, script: 30000}, unhandledPromptBehavior: dismiss and notify}
Session ID: b0e8e076126feaa19e2b412cc499567a&#xD;
	at org.openqa.selenium.remote.http.W3CHttpResponseCodec.createException(W3CHttpResponseCodec.java:187)&#xD;
	at org.openqa.selenium.remote.http.W3CHttpResponseCodec.decode(W3CHttpResponseCodec.java:122)&#xD;
	at org.openqa.selenium.remote.http.W3CHttpResponseCodec.decode(W3CHttpResponseCodec.java:49)&#xD;
	at org.openqa.selenium.remote.HttpCommandExecutor.execute(HttpCommandExecutor.java:158)&#xD;
	at org.openqa.selenium.remote.service.DriverCommandExecutor.execute(DriverCommandExecutor.java:83)&#xD;
	at org.openqa.selenium.remote.RemoteWebDriver.execute(RemoteWebDriver.java:552)&#xD;
	at com.kms.katalon.selenium.driver.CChromeDriver.execute(CChromeDriver.java:20)&#xD;
	at org.openqa.selenium.remote.RemoteWebElement.execute(RemoteWebElement.java:285)&#xD;
	at org.openqa.selenium.remote.RemoteWebElement.click(RemoteWebElement.java:84)&#xD;
	at com.kms.katalon.core.webui.keyword.builtin.ClickKeyword$_click_closure1.doCall(ClickKeyword.groovy:79)&#xD;
	at com.kms.katalon.core.webui.keyword.builtin.ClickKeyword$_click_closure1.call(ClickKeyword.groovy)&#xD;
	at com.kms.katalon.core.webui.keyword.internal.WebUIKeywordMain.runKeyword(WebUIKeywordMain.groovy:20)&#xD;
	at com.kms.katalon.core.webui.keyword.builtin.ClickKeyword.click(ClickKeyword.groovy:86)&#xD;
	at com.kms.katalon.core.webui.keyword.builtin.ClickKeyword.execute(ClickKeyword.groovy:67)&#xD;
	at com.kms.katalon.core.keyword.internal.KeywordExecutor.executeKeywordForPlatform(KeywordExecutor.groovy:56)&#xD;
	at com.kms.katalon.core.webui.keyword.WebUiBuiltInKeywords.click(WebUiBuiltInKeywords.groovy:616)&#xD;
	at com.kms.katalon.core.webui.keyword.WebUiBuiltInKeywords$click$6.call(Unknown Source)&#xD;
	at Script1568102986173.run(Script1568102986173.groovy:142)&#xD;
	... 13 more&#xD;
)&#xD;
[[ATTACHMENT|C:\\Users\\user4\\git\\ACTPOL\\Reports\\20190924_181828\\Release 6.6\\MBES18 ALL\\20190924_181828\\1569330669074.png]]</system-out>
            <system-err>2019-09-24 18:39:52 - [TEST_CASE][FAILED] - Test Cases/JIRA Tasks/Release 6.6/ACTPOL-569: Test Cases/JIRA Tasks/Release 6.6/ACTPOL-569 FAILED.
Reason:
com.kms.katalon.core.exception.StepFailedException: Unable to click on object 'Object Repository/Actpol_Scripts/Opsporing/MBES18/10 MBES search module/Filter'&#xD;
	at com.kms.katalon.core.webui.keyword.internal.WebUIKeywordMain.stepFailed(WebUIKeywordMain.groovy:64)&#xD;
	at com.kms.katalon.core.webui.keyword.internal.WebUIKeywordMain.runKeyword(WebUIKeywordMain.groovy:26)&#xD;
	at com.kms.katalon.core.webui.keyword.builtin.ClickKeyword.click(ClickKeyword.groovy:86)&#xD;
	at com.kms.katalon.core.webui.keyword.builtin.ClickKeyword.execute(ClickKeyword.groovy:67)&#xD;
	at com.kms.katalon.core.keyword.internal.KeywordExecutor.executeKeywordForPlatform(KeywordExecutor.groovy:56)&#xD;
	at com.kms.katalon.core.webui.keyword.WebUiBuiltInKeywords.click(WebUiBuiltInKeywords.groovy:616)&#xD;
	at com.kms.katalon.core.webui.keyword.WebUiBuiltInKeywords$click$6.call(Unknown Source)&#xD;
	at ACTPOL-569.run(ACTPOL-569:142)&#xD;
	at com.kms.katalon.core.main.ScriptEngine.run(ScriptEngine.java:194)&#xD;
	at com.kms.katalon.core.main.ScriptEngine.runScriptAsRawText(ScriptEngine.java:119)&#xD;
	at com.kms.katalon.core.main.TestCaseExecutor.runScript(TestCaseExecutor.java:337)&#xD;
	at com.kms.katalon.core.main.TestCaseExecutor.doExecute(TestCaseExecutor.java:328)&#xD;
	at com.kms.katalon.core.main.TestCaseExecutor.processExecutionPhase(TestCaseExecutor.java:307)&#xD;
	at com.kms.katalon.core.main.TestCaseExecutor.accessMainPhase(TestCaseExecutor.java:299)&#xD;
	at com.kms.katalon.core.main.TestCaseExecutor.execute(TestCaseExecutor.java:233)&#xD;
	at com.kms.katalon.core.main.TestSuiteExecutor.accessTestCaseMainPhase(TestSuiteExecutor.java:169)&#xD;
	at com.kms.katalon.core.main.TestSuiteExecutor.accessTestSuiteMainPhase(TestSuiteExecutor.java:142)&#xD;
	at com.kms.katalon.core.main.TestSuiteExecutor.execute(TestSuiteExecutor.java:91)&#xD;
	at com.kms.katalon.core.main.TestCaseMain.startTestSuite(TestCaseMain.java:157)&#xD;
	at com.kms.katalon.core.main.TestCaseMain$startTestSuite$0.call(Unknown Source)&#xD;
	at TempTestSuite1569329313236.run(TempTestSuite1569329313236.groovy:35)&#xD;
Caused by: org.openqa.selenium.ElementClickInterceptedException: element click intercepted: Element &lt;input type="submit" class="btnclass" value="Filter"&gt; is not clickable at point (54, 503). Other element would receive the click: &lt;a class="ui-state-default" href="#"&gt;...&lt;/a&gt;
  (Session info: chrome=77.0.3865.90)
Build info: version: '3.141.59', revision: 'e82be7d358', time: '2018-11-14T08:25:53'
System info: host: 'NIVI-4', ip: '10.20.20.9', os.name: 'Windows 8.1', os.arch: 'amd64', os.version: '6.3', java.version: '1.8.0_181'
Driver info: com.kms.katalon.selenium.driver.CChromeDriver
Capabilities {acceptInsecureCerts: false, browserName: chrome, browserVersion: 77.0.3865.90, chrome: {chromedriverVersion: 77.0.3865.40 (f484704e052e0..., userDataDir: C:\Users\user4\AppData\Loca...}, goog:chromeOptions: {debuggerAddress: localhost:65030}, javascriptEnabled: true, networkConnectionEnabled: false, pageLoadStrategy: normal, platform: XP, platformName: XP, proxy: Proxy(), setWindowRect: true, strictFileInteractability: false, timeouts: {implicit: 0, pageLoad: 300000, script: 30000}, unhandledPromptBehavior: dismiss and notify}
Session ID: b0e8e076126feaa19e2b412cc499567a&#xD;
	at org.openqa.selenium.remote.http.W3CHttpResponseCodec.createException(W3CHttpResponseCodec.java:187)&#xD;
	at org.openqa.selenium.remote.http.W3CHttpResponseCodec.decode(W3CHttpResponseCodec.java:122)&#xD;
	at org.openqa.selenium.remote.http.W3CHttpResponseCodec.decode(W3CHttpResponseCodec.java:49)&#xD;
	at org.openqa.selenium.remote.HttpCommandExecutor.execute(HttpCommandExecutor.java:158)&#xD;
	at org.openqa.selenium.remote.service.DriverCommandExecutor.execute(DriverCommandExecutor.java:83)&#xD;
	at org.openqa.selenium.remote.RemoteWebDriver.execute(RemoteWebDriver.java:552)&#xD;
	at com.kms.katalon.selenium.driver.CChromeDriver.execute(CChromeDriver.java:20)&#xD;
	at org.openqa.selenium.remote.RemoteWebElement.execute(RemoteWebElement.java:285)&#xD;
	at org.openqa.selenium.remote.RemoteWebElement.click(RemoteWebElement.java:84)&#xD;
	at com.kms.katalon.core.webui.keyword.builtin.ClickKeyword$_click_closure1.doCall(ClickKeyword.groovy:79)&#xD;
	at com.kms.katalon.core.webui.keyword.builtin.ClickKeyword$_click_closure1.call(ClickKeyword.groovy)&#xD;
	at com.kms.katalon.core.webui.keyword.internal.WebUIKeywordMain.runKeyword(WebUIKeywordMain.groovy:20)&#xD;
	... 19 more</system-err>
        </testcase>
        <system-out>2019-09-24 18:18:37 - [TEST_SUITE][INCOMPLETE] - MBES18 ALL: null</system-out>
        <system-err>2019-09-24 18:18:37 - [TEST_SUITE][INCOMPLETE] - MBES18 ALL: null</system-err>
    </testsuite>
</testsuites>
