<?xml version="1.0" encoding="UTF-8" standalone="yes"?>
<testsuites name="ACTPOL-561,562 AND 563" time="957" tests="3" failures="0" errors="0">
    <testsuite name="ACTPOL-561,562 AND 563" tests="3" failures="0" errors="0" time="957" timestamp="2019-09-05 19:28:00" hostname="user4 - 10.20.20.10" id="Test Suites/Release 6.6/ACTPOL-561,562 AND 563">
        <properties>
            <property name="deviceName" value=""/>
            <property name="devicePlatform" value=""/>
            <property name="logFolder" value="C:\\Users\\user4\\git\\ACTPOL\\Reports\\20190905_192623\\Release 6.6\\ACTPOL-561,562 AND 563\\20190905_192646"/>
            <property name="logFiles" value="C:\\Users\\user4\\git\\ACTPOL\\Reports\\20190905_192623\\Release 6.6\\ACTPOL-561,562 AND 563\\20190905_192646\\execution0.log"/>
            <property name="attachments" value="C:\\Users\\user4\\git\\ACTPOL\\Reports\\20190905_192623\\Release 6.6\\ACTPOL-561,562 AND 563\\20190905_192646\\1567692072599.png, C:\\Users\\user4\\git\\ACTPOL\\Reports\\20190905_192623\\Release 6.6\\ACTPOL-561,562 AND 563\\20190905_192646\\1567692073642.png, C:\\Users\\user4\\git\\ACTPOL\\Reports\\20190905_192623\\Release 6.6\\ACTPOL-561,562 AND 563\\20190905_192646\\1567692098392.png, C:\\Users\\user4\\git\\ACTPOL\\Reports\\20190905_192623\\Release 6.6\\ACTPOL-561,562 AND 563\\20190905_192646\\1567692098894.png, C:\\Users\\user4\\git\\ACTPOL\\Reports\\20190905_192623\\Release 6.6\\ACTPOL-561,562 AND 563\\20190905_192646\\1567692129349.png, C:\\Users\\user4\\git\\ACTPOL\\Reports\\20190905_192623\\Release 6.6\\ACTPOL-561,562 AND 563\\20190905_192646\\1567692129824.png, C:\\Users\\user4\\git\\ACTPOL\\Reports\\20190905_192623\\Release 6.6\\ACTPOL-561,562 AND 563\\20190905_192646\\1567692809334.png, C:\\Users\\user4\\git\\ACTPOL\\Reports\\20190905_192623\\Release 6.6\\ACTPOL-561,562 AND 563\\20190905_192646\\1567692832001.png"/>
            <property name="hostName" value="user4 - 10.20.20.10"/>
            <property name="os" value="Windows 8.1 64bit"/>
            <property name="katalonVersion" value="6.3.2.1"/>
            <property name="browser" value="Chrome 76.0.3809.132"/>
            <property name="hostAddress" value="10.20.20.10"/>
            <property name="sessionId" value="8d805ca042a3f0eff8c57887d2b96954"/>
            <property name="seleniumVersion" value="3.141.59"/>
            <property name="proxyInformation" value="ProxyInformation{proxyOption=NO_PROXY, proxyServerType=HTTP, password=, proxyServerAddress=, proxyServerPort=0}"/>
            <property name="platform" value="Windows 8.1"/>
        </properties>
        <testcase name="Test Cases/JIRA Tasks/Release 6.6/ACTPOL-561" classname="Test Cases/JIRA Tasks/Release 6.6/ACTPOL-561" status="PASSED">
            <system-out>2019-09-05 19:28:00 - [TEST_CASE][PASSED] - Test Cases/JIRA Tasks/Release 6.6/ACTPOL-561: Test Cases/JIRA Tasks/Release 6.6/ACTPOL-561&#xD;
&#xD;
2019-09-05 19:28:03 - [TEST_STEP][PASSED] - callTestCase(findTestCase("main/Actpol_Login_testenv"), [:], STOP_ON_FAILURE): Call Test Case 'Test Cases/main/Actpol_Login_testenv' successfully&#xD;
&#xD;
2019-09-05 19:28:04 - [TEST_CASE][PASSED] - Test Cases/main/Actpol_Login_testenv: Test Cases/main/Actpol_Login_testenv&#xD;
&#xD;
2019-09-05 19:28:05 - [TEST_STEP][PASSED] - openBrowser(""): Browser is opened with url: ''&#xD;
&#xD;
2019-09-05 19:28:06 - [MESSAGE][INFO] - Starting 'Chrome' driver&#xD;
&#xD;
2019-09-05 19:28:06 - [MESSAGE][INFO] - Action delay is set to 0 seconds&#xD;
&#xD;
2019-09-05 19:28:21 - [MESSAGE][PASSED] - Browser is opened with url: ''&#xD;
&#xD;
2019-09-05 19:28:21 - [TEST_STEP][PASSED] - deleteAllCookies(): Delete all cookies successfully&#xD;
&#xD;
2019-09-05 19:28:26 - [MESSAGE][PASSED] - Delete all cookies successfully&#xD;
&#xD;
2019-09-05 19:28:26 - [TEST_STEP][PASSED] - waitForPageLoad(30): Wait for page load successfully&#xD;
&#xD;
2019-09-05 19:28:27 - [MESSAGE][PASSED] - Wait for page load successfully&#xD;
&#xD;
2019-09-05 19:28:27 - [TEST_STEP][PASSED] - maximizeWindow(): Current window maximized&#xD;
&#xD;
2019-09-05 19:28:28 - [MESSAGE][PASSED] - Current window maximized&#xD;
&#xD;
2019-09-05 19:28:28 - [TEST_STEP][PASSED] - ACTPOLTESTENV = 1: null&#xD;
&#xD;
2019-09-05 19:28:28 - [TEST_STEP][PASSED] - ACTPOLDEVENV = 2: null&#xD;
&#xD;
2019-09-05 19:28:28 - [TEST_STEP][PASSED] - ACTPOLKCENV = 3: null&#xD;
&#xD;
2019-09-05 19:28:28 - [TEST_STEP][PASSED] - ACTPOLKBKPCNENV = 4: null&#xD;
&#xD;
2019-09-05 19:28:28 - [TEST_STEP][PASSED] - ACTPOLKBKMARENV = 5: null&#xD;
&#xD;
2019-09-05 19:28:28 - [TEST_STEP][PASSED] - ACTPOLKMENV = 6: null&#xD;
&#xD;
2019-09-05 19:28:28 - [TEST_STEP][PASSED] - ACTPOLKWENV = 7: null&#xD;
&#xD;
2019-09-05 19:28:28 - [TEST_STEP][PASSED] - environment = ACTPOLDEVENV: null&#xD;
&#xD;
2019-09-05 19:28:28 - [TEST_STEP][PASSED] - Selectenv = &lt;not implemented yet for class: org.codehaus.groovy.ast.expr.EmptyExpression&gt;: null&#xD;
&#xD;
2019-09-05 19:28:28 - [TEST_STEP][PASSED] - switch (environment): null&#xD;
&#xD;
2019-09-05 19:28:28 - [TEST_STEP][PASSED] - case 2:: null&#xD;
&#xD;
2019-09-05 19:28:28 - [TEST_STEP][PASSED] - println(Selectenv = "ACTPOL-DEV-ENV"): null&#xD;
&#xD;
2019-09-05 19:28:28 - [TEST_STEP][PASSED] - navigateToUrl(DEVURL): Navigate to 'http://10.20.10.7:8202/actpoldev/JPOL558/nxmenu.pgm?docnum=604' successfully&#xD;
&#xD;
2019-09-05 19:28:41 - [MESSAGE][PASSED] - Navigate to 'http://10.20.10.7:8202/actpoldev/JPOL558/nxmenu.pgm?docnum=604' successfully&#xD;
&#xD;
2019-09-05 19:28:41 - [TEST_STEP][PASSED] - setText(findTestObject("Actpol_Scripts/login/userid"), username): Text 'vidhya' is set on object 'Object Repository/Actpol_Scripts/login/userid'&#xD;
&#xD;
2019-09-05 19:28:49 - [MESSAGE][PASSED] - Text 'vidhya' is set on object 'Object Repository/Actpol_Scripts/login/userid'&#xD;
&#xD;
2019-09-05 19:28:49 - [TEST_STEP][PASSED] - setMaskedText(findTestObject("Actpol_Scripts/login/password"), password): Text '********' is set on object 'Object Repository/Actpol_Scripts/login/password'&#xD;
&#xD;
2019-09-05 19:28:50 - [MESSAGE][PASSED] - Text '********' is set on object 'Object Repository/Actpol_Scripts/login/password'&#xD;
&#xD;
2019-09-05 19:28:50 - [TEST_STEP][PASSED] - click(findTestObject("Actpol_Scripts/login/login")): Object: 'Object Repository/Actpol_Scripts/login/login' is clicked on&#xD;
&#xD;
2019-09-05 19:28:51 - [MESSAGE][PASSED] - Object: 'Object Repository/Actpol_Scripts/login/login' is clicked on&#xD;
&#xD;
2019-09-05 19:28:51 - [TEST_STEP][PASSED] - getWindowTitle(): Current window's title is: 'Login Page for ACTPOL Developer'&#xD;
&#xD;
2019-09-05 19:28:51 - [MESSAGE][PASSED] - Current window's title is: 'Login Page for ACTPOL Developer'&#xD;
&#xD;
2019-09-05 19:28:51 - [TEST_STEP][PASSED] - break: null&#xD;
&#xD;
2019-09-05 19:28:51 - [MESSAGE][PASSED] - Call Test Case 'Test Cases/main/Actpol_Login_testenv' successfully&#xD;
&#xD;
2019-09-05 19:28:51 - [TEST_STEP][PASSED] - log = new com.kms.katalon.core.logging.KeywordLogger(): null&#xD;
&#xD;
2019-09-05 19:28:51 - [TEST_STEP][PASSED] - mouseOver(findTestObject("Actpol_Scripts/Menu navigation/Opsporing/Opsporing")): Object: 'Object Repository/Actpol_Scripts/Menu navigation/Opsporing/Opsporing' is hovered&#xD;
&#xD;
2019-09-05 19:29:20 - [MESSAGE][PASSED] - Object: 'Object Repository/Actpol_Scripts/Menu navigation/Opsporing/Opsporing' is hovered&#xD;
&#xD;
2019-09-05 19:29:20 - [TEST_STEP][PASSED] - log.logInfo("Successfully logged"): Successfully logged&#xD;
&#xD;
2019-09-05 19:29:20 - [MESSAGE][INFO] - Successfully logged&#xD;
&#xD;
2019-09-05 19:29:20 - [TEST_STEP][PASSED] - delay(2): Delayed 2 second(s)&#xD;
&#xD;
2019-09-05 19:29:22 - [MESSAGE][PASSED] - Delayed 2 second(s)&#xD;
&#xD;
2019-09-05 19:29:22 - [TEST_STEP][PASSED] - click(findTestObject("Actpol_Scripts/Opsporing/MBES18/MBES18 TAB")): Object: 'Object Repository/Actpol_Scripts/Opsporing/MBES18/MBES18 TAB' is clicked on&#xD;
&#xD;
2019-09-05 19:29:26 - [MESSAGE][PASSED] - Object: 'Object Repository/Actpol_Scripts/Opsporing/MBES18/MBES18 TAB' is clicked on&#xD;
&#xD;
2019-09-05 19:29:26 - [TEST_STEP][PASSED] - log.logInfo("Clicking MBES18 tab "): Clicking MBES18 tab &#xD;
&#xD;
2019-09-05 19:29:26 - [MESSAGE][INFO] - Clicking MBES18 tab &#xD;
&#xD;
2019-09-05 19:29:26 - [TEST_STEP][PASSED] - delay(1): Delayed 1 second(s)&#xD;
&#xD;
2019-09-05 19:29:27 - [MESSAGE][PASSED] - Delayed 1 second(s)&#xD;
&#xD;
2019-09-05 19:29:27 - [TEST_STEP][PASSED] - mouseOver(findTestObject("Actpol_Scripts/Menu navigation/Generiek/Generiek")): Object: 'Object Repository/Actpol_Scripts/Menu navigation/Generiek/Generiek' is hovered&#xD;
&#xD;
2019-09-05 19:29:28 - [MESSAGE][PASSED] - Object: 'Object Repository/Actpol_Scripts/Menu navigation/Generiek/Generiek' is hovered&#xD;
&#xD;
2019-09-05 19:29:28 - [TEST_STEP][PASSED] - delay(8): Delayed 8 second(s)&#xD;
&#xD;
2019-09-05 19:29:36 - [MESSAGE][PASSED] - Delayed 8 second(s)&#xD;
&#xD;
2019-09-05 19:29:36 - [TEST_STEP][PASSED] - click(findTestObject("Actpol_Scripts/Opsporing/MBES18/mbes new")): Object: 'Object Repository/Actpol_Scripts/Opsporing/MBES18/mbes new' is clicked on&#xD;
&#xD;
2019-09-05 19:29:37 - [MESSAGE][PASSED] - Object: 'Object Repository/Actpol_Scripts/Opsporing/MBES18/mbes new' is clicked on&#xD;
&#xD;
2019-09-05 19:29:37 - [TEST_STEP][PASSED] - log.logInfo("Clicking MBES18 new button "): Clicking MBES18 new button &#xD;
&#xD;
2019-09-05 19:29:37 - [MESSAGE][INFO] - Clicking MBES18 new button &#xD;
&#xD;
2019-09-05 19:29:37 - [TEST_STEP][PASSED] - delay(6): Delayed 6 second(s)&#xD;
&#xD;
2019-09-05 19:29:43 - [MESSAGE][PASSED] - Delayed 6 second(s)&#xD;
&#xD;
2019-09-05 19:29:43 - [TEST_STEP][PASSED] - click(findTestObject("Actpol_Scripts/Opsporing/MBES18/Registratie new")): Object: 'Object Repository/Actpol_Scripts/Opsporing/MBES18/Registratie new' is clicked on&#xD;
&#xD;
2019-09-05 19:29:44 - [MESSAGE][PASSED] - Object: 'Object Repository/Actpol_Scripts/Opsporing/MBES18/Registratie new' is clicked on&#xD;
&#xD;
2019-09-05 19:29:44 - [TEST_STEP][PASSED] - delay(1): Delayed 1 second(s)&#xD;
&#xD;
2019-09-05 19:29:45 - [MESSAGE][PASSED] - Delayed 1 second(s)&#xD;
&#xD;
2019-09-05 19:29:45 - [TEST_STEP][PASSED] - selectOptionByLabel(findTestObject("Actpol_Scripts/Opsporing/MBES18/1 Registratie/Registratie van 1"), "KORPS POLITIE CURACAO", false): All options with label 'KORPS POLITIE CURACAO' are selected in object 'Object Repository/Actpol_Scripts/Opsporing/MBES18/1 Registratie/Registratie van 1' &#xD;
&#xD;
2019-09-05 19:29:46 - [MESSAGE][PASSED] - All options with label 'KORPS POLITIE CURACAO' are selected in object 'Object Repository/Actpol_Scripts/Opsporing/MBES18/1 Registratie/Registratie van 1' &#xD;
&#xD;
2019-09-05 19:29:46 - [TEST_STEP][PASSED] - delay(1): Delayed 1 second(s)&#xD;
&#xD;
2019-09-05 19:29:47 - [MESSAGE][PASSED] - Delayed 1 second(s)&#xD;
&#xD;
2019-09-05 19:29:47 - [TEST_STEP][PASSED] - selectOptionByLabel(findTestObject("Actpol_Scripts/Opsporing/MBES18/1 Registratie/Registratie Naar 1"), "OPENBARE MINISTERIE", false): All options with label 'OPENBARE MINISTERIE' are selected in object 'Object Repository/Actpol_Scripts/Opsporing/MBES18/1 Registratie/Registratie Naar 1' &#xD;
&#xD;
2019-09-05 19:29:48 - [MESSAGE][PASSED] - All options with label 'OPENBARE MINISTERIE' are selected in object 'Object Repository/Actpol_Scripts/Opsporing/MBES18/1 Registratie/Registratie Naar 1' &#xD;
&#xD;
2019-09-05 19:29:48 - [TEST_STEP][PASSED] - delay(1): Delayed 1 second(s)&#xD;
&#xD;
2019-09-05 19:29:49 - [MESSAGE][PASSED] - Delayed 1 second(s)&#xD;
&#xD;
2019-09-05 19:29:49 - [TEST_STEP][PASSED] - selectOptionByLabel(findTestObject("Actpol_Scripts/Opsporing/MBES18/1 Registratie/Registratie van 2"), "AMBULANCE", false): All options with label 'AMBULANCE' are selected in object 'Object Repository/Actpol_Scripts/Opsporing/MBES18/1 Registratie/Registratie van 2' &#xD;
&#xD;
2019-09-05 19:29:50 - [MESSAGE][PASSED] - All options with label 'AMBULANCE' are selected in object 'Object Repository/Actpol_Scripts/Opsporing/MBES18/1 Registratie/Registratie van 2' &#xD;
&#xD;
2019-09-05 19:29:50 - [TEST_STEP][PASSED] - delay(1): Delayed 1 second(s)&#xD;
&#xD;
2019-09-05 19:29:51 - [MESSAGE][PASSED] - Delayed 1 second(s)&#xD;
&#xD;
2019-09-05 19:29:51 - [TEST_STEP][PASSED] - selectOptionByLabel(findTestObject("Actpol_Scripts/Opsporing/MBES18/1 Registratie/Registratie Naar 2"), "SKS", false): All options with label 'SKS' are selected in object 'Object Repository/Actpol_Scripts/Opsporing/MBES18/1 Registratie/Registratie Naar 2' &#xD;
&#xD;
2019-09-05 19:29:52 - [MESSAGE][PASSED] - All options with label 'SKS' are selected in object 'Object Repository/Actpol_Scripts/Opsporing/MBES18/1 Registratie/Registratie Naar 2' &#xD;
&#xD;
2019-09-05 19:29:52 - [TEST_STEP][PASSED] - delay(1): Delayed 1 second(s)&#xD;
&#xD;
2019-09-05 19:29:53 - [MESSAGE][PASSED] - Delayed 1 second(s)&#xD;
&#xD;
2019-09-05 19:29:53 - [TEST_STEP][PASSED] - setText(findTestObject("Actpol_Scripts/Opsporing/MBES18/1 Registratie/Behandeld door"), "Katalon testing :: Behandeld door"): Text 'Katalon testing :: Behandeld door' is set on object 'Object Repository/Actpol_Scripts/Opsporing/MBES18/1 Registratie/Behandeld door'&#xD;
&#xD;
2019-09-05 19:29:57 - [MESSAGE][PASSED] - Text 'Katalon testing :: Behandeld door' is set on object 'Object Repository/Actpol_Scripts/Opsporing/MBES18/1 Registratie/Behandeld door'&#xD;
&#xD;
2019-09-05 19:29:57 - [TEST_STEP][PASSED] - delay(1): Delayed 1 second(s)&#xD;
&#xD;
2019-09-05 19:29:58 - [MESSAGE][PASSED] - Delayed 1 second(s)&#xD;
&#xD;
2019-09-05 19:29:58 - [TEST_STEP][PASSED] - setText(findTestObject("Actpol_Scripts/Opsporing/MBES18/1 Registratie/Telefoon"), "123456789"): Text '123456789' is set on object 'Object Repository/Actpol_Scripts/Opsporing/MBES18/1 Registratie/Telefoon'&#xD;
&#xD;
2019-09-05 19:30:00 - [MESSAGE][PASSED] - Text '123456789' is set on object 'Object Repository/Actpol_Scripts/Opsporing/MBES18/1 Registratie/Telefoon'&#xD;
&#xD;
2019-09-05 19:30:00 - [TEST_STEP][PASSED] - delay(1): Delayed 1 second(s)&#xD;
&#xD;
2019-09-05 19:30:01 - [MESSAGE][PASSED] - Delayed 1 second(s)&#xD;
&#xD;
2019-09-05 19:30:01 - [TEST_STEP][PASSED] - setText(findTestObject("Actpol_Scripts/Opsporing/MBES18/1 Registratie/E-Mail"), "test@gmail.com"): Text 'test@gmail.com' is set on object 'Object Repository/Actpol_Scripts/Opsporing/MBES18/1 Registratie/E-Mail'&#xD;
&#xD;
2019-09-05 19:30:03 - [MESSAGE][PASSED] - Text 'test@gmail.com' is set on object 'Object Repository/Actpol_Scripts/Opsporing/MBES18/1 Registratie/E-Mail'&#xD;
&#xD;
2019-09-05 19:30:03 - [TEST_STEP][PASSED] - delay(1): Delayed 1 second(s)&#xD;
&#xD;
2019-09-05 19:30:04 - [MESSAGE][PASSED] - Delayed 1 second(s)&#xD;
&#xD;
2019-09-05 19:30:04 - [TEST_STEP][PASSED] - setText(findTestObject("Actpol_Scripts/Opsporing/MBES18/1 Registratie/Datum"), "23/08/2019"): Text '23/08/2019' is set on object 'Object Repository/Actpol_Scripts/Opsporing/MBES18/1 Registratie/Datum'&#xD;
&#xD;
2019-09-05 19:30:04 - [MESSAGE][PASSED] - Text '23/08/2019' is set on object 'Object Repository/Actpol_Scripts/Opsporing/MBES18/1 Registratie/Datum'&#xD;
&#xD;
2019-09-05 19:30:04 - [TEST_STEP][PASSED] - delay(1): Delayed 1 second(s)&#xD;
&#xD;
2019-09-05 19:30:05 - [MESSAGE][PASSED] - Delayed 1 second(s)&#xD;
&#xD;
2019-09-05 19:30:05 - [TEST_STEP][PASSED] - click(findTestObject("Actpol_Scripts/Opsporing/MBES18/1 Registratie/Registratie save")): Object: 'Object Repository/Actpol_Scripts/Opsporing/MBES18/1 Registratie/Registratie save' is clicked on&#xD;
&#xD;
2019-09-05 19:30:06 - [MESSAGE][PASSED] - Object: 'Object Repository/Actpol_Scripts/Opsporing/MBES18/1 Registratie/Registratie save' is clicked on&#xD;
&#xD;
2019-09-05 19:30:06 - [TEST_STEP][PASSED] - delay(1): Delayed 1 second(s)&#xD;
&#xD;
2019-09-05 19:30:07 - [MESSAGE][PASSED] - Delayed 1 second(s)&#xD;
&#xD;
2019-09-05 19:30:07 - [TEST_STEP][PASSED] - click(findTestObject("Actpol_Scripts/Opsporing/MBES18/1 Registratie/registratie tab")): Object: 'Object Repository/Actpol_Scripts/Opsporing/MBES18/1 Registratie/registratie tab' is clicked on&#xD;
&#xD;
2019-09-05 19:30:08 - [MESSAGE][PASSED] - Object: 'Object Repository/Actpol_Scripts/Opsporing/MBES18/1 Registratie/registratie tab' is clicked on&#xD;
&#xD;
2019-09-05 19:30:08 - [TEST_STEP][PASSED] - delay(1): Delayed 1 second(s)&#xD;
&#xD;
2019-09-05 19:30:09 - [MESSAGE][PASSED] - Delayed 1 second(s)&#xD;
&#xD;
2019-09-05 19:30:09 - [TEST_STEP][PASSED] - click(findTestObject("Actpol_Scripts/Opsporing/MBES18/2 Personalia/Personalia tab")): Object: 'Object Repository/Actpol_Scripts/Opsporing/MBES18/2 Personalia/Personalia tab' is clicked on&#xD;
&#xD;
2019-09-05 19:30:10 - [MESSAGE][PASSED] - Object: 'Object Repository/Actpol_Scripts/Opsporing/MBES18/2 Personalia/Personalia tab' is clicked on&#xD;
&#xD;
2019-09-05 19:30:10 - [TEST_STEP][PASSED] - delay(2): Delayed 2 second(s)&#xD;
&#xD;
2019-09-05 19:30:12 - [MESSAGE][PASSED] - Delayed 2 second(s)&#xD;
&#xD;
2019-09-05 19:30:12 - [TEST_STEP][PASSED] - click(findTestObject("Actpol_Scripts/Opsporing/MBES18/MBSC SAVE")): Object: 'Object Repository/Actpol_Scripts/Opsporing/MBES18/MBSC SAVE' is clicked on&#xD;
&#xD;
2019-09-05 19:30:14 - [MESSAGE][PASSED] - Object: 'Object Repository/Actpol_Scripts/Opsporing/MBES18/MBSC SAVE' is clicked on&#xD;
&#xD;
2019-09-05 19:30:14 - [TEST_STEP][PASSED] - comment("Chcking validation"): Chcking validation&#xD;
&#xD;
2019-09-05 19:30:14 - [MESSAGE][INFO] - Chcking validation&#xD;
&#xD;
2019-09-05 19:30:14 - [TEST_STEP][PASSED] - delay(1): Delayed 1 second(s)&#xD;
&#xD;
2019-09-05 19:30:15 - [MESSAGE][PASSED] - Delayed 1 second(s)&#xD;
&#xD;
2019-09-05 19:30:15 - [TEST_STEP][PASSED] - Achternaam = getText(findTestObject("Actpol_Scripts/Opsporing/MBES18/2 Personalia/Achternaam error messgae")): Text of object 'Object Repository/Actpol_Scripts/Opsporing/MBES18/2 Personalia/Achternaam error messgae' is: 'Dit is een vereiste veld'&#xD;
&#xD;
2019-09-05 19:30:16 - [MESSAGE][PASSED] - Text of object 'Object Repository/Actpol_Scripts/Opsporing/MBES18/2 Personalia/Achternaam error messgae' is: 'Dit is een vereiste veld'&#xD;
&#xD;
2019-09-05 19:30:16 - [TEST_STEP][PASSED] - achternaamverify = "Dit is een vereiste veld": null&#xD;
&#xD;
2019-09-05 19:30:16 - [TEST_STEP][PASSED] - log.logInfo(Achternaam): Dit is een vereiste veld&#xD;
&#xD;
2019-09-05 19:30:16 - [MESSAGE][INFO] - Dit is een vereiste veld&#xD;
&#xD;
2019-09-05 19:30:16 - [TEST_STEP][PASSED] - if (Achternaam == achternaamverify): success and error message in Achternaam&#xD;
&#xD;
2019-09-05 19:30:16 - [TEST_STEP][PASSED] - log.logInfo("success and error message in Achternaam"): success and error message in Achternaam&#xD;
&#xD;
2019-09-05 19:30:16 - [MESSAGE][INFO] - success and error message in Achternaam&#xD;
&#xD;
2019-09-05 19:30:16 - [TEST_STEP][PASSED] - delay(2): Delayed 2 second(s)&#xD;
&#xD;
2019-09-05 19:30:18 - [MESSAGE][PASSED] - Delayed 2 second(s)&#xD;
&#xD;
2019-09-05 19:30:18 - [TEST_STEP][PASSED] - Garantsteller = getText(findTestObject("Actpol_Scripts/Opsporing/MBES18/2 Personalia/Garantsteller error message")): Text of object 'Object Repository/Actpol_Scripts/Opsporing/MBES18/2 Personalia/Garantsteller error message' is: 'Dit is een vereiste veld'&#xD;
&#xD;
2019-09-05 19:30:18 - [MESSAGE][PASSED] - Text of object 'Object Repository/Actpol_Scripts/Opsporing/MBES18/2 Personalia/Garantsteller error message' is: 'Dit is een vereiste veld'&#xD;
&#xD;
2019-09-05 19:30:18 - [TEST_STEP][PASSED] - Garantstellerverify = "Dit is een vereiste veld": null&#xD;
&#xD;
2019-09-05 19:30:18 - [TEST_STEP][PASSED] - log.logInfo(Garantsteller): Dit is een vereiste veld&#xD;
&#xD;
2019-09-05 19:30:18 - [MESSAGE][INFO] - Dit is een vereiste veld&#xD;
&#xD;
2019-09-05 19:30:18 - [TEST_STEP][PASSED] - if (Garantsteller == Garantstellerverify): success and error message in Garantsteller/referent&#xD;
&#xD;
2019-09-05 19:30:18 - [TEST_STEP][PASSED] - log.logInfo("success and error message in Garantsteller/referent"): success and error message in Garantsteller/referent&#xD;
&#xD;
2019-09-05 19:30:18 - [MESSAGE][INFO] - success and error message in Garantsteller/referent&#xD;
&#xD;
2019-09-05 19:30:18 - [TEST_STEP][PASSED] - delay(2): Delayed 2 second(s)&#xD;
&#xD;
2019-09-05 19:30:20 - [MESSAGE][PASSED] - Delayed 2 second(s)&#xD;
&#xD;
2019-09-05 19:30:20 - [TEST_STEP][PASSED] - click(findTestObject("Actpol_Scripts/Opsporing/MBES18/2 Personalia/Personalia Achternaam new")): Object: 'Object Repository/Actpol_Scripts/Opsporing/MBES18/2 Personalia/Personalia Achternaam new' is clicked on&#xD;
&#xD;
2019-09-05 19:30:26 - [MESSAGE][PASSED] - Object: 'Object Repository/Actpol_Scripts/Opsporing/MBES18/2 Personalia/Personalia Achternaam new' is clicked on&#xD;
&#xD;
2019-09-05 19:30:26 - [TEST_STEP][PASSED] - delay(4): Delayed 4 second(s)&#xD;
&#xD;
2019-09-05 19:30:30 - [MESSAGE][PASSED] - Delayed 4 second(s)&#xD;
&#xD;
2019-09-05 19:30:30 - [TEST_STEP][PASSED] - click(findTestObject("Actpol_Scripts/Opsporing/MBES18/2 Personalia/Select default persoon"), OPTIONAL): Object: 'Object Repository/Actpol_Scripts/Opsporing/MBES18/2 Personalia/Select default persoon' is clicked on&#xD;
&#xD;
2019-09-05 19:30:32 - [MESSAGE][PASSED] - Object: 'Object Repository/Actpol_Scripts/Opsporing/MBES18/2 Personalia/Select default persoon' is clicked on&#xD;
&#xD;
2019-09-05 19:30:32 - [TEST_STEP][NOT_RUN] - delay(2): NOT_RUN: delay(2)&#xD;
&#xD;
2019-09-05 19:30:32 - [MESSAGE][NOT_RUN] - NOT_RUN: delay(2)&#xD;
&#xD;
2019-09-05 19:30:32 - [TEST_STEP][NOT_RUN] - click(findTestObject("Actpol_Scripts/Opsporing/MBES18/2 Personalia/new persoon close btn"), OPTIONAL): NOT_RUN: click(findTestObject("Actpol_Scripts/Opsporing/MBES18/2 Personalia/new persoon close btn"), OPTIONAL)&#xD;
&#xD;
2019-09-05 19:30:32 - [MESSAGE][NOT_RUN] - NOT_RUN: click(findTestObject("Actpol_Scripts/Opsporing/MBES18/2 Personalia/new persoon close btn"), OPTIONAL)&#xD;
&#xD;
2019-09-05 19:30:32 - [TEST_STEP][PASSED] - delay(2): Delayed 2 second(s)&#xD;
&#xD;
2019-09-05 19:30:34 - [MESSAGE][PASSED] - Delayed 2 second(s)&#xD;
&#xD;
2019-09-05 19:30:34 - [TEST_STEP][PASSED] - setText(findTestObject("Actpol_Scripts/Opsporing/MBES18/2 Personalia/Achternaam text"), "aa"): Text 'aa' is set on object 'Object Repository/Actpol_Scripts/Opsporing/MBES18/2 Personalia/Achternaam text'&#xD;
&#xD;
2019-09-05 19:30:35 - [MESSAGE][PASSED] - Text 'aa' is set on object 'Object Repository/Actpol_Scripts/Opsporing/MBES18/2 Personalia/Achternaam text'&#xD;
&#xD;
2019-09-05 19:30:35 - [TEST_STEP][PASSED] - delay(2): Delayed 2 second(s)&#xD;
&#xD;
2019-09-05 19:30:37 - [MESSAGE][PASSED] - Delayed 2 second(s)&#xD;
&#xD;
2019-09-05 19:30:37 - [TEST_STEP][PASSED] - click(findTestObject("Actpol_Scripts/Opsporing/MBES18/2 Personalia/Achternaam text lb")): Object: 'Object Repository/Actpol_Scripts/Opsporing/MBES18/2 Personalia/Achternaam text lb' is clicked on&#xD;
&#xD;
2019-09-05 19:30:38 - [MESSAGE][PASSED] - Object: 'Object Repository/Actpol_Scripts/Opsporing/MBES18/2 Personalia/Achternaam text lb' is clicked on&#xD;
&#xD;
2019-09-05 19:30:38 - [TEST_STEP][PASSED] - delay(1): Delayed 1 second(s)&#xD;
&#xD;
2019-09-05 19:30:39 - [MESSAGE][PASSED] - Delayed 1 second(s)&#xD;
&#xD;
2019-09-05 19:30:39 - [TEST_STEP][PASSED] - setText(findTestObject("Actpol_Scripts/Opsporing/MBES18/2 Personalia/Garantsteller new"), "aa"): Text 'aa' is set on object 'Object Repository/Actpol_Scripts/Opsporing/MBES18/2 Personalia/Garantsteller new'&#xD;
&#xD;
2019-09-05 19:30:40 - [MESSAGE][PASSED] - Text 'aa' is set on object 'Object Repository/Actpol_Scripts/Opsporing/MBES18/2 Personalia/Garantsteller new'&#xD;
&#xD;
2019-09-05 19:30:40 - [TEST_STEP][PASSED] - delay(2): Delayed 2 second(s)&#xD;
&#xD;
2019-09-05 19:30:42 - [MESSAGE][PASSED] - Delayed 2 second(s)&#xD;
&#xD;
2019-09-05 19:30:42 - [TEST_STEP][PASSED] - click(findTestObject("Actpol_Scripts/Opsporing/MBES18/2 Personalia/Garantsteller new lb")): Object: 'Object Repository/Actpol_Scripts/Opsporing/MBES18/2 Personalia/Garantsteller new lb' is clicked on&#xD;
&#xD;
2019-09-05 19:30:42 - [MESSAGE][PASSED] - Object: 'Object Repository/Actpol_Scripts/Opsporing/MBES18/2 Personalia/Garantsteller new lb' is clicked on&#xD;
&#xD;
2019-09-05 19:30:42 - [TEST_STEP][PASSED] - delay(1): Delayed 1 second(s)&#xD;
&#xD;
2019-09-05 19:30:43 - [MESSAGE][PASSED] - Delayed 1 second(s)&#xD;
&#xD;
2019-09-05 19:30:43 - [TEST_STEP][PASSED] - scrollToPosition(10, 7): Browser is scrolled to position x = 10, y = 7&#xD;
&#xD;
2019-09-05 19:30:43 - [MESSAGE][PASSED] - Browser is scrolled to position x = 10, y = 7&#xD;
&#xD;
2019-09-05 19:30:43 - [TEST_STEP][PASSED] - delay(1): Delayed 1 second(s)&#xD;
&#xD;
2019-09-05 19:30:44 - [MESSAGE][PASSED] - Delayed 1 second(s)&#xD;
&#xD;
2019-09-05 19:30:44 - [TEST_STEP][PASSED] - click(findTestObject("Actpol_Scripts/Opsporing/MBES18/2 Personalia/Personalia tab")): Object: 'Object Repository/Actpol_Scripts/Opsporing/MBES18/2 Personalia/Personalia tab' is clicked on&#xD;
&#xD;
2019-09-05 19:30:45 - [MESSAGE][PASSED] - Object: 'Object Repository/Actpol_Scripts/Opsporing/MBES18/2 Personalia/Personalia tab' is clicked on&#xD;
&#xD;
2019-09-05 19:30:45 - [TEST_STEP][PASSED] - delay(1): Delayed 1 second(s)&#xD;
&#xD;
2019-09-05 19:30:46 - [MESSAGE][PASSED] - Delayed 1 second(s)&#xD;
&#xD;
2019-09-05 19:30:46 - [TEST_STEP][PASSED] - click(findTestObject("Actpol_Scripts/Opsporing/MBES18/3 INBEWARINGSTELLINGS_C.Q._PLAATSINGSGEGEVENS/INBEWARINGSTELLINGS C.Q. PLAATSINGSGEGEVENS tab")): Object: 'Object Repository/Actpol_Scripts/Opsporing/MBES18/3 INBEWARINGSTELLINGS_C.Q._PLAATSINGSGEGEVENS/INBEWARINGSTELLINGS C.Q. PLAATSINGSGEGEVENS tab' is clicked on&#xD;
&#xD;
2019-09-05 19:30:47 - [MESSAGE][PASSED] - Object: 'Object Repository/Actpol_Scripts/Opsporing/MBES18/3 INBEWARINGSTELLINGS_C.Q._PLAATSINGSGEGEVENS/INBEWARINGSTELLINGS C.Q. PLAATSINGSGEGEVENS tab' is clicked on&#xD;
&#xD;
2019-09-05 19:30:47 - [TEST_STEP][PASSED] - delay(2): Delayed 2 second(s)&#xD;
&#xD;
2019-09-05 19:30:49 - [MESSAGE][PASSED] - Delayed 2 second(s)&#xD;
&#xD;
2019-09-05 19:30:49 - [TEST_STEP][PASSED] - comment("INBEWARINGSTELLINGS C.Q. PLAATSINGSGEGEVENS  error messages"): INBEWARINGSTELLINGS C.Q. PLAATSINGSGEGEVENS  error messages&#xD;
&#xD;
2019-09-05 19:30:49 - [MESSAGE][INFO] - INBEWARINGSTELLINGS C.Q. PLAATSINGSGEGEVENS  error messages&#xD;
&#xD;
2019-09-05 19:30:49 - [TEST_STEP][PASSED] - delay(1): Delayed 1 second(s)&#xD;
&#xD;
2019-09-05 19:30:50 - [MESSAGE][PASSED] - Delayed 1 second(s)&#xD;
&#xD;
2019-09-05 19:30:50 - [TEST_STEP][PASSED] - Inbewaringstellingsinds = getText(findTestObject("Actpol_Scripts/Opsporing/MBES18/3 INBEWARINGSTELLINGS_C.Q._PLAATSINGSGEGEVENS/Inbewaringstelling sinds error message"), OPTIONAL): Unable to get text of object 'Object Repository/Actpol_Scripts/Opsporing/MBES18/3 INBEWARINGSTELLINGS_C.Q._PLAATSINGSGEGEVENS/Inbewaringstelling sinds error message' (Root cause: com.kms.katalon.core.exception.StepFailedException: Unable to get text of object 'Object Repository/Actpol_Scripts/Opsporing/MBES18/3 INBEWARINGSTELLINGS_C.Q._PLAATSINGSGEGEVENS/Inbewaringstelling sinds error message'&#xD;
	at com.kms.katalon.core.webui.keyword.internal.WebUIKeywordMain.stepFailed(WebUIKeywordMain.groovy:64)&#xD;
	at com.kms.katalon.core.webui.keyword.internal.WebUIKeywordMain.runKeyword(WebUIKeywordMain.groovy:26)&#xD;
	at com.kms.katalon.core.webui.keyword.builtin.GetTextKeyword.getText(GetTextKeyword.groovy:88)&#xD;
	at com.kms.katalon.core.webui.keyword.builtin.GetTextKeyword.execute(GetTextKeyword.groovy:67)&#xD;
	at com.kms.katalon.core.keyword.internal.KeywordExecutor.executeKeywordForPlatform(KeywordExecutor.groovy:56)&#xD;
	at com.kms.katalon.core.webui.keyword.WebUiBuiltInKeywords.getText(WebUiBuiltInKeywords.groovy:874)&#xD;
	at com.kms.katalon.core.webui.keyword.WebUiBuiltInKeywords$getText$13.call(Unknown Source)&#xD;
	at ACTPOL-561.run(ACTPOL-561:196)&#xD;
	at com.kms.katalon.core.main.ScriptEngine.run(ScriptEngine.java:194)&#xD;
	at com.kms.katalon.core.main.ScriptEngine.runScriptAsRawText(ScriptEngine.java:119)&#xD;
	at com.kms.katalon.core.main.TestCaseExecutor.runScript(TestCaseExecutor.java:337)&#xD;
	at com.kms.katalon.core.main.TestCaseExecutor.doExecute(TestCaseExecutor.java:328)&#xD;
	at com.kms.katalon.core.main.TestCaseExecutor.processExecutionPhase(TestCaseExecutor.java:307)&#xD;
	at com.kms.katalon.core.main.TestCaseExecutor.accessMainPhase(TestCaseExecutor.java:299)&#xD;
	at com.kms.katalon.core.main.TestCaseExecutor.execute(TestCaseExecutor.java:233)&#xD;
	at com.kms.katalon.core.main.TestSuiteExecutor.accessTestCaseMainPhase(TestSuiteExecutor.java:169)&#xD;
	at com.kms.katalon.core.main.TestSuiteExecutor.accessTestSuiteMainPhase(TestSuiteExecutor.java:142)&#xD;
	at com.kms.katalon.core.main.TestSuiteExecutor.execute(TestSuiteExecutor.java:91)&#xD;
	at com.kms.katalon.core.main.TestCaseMain.startTestSuite(TestCaseMain.java:157)&#xD;
	at com.kms.katalon.core.main.TestCaseMain$startTestSuite$0.call(Unknown Source)&#xD;
	at TempTestSuite1567691813021.run(TempTestSuite1567691813021.groovy:35)&#xD;
Caused by: com.kms.katalon.core.webui.exception.WebElementNotFoundException: Web element with id: 'Object Repository/Actpol_Scripts/Opsporing/MBES18/3 INBEWARINGSTELLINGS_C.Q._PLAATSINGSGEGEVENS/Inbewaringstelling sinds error message' located by 'By.xpath: //*[@id="errMBESINBE"]/span' not found&#xD;
	at com.kms.katalon.core.webui.common.WebUiCommonHelper.findWebElement(WebUiCommonHelper.java:1097)&#xD;
	at com.kms.katalon.core.webui.keyword.internal.WebUIAbstractKeyword.findWebElement(WebUIAbstractKeyword.groovy:27)&#xD;
	at com.kms.katalon.core.webui.keyword.internal.WebUIAbstractKeyword.findWebElement(WebUIAbstractKeyword.groovy:26)&#xD;
	at com.kms.katalon.core.webui.keyword.builtin.GetTextKeyword$_getText_closure1.doCall(GetTextKeyword.groovy:78)&#xD;
	at com.kms.katalon.core.webui.keyword.builtin.GetTextKeyword$_getText_closure1.call(GetTextKeyword.groovy)&#xD;
	at com.kms.katalon.core.webui.keyword.internal.WebUIKeywordMain.runKeyword(WebUIKeywordMain.groovy:20)&#xD;
	at com.kms.katalon.core.webui.keyword.builtin.GetTextKeyword.getText(GetTextKeyword.groovy:88)&#xD;
	at com.kms.katalon.core.webui.keyword.builtin.GetTextKeyword.execute(GetTextKeyword.groovy:67)&#xD;
	at com.kms.katalon.core.keyword.internal.KeywordExecutor.executeKeywordForPlatform(KeywordExecutor.groovy:56)&#xD;
	at com.kms.katalon.core.webui.keyword.WebUiBuiltInKeywords.getText(WebUiBuiltInKeywords.groovy:874)&#xD;
	at com.kms.katalon.core.webui.keyword.WebUiBuiltInKeywords$getText$13.call(Unknown Source)&#xD;
	at Script1567172320346.run(Script1567172320346.groovy:196)&#xD;
	... 13 more&#xD;
)&#xD;
&#xD;
2019-09-05 19:31:12 - [MESSAGE][INFO] - Unable to find the element located by 'By.xpath: //*[@id="errMBESINBE"]/span'. Please recheck the objects properties to make sure the desired element is located. &#xD;
&#xD;
2019-09-05 19:31:13 - [MESSAGE][WARNING] - Unable to get text of object 'Object Repository/Actpol_Scripts/Opsporing/MBES18/3 INBEWARINGSTELLINGS_C.Q._PLAATSINGSGEGEVENS/Inbewaringstelling sinds error message' (Root cause: com.kms.katalon.core.exception.StepFailedException: Unable to get text of object 'Object Repository/Actpol_Scripts/Opsporing/MBES18/3 INBEWARINGSTELLINGS_C.Q._PLAATSINGSGEGEVENS/Inbewaringstelling sinds error message'&#xD;
	at com.kms.katalon.core.webui.keyword.internal.WebUIKeywordMain.stepFailed(WebUIKeywordMain.groovy:64)&#xD;
	at com.kms.katalon.core.webui.keyword.internal.WebUIKeywordMain.runKeyword(WebUIKeywordMain.groovy:26)&#xD;
	at com.kms.katalon.core.webui.keyword.builtin.GetTextKeyword.getText(GetTextKeyword.groovy:88)&#xD;
	at com.kms.katalon.core.webui.keyword.builtin.GetTextKeyword.execute(GetTextKeyword.groovy:67)&#xD;
	at com.kms.katalon.core.keyword.internal.KeywordExecutor.executeKeywordForPlatform(KeywordExecutor.groovy:56)&#xD;
	at com.kms.katalon.core.webui.keyword.WebUiBuiltInKeywords.getText(WebUiBuiltInKeywords.groovy:874)&#xD;
	at com.kms.katalon.core.webui.keyword.WebUiBuiltInKeywords$getText$13.call(Unknown Source)&#xD;
	at ACTPOL-561.run(ACTPOL-561:196)&#xD;
	at com.kms.katalon.core.main.ScriptEngine.run(ScriptEngine.java:194)&#xD;
	at com.kms.katalon.core.main.ScriptEngine.runScriptAsRawText(ScriptEngine.java:119)&#xD;
	at com.kms.katalon.core.main.TestCaseExecutor.runScript(TestCaseExecutor.java:337)&#xD;
	at com.kms.katalon.core.main.TestCaseExecutor.doExecute(TestCaseExecutor.java:328)&#xD;
	at com.kms.katalon.core.main.TestCaseExecutor.processExecutionPhase(TestCaseExecutor.java:307)&#xD;
	at com.kms.katalon.core.main.TestCaseExecutor.accessMainPhase(TestCaseExecutor.java:299)&#xD;
	at com.kms.katalon.core.main.TestCaseExecutor.execute(TestCaseExecutor.java:233)&#xD;
	at com.kms.katalon.core.main.TestSuiteExecutor.accessTestCaseMainPhase(TestSuiteExecutor.java:169)&#xD;
	at com.kms.katalon.core.main.TestSuiteExecutor.accessTestSuiteMainPhase(TestSuiteExecutor.java:142)&#xD;
	at com.kms.katalon.core.main.TestSuiteExecutor.execute(TestSuiteExecutor.java:91)&#xD;
	at com.kms.katalon.core.main.TestCaseMain.startTestSuite(TestCaseMain.java:157)&#xD;
	at com.kms.katalon.core.main.TestCaseMain$startTestSuite$0.call(Unknown Source)&#xD;
	at TempTestSuite1567691813021.run(TempTestSuite1567691813021.groovy:35)&#xD;
Caused by: com.kms.katalon.core.webui.exception.WebElementNotFoundException: Web element with id: 'Object Repository/Actpol_Scripts/Opsporing/MBES18/3 INBEWARINGSTELLINGS_C.Q._PLAATSINGSGEGEVENS/Inbewaringstelling sinds error message' located by 'By.xpath: //*[@id="errMBESINBE"]/span' not found&#xD;
	at com.kms.katalon.core.webui.common.WebUiCommonHelper.findWebElement(WebUiCommonHelper.java:1097)&#xD;
	at com.kms.katalon.core.webui.keyword.internal.WebUIAbstractKeyword.findWebElement(WebUIAbstractKeyword.groovy:27)&#xD;
	at com.kms.katalon.core.webui.keyword.internal.WebUIAbstractKeyword.findWebElement(WebUIAbstractKeyword.groovy:26)&#xD;
	at com.kms.katalon.core.webui.keyword.builtin.GetTextKeyword$_getText_closure1.doCall(GetTextKeyword.groovy:78)&#xD;
	at com.kms.katalon.core.webui.keyword.builtin.GetTextKeyword$_getText_closure1.call(GetTextKeyword.groovy)&#xD;
	at com.kms.katalon.core.webui.keyword.internal.WebUIKeywordMain.runKeyword(WebUIKeywordMain.groovy:20)&#xD;
	at com.kms.katalon.core.webui.keyword.builtin.GetTextKeyword.getText(GetTextKeyword.groovy:88)&#xD;
	at com.kms.katalon.core.webui.keyword.builtin.GetTextKeyword.execute(GetTextKeyword.groovy:67)&#xD;
	at com.kms.katalon.core.keyword.internal.KeywordExecutor.executeKeywordForPlatform(KeywordExecutor.groovy:56)&#xD;
	at com.kms.katalon.core.webui.keyword.WebUiBuiltInKeywords.getText(WebUiBuiltInKeywords.groovy:874)&#xD;
	at com.kms.katalon.core.webui.keyword.WebUiBuiltInKeywords$getText$13.call(Unknown Source)&#xD;
	at Script1567172320346.run(Script1567172320346.groovy:196)&#xD;
	... 13 more&#xD;
)&#xD;
[[ATTACHMENT|C:\\Users\\user4\\git\\ACTPOL\\Reports\\20190905_192623\\Release 6.6\\ACTPOL-561,562 AND 563\\20190905_192646\\1567692072599.png]]&#xD;
&#xD;
2019-09-05 19:31:13 - [TEST_STEP][PASSED] - if (Inbewaringstellingsinds == Garantstellerverify): null&#xD;
&#xD;
2019-09-05 19:31:13 - [TEST_STEP][PASSED] - else: Taking screenshot successfully&#xD;
&#xD;
2019-09-05 19:31:13 - [TEST_STEP][PASSED] - log.logInfo("not showing error message in Inbewaringstelling sinds"): not showing error message in Inbewaringstelling sinds&#xD;
&#xD;
2019-09-05 19:31:13 - [MESSAGE][INFO] - not showing error message in Inbewaringstelling sinds&#xD;
&#xD;
2019-09-05 19:31:13 - [TEST_STEP][PASSED] - takeScreenshot(): Taking screenshot successfully&#xD;
&#xD;
2019-09-05 19:31:14 - [MESSAGE][PASSED] - Taking screenshot successfully&#xD;
[[ATTACHMENT|C:\\Users\\user4\\git\\ACTPOL\\Reports\\20190905_192623\\Release 6.6\\ACTPOL-561,562 AND 563\\20190905_192646\\1567692073642.png]]&#xD;
&#xD;
2019-09-05 19:31:14 - [TEST_STEP][PASSED] - delay(1): Delayed 1 second(s)&#xD;
&#xD;
2019-09-05 19:31:15 - [MESSAGE][PASSED] - Delayed 1 second(s)&#xD;
&#xD;
2019-09-05 19:31:15 - [TEST_STEP][PASSED] - OpgrondvanartikelWTUBES = getText(findTestObject("Actpol_Scripts/Opsporing/MBES18/3 INBEWARINGSTELLINGS_C.Q._PLAATSINGSGEGEVENS/Op grond van artikel WTU_BES error message"), OPTIONAL): Text of object 'Object Repository/Actpol_Scripts/Opsporing/MBES18/3 INBEWARINGSTELLINGS_C.Q._PLAATSINGSGEGEVENS/Op grond van artikel WTU_BES error message' is: 'Dit is een vereiste veld'&#xD;
&#xD;
2019-09-05 19:31:15 - [MESSAGE][PASSED] - Text of object 'Object Repository/Actpol_Scripts/Opsporing/MBES18/3 INBEWARINGSTELLINGS_C.Q._PLAATSINGSGEGEVENS/Op grond van artikel WTU_BES error message' is: 'Dit is een vereiste veld'&#xD;
&#xD;
2019-09-05 19:31:15 - [TEST_STEP][PASSED] - if (OpgrondvanartikelWTUBES == Garantstellerverify): success and error message in Op grond van artikel WTU-BES&#xD;
&#xD;
2019-09-05 19:31:15 - [TEST_STEP][PASSED] - log.logInfo("success and error message in Op grond van artikel WTU-BES"): success and error message in Op grond van artikel WTU-BES&#xD;
&#xD;
2019-09-05 19:31:15 - [MESSAGE][INFO] - success and error message in Op grond van artikel WTU-BES&#xD;
&#xD;
2019-09-05 19:31:15 - [TEST_STEP][PASSED] - delay(1): Delayed 1 second(s)&#xD;
&#xD;
2019-09-05 19:31:16 - [MESSAGE][PASSED] - Delayed 1 second(s)&#xD;
&#xD;
2019-09-05 19:31:16 - [TEST_STEP][PASSED] - staandehoudingDatumgrensweigering = getText(findTestObject("Actpol_Scripts/Opsporing/MBES18/3 INBEWARINGSTELLINGS_C.Q._PLAATSINGSGEGEVENS/Datum aan_staandehouding Datum grensweigering error message"), OPTIONAL): Unable to get text of object 'Object Repository/Actpol_Scripts/Opsporing/MBES18/3 INBEWARINGSTELLINGS_C.Q._PLAATSINGSGEGEVENS/Datum aan_staandehouding Datum grensweigering error message' (Root cause: com.kms.katalon.core.exception.StepFailedException: Unable to get text of object 'Object Repository/Actpol_Scripts/Opsporing/MBES18/3 INBEWARINGSTELLINGS_C.Q._PLAATSINGSGEGEVENS/Datum aan_staandehouding Datum grensweigering error message'&#xD;
	at com.kms.katalon.core.webui.keyword.internal.WebUIKeywordMain.stepFailed(WebUIKeywordMain.groovy:64)&#xD;
	at com.kms.katalon.core.webui.keyword.internal.WebUIKeywordMain.runKeyword(WebUIKeywordMain.groovy:26)&#xD;
	at com.kms.katalon.core.webui.keyword.builtin.GetTextKeyword.getText(GetTextKeyword.groovy:88)&#xD;
	at com.kms.katalon.core.webui.keyword.builtin.GetTextKeyword.execute(GetTextKeyword.groovy:67)&#xD;
	at com.kms.katalon.core.keyword.internal.KeywordExecutor.executeKeywordForPlatform(KeywordExecutor.groovy:56)&#xD;
	at com.kms.katalon.core.webui.keyword.WebUiBuiltInKeywords.getText(WebUiBuiltInKeywords.groovy:874)&#xD;
	at com.kms.katalon.core.webui.keyword.WebUiBuiltInKeywords$getText$13.call(Unknown Source)&#xD;
	at ACTPOL-561.run(ACTPOL-561:224)&#xD;
	at com.kms.katalon.core.main.ScriptEngine.run(ScriptEngine.java:194)&#xD;
	at com.kms.katalon.core.main.ScriptEngine.runScriptAsRawText(ScriptEngine.java:119)&#xD;
	at com.kms.katalon.core.main.TestCaseExecutor.runScript(TestCaseExecutor.java:337)&#xD;
	at com.kms.katalon.core.main.TestCaseExecutor.doExecute(TestCaseExecutor.java:328)&#xD;
	at com.kms.katalon.core.main.TestCaseExecutor.processExecutionPhase(TestCaseExecutor.java:307)&#xD;
	at com.kms.katalon.core.main.TestCaseExecutor.accessMainPhase(TestCaseExecutor.java:299)&#xD;
	at com.kms.katalon.core.main.TestCaseExecutor.execute(TestCaseExecutor.java:233)&#xD;
	at com.kms.katalon.core.main.TestSuiteExecutor.accessTestCaseMainPhase(TestSuiteExecutor.java:169)&#xD;
	at com.kms.katalon.core.main.TestSuiteExecutor.accessTestSuiteMainPhase(TestSuiteExecutor.java:142)&#xD;
	at com.kms.katalon.core.main.TestSuiteExecutor.execute(TestSuiteExecutor.java:91)&#xD;
	at com.kms.katalon.core.main.TestCaseMain.startTestSuite(TestCaseMain.java:157)&#xD;
	at com.kms.katalon.core.main.TestCaseMain$startTestSuite$0.call(Unknown Source)&#xD;
	at TempTestSuite1567691813021.run(TempTestSuite1567691813021.groovy:35)&#xD;
Caused by: com.kms.katalon.core.webui.exception.WebElementNotFoundException: Web element with id: 'Object Repository/Actpol_Scripts/Opsporing/MBES18/3 INBEWARINGSTELLINGS_C.Q._PLAATSINGSGEGEVENS/Datum aan_staandehouding Datum grensweigering error message' located by 'By.xpath: //*[@id="errMBESDTSH"]/span' not found&#xD;
	at com.kms.katalon.core.webui.common.WebUiCommonHelper.findWebElement(WebUiCommonHelper.java:1097)&#xD;
	at com.kms.katalon.core.webui.keyword.internal.WebUIAbstractKeyword.findWebElement(WebUIAbstractKeyword.groovy:27)&#xD;
	at com.kms.katalon.core.webui.keyword.internal.WebUIAbstractKeyword.findWebElement(WebUIAbstractKeyword.groovy:26)&#xD;
	at com.kms.katalon.core.webui.keyword.builtin.GetTextKeyword$_getText_closure1.doCall(GetTextKeyword.groovy:78)&#xD;
	at com.kms.katalon.core.webui.keyword.builtin.GetTextKeyword$_getText_closure1.call(GetTextKeyword.groovy)&#xD;
	at com.kms.katalon.core.webui.keyword.internal.WebUIKeywordMain.runKeyword(WebUIKeywordMain.groovy:20)&#xD;
	at com.kms.katalon.core.webui.keyword.builtin.GetTextKeyword.getText(GetTextKeyword.groovy:88)&#xD;
	at com.kms.katalon.core.webui.keyword.builtin.GetTextKeyword.execute(GetTextKeyword.groovy:67)&#xD;
	at com.kms.katalon.core.keyword.internal.KeywordExecutor.executeKeywordForPlatform(KeywordExecutor.groovy:56)&#xD;
	at com.kms.katalon.core.webui.keyword.WebUiBuiltInKeywords.getText(WebUiBuiltInKeywords.groovy:874)&#xD;
	at com.kms.katalon.core.webui.keyword.WebUiBuiltInKeywords$getText$13.call(Unknown Source)&#xD;
	at Script1567172320346.run(Script1567172320346.groovy:224)&#xD;
	... 13 more&#xD;
)&#xD;
&#xD;
2019-09-05 19:31:38 - [MESSAGE][INFO] - Unable to find the element located by 'By.xpath: //*[@id="errMBESDTSH"]/span'. Please recheck the objects properties to make sure the desired element is located. &#xD;
&#xD;
2019-09-05 19:31:38 - [MESSAGE][WARNING] - Unable to get text of object 'Object Repository/Actpol_Scripts/Opsporing/MBES18/3 INBEWARINGSTELLINGS_C.Q._PLAATSINGSGEGEVENS/Datum aan_staandehouding Datum grensweigering error message' (Root cause: com.kms.katalon.core.exception.StepFailedException: Unable to get text of object 'Object Repository/Actpol_Scripts/Opsporing/MBES18/3 INBEWARINGSTELLINGS_C.Q._PLAATSINGSGEGEVENS/Datum aan_staandehouding Datum grensweigering error message'&#xD;
	at com.kms.katalon.core.webui.keyword.internal.WebUIKeywordMain.stepFailed(WebUIKeywordMain.groovy:64)&#xD;
	at com.kms.katalon.core.webui.keyword.internal.WebUIKeywordMain.runKeyword(WebUIKeywordMain.groovy:26)&#xD;
	at com.kms.katalon.core.webui.keyword.builtin.GetTextKeyword.getText(GetTextKeyword.groovy:88)&#xD;
	at com.kms.katalon.core.webui.keyword.builtin.GetTextKeyword.execute(GetTextKeyword.groovy:67)&#xD;
	at com.kms.katalon.core.keyword.internal.KeywordExecutor.executeKeywordForPlatform(KeywordExecutor.groovy:56)&#xD;
	at com.kms.katalon.core.webui.keyword.WebUiBuiltInKeywords.getText(WebUiBuiltInKeywords.groovy:874)&#xD;
	at com.kms.katalon.core.webui.keyword.WebUiBuiltInKeywords$getText$13.call(Unknown Source)&#xD;
	at ACTPOL-561.run(ACTPOL-561:224)&#xD;
	at com.kms.katalon.core.main.ScriptEngine.run(ScriptEngine.java:194)&#xD;
	at com.kms.katalon.core.main.ScriptEngine.runScriptAsRawText(ScriptEngine.java:119)&#xD;
	at com.kms.katalon.core.main.TestCaseExecutor.runScript(TestCaseExecutor.java:337)&#xD;
	at com.kms.katalon.core.main.TestCaseExecutor.doExecute(TestCaseExecutor.java:328)&#xD;
	at com.kms.katalon.core.main.TestCaseExecutor.processExecutionPhase(TestCaseExecutor.java:307)&#xD;
	at com.kms.katalon.core.main.TestCaseExecutor.accessMainPhase(TestCaseExecutor.java:299)&#xD;
	at com.kms.katalon.core.main.TestCaseExecutor.execute(TestCaseExecutor.java:233)&#xD;
	at com.kms.katalon.core.main.TestSuiteExecutor.accessTestCaseMainPhase(TestSuiteExecutor.java:169)&#xD;
	at com.kms.katalon.core.main.TestSuiteExecutor.accessTestSuiteMainPhase(TestSuiteExecutor.java:142)&#xD;
	at com.kms.katalon.core.main.TestSuiteExecutor.execute(TestSuiteExecutor.java:91)&#xD;
	at com.kms.katalon.core.main.TestCaseMain.startTestSuite(TestCaseMain.java:157)&#xD;
	at com.kms.katalon.core.main.TestCaseMain$startTestSuite$0.call(Unknown Source)&#xD;
	at TempTestSuite1567691813021.run(TempTestSuite1567691813021.groovy:35)&#xD;
Caused by: com.kms.katalon.core.webui.exception.WebElementNotFoundException: Web element with id: 'Object Repository/Actpol_Scripts/Opsporing/MBES18/3 INBEWARINGSTELLINGS_C.Q._PLAATSINGSGEGEVENS/Datum aan_staandehouding Datum grensweigering error message' located by 'By.xpath: //*[@id="errMBESDTSH"]/span' not found&#xD;
	at com.kms.katalon.core.webui.common.WebUiCommonHelper.findWebElement(WebUiCommonHelper.java:1097)&#xD;
	at com.kms.katalon.core.webui.keyword.internal.WebUIAbstractKeyword.findWebElement(WebUIAbstractKeyword.groovy:27)&#xD;
	at com.kms.katalon.core.webui.keyword.internal.WebUIAbstractKeyword.findWebElement(WebUIAbstractKeyword.groovy:26)&#xD;
	at com.kms.katalon.core.webui.keyword.builtin.GetTextKeyword$_getText_closure1.doCall(GetTextKeyword.groovy:78)&#xD;
	at com.kms.katalon.core.webui.keyword.builtin.GetTextKeyword$_getText_closure1.call(GetTextKeyword.groovy)&#xD;
	at com.kms.katalon.core.webui.keyword.internal.WebUIKeywordMain.runKeyword(WebUIKeywordMain.groovy:20)&#xD;
	at com.kms.katalon.core.webui.keyword.builtin.GetTextKeyword.getText(GetTextKeyword.groovy:88)&#xD;
	at com.kms.katalon.core.webui.keyword.builtin.GetTextKeyword.execute(GetTextKeyword.groovy:67)&#xD;
	at com.kms.katalon.core.keyword.internal.KeywordExecutor.executeKeywordForPlatform(KeywordExecutor.groovy:56)&#xD;
	at com.kms.katalon.core.webui.keyword.WebUiBuiltInKeywords.getText(WebUiBuiltInKeywords.groovy:874)&#xD;
	at com.kms.katalon.core.webui.keyword.WebUiBuiltInKeywords$getText$13.call(Unknown Source)&#xD;
	at Script1567172320346.run(Script1567172320346.groovy:224)&#xD;
	... 13 more&#xD;
)&#xD;
[[ATTACHMENT|C:\\Users\\user4\\git\\ACTPOL\\Reports\\20190905_192623\\Release 6.6\\ACTPOL-561,562 AND 563\\20190905_192646\\1567692098392.png]]&#xD;
&#xD;
2019-09-05 19:31:38 - [TEST_STEP][PASSED] - if (staandehoudingDatumgrensweigering == Garantstellerverify): null&#xD;
&#xD;
2019-09-05 19:31:38 - [TEST_STEP][PASSED] - else: Taking screenshot successfully&#xD;
&#xD;
2019-09-05 19:31:38 - [TEST_STEP][PASSED] - log.logInfo("not showing error message in Datum aan-/staandehouding Datum grensweigering"): not showing error message in Datum aan-/staandehouding Datum grensweigering&#xD;
&#xD;
2019-09-05 19:31:38 - [MESSAGE][INFO] - not showing error message in Datum aan-/staandehouding Datum grensweigering&#xD;
&#xD;
2019-09-05 19:31:38 - [TEST_STEP][PASSED] - takeScreenshot(): Taking screenshot successfully&#xD;
&#xD;
2019-09-05 19:31:39 - [MESSAGE][PASSED] - Taking screenshot successfully&#xD;
[[ATTACHMENT|C:\\Users\\user4\\git\\ACTPOL\\Reports\\20190905_192623\\Release 6.6\\ACTPOL-561,562 AND 563\\20190905_192646\\1567692098894.png]]&#xD;
&#xD;
2019-09-05 19:31:39 - [TEST_STEP][PASSED] - delay(1): Delayed 1 second(s)&#xD;
&#xD;
2019-09-05 19:31:40 - [MESSAGE][PASSED] - Delayed 1 second(s)&#xD;
&#xD;
2019-09-05 19:31:40 - [TEST_STEP][PASSED] - scrollToElement(findTestObject("Actpol_Scripts/Opsporing/MBES18/3 INBEWARINGSTELLINGS_C.Q._PLAATSINGSGEGEVENS/Reden aan_staandehouding Reden grensweigering error message"), 2): Scroll to object 'Object Repository/Actpol_Scripts/Opsporing/MBES18/3 INBEWARINGSTELLINGS_C.Q._PLAATSINGSGEGEVENS/Reden aan_staandehouding Reden grensweigering error message' successfully&#xD;
&#xD;
2019-09-05 19:31:41 - [MESSAGE][PASSED] - Scroll to object 'Object Repository/Actpol_Scripts/Opsporing/MBES18/3 INBEWARINGSTELLINGS_C.Q._PLAATSINGSGEGEVENS/Reden aan_staandehouding Reden grensweigering error message' successfully&#xD;
&#xD;
2019-09-05 19:31:41 - [TEST_STEP][PASSED] - delay(1): Delayed 1 second(s)&#xD;
&#xD;
2019-09-05 19:31:42 - [MESSAGE][PASSED] - Delayed 1 second(s)&#xD;
&#xD;
2019-09-05 19:31:42 - [TEST_STEP][PASSED] - Redenaanstaandehouding = getText(findTestObject("Actpol_Scripts/Opsporing/MBES18/3 INBEWARINGSTELLINGS_C.Q._PLAATSINGSGEGEVENS/Reden aan_staandehouding Reden grensweigering error message"), OPTIONAL): Text of object 'Object Repository/Actpol_Scripts/Opsporing/MBES18/3 INBEWARINGSTELLINGS_C.Q._PLAATSINGSGEGEVENS/Reden aan_staandehouding Reden grensweigering error message' is: 'Dit is een vereiste veld'&#xD;
&#xD;
2019-09-05 19:31:43 - [MESSAGE][PASSED] - Text of object 'Object Repository/Actpol_Scripts/Opsporing/MBES18/3 INBEWARINGSTELLINGS_C.Q._PLAATSINGSGEGEVENS/Reden aan_staandehouding Reden grensweigering error message' is: 'Dit is een vereiste veld'&#xD;
&#xD;
2019-09-05 19:31:43 - [TEST_STEP][PASSED] - if (Redenaanstaandehouding == Garantstellerverify): success and error message in Reden aan-/staandehouding Reden grensweigering&#xD;
&#xD;
2019-09-05 19:31:43 - [TEST_STEP][PASSED] - log.logInfo("success and error message in Reden aan-/staandehouding Reden grensweigering"): success and error message in Reden aan-/staandehouding Reden grensweigering&#xD;
&#xD;
2019-09-05 19:31:43 - [MESSAGE][INFO] - success and error message in Reden aan-/staandehouding Reden grensweigering&#xD;
&#xD;
2019-09-05 19:31:43 - [TEST_STEP][PASSED] - delay(1): Delayed 1 second(s)&#xD;
&#xD;
2019-09-05 19:31:44 - [MESSAGE][PASSED] - Delayed 1 second(s)&#xD;
&#xD;
2019-09-05 19:31:44 - [TEST_STEP][PASSED] - Inbewaringstellingslocatie = getText(findTestObject("Actpol_Scripts/Opsporing/MBES18/3 INBEWARINGSTELLINGS_C.Q._PLAATSINGSGEGEVENS/Inbewaringstellings-locatie error message"), OPTIONAL): Text of object 'Object Repository/Actpol_Scripts/Opsporing/MBES18/3 INBEWARINGSTELLINGS_C.Q._PLAATSINGSGEGEVENS/Inbewaringstellings-locatie error message' is: 'Dit is een vereiste veld'&#xD;
&#xD;
2019-09-05 19:31:44 - [MESSAGE][PASSED] - Text of object 'Object Repository/Actpol_Scripts/Opsporing/MBES18/3 INBEWARINGSTELLINGS_C.Q._PLAATSINGSGEGEVENS/Inbewaringstellings-locatie error message' is: 'Dit is een vereiste veld'&#xD;
&#xD;
2019-09-05 19:31:45 - [TEST_STEP][PASSED] - if (Inbewaringstellingslocatie == Garantstellerverify): success and error message in Inbewaringstellings locatie&#xD;
&#xD;
2019-09-05 19:31:45 - [TEST_STEP][PASSED] - log.logInfo("success and error message in Inbewaringstellings locatie"): success and error message in Inbewaringstellings locatie&#xD;
&#xD;
2019-09-05 19:31:45 - [MESSAGE][INFO] - success and error message in Inbewaringstellings locatie&#xD;
&#xD;
2019-09-05 19:31:45 - [TEST_STEP][PASSED] - delay(1): Delayed 1 second(s)&#xD;
&#xD;
2019-09-05 19:31:46 - [MESSAGE][PASSED] - Delayed 1 second(s)&#xD;
&#xD;
2019-09-05 19:31:46 - [TEST_STEP][PASSED] - INDCN = getText(findTestObject("Actpol_Scripts/Opsporing/MBES18/3 INBEWARINGSTELLINGS_C.Q._PLAATSINGSGEGEVENS/Bekend bij IND-CN in het kader van toelating_bescherming error messaage"), OPTIONAL): Text of object 'Object Repository/Actpol_Scripts/Opsporing/MBES18/3 INBEWARINGSTELLINGS_C.Q._PLAATSINGSGEGEVENS/Bekend bij IND-CN in het kader van toelating_bescherming error messaage' is: 'Dit is een vereiste veld'&#xD;
&#xD;
2019-09-05 19:31:46 - [MESSAGE][PASSED] - Text of object 'Object Repository/Actpol_Scripts/Opsporing/MBES18/3 INBEWARINGSTELLINGS_C.Q._PLAATSINGSGEGEVENS/Bekend bij IND-CN in het kader van toelating_bescherming error messaage' is: 'Dit is een vereiste veld'&#xD;
&#xD;
2019-09-05 19:31:46 - [TEST_STEP][PASSED] - if (INDCN == Garantstellerverify): success and error message in Bekend bij IND-CN in het kader van toelating/bescherming&#xD;
&#xD;
2019-09-05 19:31:46 - [TEST_STEP][PASSED] - log.logInfo("success and error message in Bekend bij IND-CN in het kader van toelating/bescherming"): success and error message in Bekend bij IND-CN in het kader van toelating/bescherming&#xD;
&#xD;
2019-09-05 19:31:46 - [MESSAGE][INFO] - success and error message in Bekend bij IND-CN in het kader van toelating/bescherming&#xD;
&#xD;
2019-09-05 19:31:46 - [TEST_STEP][PASSED] - delay(1): Delayed 1 second(s)&#xD;
&#xD;
2019-09-05 19:31:47 - [MESSAGE][PASSED] - Delayed 1 second(s)&#xD;
&#xD;
2019-09-05 19:31:47 - [TEST_STEP][PASSED] - Datumbeeindigingrechtmatigverblijf = getText(findTestObject("Actpol_Scripts/Opsporing/MBES18/3 INBEWARINGSTELLINGS_C.Q._PLAATSINGSGEGEVENS/Datum beeindiging rechtmatig verblijf error message"), OPTIONAL): Unable to get text of object 'Object Repository/Actpol_Scripts/Opsporing/MBES18/3 INBEWARINGSTELLINGS_C.Q._PLAATSINGSGEGEVENS/Datum beeindiging rechtmatig verblijf error message' (Root cause: com.kms.katalon.core.exception.StepFailedException: Unable to get text of object 'Object Repository/Actpol_Scripts/Opsporing/MBES18/3 INBEWARINGSTELLINGS_C.Q._PLAATSINGSGEGEVENS/Datum beeindiging rechtmatig verblijf error message'&#xD;
	at com.kms.katalon.core.webui.keyword.internal.WebUIKeywordMain.stepFailed(WebUIKeywordMain.groovy:64)&#xD;
	at com.kms.katalon.core.webui.keyword.internal.WebUIKeywordMain.runKeyword(WebUIKeywordMain.groovy:26)&#xD;
	at com.kms.katalon.core.webui.keyword.builtin.GetTextKeyword.getText(GetTextKeyword.groovy:88)&#xD;
	at com.kms.katalon.core.webui.keyword.builtin.GetTextKeyword.execute(GetTextKeyword.groovy:67)&#xD;
	at com.kms.katalon.core.keyword.internal.KeywordExecutor.executeKeywordForPlatform(KeywordExecutor.groovy:56)&#xD;
	at com.kms.katalon.core.webui.keyword.WebUiBuiltInKeywords.getText(WebUiBuiltInKeywords.groovy:874)&#xD;
	at com.kms.katalon.core.webui.keyword.WebUiBuiltInKeywords$getText$13.call(Unknown Source)&#xD;
	at ACTPOL-561.run(ACTPOL-561:285)&#xD;
	at com.kms.katalon.core.main.ScriptEngine.run(ScriptEngine.java:194)&#xD;
	at com.kms.katalon.core.main.ScriptEngine.runScriptAsRawText(ScriptEngine.java:119)&#xD;
	at com.kms.katalon.core.main.TestCaseExecutor.runScript(TestCaseExecutor.java:337)&#xD;
	at com.kms.katalon.core.main.TestCaseExecutor.doExecute(TestCaseExecutor.java:328)&#xD;
	at com.kms.katalon.core.main.TestCaseExecutor.processExecutionPhase(TestCaseExecutor.java:307)&#xD;
	at com.kms.katalon.core.main.TestCaseExecutor.accessMainPhase(TestCaseExecutor.java:299)&#xD;
	at com.kms.katalon.core.main.TestCaseExecutor.execute(TestCaseExecutor.java:233)&#xD;
	at com.kms.katalon.core.main.TestSuiteExecutor.accessTestCaseMainPhase(TestSuiteExecutor.java:169)&#xD;
	at com.kms.katalon.core.main.TestSuiteExecutor.accessTestSuiteMainPhase(TestSuiteExecutor.java:142)&#xD;
	at com.kms.katalon.core.main.TestSuiteExecutor.execute(TestSuiteExecutor.java:91)&#xD;
	at com.kms.katalon.core.main.TestCaseMain.startTestSuite(TestCaseMain.java:157)&#xD;
	at com.kms.katalon.core.main.TestCaseMain$startTestSuite$0.call(Unknown Source)&#xD;
	at TempTestSuite1567691813021.run(TempTestSuite1567691813021.groovy:35)&#xD;
Caused by: com.kms.katalon.core.webui.exception.WebElementNotFoundException: Web element with id: 'Object Repository/Actpol_Scripts/Opsporing/MBES18/3 INBEWARINGSTELLINGS_C.Q._PLAATSINGSGEGEVENS/Datum beeindiging rechtmatig verblijf error message' located by 'By.xpath: //*[@id="errMBESBDRM"]/span' not found&#xD;
	at com.kms.katalon.core.webui.common.WebUiCommonHelper.findWebElement(WebUiCommonHelper.java:1097)&#xD;
	at com.kms.katalon.core.webui.keyword.internal.WebUIAbstractKeyword.findWebElement(WebUIAbstractKeyword.groovy:27)&#xD;
	at com.kms.katalon.core.webui.keyword.internal.WebUIAbstractKeyword.findWebElement(WebUIAbstractKeyword.groovy:26)&#xD;
	at com.kms.katalon.core.webui.keyword.builtin.GetTextKeyword$_getText_closure1.doCall(GetTextKeyword.groovy:78)&#xD;
	at com.kms.katalon.core.webui.keyword.builtin.GetTextKeyword$_getText_closure1.call(GetTextKeyword.groovy)&#xD;
	at com.kms.katalon.core.webui.keyword.internal.WebUIKeywordMain.runKeyword(WebUIKeywordMain.groovy:20)&#xD;
	at com.kms.katalon.core.webui.keyword.builtin.GetTextKeyword.getText(GetTextKeyword.groovy:88)&#xD;
	at com.kms.katalon.core.webui.keyword.builtin.GetTextKeyword.execute(GetTextKeyword.groovy:67)&#xD;
	at com.kms.katalon.core.keyword.internal.KeywordExecutor.executeKeywordForPlatform(KeywordExecutor.groovy:56)&#xD;
	at com.kms.katalon.core.webui.keyword.WebUiBuiltInKeywords.getText(WebUiBuiltInKeywords.groovy:874)&#xD;
	at com.kms.katalon.core.webui.keyword.WebUiBuiltInKeywords$getText$13.call(Unknown Source)&#xD;
	at Script1567172320346.run(Script1567172320346.groovy:285)&#xD;
	... 13 more&#xD;
)&#xD;
&#xD;
2019-09-05 19:32:09 - [MESSAGE][INFO] - Unable to find the element located by 'By.xpath: //*[@id="errMBESBDRM"]/span'. Please recheck the objects properties to make sure the desired element is located. &#xD;
&#xD;
2019-09-05 19:32:09 - [MESSAGE][WARNING] - Unable to get text of object 'Object Repository/Actpol_Scripts/Opsporing/MBES18/3 INBEWARINGSTELLINGS_C.Q._PLAATSINGSGEGEVENS/Datum beeindiging rechtmatig verblijf error message' (Root cause: com.kms.katalon.core.exception.StepFailedException: Unable to get text of object 'Object Repository/Actpol_Scripts/Opsporing/MBES18/3 INBEWARINGSTELLINGS_C.Q._PLAATSINGSGEGEVENS/Datum beeindiging rechtmatig verblijf error message'&#xD;
	at com.kms.katalon.core.webui.keyword.internal.WebUIKeywordMain.stepFailed(WebUIKeywordMain.groovy:64)&#xD;
	at com.kms.katalon.core.webui.keyword.internal.WebUIKeywordMain.runKeyword(WebUIKeywordMain.groovy:26)&#xD;
	at com.kms.katalon.core.webui.keyword.builtin.GetTextKeyword.getText(GetTextKeyword.groovy:88)&#xD;
	at com.kms.katalon.core.webui.keyword.builtin.GetTextKeyword.execute(GetTextKeyword.groovy:67)&#xD;
	at com.kms.katalon.core.keyword.internal.KeywordExecutor.executeKeywordForPlatform(KeywordExecutor.groovy:56)&#xD;
	at com.kms.katalon.core.webui.keyword.WebUiBuiltInKeywords.getText(WebUiBuiltInKeywords.groovy:874)&#xD;
	at com.kms.katalon.core.webui.keyword.WebUiBuiltInKeywords$getText$13.call(Unknown Source)&#xD;
	at ACTPOL-561.run(ACTPOL-561:285)&#xD;
	at com.kms.katalon.core.main.ScriptEngine.run(ScriptEngine.java:194)&#xD;
	at com.kms.katalon.core.main.ScriptEngine.runScriptAsRawText(ScriptEngine.java:119)&#xD;
	at com.kms.katalon.core.main.TestCaseExecutor.runScript(TestCaseExecutor.java:337)&#xD;
	at com.kms.katalon.core.main.TestCaseExecutor.doExecute(TestCaseExecutor.java:328)&#xD;
	at com.kms.katalon.core.main.TestCaseExecutor.processExecutionPhase(TestCaseExecutor.java:307)&#xD;
	at com.kms.katalon.core.main.TestCaseExecutor.accessMainPhase(TestCaseExecutor.java:299)&#xD;
	at com.kms.katalon.core.main.TestCaseExecutor.execute(TestCaseExecutor.java:233)&#xD;
	at com.kms.katalon.core.main.TestSuiteExecutor.accessTestCaseMainPhase(TestSuiteExecutor.java:169)&#xD;
	at com.kms.katalon.core.main.TestSuiteExecutor.accessTestSuiteMainPhase(TestSuiteExecutor.java:142)&#xD;
	at com.kms.katalon.core.main.TestSuiteExecutor.execute(TestSuiteExecutor.java:91)&#xD;
	at com.kms.katalon.core.main.TestCaseMain.startTestSuite(TestCaseMain.java:157)&#xD;
	at com.kms.katalon.core.main.TestCaseMain$startTestSuite$0.call(Unknown Source)&#xD;
	at TempTestSuite1567691813021.run(TempTestSuite1567691813021.groovy:35)&#xD;
Caused by: com.kms.katalon.core.webui.exception.WebElementNotFoundException: Web element with id: 'Object Repository/Actpol_Scripts/Opsporing/MBES18/3 INBEWARINGSTELLINGS_C.Q._PLAATSINGSGEGEVENS/Datum beeindiging rechtmatig verblijf error message' located by 'By.xpath: //*[@id="errMBESBDRM"]/span' not found&#xD;
	at com.kms.katalon.core.webui.common.WebUiCommonHelper.findWebElement(WebUiCommonHelper.java:1097)&#xD;
	at com.kms.katalon.core.webui.keyword.internal.WebUIAbstractKeyword.findWebElement(WebUIAbstractKeyword.groovy:27)&#xD;
	at com.kms.katalon.core.webui.keyword.internal.WebUIAbstractKeyword.findWebElement(WebUIAbstractKeyword.groovy:26)&#xD;
	at com.kms.katalon.core.webui.keyword.builtin.GetTextKeyword$_getText_closure1.doCall(GetTextKeyword.groovy:78)&#xD;
	at com.kms.katalon.core.webui.keyword.builtin.GetTextKeyword$_getText_closure1.call(GetTextKeyword.groovy)&#xD;
	at com.kms.katalon.core.webui.keyword.internal.WebUIKeywordMain.runKeyword(WebUIKeywordMain.groovy:20)&#xD;
	at com.kms.katalon.core.webui.keyword.builtin.GetTextKeyword.getText(GetTextKeyword.groovy:88)&#xD;
	at com.kms.katalon.core.webui.keyword.builtin.GetTextKeyword.execute(GetTextKeyword.groovy:67)&#xD;
	at com.kms.katalon.core.keyword.internal.KeywordExecutor.executeKeywordForPlatform(KeywordExecutor.groovy:56)&#xD;
	at com.kms.katalon.core.webui.keyword.WebUiBuiltInKeywords.getText(WebUiBuiltInKeywords.groovy:874)&#xD;
	at com.kms.katalon.core.webui.keyword.WebUiBuiltInKeywords$getText$13.call(Unknown Source)&#xD;
	at Script1567172320346.run(Script1567172320346.groovy:285)&#xD;
	... 13 more&#xD;
)&#xD;
[[ATTACHMENT|C:\\Users\\user4\\git\\ACTPOL\\Reports\\20190905_192623\\Release 6.6\\ACTPOL-561,562 AND 563\\20190905_192646\\1567692129349.png]]&#xD;
&#xD;
2019-09-05 19:32:09 - [TEST_STEP][PASSED] - if (Datumbeeindigingrechtmatigverblijf == Garantstellerverify): null&#xD;
&#xD;
2019-09-05 19:32:09 - [TEST_STEP][PASSED] - else: Taking screenshot successfully&#xD;
&#xD;
2019-09-05 19:32:09 - [TEST_STEP][PASSED] - log.logInfo("not showing error message in Datum beeindiging rechtmatig verblijf"): not showing error message in Datum beeindiging rechtmatig verblijf&#xD;
&#xD;
2019-09-05 19:32:09 - [MESSAGE][INFO] - not showing error message in Datum beeindiging rechtmatig verblijf&#xD;
&#xD;
2019-09-05 19:32:09 - [TEST_STEP][PASSED] - takeScreenshot(): Taking screenshot successfully&#xD;
&#xD;
2019-09-05 19:32:10 - [MESSAGE][PASSED] - Taking screenshot successfully&#xD;
[[ATTACHMENT|C:\\Users\\user4\\git\\ACTPOL\\Reports\\20190905_192623\\Release 6.6\\ACTPOL-561,562 AND 563\\20190905_192646\\1567692129824.png]]&#xD;
&#xD;
2019-09-05 19:32:10 - [TEST_STEP][PASSED] - delay(1): Delayed 1 second(s)&#xD;
&#xD;
2019-09-05 19:32:11 - [MESSAGE][PASSED] - Delayed 1 second(s)&#xD;
&#xD;
2019-09-05 19:32:11 - [TEST_STEP][PASSED] - delay(1): Delayed 1 second(s)&#xD;
&#xD;
2019-09-05 19:32:12 - [MESSAGE][PASSED] - Delayed 1 second(s)&#xD;
&#xD;
2019-09-05 19:32:12 - [TEST_STEP][PASSED] - scrollToPosition(10, 7): Browser is scrolled to position x = 10, y = 7&#xD;
&#xD;
2019-09-05 19:32:12 - [MESSAGE][PASSED] - Browser is scrolled to position x = 10, y = 7&#xD;
&#xD;
2019-09-05 19:32:12 - [TEST_STEP][PASSED] - comment("INBEWARINGSTELLINGS C.Q. PLAATSINGSGEGEVENS tab data filling"): INBEWARINGSTELLINGS C.Q. PLAATSINGSGEGEVENS tab data filling&#xD;
&#xD;
2019-09-05 19:32:12 - [MESSAGE][INFO] - INBEWARINGSTELLINGS C.Q. PLAATSINGSGEGEVENS tab data filling&#xD;
&#xD;
2019-09-05 19:32:12 - [TEST_STEP][PASSED] - delay(1): Delayed 1 second(s)&#xD;
&#xD;
2019-09-05 19:32:13 - [MESSAGE][PASSED] - Delayed 1 second(s)&#xD;
&#xD;
2019-09-05 19:32:13 - [TEST_STEP][PASSED] - setText(findTestObject("Actpol_Scripts/Opsporing/MBES18/3 INBEWARINGSTELLINGS_C.Q._PLAATSINGSGEGEVENS/Inbewaringstelling sinds"), "02/09/2019"): Text '02/09/2019' is set on object 'Object Repository/Actpol_Scripts/Opsporing/MBES18/3 INBEWARINGSTELLINGS_C.Q._PLAATSINGSGEGEVENS/Inbewaringstelling sinds'&#xD;
&#xD;
2019-09-05 19:32:14 - [MESSAGE][PASSED] - Text '02/09/2019' is set on object 'Object Repository/Actpol_Scripts/Opsporing/MBES18/3 INBEWARINGSTELLINGS_C.Q._PLAATSINGSGEGEVENS/Inbewaringstelling sinds'&#xD;
&#xD;
2019-09-05 19:32:14 - [TEST_STEP][PASSED] - delay(1): Delayed 1 second(s)&#xD;
&#xD;
2019-09-05 19:32:15 - [MESSAGE][PASSED] - Delayed 1 second(s)&#xD;
&#xD;
2019-09-05 19:32:15 - [TEST_STEP][PASSED] - setText(findTestObject("Actpol_Scripts/Opsporing/MBES18/3 INBEWARINGSTELLINGS_C.Q._PLAATSINGSGEGEVENS/Plaatsing sinds"), "testing :: Plaatsing sinds"): Text 'testing :: Plaatsing sinds' is set on object 'Object Repository/Actpol_Scripts/Opsporing/MBES18/3 INBEWARINGSTELLINGS_C.Q._PLAATSINGSGEGEVENS/Plaatsing sinds'&#xD;
&#xD;
2019-09-05 19:32:19 - [MESSAGE][PASSED] - Text 'testing :: Plaatsing sinds' is set on object 'Object Repository/Actpol_Scripts/Opsporing/MBES18/3 INBEWARINGSTELLINGS_C.Q._PLAATSINGSGEGEVENS/Plaatsing sinds'&#xD;
&#xD;
2019-09-05 19:32:19 - [TEST_STEP][PASSED] - comment("Checking dropdown"): Checking dropdown&#xD;
&#xD;
2019-09-05 19:32:19 - [MESSAGE][INFO] - Checking dropdown&#xD;
&#xD;
2019-09-05 19:32:19 - [TEST_STEP][PASSED] - delay(1): Delayed 1 second(s)&#xD;
&#xD;
2019-09-05 19:32:20 - [MESSAGE][PASSED] - Delayed 1 second(s)&#xD;
&#xD;
2019-09-05 19:32:20 - [TEST_STEP][PASSED] - setText(findTestObject("Actpol_Scripts/Opsporing/MBES18/3 INBEWARINGSTELLINGS_C.Q._PLAATSINGSGEGEVENS/Op grond van artikel WTU-BES"), "a"): Text 'a' is set on object 'Object Repository/Actpol_Scripts/Opsporing/MBES18/3 INBEWARINGSTELLINGS_C.Q._PLAATSINGSGEGEVENS/Op grond van artikel WTU-BES'&#xD;
&#xD;
2019-09-05 19:32:22 - [MESSAGE][PASSED] - Text 'a' is set on object 'Object Repository/Actpol_Scripts/Opsporing/MBES18/3 INBEWARINGSTELLINGS_C.Q._PLAATSINGSGEGEVENS/Op grond van artikel WTU-BES'&#xD;
&#xD;
2019-09-05 19:32:22 - [TEST_STEP][PASSED] - delay(2): Delayed 2 second(s)&#xD;
&#xD;
2019-09-05 19:32:24 - [MESSAGE][PASSED] - Delayed 2 second(s)&#xD;
&#xD;
2019-09-05 19:32:24 - [TEST_STEP][PASSED] - click(findTestObject("Actpol_Scripts/Opsporing/MBES18/3 INBEWARINGSTELLINGS_C.Q._PLAATSINGSGEGEVENS/Op grond van artikel WTU-BES lb")): Object: 'Object Repository/Actpol_Scripts/Opsporing/MBES18/3 INBEWARINGSTELLINGS_C.Q._PLAATSINGSGEGEVENS/Op grond van artikel WTU-BES lb' is clicked on&#xD;
&#xD;
2019-09-05 19:32:25 - [MESSAGE][PASSED] - Object: 'Object Repository/Actpol_Scripts/Opsporing/MBES18/3 INBEWARINGSTELLINGS_C.Q._PLAATSINGSGEGEVENS/Op grond van artikel WTU-BES lb' is clicked on&#xD;
&#xD;
2019-09-05 19:32:25 - [TEST_STEP][PASSED] - comment("checking auto search"): checking auto search&#xD;
&#xD;
2019-09-05 19:32:25 - [MESSAGE][INFO] - checking auto search&#xD;
&#xD;
2019-09-05 19:32:25 - [TEST_STEP][PASSED] - delay(1): Delayed 1 second(s)&#xD;
&#xD;
2019-09-05 19:32:26 - [MESSAGE][PASSED] - Delayed 1 second(s)&#xD;
&#xD;
2019-09-05 19:32:26 - [TEST_STEP][PASSED] - click(findTestObject("JIRA/A Relese 6.6/ACTPOL-561/Op grond van artikel WTU-BES Auto search click")): Object: 'Object Repository/JIRA/A Relese 6.6/ACTPOL-561/Op grond van artikel WTU-BES Auto search click' is clicked on&#xD;
&#xD;
2019-09-05 19:32:28 - [MESSAGE][PASSED] - Object: 'Object Repository/JIRA/A Relese 6.6/ACTPOL-561/Op grond van artikel WTU-BES Auto search click' is clicked on&#xD;
&#xD;
2019-09-05 19:32:28 - [TEST_STEP][PASSED] - delay(2): Delayed 2 second(s)&#xD;
&#xD;
2019-09-05 19:32:30 - [MESSAGE][PASSED] - Delayed 2 second(s)&#xD;
&#xD;
2019-09-05 19:32:30 - [TEST_STEP][PASSED] - click(findTestObject("JIRA/A Relese 6.6/ACTPOL-561/Op grond van artikel WTU-BES Auto search click lb")): Object: 'Object Repository/JIRA/A Relese 6.6/ACTPOL-561/Op grond van artikel WTU-BES Auto search click lb' is clicked on&#xD;
&#xD;
2019-09-05 19:32:31 - [MESSAGE][PASSED] - Object: 'Object Repository/JIRA/A Relese 6.6/ACTPOL-561/Op grond van artikel WTU-BES Auto search click lb' is clicked on&#xD;
&#xD;
2019-09-05 19:32:31 - [TEST_STEP][PASSED] - delay(2): Delayed 2 second(s)&#xD;
&#xD;
2019-09-05 19:32:33 - [MESSAGE][PASSED] - Delayed 2 second(s)&#xD;
&#xD;
2019-09-05 19:32:33 - [TEST_STEP][PASSED] - setText(findTestObject("Actpol_Scripts/Opsporing/MBES18/3 INBEWARINGSTELLINGS_C.Q._PLAATSINGSGEGEVENS/Datum aan_staandehouding Datum grensweigering"), "02/09/2019"): Text '02/09/2019' is set on object 'Object Repository/Actpol_Scripts/Opsporing/MBES18/3 INBEWARINGSTELLINGS_C.Q._PLAATSINGSGEGEVENS/Datum aan_staandehouding Datum grensweigering'&#xD;
&#xD;
2019-09-05 19:32:35 - [MESSAGE][PASSED] - Text '02/09/2019' is set on object 'Object Repository/Actpol_Scripts/Opsporing/MBES18/3 INBEWARINGSTELLINGS_C.Q._PLAATSINGSGEGEVENS/Datum aan_staandehouding Datum grensweigering'&#xD;
&#xD;
2019-09-05 19:32:35 - [TEST_STEP][PASSED] - delay(1): Delayed 1 second(s)&#xD;
&#xD;
2019-09-05 19:32:36 - [MESSAGE][PASSED] - Delayed 1 second(s)&#xD;
&#xD;
2019-09-05 19:32:36 - [TEST_STEP][PASSED] - setText(findTestObject("Actpol_Scripts/Opsporing/MBES18/3 INBEWARINGSTELLINGS_C.Q._PLAATSINGSGEGEVENS/Reden aan_staandehouding Reden grensweigering"), "testing :: Reden aan_staandehouding Reden grensweigering"): Text 'testing :: Reden aan_staandehouding Reden grensweigering' is set on object 'Object Repository/Actpol_Scripts/Opsporing/MBES18/3 INBEWARINGSTELLINGS_C.Q._PLAATSINGSGEGEVENS/Reden aan_staandehouding Reden grensweigering'&#xD;
&#xD;
2019-09-05 19:32:39 - [MESSAGE][PASSED] - Text 'testing :: Reden aan_staandehouding Reden grensweigering' is set on object 'Object Repository/Actpol_Scripts/Opsporing/MBES18/3 INBEWARINGSTELLINGS_C.Q._PLAATSINGSGEGEVENS/Reden aan_staandehouding Reden grensweigering'&#xD;
&#xD;
2019-09-05 19:32:39 - [TEST_STEP][PASSED] - delay(1): Delayed 1 second(s)&#xD;
&#xD;
2019-09-05 19:32:40 - [MESSAGE][PASSED] - Delayed 1 second(s)&#xD;
&#xD;
2019-09-05 19:32:40 - [TEST_STEP][PASSED] - setText(findTestObject("Actpol_Scripts/Opsporing/MBES18/3 INBEWARINGSTELLINGS_C.Q._PLAATSINGSGEGEVENS/Inbewaringstellings-locatie"), "a"): Text 'a' is set on object 'Object Repository/Actpol_Scripts/Opsporing/MBES18/3 INBEWARINGSTELLINGS_C.Q._PLAATSINGSGEGEVENS/Inbewaringstellings-locatie'&#xD;
&#xD;
2019-09-05 19:32:41 - [MESSAGE][PASSED] - Text 'a' is set on object 'Object Repository/Actpol_Scripts/Opsporing/MBES18/3 INBEWARINGSTELLINGS_C.Q._PLAATSINGSGEGEVENS/Inbewaringstellings-locatie'&#xD;
&#xD;
2019-09-05 19:32:41 - [TEST_STEP][PASSED] - delay(2): Delayed 2 second(s)&#xD;
&#xD;
2019-09-05 19:32:43 - [MESSAGE][PASSED] - Delayed 2 second(s)&#xD;
&#xD;
2019-09-05 19:32:43 - [TEST_STEP][PASSED] - click(findTestObject("Actpol_Scripts/Opsporing/MBES18/3 INBEWARINGSTELLINGS_C.Q._PLAATSINGSGEGEVENS/Inbewaringstellings-locatie lb")): Object: 'Object Repository/Actpol_Scripts/Opsporing/MBES18/3 INBEWARINGSTELLINGS_C.Q._PLAATSINGSGEGEVENS/Inbewaringstellings-locatie lb' is clicked on&#xD;
&#xD;
2019-09-05 19:32:45 - [MESSAGE][PASSED] - Object: 'Object Repository/Actpol_Scripts/Opsporing/MBES18/3 INBEWARINGSTELLINGS_C.Q._PLAATSINGSGEGEVENS/Inbewaringstellings-locatie lb' is clicked on&#xD;
&#xD;
2019-09-05 19:32:45 - [TEST_STEP][PASSED] - delay(2): Delayed 2 second(s)&#xD;
&#xD;
2019-09-05 19:32:47 - [MESSAGE][PASSED] - Delayed 2 second(s)&#xD;
&#xD;
2019-09-05 19:32:47 - [TEST_STEP][PASSED] - setText(findTestObject("Actpol_Scripts/Opsporing/MBES18/3 INBEWARINGSTELLINGS_C.Q._PLAATSINGSGEGEVENS/Naam advocaat"), "testing :: Naam advocaat"): Text 'testing :: Naam advocaat' is set on object 'Object Repository/Actpol_Scripts/Opsporing/MBES18/3 INBEWARINGSTELLINGS_C.Q._PLAATSINGSGEGEVENS/Naam advocaat'&#xD;
&#xD;
2019-09-05 19:32:49 - [MESSAGE][PASSED] - Text 'testing :: Naam advocaat' is set on object 'Object Repository/Actpol_Scripts/Opsporing/MBES18/3 INBEWARINGSTELLINGS_C.Q._PLAATSINGSGEGEVENS/Naam advocaat'&#xD;
&#xD;
2019-09-05 19:32:49 - [TEST_STEP][PASSED] - delay(1): Delayed 1 second(s)&#xD;
&#xD;
2019-09-05 19:32:50 - [MESSAGE][PASSED] - Delayed 1 second(s)&#xD;
&#xD;
2019-09-05 19:32:50 - [TEST_STEP][PASSED] - setText(findTestObject("Actpol_Scripts/Opsporing/MBES18/3 INBEWARINGSTELLINGS_C.Q._PLAATSINGSGEGEVENS/advocaat telefoonnummer"), "985213647"): Text '985213647' is set on object 'Object Repository/Actpol_Scripts/Opsporing/MBES18/3 INBEWARINGSTELLINGS_C.Q._PLAATSINGSGEGEVENS/advocaat telefoonnummer'&#xD;
&#xD;
2019-09-05 19:32:51 - [MESSAGE][PASSED] - Text '985213647' is set on object 'Object Repository/Actpol_Scripts/Opsporing/MBES18/3 INBEWARINGSTELLINGS_C.Q._PLAATSINGSGEGEVENS/advocaat telefoonnummer'&#xD;
&#xD;
2019-09-05 19:32:51 - [TEST_STEP][PASSED] - delay(1): Delayed 1 second(s)&#xD;
&#xD;
2019-09-05 19:32:52 - [MESSAGE][PASSED] - Delayed 1 second(s)&#xD;
&#xD;
2019-09-05 19:32:52 - [TEST_STEP][PASSED] - setText(findTestObject("Actpol_Scripts/Opsporing/MBES18/3 INBEWARINGSTELLINGS_C.Q._PLAATSINGSGEGEVENS/Naam ambtenaar KPCN _KmarCarib"), "testing :: Naam ambtenaar KPCN /KmarCarib"): Text 'testing :: Naam ambtenaar KPCN /KmarCarib' is set on object 'Object Repository/Actpol_Scripts/Opsporing/MBES18/3 INBEWARINGSTELLINGS_C.Q._PLAATSINGSGEGEVENS/Naam ambtenaar KPCN _KmarCarib'&#xD;
&#xD;
2019-09-05 19:32:54 - [MESSAGE][PASSED] - Text 'testing :: Naam ambtenaar KPCN /KmarCarib' is set on object 'Object Repository/Actpol_Scripts/Opsporing/MBES18/3 INBEWARINGSTELLINGS_C.Q._PLAATSINGSGEGEVENS/Naam ambtenaar KPCN _KmarCarib'&#xD;
&#xD;
2019-09-05 19:32:55 - [TEST_STEP][PASSED] - delay(1): Delayed 1 second(s)&#xD;
&#xD;
2019-09-05 19:32:56 - [MESSAGE][PASSED] - Delayed 1 second(s)&#xD;
&#xD;
2019-09-05 19:32:56 - [TEST_STEP][PASSED] - setText(findTestObject("Actpol_Scripts/Opsporing/MBES18/3 INBEWARINGSTELLINGS_C.Q._PLAATSINGSGEGEVENS/Bekend bij IND-CN in het kader van"), "testing :: Bekend bij IND-CN in het kader van toelating/bescherming"): Text 'testing :: Bekend bij IND-CN in het kader van toelating/bescherming' is set on object 'Object Repository/Actpol_Scripts/Opsporing/MBES18/3 INBEWARINGSTELLINGS_C.Q._PLAATSINGSGEGEVENS/Bekend bij IND-CN in het kader van'&#xD;
&#xD;
2019-09-05 19:32:59 - [MESSAGE][PASSED] - Text 'testing :: Bekend bij IND-CN in het kader van toelating/bescherming' is set on object 'Object Repository/Actpol_Scripts/Opsporing/MBES18/3 INBEWARINGSTELLINGS_C.Q._PLAATSINGSGEGEVENS/Bekend bij IND-CN in het kader van'&#xD;
&#xD;
2019-09-05 19:32:59 - [TEST_STEP][PASSED] - delay(2): Delayed 2 second(s)&#xD;
&#xD;
2019-09-05 19:33:01 - [MESSAGE][PASSED] - Delayed 2 second(s)&#xD;
&#xD;
2019-09-05 19:33:01 - [TEST_STEP][PASSED] - setText(findTestObject("Actpol_Scripts/Opsporing/MBES18/3 INBEWARINGSTELLINGS_C.Q._PLAATSINGSGEGEVENS/Datum beeindiging rechtmatig verblijf"), "02/09/2019"): Text '02/09/2019' is set on object 'Object Repository/Actpol_Scripts/Opsporing/MBES18/3 INBEWARINGSTELLINGS_C.Q._PLAATSINGSGEGEVENS/Datum beeindiging rechtmatig verblijf'&#xD;
&#xD;
2019-09-05 19:33:02 - [MESSAGE][PASSED] - Text '02/09/2019' is set on object 'Object Repository/Actpol_Scripts/Opsporing/MBES18/3 INBEWARINGSTELLINGS_C.Q._PLAATSINGSGEGEVENS/Datum beeindiging rechtmatig verblijf'&#xD;
&#xD;
2019-09-05 19:33:02 - [TEST_STEP][PASSED] - delay(2): Delayed 2 second(s)&#xD;
&#xD;
2019-09-05 19:33:04 - [MESSAGE][PASSED] - Delayed 2 second(s)&#xD;
&#xD;
2019-09-05 19:33:04 - [TEST_STEP][PASSED] - click(findTestObject("Actpol_Scripts/Opsporing/MBES18/MBSC SAVE")): Object: 'Object Repository/Actpol_Scripts/Opsporing/MBES18/MBSC SAVE' is clicked on&#xD;
&#xD;
2019-09-05 19:33:05 - [MESSAGE][PASSED] - Object: 'Object Repository/Actpol_Scripts/Opsporing/MBES18/MBSC SAVE' is clicked on</system-out>
            <system-err></system-err>
        </testcase>
        <testcase name="Test Cases/JIRA Tasks/Release 6.6/ACTPOL-562" classname="Test Cases/JIRA Tasks/Release 6.6/ACTPOL-562" status="PASSED">
            <system-out>2019-09-05 19:33:09 - [TEST_CASE][PASSED] - Test Cases/JIRA Tasks/Release 6.6/ACTPOL-562: Test Cases/JIRA Tasks/Release 6.6/ACTPOL-562&#xD;
&#xD;
2019-09-05 19:33:10 - [TEST_STEP][PASSED] - callTestCase(findTestCase("main/Actpol_Login_testenv"), [:], STOP_ON_FAILURE): Call Test Case 'Test Cases/main/Actpol_Login_testenv' successfully&#xD;
&#xD;
2019-09-05 19:33:10 - [TEST_CASE][PASSED] - Test Cases/main/Actpol_Login_testenv: Test Cases/main/Actpol_Login_testenv&#xD;
&#xD;
2019-09-05 19:33:11 - [TEST_STEP][PASSED] - openBrowser(""): Browser is opened with url: ''&#xD;
&#xD;
2019-09-05 19:33:11 - [MESSAGE][WARNING] - A browser is already opened. Closing browser and opening a new one&#xD;
&#xD;
2019-09-05 19:33:15 - [MESSAGE][INFO] - Starting 'Chrome' driver&#xD;
&#xD;
2019-09-05 19:33:24 - [MESSAGE][PASSED] - Browser is opened with url: ''&#xD;
&#xD;
2019-09-05 19:33:24 - [TEST_STEP][PASSED] - deleteAllCookies(): Delete all cookies successfully&#xD;
&#xD;
2019-09-05 19:33:24 - [MESSAGE][PASSED] - Delete all cookies successfully&#xD;
&#xD;
2019-09-05 19:33:24 - [TEST_STEP][PASSED] - waitForPageLoad(30): Wait for page load successfully&#xD;
&#xD;
2019-09-05 19:33:24 - [MESSAGE][PASSED] - Wait for page load successfully&#xD;
&#xD;
2019-09-05 19:33:24 - [TEST_STEP][PASSED] - maximizeWindow(): Current window maximized&#xD;
&#xD;
2019-09-05 19:33:25 - [MESSAGE][PASSED] - Current window maximized&#xD;
&#xD;
2019-09-05 19:33:25 - [TEST_STEP][PASSED] - ACTPOLTESTENV = 1: null&#xD;
&#xD;
2019-09-05 19:33:25 - [TEST_STEP][PASSED] - ACTPOLDEVENV = 2: null&#xD;
&#xD;
2019-09-05 19:33:25 - [TEST_STEP][PASSED] - ACTPOLKCENV = 3: null&#xD;
&#xD;
2019-09-05 19:33:25 - [TEST_STEP][PASSED] - ACTPOLKBKPCNENV = 4: null&#xD;
&#xD;
2019-09-05 19:33:25 - [TEST_STEP][PASSED] - ACTPOLKBKMARENV = 5: null&#xD;
&#xD;
2019-09-05 19:33:25 - [TEST_STEP][PASSED] - ACTPOLKMENV = 6: null&#xD;
&#xD;
2019-09-05 19:33:25 - [TEST_STEP][PASSED] - ACTPOLKWENV = 7: null&#xD;
&#xD;
2019-09-05 19:33:25 - [TEST_STEP][PASSED] - environment = ACTPOLDEVENV: null&#xD;
&#xD;
2019-09-05 19:33:25 - [TEST_STEP][PASSED] - Selectenv = &lt;not implemented yet for class: org.codehaus.groovy.ast.expr.EmptyExpression&gt;: null&#xD;
&#xD;
2019-09-05 19:33:25 - [TEST_STEP][PASSED] - switch (environment): null&#xD;
&#xD;
2019-09-05 19:33:25 - [TEST_STEP][PASSED] - case 2:: null&#xD;
&#xD;
2019-09-05 19:33:25 - [TEST_STEP][PASSED] - println(Selectenv = "ACTPOL-DEV-ENV"): null&#xD;
&#xD;
2019-09-05 19:33:25 - [TEST_STEP][PASSED] - navigateToUrl(DEVURL): Navigate to 'http://10.20.10.7:8202/actpoldev/JPOL558/nxmenu.pgm?docnum=604' successfully&#xD;
&#xD;
2019-09-05 19:33:35 - [MESSAGE][PASSED] - Navigate to 'http://10.20.10.7:8202/actpoldev/JPOL558/nxmenu.pgm?docnum=604' successfully&#xD;
&#xD;
2019-09-05 19:33:35 - [TEST_STEP][PASSED] - setText(findTestObject("Actpol_Scripts/login/userid"), username): Text 'vidhya' is set on object 'Object Repository/Actpol_Scripts/login/userid'&#xD;
&#xD;
2019-09-05 19:33:37 - [MESSAGE][PASSED] - Text 'vidhya' is set on object 'Object Repository/Actpol_Scripts/login/userid'&#xD;
&#xD;
2019-09-05 19:33:37 - [TEST_STEP][PASSED] - setMaskedText(findTestObject("Actpol_Scripts/login/password"), password): Text '********' is set on object 'Object Repository/Actpol_Scripts/login/password'&#xD;
&#xD;
2019-09-05 19:33:37 - [MESSAGE][PASSED] - Text '********' is set on object 'Object Repository/Actpol_Scripts/login/password'&#xD;
&#xD;
2019-09-05 19:33:37 - [TEST_STEP][PASSED] - click(findTestObject("Actpol_Scripts/login/login")): Object: 'Object Repository/Actpol_Scripts/login/login' is clicked on&#xD;
&#xD;
2019-09-05 19:33:38 - [MESSAGE][PASSED] - Object: 'Object Repository/Actpol_Scripts/login/login' is clicked on&#xD;
&#xD;
2019-09-05 19:33:38 - [TEST_STEP][PASSED] - getWindowTitle(): Current window's title is: 'Login Page for ACTPOL Developer'&#xD;
&#xD;
2019-09-05 19:33:38 - [MESSAGE][PASSED] - Current window's title is: 'Login Page for ACTPOL Developer'&#xD;
&#xD;
2019-09-05 19:33:38 - [TEST_STEP][PASSED] - break: null&#xD;
&#xD;
2019-09-05 19:33:38 - [MESSAGE][PASSED] - Call Test Case 'Test Cases/main/Actpol_Login_testenv' successfully&#xD;
&#xD;
2019-09-05 19:33:38 - [TEST_STEP][PASSED] - log = new com.kms.katalon.core.logging.KeywordLogger(): null&#xD;
&#xD;
2019-09-05 19:33:38 - [TEST_STEP][PASSED] - mouseOver(findTestObject("Actpol_Scripts/Menu navigation/Opsporing/Opsporing")): Object: 'Object Repository/Actpol_Scripts/Menu navigation/Opsporing/Opsporing' is hovered&#xD;
&#xD;
2019-09-05 19:33:56 - [MESSAGE][PASSED] - Object: 'Object Repository/Actpol_Scripts/Menu navigation/Opsporing/Opsporing' is hovered&#xD;
&#xD;
2019-09-05 19:33:56 - [TEST_STEP][PASSED] - log.logInfo("Successfully logged"): Successfully logged&#xD;
&#xD;
2019-09-05 19:33:56 - [MESSAGE][INFO] - Successfully logged&#xD;
&#xD;
2019-09-05 19:33:56 - [TEST_STEP][PASSED] - delay(2): Delayed 2 second(s)&#xD;
&#xD;
2019-09-05 19:33:58 - [MESSAGE][PASSED] - Delayed 2 second(s)&#xD;
&#xD;
2019-09-05 19:33:58 - [TEST_STEP][PASSED] - click(findTestObject("Actpol_Scripts/Opsporing/MBES18/MBES18 TAB")): Object: 'Object Repository/Actpol_Scripts/Opsporing/MBES18/MBES18 TAB' is clicked on&#xD;
&#xD;
2019-09-05 19:34:02 - [MESSAGE][PASSED] - Object: 'Object Repository/Actpol_Scripts/Opsporing/MBES18/MBES18 TAB' is clicked on&#xD;
&#xD;
2019-09-05 19:34:02 - [TEST_STEP][PASSED] - log.logInfo("Clicking MBES18 tab "): Clicking MBES18 tab &#xD;
&#xD;
2019-09-05 19:34:02 - [MESSAGE][INFO] - Clicking MBES18 tab &#xD;
&#xD;
2019-09-05 19:34:02 - [TEST_STEP][PASSED] - delay(1): Delayed 1 second(s)&#xD;
&#xD;
2019-09-05 19:34:03 - [MESSAGE][PASSED] - Delayed 1 second(s)&#xD;
&#xD;
2019-09-05 19:34:03 - [TEST_STEP][PASSED] - mouseOver(findTestObject("Actpol_Scripts/Menu navigation/Generiek/Generiek")): Object: 'Object Repository/Actpol_Scripts/Menu navigation/Generiek/Generiek' is hovered&#xD;
&#xD;
2019-09-05 19:34:04 - [MESSAGE][PASSED] - Object: 'Object Repository/Actpol_Scripts/Menu navigation/Generiek/Generiek' is hovered&#xD;
&#xD;
2019-09-05 19:34:04 - [TEST_STEP][PASSED] - delay(8): Delayed 8 second(s)&#xD;
&#xD;
2019-09-05 19:34:12 - [MESSAGE][PASSED] - Delayed 8 second(s)&#xD;
&#xD;
2019-09-05 19:34:12 - [TEST_STEP][PASSED] - click(findTestObject("Actpol_Scripts/Opsporing/MBES18/mbes new")): Object: 'Object Repository/Actpol_Scripts/Opsporing/MBES18/mbes new' is clicked on&#xD;
&#xD;
2019-09-05 19:34:15 - [MESSAGE][PASSED] - Object: 'Object Repository/Actpol_Scripts/Opsporing/MBES18/mbes new' is clicked on&#xD;
&#xD;
2019-09-05 19:34:15 - [TEST_STEP][PASSED] - log.logInfo("Clicking MBES18 new button "): Clicking MBES18 new button &#xD;
&#xD;
2019-09-05 19:34:15 - [MESSAGE][INFO] - Clicking MBES18 new button &#xD;
&#xD;
2019-09-05 19:34:15 - [TEST_STEP][PASSED] - delay(6): Delayed 6 second(s)&#xD;
&#xD;
2019-09-05 19:34:21 - [MESSAGE][PASSED] - Delayed 6 second(s)&#xD;
&#xD;
2019-09-05 19:34:21 - [TEST_STEP][PASSED] - click(findTestObject("Actpol_Scripts/Opsporing/MBES18/Registratie new")): Object: 'Object Repository/Actpol_Scripts/Opsporing/MBES18/Registratie new' is clicked on&#xD;
&#xD;
2019-09-05 19:34:25 - [MESSAGE][PASSED] - Object: 'Object Repository/Actpol_Scripts/Opsporing/MBES18/Registratie new' is clicked on&#xD;
&#xD;
2019-09-05 19:34:25 - [TEST_STEP][PASSED] - delay(1): Delayed 1 second(s)&#xD;
&#xD;
2019-09-05 19:34:26 - [MESSAGE][PASSED] - Delayed 1 second(s)&#xD;
&#xD;
2019-09-05 19:34:26 - [TEST_STEP][PASSED] - selectOptionByLabel(findTestObject("Actpol_Scripts/Opsporing/MBES18/1 Registratie/Registratie van 1"), "KORPS POLITIE CURACAO", false): All options with label 'KORPS POLITIE CURACAO' are selected in object 'Object Repository/Actpol_Scripts/Opsporing/MBES18/1 Registratie/Registratie van 1' &#xD;
&#xD;
2019-09-05 19:34:31 - [MESSAGE][PASSED] - All options with label 'KORPS POLITIE CURACAO' are selected in object 'Object Repository/Actpol_Scripts/Opsporing/MBES18/1 Registratie/Registratie van 1' &#xD;
&#xD;
2019-09-05 19:34:31 - [TEST_STEP][PASSED] - delay(1): Delayed 1 second(s)&#xD;
&#xD;
2019-09-05 19:34:32 - [MESSAGE][PASSED] - Delayed 1 second(s)&#xD;
&#xD;
2019-09-05 19:34:32 - [TEST_STEP][PASSED] - selectOptionByLabel(findTestObject("Actpol_Scripts/Opsporing/MBES18/1 Registratie/Registratie Naar 1"), "OPENBARE MINISTERIE", false): All options with label 'OPENBARE MINISTERIE' are selected in object 'Object Repository/Actpol_Scripts/Opsporing/MBES18/1 Registratie/Registratie Naar 1' &#xD;
&#xD;
2019-09-05 19:34:33 - [MESSAGE][PASSED] - All options with label 'OPENBARE MINISTERIE' are selected in object 'Object Repository/Actpol_Scripts/Opsporing/MBES18/1 Registratie/Registratie Naar 1' &#xD;
&#xD;
2019-09-05 19:34:33 - [TEST_STEP][PASSED] - delay(1): Delayed 1 second(s)&#xD;
&#xD;
2019-09-05 19:34:34 - [MESSAGE][PASSED] - Delayed 1 second(s)&#xD;
&#xD;
2019-09-05 19:34:35 - [TEST_STEP][PASSED] - selectOptionByLabel(findTestObject("Actpol_Scripts/Opsporing/MBES18/1 Registratie/Registratie van 2"), "AMBULANCE", false): All options with label 'AMBULANCE' are selected in object 'Object Repository/Actpol_Scripts/Opsporing/MBES18/1 Registratie/Registratie van 2' &#xD;
&#xD;
2019-09-05 19:34:35 - [MESSAGE][PASSED] - All options with label 'AMBULANCE' are selected in object 'Object Repository/Actpol_Scripts/Opsporing/MBES18/1 Registratie/Registratie van 2' &#xD;
&#xD;
2019-09-05 19:34:35 - [TEST_STEP][PASSED] - delay(1): Delayed 1 second(s)&#xD;
&#xD;
2019-09-05 19:34:36 - [MESSAGE][PASSED] - Delayed 1 second(s)&#xD;
&#xD;
2019-09-05 19:34:36 - [TEST_STEP][PASSED] - selectOptionByLabel(findTestObject("Actpol_Scripts/Opsporing/MBES18/1 Registratie/Registratie Naar 2"), "SKS", false): All options with label 'SKS' are selected in object 'Object Repository/Actpol_Scripts/Opsporing/MBES18/1 Registratie/Registratie Naar 2' &#xD;
&#xD;
2019-09-05 19:34:38 - [MESSAGE][PASSED] - All options with label 'SKS' are selected in object 'Object Repository/Actpol_Scripts/Opsporing/MBES18/1 Registratie/Registratie Naar 2' &#xD;
&#xD;
2019-09-05 19:34:38 - [TEST_STEP][PASSED] - delay(1): Delayed 1 second(s)&#xD;
&#xD;
2019-09-05 19:34:39 - [MESSAGE][PASSED] - Delayed 1 second(s)&#xD;
&#xD;
2019-09-05 19:34:39 - [TEST_STEP][PASSED] - setText(findTestObject("Actpol_Scripts/Opsporing/MBES18/1 Registratie/Behandeld door"), "Katalon testing :: Behandeld door"): Text 'Katalon testing :: Behandeld door' is set on object 'Object Repository/Actpol_Scripts/Opsporing/MBES18/1 Registratie/Behandeld door'&#xD;
&#xD;
2019-09-05 19:34:44 - [MESSAGE][PASSED] - Text 'Katalon testing :: Behandeld door' is set on object 'Object Repository/Actpol_Scripts/Opsporing/MBES18/1 Registratie/Behandeld door'&#xD;
&#xD;
2019-09-05 19:34:44 - [TEST_STEP][PASSED] - delay(1): Delayed 1 second(s)&#xD;
&#xD;
2019-09-05 19:34:45 - [MESSAGE][PASSED] - Delayed 1 second(s)&#xD;
&#xD;
2019-09-05 19:34:45 - [TEST_STEP][PASSED] - setText(findTestObject("Actpol_Scripts/Opsporing/MBES18/1 Registratie/Telefoon"), "123456789"): Text '123456789' is set on object 'Object Repository/Actpol_Scripts/Opsporing/MBES18/1 Registratie/Telefoon'&#xD;
&#xD;
2019-09-05 19:34:46 - [MESSAGE][PASSED] - Text '123456789' is set on object 'Object Repository/Actpol_Scripts/Opsporing/MBES18/1 Registratie/Telefoon'&#xD;
&#xD;
2019-09-05 19:34:46 - [TEST_STEP][PASSED] - delay(1): Delayed 1 second(s)&#xD;
&#xD;
2019-09-05 19:34:47 - [MESSAGE][PASSED] - Delayed 1 second(s)&#xD;
&#xD;
2019-09-05 19:34:47 - [TEST_STEP][PASSED] - setText(findTestObject("Actpol_Scripts/Opsporing/MBES18/1 Registratie/E-Mail"), "test@gmail.com"): Text 'test@gmail.com' is set on object 'Object Repository/Actpol_Scripts/Opsporing/MBES18/1 Registratie/E-Mail'&#xD;
&#xD;
2019-09-05 19:34:49 - [MESSAGE][PASSED] - Text 'test@gmail.com' is set on object 'Object Repository/Actpol_Scripts/Opsporing/MBES18/1 Registratie/E-Mail'&#xD;
&#xD;
2019-09-05 19:34:49 - [TEST_STEP][PASSED] - delay(1): Delayed 1 second(s)&#xD;
&#xD;
2019-09-05 19:34:50 - [MESSAGE][PASSED] - Delayed 1 second(s)&#xD;
&#xD;
2019-09-05 19:34:50 - [TEST_STEP][PASSED] - setText(findTestObject("Actpol_Scripts/Opsporing/MBES18/1 Registratie/Datum"), "23/08/2019"): Text '23/08/2019' is set on object 'Object Repository/Actpol_Scripts/Opsporing/MBES18/1 Registratie/Datum'&#xD;
&#xD;
2019-09-05 19:34:50 - [MESSAGE][PASSED] - Text '23/08/2019' is set on object 'Object Repository/Actpol_Scripts/Opsporing/MBES18/1 Registratie/Datum'&#xD;
&#xD;
2019-09-05 19:34:50 - [TEST_STEP][PASSED] - delay(1): Delayed 1 second(s)&#xD;
&#xD;
2019-09-05 19:34:51 - [MESSAGE][PASSED] - Delayed 1 second(s)&#xD;
&#xD;
2019-09-05 19:34:51 - [TEST_STEP][PASSED] - click(findTestObject("Actpol_Scripts/Opsporing/MBES18/1 Registratie/Registratie save")): Object: 'Object Repository/Actpol_Scripts/Opsporing/MBES18/1 Registratie/Registratie save' is clicked on&#xD;
&#xD;
2019-09-05 19:34:52 - [MESSAGE][PASSED] - Object: 'Object Repository/Actpol_Scripts/Opsporing/MBES18/1 Registratie/Registratie save' is clicked on&#xD;
&#xD;
2019-09-05 19:34:52 - [TEST_STEP][PASSED] - delay(1): Delayed 1 second(s)&#xD;
&#xD;
2019-09-05 19:34:53 - [MESSAGE][PASSED] - Delayed 1 second(s)&#xD;
&#xD;
2019-09-05 19:34:53 - [TEST_STEP][PASSED] - click(findTestObject("Actpol_Scripts/Opsporing/MBES18/1 Registratie/registratie tab")): Object: 'Object Repository/Actpol_Scripts/Opsporing/MBES18/1 Registratie/registratie tab' is clicked on&#xD;
&#xD;
2019-09-05 19:34:54 - [MESSAGE][PASSED] - Object: 'Object Repository/Actpol_Scripts/Opsporing/MBES18/1 Registratie/registratie tab' is clicked on&#xD;
&#xD;
2019-09-05 19:34:54 - [TEST_STEP][PASSED] - delay(1): Delayed 1 second(s)&#xD;
&#xD;
2019-09-05 19:34:55 - [MESSAGE][PASSED] - Delayed 1 second(s)&#xD;
&#xD;
2019-09-05 19:34:55 - [TEST_STEP][PASSED] - click(findTestObject("Actpol_Scripts/Opsporing/MBES18/2 Personalia/Personalia tab")): Object: 'Object Repository/Actpol_Scripts/Opsporing/MBES18/2 Personalia/Personalia tab' is clicked on&#xD;
&#xD;
2019-09-05 19:34:56 - [MESSAGE][PASSED] - Object: 'Object Repository/Actpol_Scripts/Opsporing/MBES18/2 Personalia/Personalia tab' is clicked on&#xD;
&#xD;
2019-09-05 19:34:56 - [TEST_STEP][PASSED] - delay(2): Delayed 2 second(s)&#xD;
&#xD;
2019-09-05 19:34:58 - [MESSAGE][PASSED] - Delayed 2 second(s)&#xD;
&#xD;
2019-09-05 19:34:58 - [TEST_STEP][PASSED] - setText(findTestObject("Actpol_Scripts/Opsporing/MBES18/2 Personalia/Achternaam text"), "aa"): Text 'aa' is set on object 'Object Repository/Actpol_Scripts/Opsporing/MBES18/2 Personalia/Achternaam text'&#xD;
&#xD;
2019-09-05 19:34:59 - [MESSAGE][PASSED] - Text 'aa' is set on object 'Object Repository/Actpol_Scripts/Opsporing/MBES18/2 Personalia/Achternaam text'&#xD;
&#xD;
2019-09-05 19:34:59 - [TEST_STEP][PASSED] - delay(2): Delayed 2 second(s)&#xD;
&#xD;
2019-09-05 19:35:01 - [MESSAGE][PASSED] - Delayed 2 second(s)&#xD;
&#xD;
2019-09-05 19:35:01 - [TEST_STEP][PASSED] - click(findTestObject("Actpol_Scripts/Opsporing/MBES18/2 Personalia/Achternaam text lb")): Object: 'Object Repository/Actpol_Scripts/Opsporing/MBES18/2 Personalia/Achternaam text lb' is clicked on&#xD;
&#xD;
2019-09-05 19:35:02 - [MESSAGE][PASSED] - Object: 'Object Repository/Actpol_Scripts/Opsporing/MBES18/2 Personalia/Achternaam text lb' is clicked on&#xD;
&#xD;
2019-09-05 19:35:02 - [TEST_STEP][PASSED] - delay(1): Delayed 1 second(s)&#xD;
&#xD;
2019-09-05 19:35:03 - [MESSAGE][PASSED] - Delayed 1 second(s)&#xD;
&#xD;
2019-09-05 19:35:03 - [TEST_STEP][PASSED] - setText(findTestObject("Actpol_Scripts/Opsporing/MBES18/2 Personalia/Garantsteller new"), "aa"): Text 'aa' is set on object 'Object Repository/Actpol_Scripts/Opsporing/MBES18/2 Personalia/Garantsteller new'&#xD;
&#xD;
2019-09-05 19:35:04 - [MESSAGE][PASSED] - Text 'aa' is set on object 'Object Repository/Actpol_Scripts/Opsporing/MBES18/2 Personalia/Garantsteller new'&#xD;
&#xD;
2019-09-05 19:35:04 - [TEST_STEP][PASSED] - delay(2): Delayed 2 second(s)&#xD;
&#xD;
2019-09-05 19:35:06 - [MESSAGE][PASSED] - Delayed 2 second(s)&#xD;
&#xD;
2019-09-05 19:35:06 - [TEST_STEP][PASSED] - click(findTestObject("Actpol_Scripts/Opsporing/MBES18/2 Personalia/Garantsteller new lb")): Object: 'Object Repository/Actpol_Scripts/Opsporing/MBES18/2 Personalia/Garantsteller new lb' is clicked on&#xD;
&#xD;
2019-09-05 19:35:07 - [MESSAGE][PASSED] - Object: 'Object Repository/Actpol_Scripts/Opsporing/MBES18/2 Personalia/Garantsteller new lb' is clicked on&#xD;
&#xD;
2019-09-05 19:35:08 - [TEST_STEP][PASSED] - delay(1): Delayed 1 second(s)&#xD;
&#xD;
2019-09-05 19:35:09 - [MESSAGE][PASSED] - Delayed 1 second(s)&#xD;
&#xD;
2019-09-05 19:35:09 - [TEST_STEP][PASSED] - scrollToPosition(10, 7): Browser is scrolled to position x = 10, y = 7&#xD;
&#xD;
2019-09-05 19:35:10 - [MESSAGE][PASSED] - Browser is scrolled to position x = 10, y = 7&#xD;
&#xD;
2019-09-05 19:35:10 - [TEST_STEP][PASSED] - delay(1): Delayed 1 second(s)&#xD;
&#xD;
2019-09-05 19:35:11 - [MESSAGE][PASSED] - Delayed 1 second(s)&#xD;
&#xD;
2019-09-05 19:35:11 - [TEST_STEP][PASSED] - click(findTestObject("Actpol_Scripts/Opsporing/MBES18/2 Personalia/Personalia tab")): Object: 'Object Repository/Actpol_Scripts/Opsporing/MBES18/2 Personalia/Personalia tab' is clicked on&#xD;
&#xD;
2019-09-05 19:35:12 - [MESSAGE][PASSED] - Object: 'Object Repository/Actpol_Scripts/Opsporing/MBES18/2 Personalia/Personalia tab' is clicked on&#xD;
&#xD;
2019-09-05 19:35:12 - [TEST_STEP][PASSED] - delay(1): Delayed 1 second(s)&#xD;
&#xD;
2019-09-05 19:35:13 - [MESSAGE][PASSED] - Delayed 1 second(s)&#xD;
&#xD;
2019-09-05 19:35:13 - [TEST_STEP][PASSED] - click(findTestObject("Actpol_Scripts/Opsporing/MBES18/3 INBEWARINGSTELLINGS_C.Q._PLAATSINGSGEGEVENS/INBEWARINGSTELLINGS C.Q. PLAATSINGSGEGEVENS tab")): Object: 'Object Repository/Actpol_Scripts/Opsporing/MBES18/3 INBEWARINGSTELLINGS_C.Q._PLAATSINGSGEGEVENS/INBEWARINGSTELLINGS C.Q. PLAATSINGSGEGEVENS tab' is clicked on&#xD;
&#xD;
2019-09-05 19:35:14 - [MESSAGE][PASSED] - Object: 'Object Repository/Actpol_Scripts/Opsporing/MBES18/3 INBEWARINGSTELLINGS_C.Q._PLAATSINGSGEGEVENS/INBEWARINGSTELLINGS C.Q. PLAATSINGSGEGEVENS tab' is clicked on&#xD;
&#xD;
2019-09-05 19:35:14 - [TEST_STEP][PASSED] - delay(2): Delayed 2 second(s)&#xD;
&#xD;
2019-09-05 19:35:16 - [MESSAGE][PASSED] - Delayed 2 second(s)&#xD;
&#xD;
2019-09-05 19:35:16 - [TEST_STEP][PASSED] - comment("INBEWARINGSTELLINGS C.Q. PLAATSINGSGEGEVENS tab data filling"): INBEWARINGSTELLINGS C.Q. PLAATSINGSGEGEVENS tab data filling&#xD;
&#xD;
2019-09-05 19:35:16 - [MESSAGE][INFO] - INBEWARINGSTELLINGS C.Q. PLAATSINGSGEGEVENS tab data filling&#xD;
&#xD;
2019-09-05 19:35:16 - [TEST_STEP][PASSED] - delay(1): Delayed 1 second(s)&#xD;
&#xD;
2019-09-05 19:35:17 - [MESSAGE][PASSED] - Delayed 1 second(s)&#xD;
&#xD;
2019-09-05 19:35:17 - [TEST_STEP][PASSED] - setText(findTestObject("Actpol_Scripts/Opsporing/MBES18/3 INBEWARINGSTELLINGS_C.Q._PLAATSINGSGEGEVENS/Inbewaringstelling sinds"), "02/09/2019"): Text '02/09/2019' is set on object 'Object Repository/Actpol_Scripts/Opsporing/MBES18/3 INBEWARINGSTELLINGS_C.Q._PLAATSINGSGEGEVENS/Inbewaringstelling sinds'&#xD;
&#xD;
2019-09-05 19:35:18 - [MESSAGE][PASSED] - Text '02/09/2019' is set on object 'Object Repository/Actpol_Scripts/Opsporing/MBES18/3 INBEWARINGSTELLINGS_C.Q._PLAATSINGSGEGEVENS/Inbewaringstelling sinds'&#xD;
&#xD;
2019-09-05 19:35:18 - [TEST_STEP][PASSED] - delay(1): Delayed 1 second(s)&#xD;
&#xD;
2019-09-05 19:35:19 - [MESSAGE][PASSED] - Delayed 1 second(s)&#xD;
&#xD;
2019-09-05 19:35:19 - [TEST_STEP][PASSED] - setText(findTestObject("Actpol_Scripts/Opsporing/MBES18/3 INBEWARINGSTELLINGS_C.Q._PLAATSINGSGEGEVENS/Plaatsing sinds"), "testing :: Plaatsing sinds"): Text 'testing :: Plaatsing sinds' is set on object 'Object Repository/Actpol_Scripts/Opsporing/MBES18/3 INBEWARINGSTELLINGS_C.Q._PLAATSINGSGEGEVENS/Plaatsing sinds'&#xD;
&#xD;
2019-09-05 19:35:21 - [MESSAGE][PASSED] - Text 'testing :: Plaatsing sinds' is set on object 'Object Repository/Actpol_Scripts/Opsporing/MBES18/3 INBEWARINGSTELLINGS_C.Q._PLAATSINGSGEGEVENS/Plaatsing sinds'&#xD;
&#xD;
2019-09-05 19:35:21 - [TEST_STEP][PASSED] - comment("Checking dropdown"): Checking dropdown&#xD;
&#xD;
2019-09-05 19:35:21 - [MESSAGE][INFO] - Checking dropdown&#xD;
&#xD;
2019-09-05 19:35:21 - [TEST_STEP][PASSED] - delay(1): Delayed 1 second(s)&#xD;
&#xD;
2019-09-05 19:35:22 - [MESSAGE][PASSED] - Delayed 1 second(s)&#xD;
&#xD;
2019-09-05 19:35:22 - [TEST_STEP][PASSED] - setText(findTestObject("Actpol_Scripts/Opsporing/MBES18/3 INBEWARINGSTELLINGS_C.Q._PLAATSINGSGEGEVENS/Op grond van artikel WTU-BES"), "a"): Text 'a' is set on object 'Object Repository/Actpol_Scripts/Opsporing/MBES18/3 INBEWARINGSTELLINGS_C.Q._PLAATSINGSGEGEVENS/Op grond van artikel WTU-BES'&#xD;
&#xD;
2019-09-05 19:35:23 - [MESSAGE][PASSED] - Text 'a' is set on object 'Object Repository/Actpol_Scripts/Opsporing/MBES18/3 INBEWARINGSTELLINGS_C.Q._PLAATSINGSGEGEVENS/Op grond van artikel WTU-BES'&#xD;
&#xD;
2019-09-05 19:35:23 - [TEST_STEP][PASSED] - delay(2): Delayed 2 second(s)&#xD;
&#xD;
2019-09-05 19:35:25 - [MESSAGE][PASSED] - Delayed 2 second(s)&#xD;
&#xD;
2019-09-05 19:35:25 - [TEST_STEP][PASSED] - click(findTestObject("Actpol_Scripts/Opsporing/MBES18/3 INBEWARINGSTELLINGS_C.Q._PLAATSINGSGEGEVENS/Op grond van artikel WTU-BES lb")): Object: 'Object Repository/Actpol_Scripts/Opsporing/MBES18/3 INBEWARINGSTELLINGS_C.Q._PLAATSINGSGEGEVENS/Op grond van artikel WTU-BES lb' is clicked on&#xD;
&#xD;
2019-09-05 19:35:26 - [MESSAGE][PASSED] - Object: 'Object Repository/Actpol_Scripts/Opsporing/MBES18/3 INBEWARINGSTELLINGS_C.Q._PLAATSINGSGEGEVENS/Op grond van artikel WTU-BES lb' is clicked on&#xD;
&#xD;
2019-09-05 19:35:26 - [TEST_STEP][PASSED] - delay(2): Delayed 2 second(s)&#xD;
&#xD;
2019-09-05 19:35:28 - [MESSAGE][PASSED] - Delayed 2 second(s)&#xD;
&#xD;
2019-09-05 19:35:28 - [TEST_STEP][PASSED] - setText(findTestObject("Actpol_Scripts/Opsporing/MBES18/3 INBEWARINGSTELLINGS_C.Q._PLAATSINGSGEGEVENS/Datum aan_staandehouding Datum grensweigering"), "02/09/2019"): Text '02/09/2019' is set on object 'Object Repository/Actpol_Scripts/Opsporing/MBES18/3 INBEWARINGSTELLINGS_C.Q._PLAATSINGSGEGEVENS/Datum aan_staandehouding Datum grensweigering'&#xD;
&#xD;
2019-09-05 19:35:29 - [MESSAGE][PASSED] - Text '02/09/2019' is set on object 'Object Repository/Actpol_Scripts/Opsporing/MBES18/3 INBEWARINGSTELLINGS_C.Q._PLAATSINGSGEGEVENS/Datum aan_staandehouding Datum grensweigering'&#xD;
&#xD;
2019-09-05 19:35:29 - [TEST_STEP][PASSED] - delay(1): Delayed 1 second(s)&#xD;
&#xD;
2019-09-05 19:35:30 - [MESSAGE][PASSED] - Delayed 1 second(s)&#xD;
&#xD;
2019-09-05 19:35:30 - [TEST_STEP][PASSED] - setText(findTestObject("Actpol_Scripts/Opsporing/MBES18/3 INBEWARINGSTELLINGS_C.Q._PLAATSINGSGEGEVENS/Reden aan_staandehouding Reden grensweigering"), "testing :: Reden aan_staandehouding Reden grensweigering"): Text 'testing :: Reden aan_staandehouding Reden grensweigering' is set on object 'Object Repository/Actpol_Scripts/Opsporing/MBES18/3 INBEWARINGSTELLINGS_C.Q._PLAATSINGSGEGEVENS/Reden aan_staandehouding Reden grensweigering'&#xD;
&#xD;
2019-09-05 19:35:33 - [MESSAGE][PASSED] - Text 'testing :: Reden aan_staandehouding Reden grensweigering' is set on object 'Object Repository/Actpol_Scripts/Opsporing/MBES18/3 INBEWARINGSTELLINGS_C.Q._PLAATSINGSGEGEVENS/Reden aan_staandehouding Reden grensweigering'&#xD;
&#xD;
2019-09-05 19:35:33 - [TEST_STEP][PASSED] - delay(1): Delayed 1 second(s)&#xD;
&#xD;
2019-09-05 19:35:34 - [MESSAGE][PASSED] - Delayed 1 second(s)&#xD;
&#xD;
2019-09-05 19:35:34 - [TEST_STEP][PASSED] - setText(findTestObject("Actpol_Scripts/Opsporing/MBES18/3 INBEWARINGSTELLINGS_C.Q._PLAATSINGSGEGEVENS/Inbewaringstellings-locatie"), "a"): Text 'a' is set on object 'Object Repository/Actpol_Scripts/Opsporing/MBES18/3 INBEWARINGSTELLINGS_C.Q._PLAATSINGSGEGEVENS/Inbewaringstellings-locatie'&#xD;
&#xD;
2019-09-05 19:35:34 - [MESSAGE][PASSED] - Text 'a' is set on object 'Object Repository/Actpol_Scripts/Opsporing/MBES18/3 INBEWARINGSTELLINGS_C.Q._PLAATSINGSGEGEVENS/Inbewaringstellings-locatie'&#xD;
&#xD;
2019-09-05 19:35:34 - [TEST_STEP][PASSED] - delay(2): Delayed 2 second(s)&#xD;
&#xD;
2019-09-05 19:35:36 - [MESSAGE][PASSED] - Delayed 2 second(s)&#xD;
&#xD;
2019-09-05 19:35:36 - [TEST_STEP][PASSED] - click(findTestObject("Actpol_Scripts/Opsporing/MBES18/3 INBEWARINGSTELLINGS_C.Q._PLAATSINGSGEGEVENS/Inbewaringstellings-locatie lb")): Object: 'Object Repository/Actpol_Scripts/Opsporing/MBES18/3 INBEWARINGSTELLINGS_C.Q._PLAATSINGSGEGEVENS/Inbewaringstellings-locatie lb' is clicked on&#xD;
&#xD;
2019-09-05 19:35:37 - [MESSAGE][PASSED] - Object: 'Object Repository/Actpol_Scripts/Opsporing/MBES18/3 INBEWARINGSTELLINGS_C.Q._PLAATSINGSGEGEVENS/Inbewaringstellings-locatie lb' is clicked on&#xD;
&#xD;
2019-09-05 19:35:37 - [TEST_STEP][PASSED] - delay(2): Delayed 2 second(s)&#xD;
&#xD;
2019-09-05 19:35:39 - [MESSAGE][PASSED] - Delayed 2 second(s)&#xD;
&#xD;
2019-09-05 19:35:39 - [TEST_STEP][PASSED] - setText(findTestObject("Actpol_Scripts/Opsporing/MBES18/3 INBEWARINGSTELLINGS_C.Q._PLAATSINGSGEGEVENS/Naam advocaat"), "testing :: Naam advocaat"): Text 'testing :: Naam advocaat' is set on object 'Object Repository/Actpol_Scripts/Opsporing/MBES18/3 INBEWARINGSTELLINGS_C.Q._PLAATSINGSGEGEVENS/Naam advocaat'&#xD;
&#xD;
2019-09-05 19:35:41 - [MESSAGE][PASSED] - Text 'testing :: Naam advocaat' is set on object 'Object Repository/Actpol_Scripts/Opsporing/MBES18/3 INBEWARINGSTELLINGS_C.Q._PLAATSINGSGEGEVENS/Naam advocaat'&#xD;
&#xD;
2019-09-05 19:35:41 - [TEST_STEP][PASSED] - delay(1): Delayed 1 second(s)&#xD;
&#xD;
2019-09-05 19:35:42 - [MESSAGE][PASSED] - Delayed 1 second(s)&#xD;
&#xD;
2019-09-05 19:35:42 - [TEST_STEP][PASSED] - setText(findTestObject("Actpol_Scripts/Opsporing/MBES18/3 INBEWARINGSTELLINGS_C.Q._PLAATSINGSGEGEVENS/advocaat telefoonnummer"), "985213647"): Text '985213647' is set on object 'Object Repository/Actpol_Scripts/Opsporing/MBES18/3 INBEWARINGSTELLINGS_C.Q._PLAATSINGSGEGEVENS/advocaat telefoonnummer'&#xD;
&#xD;
2019-09-05 19:35:43 - [MESSAGE][PASSED] - Text '985213647' is set on object 'Object Repository/Actpol_Scripts/Opsporing/MBES18/3 INBEWARINGSTELLINGS_C.Q._PLAATSINGSGEGEVENS/advocaat telefoonnummer'&#xD;
&#xD;
2019-09-05 19:35:43 - [TEST_STEP][PASSED] - delay(1): Delayed 1 second(s)&#xD;
&#xD;
2019-09-05 19:35:44 - [MESSAGE][PASSED] - Delayed 1 second(s)&#xD;
&#xD;
2019-09-05 19:35:44 - [TEST_STEP][PASSED] - setText(findTestObject("Actpol_Scripts/Opsporing/MBES18/3 INBEWARINGSTELLINGS_C.Q._PLAATSINGSGEGEVENS/Naam ambtenaar KPCN _KmarCarib"), "testing :: Naam ambtenaar KPCN /KmarCarib"): Text 'testing :: Naam ambtenaar KPCN /KmarCarib' is set on object 'Object Repository/Actpol_Scripts/Opsporing/MBES18/3 INBEWARINGSTELLINGS_C.Q._PLAATSINGSGEGEVENS/Naam ambtenaar KPCN _KmarCarib'&#xD;
&#xD;
2019-09-05 19:35:48 - [MESSAGE][PASSED] - Text 'testing :: Naam ambtenaar KPCN /KmarCarib' is set on object 'Object Repository/Actpol_Scripts/Opsporing/MBES18/3 INBEWARINGSTELLINGS_C.Q._PLAATSINGSGEGEVENS/Naam ambtenaar KPCN _KmarCarib'&#xD;
&#xD;
2019-09-05 19:35:48 - [TEST_STEP][PASSED] - delay(1): Delayed 1 second(s)&#xD;
&#xD;
2019-09-05 19:35:49 - [MESSAGE][PASSED] - Delayed 1 second(s)&#xD;
&#xD;
2019-09-05 19:35:49 - [TEST_STEP][PASSED] - setText(findTestObject("Actpol_Scripts/Opsporing/MBES18/3 INBEWARINGSTELLINGS_C.Q._PLAATSINGSGEGEVENS/Bekend bij IND-CN in het kader van"), "testing :: Bekend bij IND-CN in het kader van toelating/bescherming"): Text 'testing :: Bekend bij IND-CN in het kader van toelating/bescherming' is set on object 'Object Repository/Actpol_Scripts/Opsporing/MBES18/3 INBEWARINGSTELLINGS_C.Q._PLAATSINGSGEGEVENS/Bekend bij IND-CN in het kader van'&#xD;
&#xD;
2019-09-05 19:35:52 - [MESSAGE][PASSED] - Text 'testing :: Bekend bij IND-CN in het kader van toelating/bescherming' is set on object 'Object Repository/Actpol_Scripts/Opsporing/MBES18/3 INBEWARINGSTELLINGS_C.Q._PLAATSINGSGEGEVENS/Bekend bij IND-CN in het kader van'&#xD;
&#xD;
2019-09-05 19:35:52 - [TEST_STEP][PASSED] - delay(2): Delayed 2 second(s)&#xD;
&#xD;
2019-09-05 19:35:54 - [MESSAGE][PASSED] - Delayed 2 second(s)&#xD;
&#xD;
2019-09-05 19:35:54 - [TEST_STEP][PASSED] - setText(findTestObject("Actpol_Scripts/Opsporing/MBES18/3 INBEWARINGSTELLINGS_C.Q._PLAATSINGSGEGEVENS/Datum beeindiging rechtmatig verblijf"), "02/09/2019"): Text '02/09/2019' is set on object 'Object Repository/Actpol_Scripts/Opsporing/MBES18/3 INBEWARINGSTELLINGS_C.Q._PLAATSINGSGEGEVENS/Datum beeindiging rechtmatig verblijf'&#xD;
&#xD;
2019-09-05 19:35:55 - [MESSAGE][PASSED] - Text '02/09/2019' is set on object 'Object Repository/Actpol_Scripts/Opsporing/MBES18/3 INBEWARINGSTELLINGS_C.Q._PLAATSINGSGEGEVENS/Datum beeindiging rechtmatig verblijf'&#xD;
&#xD;
2019-09-05 19:35:55 - [TEST_STEP][PASSED] - delay(2): Delayed 2 second(s)&#xD;
&#xD;
2019-09-05 19:35:57 - [MESSAGE][PASSED] - Delayed 2 second(s)&#xD;
&#xD;
2019-09-05 19:35:57 - [TEST_STEP][PASSED] - scrollToPosition(10, 7): Browser is scrolled to position x = 10, y = 7&#xD;
&#xD;
2019-09-05 19:35:57 - [MESSAGE][PASSED] - Browser is scrolled to position x = 10, y = 7&#xD;
&#xD;
2019-09-05 19:35:57 - [TEST_STEP][PASSED] - click(findTestObject("Actpol_Scripts/Opsporing/MBES18/3 INBEWARINGSTELLINGS_C.Q._PLAATSINGSGEGEVENS/INBEWARINGSTELLINGS C.Q. PLAATSINGSGEGEVENS tab")): Object: 'Object Repository/Actpol_Scripts/Opsporing/MBES18/3 INBEWARINGSTELLINGS_C.Q._PLAATSINGSGEGEVENS/INBEWARINGSTELLINGS C.Q. PLAATSINGSGEGEVENS tab' is clicked on&#xD;
&#xD;
2019-09-05 19:35:58 - [MESSAGE][PASSED] - Object: 'Object Repository/Actpol_Scripts/Opsporing/MBES18/3 INBEWARINGSTELLINGS_C.Q._PLAATSINGSGEGEVENS/INBEWARINGSTELLINGS C.Q. PLAATSINGSGEGEVENS tab' is clicked on&#xD;
&#xD;
2019-09-05 19:35:58 - [TEST_STEP][PASSED] - delay(1): Delayed 1 second(s)&#xD;
&#xD;
2019-09-05 19:35:59 - [MESSAGE][PASSED] - Delayed 1 second(s)&#xD;
&#xD;
2019-09-05 19:35:59 - [TEST_STEP][PASSED] - click(findTestObject("Actpol_Scripts/Opsporing/MBES18/4 GEDRAG_MEDISCH/GEDRAG MEDISCH tab"), OPTIONAL): Object: 'Object Repository/Actpol_Scripts/Opsporing/MBES18/4 GEDRAG_MEDISCH/GEDRAG MEDISCH tab' is clicked on&#xD;
&#xD;
2019-09-05 19:36:01 - [MESSAGE][PASSED] - Object: 'Object Repository/Actpol_Scripts/Opsporing/MBES18/4 GEDRAG_MEDISCH/GEDRAG MEDISCH tab' is clicked on&#xD;
&#xD;
2019-09-05 19:36:01 - [TEST_STEP][PASSED] - delay(2): Delayed 2 second(s)&#xD;
&#xD;
2019-09-05 19:36:03 - [MESSAGE][PASSED] - Delayed 2 second(s)&#xD;
&#xD;
2019-09-05 19:36:03 - [TEST_STEP][PASSED] - comment("Checking jaa validation"): Checking jaa validation&#xD;
&#xD;
2019-09-05 19:36:03 - [MESSAGE][INFO] - Checking jaa validation&#xD;
&#xD;
2019-09-05 19:36:03 - [TEST_STEP][PASSED] - for ([i = 1, i &lt;= 21, (i++)]): Object: 'Object Repository/Actpol_Scripts/Opsporing/MBES18/test' is clicked on&#xD;
&#xD;
2019-09-05 19:36:03 - [TEST_STEP][PASSED] - AssistentiedynamicId = i: null&#xD;
&#xD;
2019-09-05 19:36:03 - [TEST_STEP][PASSED] - Assistentiexpath = "//*[@id="MiddelenAUform"]/table/tbody/tr[" + AssistentiedynamicId + "]/td[2]/input[1]": null&#xD;
&#xD;
2019-09-05 19:36:03 - [TEST_STEP][PASSED] - println(Assistentiexpath): null&#xD;
&#xD;
2019-09-05 19:36:04 - [TEST_STEP][PASSED] - to = findTestObject("Actpol_Scripts/Opsporing/MBES18/test"): null&#xD;
&#xD;
2019-09-05 19:36:04 - [TEST_STEP][PASSED] - to.addProperty("xpath", EQUALS, Assistentiexpath): null&#xD;
&#xD;
2019-09-05 19:36:05 - [TEST_STEP][PASSED] - value1 = getAttribute(to, "value"): Attribute 'value' of object 'Object Repository/Actpol_Scripts/Opsporing/MBES18/test' is: 'J'&#xD;
&#xD;
2019-09-05 19:36:05 - [MESSAGE][PASSED] - Attribute 'value' of object 'Object Repository/Actpol_Scripts/Opsporing/MBES18/test' is: 'J'&#xD;
&#xD;
2019-09-05 19:36:05 - [TEST_STEP][PASSED] - println(value1): null&#xD;
&#xD;
2019-09-05 19:36:05 - [TEST_STEP][PASSED] - value2 = "J": null&#xD;
&#xD;
2019-09-05 19:36:05 - [TEST_STEP][PASSED] - if (value1 == value2): Object: 'Object Repository/Actpol_Scripts/Opsporing/MBES18/test' is clicked on&#xD;
&#xD;
2019-09-05 19:36:05 - [TEST_STEP][PASSED] - click(to): Object: 'Object Repository/Actpol_Scripts/Opsporing/MBES18/test' is clicked on&#xD;
&#xD;
2019-09-05 19:36:05 - [MESSAGE][PASSED] - Object: 'Object Repository/Actpol_Scripts/Opsporing/MBES18/test' is clicked on&#xD;
&#xD;
2019-09-05 19:36:05 - [TEST_STEP][PASSED] - AssistentiedynamicId = i: null&#xD;
&#xD;
2019-09-05 19:36:05 - [TEST_STEP][PASSED] - Assistentiexpath = "//*[@id="MiddelenAUform"]/table/tbody/tr[" + AssistentiedynamicId + "]/td[2]/input[1]": null&#xD;
&#xD;
2019-09-05 19:36:06 - [TEST_STEP][PASSED] - println(Assistentiexpath): null&#xD;
&#xD;
2019-09-05 19:36:06 - [TEST_STEP][PASSED] - to = findTestObject("Actpol_Scripts/Opsporing/MBES18/test"): null&#xD;
&#xD;
2019-09-05 19:36:06 - [TEST_STEP][PASSED] - to.addProperty("xpath", EQUALS, Assistentiexpath): null&#xD;
&#xD;
2019-09-05 19:36:06 - [TEST_STEP][PASSED] - value1 = getAttribute(to, "value"): Attribute 'value' of object 'Object Repository/Actpol_Scripts/Opsporing/MBES18/test' is: ''&#xD;
&#xD;
2019-09-05 19:36:06 - [MESSAGE][PASSED] - Attribute 'value' of object 'Object Repository/Actpol_Scripts/Opsporing/MBES18/test' is: ''&#xD;
&#xD;
2019-09-05 19:36:06 - [TEST_STEP][PASSED] - println(value1): null&#xD;
&#xD;
2019-09-05 19:36:06 - [TEST_STEP][PASSED] - value2 = "J": null&#xD;
&#xD;
2019-09-05 19:36:06 - [TEST_STEP][PASSED] - if (value1 == value2): null&#xD;
&#xD;
2019-09-05 19:36:06 - [TEST_STEP][PASSED] - else: Text 'katalon testing' is set on object 'Object Repository/Actpol_Scripts/Opsporing/MBES18/test'&#xD;
&#xD;
2019-09-05 19:36:06 - [TEST_STEP][PASSED] - setText(to, "katalon testing"): Text 'katalon testing' is set on object 'Object Repository/Actpol_Scripts/Opsporing/MBES18/test'&#xD;
&#xD;
2019-09-05 19:36:07 - [MESSAGE][PASSED] - Text 'katalon testing' is set on object 'Object Repository/Actpol_Scripts/Opsporing/MBES18/test'&#xD;
&#xD;
2019-09-05 19:36:07 - [TEST_STEP][PASSED] - AssistentiedynamicId = i: null&#xD;
&#xD;
2019-09-05 19:36:07 - [TEST_STEP][PASSED] - Assistentiexpath = "//*[@id="MiddelenAUform"]/table/tbody/tr[" + AssistentiedynamicId + "]/td[2]/input[1]": null&#xD;
&#xD;
2019-09-05 19:36:07 - [TEST_STEP][PASSED] - println(Assistentiexpath): null&#xD;
&#xD;
2019-09-05 19:36:07 - [TEST_STEP][PASSED] - to = findTestObject("Actpol_Scripts/Opsporing/MBES18/test"): null&#xD;
&#xD;
2019-09-05 19:36:07 - [TEST_STEP][PASSED] - to.addProperty("xpath", EQUALS, Assistentiexpath): null&#xD;
&#xD;
2019-09-05 19:36:07 - [TEST_STEP][PASSED] - value1 = getAttribute(to, "value"): Attribute 'value' of object 'Object Repository/Actpol_Scripts/Opsporing/MBES18/test' is: 'J'&#xD;
&#xD;
2019-09-05 19:36:08 - [MESSAGE][PASSED] - Attribute 'value' of object 'Object Repository/Actpol_Scripts/Opsporing/MBES18/test' is: 'J'&#xD;
&#xD;
2019-09-05 19:36:08 - [TEST_STEP][PASSED] - println(value1): null&#xD;
&#xD;
2019-09-05 19:36:08 - [TEST_STEP][PASSED] - value2 = "J": null&#xD;
&#xD;
2019-09-05 19:36:08 - [TEST_STEP][PASSED] - if (value1 == value2): Object: 'Object Repository/Actpol_Scripts/Opsporing/MBES18/test' is clicked on&#xD;
&#xD;
2019-09-05 19:36:08 - [TEST_STEP][PASSED] - click(to): Object: 'Object Repository/Actpol_Scripts/Opsporing/MBES18/test' is clicked on&#xD;
&#xD;
2019-09-05 19:36:08 - [MESSAGE][PASSED] - Object: 'Object Repository/Actpol_Scripts/Opsporing/MBES18/test' is clicked on&#xD;
&#xD;
2019-09-05 19:36:08 - [TEST_STEP][PASSED] - AssistentiedynamicId = i: null&#xD;
&#xD;
2019-09-05 19:36:08 - [TEST_STEP][PASSED] - Assistentiexpath = "//*[@id="MiddelenAUform"]/table/tbody/tr[" + AssistentiedynamicId + "]/td[2]/input[1]": null&#xD;
&#xD;
2019-09-05 19:36:08 - [TEST_STEP][PASSED] - println(Assistentiexpath): null&#xD;
&#xD;
2019-09-05 19:36:08 - [TEST_STEP][PASSED] - to = findTestObject("Actpol_Scripts/Opsporing/MBES18/test"): null&#xD;
&#xD;
2019-09-05 19:36:08 - [TEST_STEP][PASSED] - to.addProperty("xpath", EQUALS, Assistentiexpath): null&#xD;
&#xD;
2019-09-05 19:36:08 - [TEST_STEP][PASSED] - value1 = getAttribute(to, "value"): Attribute 'value' of object 'Object Repository/Actpol_Scripts/Opsporing/MBES18/test' is: ''&#xD;
&#xD;
2019-09-05 19:36:09 - [MESSAGE][PASSED] - Attribute 'value' of object 'Object Repository/Actpol_Scripts/Opsporing/MBES18/test' is: ''&#xD;
&#xD;
2019-09-05 19:36:09 - [TEST_STEP][PASSED] - println(value1): null&#xD;
&#xD;
2019-09-05 19:36:09 - [TEST_STEP][PASSED] - value2 = "J": null&#xD;
&#xD;
2019-09-05 19:36:09 - [TEST_STEP][PASSED] - if (value1 == value2): null&#xD;
&#xD;
2019-09-05 19:36:09 - [TEST_STEP][PASSED] - else: Text 'katalon testing' is set on object 'Object Repository/Actpol_Scripts/Opsporing/MBES18/test'&#xD;
&#xD;
2019-09-05 19:36:09 - [TEST_STEP][PASSED] - setText(to, "katalon testing"): Text 'katalon testing' is set on object 'Object Repository/Actpol_Scripts/Opsporing/MBES18/test'&#xD;
&#xD;
2019-09-05 19:36:10 - [MESSAGE][PASSED] - Text 'katalon testing' is set on object 'Object Repository/Actpol_Scripts/Opsporing/MBES18/test'&#xD;
&#xD;
2019-09-05 19:36:10 - [TEST_STEP][PASSED] - AssistentiedynamicId = i: null&#xD;
&#xD;
2019-09-05 19:36:10 - [TEST_STEP][PASSED] - Assistentiexpath = "//*[@id="MiddelenAUform"]/table/tbody/tr[" + AssistentiedynamicId + "]/td[2]/input[1]": null&#xD;
&#xD;
2019-09-05 19:36:10 - [TEST_STEP][PASSED] - println(Assistentiexpath): null&#xD;
&#xD;
2019-09-05 19:36:10 - [TEST_STEP][PASSED] - to = findTestObject("Actpol_Scripts/Opsporing/MBES18/test"): null&#xD;
&#xD;
2019-09-05 19:36:10 - [TEST_STEP][PASSED] - to.addProperty("xpath", EQUALS, Assistentiexpath): null&#xD;
&#xD;
2019-09-05 19:36:10 - [TEST_STEP][PASSED] - value1 = getAttribute(to, "value"): Attribute 'value' of object 'Object Repository/Actpol_Scripts/Opsporing/MBES18/test' is: 'J'&#xD;
&#xD;
2019-09-05 19:36:10 - [MESSAGE][PASSED] - Attribute 'value' of object 'Object Repository/Actpol_Scripts/Opsporing/MBES18/test' is: 'J'&#xD;
&#xD;
2019-09-05 19:36:10 - [TEST_STEP][PASSED] - println(value1): null&#xD;
&#xD;
2019-09-05 19:36:10 - [TEST_STEP][PASSED] - value2 = "J": null&#xD;
&#xD;
2019-09-05 19:36:10 - [TEST_STEP][PASSED] - if (value1 == value2): Object: 'Object Repository/Actpol_Scripts/Opsporing/MBES18/test' is clicked on&#xD;
&#xD;
2019-09-05 19:36:10 - [TEST_STEP][PASSED] - click(to): Object: 'Object Repository/Actpol_Scripts/Opsporing/MBES18/test' is clicked on&#xD;
&#xD;
2019-09-05 19:36:11 - [MESSAGE][PASSED] - Object: 'Object Repository/Actpol_Scripts/Opsporing/MBES18/test' is clicked on&#xD;
&#xD;
2019-09-05 19:36:11 - [TEST_STEP][PASSED] - AssistentiedynamicId = i: null&#xD;
&#xD;
2019-09-05 19:36:11 - [TEST_STEP][PASSED] - Assistentiexpath = "//*[@id="MiddelenAUform"]/table/tbody/tr[" + AssistentiedynamicId + "]/td[2]/input[1]": null&#xD;
&#xD;
2019-09-05 19:36:11 - [TEST_STEP][PASSED] - println(Assistentiexpath): null&#xD;
&#xD;
2019-09-05 19:36:11 - [TEST_STEP][PASSED] - to = findTestObject("Actpol_Scripts/Opsporing/MBES18/test"): null&#xD;
&#xD;
2019-09-05 19:36:11 - [TEST_STEP][PASSED] - to.addProperty("xpath", EQUALS, Assistentiexpath): null&#xD;
&#xD;
2019-09-05 19:36:11 - [TEST_STEP][PASSED] - value1 = getAttribute(to, "value"): Attribute 'value' of object 'Object Repository/Actpol_Scripts/Opsporing/MBES18/test' is: 'J'&#xD;
&#xD;
2019-09-05 19:36:12 - [MESSAGE][PASSED] - Attribute 'value' of object 'Object Repository/Actpol_Scripts/Opsporing/MBES18/test' is: 'J'&#xD;
&#xD;
2019-09-05 19:36:12 - [TEST_STEP][PASSED] - println(value1): null&#xD;
&#xD;
2019-09-05 19:36:12 - [TEST_STEP][PASSED] - value2 = "J": null&#xD;
&#xD;
2019-09-05 19:36:12 - [TEST_STEP][PASSED] - if (value1 == value2): Object: 'Object Repository/Actpol_Scripts/Opsporing/MBES18/test' is clicked on&#xD;
&#xD;
2019-09-05 19:36:12 - [TEST_STEP][PASSED] - click(to): Object: 'Object Repository/Actpol_Scripts/Opsporing/MBES18/test' is clicked on&#xD;
&#xD;
2019-09-05 19:36:13 - [MESSAGE][PASSED] - Object: 'Object Repository/Actpol_Scripts/Opsporing/MBES18/test' is clicked on&#xD;
&#xD;
2019-09-05 19:36:13 - [TEST_STEP][PASSED] - AssistentiedynamicId = i: null&#xD;
&#xD;
2019-09-05 19:36:13 - [TEST_STEP][PASSED] - Assistentiexpath = "//*[@id="MiddelenAUform"]/table/tbody/tr[" + AssistentiedynamicId + "]/td[2]/input[1]": null&#xD;
&#xD;
2019-09-05 19:36:13 - [TEST_STEP][PASSED] - println(Assistentiexpath): null&#xD;
&#xD;
2019-09-05 19:36:13 - [TEST_STEP][PASSED] - to = findTestObject("Actpol_Scripts/Opsporing/MBES18/test"): null&#xD;
&#xD;
2019-09-05 19:36:14 - [TEST_STEP][PASSED] - to.addProperty("xpath", EQUALS, Assistentiexpath): null&#xD;
&#xD;
2019-09-05 19:36:14 - [TEST_STEP][PASSED] - value1 = getAttribute(to, "value"): Attribute 'value' of object 'Object Repository/Actpol_Scripts/Opsporing/MBES18/test' is: 'J'&#xD;
&#xD;
2019-09-05 19:36:14 - [MESSAGE][PASSED] - Attribute 'value' of object 'Object Repository/Actpol_Scripts/Opsporing/MBES18/test' is: 'J'&#xD;
&#xD;
2019-09-05 19:36:14 - [TEST_STEP][PASSED] - println(value1): null&#xD;
&#xD;
2019-09-05 19:36:14 - [TEST_STEP][PASSED] - value2 = "J": null&#xD;
&#xD;
2019-09-05 19:36:14 - [TEST_STEP][PASSED] - if (value1 == value2): Object: 'Object Repository/Actpol_Scripts/Opsporing/MBES18/test' is clicked on&#xD;
&#xD;
2019-09-05 19:36:14 - [TEST_STEP][PASSED] - click(to): Object: 'Object Repository/Actpol_Scripts/Opsporing/MBES18/test' is clicked on&#xD;
&#xD;
2019-09-05 19:36:15 - [MESSAGE][PASSED] - Object: 'Object Repository/Actpol_Scripts/Opsporing/MBES18/test' is clicked on&#xD;
&#xD;
2019-09-05 19:36:15 - [TEST_STEP][PASSED] - AssistentiedynamicId = i: null&#xD;
&#xD;
2019-09-05 19:36:15 - [TEST_STEP][PASSED] - Assistentiexpath = "//*[@id="MiddelenAUform"]/table/tbody/tr[" + AssistentiedynamicId + "]/td[2]/input[1]": null&#xD;
&#xD;
2019-09-05 19:36:15 - [TEST_STEP][PASSED] - println(Assistentiexpath): null&#xD;
&#xD;
2019-09-05 19:36:15 - [TEST_STEP][PASSED] - to = findTestObject("Actpol_Scripts/Opsporing/MBES18/test"): null&#xD;
&#xD;
2019-09-05 19:36:15 - [TEST_STEP][PASSED] - to.addProperty("xpath", EQUALS, Assistentiexpath): null&#xD;
&#xD;
2019-09-05 19:36:15 - [TEST_STEP][PASSED] - value1 = getAttribute(to, "value"): Attribute 'value' of object 'Object Repository/Actpol_Scripts/Opsporing/MBES18/test' is: 'J'&#xD;
&#xD;
2019-09-05 19:36:15 - [MESSAGE][PASSED] - Attribute 'value' of object 'Object Repository/Actpol_Scripts/Opsporing/MBES18/test' is: 'J'&#xD;
&#xD;
2019-09-05 19:36:15 - [TEST_STEP][PASSED] - println(value1): null&#xD;
&#xD;
2019-09-05 19:36:15 - [TEST_STEP][PASSED] - value2 = "J": null&#xD;
&#xD;
2019-09-05 19:36:15 - [TEST_STEP][PASSED] - if (value1 == value2): Object: 'Object Repository/Actpol_Scripts/Opsporing/MBES18/test' is clicked on&#xD;
&#xD;
2019-09-05 19:36:15 - [TEST_STEP][PASSED] - click(to): Object: 'Object Repository/Actpol_Scripts/Opsporing/MBES18/test' is clicked on&#xD;
&#xD;
2019-09-05 19:36:16 - [MESSAGE][PASSED] - Object: 'Object Repository/Actpol_Scripts/Opsporing/MBES18/test' is clicked on&#xD;
&#xD;
2019-09-05 19:36:16 - [TEST_STEP][PASSED] - AssistentiedynamicId = i: null&#xD;
&#xD;
2019-09-05 19:36:16 - [TEST_STEP][PASSED] - Assistentiexpath = "//*[@id="MiddelenAUform"]/table/tbody/tr[" + AssistentiedynamicId + "]/td[2]/input[1]": null&#xD;
&#xD;
2019-09-05 19:36:16 - [TEST_STEP][PASSED] - println(Assistentiexpath): null&#xD;
&#xD;
2019-09-05 19:36:16 - [TEST_STEP][PASSED] - to = findTestObject("Actpol_Scripts/Opsporing/MBES18/test"): null&#xD;
&#xD;
2019-09-05 19:36:16 - [TEST_STEP][PASSED] - to.addProperty("xpath", EQUALS, Assistentiexpath): null&#xD;
&#xD;
2019-09-05 19:36:16 - [TEST_STEP][PASSED] - value1 = getAttribute(to, "value"): Attribute 'value' of object 'Object Repository/Actpol_Scripts/Opsporing/MBES18/test' is: 'J'&#xD;
&#xD;
2019-09-05 19:36:16 - [MESSAGE][PASSED] - Attribute 'value' of object 'Object Repository/Actpol_Scripts/Opsporing/MBES18/test' is: 'J'&#xD;
&#xD;
2019-09-05 19:36:16 - [TEST_STEP][PASSED] - println(value1): null&#xD;
&#xD;
2019-09-05 19:36:16 - [TEST_STEP][PASSED] - value2 = "J": null&#xD;
&#xD;
2019-09-05 19:36:16 - [TEST_STEP][PASSED] - if (value1 == value2): Object: 'Object Repository/Actpol_Scripts/Opsporing/MBES18/test' is clicked on&#xD;
&#xD;
2019-09-05 19:36:16 - [TEST_STEP][PASSED] - click(to): Object: 'Object Repository/Actpol_Scripts/Opsporing/MBES18/test' is clicked on&#xD;
&#xD;
2019-09-05 19:36:17 - [MESSAGE][PASSED] - Object: 'Object Repository/Actpol_Scripts/Opsporing/MBES18/test' is clicked on&#xD;
&#xD;
2019-09-05 19:36:17 - [TEST_STEP][PASSED] - AssistentiedynamicId = i: null&#xD;
&#xD;
2019-09-05 19:36:17 - [TEST_STEP][PASSED] - Assistentiexpath = "//*[@id="MiddelenAUform"]/table/tbody/tr[" + AssistentiedynamicId + "]/td[2]/input[1]": null&#xD;
&#xD;
2019-09-05 19:36:17 - [TEST_STEP][PASSED] - println(Assistentiexpath): null&#xD;
&#xD;
2019-09-05 19:36:17 - [TEST_STEP][PASSED] - to = findTestObject("Actpol_Scripts/Opsporing/MBES18/test"): null&#xD;
&#xD;
2019-09-05 19:36:17 - [TEST_STEP][PASSED] - to.addProperty("xpath", EQUALS, Assistentiexpath): null&#xD;
&#xD;
2019-09-05 19:36:17 - [TEST_STEP][PASSED] - value1 = getAttribute(to, "value"): Attribute 'value' of object 'Object Repository/Actpol_Scripts/Opsporing/MBES18/test' is: 'J'&#xD;
&#xD;
2019-09-05 19:36:18 - [MESSAGE][PASSED] - Attribute 'value' of object 'Object Repository/Actpol_Scripts/Opsporing/MBES18/test' is: 'J'&#xD;
&#xD;
2019-09-05 19:36:18 - [TEST_STEP][PASSED] - println(value1): null&#xD;
&#xD;
2019-09-05 19:36:18 - [TEST_STEP][PASSED] - value2 = "J": null&#xD;
&#xD;
2019-09-05 19:36:18 - [TEST_STEP][PASSED] - if (value1 == value2): Object: 'Object Repository/Actpol_Scripts/Opsporing/MBES18/test' is clicked on&#xD;
&#xD;
2019-09-05 19:36:18 - [TEST_STEP][PASSED] - click(to): Object: 'Object Repository/Actpol_Scripts/Opsporing/MBES18/test' is clicked on&#xD;
&#xD;
2019-09-05 19:36:18 - [MESSAGE][PASSED] - Object: 'Object Repository/Actpol_Scripts/Opsporing/MBES18/test' is clicked on&#xD;
&#xD;
2019-09-05 19:36:18 - [TEST_STEP][PASSED] - AssistentiedynamicId = i: null&#xD;
&#xD;
2019-09-05 19:36:18 - [TEST_STEP][PASSED] - Assistentiexpath = "//*[@id="MiddelenAUform"]/table/tbody/tr[" + AssistentiedynamicId + "]/td[2]/input[1]": null&#xD;
&#xD;
2019-09-05 19:36:18 - [TEST_STEP][PASSED] - println(Assistentiexpath): null&#xD;
&#xD;
2019-09-05 19:36:18 - [TEST_STEP][PASSED] - to = findTestObject("Actpol_Scripts/Opsporing/MBES18/test"): null&#xD;
&#xD;
2019-09-05 19:36:20 - [TEST_STEP][PASSED] - to.addProperty("xpath", EQUALS, Assistentiexpath): null&#xD;
&#xD;
2019-09-05 19:36:20 - [TEST_STEP][PASSED] - value1 = getAttribute(to, "value"): Attribute 'value' of object 'Object Repository/Actpol_Scripts/Opsporing/MBES18/test' is: 'J'&#xD;
&#xD;
2019-09-05 19:36:20 - [MESSAGE][PASSED] - Attribute 'value' of object 'Object Repository/Actpol_Scripts/Opsporing/MBES18/test' is: 'J'&#xD;
&#xD;
2019-09-05 19:36:20 - [TEST_STEP][PASSED] - println(value1): null&#xD;
&#xD;
2019-09-05 19:36:20 - [TEST_STEP][PASSED] - value2 = "J": null&#xD;
&#xD;
2019-09-05 19:36:20 - [TEST_STEP][PASSED] - if (value1 == value2): Object: 'Object Repository/Actpol_Scripts/Opsporing/MBES18/test' is clicked on&#xD;
&#xD;
2019-09-05 19:36:20 - [TEST_STEP][PASSED] - click(to): Object: 'Object Repository/Actpol_Scripts/Opsporing/MBES18/test' is clicked on&#xD;
&#xD;
2019-09-05 19:36:20 - [MESSAGE][PASSED] - Object: 'Object Repository/Actpol_Scripts/Opsporing/MBES18/test' is clicked on&#xD;
&#xD;
2019-09-05 19:36:20 - [TEST_STEP][PASSED] - AssistentiedynamicId = i: null&#xD;
&#xD;
2019-09-05 19:36:20 - [TEST_STEP][PASSED] - Assistentiexpath = "//*[@id="MiddelenAUform"]/table/tbody/tr[" + AssistentiedynamicId + "]/td[2]/input[1]": null&#xD;
&#xD;
2019-09-05 19:36:20 - [TEST_STEP][PASSED] - println(Assistentiexpath): null&#xD;
&#xD;
2019-09-05 19:36:20 - [TEST_STEP][PASSED] - to = findTestObject("Actpol_Scripts/Opsporing/MBES18/test"): null&#xD;
&#xD;
2019-09-05 19:36:21 - [TEST_STEP][PASSED] - to.addProperty("xpath", EQUALS, Assistentiexpath): null&#xD;
&#xD;
2019-09-05 19:36:21 - [TEST_STEP][PASSED] - value1 = getAttribute(to, "value"): Attribute 'value' of object 'Object Repository/Actpol_Scripts/Opsporing/MBES18/test' is: 'J'&#xD;
&#xD;
2019-09-05 19:36:21 - [MESSAGE][PASSED] - Attribute 'value' of object 'Object Repository/Actpol_Scripts/Opsporing/MBES18/test' is: 'J'&#xD;
&#xD;
2019-09-05 19:36:21 - [TEST_STEP][PASSED] - println(value1): null&#xD;
&#xD;
2019-09-05 19:36:21 - [TEST_STEP][PASSED] - value2 = "J": null&#xD;
&#xD;
2019-09-05 19:36:21 - [TEST_STEP][PASSED] - if (value1 == value2): Object: 'Object Repository/Actpol_Scripts/Opsporing/MBES18/test' is clicked on&#xD;
&#xD;
2019-09-05 19:36:21 - [TEST_STEP][PASSED] - click(to): Object: 'Object Repository/Actpol_Scripts/Opsporing/MBES18/test' is clicked on&#xD;
&#xD;
2019-09-05 19:36:21 - [MESSAGE][PASSED] - Object: 'Object Repository/Actpol_Scripts/Opsporing/MBES18/test' is clicked on&#xD;
&#xD;
2019-09-05 19:36:21 - [TEST_STEP][PASSED] - AssistentiedynamicId = i: null&#xD;
&#xD;
2019-09-05 19:36:21 - [TEST_STEP][PASSED] - Assistentiexpath = "//*[@id="MiddelenAUform"]/table/tbody/tr[" + AssistentiedynamicId + "]/td[2]/input[1]": null&#xD;
&#xD;
2019-09-05 19:36:21 - [TEST_STEP][PASSED] - println(Assistentiexpath): null&#xD;
&#xD;
2019-09-05 19:36:21 - [TEST_STEP][PASSED] - to = findTestObject("Actpol_Scripts/Opsporing/MBES18/test"): null&#xD;
&#xD;
2019-09-05 19:36:22 - [TEST_STEP][PASSED] - to.addProperty("xpath", EQUALS, Assistentiexpath): null&#xD;
&#xD;
2019-09-05 19:36:22 - [TEST_STEP][PASSED] - value1 = getAttribute(to, "value"): Attribute 'value' of object 'Object Repository/Actpol_Scripts/Opsporing/MBES18/test' is: 'J'&#xD;
&#xD;
2019-09-05 19:36:22 - [MESSAGE][PASSED] - Attribute 'value' of object 'Object Repository/Actpol_Scripts/Opsporing/MBES18/test' is: 'J'&#xD;
&#xD;
2019-09-05 19:36:22 - [TEST_STEP][PASSED] - println(value1): null&#xD;
&#xD;
2019-09-05 19:36:22 - [TEST_STEP][PASSED] - value2 = "J": null&#xD;
&#xD;
2019-09-05 19:36:22 - [TEST_STEP][PASSED] - if (value1 == value2): Object: 'Object Repository/Actpol_Scripts/Opsporing/MBES18/test' is clicked on&#xD;
&#xD;
2019-09-05 19:36:22 - [TEST_STEP][PASSED] - click(to): Object: 'Object Repository/Actpol_Scripts/Opsporing/MBES18/test' is clicked on&#xD;
&#xD;
2019-09-05 19:36:22 - [MESSAGE][PASSED] - Object: 'Object Repository/Actpol_Scripts/Opsporing/MBES18/test' is clicked on&#xD;
&#xD;
2019-09-05 19:36:22 - [TEST_STEP][PASSED] - AssistentiedynamicId = i: null&#xD;
&#xD;
2019-09-05 19:36:22 - [TEST_STEP][PASSED] - Assistentiexpath = "//*[@id="MiddelenAUform"]/table/tbody/tr[" + AssistentiedynamicId + "]/td[2]/input[1]": null&#xD;
&#xD;
2019-09-05 19:36:22 - [TEST_STEP][PASSED] - println(Assistentiexpath): null&#xD;
&#xD;
2019-09-05 19:36:22 - [TEST_STEP][PASSED] - to = findTestObject("Actpol_Scripts/Opsporing/MBES18/test"): null&#xD;
&#xD;
2019-09-05 19:36:22 - [TEST_STEP][PASSED] - to.addProperty("xpath", EQUALS, Assistentiexpath): null&#xD;
&#xD;
2019-09-05 19:36:22 - [TEST_STEP][PASSED] - value1 = getAttribute(to, "value"): Attribute 'value' of object 'Object Repository/Actpol_Scripts/Opsporing/MBES18/test' is: 'J'&#xD;
&#xD;
2019-09-05 19:36:23 - [MESSAGE][PASSED] - Attribute 'value' of object 'Object Repository/Actpol_Scripts/Opsporing/MBES18/test' is: 'J'&#xD;
&#xD;
2019-09-05 19:36:23 - [TEST_STEP][PASSED] - println(value1): null&#xD;
&#xD;
2019-09-05 19:36:23 - [TEST_STEP][PASSED] - value2 = "J": null&#xD;
&#xD;
2019-09-05 19:36:23 - [TEST_STEP][PASSED] - if (value1 == value2): Object: 'Object Repository/Actpol_Scripts/Opsporing/MBES18/test' is clicked on&#xD;
&#xD;
2019-09-05 19:36:23 - [TEST_STEP][PASSED] - click(to): Object: 'Object Repository/Actpol_Scripts/Opsporing/MBES18/test' is clicked on&#xD;
&#xD;
2019-09-05 19:36:23 - [MESSAGE][PASSED] - Object: 'Object Repository/Actpol_Scripts/Opsporing/MBES18/test' is clicked on&#xD;
&#xD;
2019-09-05 19:36:23 - [TEST_STEP][PASSED] - AssistentiedynamicId = i: null&#xD;
&#xD;
2019-09-05 19:36:23 - [TEST_STEP][PASSED] - Assistentiexpath = "//*[@id="MiddelenAUform"]/table/tbody/tr[" + AssistentiedynamicId + "]/td[2]/input[1]": null&#xD;
&#xD;
2019-09-05 19:36:23 - [TEST_STEP][PASSED] - println(Assistentiexpath): null&#xD;
&#xD;
2019-09-05 19:36:23 - [TEST_STEP][PASSED] - to = findTestObject("Actpol_Scripts/Opsporing/MBES18/test"): null&#xD;
&#xD;
2019-09-05 19:36:23 - [TEST_STEP][PASSED] - to.addProperty("xpath", EQUALS, Assistentiexpath): null&#xD;
&#xD;
2019-09-05 19:36:24 - [TEST_STEP][PASSED] - value1 = getAttribute(to, "value"): Attribute 'value' of object 'Object Repository/Actpol_Scripts/Opsporing/MBES18/test' is: 'J'&#xD;
&#xD;
2019-09-05 19:36:24 - [MESSAGE][PASSED] - Attribute 'value' of object 'Object Repository/Actpol_Scripts/Opsporing/MBES18/test' is: 'J'&#xD;
&#xD;
2019-09-05 19:36:24 - [TEST_STEP][PASSED] - println(value1): null&#xD;
&#xD;
2019-09-05 19:36:24 - [TEST_STEP][PASSED] - value2 = "J": null&#xD;
&#xD;
2019-09-05 19:36:24 - [TEST_STEP][PASSED] - if (value1 == value2): Object: 'Object Repository/Actpol_Scripts/Opsporing/MBES18/test' is clicked on&#xD;
&#xD;
2019-09-05 19:36:24 - [TEST_STEP][PASSED] - click(to): Object: 'Object Repository/Actpol_Scripts/Opsporing/MBES18/test' is clicked on&#xD;
&#xD;
2019-09-05 19:36:24 - [MESSAGE][PASSED] - Object: 'Object Repository/Actpol_Scripts/Opsporing/MBES18/test' is clicked on&#xD;
&#xD;
2019-09-05 19:36:24 - [TEST_STEP][PASSED] - AssistentiedynamicId = i: null&#xD;
&#xD;
2019-09-05 19:36:24 - [TEST_STEP][PASSED] - Assistentiexpath = "//*[@id="MiddelenAUform"]/table/tbody/tr[" + AssistentiedynamicId + "]/td[2]/input[1]": null&#xD;
&#xD;
2019-09-05 19:36:24 - [TEST_STEP][PASSED] - println(Assistentiexpath): null&#xD;
&#xD;
2019-09-05 19:36:24 - [TEST_STEP][PASSED] - to = findTestObject("Actpol_Scripts/Opsporing/MBES18/test"): null&#xD;
&#xD;
2019-09-05 19:36:25 - [TEST_STEP][PASSED] - to.addProperty("xpath", EQUALS, Assistentiexpath): null&#xD;
&#xD;
2019-09-05 19:36:25 - [TEST_STEP][PASSED] - value1 = getAttribute(to, "value"): Attribute 'value' of object 'Object Repository/Actpol_Scripts/Opsporing/MBES18/test' is: 'J'&#xD;
&#xD;
2019-09-05 19:36:25 - [MESSAGE][PASSED] - Attribute 'value' of object 'Object Repository/Actpol_Scripts/Opsporing/MBES18/test' is: 'J'&#xD;
&#xD;
2019-09-05 19:36:25 - [TEST_STEP][PASSED] - println(value1): null&#xD;
&#xD;
2019-09-05 19:36:25 - [TEST_STEP][PASSED] - value2 = "J": null&#xD;
&#xD;
2019-09-05 19:36:25 - [TEST_STEP][PASSED] - if (value1 == value2): Object: 'Object Repository/Actpol_Scripts/Opsporing/MBES18/test' is clicked on&#xD;
&#xD;
2019-09-05 19:36:25 - [TEST_STEP][PASSED] - click(to): Object: 'Object Repository/Actpol_Scripts/Opsporing/MBES18/test' is clicked on&#xD;
&#xD;
2019-09-05 19:36:26 - [MESSAGE][PASSED] - Object: 'Object Repository/Actpol_Scripts/Opsporing/MBES18/test' is clicked on&#xD;
&#xD;
2019-09-05 19:36:26 - [TEST_STEP][PASSED] - AssistentiedynamicId = i: null&#xD;
&#xD;
2019-09-05 19:36:26 - [TEST_STEP][PASSED] - Assistentiexpath = "//*[@id="MiddelenAUform"]/table/tbody/tr[" + AssistentiedynamicId + "]/td[2]/input[1]": null&#xD;
&#xD;
2019-09-05 19:36:26 - [TEST_STEP][PASSED] - println(Assistentiexpath): null&#xD;
&#xD;
2019-09-05 19:36:26 - [TEST_STEP][PASSED] - to = findTestObject("Actpol_Scripts/Opsporing/MBES18/test"): null&#xD;
&#xD;
2019-09-05 19:36:26 - [TEST_STEP][PASSED] - to.addProperty("xpath", EQUALS, Assistentiexpath): null&#xD;
&#xD;
2019-09-05 19:36:26 - [TEST_STEP][PASSED] - value1 = getAttribute(to, "value"): Attribute 'value' of object 'Object Repository/Actpol_Scripts/Opsporing/MBES18/test' is: 'J'&#xD;
&#xD;
2019-09-05 19:36:26 - [MESSAGE][PASSED] - Attribute 'value' of object 'Object Repository/Actpol_Scripts/Opsporing/MBES18/test' is: 'J'&#xD;
&#xD;
2019-09-05 19:36:26 - [TEST_STEP][PASSED] - println(value1): null&#xD;
&#xD;
2019-09-05 19:36:26 - [TEST_STEP][PASSED] - value2 = "J": null&#xD;
&#xD;
2019-09-05 19:36:26 - [TEST_STEP][PASSED] - if (value1 == value2): Object: 'Object Repository/Actpol_Scripts/Opsporing/MBES18/test' is clicked on&#xD;
&#xD;
2019-09-05 19:36:26 - [TEST_STEP][PASSED] - click(to): Object: 'Object Repository/Actpol_Scripts/Opsporing/MBES18/test' is clicked on&#xD;
&#xD;
2019-09-05 19:36:26 - [MESSAGE][PASSED] - Object: 'Object Repository/Actpol_Scripts/Opsporing/MBES18/test' is clicked on&#xD;
&#xD;
2019-09-05 19:36:27 - [TEST_STEP][PASSED] - AssistentiedynamicId = i: null&#xD;
&#xD;
2019-09-05 19:36:27 - [TEST_STEP][PASSED] - Assistentiexpath = "//*[@id="MiddelenAUform"]/table/tbody/tr[" + AssistentiedynamicId + "]/td[2]/input[1]": null&#xD;
&#xD;
2019-09-05 19:36:27 - [TEST_STEP][PASSED] - println(Assistentiexpath): null&#xD;
&#xD;
2019-09-05 19:36:27 - [TEST_STEP][PASSED] - to = findTestObject("Actpol_Scripts/Opsporing/MBES18/test"): null&#xD;
&#xD;
2019-09-05 19:36:27 - [TEST_STEP][PASSED] - to.addProperty("xpath", EQUALS, Assistentiexpath): null&#xD;
&#xD;
2019-09-05 19:36:27 - [TEST_STEP][PASSED] - value1 = getAttribute(to, "value"): Attribute 'value' of object 'Object Repository/Actpol_Scripts/Opsporing/MBES18/test' is: 'J'&#xD;
&#xD;
2019-09-05 19:36:27 - [MESSAGE][PASSED] - Attribute 'value' of object 'Object Repository/Actpol_Scripts/Opsporing/MBES18/test' is: 'J'&#xD;
&#xD;
2019-09-05 19:36:27 - [TEST_STEP][PASSED] - println(value1): null&#xD;
&#xD;
2019-09-05 19:36:27 - [TEST_STEP][PASSED] - value2 = "J": null&#xD;
&#xD;
2019-09-05 19:36:27 - [TEST_STEP][PASSED] - if (value1 == value2): Object: 'Object Repository/Actpol_Scripts/Opsporing/MBES18/test' is clicked on&#xD;
&#xD;
2019-09-05 19:36:27 - [TEST_STEP][PASSED] - click(to): Object: 'Object Repository/Actpol_Scripts/Opsporing/MBES18/test' is clicked on&#xD;
&#xD;
2019-09-05 19:36:28 - [MESSAGE][PASSED] - Object: 'Object Repository/Actpol_Scripts/Opsporing/MBES18/test' is clicked on&#xD;
&#xD;
2019-09-05 19:36:28 - [TEST_STEP][PASSED] - AssistentiedynamicId = i: null&#xD;
&#xD;
2019-09-05 19:36:28 - [TEST_STEP][PASSED] - Assistentiexpath = "//*[@id="MiddelenAUform"]/table/tbody/tr[" + AssistentiedynamicId + "]/td[2]/input[1]": null&#xD;
&#xD;
2019-09-05 19:36:28 - [TEST_STEP][PASSED] - println(Assistentiexpath): null&#xD;
&#xD;
2019-09-05 19:36:28 - [TEST_STEP][PASSED] - to = findTestObject("Actpol_Scripts/Opsporing/MBES18/test"): null&#xD;
&#xD;
2019-09-05 19:36:28 - [TEST_STEP][PASSED] - to.addProperty("xpath", EQUALS, Assistentiexpath): null&#xD;
&#xD;
2019-09-05 19:36:28 - [TEST_STEP][PASSED] - value1 = getAttribute(to, "value"): Attribute 'value' of object 'Object Repository/Actpol_Scripts/Opsporing/MBES18/test' is: ''&#xD;
&#xD;
2019-09-05 19:36:28 - [MESSAGE][PASSED] - Attribute 'value' of object 'Object Repository/Actpol_Scripts/Opsporing/MBES18/test' is: ''&#xD;
&#xD;
2019-09-05 19:36:28 - [TEST_STEP][PASSED] - println(value1): null&#xD;
&#xD;
2019-09-05 19:36:28 - [TEST_STEP][PASSED] - value2 = "J": null&#xD;
&#xD;
2019-09-05 19:36:28 - [TEST_STEP][PASSED] - if (value1 == value2): null&#xD;
&#xD;
2019-09-05 19:36:28 - [TEST_STEP][PASSED] - else: Text 'katalon testing' is set on object 'Object Repository/Actpol_Scripts/Opsporing/MBES18/test'&#xD;
&#xD;
2019-09-05 19:36:28 - [TEST_STEP][PASSED] - setText(to, "katalon testing"): Text 'katalon testing' is set on object 'Object Repository/Actpol_Scripts/Opsporing/MBES18/test'&#xD;
&#xD;
2019-09-05 19:36:29 - [MESSAGE][PASSED] - Text 'katalon testing' is set on object 'Object Repository/Actpol_Scripts/Opsporing/MBES18/test'&#xD;
&#xD;
2019-09-05 19:36:29 - [TEST_STEP][PASSED] - AssistentiedynamicId = i: null&#xD;
&#xD;
2019-09-05 19:36:29 - [TEST_STEP][PASSED] - Assistentiexpath = "//*[@id="MiddelenAUform"]/table/tbody/tr[" + AssistentiedynamicId + "]/td[2]/input[1]": null&#xD;
&#xD;
2019-09-05 19:36:30 - [TEST_STEP][PASSED] - println(Assistentiexpath): null&#xD;
&#xD;
2019-09-05 19:36:30 - [TEST_STEP][PASSED] - to = findTestObject("Actpol_Scripts/Opsporing/MBES18/test"): null&#xD;
&#xD;
2019-09-05 19:36:30 - [TEST_STEP][PASSED] - to.addProperty("xpath", EQUALS, Assistentiexpath): null&#xD;
&#xD;
2019-09-05 19:36:30 - [TEST_STEP][PASSED] - value1 = getAttribute(to, "value"): Attribute 'value' of object 'Object Repository/Actpol_Scripts/Opsporing/MBES18/test' is: 'J'&#xD;
&#xD;
2019-09-05 19:36:31 - [MESSAGE][PASSED] - Attribute 'value' of object 'Object Repository/Actpol_Scripts/Opsporing/MBES18/test' is: 'J'&#xD;
&#xD;
2019-09-05 19:36:31 - [TEST_STEP][PASSED] - println(value1): null&#xD;
&#xD;
2019-09-05 19:36:31 - [TEST_STEP][PASSED] - value2 = "J": null&#xD;
&#xD;
2019-09-05 19:36:31 - [TEST_STEP][PASSED] - if (value1 == value2): Object: 'Object Repository/Actpol_Scripts/Opsporing/MBES18/test' is clicked on&#xD;
&#xD;
2019-09-05 19:36:31 - [TEST_STEP][PASSED] - click(to): Object: 'Object Repository/Actpol_Scripts/Opsporing/MBES18/test' is clicked on&#xD;
&#xD;
2019-09-05 19:36:31 - [MESSAGE][PASSED] - Object: 'Object Repository/Actpol_Scripts/Opsporing/MBES18/test' is clicked on&#xD;
&#xD;
2019-09-05 19:36:31 - [TEST_STEP][PASSED] - AssistentiedynamicId = i: null&#xD;
&#xD;
2019-09-05 19:36:31 - [TEST_STEP][PASSED] - Assistentiexpath = "//*[@id="MiddelenAUform"]/table/tbody/tr[" + AssistentiedynamicId + "]/td[2]/input[1]": null&#xD;
&#xD;
2019-09-05 19:36:31 - [TEST_STEP][PASSED] - println(Assistentiexpath): null&#xD;
&#xD;
2019-09-05 19:36:31 - [TEST_STEP][PASSED] - to = findTestObject("Actpol_Scripts/Opsporing/MBES18/test"): null&#xD;
&#xD;
2019-09-05 19:36:31 - [TEST_STEP][PASSED] - to.addProperty("xpath", EQUALS, Assistentiexpath): null&#xD;
&#xD;
2019-09-05 19:36:31 - [TEST_STEP][PASSED] - value1 = getAttribute(to, "value"): Attribute 'value' of object 'Object Repository/Actpol_Scripts/Opsporing/MBES18/test' is: 'J'&#xD;
&#xD;
2019-09-05 19:36:32 - [MESSAGE][PASSED] - Attribute 'value' of object 'Object Repository/Actpol_Scripts/Opsporing/MBES18/test' is: 'J'&#xD;
&#xD;
2019-09-05 19:36:32 - [TEST_STEP][PASSED] - println(value1): null&#xD;
&#xD;
2019-09-05 19:36:32 - [TEST_STEP][PASSED] - value2 = "J": null&#xD;
&#xD;
2019-09-05 19:36:32 - [TEST_STEP][PASSED] - if (value1 == value2): Object: 'Object Repository/Actpol_Scripts/Opsporing/MBES18/test' is clicked on&#xD;
&#xD;
2019-09-05 19:36:32 - [TEST_STEP][PASSED] - click(to): Object: 'Object Repository/Actpol_Scripts/Opsporing/MBES18/test' is clicked on&#xD;
&#xD;
2019-09-05 19:36:32 - [MESSAGE][PASSED] - Object: 'Object Repository/Actpol_Scripts/Opsporing/MBES18/test' is clicked on&#xD;
&#xD;
2019-09-05 19:36:32 - [TEST_STEP][PASSED] - click(findTestObject("Actpol_Scripts/Opsporing/MBES18/MBSC SAVE"), OPTIONAL): Object: 'Object Repository/Actpol_Scripts/Opsporing/MBES18/MBSC SAVE' is clicked on&#xD;
&#xD;
2019-09-05 19:36:33 - [MESSAGE][PASSED] - Object: 'Object Repository/Actpol_Scripts/Opsporing/MBES18/MBSC SAVE' is clicked on&#xD;
&#xD;
2019-09-05 19:36:33 - [TEST_STEP][PASSED] - delay(1): Delayed 1 second(s)&#xD;
&#xD;
2019-09-05 19:36:34 - [MESSAGE][PASSED] - Delayed 1 second(s)&#xD;
&#xD;
2019-09-05 19:36:34 - [TEST_STEP][PASSED] - scrollToPosition(10, 7): Browser is scrolled to position x = 10, y = 7&#xD;
&#xD;
2019-09-05 19:36:34 - [MESSAGE][PASSED] - Browser is scrolled to position x = 10, y = 7&#xD;
&#xD;
2019-09-05 19:36:34 - [TEST_STEP][PASSED] - delay(1): Delayed 1 second(s)&#xD;
&#xD;
2019-09-05 19:36:35 - [MESSAGE][PASSED] - Delayed 1 second(s)&#xD;
&#xD;
2019-09-05 19:36:35 - [TEST_STEP][PASSED] - comment("Checking nee validation"): Checking nee validation&#xD;
&#xD;
2019-09-05 19:36:36 - [MESSAGE][INFO] - Checking nee validation&#xD;
&#xD;
2019-09-05 19:36:36 - [TEST_STEP][PASSED] - s1 = "//*[@id="MiddelenAUform"]/table/tbody/tr[1]/td[2]/input[2]": null&#xD;
&#xD;
2019-09-05 19:36:36 - [TEST_STEP][PASSED] - s2 = "//*[@id="MiddelenAUform"]/table/tbody/tr[3]/td[2]/input[2]": null&#xD;
&#xD;
2019-09-05 19:36:36 - [TEST_STEP][PASSED] - s20 = "//*[@id="MiddelenAUform"]/table/tbody/tr[20]/td[2]/input[2]": null&#xD;
&#xD;
2019-09-05 19:36:36 - [TEST_STEP][PASSED] - s21 = "//*[@id="MiddelenAUform"]/table/tbody/tr[21]/td[2]/input[2]": null&#xD;
&#xD;
2019-09-05 19:36:36 - [TEST_STEP][PASSED] - s11 = findTestObject("Actpol_Scripts/Opsporing/MBES18/test"): null&#xD;
&#xD;
2019-09-05 19:36:36 - [TEST_STEP][PASSED] - s11.addProperty("xpath", EQUALS, s1): null&#xD;
&#xD;
2019-09-05 19:36:36 - [TEST_STEP][PASSED] - click(s11, OPTIONAL): Object: 'Object Repository/Actpol_Scripts/Opsporing/MBES18/test' is clicked on&#xD;
&#xD;
2019-09-05 19:36:37 - [MESSAGE][PASSED] - Object: 'Object Repository/Actpol_Scripts/Opsporing/MBES18/test' is clicked on&#xD;
&#xD;
2019-09-05 19:36:37 - [TEST_STEP][PASSED] - s12 = findTestObject("Actpol_Scripts/Opsporing/MBES18/test"): null&#xD;
&#xD;
2019-09-05 19:36:38 - [TEST_STEP][PASSED] - s12.addProperty("xpath", EQUALS, s2): null&#xD;
&#xD;
2019-09-05 19:36:38 - [TEST_STEP][PASSED] - click(s12, OPTIONAL): Object: 'Object Repository/Actpol_Scripts/Opsporing/MBES18/test' is clicked on&#xD;
&#xD;
2019-09-05 19:36:38 - [MESSAGE][PASSED] - Object: 'Object Repository/Actpol_Scripts/Opsporing/MBES18/test' is clicked on&#xD;
&#xD;
2019-09-05 19:36:38 - [TEST_STEP][PASSED] - for ([i = 5, i &lt;= 18, (i++)]): Object: 'Object Repository/Actpol_Scripts/Opsporing/MBES18/test' is clicked on&#xD;
&#xD;
2019-09-05 19:36:38 - [TEST_STEP][PASSED] - Neeid = i: null&#xD;
&#xD;
2019-09-05 19:36:38 - [TEST_STEP][PASSED] - Neepath = "//*[@id="MiddelenAUform"]/table/tbody/tr[" + Neeid + "]/td[2]/input[2]": null&#xD;
&#xD;
2019-09-05 19:36:38 - [TEST_STEP][PASSED] - println(Neepath): null&#xD;
&#xD;
2019-09-05 19:36:38 - [TEST_STEP][PASSED] - to1 = findTestObject("Actpol_Scripts/Opsporing/MBES18/test"): null&#xD;
&#xD;
2019-09-05 19:36:38 - [TEST_STEP][PASSED] - to1.addProperty("xpath", EQUALS, Neepath): null&#xD;
&#xD;
2019-09-05 19:36:38 - [TEST_STEP][PASSED] - nee = getAttribute(to1, "value"): Attribute 'value' of object 'Object Repository/Actpol_Scripts/Opsporing/MBES18/test' is: 'N'&#xD;
&#xD;
2019-09-05 19:36:39 - [MESSAGE][PASSED] - Attribute 'value' of object 'Object Repository/Actpol_Scripts/Opsporing/MBES18/test' is: 'N'&#xD;
&#xD;
2019-09-05 19:36:39 - [TEST_STEP][PASSED] - println(nee): null&#xD;
&#xD;
2019-09-05 19:36:39 - [TEST_STEP][PASSED] - nee2 = "N": null&#xD;
&#xD;
2019-09-05 19:36:39 - [TEST_STEP][PASSED] - if (nee == nee2): Object: 'Object Repository/Actpol_Scripts/Opsporing/MBES18/test' is clicked on&#xD;
&#xD;
2019-09-05 19:36:39 - [TEST_STEP][PASSED] - click(to1, OPTIONAL): Object: 'Object Repository/Actpol_Scripts/Opsporing/MBES18/test' is clicked on&#xD;
&#xD;
2019-09-05 19:36:39 - [MESSAGE][PASSED] - Object: 'Object Repository/Actpol_Scripts/Opsporing/MBES18/test' is clicked on&#xD;
&#xD;
2019-09-05 19:36:39 - [TEST_STEP][PASSED] - Neeid = i: null&#xD;
&#xD;
2019-09-05 19:36:39 - [TEST_STEP][PASSED] - Neepath = "//*[@id="MiddelenAUform"]/table/tbody/tr[" + Neeid + "]/td[2]/input[2]": null&#xD;
&#xD;
2019-09-05 19:36:39 - [TEST_STEP][PASSED] - println(Neepath): null&#xD;
&#xD;
2019-09-05 19:36:39 - [TEST_STEP][PASSED] - to1 = findTestObject("Actpol_Scripts/Opsporing/MBES18/test"): null&#xD;
&#xD;
2019-09-05 19:36:40 - [TEST_STEP][PASSED] - to1.addProperty("xpath", EQUALS, Neepath): null&#xD;
&#xD;
2019-09-05 19:36:40 - [TEST_STEP][PASSED] - nee = getAttribute(to1, "value"): Attribute 'value' of object 'Object Repository/Actpol_Scripts/Opsporing/MBES18/test' is: 'N'&#xD;
&#xD;
2019-09-05 19:36:40 - [MESSAGE][PASSED] - Attribute 'value' of object 'Object Repository/Actpol_Scripts/Opsporing/MBES18/test' is: 'N'&#xD;
&#xD;
2019-09-05 19:36:40 - [TEST_STEP][PASSED] - println(nee): null&#xD;
&#xD;
2019-09-05 19:36:40 - [TEST_STEP][PASSED] - nee2 = "N": null&#xD;
&#xD;
2019-09-05 19:36:40 - [TEST_STEP][PASSED] - if (nee == nee2): Object: 'Object Repository/Actpol_Scripts/Opsporing/MBES18/test' is clicked on&#xD;
&#xD;
2019-09-05 19:36:40 - [TEST_STEP][PASSED] - click(to1, OPTIONAL): Object: 'Object Repository/Actpol_Scripts/Opsporing/MBES18/test' is clicked on&#xD;
&#xD;
2019-09-05 19:36:41 - [MESSAGE][PASSED] - Object: 'Object Repository/Actpol_Scripts/Opsporing/MBES18/test' is clicked on&#xD;
&#xD;
2019-09-05 19:36:41 - [TEST_STEP][PASSED] - Neeid = i: null&#xD;
&#xD;
2019-09-05 19:36:41 - [TEST_STEP][PASSED] - Neepath = "//*[@id="MiddelenAUform"]/table/tbody/tr[" + Neeid + "]/td[2]/input[2]": null&#xD;
&#xD;
2019-09-05 19:36:41 - [TEST_STEP][PASSED] - println(Neepath): null&#xD;
&#xD;
2019-09-05 19:36:41 - [TEST_STEP][PASSED] - to1 = findTestObject("Actpol_Scripts/Opsporing/MBES18/test"): null&#xD;
&#xD;
2019-09-05 19:36:41 - [TEST_STEP][PASSED] - to1.addProperty("xpath", EQUALS, Neepath): null&#xD;
&#xD;
2019-09-05 19:36:41 - [TEST_STEP][PASSED] - nee = getAttribute(to1, "value"): Attribute 'value' of object 'Object Repository/Actpol_Scripts/Opsporing/MBES18/test' is: 'N'&#xD;
&#xD;
2019-09-05 19:36:41 - [MESSAGE][PASSED] - Attribute 'value' of object 'Object Repository/Actpol_Scripts/Opsporing/MBES18/test' is: 'N'&#xD;
&#xD;
2019-09-05 19:36:42 - [TEST_STEP][PASSED] - println(nee): null&#xD;
&#xD;
2019-09-05 19:36:42 - [TEST_STEP][PASSED] - nee2 = "N": null&#xD;
&#xD;
2019-09-05 19:36:42 - [TEST_STEP][PASSED] - if (nee == nee2): Object: 'Object Repository/Actpol_Scripts/Opsporing/MBES18/test' is clicked on&#xD;
&#xD;
2019-09-05 19:36:42 - [TEST_STEP][PASSED] - click(to1, OPTIONAL): Object: 'Object Repository/Actpol_Scripts/Opsporing/MBES18/test' is clicked on&#xD;
&#xD;
2019-09-05 19:36:42 - [MESSAGE][PASSED] - Object: 'Object Repository/Actpol_Scripts/Opsporing/MBES18/test' is clicked on&#xD;
&#xD;
2019-09-05 19:36:42 - [TEST_STEP][PASSED] - Neeid = i: null&#xD;
&#xD;
2019-09-05 19:37:43 - [TEST_STEP][PASSED] - Neepath = "//*[@id="MiddelenAUform"]/table/tbody/tr[" + Neeid + "]/td[2]/input[2]": null&#xD;
&#xD;
2019-09-05 19:37:43 - [TEST_STEP][PASSED] - println(Neepath): null&#xD;
&#xD;
2019-09-05 19:37:43 - [TEST_STEP][PASSED] - to1 = findTestObject("Actpol_Scripts/Opsporing/MBES18/test"): null&#xD;
&#xD;
2019-09-05 19:37:45 - [TEST_STEP][PASSED] - to1.addProperty("xpath", EQUALS, Neepath): null&#xD;
&#xD;
2019-09-05 19:37:45 - [TEST_STEP][PASSED] - nee = getAttribute(to1, "value"): Attribute 'value' of object 'Object Repository/Actpol_Scripts/Opsporing/MBES18/test' is: 'N'&#xD;
&#xD;
2019-09-05 19:37:45 - [MESSAGE][PASSED] - Attribute 'value' of object 'Object Repository/Actpol_Scripts/Opsporing/MBES18/test' is: 'N'&#xD;
&#xD;
2019-09-05 19:37:45 - [TEST_STEP][PASSED] - println(nee): null&#xD;
&#xD;
2019-09-05 19:37:45 - [TEST_STEP][PASSED] - nee2 = "N": null&#xD;
&#xD;
2019-09-05 19:37:45 - [TEST_STEP][PASSED] - if (nee == nee2): Object: 'Object Repository/Actpol_Scripts/Opsporing/MBES18/test' is clicked on&#xD;
&#xD;
2019-09-05 19:37:45 - [TEST_STEP][PASSED] - click(to1, OPTIONAL): Object: 'Object Repository/Actpol_Scripts/Opsporing/MBES18/test' is clicked on&#xD;
&#xD;
2019-09-05 19:37:46 - [MESSAGE][PASSED] - Object: 'Object Repository/Actpol_Scripts/Opsporing/MBES18/test' is clicked on&#xD;
&#xD;
2019-09-05 19:37:46 - [TEST_STEP][PASSED] - Neeid = i: null&#xD;
&#xD;
2019-09-05 19:37:46 - [TEST_STEP][PASSED] - Neepath = "//*[@id="MiddelenAUform"]/table/tbody/tr[" + Neeid + "]/td[2]/input[2]": null&#xD;
&#xD;
2019-09-05 19:37:46 - [TEST_STEP][PASSED] - println(Neepath): null&#xD;
&#xD;
2019-09-05 19:37:46 - [TEST_STEP][PASSED] - to1 = findTestObject("Actpol_Scripts/Opsporing/MBES18/test"): null&#xD;
&#xD;
2019-09-05 19:37:46 - [TEST_STEP][PASSED] - to1.addProperty("xpath", EQUALS, Neepath): null&#xD;
&#xD;
2019-09-05 19:37:46 - [TEST_STEP][PASSED] - nee = getAttribute(to1, "value"): Attribute 'value' of object 'Object Repository/Actpol_Scripts/Opsporing/MBES18/test' is: 'N'&#xD;
&#xD;
2019-09-05 19:37:46 - [MESSAGE][PASSED] - Attribute 'value' of object 'Object Repository/Actpol_Scripts/Opsporing/MBES18/test' is: 'N'&#xD;
&#xD;
2019-09-05 19:37:46 - [TEST_STEP][PASSED] - println(nee): null&#xD;
&#xD;
2019-09-05 19:37:46 - [TEST_STEP][PASSED] - nee2 = "N": null&#xD;
&#xD;
2019-09-05 19:37:46 - [TEST_STEP][PASSED] - if (nee == nee2): Object: 'Object Repository/Actpol_Scripts/Opsporing/MBES18/test' is clicked on&#xD;
&#xD;
2019-09-05 19:37:46 - [TEST_STEP][PASSED] - click(to1, OPTIONAL): Object: 'Object Repository/Actpol_Scripts/Opsporing/MBES18/test' is clicked on&#xD;
&#xD;
2019-09-05 19:37:47 - [MESSAGE][PASSED] - Object: 'Object Repository/Actpol_Scripts/Opsporing/MBES18/test' is clicked on&#xD;
&#xD;
2019-09-05 19:37:47 - [TEST_STEP][PASSED] - Neeid = i: null&#xD;
&#xD;
2019-09-05 19:37:47 - [TEST_STEP][PASSED] - Neepath = "//*[@id="MiddelenAUform"]/table/tbody/tr[" + Neeid + "]/td[2]/input[2]": null&#xD;
&#xD;
2019-09-05 19:37:47 - [TEST_STEP][PASSED] - println(Neepath): null&#xD;
&#xD;
2019-09-05 19:37:47 - [TEST_STEP][PASSED] - to1 = findTestObject("Actpol_Scripts/Opsporing/MBES18/test"): null&#xD;
&#xD;
2019-09-05 19:37:47 - [TEST_STEP][PASSED] - to1.addProperty("xpath", EQUALS, Neepath): null&#xD;
&#xD;
2019-09-05 19:37:47 - [TEST_STEP][PASSED] - nee = getAttribute(to1, "value"): Attribute 'value' of object 'Object Repository/Actpol_Scripts/Opsporing/MBES18/test' is: 'N'&#xD;
&#xD;
2019-09-05 19:37:48 - [MESSAGE][PASSED] - Attribute 'value' of object 'Object Repository/Actpol_Scripts/Opsporing/MBES18/test' is: 'N'&#xD;
&#xD;
2019-09-05 19:37:48 - [TEST_STEP][PASSED] - println(nee): null&#xD;
&#xD;
2019-09-05 19:37:48 - [TEST_STEP][PASSED] - nee2 = "N": null&#xD;
&#xD;
2019-09-05 19:37:48 - [TEST_STEP][PASSED] - if (nee == nee2): Object: 'Object Repository/Actpol_Scripts/Opsporing/MBES18/test' is clicked on&#xD;
&#xD;
2019-09-05 19:37:48 - [TEST_STEP][PASSED] - click(to1, OPTIONAL): Object: 'Object Repository/Actpol_Scripts/Opsporing/MBES18/test' is clicked on&#xD;
&#xD;
2019-09-05 19:37:48 - [MESSAGE][PASSED] - Object: 'Object Repository/Actpol_Scripts/Opsporing/MBES18/test' is clicked on&#xD;
&#xD;
2019-09-05 19:37:48 - [TEST_STEP][PASSED] - Neeid = i: null&#xD;
&#xD;
2019-09-05 19:37:48 - [TEST_STEP][PASSED] - Neepath = "//*[@id="MiddelenAUform"]/table/tbody/tr[" + Neeid + "]/td[2]/input[2]": null&#xD;
&#xD;
2019-09-05 19:37:48 - [TEST_STEP][PASSED] - println(Neepath): null&#xD;
&#xD;
2019-09-05 19:37:48 - [TEST_STEP][PASSED] - to1 = findTestObject("Actpol_Scripts/Opsporing/MBES18/test"): null&#xD;
&#xD;
2019-09-05 19:37:49 - [TEST_STEP][PASSED] - to1.addProperty("xpath", EQUALS, Neepath): null&#xD;
&#xD;
2019-09-05 19:37:49 - [TEST_STEP][PASSED] - nee = getAttribute(to1, "value"): Attribute 'value' of object 'Object Repository/Actpol_Scripts/Opsporing/MBES18/test' is: 'N'&#xD;
&#xD;
2019-09-05 19:37:49 - [MESSAGE][PASSED] - Attribute 'value' of object 'Object Repository/Actpol_Scripts/Opsporing/MBES18/test' is: 'N'&#xD;
&#xD;
2019-09-05 19:37:49 - [TEST_STEP][PASSED] - println(nee): null&#xD;
&#xD;
2019-09-05 19:37:49 - [TEST_STEP][PASSED] - nee2 = "N": null&#xD;
&#xD;
2019-09-05 19:37:49 - [TEST_STEP][PASSED] - if (nee == nee2): Object: 'Object Repository/Actpol_Scripts/Opsporing/MBES18/test' is clicked on&#xD;
&#xD;
2019-09-05 19:37:49 - [TEST_STEP][PASSED] - click(to1, OPTIONAL): Object: 'Object Repository/Actpol_Scripts/Opsporing/MBES18/test' is clicked on&#xD;
&#xD;
2019-09-05 19:37:49 - [MESSAGE][PASSED] - Object: 'Object Repository/Actpol_Scripts/Opsporing/MBES18/test' is clicked on&#xD;
&#xD;
2019-09-05 19:37:49 - [TEST_STEP][PASSED] - Neeid = i: null&#xD;
&#xD;
2019-09-05 19:37:49 - [TEST_STEP][PASSED] - Neepath = "//*[@id="MiddelenAUform"]/table/tbody/tr[" + Neeid + "]/td[2]/input[2]": null&#xD;
&#xD;
2019-09-05 19:37:49 - [TEST_STEP][PASSED] - println(Neepath): null&#xD;
&#xD;
2019-09-05 19:37:49 - [TEST_STEP][PASSED] - to1 = findTestObject("Actpol_Scripts/Opsporing/MBES18/test"): null&#xD;
&#xD;
2019-09-05 19:37:50 - [TEST_STEP][PASSED] - to1.addProperty("xpath", EQUALS, Neepath): null&#xD;
&#xD;
2019-09-05 19:37:50 - [TEST_STEP][PASSED] - nee = getAttribute(to1, "value"): Attribute 'value' of object 'Object Repository/Actpol_Scripts/Opsporing/MBES18/test' is: 'N'&#xD;
&#xD;
2019-09-05 19:37:51 - [MESSAGE][PASSED] - Attribute 'value' of object 'Object Repository/Actpol_Scripts/Opsporing/MBES18/test' is: 'N'&#xD;
&#xD;
2019-09-05 19:37:51 - [TEST_STEP][PASSED] - println(nee): null&#xD;
&#xD;
2019-09-05 19:37:51 - [TEST_STEP][PASSED] - nee2 = "N": null&#xD;
&#xD;
2019-09-05 19:37:51 - [TEST_STEP][PASSED] - if (nee == nee2): Object: 'Object Repository/Actpol_Scripts/Opsporing/MBES18/test' is clicked on&#xD;
&#xD;
2019-09-05 19:37:51 - [TEST_STEP][PASSED] - click(to1, OPTIONAL): Object: 'Object Repository/Actpol_Scripts/Opsporing/MBES18/test' is clicked on&#xD;
&#xD;
2019-09-05 19:37:51 - [MESSAGE][PASSED] - Object: 'Object Repository/Actpol_Scripts/Opsporing/MBES18/test' is clicked on&#xD;
&#xD;
2019-09-05 19:37:51 - [TEST_STEP][PASSED] - Neeid = i: null&#xD;
&#xD;
2019-09-05 19:37:51 - [TEST_STEP][PASSED] - Neepath = "//*[@id="MiddelenAUform"]/table/tbody/tr[" + Neeid + "]/td[2]/input[2]": null&#xD;
&#xD;
2019-09-05 19:37:51 - [TEST_STEP][PASSED] - println(Neepath): null&#xD;
&#xD;
2019-09-05 19:37:51 - [TEST_STEP][PASSED] - to1 = findTestObject("Actpol_Scripts/Opsporing/MBES18/test"): null&#xD;
&#xD;
2019-09-05 19:37:53 - [TEST_STEP][PASSED] - to1.addProperty("xpath", EQUALS, Neepath): null&#xD;
&#xD;
2019-09-05 19:37:53 - [TEST_STEP][PASSED] - nee = getAttribute(to1, "value"): Attribute 'value' of object 'Object Repository/Actpol_Scripts/Opsporing/MBES18/test' is: 'N'&#xD;
&#xD;
2019-09-05 19:37:53 - [MESSAGE][PASSED] - Attribute 'value' of object 'Object Repository/Actpol_Scripts/Opsporing/MBES18/test' is: 'N'&#xD;
&#xD;
2019-09-05 19:37:53 - [TEST_STEP][PASSED] - println(nee): null&#xD;
&#xD;
2019-09-05 19:37:53 - [TEST_STEP][PASSED] - nee2 = "N": null&#xD;
&#xD;
2019-09-05 19:37:53 - [TEST_STEP][PASSED] - if (nee == nee2): Object: 'Object Repository/Actpol_Scripts/Opsporing/MBES18/test' is clicked on&#xD;
&#xD;
2019-09-05 19:37:53 - [TEST_STEP][PASSED] - click(to1, OPTIONAL): Object: 'Object Repository/Actpol_Scripts/Opsporing/MBES18/test' is clicked on&#xD;
&#xD;
2019-09-05 19:37:54 - [MESSAGE][PASSED] - Object: 'Object Repository/Actpol_Scripts/Opsporing/MBES18/test' is clicked on&#xD;
&#xD;
2019-09-05 19:37:54 - [TEST_STEP][PASSED] - Neeid = i: null&#xD;
&#xD;
2019-09-05 19:37:54 - [TEST_STEP][PASSED] - Neepath = "//*[@id="MiddelenAUform"]/table/tbody/tr[" + Neeid + "]/td[2]/input[2]": null&#xD;
&#xD;
2019-09-05 19:37:54 - [TEST_STEP][PASSED] - println(Neepath): null&#xD;
&#xD;
2019-09-05 19:37:54 - [TEST_STEP][PASSED] - to1 = findTestObject("Actpol_Scripts/Opsporing/MBES18/test"): null&#xD;
&#xD;
2019-09-05 19:37:54 - [TEST_STEP][PASSED] - to1.addProperty("xpath", EQUALS, Neepath): null&#xD;
&#xD;
2019-09-05 19:37:54 - [TEST_STEP][PASSED] - nee = getAttribute(to1, "value"): Attribute 'value' of object 'Object Repository/Actpol_Scripts/Opsporing/MBES18/test' is: 'N'&#xD;
&#xD;
2019-09-05 19:37:54 - [MESSAGE][PASSED] - Attribute 'value' of object 'Object Repository/Actpol_Scripts/Opsporing/MBES18/test' is: 'N'&#xD;
&#xD;
2019-09-05 19:37:54 - [TEST_STEP][PASSED] - println(nee): null&#xD;
&#xD;
2019-09-05 19:37:54 - [TEST_STEP][PASSED] - nee2 = "N": null&#xD;
&#xD;
2019-09-05 19:37:55 - [TEST_STEP][PASSED] - if (nee == nee2): Object: 'Object Repository/Actpol_Scripts/Opsporing/MBES18/test' is clicked on&#xD;
&#xD;
2019-09-05 19:37:55 - [TEST_STEP][PASSED] - click(to1, OPTIONAL): Object: 'Object Repository/Actpol_Scripts/Opsporing/MBES18/test' is clicked on&#xD;
&#xD;
2019-09-05 19:37:55 - [MESSAGE][PASSED] - Object: 'Object Repository/Actpol_Scripts/Opsporing/MBES18/test' is clicked on&#xD;
&#xD;
2019-09-05 19:37:55 - [TEST_STEP][PASSED] - Neeid = i: null&#xD;
&#xD;
2019-09-05 19:37:55 - [TEST_STEP][PASSED] - Neepath = "//*[@id="MiddelenAUform"]/table/tbody/tr[" + Neeid + "]/td[2]/input[2]": null&#xD;
&#xD;
2019-09-05 19:37:55 - [TEST_STEP][PASSED] - println(Neepath): null&#xD;
&#xD;
2019-09-05 19:37:55 - [TEST_STEP][PASSED] - to1 = findTestObject("Actpol_Scripts/Opsporing/MBES18/test"): null&#xD;
&#xD;
2019-09-05 19:38:18 - [TEST_STEP][PASSED] - to1.addProperty("xpath", EQUALS, Neepath): null&#xD;
&#xD;
2019-09-05 19:38:18 - [TEST_STEP][PASSED] - nee = getAttribute(to1, "value"): Attribute 'value' of object 'Object Repository/Actpol_Scripts/Opsporing/MBES18/test' is: 'N'&#xD;
&#xD;
2019-09-05 19:38:18 - [MESSAGE][PASSED] - Attribute 'value' of object 'Object Repository/Actpol_Scripts/Opsporing/MBES18/test' is: 'N'&#xD;
&#xD;
2019-09-05 19:38:18 - [TEST_STEP][PASSED] - println(nee): null&#xD;
&#xD;
2019-09-05 19:38:18 - [TEST_STEP][PASSED] - nee2 = "N": null&#xD;
&#xD;
2019-09-05 19:38:35 - [TEST_STEP][PASSED] - if (nee == nee2): Object: 'Object Repository/Actpol_Scripts/Opsporing/MBES18/test' is clicked on&#xD;
&#xD;
2019-09-05 19:38:35 - [TEST_STEP][PASSED] - click(to1, OPTIONAL): Object: 'Object Repository/Actpol_Scripts/Opsporing/MBES18/test' is clicked on&#xD;
&#xD;
2019-09-05 19:38:35 - [MESSAGE][PASSED] - Object: 'Object Repository/Actpol_Scripts/Opsporing/MBES18/test' is clicked on&#xD;
&#xD;
2019-09-05 19:38:35 - [TEST_STEP][PASSED] - Neeid = i: null&#xD;
&#xD;
2019-09-05 19:38:35 - [TEST_STEP][PASSED] - Neepath = "//*[@id="MiddelenAUform"]/table/tbody/tr[" + Neeid + "]/td[2]/input[2]": null&#xD;
&#xD;
2019-09-05 19:38:35 - [TEST_STEP][PASSED] - println(Neepath): null&#xD;
&#xD;
2019-09-05 19:38:35 - [TEST_STEP][PASSED] - to1 = findTestObject("Actpol_Scripts/Opsporing/MBES18/test"): null&#xD;
&#xD;
2019-09-05 19:38:37 - [TEST_STEP][PASSED] - to1.addProperty("xpath", EQUALS, Neepath): null&#xD;
&#xD;
2019-09-05 19:38:37 - [TEST_STEP][PASSED] - nee = getAttribute(to1, "value"): Attribute 'value' of object 'Object Repository/Actpol_Scripts/Opsporing/MBES18/test' is: 'N'&#xD;
&#xD;
2019-09-05 19:38:37 - [MESSAGE][PASSED] - Attribute 'value' of object 'Object Repository/Actpol_Scripts/Opsporing/MBES18/test' is: 'N'&#xD;
&#xD;
2019-09-05 19:38:37 - [TEST_STEP][PASSED] - println(nee): null&#xD;
&#xD;
2019-09-05 19:38:37 - [TEST_STEP][PASSED] - nee2 = "N": null&#xD;
&#xD;
2019-09-05 19:38:37 - [TEST_STEP][PASSED] - if (nee == nee2): Object: 'Object Repository/Actpol_Scripts/Opsporing/MBES18/test' is clicked on&#xD;
&#xD;
2019-09-05 19:38:37 - [TEST_STEP][PASSED] - click(to1, OPTIONAL): Object: 'Object Repository/Actpol_Scripts/Opsporing/MBES18/test' is clicked on&#xD;
&#xD;
2019-09-05 19:38:38 - [MESSAGE][PASSED] - Object: 'Object Repository/Actpol_Scripts/Opsporing/MBES18/test' is clicked on&#xD;
&#xD;
2019-09-05 19:38:38 - [TEST_STEP][PASSED] - Neeid = i: null&#xD;
&#xD;
2019-09-05 19:38:38 - [TEST_STEP][PASSED] - Neepath = "//*[@id="MiddelenAUform"]/table/tbody/tr[" + Neeid + "]/td[2]/input[2]": null&#xD;
&#xD;
2019-09-05 19:38:38 - [TEST_STEP][PASSED] - println(Neepath): null&#xD;
&#xD;
2019-09-05 19:38:38 - [TEST_STEP][PASSED] - to1 = findTestObject("Actpol_Scripts/Opsporing/MBES18/test"): null&#xD;
&#xD;
2019-09-05 19:38:39 - [TEST_STEP][PASSED] - to1.addProperty("xpath", EQUALS, Neepath): null&#xD;
&#xD;
2019-09-05 19:38:39 - [TEST_STEP][PASSED] - nee = getAttribute(to1, "value"): Attribute 'value' of object 'Object Repository/Actpol_Scripts/Opsporing/MBES18/test' is: 'N'&#xD;
&#xD;
2019-09-05 19:38:40 - [MESSAGE][PASSED] - Attribute 'value' of object 'Object Repository/Actpol_Scripts/Opsporing/MBES18/test' is: 'N'&#xD;
&#xD;
2019-09-05 19:38:40 - [TEST_STEP][PASSED] - println(nee): null&#xD;
&#xD;
2019-09-05 19:38:40 - [TEST_STEP][PASSED] - nee2 = "N": null&#xD;
&#xD;
2019-09-05 19:38:40 - [TEST_STEP][PASSED] - if (nee == nee2): Object: 'Object Repository/Actpol_Scripts/Opsporing/MBES18/test' is clicked on&#xD;
&#xD;
2019-09-05 19:38:40 - [TEST_STEP][PASSED] - click(to1, OPTIONAL): Object: 'Object Repository/Actpol_Scripts/Opsporing/MBES18/test' is clicked on&#xD;
&#xD;
2019-09-05 19:38:40 - [MESSAGE][PASSED] - Object: 'Object Repository/Actpol_Scripts/Opsporing/MBES18/test' is clicked on&#xD;
&#xD;
2019-09-05 19:38:40 - [TEST_STEP][PASSED] - Neeid = i: null&#xD;
&#xD;
2019-09-05 19:38:40 - [TEST_STEP][PASSED] - Neepath = "//*[@id="MiddelenAUform"]/table/tbody/tr[" + Neeid + "]/td[2]/input[2]": null&#xD;
&#xD;
2019-09-05 19:38:40 - [TEST_STEP][PASSED] - println(Neepath): null&#xD;
&#xD;
2019-09-05 19:38:40 - [TEST_STEP][PASSED] - to1 = findTestObject("Actpol_Scripts/Opsporing/MBES18/test"): null&#xD;
&#xD;
2019-09-05 19:38:42 - [TEST_STEP][PASSED] - to1.addProperty("xpath", EQUALS, Neepath): null&#xD;
&#xD;
2019-09-05 19:38:42 - [TEST_STEP][PASSED] - nee = getAttribute(to1, "value"): Attribute 'value' of object 'Object Repository/Actpol_Scripts/Opsporing/MBES18/test' is: 'N'&#xD;
&#xD;
2019-09-05 19:38:42 - [MESSAGE][PASSED] - Attribute 'value' of object 'Object Repository/Actpol_Scripts/Opsporing/MBES18/test' is: 'N'&#xD;
&#xD;
2019-09-05 19:38:42 - [TEST_STEP][PASSED] - println(nee): null&#xD;
&#xD;
2019-09-05 19:38:42 - [TEST_STEP][PASSED] - nee2 = "N": null&#xD;
&#xD;
2019-09-05 19:38:42 - [TEST_STEP][PASSED] - if (nee == nee2): Object: 'Object Repository/Actpol_Scripts/Opsporing/MBES18/test' is clicked on&#xD;
&#xD;
2019-09-05 19:38:42 - [TEST_STEP][PASSED] - click(to1, OPTIONAL): Object: 'Object Repository/Actpol_Scripts/Opsporing/MBES18/test' is clicked on&#xD;
&#xD;
2019-09-05 19:38:42 - [MESSAGE][PASSED] - Object: 'Object Repository/Actpol_Scripts/Opsporing/MBES18/test' is clicked on&#xD;
&#xD;
2019-09-05 19:38:42 - [TEST_STEP][PASSED] - s201 = findTestObject("Actpol_Scripts/Opsporing/MBES18/test"): null&#xD;
&#xD;
2019-09-05 19:38:43 - [TEST_STEP][PASSED] - s201.addProperty("xpath", EQUALS, s20): null&#xD;
&#xD;
2019-09-05 19:38:43 - [TEST_STEP][PASSED] - click(s201, OPTIONAL): Object: 'Object Repository/Actpol_Scripts/Opsporing/MBES18/test' is clicked on&#xD;
&#xD;
2019-09-05 19:38:43 - [MESSAGE][PASSED] - Object: 'Object Repository/Actpol_Scripts/Opsporing/MBES18/test' is clicked on&#xD;
&#xD;
2019-09-05 19:38:43 - [TEST_STEP][PASSED] - s211 = findTestObject("Actpol_Scripts/Opsporing/MBES18/test"): null&#xD;
&#xD;
2019-09-05 19:38:43 - [TEST_STEP][PASSED] - s211.addProperty("xpath", EQUALS, s21): null&#xD;
&#xD;
2019-09-05 19:38:43 - [TEST_STEP][PASSED] - click(s211, OPTIONAL): Object: 'Object Repository/Actpol_Scripts/Opsporing/MBES18/test' is clicked on&#xD;
&#xD;
2019-09-05 19:38:44 - [MESSAGE][PASSED] - Object: 'Object Repository/Actpol_Scripts/Opsporing/MBES18/test' is clicked on&#xD;
&#xD;
2019-09-05 19:38:44 - [TEST_STEP][PASSED] - delay(1): Delayed 1 second(s)&#xD;
&#xD;
2019-09-05 19:38:45 - [MESSAGE][PASSED] - Delayed 1 second(s)&#xD;
&#xD;
2019-09-05 19:38:45 - [TEST_STEP][PASSED] - click(findTestObject("Actpol_Scripts/Opsporing/MBES18/MBSC SAVE"), OPTIONAL): Object: 'Object Repository/Actpol_Scripts/Opsporing/MBES18/MBSC SAVE' is clicked on&#xD;
&#xD;
2019-09-05 19:38:46 - [MESSAGE][PASSED] - Object: 'Object Repository/Actpol_Scripts/Opsporing/MBES18/MBSC SAVE' is clicked on&#xD;
&#xD;
2019-09-05 19:38:46 - [TEST_STEP][PASSED] - delay(1): Delayed 1 second(s)&#xD;
&#xD;
2019-09-05 19:38:47 - [MESSAGE][PASSED] - Delayed 1 second(s)&#xD;
&#xD;
2019-09-05 19:38:47 - [TEST_STEP][PASSED] - scrollToPosition(10, 7): Browser is scrolled to position x = 10, y = 7&#xD;
&#xD;
2019-09-05 19:38:47 - [MESSAGE][PASSED] - Browser is scrolled to position x = 10, y = 7&#xD;
&#xD;
2019-09-05 19:38:47 - [TEST_STEP][PASSED] - delay(1): Delayed 1 second(s)&#xD;
&#xD;
2019-09-05 19:38:48 - [MESSAGE][PASSED] - Delayed 1 second(s)&#xD;
&#xD;
2019-09-05 19:38:48 - [TEST_STEP][PASSED] - comment("Checking onbekend validation"): Checking onbekend validation&#xD;
&#xD;
2019-09-05 19:38:48 - [MESSAGE][INFO] - Checking onbekend validation&#xD;
&#xD;
2019-09-05 19:38:48 - [TEST_STEP][PASSED] - for ([i = 5, i &lt;= 18, (i++)]): Object: 'Object Repository/Actpol_Scripts/Opsporing/MBES18/test' is clicked on&#xD;
&#xD;
2019-09-05 19:38:48 - [TEST_STEP][PASSED] - Neeid = i: null&#xD;
&#xD;
2019-09-05 19:38:48 - [TEST_STEP][PASSED] - Neepath = "//*[@id="MiddelenAUform"]/table/tbody/tr[" + Neeid + "]/td[2]/input[3]": null&#xD;
&#xD;
2019-09-05 19:38:48 - [TEST_STEP][PASSED] - println(Neepath): null&#xD;
&#xD;
2019-09-05 19:38:48 - [TEST_STEP][PASSED] - onbekendtest = findTestObject("Actpol_Scripts/Opsporing/MBES18/test"): null&#xD;
&#xD;
2019-09-05 19:38:49 - [TEST_STEP][PASSED] - onbekendtest.addProperty("xpath", EQUALS, Neepath): null&#xD;
&#xD;
2019-09-05 19:38:49 - [TEST_STEP][PASSED] - click(onbekendtest, OPTIONAL): Object: 'Object Repository/Actpol_Scripts/Opsporing/MBES18/test' is clicked on&#xD;
&#xD;
2019-09-05 19:38:49 - [MESSAGE][PASSED] - Object: 'Object Repository/Actpol_Scripts/Opsporing/MBES18/test' is clicked on&#xD;
&#xD;
2019-09-05 19:38:50 - [TEST_STEP][PASSED] - Neeid = i: null&#xD;
&#xD;
2019-09-05 19:38:50 - [TEST_STEP][PASSED] - Neepath = "//*[@id="MiddelenAUform"]/table/tbody/tr[" + Neeid + "]/td[2]/input[3]": null&#xD;
&#xD;
2019-09-05 19:38:50 - [TEST_STEP][PASSED] - println(Neepath): null&#xD;
&#xD;
2019-09-05 19:38:50 - [TEST_STEP][PASSED] - onbekendtest = findTestObject("Actpol_Scripts/Opsporing/MBES18/test"): null&#xD;
&#xD;
2019-09-05 19:38:50 - [TEST_STEP][PASSED] - onbekendtest.addProperty("xpath", EQUALS, Neepath): null&#xD;
&#xD;
2019-09-05 19:38:50 - [TEST_STEP][PASSED] - click(onbekendtest, OPTIONAL): Object: 'Object Repository/Actpol_Scripts/Opsporing/MBES18/test' is clicked on&#xD;
&#xD;
2019-09-05 19:38:51 - [MESSAGE][PASSED] - Object: 'Object Repository/Actpol_Scripts/Opsporing/MBES18/test' is clicked on&#xD;
&#xD;
2019-09-05 19:38:51 - [TEST_STEP][PASSED] - Neeid = i: null&#xD;
&#xD;
2019-09-05 19:38:51 - [TEST_STEP][PASSED] - Neepath = "//*[@id="MiddelenAUform"]/table/tbody/tr[" + Neeid + "]/td[2]/input[3]": null&#xD;
&#xD;
2019-09-05 19:38:51 - [TEST_STEP][PASSED] - println(Neepath): null&#xD;
&#xD;
2019-09-05 19:38:51 - [TEST_STEP][PASSED] - onbekendtest = findTestObject("Actpol_Scripts/Opsporing/MBES18/test"): null&#xD;
&#xD;
2019-09-05 19:38:51 - [TEST_STEP][PASSED] - onbekendtest.addProperty("xpath", EQUALS, Neepath): null&#xD;
&#xD;
2019-09-05 19:38:51 - [TEST_STEP][PASSED] - click(onbekendtest, OPTIONAL): Object: 'Object Repository/Actpol_Scripts/Opsporing/MBES18/test' is clicked on&#xD;
&#xD;
2019-09-05 19:38:52 - [MESSAGE][PASSED] - Object: 'Object Repository/Actpol_Scripts/Opsporing/MBES18/test' is clicked on&#xD;
&#xD;
2019-09-05 19:38:52 - [TEST_STEP][PASSED] - Neeid = i: null&#xD;
&#xD;
2019-09-05 19:38:52 - [TEST_STEP][PASSED] - Neepath = "//*[@id="MiddelenAUform"]/table/tbody/tr[" + Neeid + "]/td[2]/input[3]": null&#xD;
&#xD;
2019-09-05 19:38:52 - [TEST_STEP][PASSED] - println(Neepath): null&#xD;
&#xD;
2019-09-05 19:39:29 - [TEST_STEP][PASSED] - onbekendtest = findTestObject("Actpol_Scripts/Opsporing/MBES18/test"): null&#xD;
&#xD;
2019-09-05 19:39:30 - [TEST_STEP][PASSED] - onbekendtest.addProperty("xpath", EQUALS, Neepath): null&#xD;
&#xD;
2019-09-05 19:39:30 - [TEST_STEP][PASSED] - click(onbekendtest, OPTIONAL): Object: 'Object Repository/Actpol_Scripts/Opsporing/MBES18/test' is clicked on&#xD;
&#xD;
2019-09-05 19:39:30 - [MESSAGE][PASSED] - Object: 'Object Repository/Actpol_Scripts/Opsporing/MBES18/test' is clicked on&#xD;
&#xD;
2019-09-05 19:39:30 - [TEST_STEP][PASSED] - Neeid = i: null&#xD;
&#xD;
2019-09-05 19:39:35 - [TEST_STEP][PASSED] - Neepath = "//*[@id="MiddelenAUform"]/table/tbody/tr[" + Neeid + "]/td[2]/input[3]": null&#xD;
&#xD;
2019-09-05 19:39:35 - [TEST_STEP][PASSED] - println(Neepath): null&#xD;
&#xD;
2019-09-05 19:39:35 - [TEST_STEP][PASSED] - onbekendtest = findTestObject("Actpol_Scripts/Opsporing/MBES18/test"): null&#xD;
&#xD;
2019-09-05 19:39:35 - [TEST_STEP][PASSED] - onbekendtest.addProperty("xpath", EQUALS, Neepath): null&#xD;
&#xD;
2019-09-05 19:39:35 - [TEST_STEP][PASSED] - click(onbekendtest, OPTIONAL): Object: 'Object Repository/Actpol_Scripts/Opsporing/MBES18/test' is clicked on&#xD;
&#xD;
2019-09-05 19:39:36 - [MESSAGE][PASSED] - Object: 'Object Repository/Actpol_Scripts/Opsporing/MBES18/test' is clicked on&#xD;
&#xD;
2019-09-05 19:39:36 - [TEST_STEP][PASSED] - Neeid = i: null&#xD;
&#xD;
2019-09-05 19:39:36 - [TEST_STEP][PASSED] - Neepath = "//*[@id="MiddelenAUform"]/table/tbody/tr[" + Neeid + "]/td[2]/input[3]": null&#xD;
&#xD;
2019-09-05 19:39:36 - [TEST_STEP][PASSED] - println(Neepath): null&#xD;
&#xD;
2019-09-05 19:39:36 - [TEST_STEP][PASSED] - onbekendtest = findTestObject("Actpol_Scripts/Opsporing/MBES18/test"): null&#xD;
&#xD;
2019-09-05 19:39:36 - [TEST_STEP][PASSED] - onbekendtest.addProperty("xpath", EQUALS, Neepath): null&#xD;
&#xD;
2019-09-05 19:39:36 - [TEST_STEP][PASSED] - click(onbekendtest, OPTIONAL): Object: 'Object Repository/Actpol_Scripts/Opsporing/MBES18/test' is clicked on&#xD;
&#xD;
2019-09-05 19:39:36 - [MESSAGE][PASSED] - Object: 'Object Repository/Actpol_Scripts/Opsporing/MBES18/test' is clicked on&#xD;
&#xD;
2019-09-05 19:39:36 - [TEST_STEP][PASSED] - Neeid = i: null&#xD;
&#xD;
2019-09-05 19:39:36 - [TEST_STEP][PASSED] - Neepath = "//*[@id="MiddelenAUform"]/table/tbody/tr[" + Neeid + "]/td[2]/input[3]": null&#xD;
&#xD;
2019-09-05 19:39:36 - [TEST_STEP][PASSED] - println(Neepath): null&#xD;
&#xD;
2019-09-05 19:39:36 - [TEST_STEP][PASSED] - onbekendtest = findTestObject("Actpol_Scripts/Opsporing/MBES18/test"): null&#xD;
&#xD;
2019-09-05 19:39:37 - [TEST_STEP][PASSED] - onbekendtest.addProperty("xpath", EQUALS, Neepath): null&#xD;
&#xD;
2019-09-05 19:39:37 - [TEST_STEP][PASSED] - click(onbekendtest, OPTIONAL): Object: 'Object Repository/Actpol_Scripts/Opsporing/MBES18/test' is clicked on&#xD;
&#xD;
2019-09-05 19:39:37 - [MESSAGE][PASSED] - Object: 'Object Repository/Actpol_Scripts/Opsporing/MBES18/test' is clicked on&#xD;
&#xD;
2019-09-05 19:39:37 - [TEST_STEP][PASSED] - Neeid = i: null&#xD;
&#xD;
2019-09-05 19:39:37 - [TEST_STEP][PASSED] - Neepath = "//*[@id="MiddelenAUform"]/table/tbody/tr[" + Neeid + "]/td[2]/input[3]": null&#xD;
&#xD;
2019-09-05 19:39:37 - [TEST_STEP][PASSED] - println(Neepath): null&#xD;
&#xD;
2019-09-05 19:39:37 - [TEST_STEP][PASSED] - onbekendtest = findTestObject("Actpol_Scripts/Opsporing/MBES18/test"): null&#xD;
&#xD;
2019-09-05 19:39:37 - [TEST_STEP][PASSED] - onbekendtest.addProperty("xpath", EQUALS, Neepath): null&#xD;
&#xD;
2019-09-05 19:39:37 - [TEST_STEP][PASSED] - click(onbekendtest, OPTIONAL): Object: 'Object Repository/Actpol_Scripts/Opsporing/MBES18/test' is clicked on&#xD;
&#xD;
2019-09-05 19:39:38 - [MESSAGE][PASSED] - Object: 'Object Repository/Actpol_Scripts/Opsporing/MBES18/test' is clicked on&#xD;
&#xD;
2019-09-05 19:39:38 - [TEST_STEP][PASSED] - Neeid = i: null&#xD;
&#xD;
2019-09-05 19:39:38 - [TEST_STEP][PASSED] - Neepath = "//*[@id="MiddelenAUform"]/table/tbody/tr[" + Neeid + "]/td[2]/input[3]": null&#xD;
&#xD;
2019-09-05 19:39:38 - [TEST_STEP][PASSED] - println(Neepath): null&#xD;
&#xD;
2019-09-05 19:39:38 - [TEST_STEP][PASSED] - onbekendtest = findTestObject("Actpol_Scripts/Opsporing/MBES18/test"): null&#xD;
&#xD;
2019-09-05 19:39:39 - [TEST_STEP][PASSED] - onbekendtest.addProperty("xpath", EQUALS, Neepath): null&#xD;
&#xD;
2019-09-05 19:39:39 - [TEST_STEP][PASSED] - click(onbekendtest, OPTIONAL): Object: 'Object Repository/Actpol_Scripts/Opsporing/MBES18/test' is clicked on&#xD;
&#xD;
2019-09-05 19:39:39 - [MESSAGE][PASSED] - Object: 'Object Repository/Actpol_Scripts/Opsporing/MBES18/test' is clicked on&#xD;
&#xD;
2019-09-05 19:39:39 - [TEST_STEP][PASSED] - Neeid = i: null&#xD;
&#xD;
2019-09-05 19:39:39 - [TEST_STEP][PASSED] - Neepath = "//*[@id="MiddelenAUform"]/table/tbody/tr[" + Neeid + "]/td[2]/input[3]": null&#xD;
&#xD;
2019-09-05 19:39:39 - [TEST_STEP][PASSED] - println(Neepath): null&#xD;
&#xD;
2019-09-05 19:39:39 - [TEST_STEP][PASSED] - onbekendtest = findTestObject("Actpol_Scripts/Opsporing/MBES18/test"): null&#xD;
&#xD;
2019-09-05 19:39:39 - [TEST_STEP][PASSED] - onbekendtest.addProperty("xpath", EQUALS, Neepath): null&#xD;
&#xD;
2019-09-05 19:39:39 - [TEST_STEP][PASSED] - click(onbekendtest, OPTIONAL): Object: 'Object Repository/Actpol_Scripts/Opsporing/MBES18/test' is clicked on&#xD;
&#xD;
2019-09-05 19:39:40 - [MESSAGE][PASSED] - Object: 'Object Repository/Actpol_Scripts/Opsporing/MBES18/test' is clicked on&#xD;
&#xD;
2019-09-05 19:39:40 - [TEST_STEP][PASSED] - Neeid = i: null&#xD;
&#xD;
2019-09-05 19:39:40 - [TEST_STEP][PASSED] - Neepath = "//*[@id="MiddelenAUform"]/table/tbody/tr[" + Neeid + "]/td[2]/input[3]": null&#xD;
&#xD;
2019-09-05 19:39:40 - [TEST_STEP][PASSED] - println(Neepath): null&#xD;
&#xD;
2019-09-05 19:39:40 - [TEST_STEP][PASSED] - onbekendtest = findTestObject("Actpol_Scripts/Opsporing/MBES18/test"): null&#xD;
&#xD;
2019-09-05 19:39:41 - [TEST_STEP][PASSED] - onbekendtest.addProperty("xpath", EQUALS, Neepath): null&#xD;
&#xD;
2019-09-05 19:39:41 - [TEST_STEP][PASSED] - click(onbekendtest, OPTIONAL): Object: 'Object Repository/Actpol_Scripts/Opsporing/MBES18/test' is clicked on&#xD;
&#xD;
2019-09-05 19:39:41 - [MESSAGE][PASSED] - Object: 'Object Repository/Actpol_Scripts/Opsporing/MBES18/test' is clicked on&#xD;
&#xD;
2019-09-05 19:39:41 - [TEST_STEP][PASSED] - Neeid = i: null&#xD;
&#xD;
2019-09-05 19:39:41 - [TEST_STEP][PASSED] - Neepath = "//*[@id="MiddelenAUform"]/table/tbody/tr[" + Neeid + "]/td[2]/input[3]": null&#xD;
&#xD;
2019-09-05 19:39:41 - [TEST_STEP][PASSED] - println(Neepath): null&#xD;
&#xD;
2019-09-05 19:39:41 - [TEST_STEP][PASSED] - onbekendtest = findTestObject("Actpol_Scripts/Opsporing/MBES18/test"): null&#xD;
&#xD;
2019-09-05 19:39:42 - [TEST_STEP][PASSED] - onbekendtest.addProperty("xpath", EQUALS, Neepath): null&#xD;
&#xD;
2019-09-05 19:39:42 - [TEST_STEP][PASSED] - click(onbekendtest, OPTIONAL): Object: 'Object Repository/Actpol_Scripts/Opsporing/MBES18/test' is clicked on&#xD;
&#xD;
2019-09-05 19:39:42 - [MESSAGE][PASSED] - Object: 'Object Repository/Actpol_Scripts/Opsporing/MBES18/test' is clicked on&#xD;
&#xD;
2019-09-05 19:39:42 - [TEST_STEP][PASSED] - Neeid = i: null&#xD;
&#xD;
2019-09-05 19:39:42 - [TEST_STEP][PASSED] - Neepath = "//*[@id="MiddelenAUform"]/table/tbody/tr[" + Neeid + "]/td[2]/input[3]": null&#xD;
&#xD;
2019-09-05 19:39:42 - [TEST_STEP][PASSED] - println(Neepath): null&#xD;
&#xD;
2019-09-05 19:39:42 - [TEST_STEP][PASSED] - onbekendtest = findTestObject("Actpol_Scripts/Opsporing/MBES18/test"): null&#xD;
&#xD;
2019-09-05 19:39:43 - [TEST_STEP][PASSED] - onbekendtest.addProperty("xpath", EQUALS, Neepath): null&#xD;
&#xD;
2019-09-05 19:39:43 - [TEST_STEP][PASSED] - click(onbekendtest, OPTIONAL): Object: 'Object Repository/Actpol_Scripts/Opsporing/MBES18/test' is clicked on&#xD;
&#xD;
2019-09-05 19:39:44 - [MESSAGE][PASSED] - Object: 'Object Repository/Actpol_Scripts/Opsporing/MBES18/test' is clicked on&#xD;
&#xD;
2019-09-05 19:39:44 - [TEST_STEP][PASSED] - Neeid = i: null&#xD;
&#xD;
2019-09-05 19:39:44 - [TEST_STEP][PASSED] - Neepath = "//*[@id="MiddelenAUform"]/table/tbody/tr[" + Neeid + "]/td[2]/input[3]": null&#xD;
&#xD;
2019-09-05 19:39:44 - [TEST_STEP][PASSED] - println(Neepath): null&#xD;
&#xD;
2019-09-05 19:39:44 - [TEST_STEP][PASSED] - onbekendtest = findTestObject("Actpol_Scripts/Opsporing/MBES18/test"): null&#xD;
&#xD;
2019-09-05 19:39:44 - [TEST_STEP][PASSED] - onbekendtest.addProperty("xpath", EQUALS, Neepath): null&#xD;
&#xD;
2019-09-05 19:39:44 - [TEST_STEP][PASSED] - click(onbekendtest, OPTIONAL): Object: 'Object Repository/Actpol_Scripts/Opsporing/MBES18/test' is clicked on&#xD;
&#xD;
2019-09-05 19:39:44 - [MESSAGE][PASSED] - Object: 'Object Repository/Actpol_Scripts/Opsporing/MBES18/test' is clicked on&#xD;
&#xD;
2019-09-05 19:39:44 - [TEST_STEP][PASSED] - delay(1): Delayed 1 second(s)&#xD;
&#xD;
2019-09-05 19:39:45 - [MESSAGE][PASSED] - Delayed 1 second(s)&#xD;
&#xD;
2019-09-05 19:39:45 - [TEST_STEP][PASSED] - click(findTestObject("Actpol_Scripts/Opsporing/MBES18/MBSC SAVE"), OPTIONAL): Object: 'Object Repository/Actpol_Scripts/Opsporing/MBES18/MBSC SAVE' is clicked on&#xD;
&#xD;
2019-09-05 19:39:46 - [MESSAGE][PASSED] - Object: 'Object Repository/Actpol_Scripts/Opsporing/MBES18/MBSC SAVE' is clicked on&#xD;
&#xD;
2019-09-05 19:39:46 - [TEST_STEP][PASSED] - delay(1): Delayed 1 second(s)&#xD;
&#xD;
2019-09-05 19:39:47 - [MESSAGE][PASSED] - Delayed 1 second(s)&#xD;
&#xD;
2019-09-05 19:39:47 - [TEST_STEP][PASSED] - scrollToPosition(10, 7): Browser is scrolled to position x = 10, y = 7&#xD;
&#xD;
2019-09-05 19:39:47 - [MESSAGE][PASSED] - Browser is scrolled to position x = 10, y = 7&#xD;
&#xD;
2019-09-05 19:39:47 - [TEST_STEP][PASSED] - delay(1): Delayed 1 second(s)&#xD;
&#xD;
2019-09-05 19:39:48 - [MESSAGE][PASSED] - Delayed 1 second(s)&#xD;
&#xD;
2019-09-05 19:39:48 - [TEST_STEP][PASSED] - comment("Checking Text box data"): Checking Text box data&#xD;
&#xD;
2019-09-05 19:39:48 - [MESSAGE][INFO] - Checking Text box data&#xD;
&#xD;
2019-09-05 19:39:48 - [TEST_STEP][PASSED] - for ([i = 5, i &lt;= 18, (i++)]): Text 'katalon testing' is set on object 'Object Repository/Actpol_Scripts/Opsporing/MBES18/test'&#xD;
&#xD;
2019-09-05 19:39:48 - [TEST_STEP][PASSED] - textbox = i: null&#xD;
&#xD;
2019-09-05 19:39:57 - [TEST_STEP][PASSED] - textboxid = "//*[@id="MiddelenAUform"]/table/tbody/tr[" + textbox + "]/td[4]/input": null&#xD;
&#xD;
2019-09-05 19:39:57 - [TEST_STEP][PASSED] - println(textboxid): null&#xD;
&#xD;
2019-09-05 19:39:57 - [TEST_STEP][PASSED] - txtid = findTestObject("Actpol_Scripts/Opsporing/MBES18/test"): null&#xD;
&#xD;
2019-09-05 19:39:59 - [TEST_STEP][PASSED] - txtid.addProperty("xpath", EQUALS, textboxid): null&#xD;
&#xD;
2019-09-05 19:40:02 - [TEST_STEP][PASSED] - setText(txtid, "katalon testing"): Text 'katalon testing' is set on object 'Object Repository/Actpol_Scripts/Opsporing/MBES18/test'&#xD;
&#xD;
2019-09-05 19:40:05 - [MESSAGE][PASSED] - Text 'katalon testing' is set on object 'Object Repository/Actpol_Scripts/Opsporing/MBES18/test'&#xD;
&#xD;
2019-09-05 19:40:05 - [TEST_STEP][PASSED] - textbox = i: null&#xD;
&#xD;
2019-09-05 19:40:05 - [TEST_STEP][PASSED] - textboxid = "//*[@id="MiddelenAUform"]/table/tbody/tr[" + textbox + "]/td[4]/input": null&#xD;
&#xD;
2019-09-05 19:40:05 - [TEST_STEP][PASSED] - println(textboxid): null&#xD;
&#xD;
2019-09-05 19:40:05 - [TEST_STEP][PASSED] - txtid = findTestObject("Actpol_Scripts/Opsporing/MBES18/test"): null&#xD;
&#xD;
2019-09-05 19:40:05 - [TEST_STEP][PASSED] - txtid.addProperty("xpath", EQUALS, textboxid): null&#xD;
&#xD;
2019-09-05 19:40:05 - [TEST_STEP][PASSED] - setText(txtid, "katalon testing"): Text 'katalon testing' is set on object 'Object Repository/Actpol_Scripts/Opsporing/MBES18/test'&#xD;
&#xD;
2019-09-05 19:40:06 - [MESSAGE][PASSED] - Text 'katalon testing' is set on object 'Object Repository/Actpol_Scripts/Opsporing/MBES18/test'&#xD;
&#xD;
2019-09-05 19:40:06 - [TEST_STEP][PASSED] - textbox = i: null&#xD;
&#xD;
2019-09-05 19:40:06 - [TEST_STEP][PASSED] - textboxid = "//*[@id="MiddelenAUform"]/table/tbody/tr[" + textbox + "]/td[4]/input": null&#xD;
&#xD;
2019-09-05 19:40:06 - [TEST_STEP][PASSED] - println(textboxid): null&#xD;
&#xD;
2019-09-05 19:40:06 - [TEST_STEP][PASSED] - txtid = findTestObject("Actpol_Scripts/Opsporing/MBES18/test"): null&#xD;
&#xD;
2019-09-05 19:40:07 - [TEST_STEP][PASSED] - txtid.addProperty("xpath", EQUALS, textboxid): null&#xD;
&#xD;
2019-09-05 19:40:07 - [TEST_STEP][PASSED] - setText(txtid, "katalon testing"): Text 'katalon testing' is set on object 'Object Repository/Actpol_Scripts/Opsporing/MBES18/test'&#xD;
&#xD;
2019-09-05 19:40:07 - [MESSAGE][PASSED] - Text 'katalon testing' is set on object 'Object Repository/Actpol_Scripts/Opsporing/MBES18/test'&#xD;
&#xD;
2019-09-05 19:40:07 - [TEST_STEP][PASSED] - textbox = i: null&#xD;
&#xD;
2019-09-05 19:40:07 - [TEST_STEP][PASSED] - textboxid = "//*[@id="MiddelenAUform"]/table/tbody/tr[" + textbox + "]/td[4]/input": null&#xD;
&#xD;
2019-09-05 19:40:07 - [TEST_STEP][PASSED] - println(textboxid): null&#xD;
&#xD;
2019-09-05 19:40:07 - [TEST_STEP][PASSED] - txtid = findTestObject("Actpol_Scripts/Opsporing/MBES18/test"): null&#xD;
&#xD;
2019-09-05 19:40:07 - [TEST_STEP][PASSED] - txtid.addProperty("xpath", EQUALS, textboxid): null&#xD;
&#xD;
2019-09-05 19:40:07 - [TEST_STEP][PASSED] - setText(txtid, "katalon testing"): Text 'katalon testing' is set on object 'Object Repository/Actpol_Scripts/Opsporing/MBES18/test'&#xD;
&#xD;
2019-09-05 19:40:09 - [MESSAGE][PASSED] - Text 'katalon testing' is set on object 'Object Repository/Actpol_Scripts/Opsporing/MBES18/test'&#xD;
&#xD;
2019-09-05 19:40:09 - [TEST_STEP][PASSED] - textbox = i: null&#xD;
&#xD;
2019-09-05 19:40:09 - [TEST_STEP][PASSED] - textboxid = "//*[@id="MiddelenAUform"]/table/tbody/tr[" + textbox + "]/td[4]/input": null&#xD;
&#xD;
2019-09-05 19:40:09 - [TEST_STEP][PASSED] - println(textboxid): null&#xD;
&#xD;
2019-09-05 19:40:09 - [TEST_STEP][PASSED] - txtid = findTestObject("Actpol_Scripts/Opsporing/MBES18/test"): null&#xD;
&#xD;
2019-09-05 19:40:09 - [TEST_STEP][PASSED] - txtid.addProperty("xpath", EQUALS, textboxid): null&#xD;
&#xD;
2019-09-05 19:40:09 - [TEST_STEP][PASSED] - setText(txtid, "katalon testing"): Text 'katalon testing' is set on object 'Object Repository/Actpol_Scripts/Opsporing/MBES18/test'&#xD;
&#xD;
2019-09-05 19:40:10 - [MESSAGE][PASSED] - Text 'katalon testing' is set on object 'Object Repository/Actpol_Scripts/Opsporing/MBES18/test'&#xD;
&#xD;
2019-09-05 19:40:10 - [TEST_STEP][PASSED] - textbox = i: null&#xD;
&#xD;
2019-09-05 19:40:10 - [TEST_STEP][PASSED] - textboxid = "//*[@id="MiddelenAUform"]/table/tbody/tr[" + textbox + "]/td[4]/input": null&#xD;
&#xD;
2019-09-05 19:40:10 - [TEST_STEP][PASSED] - println(textboxid): null&#xD;
&#xD;
2019-09-05 19:40:10 - [TEST_STEP][PASSED] - txtid = findTestObject("Actpol_Scripts/Opsporing/MBES18/test"): null&#xD;
&#xD;
2019-09-05 19:40:11 - [TEST_STEP][PASSED] - txtid.addProperty("xpath", EQUALS, textboxid): null&#xD;
&#xD;
2019-09-05 19:40:11 - [TEST_STEP][PASSED] - setText(txtid, "katalon testing"): Text 'katalon testing' is set on object 'Object Repository/Actpol_Scripts/Opsporing/MBES18/test'&#xD;
&#xD;
2019-09-05 19:40:12 - [MESSAGE][PASSED] - Text 'katalon testing' is set on object 'Object Repository/Actpol_Scripts/Opsporing/MBES18/test'&#xD;
&#xD;
2019-09-05 19:40:12 - [TEST_STEP][PASSED] - textbox = i: null&#xD;
&#xD;
2019-09-05 19:40:12 - [TEST_STEP][PASSED] - textboxid = "//*[@id="MiddelenAUform"]/table/tbody/tr[" + textbox + "]/td[4]/input": null&#xD;
&#xD;
2019-09-05 19:40:12 - [TEST_STEP][PASSED] - println(textboxid): null&#xD;
&#xD;
2019-09-05 19:40:12 - [TEST_STEP][PASSED] - txtid = findTestObject("Actpol_Scripts/Opsporing/MBES18/test"): null&#xD;
&#xD;
2019-09-05 19:40:16 - [TEST_STEP][PASSED] - txtid.addProperty("xpath", EQUALS, textboxid): null&#xD;
&#xD;
2019-09-05 19:40:16 - [TEST_STEP][PASSED] - setText(txtid, "katalon testing"): Text 'katalon testing' is set on object 'Object Repository/Actpol_Scripts/Opsporing/MBES18/test'&#xD;
&#xD;
2019-09-05 19:40:17 - [MESSAGE][PASSED] - Text 'katalon testing' is set on object 'Object Repository/Actpol_Scripts/Opsporing/MBES18/test'&#xD;
&#xD;
2019-09-05 19:40:17 - [TEST_STEP][PASSED] - textbox = i: null&#xD;
&#xD;
2019-09-05 19:40:17 - [TEST_STEP][PASSED] - textboxid = "//*[@id="MiddelenAUform"]/table/tbody/tr[" + textbox + "]/td[4]/input": null&#xD;
&#xD;
2019-09-05 19:40:17 - [TEST_STEP][PASSED] - println(textboxid): null&#xD;
&#xD;
2019-09-05 19:40:17 - [TEST_STEP][PASSED] - txtid = findTestObject("Actpol_Scripts/Opsporing/MBES18/test"): null&#xD;
&#xD;
2019-09-05 19:40:17 - [TEST_STEP][PASSED] - txtid.addProperty("xpath", EQUALS, textboxid): null&#xD;
&#xD;
2019-09-05 19:40:17 - [TEST_STEP][PASSED] - setText(txtid, "katalon testing"): Text 'katalon testing' is set on object 'Object Repository/Actpol_Scripts/Opsporing/MBES18/test'&#xD;
&#xD;
2019-09-05 19:40:18 - [MESSAGE][PASSED] - Text 'katalon testing' is set on object 'Object Repository/Actpol_Scripts/Opsporing/MBES18/test'&#xD;
&#xD;
2019-09-05 19:40:18 - [TEST_STEP][PASSED] - textbox = i: null&#xD;
&#xD;
2019-09-05 19:40:18 - [TEST_STEP][PASSED] - textboxid = "//*[@id="MiddelenAUform"]/table/tbody/tr[" + textbox + "]/td[4]/input": null&#xD;
&#xD;
2019-09-05 19:40:19 - [TEST_STEP][PASSED] - println(textboxid): null&#xD;
&#xD;
2019-09-05 19:40:19 - [TEST_STEP][PASSED] - txtid = findTestObject("Actpol_Scripts/Opsporing/MBES18/test"): null&#xD;
&#xD;
2019-09-05 19:40:19 - [TEST_STEP][PASSED] - txtid.addProperty("xpath", EQUALS, textboxid): null&#xD;
&#xD;
2019-09-05 19:40:19 - [TEST_STEP][PASSED] - setText(txtid, "katalon testing"): Text 'katalon testing' is set on object 'Object Repository/Actpol_Scripts/Opsporing/MBES18/test'&#xD;
&#xD;
2019-09-05 19:40:20 - [MESSAGE][PASSED] - Text 'katalon testing' is set on object 'Object Repository/Actpol_Scripts/Opsporing/MBES18/test'&#xD;
&#xD;
2019-09-05 19:40:20 - [TEST_STEP][PASSED] - textbox = i: null&#xD;
&#xD;
2019-09-05 19:40:20 - [TEST_STEP][PASSED] - textboxid = "//*[@id="MiddelenAUform"]/table/tbody/tr[" + textbox + "]/td[4]/input": null&#xD;
&#xD;
2019-09-05 19:40:20 - [TEST_STEP][PASSED] - println(textboxid): null&#xD;
&#xD;
2019-09-05 19:40:20 - [TEST_STEP][PASSED] - txtid = findTestObject("Actpol_Scripts/Opsporing/MBES18/test"): null&#xD;
&#xD;
2019-09-05 19:40:20 - [TEST_STEP][PASSED] - txtid.addProperty("xpath", EQUALS, textboxid): null&#xD;
&#xD;
2019-09-05 19:40:20 - [TEST_STEP][PASSED] - setText(txtid, "katalon testing"): Text 'katalon testing' is set on object 'Object Repository/Actpol_Scripts/Opsporing/MBES18/test'&#xD;
&#xD;
2019-09-05 19:40:21 - [MESSAGE][PASSED] - Text 'katalon testing' is set on object 'Object Repository/Actpol_Scripts/Opsporing/MBES18/test'&#xD;
&#xD;
2019-09-05 19:40:21 - [TEST_STEP][PASSED] - textbox = i: null&#xD;
&#xD;
2019-09-05 19:40:21 - [TEST_STEP][PASSED] - textboxid = "//*[@id="MiddelenAUform"]/table/tbody/tr[" + textbox + "]/td[4]/input": null&#xD;
&#xD;
2019-09-05 19:40:21 - [TEST_STEP][PASSED] - println(textboxid): null&#xD;
&#xD;
2019-09-05 19:40:21 - [TEST_STEP][PASSED] - txtid = findTestObject("Actpol_Scripts/Opsporing/MBES18/test"): null&#xD;
&#xD;
2019-09-05 19:40:21 - [TEST_STEP][PASSED] - txtid.addProperty("xpath", EQUALS, textboxid): null&#xD;
&#xD;
2019-09-05 19:40:21 - [TEST_STEP][PASSED] - setText(txtid, "katalon testing"): Text 'katalon testing' is set on object 'Object Repository/Actpol_Scripts/Opsporing/MBES18/test'&#xD;
&#xD;
2019-09-05 19:40:23 - [MESSAGE][PASSED] - Text 'katalon testing' is set on object 'Object Repository/Actpol_Scripts/Opsporing/MBES18/test'&#xD;
&#xD;
2019-09-05 19:40:23 - [TEST_STEP][PASSED] - textbox = i: null&#xD;
&#xD;
2019-09-05 19:40:23 - [TEST_STEP][PASSED] - textboxid = "//*[@id="MiddelenAUform"]/table/tbody/tr[" + textbox + "]/td[4]/input": null&#xD;
&#xD;
2019-09-05 19:40:23 - [TEST_STEP][PASSED] - println(textboxid): null&#xD;
&#xD;
2019-09-05 19:40:23 - [TEST_STEP][PASSED] - txtid = findTestObject("Actpol_Scripts/Opsporing/MBES18/test"): null&#xD;
&#xD;
2019-09-05 19:40:23 - [TEST_STEP][PASSED] - txtid.addProperty("xpath", EQUALS, textboxid): null&#xD;
&#xD;
2019-09-05 19:40:23 - [TEST_STEP][PASSED] - setText(txtid, "katalon testing"): Text 'katalon testing' is set on object 'Object Repository/Actpol_Scripts/Opsporing/MBES18/test'&#xD;
&#xD;
2019-09-05 19:40:25 - [MESSAGE][PASSED] - Text 'katalon testing' is set on object 'Object Repository/Actpol_Scripts/Opsporing/MBES18/test'&#xD;
&#xD;
2019-09-05 19:40:44 - [TEST_STEP][PASSED] - textbox = i: null&#xD;
&#xD;
2019-09-05 19:40:44 - [TEST_STEP][PASSED] - textboxid = "//*[@id="MiddelenAUform"]/table/tbody/tr[" + textbox + "]/td[4]/input": null&#xD;
&#xD;
2019-09-05 19:40:44 - [TEST_STEP][PASSED] - println(textboxid): null&#xD;
&#xD;
2019-09-05 19:40:44 - [TEST_STEP][PASSED] - txtid = findTestObject("Actpol_Scripts/Opsporing/MBES18/test"): null&#xD;
&#xD;
2019-09-05 19:40:54 - [TEST_STEP][PASSED] - txtid.addProperty("xpath", EQUALS, textboxid): null&#xD;
&#xD;
2019-09-05 19:40:54 - [TEST_STEP][PASSED] - setText(txtid, "katalon testing"): Text 'katalon testing' is set on object 'Object Repository/Actpol_Scripts/Opsporing/MBES18/test'&#xD;
&#xD;
2019-09-05 19:40:55 - [MESSAGE][PASSED] - Text 'katalon testing' is set on object 'Object Repository/Actpol_Scripts/Opsporing/MBES18/test'&#xD;
&#xD;
2019-09-05 19:40:55 - [TEST_STEP][PASSED] - textbox = i: null&#xD;
&#xD;
2019-09-05 19:40:55 - [TEST_STEP][PASSED] - textboxid = "//*[@id="MiddelenAUform"]/table/tbody/tr[" + textbox + "]/td[4]/input": null&#xD;
&#xD;
2019-09-05 19:40:55 - [TEST_STEP][PASSED] - println(textboxid): null&#xD;
&#xD;
2019-09-05 19:40:55 - [TEST_STEP][PASSED] - txtid = findTestObject("Actpol_Scripts/Opsporing/MBES18/test"): null&#xD;
&#xD;
2019-09-05 19:40:55 - [TEST_STEP][PASSED] - txtid.addProperty("xpath", EQUALS, textboxid): null&#xD;
&#xD;
2019-09-05 19:40:55 - [TEST_STEP][PASSED] - setText(txtid, "katalon testing"): Text 'katalon testing' is set on object 'Object Repository/Actpol_Scripts/Opsporing/MBES18/test'&#xD;
&#xD;
2019-09-05 19:40:56 - [MESSAGE][PASSED] - Text 'katalon testing' is set on object 'Object Repository/Actpol_Scripts/Opsporing/MBES18/test'&#xD;
&#xD;
2019-09-05 19:40:56 - [TEST_STEP][PASSED] - delay(1): Delayed 1 second(s)&#xD;
&#xD;
2019-09-05 19:40:57 - [MESSAGE][PASSED] - Delayed 1 second(s)&#xD;
&#xD;
2019-09-05 19:40:57 - [TEST_STEP][PASSED] - click(findTestObject("Actpol_Scripts/Opsporing/MBES18/MBSC SAVE"), OPTIONAL): Object: 'Object Repository/Actpol_Scripts/Opsporing/MBES18/MBSC SAVE' is clicked on&#xD;
&#xD;
2019-09-05 19:41:01 - [MESSAGE][PASSED] - Object: 'Object Repository/Actpol_Scripts/Opsporing/MBES18/MBSC SAVE' is clicked on&#xD;
&#xD;
2019-09-05 19:41:01 - [TEST_STEP][PASSED] - delay(1): Delayed 1 second(s)&#xD;
&#xD;
2019-09-05 19:41:02 - [MESSAGE][PASSED] - Delayed 1 second(s)</system-out>
            <system-err></system-err>
        </testcase>
        <testcase name="Test Cases/JIRA Tasks/Release 6.6/ACTPOL-563" classname="Test Cases/JIRA Tasks/Release 6.6/ACTPOL-563" status="PASSED">
            <system-out>2019-09-05 19:41:08 - [TEST_CASE][PASSED] - Test Cases/JIRA Tasks/Release 6.6/ACTPOL-563: Test Cases/JIRA Tasks/Release 6.6/ACTPOL-563&#xD;
&#xD;
2019-09-05 19:41:13 - [TEST_STEP][PASSED] - callTestCase(findTestCase("main/Actpol_Login_testenv"), [:], STOP_ON_FAILURE): Call Test Case 'Test Cases/main/Actpol_Login_testenv' successfully&#xD;
&#xD;
2019-09-05 19:41:14 - [TEST_CASE][PASSED] - Test Cases/main/Actpol_Login_testenv: Test Cases/main/Actpol_Login_testenv&#xD;
&#xD;
2019-09-05 19:41:14 - [TEST_STEP][PASSED] - openBrowser(""): Browser is opened with url: ''&#xD;
&#xD;
2019-09-05 19:41:15 - [MESSAGE][WARNING] - A browser is already opened. Closing browser and opening a new one&#xD;
&#xD;
2019-09-05 19:41:24 - [MESSAGE][INFO] - Starting 'Chrome' driver&#xD;
&#xD;
2019-09-05 19:41:51 - [MESSAGE][PASSED] - Browser is opened with url: ''&#xD;
&#xD;
2019-09-05 19:41:51 - [TEST_STEP][PASSED] - deleteAllCookies(): Delete all cookies successfully&#xD;
&#xD;
2019-09-05 19:41:52 - [MESSAGE][PASSED] - Delete all cookies successfully&#xD;
&#xD;
2019-09-05 19:41:52 - [TEST_STEP][PASSED] - waitForPageLoad(30): Wait for page load successfully&#xD;
&#xD;
2019-09-05 19:41:56 - [MESSAGE][PASSED] - Wait for page load successfully&#xD;
&#xD;
2019-09-05 19:41:57 - [TEST_STEP][PASSED] - maximizeWindow(): Current window maximized&#xD;
&#xD;
2019-09-05 19:42:02 - [MESSAGE][PASSED] - Current window maximized&#xD;
&#xD;
2019-09-05 19:42:02 - [TEST_STEP][PASSED] - ACTPOLTESTENV = 1: null&#xD;
&#xD;
2019-09-05 19:42:02 - [TEST_STEP][PASSED] - ACTPOLDEVENV = 2: null&#xD;
&#xD;
2019-09-05 19:42:03 - [TEST_STEP][PASSED] - ACTPOLKCENV = 3: null&#xD;
&#xD;
2019-09-05 19:42:03 - [TEST_STEP][PASSED] - ACTPOLKBKPCNENV = 4: null&#xD;
&#xD;
2019-09-05 19:42:03 - [TEST_STEP][PASSED] - ACTPOLKBKMARENV = 5: null&#xD;
&#xD;
2019-09-05 19:42:04 - [TEST_STEP][PASSED] - ACTPOLKMENV = 6: null&#xD;
&#xD;
2019-09-05 19:42:04 - [TEST_STEP][PASSED] - ACTPOLKWENV = 7: null&#xD;
&#xD;
2019-09-05 19:42:04 - [TEST_STEP][PASSED] - environment = ACTPOLDEVENV: null&#xD;
&#xD;
2019-09-05 19:42:04 - [TEST_STEP][PASSED] - Selectenv = &lt;not implemented yet for class: org.codehaus.groovy.ast.expr.EmptyExpression&gt;: null&#xD;
&#xD;
2019-09-05 19:42:04 - [TEST_STEP][PASSED] - switch (environment): null&#xD;
&#xD;
2019-09-05 19:42:05 - [TEST_STEP][PASSED] - case 2:: null&#xD;
&#xD;
2019-09-05 19:42:05 - [TEST_STEP][PASSED] - println(Selectenv = "ACTPOL-DEV-ENV"): null&#xD;
&#xD;
2019-09-05 19:42:05 - [TEST_STEP][PASSED] - navigateToUrl(DEVURL): Navigate to 'http://10.20.10.7:8202/actpoldev/JPOL558/nxmenu.pgm?docnum=604' successfully&#xD;
&#xD;
2019-09-05 19:42:29 - [MESSAGE][PASSED] - Navigate to 'http://10.20.10.7:8202/actpoldev/JPOL558/nxmenu.pgm?docnum=604' successfully&#xD;
&#xD;
2019-09-05 19:42:29 - [TEST_STEP][PASSED] - setText(findTestObject("Actpol_Scripts/login/userid"), username): Text 'vidhya' is set on object 'Object Repository/Actpol_Scripts/login/userid'&#xD;
&#xD;
2019-09-05 19:42:37 - [MESSAGE][PASSED] - Text 'vidhya' is set on object 'Object Repository/Actpol_Scripts/login/userid'&#xD;
&#xD;
2019-09-05 19:42:37 - [TEST_STEP][PASSED] - setMaskedText(findTestObject("Actpol_Scripts/login/password"), password): Text '********' is set on object 'Object Repository/Actpol_Scripts/login/password'&#xD;
&#xD;
2019-09-05 19:42:39 - [MESSAGE][PASSED] - Text '********' is set on object 'Object Repository/Actpol_Scripts/login/password'&#xD;
&#xD;
2019-09-05 19:42:39 - [TEST_STEP][PASSED] - click(findTestObject("Actpol_Scripts/login/login")): Object: 'Object Repository/Actpol_Scripts/login/login' is clicked on&#xD;
&#xD;
2019-09-05 19:42:40 - [MESSAGE][PASSED] - Object: 'Object Repository/Actpol_Scripts/login/login' is clicked on&#xD;
&#xD;
2019-09-05 19:42:40 - [TEST_STEP][PASSED] - getWindowTitle(): Current window's title is: 'Login Page for ACTPOL Developer'&#xD;
&#xD;
2019-09-05 19:42:40 - [MESSAGE][PASSED] - Current window's title is: 'Login Page for ACTPOL Developer'&#xD;
&#xD;
2019-09-05 19:42:40 - [TEST_STEP][PASSED] - break: null&#xD;
&#xD;
2019-09-05 19:42:40 - [MESSAGE][PASSED] - Call Test Case 'Test Cases/main/Actpol_Login_testenv' successfully&#xD;
&#xD;
2019-09-05 19:42:40 - [TEST_STEP][PASSED] - mouseOver(findTestObject("Actpol_Scripts/Menu navigation/Opsporing/Opsporing")): Object: 'Object Repository/Actpol_Scripts/Menu navigation/Opsporing/Opsporing' is hovered&#xD;
&#xD;
2019-09-05 19:43:00 - [MESSAGE][PASSED] - Object: 'Object Repository/Actpol_Scripts/Menu navigation/Opsporing/Opsporing' is hovered&#xD;
&#xD;
2019-09-05 19:43:00 - [TEST_STEP][PASSED] - delay(2): Delayed 2 second(s)&#xD;
&#xD;
2019-09-05 19:43:02 - [MESSAGE][PASSED] - Delayed 2 second(s)&#xD;
&#xD;
2019-09-05 19:43:02 - [TEST_STEP][PASSED] - click(findTestObject("Actpol_Scripts/Opsporing/MBES18/MBES18 TAB")): Object: 'Object Repository/Actpol_Scripts/Opsporing/MBES18/MBES18 TAB' is clicked on&#xD;
&#xD;
2019-09-05 19:43:08 - [MESSAGE][PASSED] - Object: 'Object Repository/Actpol_Scripts/Opsporing/MBES18/MBES18 TAB' is clicked on&#xD;
&#xD;
2019-09-05 19:43:08 - [TEST_STEP][PASSED] - delay(1): Delayed 1 second(s)&#xD;
&#xD;
2019-09-05 19:43:09 - [MESSAGE][PASSED] - Delayed 1 second(s)&#xD;
&#xD;
2019-09-05 19:43:09 - [TEST_STEP][PASSED] - click(findTestObject("Actpol_Scripts/Opsporing/MBES18/mbes new")): Object: 'Object Repository/Actpol_Scripts/Opsporing/MBES18/mbes new' is clicked on&#xD;
&#xD;
2019-09-05 19:43:11 - [MESSAGE][PASSED] - Object: 'Object Repository/Actpol_Scripts/Opsporing/MBES18/mbes new' is clicked on&#xD;
&#xD;
2019-09-05 19:43:11 - [TEST_STEP][PASSED] - delay(8): Delayed 8 second(s)&#xD;
&#xD;
2019-09-05 19:43:19 - [MESSAGE][PASSED] - Delayed 8 second(s)&#xD;
&#xD;
2019-09-05 19:43:19 - [TEST_STEP][PASSED] - click(findTestObject("Actpol_Scripts/Opsporing/MBES18/Registratie tab")): Object: 'Object Repository/Actpol_Scripts/Opsporing/MBES18/Registratie tab' is clicked on&#xD;
&#xD;
2019-09-05 19:43:20 - [MESSAGE][PASSED] - Object: 'Object Repository/Actpol_Scripts/Opsporing/MBES18/Registratie tab' is clicked on&#xD;
&#xD;
2019-09-05 19:43:20 - [TEST_STEP][PASSED] - click(findTestObject("Actpol_Scripts/Opsporing/MBES18/5 INCIDENTEN/INCIDENTEN tab"), OPTIONAL): Object: 'Object Repository/Actpol_Scripts/Opsporing/MBES18/5 INCIDENTEN/INCIDENTEN tab' is clicked on&#xD;
&#xD;
2019-09-05 19:43:21 - [MESSAGE][PASSED] - Object: 'Object Repository/Actpol_Scripts/Opsporing/MBES18/5 INCIDENTEN/INCIDENTEN tab' is clicked on&#xD;
&#xD;
2019-09-05 19:43:21 - [TEST_STEP][PASSED] - delay(2): Delayed 2 second(s)&#xD;
&#xD;
2019-09-05 19:43:23 - [MESSAGE][PASSED] - Delayed 2 second(s)&#xD;
&#xD;
2019-09-05 19:43:23 - [TEST_STEP][PASSED] - click(findTestObject("Actpol_Scripts/Opsporing/MBES18/5 INCIDENTEN/INCIDENTEN new")): Object: 'Object Repository/Actpol_Scripts/Opsporing/MBES18/5 INCIDENTEN/INCIDENTEN new' is clicked on&#xD;
&#xD;
2019-09-05 19:43:24 - [MESSAGE][PASSED] - Object: 'Object Repository/Actpol_Scripts/Opsporing/MBES18/5 INCIDENTEN/INCIDENTEN new' is clicked on&#xD;
&#xD;
2019-09-05 19:43:24 - [TEST_STEP][PASSED] - delay(1): Delayed 1 second(s)&#xD;
&#xD;
2019-09-05 19:43:25 - [MESSAGE][PASSED] - Delayed 1 second(s)&#xD;
&#xD;
2019-09-05 19:43:25 - [TEST_STEP][PASSED] - click(findTestObject("Actpol_Scripts/Opsporing/MBES18/5 INCIDENTEN/INCIDENTEN save")): Object: 'Object Repository/Actpol_Scripts/Opsporing/MBES18/5 INCIDENTEN/INCIDENTEN save' is clicked on&#xD;
&#xD;
2019-09-05 19:43:27 - [MESSAGE][PASSED] - Object: 'Object Repository/Actpol_Scripts/Opsporing/MBES18/5 INCIDENTEN/INCIDENTEN save' is clicked on&#xD;
&#xD;
2019-09-05 19:43:27 - [TEST_STEP][PASSED] - delay(2): Delayed 2 second(s)&#xD;
&#xD;
2019-09-05 19:43:29 - [MESSAGE][PASSED] - Delayed 2 second(s)&#xD;
&#xD;
2019-09-05 19:43:29 - [TEST_STEP][PASSED] - takeScreenshot(): Taking screenshot successfully&#xD;
&#xD;
2019-09-05 19:43:31 - [MESSAGE][PASSED] - Taking screenshot successfully&#xD;
[[ATTACHMENT|C:\\Users\\user4\\git\\ACTPOL\\Reports\\20190905_192623\\Release 6.6\\ACTPOL-561,562 AND 563\\20190905_192646\\1567692809334.png]]&#xD;
&#xD;
2019-09-05 19:43:31 - [TEST_STEP][PASSED] - log = new com.kms.katalon.core.logging.KeywordLogger(): null&#xD;
&#xD;
2019-09-05 19:43:31 - [TEST_STEP][PASSED] - log.logInfo("successfully saved data without entering any details"): successfully saved data without entering any details&#xD;
&#xD;
2019-09-05 19:43:31 - [MESSAGE][INFO] - successfully saved data without entering any details&#xD;
&#xD;
2019-09-05 19:43:31 - [TEST_STEP][PASSED] - delay(1): Delayed 1 second(s)&#xD;
&#xD;
2019-09-05 19:43:32 - [MESSAGE][PASSED] - Delayed 1 second(s)&#xD;
&#xD;
2019-09-05 19:43:32 - [TEST_STEP][PASSED] - click(findTestObject("Actpol_Scripts/Opsporing/MBES18/5 INCIDENTEN/INCIDENTEN new")): Object: 'Object Repository/Actpol_Scripts/Opsporing/MBES18/5 INCIDENTEN/INCIDENTEN new' is clicked on&#xD;
&#xD;
2019-09-05 19:43:33 - [MESSAGE][PASSED] - Object: 'Object Repository/Actpol_Scripts/Opsporing/MBES18/5 INCIDENTEN/INCIDENTEN new' is clicked on&#xD;
&#xD;
2019-09-05 19:43:33 - [TEST_STEP][PASSED] - delay(1): Delayed 1 second(s)&#xD;
&#xD;
2019-09-05 19:43:34 - [MESSAGE][PASSED] - Delayed 1 second(s)&#xD;
&#xD;
2019-09-05 19:43:34 - [TEST_STEP][PASSED] - selectOptionByLabel(findTestObject("Actpol_Scripts/Opsporing/MBES18/5 INCIDENTEN/Organisatie"), "SKS", false): All options with label 'SKS' are selected in object 'Object Repository/Actpol_Scripts/Opsporing/MBES18/5 INCIDENTEN/Organisatie' &#xD;
&#xD;
2019-09-05 19:43:36 - [MESSAGE][PASSED] - All options with label 'SKS' are selected in object 'Object Repository/Actpol_Scripts/Opsporing/MBES18/5 INCIDENTEN/Organisatie' &#xD;
&#xD;
2019-09-05 19:43:36 - [TEST_STEP][PASSED] - delay(1): Delayed 1 second(s)&#xD;
&#xD;
2019-09-05 19:43:37 - [MESSAGE][PASSED] - Delayed 1 second(s)&#xD;
&#xD;
2019-09-05 19:43:37 - [TEST_STEP][PASSED] - setText(findTestObject("Actpol_Scripts/Opsporing/MBES18/5 INCIDENTEN/Datum Incident"), "29/09/2019"): Text '29/09/2019' is set on object 'Object Repository/Actpol_Scripts/Opsporing/MBES18/5 INCIDENTEN/Datum Incident'&#xD;
&#xD;
2019-09-05 19:43:38 - [MESSAGE][PASSED] - Text '29/09/2019' is set on object 'Object Repository/Actpol_Scripts/Opsporing/MBES18/5 INCIDENTEN/Datum Incident'&#xD;
&#xD;
2019-09-05 19:43:38 - [TEST_STEP][PASSED] - delay(1): Delayed 1 second(s)&#xD;
&#xD;
2019-09-05 19:43:39 - [MESSAGE][PASSED] - Delayed 1 second(s)&#xD;
&#xD;
2019-09-05 19:43:39 - [TEST_STEP][PASSED] - setText(findTestObject("Actpol_Scripts/Opsporing/MBES18/5 INCIDENTEN/Bejzonderheden"), "testing : Bejzonderheden"): Text 'testing : Bejzonderheden' is set on object 'Object Repository/Actpol_Scripts/Opsporing/MBES18/5 INCIDENTEN/Bejzonderheden'&#xD;
&#xD;
2019-09-05 19:43:43 - [MESSAGE][PASSED] - Text 'testing : Bejzonderheden' is set on object 'Object Repository/Actpol_Scripts/Opsporing/MBES18/5 INCIDENTEN/Bejzonderheden'&#xD;
&#xD;
2019-09-05 19:43:43 - [TEST_STEP][PASSED] - delay(1): Delayed 1 second(s)&#xD;
&#xD;
2019-09-05 19:43:44 - [MESSAGE][PASSED] - Delayed 1 second(s)&#xD;
&#xD;
2019-09-05 19:43:44 - [TEST_STEP][PASSED] - setText(findTestObject("Actpol_Scripts/Opsporing/MBES18/5 INCIDENTEN/Contactperson"), "testing : Contactperson"): Text 'testing : Contactperson' is set on object 'Object Repository/Actpol_Scripts/Opsporing/MBES18/5 INCIDENTEN/Contactperson'&#xD;
&#xD;
2019-09-05 19:43:46 - [MESSAGE][PASSED] - Text 'testing : Contactperson' is set on object 'Object Repository/Actpol_Scripts/Opsporing/MBES18/5 INCIDENTEN/Contactperson'&#xD;
&#xD;
2019-09-05 19:43:46 - [TEST_STEP][PASSED] - delay(1): Delayed 1 second(s)&#xD;
&#xD;
2019-09-05 19:43:47 - [MESSAGE][PASSED] - Delayed 1 second(s)&#xD;
&#xD;
2019-09-05 19:43:47 - [TEST_STEP][PASSED] - setText(findTestObject("Actpol_Scripts/Opsporing/MBES18/5 INCIDENTEN/Telefoonnummer"), "987512364"): Text '987512364' is set on object 'Object Repository/Actpol_Scripts/Opsporing/MBES18/5 INCIDENTEN/Telefoonnummer'&#xD;
&#xD;
2019-09-05 19:43:49 - [MESSAGE][PASSED] - Text '987512364' is set on object 'Object Repository/Actpol_Scripts/Opsporing/MBES18/5 INCIDENTEN/Telefoonnummer'&#xD;
&#xD;
2019-09-05 19:43:49 - [TEST_STEP][PASSED] - delay(1): Delayed 1 second(s)&#xD;
&#xD;
2019-09-05 19:43:50 - [MESSAGE][PASSED] - Delayed 1 second(s)&#xD;
&#xD;
2019-09-05 19:43:50 - [TEST_STEP][PASSED] - click(findTestObject("Actpol_Scripts/Opsporing/MBES18/5 INCIDENTEN/INCIDENTEN save")): Object: 'Object Repository/Actpol_Scripts/Opsporing/MBES18/5 INCIDENTEN/INCIDENTEN save' is clicked on&#xD;
&#xD;
2019-09-05 19:43:50 - [MESSAGE][PASSED] - Object: 'Object Repository/Actpol_Scripts/Opsporing/MBES18/5 INCIDENTEN/INCIDENTEN save' is clicked on&#xD;
&#xD;
2019-09-05 19:43:50 - [TEST_STEP][PASSED] - delay(1): Delayed 1 second(s)&#xD;
&#xD;
2019-09-05 19:43:51 - [MESSAGE][PASSED] - Delayed 1 second(s)&#xD;
&#xD;
2019-09-05 19:43:51 - [TEST_STEP][PASSED] - takeScreenshot(): Taking screenshot successfully&#xD;
&#xD;
2019-09-05 19:43:53 - [MESSAGE][PASSED] - Taking screenshot successfully&#xD;
[[ATTACHMENT|C:\\Users\\user4\\git\\ACTPOL\\Reports\\20190905_192623\\Release 6.6\\ACTPOL-561,562 AND 563\\20190905_192646\\1567692832001.png]]&#xD;
&#xD;
2019-09-05 19:43:53 - [TEST_STEP][PASSED] - log.logInfo("successfully saved data"): successfully saved data&#xD;
&#xD;
2019-09-05 19:43:53 - [MESSAGE][INFO] - successfully saved data</system-out>
            <system-err></system-err>
        </testcase>
        <system-out>2019-09-05 19:28:00 - [TEST_SUITE][INCOMPLETE] - ACTPOL-561,562 AND 563: null</system-out>
        <system-err>2019-09-05 19:28:00 - [TEST_SUITE][INCOMPLETE] - ACTPOL-561,562 AND 563: null</system-err>
    </testsuite>
</testsuites>
