<?xml version="1.0" encoding="UTF-8" standalone="yes"?>
<testsuites name="ACTPOL-552" time="252" tests="1" failures="0" errors="0">
    <testsuite name="ACTPOL-552" tests="1" failures="0" errors="0" time="252" timestamp="2019-08-27 15:14:24" hostname="user4 - 10.20.20.6" id="Test Suites/Release 6.6/ACTPOL-552">
        <properties>
            <property name="deviceName" value=""/>
            <property name="devicePlatform" value=""/>
            <property name="logFolder" value="C:\\Users\\user4\\git\\ACTPOL\\Reports\\20190827_151342\\Release 6.6\\ACTPOL-552\\20190827_151411"/>
            <property name="logFiles" value="C:\\Users\\user4\\git\\ACTPOL\\Reports\\20190827_151342\\Release 6.6\\ACTPOL-552\\20190827_151411\\execution0.log"/>
            <property name="attachments" value="C:\\Users\\user4\\git\\ACTPOL\\Reports\\20190827_151342\\Release 6.6\\ACTPOL-552\\20190827_151411\\1566899197907.png, C:\\Users\\user4\\git\\ACTPOL\\Reports\\20190827_151342\\Release 6.6\\ACTPOL-552\\20190827_151411\\1566899254931.png"/>
            <property name="hostName" value="user4 - 10.20.20.6"/>
            <property name="os" value="Windows 8.1 64bit"/>
            <property name="katalonVersion" value="6.3.2.1"/>
            <property name="browser" value="Chrome 76.0.3809.100"/>
            <property name="hostAddress" value="10.20.20.6"/>
            <property name="sessionId" value="ee0c0d0aa82c8b0230728a36a77423e3"/>
            <property name="seleniumVersion" value="3.141.59"/>
            <property name="proxyInformation" value="ProxyInformation{proxyOption=NO_PROXY, proxyServerType=HTTP, password=, proxyServerAddress=, proxyServerPort=0}"/>
            <property name="platform" value="Windows 8.1"/>
        </properties>
        <testcase name="Test Cases/JIRA Tasks/Release 6.6/ACTPOL-552" classname="Test Cases/JIRA Tasks/Release 6.6/ACTPOL-552" status="PASSED">
            <system-out>2019-08-27 15:14:24 - [TEST_CASE][PASSED] - Test Cases/JIRA Tasks/Release 6.6/ACTPOL-552: Test Cases/JIRA Tasks/Release 6.6/ACTPOL-552&#xD;
&#xD;
2019-08-27 15:14:26 - [TEST_STEP][PASSED] - callTestCase(findTestCase("main/Actpol_Login_testenv"), [:], STOP_ON_FAILURE): Call Test Case 'Test Cases/main/Actpol_Login_testenv' successfully&#xD;
&#xD;
2019-08-27 15:14:26 - [TEST_CASE][PASSED] - Test Cases/main/Actpol_Login_testenv: Test Cases/main/Actpol_Login_testenv&#xD;
&#xD;
2019-08-27 15:14:27 - [TEST_STEP][PASSED] - openBrowser(""): Browser is opened with url: ''&#xD;
&#xD;
2019-08-27 15:14:28 - [MESSAGE][INFO] - Starting 'Chrome' driver&#xD;
&#xD;
2019-08-27 15:14:28 - [MESSAGE][INFO] - Action delay is set to 0 seconds&#xD;
&#xD;
2019-08-27 15:14:38 - [MESSAGE][PASSED] - Browser is opened with url: ''&#xD;
&#xD;
2019-08-27 15:14:38 - [TEST_STEP][PASSED] - deleteAllCookies(): Delete all cookies successfully&#xD;
&#xD;
2019-08-27 15:14:38 - [MESSAGE][PASSED] - Delete all cookies successfully&#xD;
&#xD;
2019-08-27 15:14:38 - [TEST_STEP][PASSED] - waitForPageLoad(30): Wait for page load successfully&#xD;
&#xD;
2019-08-27 15:14:38 - [MESSAGE][PASSED] - Wait for page load successfully&#xD;
&#xD;
2019-08-27 15:14:38 - [TEST_STEP][PASSED] - maximizeWindow(): Current window maximized&#xD;
&#xD;
2019-08-27 15:14:39 - [MESSAGE][PASSED] - Current window maximized&#xD;
&#xD;
2019-08-27 15:14:39 - [TEST_STEP][PASSED] - ACTPOLTESTENV = 1: null&#xD;
&#xD;
2019-08-27 15:14:39 - [TEST_STEP][PASSED] - ACTPOLDEVENV = 2: null&#xD;
&#xD;
2019-08-27 15:14:39 - [TEST_STEP][PASSED] - ACTPOLKCENV = 3: null&#xD;
&#xD;
2019-08-27 15:14:39 - [TEST_STEP][PASSED] - ACTPOLKBKPCNENV = 4: null&#xD;
&#xD;
2019-08-27 15:14:39 - [TEST_STEP][PASSED] - ACTPOLKBKMARENV = 5: null&#xD;
&#xD;
2019-08-27 15:14:39 - [TEST_STEP][PASSED] - ACTPOLKMENV = 6: null&#xD;
&#xD;
2019-08-27 15:14:39 - [TEST_STEP][PASSED] - ACTPOLKWENV = 7: null&#xD;
&#xD;
2019-08-27 15:14:39 - [TEST_STEP][PASSED] - environment = ACTPOLTESTENV: null&#xD;
&#xD;
2019-08-27 15:14:39 - [TEST_STEP][PASSED] - Selectenv = &lt;not implemented yet for class: org.codehaus.groovy.ast.expr.EmptyExpression&gt;: null&#xD;
&#xD;
2019-08-27 15:14:39 - [TEST_STEP][PASSED] - switch (environment): null&#xD;
&#xD;
2019-08-27 15:14:39 - [TEST_STEP][PASSED] - case 1:: null&#xD;
&#xD;
2019-08-27 15:14:39 - [TEST_STEP][PASSED] - println(Selectenv = "ACTPOL-TEST-ENV"): null&#xD;
&#xD;
2019-08-27 15:14:39 - [TEST_STEP][PASSED] - navigateToUrl(TESTURL): Navigate to 'http://10.20.10.7:8185/actpoltst/nxmenu.pgm?docnum=551' successfully&#xD;
&#xD;
2019-08-27 15:14:50 - [MESSAGE][PASSED] - Navigate to 'http://10.20.10.7:8185/actpoltst/nxmenu.pgm?docnum=551' successfully&#xD;
&#xD;
2019-08-27 15:14:50 - [TEST_STEP][PASSED] - setText(findTestObject("Actpol_Scripts/login/userid"), username): Text 'vidhya' is set on object 'Object Repository/Actpol_Scripts/login/userid'&#xD;
&#xD;
2019-08-27 15:14:52 - [MESSAGE][PASSED] - Text 'vidhya' is set on object 'Object Repository/Actpol_Scripts/login/userid'&#xD;
&#xD;
2019-08-27 15:14:52 - [TEST_STEP][PASSED] - setMaskedText(findTestObject("Actpol_Scripts/login/password"), password): Text '********' is set on object 'Object Repository/Actpol_Scripts/login/password'&#xD;
&#xD;
2019-08-27 15:14:53 - [MESSAGE][PASSED] - Text '********' is set on object 'Object Repository/Actpol_Scripts/login/password'&#xD;
&#xD;
2019-08-27 15:14:53 - [TEST_STEP][PASSED] - click(findTestObject("Actpol_Scripts/login/login")): Object: 'Object Repository/Actpol_Scripts/login/login' is clicked on&#xD;
&#xD;
2019-08-27 15:14:54 - [MESSAGE][PASSED] - Object: 'Object Repository/Actpol_Scripts/login/login' is clicked on&#xD;
&#xD;
2019-08-27 15:14:54 - [TEST_STEP][PASSED] - getWindowTitle(): Current window's title is: 'Login Page for ACTPOL Test'&#xD;
&#xD;
2019-08-27 15:14:54 - [MESSAGE][PASSED] - Current window's title is: 'Login Page for ACTPOL Test'&#xD;
&#xD;
2019-08-27 15:14:54 - [TEST_STEP][PASSED] - break: null&#xD;
&#xD;
2019-08-27 15:14:54 - [MESSAGE][PASSED] - Call Test Case 'Test Cases/main/Actpol_Login_testenv' successfully&#xD;
&#xD;
2019-08-27 15:14:54 - [TEST_STEP][PASSED] - mouseOver(findTestObject("Actpol_Scripts/Menu navigation/Generiek/Generiek")): Object: 'Object Repository/Actpol_Scripts/Menu navigation/Generiek/Generiek' is hovered&#xD;
&#xD;
2019-08-27 15:15:07 - [MESSAGE][PASSED] - Object: 'Object Repository/Actpol_Scripts/Menu navigation/Generiek/Generiek' is hovered&#xD;
&#xD;
2019-08-27 15:15:07 - [TEST_STEP][PASSED] - delay(2): Delayed 2 second(s)&#xD;
&#xD;
2019-08-27 15:15:09 - [MESSAGE][PASSED] - Delayed 2 second(s)&#xD;
&#xD;
2019-08-27 15:15:09 - [TEST_STEP][PASSED] - click(findTestObject("Actpol_Scripts/Menu navigation/Generiek/Assistenties")): Object: 'Object Repository/Actpol_Scripts/Menu navigation/Generiek/Assistenties' is clicked on&#xD;
&#xD;
2019-08-27 15:15:14 - [MESSAGE][PASSED] - Object: 'Object Repository/Actpol_Scripts/Menu navigation/Generiek/Assistenties' is clicked on&#xD;
&#xD;
2019-08-27 15:15:14 - [TEST_STEP][PASSED] - delay(2): Delayed 2 second(s)&#xD;
&#xD;
2019-08-27 15:15:16 - [MESSAGE][PASSED] - Delayed 2 second(s)&#xD;
&#xD;
2019-08-27 15:15:16 - [TEST_STEP][PASSED] - click(findTestObject("Actpol_Scripts/Generiek/Assistentie/Assistentie New")): Object: 'Object Repository/Actpol_Scripts/Generiek/Assistentie/Assistentie New' is clicked on&#xD;
&#xD;
2019-08-27 15:15:25 - [MESSAGE][PASSED] - Object: 'Object Repository/Actpol_Scripts/Generiek/Assistentie/Assistentie New' is clicked on&#xD;
&#xD;
2019-08-27 15:15:26 - [TEST_STEP][PASSED] - delay(5): Delayed 5 second(s)&#xD;
&#xD;
2019-08-27 15:15:31 - [MESSAGE][PASSED] - Delayed 5 second(s)&#xD;
&#xD;
2019-08-27 15:15:31 - [TEST_STEP][PASSED] - setText(findTestObject("Actpol_Scripts/Generiek/Assistentie/Bron"), "k"): Text 'k' is set on object 'Object Repository/Actpol_Scripts/Generiek/Assistentie/Bron'&#xD;
&#xD;
2019-08-27 15:15:31 - [MESSAGE][PASSED] - Text 'k' is set on object 'Object Repository/Actpol_Scripts/Generiek/Assistentie/Bron'&#xD;
&#xD;
2019-08-27 15:15:31 - [TEST_STEP][PASSED] - delay(2): Delayed 2 second(s)&#xD;
&#xD;
2019-08-27 15:15:33 - [MESSAGE][PASSED] - Delayed 2 second(s)&#xD;
&#xD;
2019-08-27 15:15:33 - [TEST_STEP][PASSED] - click(findTestObject("Actpol_Scripts/Generiek/Assistentie/Born lb")): Object: 'Object Repository/Actpol_Scripts/Generiek/Assistentie/Born lb' is clicked on&#xD;
&#xD;
2019-08-27 15:15:34 - [MESSAGE][PASSED] - Object: 'Object Repository/Actpol_Scripts/Generiek/Assistentie/Born lb' is clicked on&#xD;
&#xD;
2019-08-27 15:15:34 - [TEST_STEP][PASSED] - setText(findTestObject("Actpol_Scripts/Generiek/Assistentie/Telefoon nummer"), "9999999999", OPTIONAL): Text '9999999999' is set on object 'Object Repository/Actpol_Scripts/Generiek/Assistentie/Telefoon nummer'&#xD;
&#xD;
2019-08-27 15:15:35 - [MESSAGE][PASSED] - Text '9999999999' is set on object 'Object Repository/Actpol_Scripts/Generiek/Assistentie/Telefoon nummer'&#xD;
&#xD;
2019-08-27 15:15:35 - [TEST_STEP][PASSED] - setText(findTestObject("Actpol_Scripts/Generiek/Assistentie/Titel"), "Testing test"): Text 'Testing test' is set on object 'Object Repository/Actpol_Scripts/Generiek/Assistentie/Titel'&#xD;
&#xD;
2019-08-27 15:15:35 - [MESSAGE][PASSED] - Text 'Testing test' is set on object 'Object Repository/Actpol_Scripts/Generiek/Assistentie/Titel'&#xD;
&#xD;
2019-08-27 15:15:35 - [TEST_STEP][PASSED] - selectOptionByValue(findTestObject("Actpol_Scripts/Generiek/Assistentie/Lokatie type"), "1", false): All options with value '1' are selected in object 'Object Repository/Actpol_Scripts/Generiek/Assistentie/Lokatie type' &#xD;
&#xD;
2019-08-27 15:15:36 - [MESSAGE][PASSED] - All options with value '1' are selected in object 'Object Repository/Actpol_Scripts/Generiek/Assistentie/Lokatie type' &#xD;
&#xD;
2019-08-27 15:15:36 - [TEST_STEP][PASSED] - delay(2): Delayed 2 second(s)&#xD;
&#xD;
2019-08-27 15:15:38 - [MESSAGE][PASSED] - Delayed 2 second(s)&#xD;
&#xD;
2019-08-27 15:15:38 - [TEST_STEP][PASSED] - click(findTestObject("Actpol_Scripts/Generiek/Assistentie/Incident Adres")): Object: 'Object Repository/Actpol_Scripts/Generiek/Assistentie/Incident Adres' is clicked on&#xD;
&#xD;
2019-08-27 15:15:39 - [MESSAGE][PASSED] - Object: 'Object Repository/Actpol_Scripts/Generiek/Assistentie/Incident Adres' is clicked on&#xD;
&#xD;
2019-08-27 15:15:39 - [TEST_STEP][PASSED] - delay(2): Delayed 2 second(s)&#xD;
&#xD;
2019-08-27 15:15:41 - [MESSAGE][PASSED] - Delayed 2 second(s)&#xD;
&#xD;
2019-08-27 15:15:41 - [TEST_STEP][PASSED] - click(findTestObject("Actpol_Scripts/Generiek/Assistentie/Incident Adres lb")): Object: 'Object Repository/Actpol_Scripts/Generiek/Assistentie/Incident Adres lb' is clicked on&#xD;
&#xD;
2019-08-27 15:15:41 - [MESSAGE][PASSED] - Object: 'Object Repository/Actpol_Scripts/Generiek/Assistentie/Incident Adres lb' is clicked on&#xD;
&#xD;
2019-08-27 15:15:41 - [TEST_STEP][PASSED] - delay(5): Delayed 5 second(s)&#xD;
&#xD;
2019-08-27 15:15:46 - [MESSAGE][PASSED] - Delayed 5 second(s)&#xD;
&#xD;
2019-08-27 15:15:46 - [TEST_STEP][PASSED] - click(findTestObject("Actpol_Scripts/Generiek/Assistentie/ter hoogte van"), OPTIONAL): Object: 'Object Repository/Actpol_Scripts/Generiek/Assistentie/ter hoogte van' is clicked on&#xD;
&#xD;
2019-08-27 15:15:47 - [MESSAGE][PASSED] - Object: 'Object Repository/Actpol_Scripts/Generiek/Assistentie/ter hoogte van' is clicked on&#xD;
&#xD;
2019-08-27 15:15:47 - [TEST_STEP][PASSED] - setText(findTestObject("Actpol_Scripts/Generiek/Assistentie/Nadere Aanduiding"), "Testing"): Text 'Testing' is set on object 'Object Repository/Actpol_Scripts/Generiek/Assistentie/Nadere Aanduiding'&#xD;
&#xD;
2019-08-27 15:15:48 - [MESSAGE][PASSED] - Text 'Testing' is set on object 'Object Repository/Actpol_Scripts/Generiek/Assistentie/Nadere Aanduiding'&#xD;
&#xD;
2019-08-27 15:15:48 - [TEST_STEP][PASSED] - delay(5): Delayed 5 second(s)&#xD;
&#xD;
2019-08-27 15:15:53 - [MESSAGE][PASSED] - Delayed 5 second(s)&#xD;
&#xD;
2019-08-27 15:15:53 - [TEST_STEP][NOT_RUN] - click(findTestObject("Actpol_Scripts/Generiek/Assistentie/Bekende plaats")): NOT_RUN: click(findTestObject("Actpol_Scripts/Generiek/Assistentie/Bekende plaats"))&#xD;
&#xD;
2019-08-27 15:15:53 - [MESSAGE][NOT_RUN] - NOT_RUN: click(findTestObject("Actpol_Scripts/Generiek/Assistentie/Bekende plaats"))&#xD;
&#xD;
2019-08-27 15:15:53 - [TEST_STEP][NOT_RUN] - delay(2): NOT_RUN: delay(2)&#xD;
&#xD;
2019-08-27 15:15:53 - [MESSAGE][NOT_RUN] - NOT_RUN: delay(2)&#xD;
&#xD;
2019-08-27 15:15:53 - [TEST_STEP][NOT_RUN] - click(findTestObject("Actpol_Scripts/Generiek/Assistentie/Bekende plaats Lb")): NOT_RUN: click(findTestObject("Actpol_Scripts/Generiek/Assistentie/Bekende plaats Lb"))&#xD;
&#xD;
2019-08-27 15:15:53 - [MESSAGE][NOT_RUN] - NOT_RUN: click(findTestObject("Actpol_Scripts/Generiek/Assistentie/Bekende plaats Lb"))&#xD;
&#xD;
2019-08-27 15:15:53 - [TEST_STEP][NOT_RUN] - delay(2): NOT_RUN: delay(2)&#xD;
&#xD;
2019-08-27 15:15:53 - [MESSAGE][NOT_RUN] - NOT_RUN: delay(2)&#xD;
&#xD;
2019-08-27 15:15:53 - [TEST_STEP][PASSED] - click(findTestObject("Actpol_Scripts/Generiek/Assistentie/Incident")): Object: 'Object Repository/Actpol_Scripts/Generiek/Assistentie/Incident' is clicked on&#xD;
&#xD;
2019-08-27 15:15:53 - [MESSAGE][PASSED] - Object: 'Object Repository/Actpol_Scripts/Generiek/Assistentie/Incident' is clicked on&#xD;
&#xD;
2019-08-27 15:15:53 - [TEST_STEP][PASSED] - delay(2): Delayed 2 second(s)&#xD;
&#xD;
2019-08-27 15:15:55 - [MESSAGE][PASSED] - Delayed 2 second(s)&#xD;
&#xD;
2019-08-27 15:15:55 - [TEST_STEP][PASSED] - click(findTestObject("Actpol_Scripts/Generiek/Assistentie/Incident Lb")): Object: 'Object Repository/Actpol_Scripts/Generiek/Assistentie/Incident Lb' is clicked on&#xD;
&#xD;
2019-08-27 15:15:56 - [MESSAGE][PASSED] - Object: 'Object Repository/Actpol_Scripts/Generiek/Assistentie/Incident Lb' is clicked on&#xD;
&#xD;
2019-08-27 15:15:56 - [TEST_STEP][PASSED] - delay(5): Delayed 5 second(s)&#xD;
&#xD;
2019-08-27 15:16:01 - [MESSAGE][PASSED] - Delayed 5 second(s)&#xD;
&#xD;
2019-08-27 15:16:01 - [TEST_STEP][PASSED] - click(findTestObject("Actpol_Scripts/Generiek/Assistentie/Relationeel Geweld")): Object: 'Object Repository/Actpol_Scripts/Generiek/Assistentie/Relationeel Geweld' is clicked on&#xD;
&#xD;
2019-08-27 15:16:02 - [MESSAGE][PASSED] - Object: 'Object Repository/Actpol_Scripts/Generiek/Assistentie/Relationeel Geweld' is clicked on&#xD;
&#xD;
2019-08-27 15:16:02 - [TEST_STEP][PASSED] - delay(5): Delayed 5 second(s)&#xD;
&#xD;
2019-08-27 15:16:07 - [MESSAGE][PASSED] - Delayed 5 second(s)&#xD;
&#xD;
2019-08-27 15:16:07 - [TEST_STEP][PASSED] - click(findTestObject("Actpol_Scripts/Generiek/Assistentie/Poging")): Object: 'Object Repository/Actpol_Scripts/Generiek/Assistentie/Poging' is clicked on&#xD;
&#xD;
2019-08-27 15:16:07 - [MESSAGE][PASSED] - Object: 'Object Repository/Actpol_Scripts/Generiek/Assistentie/Poging' is clicked on&#xD;
&#xD;
2019-08-27 15:16:07 - [TEST_STEP][PASSED] - selectOptionByValue(findTestObject("Actpol_Scripts/Generiek/Assistentie/Melding Prioriteit"), "3", false): All options with value '3' are selected in object 'Object Repository/Actpol_Scripts/Generiek/Assistentie/Melding Prioriteit' &#xD;
&#xD;
2019-08-27 15:16:08 - [MESSAGE][PASSED] - All options with value '3' are selected in object 'Object Repository/Actpol_Scripts/Generiek/Assistentie/Melding Prioriteit' &#xD;
&#xD;
2019-08-27 15:16:08 - [TEST_STEP][NOT_RUN] - click(findTestObject("Actpol_Scripts/Generiek/Assistentie/Dispatch ja"), OPTIONAL): NOT_RUN: click(findTestObject("Actpol_Scripts/Generiek/Assistentie/Dispatch ja"), OPTIONAL)&#xD;
&#xD;
2019-08-27 15:16:08 - [MESSAGE][NOT_RUN] - NOT_RUN: click(findTestObject("Actpol_Scripts/Generiek/Assistentie/Dispatch ja"), OPTIONAL)&#xD;
&#xD;
2019-08-27 15:16:08 - [TEST_STEP][NOT_RUN] - click(findTestObject("Actpol_Scripts/Generiek/Assistentie/Contact verzoek ja"), OPTIONAL): NOT_RUN: click(findTestObject("Actpol_Scripts/Generiek/Assistentie/Contact verzoek ja"), OPTIONAL)&#xD;
&#xD;
2019-08-27 15:16:08 - [MESSAGE][NOT_RUN] - NOT_RUN: click(findTestObject("Actpol_Scripts/Generiek/Assistentie/Contact verzoek ja"), OPTIONAL)&#xD;
&#xD;
2019-08-27 15:16:08 - [TEST_STEP][PASSED] - delay(1): Delayed 1 second(s)&#xD;
&#xD;
2019-08-27 15:16:09 - [MESSAGE][PASSED] - Delayed 1 second(s)&#xD;
&#xD;
2019-08-27 15:16:09 - [TEST_STEP][NOT_RUN] - click(findTestObject("Actpol_Scripts/Generiek/Assistentie/Aangewezen aan")): NOT_RUN: click(findTestObject("Actpol_Scripts/Generiek/Assistentie/Aangewezen aan"))&#xD;
&#xD;
2019-08-27 15:16:09 - [MESSAGE][NOT_RUN] - NOT_RUN: click(findTestObject("Actpol_Scripts/Generiek/Assistentie/Aangewezen aan"))&#xD;
&#xD;
2019-08-27 15:16:09 - [TEST_STEP][NOT_RUN] - delay(2): NOT_RUN: delay(2)&#xD;
&#xD;
2019-08-27 15:16:09 - [MESSAGE][NOT_RUN] - NOT_RUN: delay(2)&#xD;
&#xD;
2019-08-27 15:16:09 - [TEST_STEP][NOT_RUN] - click(findTestObject("Actpol_Scripts/Generiek/Assistentie/Aangewezen aan lb")): NOT_RUN: click(findTestObject("Actpol_Scripts/Generiek/Assistentie/Aangewezen aan lb"))&#xD;
&#xD;
2019-08-27 15:16:09 - [MESSAGE][NOT_RUN] - NOT_RUN: click(findTestObject("Actpol_Scripts/Generiek/Assistentie/Aangewezen aan lb"))&#xD;
&#xD;
2019-08-27 15:16:09 - [TEST_STEP][PASSED] - delay(1): Delayed 1 second(s)&#xD;
&#xD;
2019-08-27 15:16:10 - [MESSAGE][PASSED] - Delayed 1 second(s)&#xD;
&#xD;
2019-08-27 15:16:10 - [TEST_STEP][PASSED] - selectOptionByValue(findTestObject("Actpol_Scripts/Generiek/Assistentie/Eiland"), "SXM", false): All options with value 'SXM' are selected in object 'Object Repository/Actpol_Scripts/Generiek/Assistentie/Eiland' &#xD;
&#xD;
2019-08-27 15:16:10 - [MESSAGE][PASSED] - All options with value 'SXM' are selected in object 'Object Repository/Actpol_Scripts/Generiek/Assistentie/Eiland' &#xD;
&#xD;
2019-08-27 15:16:10 - [TEST_STEP][PASSED] - scrollToPosition(29, 7): Browser is scrolled to position x = 29, y = 7&#xD;
&#xD;
2019-08-27 15:16:10 - [MESSAGE][PASSED] - Browser is scrolled to position x = 29, y = 7&#xD;
&#xD;
2019-08-27 15:16:10 - [TEST_STEP][PASSED] - delay(2): Delayed 2 second(s)&#xD;
&#xD;
2019-08-27 15:16:12 - [MESSAGE][PASSED] - Delayed 2 second(s)&#xD;
&#xD;
2019-08-27 15:16:12 - [TEST_STEP][PASSED] - click(findTestObject("Actpol_Scripts/Generiek/Assistentie/Melding")): Object: 'Object Repository/Actpol_Scripts/Generiek/Assistentie/Melding' is clicked on&#xD;
&#xD;
2019-08-27 15:16:13 - [MESSAGE][PASSED] - Object: 'Object Repository/Actpol_Scripts/Generiek/Assistentie/Melding' is clicked on&#xD;
&#xD;
2019-08-27 15:16:13 - [TEST_STEP][PASSED] - delay(1): Delayed 1 second(s)&#xD;
&#xD;
2019-08-27 15:16:14 - [MESSAGE][PASSED] - Delayed 1 second(s)&#xD;
&#xD;
2019-08-27 15:16:14 - [TEST_STEP][PASSED] - click(findTestObject("Actpol_Scripts/Generiek/Assistentie/Melder")): Object: 'Object Repository/Actpol_Scripts/Generiek/Assistentie/Melder' is clicked on&#xD;
&#xD;
2019-08-27 15:16:15 - [MESSAGE][PASSED] - Object: 'Object Repository/Actpol_Scripts/Generiek/Assistentie/Melder' is clicked on&#xD;
&#xD;
2019-08-27 15:16:15 - [TEST_STEP][PASSED] - delay(1): Delayed 1 second(s)&#xD;
&#xD;
2019-08-27 15:16:16 - [MESSAGE][PASSED] - Delayed 1 second(s)&#xD;
&#xD;
2019-08-27 15:16:16 - [TEST_STEP][PASSED] - selectOptionByLabel(findTestObject("Actpol_Scripts/Generiek/Assistentie/Rol-Proces"), "AANGEVER", false): All options with label 'AANGEVER' are selected in object 'Object Repository/Actpol_Scripts/Generiek/Assistentie/Rol-Proces' &#xD;
&#xD;
2019-08-27 15:16:16 - [MESSAGE][PASSED] - All options with label 'AANGEVER' are selected in object 'Object Repository/Actpol_Scripts/Generiek/Assistentie/Rol-Proces' &#xD;
&#xD;
2019-08-27 15:16:16 - [TEST_STEP][PASSED] - click(findTestObject("Actpol_Scripts/Generiek/Assistentie/Achternaam")): Object: 'Object Repository/Actpol_Scripts/Generiek/Assistentie/Achternaam' is clicked on&#xD;
&#xD;
2019-08-27 15:16:21 - [MESSAGE][PASSED] - Object: 'Object Repository/Actpol_Scripts/Generiek/Assistentie/Achternaam' is clicked on&#xD;
&#xD;
2019-08-27 15:16:22 - [TEST_STEP][PASSED] - delay(2): Delayed 2 second(s)&#xD;
&#xD;
2019-08-27 15:16:24 - [MESSAGE][PASSED] - Delayed 2 second(s)&#xD;
&#xD;
2019-08-27 15:16:24 - [TEST_STEP][PASSED] - click(findTestObject("Actpol_Scripts/Generiek/Assistentie/Resultaat Personen bestand person selection")): Object: 'Object Repository/Actpol_Scripts/Generiek/Assistentie/Resultaat Personen bestand person selection' is clicked on&#xD;
&#xD;
2019-08-27 15:16:24 - [MESSAGE][PASSED] - Object: 'Object Repository/Actpol_Scripts/Generiek/Assistentie/Resultaat Personen bestand person selection' is clicked on&#xD;
&#xD;
2019-08-27 15:16:24 - [TEST_STEP][PASSED] - scrollToPosition(0, 21): Browser is scrolled to position x = 0, y = 21&#xD;
&#xD;
2019-08-27 15:16:24 - [MESSAGE][PASSED] - Browser is scrolled to position x = 0, y = 21&#xD;
&#xD;
2019-08-27 15:16:24 - [TEST_STEP][PASSED] - delay(3): Delayed 3 second(s)&#xD;
&#xD;
2019-08-27 15:16:27 - [MESSAGE][PASSED] - Delayed 3 second(s)&#xD;
&#xD;
2019-08-27 15:16:27 - [TEST_STEP][PASSED] - click(findTestObject("Actpol_Scripts/Generiek/Assistentie/Melder")): Object: 'Object Repository/Actpol_Scripts/Generiek/Assistentie/Melder' is clicked on&#xD;
&#xD;
2019-08-27 15:16:28 - [MESSAGE][PASSED] - Object: 'Object Repository/Actpol_Scripts/Generiek/Assistentie/Melder' is clicked on&#xD;
&#xD;
2019-08-27 15:16:28 - [TEST_STEP][PASSED] - delay(1): Delayed 1 second(s)&#xD;
&#xD;
2019-08-27 15:16:29 - [MESSAGE][PASSED] - Delayed 1 second(s)&#xD;
&#xD;
2019-08-27 15:16:29 - [TEST_STEP][PASSED] - click(findTestObject("Actpol_Scripts/Generiek/Assistentie/Save melding")): Object: 'Object Repository/Actpol_Scripts/Generiek/Assistentie/Save melding' is clicked on&#xD;
&#xD;
2019-08-27 15:16:29 - [MESSAGE][PASSED] - Object: 'Object Repository/Actpol_Scripts/Generiek/Assistentie/Save melding' is clicked on&#xD;
&#xD;
2019-08-27 15:16:29 - [TEST_STEP][PASSED] - delay(8): Delayed 8 second(s)&#xD;
&#xD;
2019-08-27 15:16:37 - [MESSAGE][PASSED] - Delayed 8 second(s)&#xD;
&#xD;
2019-08-27 15:16:37 - [TEST_STEP][PASSED] - takeScreenshot(): Taking screenshot successfully&#xD;
&#xD;
2019-08-27 15:16:47 - [MESSAGE][PASSED] - Taking screenshot successfully&#xD;
[[ATTACHMENT|C:\\Users\\user4\\git\\ACTPOL\\Reports\\20190827_151342\\Release 6.6\\ACTPOL-552\\20190827_151411\\1566899197907.png]]&#xD;
&#xD;
2019-08-27 15:16:47 - [TEST_STEP][PASSED] - delay(3): Delayed 3 second(s)&#xD;
&#xD;
2019-08-27 15:16:50 - [MESSAGE][PASSED] - Delayed 3 second(s)&#xD;
&#xD;
2019-08-27 15:16:50 - [TEST_STEP][PASSED] - click(findTestObject("JIRA/A Relese 6.6/ACTPOL-552/Melding TAB")): Object: 'Object Repository/JIRA/A Relese 6.6/ACTPOL-552/Melding TAB' is clicked on&#xD;
&#xD;
2019-08-27 15:16:53 - [MESSAGE][PASSED] - Object: 'Object Repository/JIRA/A Relese 6.6/ACTPOL-552/Melding TAB' is clicked on&#xD;
&#xD;
2019-08-27 15:16:53 - [TEST_STEP][PASSED] - delay(2): Delayed 2 second(s)&#xD;
&#xD;
2019-08-27 15:16:55 - [MESSAGE][PASSED] - Delayed 2 second(s)&#xD;
&#xD;
2019-08-27 15:16:55 - [TEST_STEP][PASSED] - Assistentienumber = getText(findTestObject("JIRA/A Relese 6.6/ACTPOL-552/Assistentie number")): Text of object 'Object Repository/JIRA/A Relese 6.6/ACTPOL-552/Assistentie number' is: '200601752'&#xD;
&#xD;
2019-08-27 15:16:56 - [MESSAGE][PASSED] - Text of object 'Object Repository/JIRA/A Relese 6.6/ACTPOL-552/Assistentie number' is: '200601752'&#xD;
&#xD;
2019-08-27 15:16:56 - [TEST_STEP][PASSED] - delay(1): Delayed 1 second(s)&#xD;
&#xD;
2019-08-27 15:16:57 - [MESSAGE][PASSED] - Delayed 1 second(s)&#xD;
&#xD;
2019-08-27 15:16:57 - [TEST_STEP][PASSED] - IncidentAdres = getText(findTestObject("JIRA/A Relese 6.6/ACTPOL-552/Incident Adres")): Text of object 'Object Repository/JIRA/A Relese 6.6/ACTPOL-552/Incident Adres' is: 'ABACO WEG'&#xD;
&#xD;
2019-08-27 15:16:57 - [MESSAGE][PASSED] - Text of object 'Object Repository/JIRA/A Relese 6.6/ACTPOL-552/Incident Adres' is: 'ABACO WEG'&#xD;
&#xD;
2019-08-27 15:16:57 - [TEST_STEP][PASSED] - delay(1): Delayed 1 second(s)&#xD;
&#xD;
2019-08-27 15:16:58 - [MESSAGE][PASSED] - Delayed 1 second(s)&#xD;
&#xD;
2019-08-27 15:16:58 - [TEST_STEP][PASSED] - Aangewezenaan = getText(findTestObject("JIRA/A Relese 6.6/ACTPOL-552/Aangewezen aan")): Text of object 'Object Repository/JIRA/A Relese 6.6/ACTPOL-552/Aangewezen aan' is: ''&#xD;
&#xD;
2019-08-27 15:16:58 - [MESSAGE][PASSED] - Text of object 'Object Repository/JIRA/A Relese 6.6/ACTPOL-552/Aangewezen aan' is: ''&#xD;
&#xD;
2019-08-27 15:16:58 - [TEST_STEP][PASSED] - delay(1): Delayed 1 second(s)&#xD;
&#xD;
2019-08-27 15:16:59 - [MESSAGE][PASSED] - Delayed 1 second(s)&#xD;
&#xD;
2019-08-27 15:16:59 - [TEST_STEP][PASSED] - Incident = getText(findTestObject("JIRA/A Relese 6.6/ACTPOL-552/Incident")): Text of object 'Object Repository/JIRA/A Relese 6.6/ACTPOL-552/Incident' is: 'AANGIFTE OPNEMEN/OPSCHRIJVEN'&#xD;
&#xD;
2019-08-27 15:17:00 - [MESSAGE][PASSED] - Text of object 'Object Repository/JIRA/A Relese 6.6/ACTPOL-552/Incident' is: 'AANGIFTE OPNEMEN/OPSCHRIJVEN'&#xD;
&#xD;
2019-08-27 15:17:00 - [TEST_STEP][PASSED] - delay(1): Delayed 1 second(s)&#xD;
&#xD;
2019-08-27 15:17:01 - [MESSAGE][PASSED] - Delayed 1 second(s)&#xD;
&#xD;
2019-08-27 15:17:01 - [TEST_STEP][PASSED] - DatumMelding = getText(findTestObject("JIRA/A Relese 6.6/ACTPOL-552/Datum Melding")): Text of object 'Object Repository/JIRA/A Relese 6.6/ACTPOL-552/Datum Melding' is: '05.45.18 tot 05.45.18'&#xD;
&#xD;
2019-08-27 15:17:01 - [MESSAGE][PASSED] - Text of object 'Object Repository/JIRA/A Relese 6.6/ACTPOL-552/Datum Melding' is: '05.45.18 tot 05.45.18'&#xD;
&#xD;
2019-08-27 15:17:01 - [TEST_STEP][PASSED] - delay(1): Delayed 1 second(s)&#xD;
&#xD;
2019-08-27 15:17:02 - [MESSAGE][PASSED] - Delayed 1 second(s)&#xD;
&#xD;
2019-08-27 15:17:02 - [TEST_STEP][PASSED] - TijdMelding = getText(findTestObject("JIRA/A Relese 6.6/ACTPOL-552/Datum Melding")): Text of object 'Object Repository/JIRA/A Relese 6.6/ACTPOL-552/Datum Melding' is: '05.45.18 tot 05.45.18'&#xD;
&#xD;
2019-08-27 15:17:03 - [MESSAGE][PASSED] - Text of object 'Object Repository/JIRA/A Relese 6.6/ACTPOL-552/Datum Melding' is: '05.45.18 tot 05.45.18'&#xD;
&#xD;
2019-08-27 15:17:03 - [TEST_STEP][PASSED] - log = new com.kms.katalon.core.logging.KeywordLogger(): null&#xD;
&#xD;
2019-08-27 15:17:03 - [TEST_STEP][PASSED] - log.logInfo("Assistentie number is : " + Assistentienumber): Assistentie number is : 200601752&#xD;
&#xD;
2019-08-27 15:17:03 - [MESSAGE][INFO] - Assistentie number is : 200601752&#xD;
&#xD;
2019-08-27 15:17:03 - [TEST_STEP][PASSED] - log.logInfo("Incident Adres is : " + IncidentAdres): Incident Adres is : ABACO WEG&#xD;
&#xD;
2019-08-27 15:17:03 - [MESSAGE][INFO] - Incident Adres is : ABACO WEG&#xD;
&#xD;
2019-08-27 15:17:03 - [TEST_STEP][PASSED] - log.logInfo("Aangewezen aan is : " + Aangewezenaan): Aangewezen aan is : &#xD;
&#xD;
2019-08-27 15:17:03 - [MESSAGE][INFO] - Aangewezen aan is : &#xD;
&#xD;
2019-08-27 15:17:03 - [TEST_STEP][PASSED] - log.logInfo("Incident is: " + Incident): Incident is: AANGIFTE OPNEMEN/OPSCHRIJVEN&#xD;
&#xD;
2019-08-27 15:17:03 - [MESSAGE][INFO] - Incident is: AANGIFTE OPNEMEN/OPSCHRIJVEN&#xD;
&#xD;
2019-08-27 15:17:03 - [TEST_STEP][PASSED] - log.logInfo("Datum Melding is : " + DatumMelding): Datum Melding is : 05.45.18 tot 05.45.18&#xD;
&#xD;
2019-08-27 15:17:03 - [MESSAGE][INFO] - Datum Melding is : 05.45.18 tot 05.45.18&#xD;
&#xD;
2019-08-27 15:17:03 - [TEST_STEP][PASSED] - log.logInfo("Tijd Melding is : " + TijdMelding): Tijd Melding is : 05.45.18 tot 05.45.18&#xD;
&#xD;
2019-08-27 15:17:03 - [MESSAGE][INFO] - Tijd Melding is : 05.45.18 tot 05.45.18&#xD;
&#xD;
2019-08-27 15:17:03 - [TEST_STEP][PASSED] - test = concatenate("
", "Assistentie number is : " + Assistentienumber, "
", "Incident Adres is : " + IncidentAdres, "
", "Incident is: " + Incident, "
", "Datum Melding is : " + DatumMelding, "
", "Tijd Melding is : " + TijdMelding): Concatenated string array: '['
','Assistentie number is : 200601752','
','Incident Adres is : ABACO WEG','
','Incident is: AANGIFTE OPNEMEN/OPSCHRIJVEN','
','Datum Melding is : 05.45.18 tot 05.45.18','
','Tijd Melding is : 05.45.18 tot 05.45.18']' into '
Assistentie number is : 200601752
Incident Adres is : ABACO WEG
Incident is: AANGIFTE OPNEMEN/OPSCHRIJVEN
Datum Melding is : 05.45.18 tot 05.45.18
Tijd Melding is : 05.45.18 tot 05.45.18'&#xD;
&#xD;
2019-08-27 15:17:03 - [MESSAGE][PASSED] - Concatenated string array: '['
','Assistentie number is : 200601752','
','Incident Adres is : ABACO WEG','
','Incident is: AANGIFTE OPNEMEN/OPSCHRIJVEN','
','Datum Melding is : 05.45.18 tot 05.45.18','
','Tijd Melding is : 05.45.18 tot 05.45.18']' into '
Assistentie number is : 200601752
Incident Adres is : ABACO WEG
Incident is: AANGIFTE OPNEMEN/OPSCHRIJVEN
Datum Melding is : 05.45.18 tot 05.45.18
Tijd Melding is : 05.45.18 tot 05.45.18'&#xD;
&#xD;
2019-08-27 15:17:03 - [TEST_STEP][PASSED] - log.logInfo(test): 
Assistentie number is : 200601752
Incident Adres is : ABACO WEG
Incident is: AANGIFTE OPNEMEN/OPSCHRIJVEN
Datum Melding is : 05.45.18 tot 05.45.18
Tijd Melding is : 05.45.18 tot 05.45.18&#xD;
&#xD;
2019-08-27 15:17:03 - [MESSAGE][INFO] - 
Assistentie number is : 200601752
Incident Adres is : ABACO WEG
Incident is: AANGIFTE OPNEMEN/OPSCHRIJVEN
Datum Melding is : 05.45.18 tot 05.45.18
Tijd Melding is : 05.45.18 tot 05.45.18&#xD;
&#xD;
2019-08-27 15:17:03 - [TEST_STEP][PASSED] - delay(2): Delayed 2 second(s)&#xD;
&#xD;
2019-08-27 15:17:05 - [MESSAGE][PASSED] - Delayed 2 second(s)&#xD;
&#xD;
2019-08-27 15:17:05 - [TEST_STEP][PASSED] - mouseOver(findTestObject("Actpol_Scripts/Menu navigation/Generiek/Generiek")): Object: 'Object Repository/Actpol_Scripts/Menu navigation/Generiek/Generiek' is hovered&#xD;
&#xD;
2019-08-27 15:17:05 - [MESSAGE][PASSED] - Object: 'Object Repository/Actpol_Scripts/Menu navigation/Generiek/Generiek' is hovered&#xD;
&#xD;
2019-08-27 15:17:05 - [TEST_STEP][PASSED] - delay(2): Delayed 2 second(s)&#xD;
&#xD;
2019-08-27 15:17:07 - [MESSAGE][PASSED] - Delayed 2 second(s)&#xD;
&#xD;
2019-08-27 15:17:07 - [TEST_STEP][PASSED] - click(findTestObject("Actpol_Scripts/Menu navigation/Generiek/Melding")): Object: 'Object Repository/Actpol_Scripts/Menu navigation/Generiek/Melding' is clicked on&#xD;
&#xD;
2019-08-27 15:17:12 - [MESSAGE][PASSED] - Object: 'Object Repository/Actpol_Scripts/Menu navigation/Generiek/Melding' is clicked on&#xD;
&#xD;
2019-08-27 15:17:12 - [TEST_STEP][PASSED] - delay(2): Delayed 2 second(s)&#xD;
&#xD;
2019-08-27 15:17:14 - [MESSAGE][PASSED] - Delayed 2 second(s)&#xD;
&#xD;
2019-08-27 15:17:14 - [TEST_STEP][PASSED] - click(findTestObject("JIRA/A Relese 6.6/ACTPOL-552/medlding view default first selected")): Object: 'Object Repository/JIRA/A Relese 6.6/ACTPOL-552/medlding view default first selected' is clicked on&#xD;
&#xD;
2019-08-27 15:17:14 - [MESSAGE][PASSED] - Object: 'Object Repository/JIRA/A Relese 6.6/ACTPOL-552/medlding view default first selected' is clicked on&#xD;
&#xD;
2019-08-27 15:17:14 - [TEST_STEP][PASSED] - delay(2): Delayed 2 second(s)&#xD;
&#xD;
2019-08-27 15:17:16 - [MESSAGE][PASSED] - Delayed 2 second(s)&#xD;
&#xD;
2019-08-27 15:17:16 - [TEST_STEP][PASSED] - Omschrijving = getText(findTestObject("JIRA/A Relese 6.6/ACTPOL-552/Omschrijving")): Text of object 'Object Repository/JIRA/A Relese 6.6/ACTPOL-552/Omschrijving' is: 'Assistentie number:200601752
Incident Adres:2286
Aangewezen aan:WIJKTEAM OTROBANDA
Incident:1027
Datum Melding:2019-08-27
Tijd Melding:05.45.18
Aangewezen aan:6'&#xD;
&#xD;
2019-08-27 15:17:17 - [MESSAGE][PASSED] - Text of object 'Object Repository/JIRA/A Relese 6.6/ACTPOL-552/Omschrijving' is: 'Assistentie number:200601752
Incident Adres:2286
Aangewezen aan:WIJKTEAM OTROBANDA
Incident:1027
Datum Melding:2019-08-27
Tijd Melding:05.45.18
Aangewezen aan:6'&#xD;
&#xD;
2019-08-27 15:17:17 - [TEST_STEP][PASSED] - log.logInfo(Omschrijving): Assistentie number:200601752
Incident Adres:2286
Aangewezen aan:WIJKTEAM OTROBANDA
Incident:1027
Datum Melding:2019-08-27
Tijd Melding:05.45.18
Aangewezen aan:6&#xD;
&#xD;
2019-08-27 15:17:17 - [MESSAGE][INFO] - Assistentie number:200601752
Incident Adres:2286
Aangewezen aan:WIJKTEAM OTROBANDA
Incident:1027
Datum Melding:2019-08-27
Tijd Melding:05.45.18
Aangewezen aan:6&#xD;
&#xD;
2019-08-27 15:17:17 - [TEST_STEP][PASSED] - comment("intake mode"): intake mode&#xD;
&#xD;
2019-08-27 15:17:17 - [MESSAGE][INFO] - intake mode&#xD;
&#xD;
2019-08-27 15:17:17 - [TEST_STEP][PASSED] - mouseOver(findTestObject("Actpol_Scripts/Menu navigation/Intake/Intake")): Object: 'Object Repository/Actpol_Scripts/Menu navigation/Intake/Intake' is hovered&#xD;
&#xD;
2019-08-27 15:17:17 - [MESSAGE][PASSED] - Object: 'Object Repository/Actpol_Scripts/Menu navigation/Intake/Intake' is hovered&#xD;
&#xD;
2019-08-27 15:17:17 - [TEST_STEP][PASSED] - delay(2): Delayed 2 second(s)&#xD;
&#xD;
2019-08-27 15:17:19 - [MESSAGE][PASSED] - Delayed 2 second(s)&#xD;
&#xD;
2019-08-27 15:17:19 - [TEST_STEP][PASSED] - click(findTestObject("Actpol_Scripts/Menu navigation/Intake/Calltaker")): Object: 'Object Repository/Actpol_Scripts/Menu navigation/Intake/Calltaker' is clicked on&#xD;
&#xD;
2019-08-27 15:17:25 - [MESSAGE][PASSED] - Object: 'Object Repository/Actpol_Scripts/Menu navigation/Intake/Calltaker' is clicked on&#xD;
&#xD;
2019-08-27 15:17:25 - [TEST_STEP][PASSED] - delay(2): Delayed 2 second(s)&#xD;
&#xD;
2019-08-27 15:17:27 - [MESSAGE][PASSED] - Delayed 2 second(s)&#xD;
&#xD;
2019-08-27 15:17:27 - [TEST_STEP][PASSED] - setText(findTestObject("Actpol_Scripts/Intake/Calltaker/Bron"), "t"): Text 't' is set on object 'Object Repository/Actpol_Scripts/Intake/Calltaker/Bron'&#xD;
&#xD;
2019-08-27 15:17:28 - [MESSAGE][PASSED] - Text 't' is set on object 'Object Repository/Actpol_Scripts/Intake/Calltaker/Bron'&#xD;
&#xD;
2019-08-27 15:17:28 - [TEST_STEP][PASSED] - delay(2): Delayed 2 second(s)&#xD;
&#xD;
2019-08-27 15:17:30 - [MESSAGE][PASSED] - Delayed 2 second(s)&#xD;
&#xD;
2019-08-27 15:17:30 - [TEST_STEP][PASSED] - click(findTestObject("Actpol_Scripts/Intake/Calltaker/Bron lb")): Object: 'Object Repository/Actpol_Scripts/Intake/Calltaker/Bron lb' is clicked on&#xD;
&#xD;
2019-08-27 15:17:30 - [MESSAGE][PASSED] - Object: 'Object Repository/Actpol_Scripts/Intake/Calltaker/Bron lb' is clicked on&#xD;
&#xD;
2019-08-27 15:17:30 - [TEST_STEP][PASSED] - setText(findTestObject("Actpol_Scripts/Intake/Calltaker/Telefoon nummer"), "4754"): Text '4754' is set on object 'Object Repository/Actpol_Scripts/Intake/Calltaker/Telefoon nummer'&#xD;
&#xD;
2019-08-27 15:17:31 - [MESSAGE][PASSED] - Text '4754' is set on object 'Object Repository/Actpol_Scripts/Intake/Calltaker/Telefoon nummer'&#xD;
&#xD;
2019-08-27 15:17:31 - [TEST_STEP][PASSED] - setText(findTestObject("Actpol_Scripts/Intake/Calltaker/Adres van Incident"), "aa"): Text 'aa' is set on object 'Object Repository/Actpol_Scripts/Intake/Calltaker/Adres van Incident'&#xD;
&#xD;
2019-08-27 15:17:31 - [MESSAGE][PASSED] - Text 'aa' is set on object 'Object Repository/Actpol_Scripts/Intake/Calltaker/Adres van Incident'&#xD;
&#xD;
2019-08-27 15:17:31 - [TEST_STEP][PASSED] - delay(2): Delayed 2 second(s)&#xD;
&#xD;
2019-08-27 15:17:33 - [MESSAGE][PASSED] - Delayed 2 second(s)&#xD;
&#xD;
2019-08-27 15:17:33 - [TEST_STEP][PASSED] - click(findTestObject("Actpol_Scripts/Intake/Calltaker/Adres van Incident lb")): Object: 'Object Repository/Actpol_Scripts/Intake/Calltaker/Adres van Incident lb' is clicked on&#xD;
&#xD;
2019-08-27 15:17:34 - [MESSAGE][PASSED] - Object: 'Object Repository/Actpol_Scripts/Intake/Calltaker/Adres van Incident lb' is clicked on&#xD;
&#xD;
2019-08-27 15:17:34 - [TEST_STEP][PASSED] - setText(findTestObject("Actpol_Scripts/Intake/Calltaker/Latitude"), "GG", OPTIONAL): Unable to set text 'GG' of object 'Object Repository/Actpol_Scripts/Intake/Calltaker/Latitude' (Root cause: com.kms.katalon.core.exception.StepFailedException: Unable to set text 'GG' of object 'Object Repository/Actpol_Scripts/Intake/Calltaker/Latitude'&#xD;
	at com.kms.katalon.core.webui.keyword.internal.WebUIKeywordMain.stepFailed(WebUIKeywordMain.groovy:64)&#xD;
	at com.kms.katalon.core.webui.keyword.internal.WebUIKeywordMain.runKeyword(WebUIKeywordMain.groovy:26)&#xD;
	at com.kms.katalon.core.webui.keyword.builtin.SetTextKeyword.setText(SetTextKeyword.groovy:66)&#xD;
	at com.kms.katalon.core.webui.keyword.builtin.SetTextKeyword.execute(SetTextKeyword.groovy:37)&#xD;
	at com.kms.katalon.core.keyword.internal.KeywordExecutor.executeKeywordForPlatform(KeywordExecutor.groovy:56)&#xD;
	at com.kms.katalon.core.webui.keyword.WebUiBuiltInKeywords.setText(WebUiBuiltInKeywords.groovy:936)&#xD;
	at com.kms.katalon.core.webui.keyword.WebUiBuiltInKeywords$setText$9.call(Unknown Source)&#xD;
	at ACTPOL-552.run(ACTPOL-552:241)&#xD;
	at com.kms.katalon.core.main.ScriptEngine.run(ScriptEngine.java:194)&#xD;
	at com.kms.katalon.core.main.ScriptEngine.runScriptAsRawText(ScriptEngine.java:119)&#xD;
	at com.kms.katalon.core.main.TestCaseExecutor.runScript(TestCaseExecutor.java:337)&#xD;
	at com.kms.katalon.core.main.TestCaseExecutor.doExecute(TestCaseExecutor.java:328)&#xD;
	at com.kms.katalon.core.main.TestCaseExecutor.processExecutionPhase(TestCaseExecutor.java:307)&#xD;
	at com.kms.katalon.core.main.TestCaseExecutor.accessMainPhase(TestCaseExecutor.java:299)&#xD;
	at com.kms.katalon.core.main.TestCaseExecutor.execute(TestCaseExecutor.java:233)&#xD;
	at com.kms.katalon.core.main.TestSuiteExecutor.accessTestCaseMainPhase(TestSuiteExecutor.java:169)&#xD;
	at com.kms.katalon.core.main.TestSuiteExecutor.accessTestSuiteMainPhase(TestSuiteExecutor.java:142)&#xD;
	at com.kms.katalon.core.main.TestSuiteExecutor.execute(TestSuiteExecutor.java:91)&#xD;
	at com.kms.katalon.core.main.TestCaseMain.startTestSuite(TestCaseMain.java:157)&#xD;
	at com.kms.katalon.core.main.TestCaseMain$startTestSuite$0.call(Unknown Source)&#xD;
	at TempTestSuite1566899056586.run(TempTestSuite1566899056586.groovy:35)&#xD;
Caused by: org.openqa.selenium.ElementNotInteractableException: element not interactable
  (Session info: chrome=76.0.3809.100)
Build info: version: '3.141.59', revision: 'e82be7d358', time: '2018-11-14T08:25:53'
System info: host: 'NIVI-4', ip: '10.20.20.6', os.name: 'Windows 8.1', os.arch: 'amd64', os.version: '6.3', java.version: '1.8.0_181'
Driver info: com.kms.katalon.selenium.driver.CChromeDriver
Capabilities {acceptInsecureCerts: false, browserName: chrome, browserVersion: 76.0.3809.100, chrome: {chromedriverVersion: 76.0.3809.68 (420c9498db8ce..., userDataDir: C:\Users\user4\AppData\Loca...}, goog:chromeOptions: {debuggerAddress: localhost:52889}, javascriptEnabled: true, networkConnectionEnabled: false, pageLoadStrategy: normal, platform: XP, platformName: XP, proxy: Proxy(), setWindowRect: true, strictFileInteractability: false, timeouts: {implicit: 0, pageLoad: 300000, script: 30000}, unhandledPromptBehavior: dismiss and notify}
Session ID: ee0c0d0aa82c8b0230728a36a77423e3&#xD;
	at org.openqa.selenium.remote.http.W3CHttpResponseCodec.createException(W3CHttpResponseCodec.java:187)&#xD;
	at org.openqa.selenium.remote.http.W3CHttpResponseCodec.decode(W3CHttpResponseCodec.java:122)&#xD;
	at org.openqa.selenium.remote.http.W3CHttpResponseCodec.decode(W3CHttpResponseCodec.java:49)&#xD;
	at org.openqa.selenium.remote.HttpCommandExecutor.execute(HttpCommandExecutor.java:158)&#xD;
	at org.openqa.selenium.remote.service.DriverCommandExecutor.execute(DriverCommandExecutor.java:83)&#xD;
	at org.openqa.selenium.remote.RemoteWebDriver.execute(RemoteWebDriver.java:552)&#xD;
	at com.kms.katalon.selenium.driver.CChromeDriver.execute(CChromeDriver.java:20)&#xD;
	at org.openqa.selenium.remote.RemoteWebElement.execute(RemoteWebElement.java:285)&#xD;
	at org.openqa.selenium.remote.RemoteWebElement.clear(RemoteWebElement.java:124)&#xD;
	at com.kms.katalon.core.webui.keyword.builtin.SetTextKeyword$_setText_closure1.doCall(SetTextKeyword.groovy:53)&#xD;
	at com.kms.katalon.core.webui.keyword.builtin.SetTextKeyword$_setText_closure1.call(SetTextKeyword.groovy)&#xD;
	at com.kms.katalon.core.webui.keyword.internal.WebUIKeywordMain.runKeyword(WebUIKeywordMain.groovy:20)&#xD;
	at com.kms.katalon.core.webui.keyword.builtin.SetTextKeyword.setText(SetTextKeyword.groovy:66)&#xD;
	at com.kms.katalon.core.webui.keyword.builtin.SetTextKeyword.execute(SetTextKeyword.groovy:37)&#xD;
	at com.kms.katalon.core.keyword.internal.KeywordExecutor.executeKeywordForPlatform(KeywordExecutor.groovy:56)&#xD;
	at com.kms.katalon.core.webui.keyword.WebUiBuiltInKeywords.setText(WebUiBuiltInKeywords.groovy:936)&#xD;
	at com.kms.katalon.core.webui.keyword.WebUiBuiltInKeywords$setText$9.call(Unknown Source)&#xD;
	at Script1566567456589.run(Script1566567456589.groovy:241)&#xD;
	... 13 more&#xD;
)&#xD;
&#xD;
2019-08-27 15:17:35 - [MESSAGE][WARNING] - Unable to set text 'GG' of object 'Object Repository/Actpol_Scripts/Intake/Calltaker/Latitude' (Root cause: com.kms.katalon.core.exception.StepFailedException: Unable to set text 'GG' of object 'Object Repository/Actpol_Scripts/Intake/Calltaker/Latitude'&#xD;
	at com.kms.katalon.core.webui.keyword.internal.WebUIKeywordMain.stepFailed(WebUIKeywordMain.groovy:64)&#xD;
	at com.kms.katalon.core.webui.keyword.internal.WebUIKeywordMain.runKeyword(WebUIKeywordMain.groovy:26)&#xD;
	at com.kms.katalon.core.webui.keyword.builtin.SetTextKeyword.setText(SetTextKeyword.groovy:66)&#xD;
	at com.kms.katalon.core.webui.keyword.builtin.SetTextKeyword.execute(SetTextKeyword.groovy:37)&#xD;
	at com.kms.katalon.core.keyword.internal.KeywordExecutor.executeKeywordForPlatform(KeywordExecutor.groovy:56)&#xD;
	at com.kms.katalon.core.webui.keyword.WebUiBuiltInKeywords.setText(WebUiBuiltInKeywords.groovy:936)&#xD;
	at com.kms.katalon.core.webui.keyword.WebUiBuiltInKeywords$setText$9.call(Unknown Source)&#xD;
	at ACTPOL-552.run(ACTPOL-552:241)&#xD;
	at com.kms.katalon.core.main.ScriptEngine.run(ScriptEngine.java:194)&#xD;
	at com.kms.katalon.core.main.ScriptEngine.runScriptAsRawText(ScriptEngine.java:119)&#xD;
	at com.kms.katalon.core.main.TestCaseExecutor.runScript(TestCaseExecutor.java:337)&#xD;
	at com.kms.katalon.core.main.TestCaseExecutor.doExecute(TestCaseExecutor.java:328)&#xD;
	at com.kms.katalon.core.main.TestCaseExecutor.processExecutionPhase(TestCaseExecutor.java:307)&#xD;
	at com.kms.katalon.core.main.TestCaseExecutor.accessMainPhase(TestCaseExecutor.java:299)&#xD;
	at com.kms.katalon.core.main.TestCaseExecutor.execute(TestCaseExecutor.java:233)&#xD;
	at com.kms.katalon.core.main.TestSuiteExecutor.accessTestCaseMainPhase(TestSuiteExecutor.java:169)&#xD;
	at com.kms.katalon.core.main.TestSuiteExecutor.accessTestSuiteMainPhase(TestSuiteExecutor.java:142)&#xD;
	at com.kms.katalon.core.main.TestSuiteExecutor.execute(TestSuiteExecutor.java:91)&#xD;
	at com.kms.katalon.core.main.TestCaseMain.startTestSuite(TestCaseMain.java:157)&#xD;
	at com.kms.katalon.core.main.TestCaseMain$startTestSuite$0.call(Unknown Source)&#xD;
	at TempTestSuite1566899056586.run(TempTestSuite1566899056586.groovy:35)&#xD;
Caused by: org.openqa.selenium.ElementNotInteractableException: element not interactable
  (Session info: chrome=76.0.3809.100)
Build info: version: '3.141.59', revision: 'e82be7d358', time: '2018-11-14T08:25:53'
System info: host: 'NIVI-4', ip: '10.20.20.6', os.name: 'Windows 8.1', os.arch: 'amd64', os.version: '6.3', java.version: '1.8.0_181'
Driver info: com.kms.katalon.selenium.driver.CChromeDriver
Capabilities {acceptInsecureCerts: false, browserName: chrome, browserVersion: 76.0.3809.100, chrome: {chromedriverVersion: 76.0.3809.68 (420c9498db8ce..., userDataDir: C:\Users\user4\AppData\Loca...}, goog:chromeOptions: {debuggerAddress: localhost:52889}, javascriptEnabled: true, networkConnectionEnabled: false, pageLoadStrategy: normal, platform: XP, platformName: XP, proxy: Proxy(), setWindowRect: true, strictFileInteractability: false, timeouts: {implicit: 0, pageLoad: 300000, script: 30000}, unhandledPromptBehavior: dismiss and notify}
Session ID: ee0c0d0aa82c8b0230728a36a77423e3&#xD;
	at org.openqa.selenium.remote.http.W3CHttpResponseCodec.createException(W3CHttpResponseCodec.java:187)&#xD;
	at org.openqa.selenium.remote.http.W3CHttpResponseCodec.decode(W3CHttpResponseCodec.java:122)&#xD;
	at org.openqa.selenium.remote.http.W3CHttpResponseCodec.decode(W3CHttpResponseCodec.java:49)&#xD;
	at org.openqa.selenium.remote.HttpCommandExecutor.execute(HttpCommandExecutor.java:158)&#xD;
	at org.openqa.selenium.remote.service.DriverCommandExecutor.execute(DriverCommandExecutor.java:83)&#xD;
	at org.openqa.selenium.remote.RemoteWebDriver.execute(RemoteWebDriver.java:552)&#xD;
	at com.kms.katalon.selenium.driver.CChromeDriver.execute(CChromeDriver.java:20)&#xD;
	at org.openqa.selenium.remote.RemoteWebElement.execute(RemoteWebElement.java:285)&#xD;
	at org.openqa.selenium.remote.RemoteWebElement.clear(RemoteWebElement.java:124)&#xD;
	at com.kms.katalon.core.webui.keyword.builtin.SetTextKeyword$_setText_closure1.doCall(SetTextKeyword.groovy:53)&#xD;
	at com.kms.katalon.core.webui.keyword.builtin.SetTextKeyword$_setText_closure1.call(SetTextKeyword.groovy)&#xD;
	at com.kms.katalon.core.webui.keyword.internal.WebUIKeywordMain.runKeyword(WebUIKeywordMain.groovy:20)&#xD;
	at com.kms.katalon.core.webui.keyword.builtin.SetTextKeyword.setText(SetTextKeyword.groovy:66)&#xD;
	at com.kms.katalon.core.webui.keyword.builtin.SetTextKeyword.execute(SetTextKeyword.groovy:37)&#xD;
	at com.kms.katalon.core.keyword.internal.KeywordExecutor.executeKeywordForPlatform(KeywordExecutor.groovy:56)&#xD;
	at com.kms.katalon.core.webui.keyword.WebUiBuiltInKeywords.setText(WebUiBuiltInKeywords.groovy:936)&#xD;
	at com.kms.katalon.core.webui.keyword.WebUiBuiltInKeywords$setText$9.call(Unknown Source)&#xD;
	at Script1566567456589.run(Script1566567456589.groovy:241)&#xD;
	... 13 more&#xD;
)&#xD;
[[ATTACHMENT|C:\\Users\\user4\\git\\ACTPOL\\Reports\\20190827_151342\\Release 6.6\\ACTPOL-552\\20190827_151411\\1566899254931.png]]&#xD;
&#xD;
2019-08-27 15:17:35 - [TEST_STEP][PASSED] - click(findTestObject("Actpol_Scripts/Intake/Calltaker/ter hoogte van"), OPTIONAL): Object: 'Object Repository/Actpol_Scripts/Intake/Calltaker/ter hoogte van' is clicked on&#xD;
&#xD;
2019-08-27 15:17:36 - [MESSAGE][PASSED] - Object: 'Object Repository/Actpol_Scripts/Intake/Calltaker/ter hoogte van' is clicked on&#xD;
&#xD;
2019-08-27 15:17:36 - [TEST_STEP][PASSED] - setText(findTestObject("Actpol_Scripts/Intake/Calltaker/Nadere aanduiding"), "Testing"): Text 'Testing' is set on object 'Object Repository/Actpol_Scripts/Intake/Calltaker/Nadere aanduiding'&#xD;
&#xD;
2019-08-27 15:17:36 - [MESSAGE][PASSED] - Text 'Testing' is set on object 'Object Repository/Actpol_Scripts/Intake/Calltaker/Nadere aanduiding'&#xD;
&#xD;
2019-08-27 15:17:36 - [TEST_STEP][PASSED] - setText(findTestObject("Actpol_Scripts/Intake/Calltaker/Bekende plaats"), "a"): Text 'a' is set on object 'Object Repository/Actpol_Scripts/Intake/Calltaker/Bekende plaats'&#xD;
&#xD;
2019-08-27 15:17:36 - [MESSAGE][PASSED] - Text 'a' is set on object 'Object Repository/Actpol_Scripts/Intake/Calltaker/Bekende plaats'&#xD;
&#xD;
2019-08-27 15:17:36 - [TEST_STEP][PASSED] - delay(2): Delayed 2 second(s)&#xD;
&#xD;
2019-08-27 15:17:38 - [MESSAGE][PASSED] - Delayed 2 second(s)&#xD;
&#xD;
2019-08-27 15:17:38 - [TEST_STEP][PASSED] - click(findTestObject("Actpol_Scripts/Intake/Calltaker/Bekende plaats lb"), OPTIONAL): Object: 'Object Repository/Actpol_Scripts/Intake/Calltaker/Bekende plaats lb' is clicked on&#xD;
&#xD;
2019-08-27 15:17:39 - [MESSAGE][PASSED] - Object: 'Object Repository/Actpol_Scripts/Intake/Calltaker/Bekende plaats lb' is clicked on&#xD;
&#xD;
2019-08-27 15:17:39 - [TEST_STEP][PASSED] - setText(findTestObject("Actpol_Scripts/Intake/Calltaker/Incident"), "a"): Text 'a' is set on object 'Object Repository/Actpol_Scripts/Intake/Calltaker/Incident'&#xD;
&#xD;
2019-08-27 15:17:40 - [MESSAGE][PASSED] - Text 'a' is set on object 'Object Repository/Actpol_Scripts/Intake/Calltaker/Incident'&#xD;
&#xD;
2019-08-27 15:17:40 - [TEST_STEP][PASSED] - delay(2): Delayed 2 second(s)&#xD;
&#xD;
2019-08-27 15:17:42 - [MESSAGE][PASSED] - Delayed 2 second(s)&#xD;
&#xD;
2019-08-27 15:17:42 - [TEST_STEP][PASSED] - click(findTestObject("Actpol_Scripts/Intake/Calltaker/Incident lb")): Object: 'Object Repository/Actpol_Scripts/Intake/Calltaker/Incident lb' is clicked on&#xD;
&#xD;
2019-08-27 15:17:42 - [MESSAGE][PASSED] - Object: 'Object Repository/Actpol_Scripts/Intake/Calltaker/Incident lb' is clicked on&#xD;
&#xD;
2019-08-27 15:17:42 - [TEST_STEP][PASSED] - delay(1): Delayed 1 second(s)&#xD;
&#xD;
2019-08-27 15:17:43 - [MESSAGE][PASSED] - Delayed 1 second(s)&#xD;
&#xD;
2019-08-27 15:17:43 - [TEST_STEP][PASSED] - click(findTestObject("JIRA/A Relese 6.6/ACTPOL-552/Mensenhandel Mensensmokkel")): Object: 'Object Repository/JIRA/A Relese 6.6/ACTPOL-552/Mensenhandel Mensensmokkel' is clicked on&#xD;
&#xD;
2019-08-27 15:17:44 - [MESSAGE][PASSED] - Object: 'Object Repository/JIRA/A Relese 6.6/ACTPOL-552/Mensenhandel Mensensmokkel' is clicked on&#xD;
&#xD;
2019-08-27 15:17:44 - [TEST_STEP][PASSED] - delay(1): Delayed 1 second(s)&#xD;
&#xD;
2019-08-27 15:17:45 - [MESSAGE][PASSED] - Delayed 1 second(s)&#xD;
&#xD;
2019-08-27 15:17:45 - [TEST_STEP][PASSED] - click(findTestObject("Actpol_Scripts/Intake/Calltaker/Poging")): Object: 'Object Repository/Actpol_Scripts/Intake/Calltaker/Poging' is clicked on&#xD;
&#xD;
2019-08-27 15:17:46 - [MESSAGE][PASSED] - Object: 'Object Repository/Actpol_Scripts/Intake/Calltaker/Poging' is clicked on&#xD;
&#xD;
2019-08-27 15:17:46 - [TEST_STEP][PASSED] - delay(1): Delayed 1 second(s)&#xD;
&#xD;
2019-08-27 15:17:47 - [MESSAGE][PASSED] - Delayed 1 second(s)&#xD;
&#xD;
2019-08-27 15:17:47 - [TEST_STEP][PASSED] - selectOptionByValue(findTestObject("Actpol_Scripts/Intake/Calltaker/Melding Prioriteit"), "3", false): All options with value '3' are selected in object 'Object Repository/Actpol_Scripts/Intake/Calltaker/Melding Prioriteit' &#xD;
&#xD;
2019-08-27 15:17:48 - [MESSAGE][PASSED] - All options with value '3' are selected in object 'Object Repository/Actpol_Scripts/Intake/Calltaker/Melding Prioriteit' &#xD;
&#xD;
2019-08-27 15:17:48 - [TEST_STEP][PASSED] - delay(1, OPTIONAL): Delayed 1 second(s)&#xD;
&#xD;
2019-08-27 15:17:49 - [MESSAGE][PASSED] - Delayed 1 second(s)&#xD;
&#xD;
2019-08-27 15:17:49 - [TEST_STEP][PASSED] - click(findTestObject("Actpol_Scripts/Intake/Calltaker/Politie"), OPTIONAL): Object: 'Object Repository/Actpol_Scripts/Intake/Calltaker/Politie' is clicked on&#xD;
&#xD;
2019-08-27 15:17:50 - [MESSAGE][PASSED] - Object: 'Object Repository/Actpol_Scripts/Intake/Calltaker/Politie' is clicked on&#xD;
&#xD;
2019-08-27 15:17:50 - [TEST_STEP][PASSED] - delay(1): Delayed 1 second(s)&#xD;
&#xD;
2019-08-27 15:17:51 - [MESSAGE][PASSED] - Delayed 1 second(s)&#xD;
&#xD;
2019-08-27 15:17:51 - [TEST_STEP][PASSED] - click(findTestObject("Actpol_Scripts/Intake/Calltaker/Achternaam")): Object: 'Object Repository/Actpol_Scripts/Intake/Calltaker/Achternaam' is clicked on&#xD;
&#xD;
2019-08-27 15:17:54 - [MESSAGE][PASSED] - Object: 'Object Repository/Actpol_Scripts/Intake/Calltaker/Achternaam' is clicked on&#xD;
&#xD;
2019-08-27 15:17:54 - [TEST_STEP][PASSED] - delay(2): Delayed 2 second(s)&#xD;
&#xD;
2019-08-27 15:17:56 - [MESSAGE][PASSED] - Delayed 2 second(s)&#xD;
&#xD;
2019-08-27 15:17:56 - [TEST_STEP][PASSED] - click(findTestObject("Actpol_Scripts/Intake/Calltaker/Resultaat Personen bestand")): Object: 'Object Repository/Actpol_Scripts/Intake/Calltaker/Resultaat Personen bestand' is clicked on&#xD;
&#xD;
2019-08-27 15:17:56 - [MESSAGE][PASSED] - Object: 'Object Repository/Actpol_Scripts/Intake/Calltaker/Resultaat Personen bestand' is clicked on&#xD;
&#xD;
2019-08-27 15:17:56 - [TEST_STEP][PASSED] - setText(findTestObject("Actpol_Scripts/Intake/Calltaker/Mutatie"), "Testing"): Text 'Testing' is set on object 'Object Repository/Actpol_Scripts/Intake/Calltaker/Mutatie'&#xD;
&#xD;
2019-08-27 15:17:57 - [MESSAGE][PASSED] - Text 'Testing' is set on object 'Object Repository/Actpol_Scripts/Intake/Calltaker/Mutatie'&#xD;
&#xD;
2019-08-27 15:17:57 - [TEST_STEP][PASSED] - click(findTestObject("Actpol_Scripts/Intake/Calltaker/Intake Save")): Object: 'Object Repository/Actpol_Scripts/Intake/Calltaker/Intake Save' is clicked on&#xD;
&#xD;
2019-08-27 15:17:58 - [MESSAGE][PASSED] - Object: 'Object Repository/Actpol_Scripts/Intake/Calltaker/Intake Save' is clicked on&#xD;
&#xD;
2019-08-27 15:17:58 - [TEST_STEP][PASSED] - delay(5): Delayed 5 second(s)&#xD;
&#xD;
2019-08-27 15:18:03 - [MESSAGE][PASSED] - Delayed 5 second(s)&#xD;
&#xD;
2019-08-27 15:18:03 - [TEST_STEP][PASSED] - click(findTestObject("JIRA/A Relese 6.6/ACTPOL-552/Actieve Assistentie")): Object: 'Object Repository/JIRA/A Relese 6.6/ACTPOL-552/Actieve Assistentie' is clicked on&#xD;
&#xD;
2019-08-27 15:18:07 - [MESSAGE][PASSED] - Object: 'Object Repository/JIRA/A Relese 6.6/ACTPOL-552/Actieve Assistentie' is clicked on&#xD;
&#xD;
2019-08-27 15:18:07 - [TEST_STEP][PASSED] - delay(2): Delayed 2 second(s)&#xD;
&#xD;
2019-08-27 15:18:09 - [MESSAGE][PASSED] - Delayed 2 second(s)&#xD;
&#xD;
2019-08-27 15:18:09 - [TEST_STEP][PASSED] - Incidentnumber = getText(findTestObject("JIRA/A Relese 6.6/ACTPOL-552/Incident number")): Text of object 'Object Repository/JIRA/A Relese 6.6/ACTPOL-552/Incident number' is: '200601753'&#xD;
&#xD;
2019-08-27 15:18:10 - [MESSAGE][PASSED] - Text of object 'Object Repository/JIRA/A Relese 6.6/ACTPOL-552/Incident number' is: '200601753'&#xD;
&#xD;
2019-08-27 15:18:10 - [TEST_STEP][PASSED] - delay(1): Delayed 1 second(s)&#xD;
&#xD;
2019-08-27 15:18:11 - [MESSAGE][PASSED] - Delayed 1 second(s)&#xD;
&#xD;
2019-08-27 15:18:11 - [TEST_STEP][PASSED] - avi = getAttribute(findTestObject("JIRA/A Relese 6.6/ACTPOL-552/Adres van incident"), "value"): Attribute 'value' of object 'Object Repository/JIRA/A Relese 6.6/ACTPOL-552/Adres van incident' is: 'KAYA JACOB POSNER'&#xD;
&#xD;
2019-08-27 15:18:11 - [MESSAGE][PASSED] - Attribute 'value' of object 'Object Repository/JIRA/A Relese 6.6/ACTPOL-552/Adres van incident' is: 'KAYA JACOB POSNER'&#xD;
&#xD;
2019-08-27 15:18:11 - [TEST_STEP][PASSED] - delay(1): Delayed 1 second(s)&#xD;
&#xD;
2019-08-27 15:18:12 - [MESSAGE][PASSED] - Delayed 1 second(s)&#xD;
&#xD;
2019-08-27 15:18:12 - [TEST_STEP][PASSED] - avi1 = getAttribute(findTestObject("JIRA/A Relese 6.6/ACTPOL-552/Adres van Incident 1"), "value"): Attribute 'value' of object 'Object Repository/JIRA/A Relese 6.6/ACTPOL-552/Adres van Incident 1' is: 'NST 39'&#xD;
&#xD;
2019-08-27 15:18:13 - [MESSAGE][PASSED] - Attribute 'value' of object 'Object Repository/JIRA/A Relese 6.6/ACTPOL-552/Adres van Incident 1' is: 'NST 39'&#xD;
&#xD;
2019-08-27 15:18:13 - [TEST_STEP][PASSED] - delay(1): Delayed 1 second(s)&#xD;
&#xD;
2019-08-27 15:18:14 - [MESSAGE][PASSED] - Delayed 1 second(s)&#xD;
&#xD;
2019-08-27 15:18:14 - [TEST_STEP][PASSED] - Incidentca = getText(findTestObject("JIRA/A Relese 6.6/ACTPOL-552/Incident calltaker")): Text of object 'Object Repository/JIRA/A Relese 6.6/ACTPOL-552/Incident calltaker' is: 'AANGIFTE OPNEMEN/OPSCHRIJVEN'&#xD;
&#xD;
2019-08-27 15:18:15 - [MESSAGE][PASSED] - Text of object 'Object Repository/JIRA/A Relese 6.6/ACTPOL-552/Incident calltaker' is: 'AANGIFTE OPNEMEN/OPSCHRIJVEN'&#xD;
&#xD;
2019-08-27 15:18:15 - [TEST_STEP][PASSED] - delay(1): Delayed 1 second(s)&#xD;
&#xD;
2019-08-27 15:18:16 - [MESSAGE][PASSED] - Delayed 1 second(s)&#xD;
&#xD;
2019-08-27 15:18:16 - [TEST_STEP][PASSED] - DatumMeldingca = getText(findTestObject("JIRA/A Relese 6.6/ACTPOL-552/Datum Meldingca")): Text of object 'Object Repository/JIRA/A Relese 6.6/ACTPOL-552/Datum Meldingca' is: '27/08/2019'&#xD;
&#xD;
2019-08-27 15:18:17 - [MESSAGE][PASSED] - Text of object 'Object Repository/JIRA/A Relese 6.6/ACTPOL-552/Datum Meldingca' is: '27/08/2019'&#xD;
&#xD;
2019-08-27 15:18:17 - [TEST_STEP][PASSED] - delay(1): Delayed 1 second(s)&#xD;
&#xD;
2019-08-27 15:18:18 - [MESSAGE][PASSED] - Delayed 1 second(s)&#xD;
&#xD;
2019-08-27 15:18:18 - [TEST_STEP][PASSED] - TijdMeldingca = getText(findTestObject("JIRA/A Relese 6.6/ACTPOL-552/Tijd Melding ca")): Text of object 'Object Repository/JIRA/A Relese 6.6/ACTPOL-552/Tijd Melding ca' is: '05.47.55'&#xD;
&#xD;
2019-08-27 15:18:18 - [MESSAGE][PASSED] - Text of object 'Object Repository/JIRA/A Relese 6.6/ACTPOL-552/Tijd Melding ca' is: '05.47.55'&#xD;
&#xD;
2019-08-27 15:18:19 - [TEST_STEP][PASSED] - delay(1): Delayed 1 second(s)&#xD;
&#xD;
2019-08-27 15:18:20 - [MESSAGE][PASSED] - Delayed 1 second(s)&#xD;
&#xD;
2019-08-27 15:18:20 - [TEST_STEP][PASSED] - Aangewezenaan1 = getText(findTestObject("JIRA/A Relese 6.6/ACTPOL-552/Aangewezen aanca")): Text of object 'Object Repository/JIRA/A Relese 6.6/ACTPOL-552/Aangewezen aanca' is: 'WIJKTEAM PUNDA'&#xD;
&#xD;
2019-08-27 15:18:20 - [MESSAGE][PASSED] - Text of object 'Object Repository/JIRA/A Relese 6.6/ACTPOL-552/Aangewezen aanca' is: 'WIJKTEAM PUNDA'&#xD;
&#xD;
2019-08-27 15:18:20 - [TEST_STEP][PASSED] - delay(1): Delayed 1 second(s)&#xD;
&#xD;
2019-08-27 15:18:21 - [MESSAGE][PASSED] - Delayed 1 second(s)&#xD;
&#xD;
2019-08-27 15:18:21 - [TEST_STEP][PASSED] - log1 = new com.kms.katalon.core.logging.KeywordLogger(): null&#xD;
&#xD;
2019-08-27 15:18:21 - [TEST_STEP][PASSED] - log1.logInfo("Assistentie number is : " + Incidentnumber): Assistentie number is : 200601753&#xD;
&#xD;
2019-08-27 15:18:21 - [MESSAGE][INFO] - Assistentie number is : 200601753&#xD;
&#xD;
2019-08-27 15:18:21 - [TEST_STEP][PASSED] - log1.logInfo("Adres van incident : " + avi): Adres van incident : KAYA JACOB POSNER&#xD;
&#xD;
2019-08-27 15:18:21 - [MESSAGE][INFO] - Adres van incident : KAYA JACOB POSNER&#xD;
&#xD;
2019-08-27 15:18:21 - [TEST_STEP][PASSED] - log1.logInfo("Adres #van incident : " + avi1): Adres #van incident : NST 39&#xD;
&#xD;
2019-08-27 15:18:21 - [MESSAGE][INFO] - Adres #van incident : NST 39&#xD;
&#xD;
2019-08-27 15:18:21 - [TEST_STEP][PASSED] - log1.logInfo("Incident is: " + Incidentca): Incident is: AANGIFTE OPNEMEN/OPSCHRIJVEN&#xD;
&#xD;
2019-08-27 15:18:21 - [MESSAGE][INFO] - Incident is: AANGIFTE OPNEMEN/OPSCHRIJVEN&#xD;
&#xD;
2019-08-27 15:18:21 - [TEST_STEP][PASSED] - log1.logInfo("Datum Melding is : " + DatumMeldingca): Datum Melding is : 27/08/2019&#xD;
&#xD;
2019-08-27 15:18:21 - [MESSAGE][INFO] - Datum Melding is : 27/08/2019&#xD;
&#xD;
2019-08-27 15:18:21 - [TEST_STEP][PASSED] - log1.logInfo("Tijd Melding is : " + TijdMeldingca): Tijd Melding is : 05.47.55&#xD;
&#xD;
2019-08-27 15:18:21 - [MESSAGE][INFO] - Tijd Melding is : 05.47.55&#xD;
&#xD;
2019-08-27 15:18:21 - [TEST_STEP][PASSED] - log1.logInfo("Tijd Melding is : " + Aangewezenaan1): Tijd Melding is : WIJKTEAM PUNDA&#xD;
&#xD;
2019-08-27 15:18:21 - [MESSAGE][INFO] - Tijd Melding is : WIJKTEAM PUNDA&#xD;
&#xD;
2019-08-27 15:18:21 - [TEST_STEP][PASSED] - test1 = concatenate("
", "Incident number:" + Incidentnumber, "
", "Adres van incident:" + avi, "
", "Adres # van incident:" + avi1, "
", "Incident:" + Incidentca, "
", "Datum Melding:" + DatumMeldingca, "
", "Tijd Melding:" + TijdMeldingca, "
", "Aangewezen aan:" + Aangewezenaan1): Concatenated string array: '['
','Incident number:200601753','
','Adres van incident:KAYA JACOB POSNER','
','Adres # van incident:NST 39','
','Incident:AANGIFTE OPNEMEN/OPSCHRIJVEN','
','Datum Melding:27/08/2019','
','Tijd Melding:05.47.55','
','Aangewezen aan:WIJKTEAM PUNDA']' into '
Incident number:200601753
Adres van incident:KAYA JACOB POSNER
Adres # van incident:NST 39
Incident:AANGIFTE OPNEMEN/OPSCHRIJVEN
Datum Melding:27/08/2019
Tijd Melding:05.47.55
Aangewezen aan:WIJKTEAM PUNDA'&#xD;
&#xD;
2019-08-27 15:18:21 - [MESSAGE][PASSED] - Concatenated string array: '['
','Incident number:200601753','
','Adres van incident:KAYA JACOB POSNER','
','Adres # van incident:NST 39','
','Incident:AANGIFTE OPNEMEN/OPSCHRIJVEN','
','Datum Melding:27/08/2019','
','Tijd Melding:05.47.55','
','Aangewezen aan:WIJKTEAM PUNDA']' into '
Incident number:200601753
Adres van incident:KAYA JACOB POSNER
Adres # van incident:NST 39
Incident:AANGIFTE OPNEMEN/OPSCHRIJVEN
Datum Melding:27/08/2019
Tijd Melding:05.47.55
Aangewezen aan:WIJKTEAM PUNDA'&#xD;
&#xD;
2019-08-27 15:18:21 - [TEST_STEP][PASSED] - println(test1): null&#xD;
&#xD;
2019-08-27 15:18:23 - [TEST_STEP][PASSED] - log1.logInfo(test1): 
Incident number:200601753
Adres van incident:KAYA JACOB POSNER
Adres # van incident:NST 39
Incident:AANGIFTE OPNEMEN/OPSCHRIJVEN
Datum Melding:27/08/2019
Tijd Melding:05.47.55
Aangewezen aan:WIJKTEAM PUNDA&#xD;
&#xD;
2019-08-27 15:18:23 - [MESSAGE][INFO] - 
Incident number:200601753
Adres van incident:KAYA JACOB POSNER
Adres # van incident:NST 39
Incident:AANGIFTE OPNEMEN/OPSCHRIJVEN
Datum Melding:27/08/2019
Tijd Melding:05.47.55
Aangewezen aan:WIJKTEAM PUNDA&#xD;
&#xD;
2019-08-27 15:18:23 - [TEST_STEP][PASSED] - delay(2): Delayed 2 second(s)&#xD;
&#xD;
2019-08-27 15:18:25 - [MESSAGE][PASSED] - Delayed 2 second(s)&#xD;
&#xD;
2019-08-27 15:18:25 - [TEST_STEP][PASSED] - mouseOver(findTestObject("Actpol_Scripts/Menu navigation/Generiek/Generiek")): Object: 'Object Repository/Actpol_Scripts/Menu navigation/Generiek/Generiek' is hovered&#xD;
&#xD;
2019-08-27 15:18:26 - [MESSAGE][PASSED] - Object: 'Object Repository/Actpol_Scripts/Menu navigation/Generiek/Generiek' is hovered&#xD;
&#xD;
2019-08-27 15:18:26 - [TEST_STEP][PASSED] - delay(2): Delayed 2 second(s)&#xD;
&#xD;
2019-08-27 15:18:28 - [MESSAGE][PASSED] - Delayed 2 second(s)&#xD;
&#xD;
2019-08-27 15:18:28 - [TEST_STEP][PASSED] - click(findTestObject("Actpol_Scripts/Menu navigation/Generiek/Melding")): Object: 'Object Repository/Actpol_Scripts/Menu navigation/Generiek/Melding' is clicked on&#xD;
&#xD;
2019-08-27 15:18:30 - [MESSAGE][PASSED] - Object: 'Object Repository/Actpol_Scripts/Menu navigation/Generiek/Melding' is clicked on&#xD;
&#xD;
2019-08-27 15:18:30 - [TEST_STEP][PASSED] - delay(2): Delayed 2 second(s)&#xD;
&#xD;
2019-08-27 15:18:32 - [MESSAGE][PASSED] - Delayed 2 second(s)&#xD;
&#xD;
2019-08-27 15:18:32 - [TEST_STEP][PASSED] - click(findTestObject("JIRA/A Relese 6.6/ACTPOL-552/medlding view default first selected")): Object: 'Object Repository/JIRA/A Relese 6.6/ACTPOL-552/medlding view default first selected' is clicked on&#xD;
&#xD;
2019-08-27 15:18:33 - [MESSAGE][PASSED] - Object: 'Object Repository/JIRA/A Relese 6.6/ACTPOL-552/medlding view default first selected' is clicked on&#xD;
&#xD;
2019-08-27 15:18:33 - [TEST_STEP][PASSED] - delay(2): Delayed 2 second(s)&#xD;
&#xD;
2019-08-27 15:18:35 - [MESSAGE][PASSED] - Delayed 2 second(s)&#xD;
&#xD;
2019-08-27 15:18:35 - [TEST_STEP][PASSED] - Omschrijving = getText(findTestObject("JIRA/A Relese 6.6/ACTPOL-552/Omschrijving")): Text of object 'Object Repository/JIRA/A Relese 6.6/ACTPOL-552/Omschrijving' is: 'Incident number:200601753
Adres van incident:948
Adres # van incident:NST 39
Incident:1027
Datum Melding:2019-08-27
Tijd Melding:05.47.55
Aangewezen aan:5
Mutatie:Testing'&#xD;
&#xD;
2019-08-27 15:18:36 - [MESSAGE][PASSED] - Text of object 'Object Repository/JIRA/A Relese 6.6/ACTPOL-552/Omschrijving' is: 'Incident number:200601753
Adres van incident:948
Adres # van incident:NST 39
Incident:1027
Datum Melding:2019-08-27
Tijd Melding:05.47.55
Aangewezen aan:5
Mutatie:Testing'&#xD;
&#xD;
2019-08-27 15:18:36 - [TEST_STEP][PASSED] - println(Omschrijving): null&#xD;
&#xD;
2019-08-27 15:18:36 - [TEST_STEP][PASSED] - if (test1 == Omschrijving): null&#xD;
&#xD;
2019-08-27 15:18:36 - [TEST_STEP][PASSED] - else: Calltaker and melding both are not match&#xD;
&#xD;
2019-08-27 15:18:36 - [TEST_STEP][PASSED] - println("Calltaker and melding both are not match"): null&#xD;
&#xD;
2019-08-27 15:18:36 - [TEST_STEP][PASSED] - log1.logInfo("Calltaker and melding both are not match"): Calltaker and melding both are not match&#xD;
&#xD;
2019-08-27 15:18:36 - [MESSAGE][INFO] - Calltaker and melding both are not match&#xD;
&#xD;
2019-08-27 15:18:36 - [TEST_STEP][PASSED] - s = DatumMeldingca: null&#xD;
&#xD;
2019-08-27 15:18:36 - [TEST_STEP][PASSED] - len = s.length(): null&#xD;
&#xD;
2019-08-27 15:18:36 - [TEST_STEP][PASSED] - rev = "": null&#xD;
&#xD;
2019-08-27 15:18:36 - [TEST_STEP][PASSED] - for ([i = len - 1, i &gt;= 0, (i--)]): null&#xD;
&#xD;
2019-08-27 15:18:36 - [TEST_STEP][PASSED] - rev = rev + s.charAt(i): null&#xD;
&#xD;
2019-08-27 15:18:36 - [TEST_STEP][PASSED] - rev = rev + s.charAt(i): null&#xD;
&#xD;
2019-08-27 15:18:36 - [TEST_STEP][PASSED] - rev = rev + s.charAt(i): null&#xD;
&#xD;
2019-08-27 15:18:36 - [TEST_STEP][PASSED] - rev = rev + s.charAt(i): null&#xD;
&#xD;
2019-08-27 15:18:36 - [TEST_STEP][PASSED] - rev = rev + s.charAt(i): null&#xD;
&#xD;
2019-08-27 15:18:36 - [TEST_STEP][PASSED] - rev = rev + s.charAt(i): null&#xD;
&#xD;
2019-08-27 15:18:36 - [TEST_STEP][PASSED] - rev = rev + s.charAt(i): null&#xD;
&#xD;
2019-08-27 15:18:36 - [TEST_STEP][PASSED] - rev = rev + s.charAt(i): null&#xD;
&#xD;
2019-08-27 15:18:36 - [TEST_STEP][PASSED] - rev = rev + s.charAt(i): null&#xD;
&#xD;
2019-08-27 15:18:36 - [TEST_STEP][PASSED] - rev = rev + s.charAt(i): null&#xD;
&#xD;
2019-08-27 15:18:36 - [TEST_STEP][PASSED] - println(rev): null</system-out>
            <system-err></system-err>
        </testcase>
        <system-out>2019-08-27 15:14:24 - [TEST_SUITE][INCOMPLETE] - ACTPOL-552: null</system-out>
        <system-err>2019-08-27 15:14:24 - [TEST_SUITE][INCOMPLETE] - ACTPOL-552: null</system-err>
    </testsuite>
</testsuites>
